2015-04-10T00:00:04+00:00 DEBUG (7): Hitting API sessionId cache for token: 5A08D193-7EA0-4893-835E-6D2C6845EFEA
2015-04-10T00:15:03+00:00 DEBUG (7): Hitting API sessionId cache for token: 5A08D193-7EA0-4893-835E-6D2C6845EFEA
2015-04-10T00:30:03+00:00 DEBUG (7): Hitting API sessionId cache for token: 5A08D193-7EA0-4893-835E-6D2C6845EFEA
2015-04-10T00:50:02+00:00 DEBUG (7): Hitting API sessionId cache for token: 5A08D193-7EA0-4893-835E-6D2C6845EFEA
2015-04-10T01:00:03+00:00 DEBUG (7): Hitting API sessionId cache for token: 5A08D193-7EA0-4893-835E-6D2C6845EFEA
2015-04-10T01:15:03+00:00 DEBUG (7): Hitting API sessionId cache for token: 5A08D193-7EA0-4893-835E-6D2C6845EFEA
2015-04-10T01:30:03+00:00 DEBUG (7): Hitting API sessionId cache for token: 5A08D193-7EA0-4893-835E-6D2C6845EFEA
2015-04-10T01:45:06+00:00 DEBUG (7): Hitting API sessionId cache for token: 5A08D193-7EA0-4893-835E-6D2C6845EFEA
2015-04-10T02:00:03+00:00 DEBUG (7): Hitting API sessionId cache for token: 5A08D193-7EA0-4893-835E-6D2C6845EFEA
2015-04-10T02:15:03+00:00 DEBUG (7): Hitting API sessionId cache for token: 5A08D193-7EA0-4893-835E-6D2C6845EFEA
2015-04-10T02:30:03+00:00 DEBUG (7): Hitting API sessionId cache for token: 5A08D193-7EA0-4893-835E-6D2C6845EFEA
2015-04-10T02:45:03+00:00 DEBUG (7): Hitting API sessionId cache for token: 5A08D193-7EA0-4893-835E-6D2C6845EFEA
2015-04-10T03:05:02+00:00 DEBUG (7): Hitting API sessionId cache for token: 5A08D193-7EA0-4893-835E-6D2C6845EFEA
2015-04-10T03:15:03+00:00 DEBUG (7): Hitting API sessionId cache for token: 5A08D193-7EA0-4893-835E-6D2C6845EFEA
2015-04-10T03:30:03+00:00 DEBUG (7): Hitting API sessionId cache for token: 5A08D193-7EA0-4893-835E-6D2C6845EFEA
2015-04-10T03:45:03+00:00 DEBUG (7): Hitting API sessionId cache for token: 5A08D193-7EA0-4893-835E-6D2C6845EFEA
2015-04-10T04:00:03+00:00 DEBUG (7): Hitting API sessionId cache for token: 5A08D193-7EA0-4893-835E-6D2C6845EFEA
2015-04-10T04:15:03+00:00 DEBUG (7): Hitting API sessionId cache for token: 5A08D193-7EA0-4893-835E-6D2C6845EFEA
2015-04-10T04:30:03+00:00 DEBUG (7): Hitting API sessionId cache for token: 5A08D193-7EA0-4893-835E-6D2C6845EFEA
2015-04-10T04:45:03+00:00 DEBUG (7): Hitting API sessionId cache for token: 5A08D193-7EA0-4893-835E-6D2C6845EFEA
2015-04-10T05:00:03+00:00 DEBUG (7): Hitting API sessionId cache for token: 5A08D193-7EA0-4893-835E-6D2C6845EFEA
2015-04-10T05:15:03+00:00 DEBUG (7): Hitting API sessionId cache for token: 5A08D193-7EA0-4893-835E-6D2C6845EFEA
2015-04-10T05:30:03+00:00 DEBUG (7): Hitting API sessionId cache for token: 5A08D193-7EA0-4893-835E-6D2C6845EFEA
2015-04-10T05:45:02+00:00 DEBUG (7): Hitting API sessionId cache for token: 5A08D193-7EA0-4893-835E-6D2C6845EFEA
2015-04-10T06:00:02+00:00 DEBUG (7): Hitting API sessionId cache for token: 5A08D193-7EA0-4893-835E-6D2C6845EFEA
2015-04-10T06:15:03+00:00 DEBUG (7): Hitting API sessionId cache for token: 5A08D193-7EA0-4893-835E-6D2C6845EFEA
2015-04-10T06:30:03+00:00 DEBUG (7): Hitting API sessionId cache for token: 5A08D193-7EA0-4893-835E-6D2C6845EFEA
2015-04-10T06:45:03+00:00 DEBUG (7): Hitting API sessionId cache for token: 5A08D193-7EA0-4893-835E-6D2C6845EFEA
2015-04-10T07:05:10+00:00 DEBUG (7): Hitting API sessionId cache for token: 5A08D193-7EA0-4893-835E-6D2C6845EFEA
2015-04-10T07:05:10+00:00 DEBUG (7): Session ID expired for token: 5A08D193-7EA0-4893-835E-6D2C6845EFEA
2015-04-10T07:05:10+00:00 DEBUG (7): Initiating API for token: 5A08D193-7EA0-4893-835E-6D2C6845EFEA
2015-04-10T07:15:02+00:00 DEBUG (7): Hitting API sessionId cache for token: 5A08D193-7EA0-4893-835E-6D2C6845EFEA
2015-04-10T07:30:03+00:00 DEBUG (7): Hitting API sessionId cache for token: 5A08D193-7EA0-4893-835E-6D2C6845EFEA
2015-04-10T07:45:03+00:00 DEBUG (7): Hitting API sessionId cache for token: 5A08D193-7EA0-4893-835E-6D2C6845EFEA
2015-04-10T08:00:31+00:00 DEBUG (7): Hitting API sessionId cache for token: 5A08D193-7EA0-4893-835E-6D2C6845EFEA
2015-04-10T08:15:02+00:00 DEBUG (7): Hitting API sessionId cache for token: 5A08D193-7EA0-4893-835E-6D2C6845EFEA
2015-04-10T08:30:03+00:00 DEBUG (7): Hitting API sessionId cache for token: 5A08D193-7EA0-4893-835E-6D2C6845EFEA
2015-04-10T08:45:03+00:00 DEBUG (7): Hitting API sessionId cache for token: 5A08D193-7EA0-4893-835E-6D2C6845EFEA
2015-04-10T09:00:08+00:00 DEBUG (7): Hitting API sessionId cache for token: 5A08D193-7EA0-4893-835E-6D2C6845EFEA
2015-04-10T09:15:03+00:00 DEBUG (7): Hitting API sessionId cache for token: 5A08D193-7EA0-4893-835E-6D2C6845EFEA
2015-04-10T09:35:03+00:00 DEBUG (7): Hitting API sessionId cache for token: 5A08D193-7EA0-4893-835E-6D2C6845EFEA
2015-04-10T09:45:03+00:00 DEBUG (7): Hitting API sessionId cache for token: 5A08D193-7EA0-4893-835E-6D2C6845EFEA
2015-04-10T10:00:03+00:00 DEBUG (7): Hitting API sessionId cache for token: 5A08D193-7EA0-4893-835E-6D2C6845EFEA
2015-04-10T10:15:03+00:00 DEBUG (7): Hitting API sessionId cache for token: 5A08D193-7EA0-4893-835E-6D2C6845EFEA
2015-04-10T10:30:03+00:00 DEBUG (7): Hitting API sessionId cache for token: 5A08D193-7EA0-4893-835E-6D2C6845EFEA
2015-04-10T10:45:03+00:00 DEBUG (7): Hitting API sessionId cache for token: 5A08D193-7EA0-4893-835E-6D2C6845EFEA
2015-04-10T11:00:03+00:00 DEBUG (7): Hitting API sessionId cache for token: 5A08D193-7EA0-4893-835E-6D2C6845EFEA
2015-04-10T11:15:03+00:00 DEBUG (7): Hitting API sessionId cache for token: 5A08D193-7EA0-4893-835E-6D2C6845EFEA
2015-04-10T11:30:03+00:00 DEBUG (7): Hitting API sessionId cache for token: 5A08D193-7EA0-4893-835E-6D2C6845EFEA
2015-04-10T11:45:03+00:00 DEBUG (7): Hitting API sessionId cache for token: 5A08D193-7EA0-4893-835E-6D2C6845EFEA
2015-04-10T12:00:06+00:00 DEBUG (7): Hitting API sessionId cache for token: 5A08D193-7EA0-4893-835E-6D2C6845EFEA
2015-04-10T12:15:04+00:00 DEBUG (7): Hitting API sessionId cache for token: 5A08D193-7EA0-4893-835E-6D2C6845EFEA
2015-04-10T12:30:04+00:00 DEBUG (7): Hitting API sessionId cache for token: 5A08D193-7EA0-4893-835E-6D2C6845EFEA
2015-04-10T12:45:03+00:00 DEBUG (7): Hitting API sessionId cache for token: 5A08D193-7EA0-4893-835E-6D2C6845EFEA
2015-04-10T13:00:03+00:00 DEBUG (7): Hitting API sessionId cache for token: 5A08D193-7EA0-4893-835E-6D2C6845EFEA
2015-04-10T13:20:03+00:00 DEBUG (7): Hitting API sessionId cache for token: 5A08D193-7EA0-4893-835E-6D2C6845EFEA
2015-04-10T13:30:03+00:00 DEBUG (7): Hitting API sessionId cache for token: 5A08D193-7EA0-4893-835E-6D2C6845EFEA
2015-04-10T13:45:04+00:00 DEBUG (7): Hitting API sessionId cache for token: 5A08D193-7EA0-4893-835E-6D2C6845EFEA
2015-04-10T14:00:03+00:00 DEBUG (7): Hitting API sessionId cache for token: 5A08D193-7EA0-4893-835E-6D2C6845EFEA
2015-04-10T14:15:03+00:00 DEBUG (7): Hitting API sessionId cache for token: 5A08D193-7EA0-4893-835E-6D2C6845EFEA
2015-04-10T14:30:04+00:00 DEBUG (7): Hitting API sessionId cache for token: 5A08D193-7EA0-4893-835E-6D2C6845EFEA
2015-04-10T14:45:03+00:00 DEBUG (7): Hitting API sessionId cache for token: 5A08D193-7EA0-4893-835E-6D2C6845EFEA
2015-04-10T15:00:03+00:00 DEBUG (7): Hitting API sessionId cache for token: 5A08D193-7EA0-4893-835E-6D2C6845EFEA
2015-04-10T15:15:03+00:00 DEBUG (7): Hitting API sessionId cache for token: 5A08D193-7EA0-4893-835E-6D2C6845EFEA
2015-04-10T15:35:06+00:00 DEBUG (7): Hitting API sessionId cache for token: 5A08D193-7EA0-4893-835E-6D2C6845EFEA
2015-04-10T15:35:06+00:00 DEBUG (7): Session ID expired for token: 5A08D193-7EA0-4893-835E-6D2C6845EFEA
2015-04-10T15:35:09+00:00 DEBUG (7): Initiating API for token: 5A08D193-7EA0-4893-835E-6D2C6845EFEA
2015-04-10T15:45:04+00:00 DEBUG (7): Hitting API sessionId cache for token: 5A08D193-7EA0-4893-835E-6D2C6845EFEA
2015-04-10T16:00:03+00:00 DEBUG (7): Hitting API sessionId cache for token: 5A08D193-7EA0-4893-835E-6D2C6845EFEA
2015-04-10T16:15:04+00:00 DEBUG (7): Hitting API sessionId cache for token: 5A08D193-7EA0-4893-835E-6D2C6845EFEA
2015-04-10T16:30:03+00:00 DEBUG (7): Hitting API sessionId cache for token: 5A08D193-7EA0-4893-835E-6D2C6845EFEA
2015-04-10T16:45:03+00:00 DEBUG (7): Hitting API sessionId cache for token: 5A08D193-7EA0-4893-835E-6D2C6845EFEA
2015-04-10T17:00:04+00:00 DEBUG (7): Hitting API sessionId cache for token: 5A08D193-7EA0-4893-835E-6D2C6845EFEA
2015-04-10T17:15:03+00:00 DEBUG (7): Hitting API sessionId cache for token: 5A08D193-7EA0-4893-835E-6D2C6845EFEA
2015-04-10T17:30:03+00:00 DEBUG (7): Hitting API sessionId cache for token: 5A08D193-7EA0-4893-835E-6D2C6845EFEA
2015-04-10T17:45:04+00:00 DEBUG (7): Hitting API sessionId cache for token: 5A08D193-7EA0-4893-835E-6D2C6845EFEA
2015-04-10T18:00:03+00:00 DEBUG (7): Hitting API sessionId cache for token: 5A08D193-7EA0-4893-835E-6D2C6845EFEA
2015-04-10T18:15:03+00:00 DEBUG (7): Hitting API sessionId cache for token: 5A08D193-7EA0-4893-835E-6D2C6845EFEA
2015-04-10T18:35:04+00:00 DEBUG (7): Hitting API sessionId cache for token: 5A08D193-7EA0-4893-835E-6D2C6845EFEA
2015-04-10T18:45:04+00:00 DEBUG (7): Hitting API sessionId cache for token: 5A08D193-7EA0-4893-835E-6D2C6845EFEA
2015-04-10T19:00:03+00:00 DEBUG (7): Hitting API sessionId cache for token: 5A08D193-7EA0-4893-835E-6D2C6845EFEA
2015-04-10T19:15:03+00:00 DEBUG (7): Hitting API sessionId cache for token: 5A08D193-7EA0-4893-835E-6D2C6845EFEA
2015-04-10T19:30:03+00:00 DEBUG (7): Hitting API sessionId cache for token: 5A08D193-7EA0-4893-835E-6D2C6845EFEA
2015-04-10T19:45:04+00:00 DEBUG (7): Hitting API sessionId cache for token: 5A08D193-7EA0-4893-835E-6D2C6845EFEA
2015-04-10T20:00:04+00:00 DEBUG (7): Hitting API sessionId cache for token: 5A08D193-7EA0-4893-835E-6D2C6845EFEA
2015-04-10T20:15:03+00:00 DEBUG (7): Hitting API sessionId cache for token: 5A08D193-7EA0-4893-835E-6D2C6845EFEA
2015-04-10T20:30:03+00:00 DEBUG (7): Hitting API sessionId cache for token: 5A08D193-7EA0-4893-835E-6D2C6845EFEA
2015-04-10T20:45:03+00:00 DEBUG (7): Hitting API sessionId cache for token: 5A08D193-7EA0-4893-835E-6D2C6845EFEA
2015-04-10T21:00:04+00:00 DEBUG (7): Hitting API sessionId cache for token: 5A08D193-7EA0-4893-835E-6D2C6845EFEA
2015-04-10T21:15:03+00:00 DEBUG (7): Hitting API sessionId cache for token: 5A08D193-7EA0-4893-835E-6D2C6845EFEA
2015-04-10T21:35:19+00:00 DEBUG (7): Hitting API sessionId cache for token: 5A08D193-7EA0-4893-835E-6D2C6845EFEA
2015-04-10T21:35:19+00:00 DEBUG (7): Session ID expired for token: 5A08D193-7EA0-4893-835E-6D2C6845EFEA
2015-04-10T21:35:20+00:00 DEBUG (7): Initiating API for token: 5A08D193-7EA0-4893-835E-6D2C6845EFEA
2015-04-10T21:45:03+00:00 DEBUG (7): Hitting API sessionId cache for token: 5A08D193-7EA0-4893-835E-6D2C6845EFEA
2015-04-10T22:00:03+00:00 DEBUG (7): Hitting API sessionId cache for token: 5A08D193-7EA0-4893-835E-6D2C6845EFEA
2015-04-10T22:15:03+00:00 DEBUG (7): Hitting API sessionId cache for token: 5A08D193-7EA0-4893-835E-6D2C6845EFEA
2015-04-10T22:30:04+00:00 DEBUG (7): Hitting API sessionId cache for token: 5A08D193-7EA0-4893-835E-6D2C6845EFEA
2015-04-10T22:45:04+00:00 DEBUG (7): Hitting API sessionId cache for token: 5A08D193-7EA0-4893-835E-6D2C6845EFEA
2015-04-10T23:00:03+00:00 DEBUG (7): Hitting API sessionId cache for token: 5A08D193-7EA0-4893-835E-6D2C6845EFEA
2015-04-10T23:15:04+00:00 DEBUG (7): Hitting API sessionId cache for token: 5A08D193-7EA0-4893-835E-6D2C6845EFEA
2015-04-10T23:30:03+00:00 DEBUG (7): Hitting API sessionId cache for token: 5A08D193-7EA0-4893-835E-6D2C6845EFEA
2015-04-10T23:30:03+00:00 DEBUG (7): '<?xml version="1.0" encoding="UTF-8"?>
<SOAP-ENV:Envelope xmlns:SOAP-ENV="http://schemas.xmlsoap.org/soap/envelope/" xmlns:ns1="http://api.bronto.com/v4"><SOAP-ENV:Header><ns1:sessionHeader><sessionId>6944614f-a2a1-4f30-bd1f-3e4fadb9f50a</sessionId></ns1:sessionHeader></SOAP-ENV:Header><SOAP-ENV:Body><ns1:addOrUpdateContacts><contacts><email>r.alhamed@live.con</email><status>active</status><source>api</source><listIds>0bce03ec000000000000000000000005e201</listIds></contacts></ns1:addOrUpdateContacts></SOAP-ENV:Body></SOAP-ENV:Envelope>
'
2015-04-10T23:30:03+00:00 DEBUG (7): '<soap:Envelope xmlns:soap="http://schemas.xmlsoap.org/soap/envelope/"><soap:Body><ns2:addOrUpdateContactsResponse xmlns:ns2="http://api.bronto.com/v4"><return><errors>0</errors><results><isError>true</isError><errorCode>303</errorCode><errorString>Invalid email address: r.alhamed@live.con</errorString></results></return></ns2:addOrUpdateContactsResponse></soap:Body></soap:Envelope>'
2015-04-10T23:45:03+00:00 DEBUG (7): Hitting API sessionId cache for token: 5A08D193-7EA0-4893-835E-6D2C6845EFEA
