2015-03-26T00:00:03+00:00 DEBUG (7): Hitting API sessionId cache for token: 5A08D193-7EA0-4893-835E-6D2C6845EFEA
2015-03-26T00:15:03+00:00 DEBUG (7): Hitting API sessionId cache for token: 5A08D193-7EA0-4893-835E-6D2C6845EFEA
2015-03-26T00:30:03+00:00 DEBUG (7): Hitting API sessionId cache for token: 5A08D193-7EA0-4893-835E-6D2C6845EFEA
2015-03-26T00:45:04+00:00 DEBUG (7): Hitting API sessionId cache for token: 5A08D193-7EA0-4893-835E-6D2C6845EFEA
2015-03-26T01:00:03+00:00 DEBUG (7): Hitting API sessionId cache for token: 5A08D193-7EA0-4893-835E-6D2C6845EFEA
2015-03-26T01:15:03+00:00 DEBUG (7): Hitting API sessionId cache for token: 5A08D193-7EA0-4893-835E-6D2C6845EFEA
2015-03-26T01:30:02+00:00 DEBUG (7): Hitting API sessionId cache for token: 5A08D193-7EA0-4893-835E-6D2C6845EFEA
2015-03-26T01:45:04+00:00 DEBUG (7): Hitting API sessionId cache for token: 5A08D193-7EA0-4893-835E-6D2C6845EFEA
2015-03-26T02:00:03+00:00 DEBUG (7): Hitting API sessionId cache for token: 5A08D193-7EA0-4893-835E-6D2C6845EFEA
2015-03-26T02:15:03+00:00 DEBUG (7): Hitting API sessionId cache for token: 5A08D193-7EA0-4893-835E-6D2C6845EFEA
2015-03-26T02:35:06+00:00 DEBUG (7): Hitting API sessionId cache for token: 5A08D193-7EA0-4893-835E-6D2C6845EFEA
2015-03-26T02:35:07+00:00 DEBUG (7): Session ID expired for token: 5A08D193-7EA0-4893-835E-6D2C6845EFEA
2015-03-26T02:35:07+00:00 DEBUG (7): Initiating API for token: 5A08D193-7EA0-4893-835E-6D2C6845EFEA
2015-03-26T02:45:03+00:00 DEBUG (7): Hitting API sessionId cache for token: 5A08D193-7EA0-4893-835E-6D2C6845EFEA
2015-03-26T03:00:03+00:00 DEBUG (7): Hitting API sessionId cache for token: 5A08D193-7EA0-4893-835E-6D2C6845EFEA
2015-03-26T03:15:03+00:00 DEBUG (7): Hitting API sessionId cache for token: 5A08D193-7EA0-4893-835E-6D2C6845EFEA
2015-03-26T03:30:03+00:00 DEBUG (7): Hitting API sessionId cache for token: 5A08D193-7EA0-4893-835E-6D2C6845EFEA
2015-03-26T03:45:03+00:00 DEBUG (7): Hitting API sessionId cache for token: 5A08D193-7EA0-4893-835E-6D2C6845EFEA
2015-03-26T04:00:03+00:00 DEBUG (7): Hitting API sessionId cache for token: 5A08D193-7EA0-4893-835E-6D2C6845EFEA
2015-03-26T04:15:03+00:00 DEBUG (7): Hitting API sessionId cache for token: 5A08D193-7EA0-4893-835E-6D2C6845EFEA
2015-03-26T04:30:03+00:00 DEBUG (7): Hitting API sessionId cache for token: 5A08D193-7EA0-4893-835E-6D2C6845EFEA
2015-03-26T04:50:03+00:00 DEBUG (7): Hitting API sessionId cache for token: 5A08D193-7EA0-4893-835E-6D2C6845EFEA
2015-03-26T05:00:03+00:00 DEBUG (7): Hitting API sessionId cache for token: 5A08D193-7EA0-4893-835E-6D2C6845EFEA
2015-03-26T05:15:03+00:00 DEBUG (7): Hitting API sessionId cache for token: 5A08D193-7EA0-4893-835E-6D2C6845EFEA
2015-03-26T05:30:03+00:00 DEBUG (7): Hitting API sessionId cache for token: 5A08D193-7EA0-4893-835E-6D2C6845EFEA
2015-03-26T05:45:03+00:00 DEBUG (7): Hitting API sessionId cache for token: 5A08D193-7EA0-4893-835E-6D2C6845EFEA
2015-03-26T06:00:03+00:00 DEBUG (7): Hitting API sessionId cache for token: 5A08D193-7EA0-4893-835E-6D2C6845EFEA
2015-03-26T06:15:03+00:00 DEBUG (7): Hitting API sessionId cache for token: 5A08D193-7EA0-4893-835E-6D2C6845EFEA
2015-03-26T06:30:03+00:00 DEBUG (7): Hitting API sessionId cache for token: 5A08D193-7EA0-4893-835E-6D2C6845EFEA
2015-03-26T06:45:03+00:00 DEBUG (7): Hitting API sessionId cache for token: 5A08D193-7EA0-4893-835E-6D2C6845EFEA
2015-03-26T07:05:10+00:00 DEBUG (7): Hitting API sessionId cache for token: 5A08D193-7EA0-4893-835E-6D2C6845EFEA
2015-03-26T07:05:10+00:00 DEBUG (7): Session ID expired for token: 5A08D193-7EA0-4893-835E-6D2C6845EFEA
2015-03-26T07:05:10+00:00 DEBUG (7): Initiating API for token: 5A08D193-7EA0-4893-835E-6D2C6845EFEA
2015-03-26T07:15:03+00:00 DEBUG (7): Hitting API sessionId cache for token: 5A08D193-7EA0-4893-835E-6D2C6845EFEA
2015-03-26T07:30:03+00:00 DEBUG (7): Hitting API sessionId cache for token: 5A08D193-7EA0-4893-835E-6D2C6845EFEA
2015-03-26T07:45:03+00:00 DEBUG (7): Hitting API sessionId cache for token: 5A08D193-7EA0-4893-835E-6D2C6845EFEA
2015-03-26T08:00:32+00:00 DEBUG (7): Hitting API sessionId cache for token: 5A08D193-7EA0-4893-835E-6D2C6845EFEA
2015-03-26T08:20:03+00:00 DEBUG (7): Hitting API sessionId cache for token: 5A08D193-7EA0-4893-835E-6D2C6845EFEA
2015-03-26T08:30:03+00:00 DEBUG (7): Hitting API sessionId cache for token: 5A08D193-7EA0-4893-835E-6D2C6845EFEA
2015-03-26T08:45:03+00:00 DEBUG (7): Hitting API sessionId cache for token: 5A08D193-7EA0-4893-835E-6D2C6845EFEA
2015-03-26T09:00:08+00:00 DEBUG (7): Hitting API sessionId cache for token: 5A08D193-7EA0-4893-835E-6D2C6845EFEA
2015-03-26T09:15:02+00:00 DEBUG (7): Hitting API sessionId cache for token: 5A08D193-7EA0-4893-835E-6D2C6845EFEA
2015-03-26T09:30:03+00:00 DEBUG (7): Hitting API sessionId cache for token: 5A08D193-7EA0-4893-835E-6D2C6845EFEA
2015-03-26T09:45:03+00:00 DEBUG (7): Hitting API sessionId cache for token: 5A08D193-7EA0-4893-835E-6D2C6845EFEA
2015-03-26T09:45:04+00:00 DEBUG (7): '<?xml version="1.0" encoding="UTF-8"?>
<SOAP-ENV:Envelope xmlns:SOAP-ENV="http://schemas.xmlsoap.org/soap/envelope/" xmlns:ns1="http://api.bronto.com/v4"><SOAP-ENV:Header><ns1:sessionHeader><sessionId>fa581d49-bb80-4bf2-a5b0-48b7ce18bc10</sessionId></ns1:sessionHeader></SOAP-ENV:Header><SOAP-ENV:Body><ns1:addOrUpdateContacts><contacts><email>missakura18@hotmail.co.uj</email><status>active</status><source>api</source><listIds>0bce03ec000000000000000000000005e201</listIds></contacts></ns1:addOrUpdateContacts></SOAP-ENV:Body></SOAP-ENV:Envelope>
'
2015-03-26T09:45:04+00:00 DEBUG (7): '<soap:Envelope xmlns:soap="http://schemas.xmlsoap.org/soap/envelope/"><soap:Body><ns2:addOrUpdateContactsResponse xmlns:ns2="http://api.bronto.com/v4"><return><errors>0</errors><results><isError>true</isError><errorCode>303</errorCode><errorString>Invalid email address: missakura18@hotmail.co.uj</errorString></results></return></ns2:addOrUpdateContactsResponse></soap:Body></soap:Envelope>'
2015-03-26T10:00:02+00:00 DEBUG (7): Hitting API sessionId cache for token: 5A08D193-7EA0-4893-835E-6D2C6845EFEA
2015-03-26T10:20:03+00:00 DEBUG (7): Hitting API sessionId cache for token: 5A08D193-7EA0-4893-835E-6D2C6845EFEA
2015-03-26T10:30:03+00:00 DEBUG (7): Hitting API sessionId cache for token: 5A08D193-7EA0-4893-835E-6D2C6845EFEA
2015-03-26T10:45:03+00:00 DEBUG (7): Hitting API sessionId cache for token: 5A08D193-7EA0-4893-835E-6D2C6845EFEA
2015-03-26T11:00:03+00:00 DEBUG (7): Hitting API sessionId cache for token: 5A08D193-7EA0-4893-835E-6D2C6845EFEA
2015-03-26T11:15:02+00:00 DEBUG (7): Hitting API sessionId cache for token: 5A08D193-7EA0-4893-835E-6D2C6845EFEA
2015-03-26T11:30:03+00:00 DEBUG (7): Hitting API sessionId cache for token: 5A08D193-7EA0-4893-835E-6D2C6845EFEA
2015-03-26T11:45:03+00:00 DEBUG (7): Hitting API sessionId cache for token: 5A08D193-7EA0-4893-835E-6D2C6845EFEA
2015-03-26T12:00:05+00:00 DEBUG (7): Hitting API sessionId cache for token: 5A08D193-7EA0-4893-835E-6D2C6845EFEA
2015-03-26T12:15:03+00:00 DEBUG (7): Hitting API sessionId cache for token: 5A08D193-7EA0-4893-835E-6D2C6845EFEA
2015-03-26T12:30:03+00:00 DEBUG (7): Hitting API sessionId cache for token: 5A08D193-7EA0-4893-835E-6D2C6845EFEA
2015-03-26T12:45:03+00:00 DEBUG (7): Hitting API sessionId cache for token: 5A08D193-7EA0-4893-835E-6D2C6845EFEA
2015-03-26T13:00:02+00:00 DEBUG (7): Hitting API sessionId cache for token: 5A08D193-7EA0-4893-835E-6D2C6845EFEA
2015-03-26T13:15:03+00:00 DEBUG (7): Hitting API sessionId cache for token: 5A08D193-7EA0-4893-835E-6D2C6845EFEA
2015-03-26T13:30:03+00:00 DEBUG (7): Hitting API sessionId cache for token: 5A08D193-7EA0-4893-835E-6D2C6845EFEA
2015-03-26T13:45:03+00:00 DEBUG (7): Hitting API sessionId cache for token: 5A08D193-7EA0-4893-835E-6D2C6845EFEA
2015-03-26T14:05:03+00:00 DEBUG (7): Hitting API sessionId cache for token: 5A08D193-7EA0-4893-835E-6D2C6845EFEA
2015-03-26T14:15:02+00:00 DEBUG (7): Hitting API sessionId cache for token: 5A08D193-7EA0-4893-835E-6D2C6845EFEA
2015-03-26T14:30:03+00:00 DEBUG (7): Hitting API sessionId cache for token: 5A08D193-7EA0-4893-835E-6D2C6845EFEA
2015-03-26T14:45:03+00:00 DEBUG (7): Hitting API sessionId cache for token: 5A08D193-7EA0-4893-835E-6D2C6845EFEA
2015-03-26T15:00:03+00:00 DEBUG (7): Hitting API sessionId cache for token: 5A08D193-7EA0-4893-835E-6D2C6845EFEA
2015-03-26T15:15:03+00:00 DEBUG (7): Hitting API sessionId cache for token: 5A08D193-7EA0-4893-835E-6D2C6845EFEA
2015-03-26T15:30:04+00:00 DEBUG (7): Hitting API sessionId cache for token: 5A08D193-7EA0-4893-835E-6D2C6845EFEA
2015-03-26T15:45:03+00:00 DEBUG (7): Hitting API sessionId cache for token: 5A08D193-7EA0-4893-835E-6D2C6845EFEA
2015-03-26T16:00:03+00:00 DEBUG (7): Hitting API sessionId cache for token: 5A08D193-7EA0-4893-835E-6D2C6845EFEA
2015-03-26T16:15:03+00:00 DEBUG (7): Hitting API sessionId cache for token: 5A08D193-7EA0-4893-835E-6D2C6845EFEA
2015-03-26T16:30:04+00:00 DEBUG (7): Hitting API sessionId cache for token: 5A08D193-7EA0-4893-835E-6D2C6845EFEA
2015-03-26T16:45:03+00:00 DEBUG (7): Hitting API sessionId cache for token: 5A08D193-7EA0-4893-835E-6D2C6845EFEA
2015-03-26T17:00:03+00:00 DEBUG (7): Hitting API sessionId cache for token: 5A08D193-7EA0-4893-835E-6D2C6845EFEA
2015-03-26T17:15:03+00:00 DEBUG (7): Hitting API sessionId cache for token: 5A08D193-7EA0-4893-835E-6D2C6845EFEA
2015-03-26T17:30:03+00:00 DEBUG (7): Hitting API sessionId cache for token: 5A08D193-7EA0-4893-835E-6D2C6845EFEA
2015-03-26T17:45:03+00:00 DEBUG (7): Hitting API sessionId cache for token: 5A08D193-7EA0-4893-835E-6D2C6845EFEA
2015-03-26T18:05:03+00:00 DEBUG (7): Hitting API sessionId cache for token: 5A08D193-7EA0-4893-835E-6D2C6845EFEA
2015-03-26T18:15:03+00:00 DEBUG (7): Hitting API sessionId cache for token: 5A08D193-7EA0-4893-835E-6D2C6845EFEA
2015-03-26T18:30:03+00:00 DEBUG (7): Hitting API sessionId cache for token: 5A08D193-7EA0-4893-835E-6D2C6845EFEA
2015-03-26T18:45:03+00:00 DEBUG (7): Hitting API sessionId cache for token: 5A08D193-7EA0-4893-835E-6D2C6845EFEA
2015-03-26T19:00:03+00:00 DEBUG (7): Hitting API sessionId cache for token: 5A08D193-7EA0-4893-835E-6D2C6845EFEA
2015-03-26T19:15:03+00:00 DEBUG (7): Hitting API sessionId cache for token: 5A08D193-7EA0-4893-835E-6D2C6845EFEA
2015-03-26T19:30:03+00:00 DEBUG (7): Hitting API sessionId cache for token: 5A08D193-7EA0-4893-835E-6D2C6845EFEA
2015-03-26T19:45:03+00:00 DEBUG (7): Hitting API sessionId cache for token: 5A08D193-7EA0-4893-835E-6D2C6845EFEA
2015-03-26T20:00:03+00:00 DEBUG (7): Hitting API sessionId cache for token: 5A08D193-7EA0-4893-835E-6D2C6845EFEA
2015-03-26T20:20:03+00:00 DEBUG (7): Hitting API sessionId cache for token: 5A08D193-7EA0-4893-835E-6D2C6845EFEA
2015-03-26T20:30:03+00:00 DEBUG (7): Hitting API sessionId cache for token: 5A08D193-7EA0-4893-835E-6D2C6845EFEA
2015-03-26T20:45:03+00:00 DEBUG (7): Hitting API sessionId cache for token: 5A08D193-7EA0-4893-835E-6D2C6845EFEA
2015-03-26T21:00:03+00:00 DEBUG (7): Hitting API sessionId cache for token: 5A08D193-7EA0-4893-835E-6D2C6845EFEA
2015-03-26T21:15:02+00:00 DEBUG (7): Hitting API sessionId cache for token: 5A08D193-7EA0-4893-835E-6D2C6845EFEA
2015-03-26T21:30:04+00:00 DEBUG (7): Hitting API sessionId cache for token: 5A08D193-7EA0-4893-835E-6D2C6845EFEA
2015-03-26T21:45:03+00:00 DEBUG (7): Hitting API sessionId cache for token: 5A08D193-7EA0-4893-835E-6D2C6845EFEA
2015-03-26T22:00:03+00:00 DEBUG (7): Hitting API sessionId cache for token: 5A08D193-7EA0-4893-835E-6D2C6845EFEA
2015-03-26T22:15:03+00:00 DEBUG (7): Hitting API sessionId cache for token: 5A08D193-7EA0-4893-835E-6D2C6845EFEA
2015-03-26T22:30:03+00:00 DEBUG (7): Hitting API sessionId cache for token: 5A08D193-7EA0-4893-835E-6D2C6845EFEA
2015-03-26T22:45:03+00:00 DEBUG (7): Hitting API sessionId cache for token: 5A08D193-7EA0-4893-835E-6D2C6845EFEA
2015-03-26T23:00:03+00:00 DEBUG (7): Hitting API sessionId cache for token: 5A08D193-7EA0-4893-835E-6D2C6845EFEA
2015-03-26T23:15:03+00:00 DEBUG (7): Hitting API sessionId cache for token: 5A08D193-7EA0-4893-835E-6D2C6845EFEA
2015-03-26T23:35:03+00:00 DEBUG (7): Hitting API sessionId cache for token: 5A08D193-7EA0-4893-835E-6D2C6845EFEA
2015-03-26T23:45:03+00:00 DEBUG (7): Hitting API sessionId cache for token: 5A08D193-7EA0-4893-835E-6D2C6845EFEA
