2015-04-06T00:00:02+00:00 DEBUG (7): Starting Subscriber Opt-In process for store: Admin (0)
2015-04-06T00:00:02+00:00 DEBUG (7): Starting Subscriber Opt-In process for store: International (3)
2015-04-06T00:00:02+00:00 DEBUG (7): Starting Subscriber Opt-In process for store: Retail (1)
2015-04-06T00:00:03+00:00 DEBUG (7): Starting Subscriber Opt-In process for store: Wholesale (2)
2015-04-06T00:07:22+00:00 DEBUG (7): No subscription status found in session.
2015-04-06T00:15:05+00:00 DEBUG (7): Starting Subscriber Opt-In process for store: Admin (0)
2015-04-06T00:15:05+00:00 DEBUG (7): Starting Subscriber Opt-In process for store: International (3)
2015-04-06T00:15:05+00:00 DEBUG (7): Starting Subscriber Opt-In process for store: Retail (1)
2015-04-06T00:15:05+00:00 DEBUG (7): Starting Subscriber Opt-In process for store: Wholesale (2)
2015-04-06T00:30:02+00:00 DEBUG (7): Starting Subscriber Opt-In process for store: Admin (0)
2015-04-06T00:30:02+00:00 DEBUG (7): Starting Subscriber Opt-In process for store: International (3)
2015-04-06T00:30:02+00:00 DEBUG (7): Starting Subscriber Opt-In process for store: Retail (1)
2015-04-06T00:30:03+00:00 DEBUG (7): Starting Subscriber Opt-In process for store: Wholesale (2)
2015-04-06T00:45:02+00:00 DEBUG (7): Starting Subscriber Opt-In process for store: Admin (0)
2015-04-06T00:45:02+00:00 DEBUG (7): Starting Subscriber Opt-In process for store: International (3)
2015-04-06T00:45:02+00:00 DEBUG (7): Starting Subscriber Opt-In process for store: Retail (1)
2015-04-06T00:45:03+00:00 DEBUG (7): Starting Subscriber Opt-In process for store: Wholesale (2)
2015-04-06T01:05:02+00:00 DEBUG (7): Starting Subscriber Opt-In process for store: Admin (0)
2015-04-06T01:05:02+00:00 DEBUG (7): Starting Subscriber Opt-In process for store: International (3)
2015-04-06T01:05:02+00:00 DEBUG (7): Starting Subscriber Opt-In process for store: Retail (1)
2015-04-06T01:05:03+00:00 DEBUG (7): Starting Subscriber Opt-In process for store: Wholesale (2)
2015-04-06T01:12:22+00:00 DEBUG (7): No subscription status found in session.
2015-04-06T01:15:03+00:00 DEBUG (7): Starting Subscriber Opt-In process for store: Admin (0)
2015-04-06T01:15:03+00:00 DEBUG (7): Starting Subscriber Opt-In process for store: International (3)
2015-04-06T01:15:03+00:00 DEBUG (7): Starting Subscriber Opt-In process for store: Retail (1)
2015-04-06T01:15:04+00:00 INFO (6):   Adding Contact to list: Bloomingbath.com
2015-04-06T01:15:04+00:00 INFO (6):   Setting Contact (gm119009@ohio.edu) status to: active
2015-04-06T01:15:04+00:00 DEBUG (7): Starting Subscriber Opt-In process for store: Wholesale (2)
2015-04-06T01:30:02+00:00 DEBUG (7): Starting Subscriber Opt-In process for store: Admin (0)
2015-04-06T01:30:02+00:00 DEBUG (7): Starting Subscriber Opt-In process for store: International (3)
2015-04-06T01:30:02+00:00 DEBUG (7): Starting Subscriber Opt-In process for store: Retail (1)
2015-04-06T01:30:03+00:00 INFO (6):   Adding Contact to list: Bloomingbath.com
2015-04-06T01:30:03+00:00 INFO (6):   Setting Contact (allison_b007@hotmail.com) status to: active
2015-04-06T01:30:03+00:00 DEBUG (7): Starting Subscriber Opt-In process for store: Wholesale (2)
2015-04-06T01:38:05+00:00 DEBUG (7): No subscription status found in session.
2015-04-06T01:45:06+00:00 DEBUG (7): Starting Subscriber Opt-In process for store: Admin (0)
2015-04-06T01:45:06+00:00 DEBUG (7): Starting Subscriber Opt-In process for store: International (3)
2015-04-06T01:45:06+00:00 DEBUG (7): Starting Subscriber Opt-In process for store: Retail (1)
2015-04-06T01:45:06+00:00 DEBUG (7): Starting Subscriber Opt-In process for store: Wholesale (2)
2015-04-06T01:46:40+00:00 DEBUG (7): No subscription status found in session.
2015-04-06T02:00:04+00:00 DEBUG (7): Starting Subscriber Opt-In process for store: Admin (0)
2015-04-06T02:00:04+00:00 DEBUG (7): Starting Subscriber Opt-In process for store: International (3)
2015-04-06T02:00:04+00:00 DEBUG (7): Starting Subscriber Opt-In process for store: Retail (1)
2015-04-06T02:00:04+00:00 DEBUG (7): Starting Subscriber Opt-In process for store: Wholesale (2)
2015-04-06T02:15:02+00:00 DEBUG (7): Starting Subscriber Opt-In process for store: Admin (0)
2015-04-06T02:15:02+00:00 DEBUG (7): Starting Subscriber Opt-In process for store: International (3)
2015-04-06T02:15:02+00:00 DEBUG (7): Starting Subscriber Opt-In process for store: Retail (1)
2015-04-06T02:15:03+00:00 DEBUG (7): Starting Subscriber Opt-In process for store: Wholesale (2)
2015-04-06T02:30:02+00:00 DEBUG (7): Starting Subscriber Opt-In process for store: Admin (0)
2015-04-06T02:30:02+00:00 DEBUG (7): Starting Subscriber Opt-In process for store: International (3)
2015-04-06T02:30:02+00:00 DEBUG (7): Starting Subscriber Opt-In process for store: Retail (1)
2015-04-06T02:30:03+00:00 INFO (6):   Adding Contact to list: Bloomingbath.com
2015-04-06T02:30:03+00:00 INFO (6):   Setting Contact (pinktoz@yahoo.com) status to: active
2015-04-06T02:30:03+00:00 DEBUG (7): Starting Subscriber Opt-In process for store: Wholesale (2)
2015-04-06T02:45:02+00:00 DEBUG (7): Starting Subscriber Opt-In process for store: Admin (0)
2015-04-06T02:45:02+00:00 DEBUG (7): Starting Subscriber Opt-In process for store: International (3)
2015-04-06T02:45:02+00:00 DEBUG (7): Starting Subscriber Opt-In process for store: Retail (1)
2015-04-06T02:45:03+00:00 DEBUG (7): Starting Subscriber Opt-In process for store: Wholesale (2)
2015-04-06T03:02:12+00:00 DEBUG (7): No subscription status found in session.
2015-04-06T03:05:04+00:00 DEBUG (7): Starting Subscriber Opt-In process for store: Admin (0)
2015-04-06T03:05:04+00:00 DEBUG (7): Starting Subscriber Opt-In process for store: International (3)
2015-04-06T03:05:04+00:00 DEBUG (7): Starting Subscriber Opt-In process for store: Retail (1)
2015-04-06T03:05:05+00:00 DEBUG (7): Starting Subscriber Opt-In process for store: Wholesale (2)
2015-04-06T03:15:02+00:00 DEBUG (7): Starting Subscriber Opt-In process for store: Admin (0)
2015-04-06T03:15:02+00:00 DEBUG (7): Starting Subscriber Opt-In process for store: International (3)
2015-04-06T03:15:02+00:00 DEBUG (7): Starting Subscriber Opt-In process for store: Retail (1)
2015-04-06T03:15:03+00:00 DEBUG (7): Starting Subscriber Opt-In process for store: Wholesale (2)
2015-04-06T03:30:02+00:00 DEBUG (7): Starting Subscriber Opt-In process for store: Admin (0)
2015-04-06T03:30:02+00:00 DEBUG (7): Starting Subscriber Opt-In process for store: International (3)
2015-04-06T03:30:02+00:00 DEBUG (7): Starting Subscriber Opt-In process for store: Retail (1)
2015-04-06T03:30:03+00:00 DEBUG (7): Starting Subscriber Opt-In process for store: Wholesale (2)
2015-04-06T03:45:02+00:00 DEBUG (7): Starting Subscriber Opt-In process for store: Admin (0)
2015-04-06T03:45:02+00:00 DEBUG (7): Starting Subscriber Opt-In process for store: International (3)
2015-04-06T03:45:02+00:00 DEBUG (7): Starting Subscriber Opt-In process for store: Retail (1)
2015-04-06T03:45:03+00:00 DEBUG (7): Starting Subscriber Opt-In process for store: Wholesale (2)
2015-04-06T04:00:02+00:00 DEBUG (7): Starting Subscriber Opt-In process for store: Admin (0)
2015-04-06T04:00:02+00:00 DEBUG (7): Starting Subscriber Opt-In process for store: International (3)
2015-04-06T04:00:02+00:00 DEBUG (7): Starting Subscriber Opt-In process for store: Retail (1)
2015-04-06T04:00:03+00:00 DEBUG (7): Starting Subscriber Opt-In process for store: Wholesale (2)
2015-04-06T04:15:02+00:00 DEBUG (7): Starting Subscriber Opt-In process for store: Admin (0)
2015-04-06T04:15:02+00:00 DEBUG (7): Starting Subscriber Opt-In process for store: International (3)
2015-04-06T04:15:02+00:00 DEBUG (7): Starting Subscriber Opt-In process for store: Retail (1)
2015-04-06T04:15:03+00:00 DEBUG (7): Starting Subscriber Opt-In process for store: Wholesale (2)
2015-04-06T04:30:02+00:00 DEBUG (7): Starting Subscriber Opt-In process for store: Admin (0)
2015-04-06T04:30:02+00:00 DEBUG (7): Starting Subscriber Opt-In process for store: International (3)
2015-04-06T04:30:02+00:00 DEBUG (7): Starting Subscriber Opt-In process for store: Retail (1)
2015-04-06T04:30:03+00:00 DEBUG (7): Starting Subscriber Opt-In process for store: Wholesale (2)
2015-04-06T04:32:11+00:00 DEBUG (7): No subscription status found in session.
2015-04-06T04:45:04+00:00 DEBUG (7): Starting Subscriber Opt-In process for store: Admin (0)
2015-04-06T04:45:04+00:00 DEBUG (7): Starting Subscriber Opt-In process for store: International (3)
2015-04-06T04:45:04+00:00 DEBUG (7): Starting Subscriber Opt-In process for store: Retail (1)
2015-04-06T04:45:04+00:00 INFO (6):   Adding Contact to list: Bloomingbath.com
2015-04-06T04:45:04+00:00 INFO (6):   Setting Contact (CandaceTam92@gmail.com) status to: active
2015-04-06T04:45:04+00:00 DEBUG (7): Starting Subscriber Opt-In process for store: Wholesale (2)
2015-04-06T05:00:02+00:00 DEBUG (7): Starting Subscriber Opt-In process for store: Admin (0)
2015-04-06T05:00:02+00:00 DEBUG (7): Starting Subscriber Opt-In process for store: International (3)
2015-04-06T05:00:02+00:00 DEBUG (7): Starting Subscriber Opt-In process for store: Retail (1)
2015-04-06T05:00:03+00:00 DEBUG (7): Starting Subscriber Opt-In process for store: Wholesale (2)
2015-04-06T05:15:02+00:00 DEBUG (7): Starting Subscriber Opt-In process for store: Admin (0)
2015-04-06T05:15:02+00:00 DEBUG (7): Starting Subscriber Opt-In process for store: International (3)
2015-04-06T05:15:02+00:00 DEBUG (7): Starting Subscriber Opt-In process for store: Retail (1)
2015-04-06T05:15:03+00:00 DEBUG (7): Starting Subscriber Opt-In process for store: Wholesale (2)
2015-04-06T05:35:02+00:00 DEBUG (7): Starting Subscriber Opt-In process for store: Admin (0)
2015-04-06T05:35:02+00:00 DEBUG (7): Starting Subscriber Opt-In process for store: International (3)
2015-04-06T05:35:02+00:00 DEBUG (7): Starting Subscriber Opt-In process for store: Retail (1)
2015-04-06T05:35:03+00:00 DEBUG (7): Starting Subscriber Opt-In process for store: Wholesale (2)
2015-04-06T05:38:39+00:00 DEBUG (7): No subscription status found in session.
2015-04-06T05:45:04+00:00 DEBUG (7): Starting Subscriber Opt-In process for store: Admin (0)
2015-04-06T05:45:04+00:00 DEBUG (7): Starting Subscriber Opt-In process for store: International (3)
2015-04-06T05:45:04+00:00 DEBUG (7): Starting Subscriber Opt-In process for store: Retail (1)
2015-04-06T05:45:04+00:00 DEBUG (7): Starting Subscriber Opt-In process for store: Wholesale (2)
2015-04-06T06:00:02+00:00 DEBUG (7): Starting Subscriber Opt-In process for store: Admin (0)
2015-04-06T06:00:02+00:00 DEBUG (7): Starting Subscriber Opt-In process for store: International (3)
2015-04-06T06:00:02+00:00 DEBUG (7): Starting Subscriber Opt-In process for store: Retail (1)
2015-04-06T06:00:03+00:00 DEBUG (7): Starting Subscriber Opt-In process for store: Wholesale (2)
2015-04-06T06:15:02+00:00 DEBUG (7): Starting Subscriber Opt-In process for store: Admin (0)
2015-04-06T06:15:02+00:00 DEBUG (7): Starting Subscriber Opt-In process for store: International (3)
2015-04-06T06:15:02+00:00 DEBUG (7): Starting Subscriber Opt-In process for store: Retail (1)
2015-04-06T06:15:03+00:00 DEBUG (7): Starting Subscriber Opt-In process for store: Wholesale (2)
2015-04-06T06:30:02+00:00 DEBUG (7): Starting Subscriber Opt-In process for store: Admin (0)
2015-04-06T06:30:02+00:00 DEBUG (7): Starting Subscriber Opt-In process for store: International (3)
2015-04-06T06:30:03+00:00 DEBUG (7): Starting Subscriber Opt-In process for store: Retail (1)
2015-04-06T06:30:03+00:00 DEBUG (7): Starting Subscriber Opt-In process for store: Wholesale (2)
2015-04-06T06:45:02+00:00 DEBUG (7): Starting Subscriber Opt-In process for store: Admin (0)
2015-04-06T06:45:02+00:00 DEBUG (7): Starting Subscriber Opt-In process for store: International (3)
2015-04-06T06:45:02+00:00 DEBUG (7): Starting Subscriber Opt-In process for store: Retail (1)
2015-04-06T06:45:03+00:00 DEBUG (7): Starting Subscriber Opt-In process for store: Wholesale (2)
2015-04-06T07:05:11+00:00 DEBUG (7): Starting Subscriber Opt-In process for store: Admin (0)
2015-04-06T07:05:11+00:00 DEBUG (7): Starting Subscriber Opt-In process for store: International (3)
2015-04-06T07:05:11+00:00 DEBUG (7): Starting Subscriber Opt-In process for store: Retail (1)
2015-04-06T07:05:11+00:00 DEBUG (7): Starting Subscriber Opt-In process for store: Wholesale (2)
2015-04-06T07:20:02+00:00 DEBUG (7): Starting Subscriber Opt-In process for store: Admin (0)
2015-04-06T07:20:02+00:00 DEBUG (7): Starting Subscriber Opt-In process for store: International (3)
2015-04-06T07:20:02+00:00 DEBUG (7): Starting Subscriber Opt-In process for store: Retail (1)
2015-04-06T07:20:03+00:00 DEBUG (7): Starting Subscriber Opt-In process for store: Wholesale (2)
2015-04-06T07:30:02+00:00 DEBUG (7): Starting Subscriber Opt-In process for store: Admin (0)
2015-04-06T07:30:02+00:00 DEBUG (7): Starting Subscriber Opt-In process for store: International (3)
2015-04-06T07:30:02+00:00 DEBUG (7): Starting Subscriber Opt-In process for store: Retail (1)
2015-04-06T07:30:03+00:00 DEBUG (7): Starting Subscriber Opt-In process for store: Wholesale (2)
2015-04-06T07:45:02+00:00 DEBUG (7): Starting Subscriber Opt-In process for store: Admin (0)
2015-04-06T07:45:02+00:00 DEBUG (7): Starting Subscriber Opt-In process for store: International (3)
2015-04-06T07:45:02+00:00 DEBUG (7): Starting Subscriber Opt-In process for store: Retail (1)
2015-04-06T07:45:04+00:00 DEBUG (7): Starting Subscriber Opt-In process for store: Wholesale (2)
2015-04-06T08:00:31+00:00 DEBUG (7): Starting Subscriber Opt-In process for store: Admin (0)
2015-04-06T08:00:31+00:00 DEBUG (7): Starting Subscriber Opt-In process for store: International (3)
2015-04-06T08:00:31+00:00 DEBUG (7): Starting Subscriber Opt-In process for store: Retail (1)
2015-04-06T08:00:32+00:00 DEBUG (7): Starting Subscriber Opt-In process for store: Wholesale (2)
2015-04-06T08:15:02+00:00 DEBUG (7): Starting Subscriber Opt-In process for store: Admin (0)
2015-04-06T08:15:02+00:00 DEBUG (7): Starting Subscriber Opt-In process for store: International (3)
2015-04-06T08:15:02+00:00 DEBUG (7): Starting Subscriber Opt-In process for store: Retail (1)
2015-04-06T08:15:03+00:00 DEBUG (7): Starting Subscriber Opt-In process for store: Wholesale (2)
2015-04-06T08:30:02+00:00 DEBUG (7): Starting Subscriber Opt-In process for store: Admin (0)
2015-04-06T08:30:02+00:00 DEBUG (7): Starting Subscriber Opt-In process for store: International (3)
2015-04-06T08:30:02+00:00 DEBUG (7): Starting Subscriber Opt-In process for store: Retail (1)
2015-04-06T08:30:03+00:00 DEBUG (7): Starting Subscriber Opt-In process for store: Wholesale (2)
2015-04-06T08:45:02+00:00 DEBUG (7): Starting Subscriber Opt-In process for store: Admin (0)
2015-04-06T08:45:02+00:00 DEBUG (7): Starting Subscriber Opt-In process for store: International (3)
2015-04-06T08:45:02+00:00 DEBUG (7): Starting Subscriber Opt-In process for store: Retail (1)
2015-04-06T08:45:03+00:00 DEBUG (7): Starting Subscriber Opt-In process for store: Wholesale (2)
2015-04-06T09:00:06+00:00 DEBUG (7): Starting Subscriber Opt-In process for store: Admin (0)
2015-04-06T09:00:06+00:00 DEBUG (7): Starting Subscriber Opt-In process for store: International (3)
2015-04-06T09:00:06+00:00 DEBUG (7): Starting Subscriber Opt-In process for store: Retail (1)
2015-04-06T09:00:07+00:00 DEBUG (7): Starting Subscriber Opt-In process for store: Wholesale (2)
2015-04-06T09:15:02+00:00 DEBUG (7): Starting Subscriber Opt-In process for store: Admin (0)
2015-04-06T09:15:02+00:00 DEBUG (7): Starting Subscriber Opt-In process for store: International (3)
2015-04-06T09:15:02+00:00 DEBUG (7): Starting Subscriber Opt-In process for store: Retail (1)
2015-04-06T09:15:03+00:00 DEBUG (7): Starting Subscriber Opt-In process for store: Wholesale (2)
2015-04-06T09:35:02+00:00 DEBUG (7): Starting Subscriber Opt-In process for store: Admin (0)
2015-04-06T09:35:02+00:00 DEBUG (7): Starting Subscriber Opt-In process for store: International (3)
2015-04-06T09:35:02+00:00 DEBUG (7): Starting Subscriber Opt-In process for store: Retail (1)
2015-04-06T09:35:10+00:00 DEBUG (7): Starting Subscriber Opt-In process for store: Wholesale (2)
2015-04-06T09:45:02+00:00 DEBUG (7): Starting Subscriber Opt-In process for store: Admin (0)
2015-04-06T09:45:02+00:00 DEBUG (7): Starting Subscriber Opt-In process for store: International (3)
2015-04-06T09:45:02+00:00 DEBUG (7): Starting Subscriber Opt-In process for store: Retail (1)
2015-04-06T09:45:03+00:00 DEBUG (7): Starting Subscriber Opt-In process for store: Wholesale (2)
2015-04-06T10:00:02+00:00 DEBUG (7): Starting Subscriber Opt-In process for store: Admin (0)
2015-04-06T10:00:02+00:00 DEBUG (7): Starting Subscriber Opt-In process for store: International (3)
2015-04-06T10:00:02+00:00 DEBUG (7): Starting Subscriber Opt-In process for store: Retail (1)
2015-04-06T10:00:03+00:00 DEBUG (7): Starting Subscriber Opt-In process for store: Wholesale (2)
2015-04-06T10:15:02+00:00 DEBUG (7): Starting Subscriber Opt-In process for store: Admin (0)
2015-04-06T10:15:02+00:00 DEBUG (7): Starting Subscriber Opt-In process for store: International (3)
2015-04-06T10:15:02+00:00 DEBUG (7): Starting Subscriber Opt-In process for store: Retail (1)
2015-04-06T10:15:03+00:00 DEBUG (7): Starting Subscriber Opt-In process for store: Wholesale (2)
2015-04-06T10:30:02+00:00 DEBUG (7): Starting Subscriber Opt-In process for store: Admin (0)
2015-04-06T10:30:02+00:00 DEBUG (7): Starting Subscriber Opt-In process for store: International (3)
2015-04-06T10:30:02+00:00 DEBUG (7): Starting Subscriber Opt-In process for store: Retail (1)
2015-04-06T10:30:02+00:00 DEBUG (7): Starting Subscriber Opt-In process for store: Wholesale (2)
2015-04-06T10:45:02+00:00 DEBUG (7): Starting Subscriber Opt-In process for store: Admin (0)
2015-04-06T10:45:02+00:00 DEBUG (7): Starting Subscriber Opt-In process for store: International (3)
2015-04-06T10:45:02+00:00 DEBUG (7): Starting Subscriber Opt-In process for store: Retail (1)
2015-04-06T10:45:03+00:00 DEBUG (7): Starting Subscriber Opt-In process for store: Wholesale (2)
2015-04-06T11:00:02+00:00 DEBUG (7): Starting Subscriber Opt-In process for store: Admin (0)
2015-04-06T11:00:02+00:00 DEBUG (7): Starting Subscriber Opt-In process for store: International (3)
2015-04-06T11:00:02+00:00 DEBUG (7): Starting Subscriber Opt-In process for store: Retail (1)
2015-04-06T11:00:03+00:00 DEBUG (7): Starting Subscriber Opt-In process for store: Wholesale (2)
2015-04-06T11:15:02+00:00 DEBUG (7): Starting Subscriber Opt-In process for store: Admin (0)
2015-04-06T11:15:02+00:00 DEBUG (7): Starting Subscriber Opt-In process for store: International (3)
2015-04-06T11:15:02+00:00 DEBUG (7): Starting Subscriber Opt-In process for store: Retail (1)
2015-04-06T11:15:03+00:00 INFO (6):   Adding Contact to list: Bloomingbath.com
2015-04-06T11:15:03+00:00 INFO (6):   Setting Contact (vgyaurova@gmail.com) status to: active
2015-04-06T11:15:03+00:00 DEBUG (7): Starting Subscriber Opt-In process for store: Wholesale (2)
2015-04-06T11:35:02+00:00 DEBUG (7): Starting Subscriber Opt-In process for store: Admin (0)
2015-04-06T11:35:02+00:00 DEBUG (7): Starting Subscriber Opt-In process for store: International (3)
2015-04-06T11:35:02+00:00 DEBUG (7): Starting Subscriber Opt-In process for store: Retail (1)
2015-04-06T11:35:03+00:00 DEBUG (7): Starting Subscriber Opt-In process for store: Wholesale (2)
2015-04-06T11:45:02+00:00 DEBUG (7): Starting Subscriber Opt-In process for store: Admin (0)
2015-04-06T11:45:02+00:00 DEBUG (7): Starting Subscriber Opt-In process for store: International (3)
2015-04-06T11:45:02+00:00 DEBUG (7): Starting Subscriber Opt-In process for store: Retail (1)
2015-04-06T11:45:03+00:00 DEBUG (7): Starting Subscriber Opt-In process for store: Wholesale (2)
2015-04-06T12:00:05+00:00 DEBUG (7): Starting Subscriber Opt-In process for store: Admin (0)
2015-04-06T12:00:05+00:00 DEBUG (7): Starting Subscriber Opt-In process for store: International (3)
2015-04-06T12:00:05+00:00 DEBUG (7): Starting Subscriber Opt-In process for store: Retail (1)
2015-04-06T12:00:06+00:00 DEBUG (7): Starting Subscriber Opt-In process for store: Wholesale (2)
2015-04-06T12:15:02+00:00 DEBUG (7): Starting Subscriber Opt-In process for store: Admin (0)
2015-04-06T12:15:02+00:00 DEBUG (7): Starting Subscriber Opt-In process for store: International (3)
2015-04-06T12:15:02+00:00 DEBUG (7): Starting Subscriber Opt-In process for store: Retail (1)
2015-04-06T12:15:03+00:00 DEBUG (7): Starting Subscriber Opt-In process for store: Wholesale (2)
2015-04-06T12:30:02+00:00 DEBUG (7): Starting Subscriber Opt-In process for store: Admin (0)
2015-04-06T12:30:02+00:00 DEBUG (7): Starting Subscriber Opt-In process for store: International (3)
2015-04-06T12:30:02+00:00 DEBUG (7): Starting Subscriber Opt-In process for store: Retail (1)
2015-04-06T12:30:03+00:00 DEBUG (7): Starting Subscriber Opt-In process for store: Wholesale (2)
2015-04-06T12:45:02+00:00 DEBUG (7): Starting Subscriber Opt-In process for store: Admin (0)
2015-04-06T12:45:02+00:00 DEBUG (7): Starting Subscriber Opt-In process for store: International (3)
2015-04-06T12:45:02+00:00 DEBUG (7): Starting Subscriber Opt-In process for store: Retail (1)
2015-04-06T12:45:03+00:00 DEBUG (7): Starting Subscriber Opt-In process for store: Wholesale (2)
2015-04-06T13:00:02+00:00 DEBUG (7): Starting Subscriber Opt-In process for store: Admin (0)
2015-04-06T13:00:02+00:00 DEBUG (7): Starting Subscriber Opt-In process for store: International (3)
2015-04-06T13:00:02+00:00 DEBUG (7): Starting Subscriber Opt-In process for store: Retail (1)
2015-04-06T13:00:03+00:00 DEBUG (7): Starting Subscriber Opt-In process for store: Wholesale (2)
2015-04-06T13:00:53+00:00 DEBUG (7): No subscription status found in session.
2015-04-06T13:15:04+00:00 DEBUG (7): Starting Subscriber Opt-In process for store: Admin (0)
2015-04-06T13:15:04+00:00 DEBUG (7): Starting Subscriber Opt-In process for store: International (3)
2015-04-06T13:15:04+00:00 DEBUG (7): Starting Subscriber Opt-In process for store: Retail (1)
2015-04-06T13:15:04+00:00 DEBUG (7): Starting Subscriber Opt-In process for store: Wholesale (2)
2015-04-06T13:30:02+00:00 DEBUG (7): Starting Subscriber Opt-In process for store: Admin (0)
2015-04-06T13:30:02+00:00 DEBUG (7): Starting Subscriber Opt-In process for store: International (3)
2015-04-06T13:30:02+00:00 DEBUG (7): Starting Subscriber Opt-In process for store: Retail (1)
2015-04-06T13:30:03+00:00 DEBUG (7): Starting Subscriber Opt-In process for store: Wholesale (2)
2015-04-06T13:45:02+00:00 DEBUG (7): Starting Subscriber Opt-In process for store: Admin (0)
2015-04-06T13:45:02+00:00 DEBUG (7): Starting Subscriber Opt-In process for store: International (3)
2015-04-06T13:45:02+00:00 DEBUG (7): Starting Subscriber Opt-In process for store: Retail (1)
2015-04-06T13:45:03+00:00 DEBUG (7): Starting Subscriber Opt-In process for store: Wholesale (2)
2015-04-06T14:00:02+00:00 DEBUG (7): Starting Subscriber Opt-In process for store: Admin (0)
2015-04-06T14:00:02+00:00 DEBUG (7): Starting Subscriber Opt-In process for store: International (3)
2015-04-06T14:00:02+00:00 DEBUG (7): Starting Subscriber Opt-In process for store: Retail (1)
2015-04-06T14:00:03+00:00 DEBUG (7): Starting Subscriber Opt-In process for store: Wholesale (2)
2015-04-06T14:15:02+00:00 DEBUG (7): Starting Subscriber Opt-In process for store: Admin (0)
2015-04-06T14:15:02+00:00 DEBUG (7): Starting Subscriber Opt-In process for store: International (3)
2015-04-06T14:15:02+00:00 DEBUG (7): Starting Subscriber Opt-In process for store: Retail (1)
2015-04-06T14:15:03+00:00 DEBUG (7): Starting Subscriber Opt-In process for store: Wholesale (2)
2015-04-06T14:20:24+00:00 DEBUG (7): No subscription status found in session.
2015-04-06T14:35:05+00:00 DEBUG (7): Starting Subscriber Opt-In process for store: Admin (0)
2015-04-06T14:35:05+00:00 DEBUG (7): Starting Subscriber Opt-In process for store: International (3)
2015-04-06T14:35:05+00:00 DEBUG (7): Starting Subscriber Opt-In process for store: Retail (1)
2015-04-06T14:35:05+00:00 DEBUG (7): Starting Subscriber Opt-In process for store: Wholesale (2)
2015-04-06T14:45:02+00:00 DEBUG (7): Starting Subscriber Opt-In process for store: Admin (0)
2015-04-06T14:45:02+00:00 DEBUG (7): Starting Subscriber Opt-In process for store: International (3)
2015-04-06T14:45:02+00:00 DEBUG (7): Starting Subscriber Opt-In process for store: Retail (1)
2015-04-06T14:45:03+00:00 DEBUG (7): Starting Subscriber Opt-In process for store: Wholesale (2)
2015-04-06T15:00:02+00:00 DEBUG (7): Starting Subscriber Opt-In process for store: Admin (0)
2015-04-06T15:00:02+00:00 DEBUG (7): Starting Subscriber Opt-In process for store: International (3)
2015-04-06T15:00:02+00:00 DEBUG (7): Starting Subscriber Opt-In process for store: Retail (1)
2015-04-06T15:00:03+00:00 DEBUG (7): Starting Subscriber Opt-In process for store: Wholesale (2)
2015-04-06T15:15:18+00:00 DEBUG (7): Starting Subscriber Opt-In process for store: Admin (0)
2015-04-06T15:15:18+00:00 DEBUG (7): Starting Subscriber Opt-In process for store: International (3)
2015-04-06T15:15:18+00:00 DEBUG (7): Starting Subscriber Opt-In process for store: Retail (1)
2015-04-06T15:15:18+00:00 DEBUG (7): Starting Subscriber Opt-In process for store: Wholesale (2)
2015-04-06T15:30:13+00:00 DEBUG (7): Starting Subscriber Opt-In process for store: Admin (0)
2015-04-06T15:30:13+00:00 DEBUG (7): Starting Subscriber Opt-In process for store: International (3)
2015-04-06T15:30:13+00:00 DEBUG (7): Starting Subscriber Opt-In process for store: Retail (1)
2015-04-06T15:30:13+00:00 DEBUG (7): Starting Subscriber Opt-In process for store: Wholesale (2)
2015-04-06T15:45:09+00:00 DEBUG (7): Starting Subscriber Opt-In process for store: Admin (0)
2015-04-06T15:45:09+00:00 DEBUG (7): Starting Subscriber Opt-In process for store: International (3)
2015-04-06T15:45:09+00:00 DEBUG (7): Starting Subscriber Opt-In process for store: Retail (1)
2015-04-06T15:45:10+00:00 DEBUG (7): Starting Subscriber Opt-In process for store: Wholesale (2)
2015-04-06T16:00:13+00:00 DEBUG (7): Starting Subscriber Opt-In process for store: Admin (0)
2015-04-06T16:00:13+00:00 DEBUG (7): Starting Subscriber Opt-In process for store: International (3)
2015-04-06T16:00:13+00:00 DEBUG (7): Starting Subscriber Opt-In process for store: Retail (1)
2015-04-06T16:00:13+00:00 DEBUG (7): Starting Subscriber Opt-In process for store: Wholesale (2)
2015-04-06T16:20:13+00:00 DEBUG (7): Starting Subscriber Opt-In process for store: Admin (0)
2015-04-06T16:20:13+00:00 DEBUG (7): Starting Subscriber Opt-In process for store: International (3)
2015-04-06T16:20:13+00:00 DEBUG (7): Starting Subscriber Opt-In process for store: Retail (1)
2015-04-06T16:20:13+00:00 DEBUG (7): Starting Subscriber Opt-In process for store: Wholesale (2)
2015-04-06T16:30:02+00:00 DEBUG (7): Starting Subscriber Opt-In process for store: Admin (0)
2015-04-06T16:30:02+00:00 DEBUG (7): Starting Subscriber Opt-In process for store: International (3)
2015-04-06T16:30:02+00:00 DEBUG (7): Starting Subscriber Opt-In process for store: Retail (1)
2015-04-06T16:30:03+00:00 DEBUG (7): Starting Subscriber Opt-In process for store: Wholesale (2)
2015-04-06T16:45:05+00:00 DEBUG (7): Starting Subscriber Opt-In process for store: Admin (0)
2015-04-06T16:45:05+00:00 DEBUG (7): Starting Subscriber Opt-In process for store: International (3)
2015-04-06T16:45:05+00:00 DEBUG (7): Starting Subscriber Opt-In process for store: Retail (1)
2015-04-06T16:45:05+00:00 DEBUG (7): Starting Subscriber Opt-In process for store: Wholesale (2)
2015-04-06T17:00:09+00:00 DEBUG (7): Starting Subscriber Opt-In process for store: Admin (0)
2015-04-06T17:00:09+00:00 DEBUG (7): Starting Subscriber Opt-In process for store: International (3)
2015-04-06T17:00:09+00:00 DEBUG (7): Starting Subscriber Opt-In process for store: Retail (1)
2015-04-06T17:00:10+00:00 DEBUG (7): Starting Subscriber Opt-In process for store: Wholesale (2)
2015-04-06T17:15:07+00:00 DEBUG (7): Starting Subscriber Opt-In process for store: Admin (0)
2015-04-06T17:15:07+00:00 DEBUG (7): Starting Subscriber Opt-In process for store: International (3)
2015-04-06T17:15:07+00:00 DEBUG (7): Starting Subscriber Opt-In process for store: Retail (1)
2015-04-06T17:15:07+00:00 DEBUG (7): Starting Subscriber Opt-In process for store: Wholesale (2)
2015-04-06T17:30:02+00:00 DEBUG (7): Starting Subscriber Opt-In process for store: Admin (0)
2015-04-06T17:30:02+00:00 DEBUG (7): Starting Subscriber Opt-In process for store: International (3)
2015-04-06T17:30:02+00:00 DEBUG (7): Starting Subscriber Opt-In process for store: Retail (1)
2015-04-06T17:30:03+00:00 DEBUG (7): Starting Subscriber Opt-In process for store: Wholesale (2)
2015-04-06T17:30:57+00:00 DEBUG (7): No subscription status found in session.
2015-04-06T17:45:04+00:00 DEBUG (7): Starting Subscriber Opt-In process for store: Admin (0)
2015-04-06T17:45:04+00:00 DEBUG (7): Starting Subscriber Opt-In process for store: International (3)
2015-04-06T17:45:04+00:00 DEBUG (7): Starting Subscriber Opt-In process for store: Retail (1)
2015-04-06T17:45:04+00:00 DEBUG (7): Starting Subscriber Opt-In process for store: Wholesale (2)
2015-04-06T18:00:02+00:00 DEBUG (7): Starting Subscriber Opt-In process for store: Admin (0)
2015-04-06T18:00:02+00:00 DEBUG (7): Starting Subscriber Opt-In process for store: International (3)
2015-04-06T18:00:02+00:00 DEBUG (7): Starting Subscriber Opt-In process for store: Retail (1)
2015-04-06T18:00:03+00:00 DEBUG (7): Starting Subscriber Opt-In process for store: Wholesale (2)
2015-04-06T18:15:04+00:00 DEBUG (7): Starting Subscriber Opt-In process for store: Admin (0)
2015-04-06T18:15:04+00:00 DEBUG (7): Starting Subscriber Opt-In process for store: International (3)
2015-04-06T18:15:04+00:00 DEBUG (7): Starting Subscriber Opt-In process for store: Retail (1)
2015-04-06T18:15:04+00:00 DEBUG (7): Starting Subscriber Opt-In process for store: Wholesale (2)
2015-04-06T18:29:47+00:00 DEBUG (7): No subscription status found in session.
2015-04-06T18:35:04+00:00 DEBUG (7): Starting Subscriber Opt-In process for store: Admin (0)
2015-04-06T18:35:04+00:00 DEBUG (7): Starting Subscriber Opt-In process for store: International (3)
2015-04-06T18:35:04+00:00 DEBUG (7): Starting Subscriber Opt-In process for store: Retail (1)
2015-04-06T18:35:05+00:00 INFO (6):   Adding Contact to list: Bloomingbath.com
2015-04-06T18:35:05+00:00 INFO (6):   Setting Contact (redissolovely@yahoo.com) status to: active
2015-04-06T18:35:05+00:00 INFO (6):   Adding Contact to list: Bloomingbath.com
2015-04-06T18:35:05+00:00 INFO (6):   Setting Contact (rskc63@aol.com) status to: active
2015-04-06T18:35:05+00:00 INFO (6):   Adding Contact to list: Bloomingbath.com
2015-04-06T18:35:05+00:00 INFO (6):   Setting Contact (cooltharu93@gmail.com) status to: active
2015-04-06T18:35:05+00:00 DEBUG (7): Starting Subscriber Opt-In process for store: Wholesale (2)
2015-04-06T18:45:02+00:00 DEBUG (7): Starting Subscriber Opt-In process for store: Admin (0)
2015-04-06T18:45:03+00:00 DEBUG (7): Starting Subscriber Opt-In process for store: International (3)
2015-04-06T18:45:03+00:00 DEBUG (7): Starting Subscriber Opt-In process for store: Retail (1)
2015-04-06T18:45:03+00:00 DEBUG (7): Starting Subscriber Opt-In process for store: Wholesale (2)
2015-04-06T19:00:04+00:00 DEBUG (7): Starting Subscriber Opt-In process for store: Admin (0)
2015-04-06T19:00:04+00:00 DEBUG (7): Starting Subscriber Opt-In process for store: International (3)
2015-04-06T19:00:04+00:00 DEBUG (7): Starting Subscriber Opt-In process for store: Retail (1)
2015-04-06T19:00:04+00:00 DEBUG (7): Starting Subscriber Opt-In process for store: Wholesale (2)
2015-04-06T19:15:02+00:00 DEBUG (7): Starting Subscriber Opt-In process for store: Admin (0)
2015-04-06T19:15:02+00:00 DEBUG (7): Starting Subscriber Opt-In process for store: International (3)
2015-04-06T19:15:02+00:00 DEBUG (7): Starting Subscriber Opt-In process for store: Retail (1)
2015-04-06T19:15:04+00:00 DEBUG (7): Starting Subscriber Opt-In process for store: Wholesale (2)
2015-04-06T19:30:03+00:00 DEBUG (7): Starting Subscriber Opt-In process for store: Admin (0)
2015-04-06T19:30:03+00:00 DEBUG (7): Starting Subscriber Opt-In process for store: International (3)
2015-04-06T19:30:03+00:00 DEBUG (7): Starting Subscriber Opt-In process for store: Retail (1)
2015-04-06T19:30:03+00:00 DEBUG (7): Starting Subscriber Opt-In process for store: Wholesale (2)
2015-04-06T19:45:02+00:00 DEBUG (7): Starting Subscriber Opt-In process for store: Admin (0)
2015-04-06T19:45:02+00:00 DEBUG (7): Starting Subscriber Opt-In process for store: International (3)
2015-04-06T19:45:02+00:00 DEBUG (7): Starting Subscriber Opt-In process for store: Retail (1)
2015-04-06T19:45:03+00:00 INFO (6):   Adding Contact to list: Bloomingbath.com
2015-04-06T19:45:03+00:00 INFO (6):   Setting Contact (Eddie.Mendoza04@gmail.com) status to: active
2015-04-06T19:45:03+00:00 DEBUG (7): Starting Subscriber Opt-In process for store: Wholesale (2)
2015-04-06T20:00:02+00:00 DEBUG (7): Starting Subscriber Opt-In process for store: Admin (0)
2015-04-06T20:00:02+00:00 DEBUG (7): Starting Subscriber Opt-In process for store: International (3)
2015-04-06T20:00:02+00:00 DEBUG (7): Starting Subscriber Opt-In process for store: Retail (1)
2015-04-06T20:00:03+00:00 DEBUG (7): Starting Subscriber Opt-In process for store: Wholesale (2)
2015-04-06T20:15:02+00:00 DEBUG (7): Starting Subscriber Opt-In process for store: Admin (0)
2015-04-06T20:15:02+00:00 DEBUG (7): Starting Subscriber Opt-In process for store: International (3)
2015-04-06T20:15:02+00:00 DEBUG (7): Starting Subscriber Opt-In process for store: Retail (1)
2015-04-06T20:15:03+00:00 DEBUG (7): Starting Subscriber Opt-In process for store: Wholesale (2)
2015-04-06T20:35:02+00:00 DEBUG (7): Starting Subscriber Opt-In process for store: Admin (0)
2015-04-06T20:35:02+00:00 DEBUG (7): Starting Subscriber Opt-In process for store: International (3)
2015-04-06T20:35:02+00:00 DEBUG (7): Starting Subscriber Opt-In process for store: Retail (1)
2015-04-06T20:35:03+00:00 INFO (6):   Adding Contact to list: Bloomingbath.com
2015-04-06T20:35:03+00:00 INFO (6):   Setting Contact (achildscottage@outlook.com) status to: active
2015-04-06T20:35:04+00:00 DEBUG (7): Starting Subscriber Opt-In process for store: Wholesale (2)
2015-04-06T20:45:02+00:00 DEBUG (7): Starting Subscriber Opt-In process for store: Admin (0)
2015-04-06T20:45:02+00:00 DEBUG (7): Starting Subscriber Opt-In process for store: International (3)
2015-04-06T20:45:02+00:00 DEBUG (7): Starting Subscriber Opt-In process for store: Retail (1)
2015-04-06T20:45:03+00:00 DEBUG (7): Starting Subscriber Opt-In process for store: Wholesale (2)
2015-04-06T21:00:02+00:00 DEBUG (7): Starting Subscriber Opt-In process for store: Admin (0)
2015-04-06T21:00:02+00:00 DEBUG (7): Starting Subscriber Opt-In process for store: International (3)
2015-04-06T21:00:02+00:00 DEBUG (7): Starting Subscriber Opt-In process for store: Retail (1)
2015-04-06T21:00:03+00:00 DEBUG (7): Starting Subscriber Opt-In process for store: Wholesale (2)
2015-04-06T21:15:14+00:00 DEBUG (7): Starting Subscriber Opt-In process for store: Admin (0)
2015-04-06T21:15:14+00:00 DEBUG (7): Starting Subscriber Opt-In process for store: International (3)
2015-04-06T21:15:14+00:00 DEBUG (7): Starting Subscriber Opt-In process for store: Retail (1)
2015-04-06T21:15:14+00:00 DEBUG (7): Starting Subscriber Opt-In process for store: Wholesale (2)
2015-04-06T21:30:03+00:00 DEBUG (7): Starting Subscriber Opt-In process for store: Admin (0)
2015-04-06T21:30:03+00:00 DEBUG (7): Starting Subscriber Opt-In process for store: International (3)
2015-04-06T21:30:03+00:00 DEBUG (7): Starting Subscriber Opt-In process for store: Retail (1)
2015-04-06T21:30:04+00:00 DEBUG (7): Starting Subscriber Opt-In process for store: Wholesale (2)
2015-04-06T21:34:30+00:00 DEBUG (7): No subscription status found in session.
2015-04-06T21:45:05+00:00 DEBUG (7): Starting Subscriber Opt-In process for store: Admin (0)
2015-04-06T21:45:05+00:00 DEBUG (7): Starting Subscriber Opt-In process for store: International (3)
2015-04-06T21:45:05+00:00 DEBUG (7): Starting Subscriber Opt-In process for store: Retail (1)
2015-04-06T21:45:05+00:00 INFO (6):   Adding Contact to list: Bloomingbath.com
2015-04-06T21:45:05+00:00 INFO (6):   Setting Contact (aaldrich@artemissg.com) status to: active
2015-04-06T21:45:05+00:00 DEBUG (7): Starting Subscriber Opt-In process for store: Wholesale (2)
2015-04-06T22:00:04+00:00 DEBUG (7): Starting Subscriber Opt-In process for store: Admin (0)
2015-04-06T22:00:04+00:00 DEBUG (7): Starting Subscriber Opt-In process for store: International (3)
2015-04-06T22:00:04+00:00 DEBUG (7): Starting Subscriber Opt-In process for store: Retail (1)
2015-04-06T22:00:04+00:00 INFO (6):   Adding Contact to list: Bloomingbath.com
2015-04-06T22:00:04+00:00 INFO (6):   Setting Contact (nicole.s.penney@outlook.com) status to: active
2015-04-06T22:00:04+00:00 DEBUG (7): Starting Subscriber Opt-In process for store: Wholesale (2)
2015-04-06T22:15:08+00:00 DEBUG (7): Starting Subscriber Opt-In process for store: Admin (0)
2015-04-06T22:15:08+00:00 DEBUG (7): Starting Subscriber Opt-In process for store: International (3)
2015-04-06T22:15:08+00:00 DEBUG (7): Starting Subscriber Opt-In process for store: Retail (1)
2015-04-06T22:15:08+00:00 DEBUG (7): Starting Subscriber Opt-In process for store: Wholesale (2)
2015-04-06T22:28:30+00:00 DEBUG (7): No subscription status found in session.
2015-04-06T22:30:05+00:00 DEBUG (7): Starting Subscriber Opt-In process for store: Admin (0)
2015-04-06T22:30:05+00:00 DEBUG (7): Starting Subscriber Opt-In process for store: International (3)
2015-04-06T22:30:05+00:00 DEBUG (7): Starting Subscriber Opt-In process for store: Retail (1)
2015-04-06T22:30:05+00:00 INFO (6):   Adding Contact to list: Bloomingbath.com
2015-04-06T22:30:05+00:00 INFO (6):   Setting Contact (theresarumph@yahoo.com) status to: active
2015-04-06T22:30:05+00:00 DEBUG (7): Starting Subscriber Opt-In process for store: Wholesale (2)
2015-04-06T22:34:48+00:00 DEBUG (7): No subscription status found in session.
2015-04-06T22:45:04+00:00 DEBUG (7): Starting Subscriber Opt-In process for store: Admin (0)
2015-04-06T22:45:04+00:00 DEBUG (7): Starting Subscriber Opt-In process for store: International (3)
2015-04-06T22:45:04+00:00 DEBUG (7): Starting Subscriber Opt-In process for store: Retail (1)
2015-04-06T22:45:04+00:00 DEBUG (7): Starting Subscriber Opt-In process for store: Wholesale (2)
2015-04-06T23:00:02+00:00 DEBUG (7): Starting Subscriber Opt-In process for store: Admin (0)
2015-04-06T23:00:02+00:00 DEBUG (7): Starting Subscriber Opt-In process for store: International (3)
2015-04-06T23:00:02+00:00 DEBUG (7): Starting Subscriber Opt-In process for store: Retail (1)
2015-04-06T23:00:03+00:00 DEBUG (7): Starting Subscriber Opt-In process for store: Wholesale (2)
2015-04-06T23:15:03+00:00 DEBUG (7): Starting Subscriber Opt-In process for store: Admin (0)
2015-04-06T23:15:03+00:00 DEBUG (7): Starting Subscriber Opt-In process for store: International (3)
2015-04-06T23:15:03+00:00 DEBUG (7): Starting Subscriber Opt-In process for store: Retail (1)
2015-04-06T23:15:03+00:00 DEBUG (7): Starting Subscriber Opt-In process for store: Wholesale (2)
2015-04-06T23:30:02+00:00 DEBUG (7): Starting Subscriber Opt-In process for store: Admin (0)
2015-04-06T23:30:02+00:00 DEBUG (7): Starting Subscriber Opt-In process for store: International (3)
2015-04-06T23:30:02+00:00 DEBUG (7): Starting Subscriber Opt-In process for store: Retail (1)
2015-04-06T23:30:04+00:00 INFO (6):   Adding Contact to list: Bloomingbath.com
2015-04-06T23:30:04+00:00 INFO (6):   Setting Contact (grammasplace4@yahoo.com) status to: active
2015-04-06T23:30:04+00:00 DEBUG (7): Starting Subscriber Opt-In process for store: Wholesale (2)
2015-04-06T23:45:02+00:00 DEBUG (7): Starting Subscriber Opt-In process for store: Admin (0)
2015-04-06T23:45:02+00:00 DEBUG (7): Starting Subscriber Opt-In process for store: International (3)
2015-04-06T23:45:02+00:00 DEBUG (7): Starting Subscriber Opt-In process for store: Retail (1)
2015-04-06T23:45:03+00:00 DEBUG (7): Starting Subscriber Opt-In process for store: Wholesale (2)
