2015-03-31T00:00:02+00:00 DEBUG (7): Starting Subscriber Opt-In process for store: Admin (0)
2015-03-31T00:00:02+00:00 DEBUG (7): Starting Subscriber Opt-In process for store: International (3)
2015-03-31T00:00:02+00:00 DEBUG (7): Starting Subscriber Opt-In process for store: Retail (1)
2015-03-31T00:00:02+00:00 DEBUG (7): Starting Subscriber Opt-In process for store: Wholesale (2)
2015-03-31T00:15:02+00:00 DEBUG (7): Starting Subscriber Opt-In process for store: Admin (0)
2015-03-31T00:15:02+00:00 DEBUG (7): Starting Subscriber Opt-In process for store: International (3)
2015-03-31T00:15:02+00:00 DEBUG (7): Starting Subscriber Opt-In process for store: Retail (1)
2015-03-31T00:15:03+00:00 DEBUG (7): Starting Subscriber Opt-In process for store: Wholesale (2)
2015-03-31T00:30:03+00:00 DEBUG (7): Starting Subscriber Opt-In process for store: Admin (0)
2015-03-31T00:30:03+00:00 DEBUG (7): Starting Subscriber Opt-In process for store: International (3)
2015-03-31T00:30:03+00:00 DEBUG (7): Starting Subscriber Opt-In process for store: Retail (1)
2015-03-31T00:30:04+00:00 DEBUG (7): Starting Subscriber Opt-In process for store: Wholesale (2)
2015-03-31T00:45:02+00:00 DEBUG (7): Starting Subscriber Opt-In process for store: Admin (0)
2015-03-31T00:45:02+00:00 DEBUG (7): Starting Subscriber Opt-In process for store: International (3)
2015-03-31T00:45:02+00:00 DEBUG (7): Starting Subscriber Opt-In process for store: Retail (1)
2015-03-31T00:45:03+00:00 DEBUG (7): Starting Subscriber Opt-In process for store: Wholesale (2)
2015-03-31T01:00:02+00:00 DEBUG (7): Starting Subscriber Opt-In process for store: Admin (0)
2015-03-31T01:00:02+00:00 DEBUG (7): Starting Subscriber Opt-In process for store: International (3)
2015-03-31T01:00:02+00:00 DEBUG (7): Starting Subscriber Opt-In process for store: Retail (1)
2015-03-31T01:00:03+00:00 DEBUG (7): Starting Subscriber Opt-In process for store: Wholesale (2)
2015-03-31T01:03:09+00:00 DEBUG (7): No subscription status found in session.
2015-03-31T01:08:36+00:00 DEBUG (7): No subscription status found in session.
2015-03-31T01:15:05+00:00 DEBUG (7): Starting Subscriber Opt-In process for store: Admin (0)
2015-03-31T01:15:05+00:00 DEBUG (7): Starting Subscriber Opt-In process for store: International (3)
2015-03-31T01:15:05+00:00 DEBUG (7): Starting Subscriber Opt-In process for store: Retail (1)
2015-03-31T01:15:05+00:00 INFO (6):   Adding Contact to list: Bloomingbath.com
2015-03-31T01:15:05+00:00 INFO (6):   Setting Contact (sweetcndycane@hotmail.com) status to: active
2015-03-31T01:15:05+00:00 DEBUG (7): Starting Subscriber Opt-In process for store: Wholesale (2)
2015-03-31T01:16:20+00:00 DEBUG (7): No subscription status found in session.
2015-03-31T01:30:05+00:00 DEBUG (7): Starting Subscriber Opt-In process for store: Admin (0)
2015-03-31T01:30:05+00:00 DEBUG (7): Starting Subscriber Opt-In process for store: International (3)
2015-03-31T01:30:05+00:00 DEBUG (7): Starting Subscriber Opt-In process for store: Retail (1)
2015-03-31T01:30:06+00:00 INFO (6):   Adding Contact to list: Bloomingbath.com
2015-03-31T01:30:06+00:00 INFO (6):   Setting Contact (dp-pustejovsky@sbcglobal.net) status to: active
2015-03-31T01:30:06+00:00 DEBUG (7): Starting Subscriber Opt-In process for store: Wholesale (2)
2015-03-31T01:34:49+00:00 DEBUG (7): No subscription status found in session.
2015-03-31T01:45:04+00:00 DEBUG (7): Starting Subscriber Opt-In process for store: Admin (0)
2015-03-31T01:45:04+00:00 DEBUG (7): Starting Subscriber Opt-In process for store: International (3)
2015-03-31T01:45:04+00:00 DEBUG (7): Starting Subscriber Opt-In process for store: Retail (1)
2015-03-31T01:45:04+00:00 INFO (6):   Adding Contact to list: Bloomingbath.com
2015-03-31T01:45:04+00:00 INFO (6):   Setting Contact (workingmom0112@aol.com) status to: active
2015-03-31T01:45:04+00:00 INFO (6):   Adding Contact to list: Bloomingbath.com
2015-03-31T01:45:04+00:00 INFO (6):   Setting Contact (pinkkiss6@msn.com) status to: active
2015-03-31T01:45:04+00:00 DEBUG (7): Starting Subscriber Opt-In process for store: Wholesale (2)
2015-03-31T01:54:47+00:00 DEBUG (7): No subscription status found in session.
2015-03-31T02:00:04+00:00 DEBUG (7): Starting Subscriber Opt-In process for store: Admin (0)
2015-03-31T02:00:04+00:00 DEBUG (7): Starting Subscriber Opt-In process for store: International (3)
2015-03-31T02:00:04+00:00 DEBUG (7): Starting Subscriber Opt-In process for store: Retail (1)
2015-03-31T02:00:04+00:00 INFO (6):   Adding Contact to list: Bloomingbath.com
2015-03-31T02:00:05+00:00 INFO (6):   Setting Contact (jessie.rosol@gmail.com) status to: active
2015-03-31T02:00:05+00:00 INFO (6):   Adding Contact to list: Bloomingbath.com
2015-03-31T02:00:05+00:00 INFO (6):   Setting Contact (suzie19787474@gmail.com) status to: active
2015-03-31T02:00:05+00:00 DEBUG (7): Starting Subscriber Opt-In process for store: Wholesale (2)
2015-03-31T02:15:02+00:00 DEBUG (7): Starting Subscriber Opt-In process for store: Admin (0)
2015-03-31T02:15:02+00:00 DEBUG (7): Starting Subscriber Opt-In process for store: International (3)
2015-03-31T02:15:02+00:00 DEBUG (7): Starting Subscriber Opt-In process for store: Retail (1)
2015-03-31T02:15:03+00:00 DEBUG (7): Starting Subscriber Opt-In process for store: Wholesale (2)
2015-03-31T02:35:02+00:00 DEBUG (7): Starting Subscriber Opt-In process for store: Admin (0)
2015-03-31T02:35:02+00:00 DEBUG (7): Starting Subscriber Opt-In process for store: International (3)
2015-03-31T02:35:02+00:00 DEBUG (7): Starting Subscriber Opt-In process for store: Retail (1)
2015-03-31T02:35:03+00:00 INFO (6):   Adding Contact to list: Bloomingbath.com
2015-03-31T02:35:03+00:00 INFO (6):   Setting Contact (wwaston5428@gmail.com) status to: active
2015-03-31T02:35:04+00:00 INFO (6):   Adding Contact to list: Bloomingbath.com
2015-03-31T02:35:04+00:00 INFO (6):   Setting Contact (reinapirro@aol.com) status to: active
2015-03-31T02:35:04+00:00 DEBUG (7): Starting Subscriber Opt-In process for store: Wholesale (2)
2015-03-31T02:45:02+00:00 DEBUG (7): Starting Subscriber Opt-In process for store: Admin (0)
2015-03-31T02:45:02+00:00 DEBUG (7): Starting Subscriber Opt-In process for store: International (3)
2015-03-31T02:45:02+00:00 DEBUG (7): Starting Subscriber Opt-In process for store: Retail (1)
2015-03-31T02:45:03+00:00 INFO (6):   Adding Contact to list: Bloomingbath.com
2015-03-31T02:45:03+00:00 INFO (6):   Setting Contact (joeidg3@gmail.com) status to: active
2015-03-31T02:45:03+00:00 DEBUG (7): Starting Subscriber Opt-In process for store: Wholesale (2)
2015-03-31T03:00:07+00:00 DEBUG (7): Starting Subscriber Opt-In process for store: Admin (0)
2015-03-31T03:00:07+00:00 DEBUG (7): Starting Subscriber Opt-In process for store: International (3)
2015-03-31T03:00:07+00:00 DEBUG (7): Starting Subscriber Opt-In process for store: Retail (1)
2015-03-31T03:00:08+00:00 INFO (6):   Adding Contact to list: Bloomingbath.com
2015-03-31T03:00:08+00:00 INFO (6):   Setting Contact (holmer@unomaha.edu) status to: active
2015-03-31T03:00:08+00:00 DEBUG (7): Starting Subscriber Opt-In process for store: Wholesale (2)
2015-03-31T03:15:03+00:00 DEBUG (7): Starting Subscriber Opt-In process for store: Admin (0)
2015-03-31T03:15:03+00:00 DEBUG (7): Starting Subscriber Opt-In process for store: International (3)
2015-03-31T03:15:03+00:00 DEBUG (7): Starting Subscriber Opt-In process for store: Retail (1)
2015-03-31T03:15:04+00:00 INFO (6):   Adding Contact to list: Bloomingbath.com
2015-03-31T03:15:04+00:00 INFO (6):   Setting Contact (ckohl2013@gmail.com) status to: active
2015-03-31T03:15:04+00:00 DEBUG (7): Starting Subscriber Opt-In process for store: Wholesale (2)
2015-03-31T03:30:04+00:00 DEBUG (7): Starting Subscriber Opt-In process for store: Admin (0)
2015-03-31T03:30:04+00:00 DEBUG (7): Starting Subscriber Opt-In process for store: International (3)
2015-03-31T03:30:04+00:00 DEBUG (7): Starting Subscriber Opt-In process for store: Retail (1)
2015-03-31T03:30:05+00:00 DEBUG (7): Starting Subscriber Opt-In process for store: Wholesale (2)
2015-03-31T03:45:02+00:00 DEBUG (7): Starting Subscriber Opt-In process for store: Admin (0)
2015-03-31T03:45:02+00:00 DEBUG (7): Starting Subscriber Opt-In process for store: International (3)
2015-03-31T03:45:02+00:00 DEBUG (7): Starting Subscriber Opt-In process for store: Retail (1)
2015-03-31T03:45:03+00:00 DEBUG (7): Starting Subscriber Opt-In process for store: Wholesale (2)
2015-03-31T04:00:02+00:00 DEBUG (7): Starting Subscriber Opt-In process for store: Admin (0)
2015-03-31T04:00:02+00:00 DEBUG (7): Starting Subscriber Opt-In process for store: International (3)
2015-03-31T04:00:02+00:00 DEBUG (7): Starting Subscriber Opt-In process for store: Retail (1)
2015-03-31T04:00:03+00:00 DEBUG (7): Starting Subscriber Opt-In process for store: Wholesale (2)
2015-03-31T04:15:02+00:00 DEBUG (7): Starting Subscriber Opt-In process for store: Admin (0)
2015-03-31T04:15:02+00:00 DEBUG (7): Starting Subscriber Opt-In process for store: International (3)
2015-03-31T04:15:02+00:00 DEBUG (7): Starting Subscriber Opt-In process for store: Retail (1)
2015-03-31T04:15:03+00:00 DEBUG (7): Starting Subscriber Opt-In process for store: Wholesale (2)
2015-03-31T04:30:03+00:00 DEBUG (7): Starting Subscriber Opt-In process for store: Admin (0)
2015-03-31T04:30:03+00:00 DEBUG (7): Starting Subscriber Opt-In process for store: International (3)
2015-03-31T04:30:03+00:00 DEBUG (7): Starting Subscriber Opt-In process for store: Retail (1)
2015-03-31T04:30:04+00:00 INFO (6):   Adding Contact to list: Bloomingbath.com
2015-03-31T04:30:04+00:00 INFO (6):   Setting Contact (saera_ann@yahoo.com) status to: active
2015-03-31T04:30:04+00:00 DEBUG (7): Starting Subscriber Opt-In process for store: Wholesale (2)
2015-03-31T04:34:59+00:00 DEBUG (7): No subscription status found in session.
2015-03-31T04:45:09+00:00 DEBUG (7): Starting Subscriber Opt-In process for store: Admin (0)
2015-03-31T04:45:09+00:00 DEBUG (7): Starting Subscriber Opt-In process for store: International (3)
2015-03-31T04:45:09+00:00 DEBUG (7): Starting Subscriber Opt-In process for store: Retail (1)
2015-03-31T04:45:09+00:00 DEBUG (7): Starting Subscriber Opt-In process for store: Wholesale (2)
2015-03-31T05:00:02+00:00 DEBUG (7): Starting Subscriber Opt-In process for store: Admin (0)
2015-03-31T05:00:02+00:00 DEBUG (7): Starting Subscriber Opt-In process for store: International (3)
2015-03-31T05:00:02+00:00 DEBUG (7): Starting Subscriber Opt-In process for store: Retail (1)
2015-03-31T05:00:03+00:00 DEBUG (7): Starting Subscriber Opt-In process for store: Wholesale (2)
2015-03-31T05:15:02+00:00 DEBUG (7): Starting Subscriber Opt-In process for store: Admin (0)
2015-03-31T05:15:02+00:00 DEBUG (7): Starting Subscriber Opt-In process for store: International (3)
2015-03-31T05:15:02+00:00 DEBUG (7): Starting Subscriber Opt-In process for store: Retail (1)
2015-03-31T05:15:03+00:00 DEBUG (7): Starting Subscriber Opt-In process for store: Wholesale (2)
2015-03-31T05:35:03+00:00 DEBUG (7): Starting Subscriber Opt-In process for store: Admin (0)
2015-03-31T05:35:03+00:00 DEBUG (7): Starting Subscriber Opt-In process for store: International (3)
2015-03-31T05:35:03+00:00 DEBUG (7): Starting Subscriber Opt-In process for store: Retail (1)
2015-03-31T05:35:03+00:00 DEBUG (7): Starting Subscriber Opt-In process for store: Wholesale (2)
2015-03-31T05:45:02+00:00 DEBUG (7): Starting Subscriber Opt-In process for store: Admin (0)
2015-03-31T05:45:02+00:00 DEBUG (7): Starting Subscriber Opt-In process for store: International (3)
2015-03-31T05:45:02+00:00 DEBUG (7): Starting Subscriber Opt-In process for store: Retail (1)
2015-03-31T05:45:03+00:00 DEBUG (7): Starting Subscriber Opt-In process for store: Wholesale (2)
2015-03-31T06:00:02+00:00 DEBUG (7): Starting Subscriber Opt-In process for store: Admin (0)
2015-03-31T06:00:02+00:00 DEBUG (7): Starting Subscriber Opt-In process for store: International (3)
2015-03-31T06:00:02+00:00 DEBUG (7): Starting Subscriber Opt-In process for store: Retail (1)
2015-03-31T06:00:03+00:00 DEBUG (7): Starting Subscriber Opt-In process for store: Wholesale (2)
2015-03-31T06:15:02+00:00 DEBUG (7): Starting Subscriber Opt-In process for store: Admin (0)
2015-03-31T06:15:02+00:00 DEBUG (7): Starting Subscriber Opt-In process for store: International (3)
2015-03-31T06:15:02+00:00 DEBUG (7): Starting Subscriber Opt-In process for store: Retail (1)
2015-03-31T06:15:04+00:00 DEBUG (7): Starting Subscriber Opt-In process for store: Wholesale (2)
2015-03-31T06:30:02+00:00 DEBUG (7): Starting Subscriber Opt-In process for store: Admin (0)
2015-03-31T06:30:02+00:00 DEBUG (7): Starting Subscriber Opt-In process for store: International (3)
2015-03-31T06:30:02+00:00 DEBUG (7): Starting Subscriber Opt-In process for store: Retail (1)
2015-03-31T06:30:03+00:00 DEBUG (7): Starting Subscriber Opt-In process for store: Wholesale (2)
2015-03-31T06:45:02+00:00 DEBUG (7): Starting Subscriber Opt-In process for store: Admin (0)
2015-03-31T06:45:02+00:00 DEBUG (7): Starting Subscriber Opt-In process for store: International (3)
2015-03-31T06:45:02+00:00 DEBUG (7): Starting Subscriber Opt-In process for store: Retail (1)
2015-03-31T06:45:03+00:00 DEBUG (7): Starting Subscriber Opt-In process for store: Wholesale (2)
2015-03-31T07:05:12+00:00 DEBUG (7): Starting Subscriber Opt-In process for store: Admin (0)
2015-03-31T07:05:12+00:00 DEBUG (7): Starting Subscriber Opt-In process for store: International (3)
2015-03-31T07:05:12+00:00 DEBUG (7): Starting Subscriber Opt-In process for store: Retail (1)
2015-03-31T07:05:12+00:00 DEBUG (7): Starting Subscriber Opt-In process for store: Wholesale (2)
2015-03-31T07:15:02+00:00 DEBUG (7): Starting Subscriber Opt-In process for store: Admin (0)
2015-03-31T07:15:02+00:00 DEBUG (7): Starting Subscriber Opt-In process for store: International (3)
2015-03-31T07:15:02+00:00 DEBUG (7): Starting Subscriber Opt-In process for store: Retail (1)
2015-03-31T07:15:03+00:00 DEBUG (7): Starting Subscriber Opt-In process for store: Wholesale (2)
2015-03-31T07:30:02+00:00 DEBUG (7): Starting Subscriber Opt-In process for store: Admin (0)
2015-03-31T07:30:02+00:00 DEBUG (7): Starting Subscriber Opt-In process for store: International (3)
2015-03-31T07:30:02+00:00 DEBUG (7): Starting Subscriber Opt-In process for store: Retail (1)
2015-03-31T07:30:03+00:00 DEBUG (7): Starting Subscriber Opt-In process for store: Wholesale (2)
2015-03-31T07:45:02+00:00 DEBUG (7): Starting Subscriber Opt-In process for store: Admin (0)
2015-03-31T07:45:02+00:00 DEBUG (7): Starting Subscriber Opt-In process for store: International (3)
2015-03-31T07:45:02+00:00 DEBUG (7): Starting Subscriber Opt-In process for store: Retail (1)
2015-03-31T07:45:03+00:00 DEBUG (7): Starting Subscriber Opt-In process for store: Wholesale (2)
2015-03-31T08:00:33+00:00 DEBUG (7): Starting Subscriber Opt-In process for store: Admin (0)
2015-03-31T08:00:33+00:00 DEBUG (7): Starting Subscriber Opt-In process for store: International (3)
2015-03-31T08:00:33+00:00 DEBUG (7): Starting Subscriber Opt-In process for store: Retail (1)
2015-03-31T08:00:34+00:00 DEBUG (7): Starting Subscriber Opt-In process for store: Wholesale (2)
2015-03-31T08:15:02+00:00 DEBUG (7): Starting Subscriber Opt-In process for store: Admin (0)
2015-03-31T08:15:02+00:00 DEBUG (7): Starting Subscriber Opt-In process for store: International (3)
2015-03-31T08:15:02+00:00 DEBUG (7): Starting Subscriber Opt-In process for store: Retail (1)
2015-03-31T08:15:03+00:00 INFO (6):   Adding Contact to list: Bloomingbath.com
2015-03-31T08:15:03+00:00 INFO (6):   Setting Contact (yuantian1202_2@yahoo.com) status to: active
2015-03-31T08:15:03+00:00 DEBUG (7): Starting Subscriber Opt-In process for store: Wholesale (2)
2015-03-31T08:30:02+00:00 DEBUG (7): Starting Subscriber Opt-In process for store: Admin (0)
2015-03-31T08:30:02+00:00 DEBUG (7): Starting Subscriber Opt-In process for store: International (3)
2015-03-31T08:30:02+00:00 DEBUG (7): Starting Subscriber Opt-In process for store: Retail (1)
2015-03-31T08:30:03+00:00 INFO (6):   Adding Contact to list: Bloomingbath.com
2015-03-31T08:30:03+00:00 INFO (6):   Setting Contact (kayleighjackson94@yahoo.com) status to: active
2015-03-31T08:30:04+00:00 DEBUG (7): Starting Subscriber Opt-In process for store: Wholesale (2)
2015-03-31T08:50:02+00:00 DEBUG (7): Starting Subscriber Opt-In process for store: Admin (0)
2015-03-31T08:50:02+00:00 DEBUG (7): Starting Subscriber Opt-In process for store: International (3)
2015-03-31T08:50:02+00:00 DEBUG (7): Starting Subscriber Opt-In process for store: Retail (1)
2015-03-31T08:50:03+00:00 DEBUG (7): Starting Subscriber Opt-In process for store: Wholesale (2)
2015-03-31T09:00:07+00:00 DEBUG (7): Starting Subscriber Opt-In process for store: Admin (0)
2015-03-31T09:00:07+00:00 DEBUG (7): Starting Subscriber Opt-In process for store: International (3)
2015-03-31T09:00:07+00:00 DEBUG (7): Starting Subscriber Opt-In process for store: Retail (1)
2015-03-31T09:00:08+00:00 DEBUG (7): Starting Subscriber Opt-In process for store: Wholesale (2)
2015-03-31T09:15:02+00:00 DEBUG (7): Starting Subscriber Opt-In process for store: Admin (0)
2015-03-31T09:15:02+00:00 DEBUG (7): Starting Subscriber Opt-In process for store: International (3)
2015-03-31T09:15:02+00:00 DEBUG (7): Starting Subscriber Opt-In process for store: Retail (1)
2015-03-31T09:15:03+00:00 DEBUG (7): Starting Subscriber Opt-In process for store: Wholesale (2)
2015-03-31T09:30:02+00:00 DEBUG (7): Starting Subscriber Opt-In process for store: Admin (0)
2015-03-31T09:30:02+00:00 DEBUG (7): Starting Subscriber Opt-In process for store: International (3)
2015-03-31T09:30:02+00:00 DEBUG (7): Starting Subscriber Opt-In process for store: Retail (1)
2015-03-31T09:30:03+00:00 DEBUG (7): Starting Subscriber Opt-In process for store: Wholesale (2)
2015-03-31T09:45:02+00:00 DEBUG (7): Starting Subscriber Opt-In process for store: Admin (0)
2015-03-31T09:45:02+00:00 DEBUG (7): Starting Subscriber Opt-In process for store: International (3)
2015-03-31T09:45:02+00:00 DEBUG (7): Starting Subscriber Opt-In process for store: Retail (1)
2015-03-31T09:45:02+00:00 DEBUG (7): Starting Subscriber Opt-In process for store: Wholesale (2)
2015-03-31T10:00:02+00:00 DEBUG (7): Starting Subscriber Opt-In process for store: Admin (0)
2015-03-31T10:00:02+00:00 DEBUG (7): Starting Subscriber Opt-In process for store: International (3)
2015-03-31T10:00:02+00:00 DEBUG (7): Starting Subscriber Opt-In process for store: Retail (1)
2015-03-31T10:00:03+00:00 DEBUG (7): Starting Subscriber Opt-In process for store: Wholesale (2)
2015-03-31T10:15:02+00:00 DEBUG (7): Starting Subscriber Opt-In process for store: Admin (0)
2015-03-31T10:15:02+00:00 DEBUG (7): Starting Subscriber Opt-In process for store: International (3)
2015-03-31T10:15:02+00:00 DEBUG (7): Starting Subscriber Opt-In process for store: Retail (1)
2015-03-31T10:15:03+00:00 DEBUG (7): Starting Subscriber Opt-In process for store: Wholesale (2)
2015-03-31T10:30:02+00:00 DEBUG (7): Starting Subscriber Opt-In process for store: Admin (0)
2015-03-31T10:30:02+00:00 DEBUG (7): Starting Subscriber Opt-In process for store: International (3)
2015-03-31T10:30:02+00:00 DEBUG (7): Starting Subscriber Opt-In process for store: Retail (1)
2015-03-31T10:30:03+00:00 DEBUG (7): Starting Subscriber Opt-In process for store: Wholesale (2)
2015-03-31T10:50:02+00:00 DEBUG (7): Starting Subscriber Opt-In process for store: Admin (0)
2015-03-31T10:50:02+00:00 DEBUG (7): Starting Subscriber Opt-In process for store: International (3)
2015-03-31T10:50:02+00:00 DEBUG (7): Starting Subscriber Opt-In process for store: Retail (1)
2015-03-31T10:50:03+00:00 DEBUG (7): Starting Subscriber Opt-In process for store: Wholesale (2)
2015-03-31T11:00:03+00:00 DEBUG (7): Starting Subscriber Opt-In process for store: Admin (0)
2015-03-31T11:00:03+00:00 DEBUG (7): Starting Subscriber Opt-In process for store: International (3)
2015-03-31T11:00:03+00:00 DEBUG (7): Starting Subscriber Opt-In process for store: Retail (1)
2015-03-31T11:00:03+00:00 DEBUG (7): Starting Subscriber Opt-In process for store: Wholesale (2)
2015-03-31T11:15:02+00:00 DEBUG (7): Starting Subscriber Opt-In process for store: Admin (0)
2015-03-31T11:15:02+00:00 DEBUG (7): Starting Subscriber Opt-In process for store: International (3)
2015-03-31T11:15:02+00:00 DEBUG (7): Starting Subscriber Opt-In process for store: Retail (1)
2015-03-31T11:15:03+00:00 DEBUG (7): Starting Subscriber Opt-In process for store: Wholesale (2)
2015-03-31T11:30:03+00:00 DEBUG (7): Starting Subscriber Opt-In process for store: Admin (0)
2015-03-31T11:30:03+00:00 DEBUG (7): Starting Subscriber Opt-In process for store: International (3)
2015-03-31T11:30:03+00:00 DEBUG (7): Starting Subscriber Opt-In process for store: Retail (1)
2015-03-31T11:30:04+00:00 DEBUG (7): Starting Subscriber Opt-In process for store: Wholesale (2)
2015-03-31T11:45:02+00:00 DEBUG (7): Starting Subscriber Opt-In process for store: Admin (0)
2015-03-31T11:45:02+00:00 DEBUG (7): Starting Subscriber Opt-In process for store: International (3)
2015-03-31T11:45:02+00:00 DEBUG (7): Starting Subscriber Opt-In process for store: Retail (1)
2015-03-31T11:45:03+00:00 DEBUG (7): Starting Subscriber Opt-In process for store: Wholesale (2)
2015-03-31T12:00:03+00:00 DEBUG (7): Starting Subscriber Opt-In process for store: Admin (0)
2015-03-31T12:00:03+00:00 DEBUG (7): Starting Subscriber Opt-In process for store: International (3)
2015-03-31T12:00:03+00:00 DEBUG (7): Starting Subscriber Opt-In process for store: Retail (1)
2015-03-31T12:00:04+00:00 INFO (6):   Adding Contact to list: Bloomingbath.com
2015-03-31T12:00:04+00:00 INFO (6):   Setting Contact (manders2026@yahoo.com) status to: active
2015-03-31T12:00:04+00:00 DEBUG (7): Starting Subscriber Opt-In process for store: Wholesale (2)
2015-03-31T12:08:50+00:00 DEBUG (7): No subscription status found in session.
2015-03-31T12:15:04+00:00 DEBUG (7): Starting Subscriber Opt-In process for store: Admin (0)
2015-03-31T12:15:04+00:00 DEBUG (7): Starting Subscriber Opt-In process for store: International (3)
2015-03-31T12:15:04+00:00 DEBUG (7): Starting Subscriber Opt-In process for store: Retail (1)
2015-03-31T12:15:04+00:00 INFO (6):   Adding Contact to list: Bloomingbath.com
2015-03-31T12:15:04+00:00 INFO (6):   Setting Contact (divgic@gmail.com) status to: active
2015-03-31T12:15:04+00:00 INFO (6):   Adding Contact to list: Bloomingbath.com
2015-03-31T12:15:04+00:00 INFO (6):   Setting Contact (m.bux2013@gmail.com) status to: active
2015-03-31T12:15:04+00:00 DEBUG (7): Starting Subscriber Opt-In process for store: Wholesale (2)
2015-03-31T12:30:02+00:00 DEBUG (7): Starting Subscriber Opt-In process for store: Admin (0)
2015-03-31T12:30:02+00:00 DEBUG (7): Starting Subscriber Opt-In process for store: International (3)
2015-03-31T12:30:02+00:00 DEBUG (7): Starting Subscriber Opt-In process for store: Retail (1)
2015-03-31T12:30:03+00:00 DEBUG (7): Starting Subscriber Opt-In process for store: Wholesale (2)
2015-03-31T12:45:02+00:00 DEBUG (7): Starting Subscriber Opt-In process for store: Admin (0)
2015-03-31T12:45:02+00:00 DEBUG (7): Starting Subscriber Opt-In process for store: International (3)
2015-03-31T12:45:02+00:00 DEBUG (7): Starting Subscriber Opt-In process for store: Retail (1)
2015-03-31T12:45:03+00:00 DEBUG (7): Starting Subscriber Opt-In process for store: Wholesale (2)
2015-03-31T13:00:02+00:00 DEBUG (7): Starting Subscriber Opt-In process for store: Admin (0)
2015-03-31T13:00:02+00:00 DEBUG (7): Starting Subscriber Opt-In process for store: International (3)
2015-03-31T13:00:02+00:00 DEBUG (7): Starting Subscriber Opt-In process for store: Retail (1)
2015-03-31T13:00:03+00:00 DEBUG (7): Starting Subscriber Opt-In process for store: Wholesale (2)
2015-03-31T13:15:02+00:00 DEBUG (7): Starting Subscriber Opt-In process for store: Admin (0)
2015-03-31T13:15:02+00:00 DEBUG (7): Starting Subscriber Opt-In process for store: International (3)
2015-03-31T13:15:02+00:00 DEBUG (7): Starting Subscriber Opt-In process for store: Retail (1)
2015-03-31T13:15:03+00:00 DEBUG (7): Starting Subscriber Opt-In process for store: Wholesale (2)
2015-03-31T13:25:06+00:00 DEBUG (7): No subscription status found in session.
2015-03-31T13:30:04+00:00 DEBUG (7): Starting Subscriber Opt-In process for store: Admin (0)
2015-03-31T13:30:04+00:00 DEBUG (7): Starting Subscriber Opt-In process for store: International (3)
2015-03-31T13:30:04+00:00 DEBUG (7): Starting Subscriber Opt-In process for store: Retail (1)
2015-03-31T13:30:04+00:00 DEBUG (7): Starting Subscriber Opt-In process for store: Wholesale (2)
2015-03-31T13:45:02+00:00 DEBUG (7): Starting Subscriber Opt-In process for store: Admin (0)
2015-03-31T13:45:02+00:00 DEBUG (7): Starting Subscriber Opt-In process for store: International (3)
2015-03-31T13:45:02+00:00 DEBUG (7): Starting Subscriber Opt-In process for store: Retail (1)
2015-03-31T13:45:03+00:00 DEBUG (7): Starting Subscriber Opt-In process for store: Wholesale (2)
2015-03-31T13:48:31+00:00 DEBUG (7): No subscription status found in session.
2015-03-31T14:05:04+00:00 DEBUG (7): Starting Subscriber Opt-In process for store: Admin (0)
2015-03-31T14:05:04+00:00 DEBUG (7): Starting Subscriber Opt-In process for store: International (3)
2015-03-31T14:05:04+00:00 DEBUG (7): Starting Subscriber Opt-In process for store: Retail (1)
2015-03-31T14:05:05+00:00 INFO (6):   Adding Contact to list: Bloomingbath.com
2015-03-31T14:05:05+00:00 INFO (6):   Setting Contact (jwilkerson.ma@gmail.com) status to: active
2015-03-31T14:05:05+00:00 DEBUG (7): Starting Subscriber Opt-In process for store: Wholesale (2)
2015-03-31T14:15:03+00:00 DEBUG (7): Starting Subscriber Opt-In process for store: Admin (0)
2015-03-31T14:15:03+00:00 DEBUG (7): Starting Subscriber Opt-In process for store: International (3)
2015-03-31T14:15:03+00:00 DEBUG (7): Starting Subscriber Opt-In process for store: Retail (1)
2015-03-31T14:15:04+00:00 DEBUG (7): Starting Subscriber Opt-In process for store: Wholesale (2)
2015-03-31T14:30:02+00:00 DEBUG (7): Starting Subscriber Opt-In process for store: Admin (0)
2015-03-31T14:30:02+00:00 DEBUG (7): Starting Subscriber Opt-In process for store: International (3)
2015-03-31T14:30:02+00:00 DEBUG (7): Starting Subscriber Opt-In process for store: Retail (1)
2015-03-31T14:30:02+00:00 DEBUG (7): Starting Subscriber Opt-In process for store: Wholesale (2)
2015-03-31T14:36:48+00:00 DEBUG (7): No subscription status found in session.
2015-03-31T14:45:06+00:00 DEBUG (7): Starting Subscriber Opt-In process for store: Admin (0)
2015-03-31T14:45:06+00:00 DEBUG (7): Starting Subscriber Opt-In process for store: International (3)
2015-03-31T14:45:06+00:00 DEBUG (7): Starting Subscriber Opt-In process for store: Retail (1)
2015-03-31T14:45:06+00:00 INFO (6):   Adding Contact to list: Bloomingbath.com
2015-03-31T14:45:06+00:00 INFO (6):   Setting Contact (heatherbelle10@gmail.com) status to: active
2015-03-31T14:45:07+00:00 DEBUG (7): Starting Subscriber Opt-In process for store: Wholesale (2)
2015-03-31T14:59:16+00:00 DEBUG (7): No subscription status found in session.
2015-03-31T15:00:05+00:00 DEBUG (7): Starting Subscriber Opt-In process for store: Admin (0)
2015-03-31T15:00:05+00:00 DEBUG (7): Starting Subscriber Opt-In process for store: International (3)
2015-03-31T15:00:05+00:00 DEBUG (7): Starting Subscriber Opt-In process for store: Retail (1)
2015-03-31T15:00:05+00:00 INFO (6):   Adding Contact to list: Bloomingbath.com
2015-03-31T15:00:05+00:00 INFO (6):   Setting Contact (tariblck@gmail.com) status to: active
2015-03-31T15:00:05+00:00 DEBUG (7): Starting Subscriber Opt-In process for store: Wholesale (2)
2015-03-31T15:15:08+00:00 DEBUG (7): Starting Subscriber Opt-In process for store: Admin (0)
2015-03-31T15:15:08+00:00 DEBUG (7): Starting Subscriber Opt-In process for store: International (3)
2015-03-31T15:15:08+00:00 DEBUG (7): Starting Subscriber Opt-In process for store: Retail (1)
2015-03-31T15:15:08+00:00 DEBUG (7): Starting Subscriber Opt-In process for store: Wholesale (2)
2015-03-31T15:35:02+00:00 DEBUG (7): Starting Subscriber Opt-In process for store: Admin (0)
2015-03-31T15:35:02+00:00 DEBUG (7): Starting Subscriber Opt-In process for store: International (3)
2015-03-31T15:35:02+00:00 DEBUG (7): Starting Subscriber Opt-In process for store: Retail (1)
2015-03-31T15:35:03+00:00 INFO (6):   Adding Contact to list: Bloomingbath.com
2015-03-31T15:35:03+00:00 INFO (6):   Setting Contact (jodiegarton@hotmail.com) status to: active
2015-03-31T15:35:04+00:00 INFO (6):   Adding Contact to list: Bloomingbath.com
2015-03-31T15:35:04+00:00 INFO (6):   Setting Contact (april0307@att.net) status to: active
2015-03-31T15:35:04+00:00 DEBUG (7): Starting Subscriber Opt-In process for store: Wholesale (2)
2015-03-31T15:45:02+00:00 DEBUG (7): Starting Subscriber Opt-In process for store: Admin (0)
2015-03-31T15:45:02+00:00 DEBUG (7): Starting Subscriber Opt-In process for store: International (3)
2015-03-31T15:45:02+00:00 DEBUG (7): Starting Subscriber Opt-In process for store: Retail (1)
2015-03-31T15:45:03+00:00 DEBUG (7): Starting Subscriber Opt-In process for store: Wholesale (2)
2015-03-31T16:00:03+00:00 DEBUG (7): Starting Subscriber Opt-In process for store: Admin (0)
2015-03-31T16:00:03+00:00 DEBUG (7): Starting Subscriber Opt-In process for store: International (3)
2015-03-31T16:00:03+00:00 DEBUG (7): Starting Subscriber Opt-In process for store: Retail (1)
2015-03-31T16:00:04+00:00 DEBUG (7): Starting Subscriber Opt-In process for store: Wholesale (2)
2015-03-31T16:03:34+00:00 DEBUG (7): No subscription status found in session.
2015-03-31T16:15:05+00:00 DEBUG (7): Starting Subscriber Opt-In process for store: Admin (0)
2015-03-31T16:15:05+00:00 DEBUG (7): Starting Subscriber Opt-In process for store: International (3)
2015-03-31T16:15:05+00:00 DEBUG (7): Starting Subscriber Opt-In process for store: Retail (1)
2015-03-31T16:15:06+00:00 DEBUG (7): Starting Subscriber Opt-In process for store: Wholesale (2)
2015-03-31T16:30:02+00:00 DEBUG (7): Starting Subscriber Opt-In process for store: Admin (0)
2015-03-31T16:30:02+00:00 DEBUG (7): Starting Subscriber Opt-In process for store: International (3)
2015-03-31T16:30:02+00:00 DEBUG (7): Starting Subscriber Opt-In process for store: Retail (1)
2015-03-31T16:30:03+00:00 DEBUG (7): Starting Subscriber Opt-In process for store: Wholesale (2)
2015-03-31T16:45:09+00:00 DEBUG (7): Starting Subscriber Opt-In process for store: Admin (0)
2015-03-31T16:45:09+00:00 DEBUG (7): Starting Subscriber Opt-In process for store: International (3)
2015-03-31T16:45:09+00:00 DEBUG (7): Starting Subscriber Opt-In process for store: Retail (1)
2015-03-31T16:45:09+00:00 DEBUG (7): Starting Subscriber Opt-In process for store: Wholesale (2)
2015-03-31T17:00:02+00:00 DEBUG (7): Starting Subscriber Opt-In process for store: Admin (0)
2015-03-31T17:00:02+00:00 DEBUG (7): Starting Subscriber Opt-In process for store: International (3)
2015-03-31T17:00:02+00:00 DEBUG (7): Starting Subscriber Opt-In process for store: Retail (1)
2015-03-31T17:00:04+00:00 INFO (6):   Adding Contact to list: Bloomingbath.com
2015-03-31T17:00:04+00:00 INFO (6):   Setting Contact (gironamundi@outlook.com) status to: active
2015-03-31T17:00:04+00:00 DEBUG (7): Starting Subscriber Opt-In process for store: Wholesale (2)
2015-03-31T17:15:03+00:00 DEBUG (7): Starting Subscriber Opt-In process for store: Admin (0)
2015-03-31T17:15:03+00:00 DEBUG (7): Starting Subscriber Opt-In process for store: International (3)
2015-03-31T17:15:03+00:00 DEBUG (7): Starting Subscriber Opt-In process for store: Retail (1)
2015-03-31T17:15:04+00:00 INFO (6):   Adding Contact to list: Bloomingbath.com
2015-03-31T17:15:04+00:00 INFO (6):   Setting Contact (wagbirdzvfikl@hotmail.com) status to: active
2015-03-31T17:15:04+00:00 DEBUG (7): Starting Subscriber Opt-In process for store: Wholesale (2)
2015-03-31T17:28:08+00:00 DEBUG (7): No subscription status found in session.
2015-03-31T17:30:08+00:00 DEBUG (7): Starting Subscriber Opt-In process for store: Admin (0)
2015-03-31T17:30:08+00:00 DEBUG (7): Starting Subscriber Opt-In process for store: International (3)
2015-03-31T17:30:08+00:00 DEBUG (7): Starting Subscriber Opt-In process for store: Retail (1)
2015-03-31T17:30:09+00:00 DEBUG (7): Starting Subscriber Opt-In process for store: Wholesale (2)
2015-03-31T17:49:27+00:00 DEBUG (7): No subscription status found in session.
2015-03-31T17:50:06+00:00 DEBUG (7): Starting Subscriber Opt-In process for store: Admin (0)
2015-03-31T17:50:06+00:00 DEBUG (7): Starting Subscriber Opt-In process for store: International (3)
2015-03-31T17:50:06+00:00 DEBUG (7): Starting Subscriber Opt-In process for store: Retail (1)
2015-03-31T17:50:06+00:00 INFO (6):   Adding Contact to list: Bloomingbath.com
2015-03-31T17:50:06+00:00 INFO (6):   Setting Contact (1mvmakeup@gmail.com) status to: active
2015-03-31T17:50:07+00:00 DEBUG (7): Starting Subscriber Opt-In process for store: Wholesale (2)
2015-03-31T18:00:02+00:00 DEBUG (7): Starting Subscriber Opt-In process for store: Admin (0)
2015-03-31T18:00:02+00:00 DEBUG (7): Starting Subscriber Opt-In process for store: International (3)
2015-03-31T18:00:02+00:00 DEBUG (7): Starting Subscriber Opt-In process for store: Retail (1)
2015-03-31T18:00:03+00:00 DEBUG (7): Starting Subscriber Opt-In process for store: Wholesale (2)
2015-03-31T18:15:09+00:00 DEBUG (7): Starting Subscriber Opt-In process for store: Admin (0)
2015-03-31T18:15:09+00:00 DEBUG (7): Starting Subscriber Opt-In process for store: International (3)
2015-03-31T18:15:09+00:00 DEBUG (7): Starting Subscriber Opt-In process for store: Retail (1)
2015-03-31T18:15:09+00:00 DEBUG (7): Starting Subscriber Opt-In process for store: Wholesale (2)
2015-03-31T18:30:06+00:00 DEBUG (7): Starting Subscriber Opt-In process for store: Admin (0)
2015-03-31T18:30:06+00:00 DEBUG (7): Starting Subscriber Opt-In process for store: International (3)
2015-03-31T18:30:06+00:00 DEBUG (7): Starting Subscriber Opt-In process for store: Retail (1)
2015-03-31T18:30:06+00:00 INFO (6):   Adding Contact to list: Bloomingbath.com
2015-03-31T18:30:06+00:00 INFO (6):   Setting Contact (maciasabdias28@yahoo.com) status to: active
2015-03-31T18:30:07+00:00 INFO (6):   Adding Contact to list: Bloomingbath.com
2015-03-31T18:30:07+00:00 INFO (6):   Setting Contact (megrogers88@gmail.com) status to: active
2015-03-31T18:30:07+00:00 DEBUG (7): Starting Subscriber Opt-In process for store: Wholesale (2)
2015-03-31T18:45:15+00:00 DEBUG (7): Starting Subscriber Opt-In process for store: Admin (0)
2015-03-31T18:45:15+00:00 DEBUG (7): Starting Subscriber Opt-In process for store: International (3)
2015-03-31T18:45:15+00:00 DEBUG (7): Starting Subscriber Opt-In process for store: Retail (1)
2015-03-31T18:45:15+00:00 DEBUG (7): Starting Subscriber Opt-In process for store: Wholesale (2)
2015-03-31T19:00:02+00:00 DEBUG (7): Starting Subscriber Opt-In process for store: Admin (0)
2015-03-31T19:00:02+00:00 DEBUG (7): Starting Subscriber Opt-In process for store: International (3)
2015-03-31T19:00:02+00:00 DEBUG (7): Starting Subscriber Opt-In process for store: Retail (1)
2015-03-31T19:00:03+00:00 DEBUG (7): Starting Subscriber Opt-In process for store: Wholesale (2)
2015-03-31T19:15:02+00:00 DEBUG (7): Starting Subscriber Opt-In process for store: Admin (0)
2015-03-31T19:15:02+00:00 DEBUG (7): Starting Subscriber Opt-In process for store: International (3)
2015-03-31T19:15:02+00:00 DEBUG (7): Starting Subscriber Opt-In process for store: Retail (1)
2015-03-31T19:15:03+00:00 DEBUG (7): Starting Subscriber Opt-In process for store: Wholesale (2)
2015-03-31T19:30:15+00:00 DEBUG (7): Starting Subscriber Opt-In process for store: Admin (0)
2015-03-31T19:30:15+00:00 DEBUG (7): Starting Subscriber Opt-In process for store: International (3)
2015-03-31T19:30:15+00:00 DEBUG (7): Starting Subscriber Opt-In process for store: Retail (1)
2015-03-31T19:30:15+00:00 INFO (6):   Adding Contact to list: Bloomingbath.com
2015-03-31T19:30:15+00:00 INFO (6):   Setting Contact (ngarza52@yahoo.com) status to: active
2015-03-31T19:30:15+00:00 DEBUG (7): Starting Subscriber Opt-In process for store: Wholesale (2)
2015-03-31T19:39:21+00:00 DEBUG (7): No subscription status found in session.
2015-03-31T19:45:04+00:00 DEBUG (7): Starting Subscriber Opt-In process for store: Admin (0)
2015-03-31T19:45:04+00:00 DEBUG (7): Starting Subscriber Opt-In process for store: International (3)
2015-03-31T19:45:04+00:00 DEBUG (7): Starting Subscriber Opt-In process for store: Retail (1)
2015-03-31T19:45:04+00:00 INFO (6):   Adding Contact to list: Bloomingbath.com
2015-03-31T19:45:04+00:00 INFO (6):   Setting Contact (dlawhorn216@juno.com) status to: active
2015-03-31T19:45:04+00:00 DEBUG (7): Starting Subscriber Opt-In process for store: Wholesale (2)
2015-03-31T20:00:02+00:00 DEBUG (7): Starting Subscriber Opt-In process for store: Admin (0)
2015-03-31T20:00:02+00:00 DEBUG (7): Starting Subscriber Opt-In process for store: International (3)
2015-03-31T20:00:02+00:00 DEBUG (7): Starting Subscriber Opt-In process for store: Retail (1)
2015-03-31T20:00:03+00:00 DEBUG (7): Starting Subscriber Opt-In process for store: Wholesale (2)
2015-03-31T20:15:02+00:00 DEBUG (7): Starting Subscriber Opt-In process for store: Admin (0)
2015-03-31T20:15:02+00:00 DEBUG (7): Starting Subscriber Opt-In process for store: International (3)
2015-03-31T20:15:02+00:00 DEBUG (7): Starting Subscriber Opt-In process for store: Retail (1)
2015-03-31T20:15:03+00:00 DEBUG (7): Starting Subscriber Opt-In process for store: Wholesale (2)
2015-03-31T20:30:05+00:00 DEBUG (7): Starting Subscriber Opt-In process for store: Admin (0)
2015-03-31T20:30:05+00:00 DEBUG (7): Starting Subscriber Opt-In process for store: International (3)
2015-03-31T20:30:05+00:00 DEBUG (7): Starting Subscriber Opt-In process for store: Retail (1)
2015-03-31T20:30:06+00:00 DEBUG (7): Starting Subscriber Opt-In process for store: Wholesale (2)
2015-03-31T20:45:04+00:00 DEBUG (7): Starting Subscriber Opt-In process for store: Admin (0)
2015-03-31T20:45:04+00:00 DEBUG (7): Starting Subscriber Opt-In process for store: International (3)
2015-03-31T20:45:04+00:00 DEBUG (7): Starting Subscriber Opt-In process for store: Retail (1)
2015-03-31T20:45:04+00:00 INFO (6):   Adding Contact to list: Bloomingbath.com
2015-03-31T20:45:04+00:00 INFO (6):   Setting Contact (edgewaysist@hotmail.com) status to: active
2015-03-31T20:45:04+00:00 DEBUG (7): Starting Subscriber Opt-In process for store: Wholesale (2)
2015-03-31T21:00:04+00:00 DEBUG (7): Starting Subscriber Opt-In process for store: Admin (0)
2015-03-31T21:00:04+00:00 DEBUG (7): Starting Subscriber Opt-In process for store: International (3)
2015-03-31T21:00:04+00:00 DEBUG (7): Starting Subscriber Opt-In process for store: Retail (1)
2015-03-31T21:00:05+00:00 DEBUG (7): Starting Subscriber Opt-In process for store: Wholesale (2)
2015-03-31T21:15:02+00:00 DEBUG (7): Starting Subscriber Opt-In process for store: Admin (0)
2015-03-31T21:15:02+00:00 DEBUG (7): Starting Subscriber Opt-In process for store: International (3)
2015-03-31T21:15:02+00:00 DEBUG (7): Starting Subscriber Opt-In process for store: Retail (1)
2015-03-31T21:15:03+00:00 DEBUG (7): Starting Subscriber Opt-In process for store: Wholesale (2)
2015-03-31T21:30:06+00:00 DEBUG (7): Starting Subscriber Opt-In process for store: Admin (0)
2015-03-31T21:30:06+00:00 DEBUG (7): Starting Subscriber Opt-In process for store: International (3)
2015-03-31T21:30:06+00:00 DEBUG (7): Starting Subscriber Opt-In process for store: Retail (1)
2015-03-31T21:30:06+00:00 DEBUG (7): Starting Subscriber Opt-In process for store: Wholesale (2)
2015-03-31T21:50:02+00:00 DEBUG (7): Starting Subscriber Opt-In process for store: Admin (0)
2015-03-31T21:50:02+00:00 DEBUG (7): Starting Subscriber Opt-In process for store: International (3)
2015-03-31T21:50:02+00:00 DEBUG (7): Starting Subscriber Opt-In process for store: Retail (1)
2015-03-31T21:50:03+00:00 DEBUG (7): Starting Subscriber Opt-In process for store: Wholesale (2)
2015-03-31T22:00:02+00:00 DEBUG (7): Starting Subscriber Opt-In process for store: Admin (0)
2015-03-31T22:00:02+00:00 DEBUG (7): Starting Subscriber Opt-In process for store: International (3)
2015-03-31T22:00:02+00:00 DEBUG (7): Starting Subscriber Opt-In process for store: Retail (1)
2015-03-31T22:00:05+00:00 DEBUG (7): Starting Subscriber Opt-In process for store: Wholesale (2)
2015-03-31T22:15:03+00:00 DEBUG (7): Starting Subscriber Opt-In process for store: Admin (0)
2015-03-31T22:15:03+00:00 DEBUG (7): Starting Subscriber Opt-In process for store: International (3)
2015-03-31T22:15:03+00:00 DEBUG (7): Starting Subscriber Opt-In process for store: Retail (1)
2015-03-31T22:15:03+00:00 DEBUG (7): Starting Subscriber Opt-In process for store: Wholesale (2)
2015-03-31T22:30:03+00:00 DEBUG (7): Starting Subscriber Opt-In process for store: Admin (0)
2015-03-31T22:30:03+00:00 DEBUG (7): Starting Subscriber Opt-In process for store: International (3)
2015-03-31T22:30:03+00:00 DEBUG (7): Starting Subscriber Opt-In process for store: Retail (1)
2015-03-31T22:30:04+00:00 DEBUG (7): Starting Subscriber Opt-In process for store: Wholesale (2)
2015-03-31T22:45:04+00:00 DEBUG (7): Starting Subscriber Opt-In process for store: Admin (0)
2015-03-31T22:45:04+00:00 DEBUG (7): Starting Subscriber Opt-In process for store: International (3)
2015-03-31T22:45:04+00:00 DEBUG (7): Starting Subscriber Opt-In process for store: Retail (1)
2015-03-31T22:45:04+00:00 DEBUG (7): Starting Subscriber Opt-In process for store: Wholesale (2)
2015-03-31T23:00:02+00:00 DEBUG (7): Starting Subscriber Opt-In process for store: Admin (0)
2015-03-31T23:00:02+00:00 DEBUG (7): Starting Subscriber Opt-In process for store: International (3)
2015-03-31T23:00:02+00:00 DEBUG (7): Starting Subscriber Opt-In process for store: Retail (1)
2015-03-31T23:00:03+00:00 DEBUG (7): Starting Subscriber Opt-In process for store: Wholesale (2)
2015-03-31T23:15:03+00:00 DEBUG (7): Starting Subscriber Opt-In process for store: Admin (0)
2015-03-31T23:15:03+00:00 DEBUG (7): Starting Subscriber Opt-In process for store: International (3)
2015-03-31T23:15:03+00:00 DEBUG (7): Starting Subscriber Opt-In process for store: Retail (1)
2015-03-31T23:15:04+00:00 INFO (6):   Adding Contact to list: Bloomingbath.com
2015-03-31T23:15:04+00:00 INFO (6):   Setting Contact (micah.ordway@yahoo.com) status to: active
2015-03-31T23:15:04+00:00 DEBUG (7): Starting Subscriber Opt-In process for store: Wholesale (2)
2015-03-31T23:30:06+00:00 DEBUG (7): Starting Subscriber Opt-In process for store: Admin (0)
2015-03-31T23:30:06+00:00 DEBUG (7): Starting Subscriber Opt-In process for store: International (3)
2015-03-31T23:30:06+00:00 DEBUG (7): Starting Subscriber Opt-In process for store: Retail (1)
2015-03-31T23:30:06+00:00 DEBUG (7): Starting Subscriber Opt-In process for store: Wholesale (2)
2015-03-31T23:45:11+00:00 DEBUG (7): Starting Subscriber Opt-In process for store: Admin (0)
2015-03-31T23:45:11+00:00 DEBUG (7): Starting Subscriber Opt-In process for store: International (3)
2015-03-31T23:45:11+00:00 DEBUG (7): Starting Subscriber Opt-In process for store: Retail (1)
2015-03-31T23:45:11+00:00 DEBUG (7): Starting Subscriber Opt-In process for store: Wholesale (2)
