2015-04-08T00:00:02+00:00 DEBUG (7): Starting Subscriber Opt-In process for store: Admin (0)
2015-04-08T00:00:02+00:00 DEBUG (7): Starting Subscriber Opt-In process for store: International (3)
2015-04-08T00:00:02+00:00 DEBUG (7): Starting Subscriber Opt-In process for store: Retail (1)
2015-04-08T00:00:03+00:00 INFO (6):   Adding Contact to list: Bloomingbath.com
2015-04-08T00:00:03+00:00 INFO (6):   Setting Contact (bunit0911@gmail.com) status to: active
2015-04-08T00:00:03+00:00 DEBUG (7): Starting Subscriber Opt-In process for store: Wholesale (2)
2015-04-08T00:20:03+00:00 DEBUG (7): Starting Subscriber Opt-In process for store: Admin (0)
2015-04-08T00:20:03+00:00 DEBUG (7): Starting Subscriber Opt-In process for store: International (3)
2015-04-08T00:20:03+00:00 DEBUG (7): Starting Subscriber Opt-In process for store: Retail (1)
2015-04-08T00:20:03+00:00 DEBUG (7): Starting Subscriber Opt-In process for store: Wholesale (2)
2015-04-08T00:30:02+00:00 DEBUG (7): Starting Subscriber Opt-In process for store: Admin (0)
2015-04-08T00:30:02+00:00 DEBUG (7): Starting Subscriber Opt-In process for store: International (3)
2015-04-08T00:30:02+00:00 DEBUG (7): Starting Subscriber Opt-In process for store: Retail (1)
2015-04-08T00:30:03+00:00 INFO (6):   Adding Contact to list: Bloomingbath.com
2015-04-08T00:30:04+00:00 INFO (6):   Setting Contact (slamminsports@outlook.com) status to: active
2015-04-08T00:30:04+00:00 DEBUG (7): Starting Subscriber Opt-In process for store: Wholesale (2)
2015-04-08T00:45:02+00:00 DEBUG (7): Starting Subscriber Opt-In process for store: Admin (0)
2015-04-08T00:45:02+00:00 DEBUG (7): Starting Subscriber Opt-In process for store: International (3)
2015-04-08T00:45:02+00:00 DEBUG (7): Starting Subscriber Opt-In process for store: Retail (1)
2015-04-08T00:45:03+00:00 INFO (6):   Adding Contact to list: Bloomingbath.com
2015-04-08T00:45:03+00:00 INFO (6):   Setting Contact (thornsberry213@comcast.net) status to: active
2015-04-08T00:45:03+00:00 INFO (6):   Adding Contact to list: Bloomingbath.com
2015-04-08T00:45:03+00:00 INFO (6):   Setting Contact (a_crisp11@hotmail.com) status to: active
2015-04-08T00:45:03+00:00 DEBUG (7): Starting Subscriber Opt-In process for store: Wholesale (2)
2015-04-08T01:00:05+00:00 DEBUG (7): Starting Subscriber Opt-In process for store: Admin (0)
2015-04-08T01:00:05+00:00 DEBUG (7): Starting Subscriber Opt-In process for store: International (3)
2015-04-08T01:00:05+00:00 DEBUG (7): Starting Subscriber Opt-In process for store: Retail (1)
2015-04-08T01:00:05+00:00 INFO (6):   Adding Contact to list: Bloomingbath.com
2015-04-08T01:00:05+00:00 INFO (6):   Setting Contact (nicolelyf2014@gmail.com) status to: active
2015-04-08T01:00:05+00:00 DEBUG (7): Starting Subscriber Opt-In process for store: Wholesale (2)
2015-04-08T01:15:02+00:00 DEBUG (7): Starting Subscriber Opt-In process for store: Admin (0)
2015-04-08T01:15:02+00:00 DEBUG (7): Starting Subscriber Opt-In process for store: International (3)
2015-04-08T01:15:02+00:00 DEBUG (7): Starting Subscriber Opt-In process for store: Retail (1)
2015-04-08T01:15:03+00:00 DEBUG (7): Starting Subscriber Opt-In process for store: Wholesale (2)
2015-04-08T01:35:02+00:00 DEBUG (7): Starting Subscriber Opt-In process for store: Admin (0)
2015-04-08T01:35:02+00:00 DEBUG (7): Starting Subscriber Opt-In process for store: International (3)
2015-04-08T01:35:02+00:00 DEBUG (7): Starting Subscriber Opt-In process for store: Retail (1)
2015-04-08T01:35:03+00:00 DEBUG (7): Starting Subscriber Opt-In process for store: Wholesale (2)
2015-04-08T01:45:02+00:00 DEBUG (7): Starting Subscriber Opt-In process for store: Admin (0)
2015-04-08T01:45:02+00:00 DEBUG (7): Starting Subscriber Opt-In process for store: International (3)
2015-04-08T01:45:02+00:00 DEBUG (7): Starting Subscriber Opt-In process for store: Retail (1)
2015-04-08T01:45:03+00:00 DEBUG (7): Starting Subscriber Opt-In process for store: Wholesale (2)
2015-04-08T02:00:02+00:00 DEBUG (7): Starting Subscriber Opt-In process for store: Admin (0)
2015-04-08T02:00:02+00:00 DEBUG (7): Starting Subscriber Opt-In process for store: International (3)
2015-04-08T02:00:02+00:00 DEBUG (7): Starting Subscriber Opt-In process for store: Retail (1)
2015-04-08T02:00:03+00:00 INFO (6):   Adding Contact to list: Bloomingbath.com
2015-04-08T02:00:03+00:00 INFO (6):   Setting Contact (jluca909@hotmail.com) status to: active
2015-04-08T02:00:04+00:00 DEBUG (7): Starting Subscriber Opt-In process for store: Wholesale (2)
2015-04-08T02:15:07+00:00 DEBUG (7): Starting Subscriber Opt-In process for store: Admin (0)
2015-04-08T02:15:07+00:00 DEBUG (7): Starting Subscriber Opt-In process for store: International (3)
2015-04-08T02:15:07+00:00 DEBUG (7): Starting Subscriber Opt-In process for store: Retail (1)
2015-04-08T02:15:07+00:00 DEBUG (7): Starting Subscriber Opt-In process for store: Wholesale (2)
2015-04-08T02:30:02+00:00 DEBUG (7): Starting Subscriber Opt-In process for store: Admin (0)
2015-04-08T02:30:02+00:00 DEBUG (7): Starting Subscriber Opt-In process for store: International (3)
2015-04-08T02:30:02+00:00 DEBUG (7): Starting Subscriber Opt-In process for store: Retail (1)
2015-04-08T02:30:03+00:00 DEBUG (7): Starting Subscriber Opt-In process for store: Wholesale (2)
2015-04-08T02:45:02+00:00 DEBUG (7): Starting Subscriber Opt-In process for store: Admin (0)
2015-04-08T02:45:02+00:00 DEBUG (7): Starting Subscriber Opt-In process for store: International (3)
2015-04-08T02:45:02+00:00 DEBUG (7): Starting Subscriber Opt-In process for store: Retail (1)
2015-04-08T02:45:03+00:00 DEBUG (7): Starting Subscriber Opt-In process for store: Wholesale (2)
2015-04-08T03:00:02+00:00 DEBUG (7): Starting Subscriber Opt-In process for store: Admin (0)
2015-04-08T03:00:02+00:00 DEBUG (7): Starting Subscriber Opt-In process for store: International (3)
2015-04-08T03:00:02+00:00 DEBUG (7): Starting Subscriber Opt-In process for store: Retail (1)
2015-04-08T03:00:03+00:00 DEBUG (7): Starting Subscriber Opt-In process for store: Wholesale (2)
2015-04-08T03:15:02+00:00 DEBUG (7): Starting Subscriber Opt-In process for store: Admin (0)
2015-04-08T03:15:02+00:00 DEBUG (7): Starting Subscriber Opt-In process for store: International (3)
2015-04-08T03:15:02+00:00 DEBUG (7): Starting Subscriber Opt-In process for store: Retail (1)
2015-04-08T03:15:03+00:00 DEBUG (7): Starting Subscriber Opt-In process for store: Wholesale (2)
2015-04-08T03:30:03+00:00 DEBUG (7): Starting Subscriber Opt-In process for store: Admin (0)
2015-04-08T03:30:03+00:00 DEBUG (7): Starting Subscriber Opt-In process for store: International (3)
2015-04-08T03:30:03+00:00 DEBUG (7): Starting Subscriber Opt-In process for store: Retail (1)
2015-04-08T03:30:04+00:00 DEBUG (7): Starting Subscriber Opt-In process for store: Wholesale (2)
2015-04-08T03:45:02+00:00 DEBUG (7): Starting Subscriber Opt-In process for store: Admin (0)
2015-04-08T03:45:02+00:00 DEBUG (7): Starting Subscriber Opt-In process for store: International (3)
2015-04-08T03:45:02+00:00 DEBUG (7): Starting Subscriber Opt-In process for store: Retail (1)
2015-04-08T03:45:03+00:00 DEBUG (7): Starting Subscriber Opt-In process for store: Wholesale (2)
2015-04-08T04:00:02+00:00 DEBUG (7): Starting Subscriber Opt-In process for store: Admin (0)
2015-04-08T04:00:02+00:00 DEBUG (7): Starting Subscriber Opt-In process for store: International (3)
2015-04-08T04:00:02+00:00 DEBUG (7): Starting Subscriber Opt-In process for store: Retail (1)
2015-04-08T04:00:04+00:00 INFO (6):   Adding Contact to list: Bloomingbath.com
2015-04-08T04:00:04+00:00 INFO (6):   Setting Contact (jcaparao@umich.edu) status to: active
2015-04-08T04:00:04+00:00 DEBUG (7): Starting Subscriber Opt-In process for store: Wholesale (2)
2015-04-08T04:15:06+00:00 DEBUG (7): Starting Subscriber Opt-In process for store: Admin (0)
2015-04-08T04:15:06+00:00 DEBUG (7): Starting Subscriber Opt-In process for store: International (3)
2015-04-08T04:15:06+00:00 DEBUG (7): Starting Subscriber Opt-In process for store: Retail (1)
2015-04-08T04:15:07+00:00 DEBUG (7): Starting Subscriber Opt-In process for store: Wholesale (2)
2015-04-08T04:30:02+00:00 DEBUG (7): Starting Subscriber Opt-In process for store: Admin (0)
2015-04-08T04:30:02+00:00 DEBUG (7): Starting Subscriber Opt-In process for store: International (3)
2015-04-08T04:30:02+00:00 DEBUG (7): Starting Subscriber Opt-In process for store: Retail (1)
2015-04-08T04:30:03+00:00 DEBUG (7): Starting Subscriber Opt-In process for store: Wholesale (2)
2015-04-08T04:45:02+00:00 DEBUG (7): Starting Subscriber Opt-In process for store: Admin (0)
2015-04-08T04:45:02+00:00 DEBUG (7): Starting Subscriber Opt-In process for store: International (3)
2015-04-08T04:45:02+00:00 DEBUG (7): Starting Subscriber Opt-In process for store: Retail (1)
2015-04-08T04:45:03+00:00 DEBUG (7): Starting Subscriber Opt-In process for store: Wholesale (2)
2015-04-08T05:05:03+00:00 DEBUG (7): Starting Subscriber Opt-In process for store: Admin (0)
2015-04-08T05:05:03+00:00 DEBUG (7): Starting Subscriber Opt-In process for store: International (3)
2015-04-08T05:05:03+00:00 DEBUG (7): Starting Subscriber Opt-In process for store: Retail (1)
2015-04-08T05:05:03+00:00 DEBUG (7): Starting Subscriber Opt-In process for store: Wholesale (2)
2015-04-08T05:15:02+00:00 DEBUG (7): Starting Subscriber Opt-In process for store: Admin (0)
2015-04-08T05:15:02+00:00 DEBUG (7): Starting Subscriber Opt-In process for store: International (3)
2015-04-08T05:15:02+00:00 DEBUG (7): Starting Subscriber Opt-In process for store: Retail (1)
2015-04-08T05:15:03+00:00 DEBUG (7): Starting Subscriber Opt-In process for store: Wholesale (2)
2015-04-08T05:30:03+00:00 DEBUG (7): Starting Subscriber Opt-In process for store: Admin (0)
2015-04-08T05:30:03+00:00 DEBUG (7): Starting Subscriber Opt-In process for store: International (3)
2015-04-08T05:30:03+00:00 DEBUG (7): Starting Subscriber Opt-In process for store: Retail (1)
2015-04-08T05:30:03+00:00 DEBUG (7): Starting Subscriber Opt-In process for store: Wholesale (2)
2015-04-08T05:45:02+00:00 DEBUG (7): Starting Subscriber Opt-In process for store: Admin (0)
2015-04-08T05:45:02+00:00 DEBUG (7): Starting Subscriber Opt-In process for store: International (3)
2015-04-08T05:45:02+00:00 DEBUG (7): Starting Subscriber Opt-In process for store: Retail (1)
2015-04-08T05:45:02+00:00 DEBUG (7): Starting Subscriber Opt-In process for store: Wholesale (2)
2015-04-08T06:00:02+00:00 DEBUG (7): Starting Subscriber Opt-In process for store: Admin (0)
2015-04-08T06:00:02+00:00 DEBUG (7): Starting Subscriber Opt-In process for store: International (3)
2015-04-08T06:00:02+00:00 DEBUG (7): Starting Subscriber Opt-In process for store: Retail (1)
2015-04-08T06:00:03+00:00 INFO (6):   Adding Contact to list: Bloomingbath.com
2015-04-08T06:00:03+00:00 INFO (6):   Setting Contact (mae.kiersten@yahoo.com) status to: active
2015-04-08T06:00:04+00:00 DEBUG (7): Starting Subscriber Opt-In process for store: Wholesale (2)
2015-04-08T06:15:02+00:00 DEBUG (7): Starting Subscriber Opt-In process for store: Admin (0)
2015-04-08T06:15:02+00:00 DEBUG (7): Starting Subscriber Opt-In process for store: International (3)
2015-04-08T06:15:02+00:00 DEBUG (7): Starting Subscriber Opt-In process for store: Retail (1)
2015-04-08T06:15:03+00:00 DEBUG (7): Starting Subscriber Opt-In process for store: Wholesale (2)
2015-04-08T06:30:02+00:00 DEBUG (7): Starting Subscriber Opt-In process for store: Admin (0)
2015-04-08T06:30:02+00:00 DEBUG (7): Starting Subscriber Opt-In process for store: International (3)
2015-04-08T06:30:02+00:00 DEBUG (7): Starting Subscriber Opt-In process for store: Retail (1)
2015-04-08T06:30:03+00:00 DEBUG (7): Starting Subscriber Opt-In process for store: Wholesale (2)
2015-04-08T06:50:02+00:00 DEBUG (7): Starting Subscriber Opt-In process for store: Admin (0)
2015-04-08T06:50:02+00:00 DEBUG (7): Starting Subscriber Opt-In process for store: International (3)
2015-04-08T06:50:02+00:00 DEBUG (7): Starting Subscriber Opt-In process for store: Retail (1)
2015-04-08T06:50:03+00:00 DEBUG (7): Starting Subscriber Opt-In process for store: Wholesale (2)
2015-04-08T07:02:31+00:00 DEBUG (7): No subscription status found in session.
2015-04-08T07:05:12+00:00 DEBUG (7): Starting Subscriber Opt-In process for store: Admin (0)
2015-04-08T07:05:12+00:00 DEBUG (7): Starting Subscriber Opt-In process for store: International (3)
2015-04-08T07:05:12+00:00 DEBUG (7): Starting Subscriber Opt-In process for store: Retail (1)
2015-04-08T07:05:12+00:00 INFO (6):   Adding Contact to list: Bloomingbath.com
2015-04-08T07:05:13+00:00 INFO (6):   Setting Contact (dtukie@gmail.com) status to: active
2015-04-08T07:05:13+00:00 DEBUG (7): Starting Subscriber Opt-In process for store: Wholesale (2)
2015-04-08T07:15:02+00:00 DEBUG (7): Starting Subscriber Opt-In process for store: Admin (0)
2015-04-08T07:15:02+00:00 DEBUG (7): Starting Subscriber Opt-In process for store: International (3)
2015-04-08T07:15:02+00:00 DEBUG (7): Starting Subscriber Opt-In process for store: Retail (1)
2015-04-08T07:15:03+00:00 DEBUG (7): Starting Subscriber Opt-In process for store: Wholesale (2)
2015-04-08T07:30:03+00:00 DEBUG (7): Starting Subscriber Opt-In process for store: Admin (0)
2015-04-08T07:30:03+00:00 DEBUG (7): Starting Subscriber Opt-In process for store: International (3)
2015-04-08T07:30:03+00:00 DEBUG (7): Starting Subscriber Opt-In process for store: Retail (1)
2015-04-08T07:30:04+00:00 DEBUG (7): Starting Subscriber Opt-In process for store: Wholesale (2)
2015-04-08T07:45:02+00:00 DEBUG (7): Starting Subscriber Opt-In process for store: Admin (0)
2015-04-08T07:45:02+00:00 DEBUG (7): Starting Subscriber Opt-In process for store: International (3)
2015-04-08T07:45:02+00:00 DEBUG (7): Starting Subscriber Opt-In process for store: Retail (1)
2015-04-08T07:45:03+00:00 DEBUG (7): Starting Subscriber Opt-In process for store: Wholesale (2)
2015-04-08T08:00:29+00:00 DEBUG (7): Starting Subscriber Opt-In process for store: Admin (0)
2015-04-08T08:00:29+00:00 DEBUG (7): Starting Subscriber Opt-In process for store: International (3)
2015-04-08T08:00:29+00:00 DEBUG (7): Starting Subscriber Opt-In process for store: Retail (1)
2015-04-08T08:00:30+00:00 DEBUG (7): Starting Subscriber Opt-In process for store: Wholesale (2)
2015-04-08T08:20:02+00:00 DEBUG (7): Starting Subscriber Opt-In process for store: Admin (0)
2015-04-08T08:20:02+00:00 DEBUG (7): Starting Subscriber Opt-In process for store: International (3)
2015-04-08T08:20:02+00:00 DEBUG (7): Starting Subscriber Opt-In process for store: Retail (1)
2015-04-08T08:20:03+00:00 DEBUG (7): Starting Subscriber Opt-In process for store: Wholesale (2)
2015-04-08T08:30:02+00:00 DEBUG (7): Starting Subscriber Opt-In process for store: Admin (0)
2015-04-08T08:30:02+00:00 DEBUG (7): Starting Subscriber Opt-In process for store: International (3)
2015-04-08T08:30:02+00:00 DEBUG (7): Starting Subscriber Opt-In process for store: Retail (1)
2015-04-08T08:30:03+00:00 DEBUG (7): Starting Subscriber Opt-In process for store: Wholesale (2)
2015-04-08T08:45:02+00:00 DEBUG (7): Starting Subscriber Opt-In process for store: Admin (0)
2015-04-08T08:45:02+00:00 DEBUG (7): Starting Subscriber Opt-In process for store: International (3)
2015-04-08T08:45:02+00:00 DEBUG (7): Starting Subscriber Opt-In process for store: Retail (1)
2015-04-08T08:45:03+00:00 DEBUG (7): Starting Subscriber Opt-In process for store: Wholesale (2)
2015-04-08T09:00:07+00:00 DEBUG (7): Starting Subscriber Opt-In process for store: Admin (0)
2015-04-08T09:00:07+00:00 DEBUG (7): Starting Subscriber Opt-In process for store: International (3)
2015-04-08T09:00:07+00:00 DEBUG (7): Starting Subscriber Opt-In process for store: Retail (1)
2015-04-08T09:00:08+00:00 DEBUG (7): Starting Subscriber Opt-In process for store: Wholesale (2)
2015-04-08T09:15:02+00:00 DEBUG (7): Starting Subscriber Opt-In process for store: Admin (0)
2015-04-08T09:15:02+00:00 DEBUG (7): Starting Subscriber Opt-In process for store: International (3)
2015-04-08T09:15:02+00:00 DEBUG (7): Starting Subscriber Opt-In process for store: Retail (1)
2015-04-08T09:15:02+00:00 DEBUG (7): Starting Subscriber Opt-In process for store: Wholesale (2)
2015-04-08T09:30:02+00:00 DEBUG (7): Starting Subscriber Opt-In process for store: Admin (0)
2015-04-08T09:30:02+00:00 DEBUG (7): Starting Subscriber Opt-In process for store: International (3)
2015-04-08T09:30:02+00:00 DEBUG (7): Starting Subscriber Opt-In process for store: Retail (1)
2015-04-08T09:30:03+00:00 DEBUG (7): Starting Subscriber Opt-In process for store: Wholesale (2)
2015-04-08T09:45:02+00:00 DEBUG (7): Starting Subscriber Opt-In process for store: Admin (0)
2015-04-08T09:45:02+00:00 DEBUG (7): Starting Subscriber Opt-In process for store: International (3)
2015-04-08T09:45:02+00:00 DEBUG (7): Starting Subscriber Opt-In process for store: Retail (1)
2015-04-08T09:45:03+00:00 DEBUG (7): Starting Subscriber Opt-In process for store: Wholesale (2)
2015-04-08T10:05:02+00:00 DEBUG (7): Starting Subscriber Opt-In process for store: Admin (0)
2015-04-08T10:05:02+00:00 DEBUG (7): Starting Subscriber Opt-In process for store: International (3)
2015-04-08T10:05:02+00:00 DEBUG (7): Starting Subscriber Opt-In process for store: Retail (1)
2015-04-08T10:05:03+00:00 DEBUG (7): Starting Subscriber Opt-In process for store: Wholesale (2)
2015-04-08T10:15:02+00:00 DEBUG (7): Starting Subscriber Opt-In process for store: Admin (0)
2015-04-08T10:15:02+00:00 DEBUG (7): Starting Subscriber Opt-In process for store: International (3)
2015-04-08T10:15:02+00:00 DEBUG (7): Starting Subscriber Opt-In process for store: Retail (1)
2015-04-08T10:15:02+00:00 DEBUG (7): Starting Subscriber Opt-In process for store: Wholesale (2)
2015-04-08T10:30:02+00:00 DEBUG (7): Starting Subscriber Opt-In process for store: Admin (0)
2015-04-08T10:30:02+00:00 DEBUG (7): Starting Subscriber Opt-In process for store: International (3)
2015-04-08T10:30:02+00:00 DEBUG (7): Starting Subscriber Opt-In process for store: Retail (1)
2015-04-08T10:30:03+00:00 INFO (6):   Adding Contact to list: Bloomingbath.com
2015-04-08T10:30:03+00:00 INFO (6):   Setting Contact (astukalova@yandex.ru) status to: active
2015-04-08T10:30:03+00:00 DEBUG (7): Starting Subscriber Opt-In process for store: Wholesale (2)
2015-04-08T10:45:02+00:00 DEBUG (7): Starting Subscriber Opt-In process for store: Admin (0)
2015-04-08T10:45:02+00:00 DEBUG (7): Starting Subscriber Opt-In process for store: International (3)
2015-04-08T10:45:02+00:00 DEBUG (7): Starting Subscriber Opt-In process for store: Retail (1)
2015-04-08T10:45:03+00:00 DEBUG (7): Starting Subscriber Opt-In process for store: Wholesale (2)
2015-04-08T11:00:02+00:00 DEBUG (7): Starting Subscriber Opt-In process for store: Admin (0)
2015-04-08T11:00:02+00:00 DEBUG (7): Starting Subscriber Opt-In process for store: International (3)
2015-04-08T11:00:02+00:00 DEBUG (7): Starting Subscriber Opt-In process for store: Retail (1)
2015-04-08T11:00:03+00:00 DEBUG (7): Starting Subscriber Opt-In process for store: Wholesale (2)
2015-04-08T11:15:02+00:00 DEBUG (7): Starting Subscriber Opt-In process for store: Admin (0)
2015-04-08T11:15:02+00:00 DEBUG (7): Starting Subscriber Opt-In process for store: International (3)
2015-04-08T11:15:02+00:00 DEBUG (7): Starting Subscriber Opt-In process for store: Retail (1)
2015-04-08T11:15:02+00:00 DEBUG (7): Starting Subscriber Opt-In process for store: Wholesale (2)
2015-04-08T11:30:02+00:00 DEBUG (7): Starting Subscriber Opt-In process for store: Admin (0)
2015-04-08T11:30:02+00:00 DEBUG (7): Starting Subscriber Opt-In process for store: International (3)
2015-04-08T11:30:02+00:00 DEBUG (7): Starting Subscriber Opt-In process for store: Retail (1)
2015-04-08T11:30:03+00:00 INFO (6):   Adding Contact to list: Bloomingbath.com
2015-04-08T11:30:04+00:00 INFO (6):   Setting Contact (dysphasiaism@hotmail.com) status to: active
2015-04-08T11:30:04+00:00 DEBUG (7): Starting Subscriber Opt-In process for store: Wholesale (2)
2015-04-08T11:45:02+00:00 DEBUG (7): Starting Subscriber Opt-In process for store: Admin (0)
2015-04-08T11:45:02+00:00 DEBUG (7): Starting Subscriber Opt-In process for store: International (3)
2015-04-08T11:45:02+00:00 DEBUG (7): Starting Subscriber Opt-In process for store: Retail (1)
2015-04-08T11:45:03+00:00 DEBUG (7): Starting Subscriber Opt-In process for store: Wholesale (2)
2015-04-08T12:05:04+00:00 DEBUG (7): Starting Subscriber Opt-In process for store: Admin (0)
2015-04-08T12:05:04+00:00 DEBUG (7): Starting Subscriber Opt-In process for store: International (3)
2015-04-08T12:05:04+00:00 DEBUG (7): Starting Subscriber Opt-In process for store: Retail (1)
2015-04-08T12:05:05+00:00 DEBUG (7): Starting Subscriber Opt-In process for store: Wholesale (2)
2015-04-08T12:15:02+00:00 DEBUG (7): Starting Subscriber Opt-In process for store: Admin (0)
2015-04-08T12:15:02+00:00 DEBUG (7): Starting Subscriber Opt-In process for store: International (3)
2015-04-08T12:15:02+00:00 DEBUG (7): Starting Subscriber Opt-In process for store: Retail (1)
2015-04-08T12:15:03+00:00 DEBUG (7): Starting Subscriber Opt-In process for store: Wholesale (2)
2015-04-08T12:30:02+00:00 DEBUG (7): Starting Subscriber Opt-In process for store: Admin (0)
2015-04-08T12:30:02+00:00 DEBUG (7): Starting Subscriber Opt-In process for store: International (3)
2015-04-08T12:30:02+00:00 DEBUG (7): Starting Subscriber Opt-In process for store: Retail (1)
2015-04-08T12:30:03+00:00 DEBUG (7): Starting Subscriber Opt-In process for store: Wholesale (2)
2015-04-08T12:45:02+00:00 DEBUG (7): Starting Subscriber Opt-In process for store: Admin (0)
2015-04-08T12:45:02+00:00 DEBUG (7): Starting Subscriber Opt-In process for store: International (3)
2015-04-08T12:45:02+00:00 DEBUG (7): Starting Subscriber Opt-In process for store: Retail (1)
2015-04-08T12:45:03+00:00 DEBUG (7): Starting Subscriber Opt-In process for store: Wholesale (2)
2015-04-08T13:00:02+00:00 DEBUG (7): Starting Subscriber Opt-In process for store: Admin (0)
2015-04-08T13:00:02+00:00 DEBUG (7): Starting Subscriber Opt-In process for store: International (3)
2015-04-08T13:00:02+00:00 DEBUG (7): Starting Subscriber Opt-In process for store: Retail (1)
2015-04-08T13:00:03+00:00 DEBUG (7): Starting Subscriber Opt-In process for store: Wholesale (2)
2015-04-08T13:15:02+00:00 DEBUG (7): Starting Subscriber Opt-In process for store: Admin (0)
2015-04-08T13:15:02+00:00 DEBUG (7): Starting Subscriber Opt-In process for store: International (3)
2015-04-08T13:15:02+00:00 DEBUG (7): Starting Subscriber Opt-In process for store: Retail (1)
2015-04-08T13:15:03+00:00 DEBUG (7): Starting Subscriber Opt-In process for store: Wholesale (2)
2015-04-08T13:23:10+00:00 DEBUG (7): No subscription status found in session.
2015-04-08T13:30:04+00:00 DEBUG (7): Starting Subscriber Opt-In process for store: Admin (0)
2015-04-08T13:30:04+00:00 DEBUG (7): Starting Subscriber Opt-In process for store: International (3)
2015-04-08T13:30:04+00:00 DEBUG (7): Starting Subscriber Opt-In process for store: Retail (1)
2015-04-08T13:30:04+00:00 DEBUG (7): Starting Subscriber Opt-In process for store: Wholesale (2)
2015-04-08T13:45:02+00:00 DEBUG (7): Starting Subscriber Opt-In process for store: Admin (0)
2015-04-08T13:45:02+00:00 DEBUG (7): Starting Subscriber Opt-In process for store: International (3)
2015-04-08T13:45:02+00:00 DEBUG (7): Starting Subscriber Opt-In process for store: Retail (1)
2015-04-08T13:45:03+00:00 DEBUG (7): Starting Subscriber Opt-In process for store: Wholesale (2)
2015-04-08T14:00:04+00:00 DEBUG (7): Starting Subscriber Opt-In process for store: Admin (0)
2015-04-08T14:00:04+00:00 DEBUG (7): Starting Subscriber Opt-In process for store: International (3)
2015-04-08T14:00:04+00:00 DEBUG (7): Starting Subscriber Opt-In process for store: Retail (1)
2015-04-08T14:00:04+00:00 DEBUG (7): Starting Subscriber Opt-In process for store: Wholesale (2)
2015-04-08T14:15:02+00:00 DEBUG (7): Starting Subscriber Opt-In process for store: Admin (0)
2015-04-08T14:15:02+00:00 DEBUG (7): Starting Subscriber Opt-In process for store: International (3)
2015-04-08T14:15:02+00:00 DEBUG (7): Starting Subscriber Opt-In process for store: Retail (1)
2015-04-08T14:15:03+00:00 DEBUG (7): Starting Subscriber Opt-In process for store: Wholesale (2)
2015-04-08T14:30:02+00:00 DEBUG (7): Starting Subscriber Opt-In process for store: Admin (0)
2015-04-08T14:30:02+00:00 DEBUG (7): Starting Subscriber Opt-In process for store: International (3)
2015-04-08T14:30:02+00:00 DEBUG (7): Starting Subscriber Opt-In process for store: Retail (1)
2015-04-08T14:30:03+00:00 INFO (6):   Adding Contact to list: Bloomingbath.com
2015-04-08T14:30:03+00:00 INFO (6):   Setting Contact (angelavitale.obika@gmail.com) status to: active
2015-04-08T14:30:03+00:00 DEBUG (7): Starting Subscriber Opt-In process for store: Wholesale (2)
2015-04-08T14:45:02+00:00 DEBUG (7): Starting Subscriber Opt-In process for store: Admin (0)
2015-04-08T14:45:02+00:00 DEBUG (7): Starting Subscriber Opt-In process for store: International (3)
2015-04-08T14:45:02+00:00 DEBUG (7): Starting Subscriber Opt-In process for store: Retail (1)
2015-04-08T14:45:02+00:00 DEBUG (7): Starting Subscriber Opt-In process for store: Wholesale (2)
2015-04-08T15:00:02+00:00 DEBUG (7): Starting Subscriber Opt-In process for store: Admin (0)
2015-04-08T15:00:03+00:00 DEBUG (7): Starting Subscriber Opt-In process for store: International (3)
2015-04-08T15:00:03+00:00 DEBUG (7): Starting Subscriber Opt-In process for store: Retail (1)
2015-04-08T15:00:03+00:00 DEBUG (7): Starting Subscriber Opt-In process for store: Wholesale (2)
2015-04-08T15:15:06+00:00 DEBUG (7): Starting Subscriber Opt-In process for store: Admin (0)
2015-04-08T15:15:06+00:00 DEBUG (7): Starting Subscriber Opt-In process for store: International (3)
2015-04-08T15:15:06+00:00 DEBUG (7): Starting Subscriber Opt-In process for store: Retail (1)
2015-04-08T15:15:06+00:00 DEBUG (7): Starting Subscriber Opt-In process for store: Wholesale (2)
2015-04-08T15:30:07+00:00 DEBUG (7): Starting Subscriber Opt-In process for store: Admin (0)
2015-04-08T15:30:07+00:00 DEBUG (7): Starting Subscriber Opt-In process for store: International (3)
2015-04-08T15:30:07+00:00 DEBUG (7): Starting Subscriber Opt-In process for store: Retail (1)
2015-04-08T15:30:08+00:00 DEBUG (7): Starting Subscriber Opt-In process for store: Wholesale (2)
2015-04-08T15:50:06+00:00 DEBUG (7): Starting Subscriber Opt-In process for store: Admin (0)
2015-04-08T15:50:06+00:00 DEBUG (7): Starting Subscriber Opt-In process for store: International (3)
2015-04-08T15:50:06+00:00 DEBUG (7): Starting Subscriber Opt-In process for store: Retail (1)
2015-04-08T15:50:07+00:00 INFO (6):   Adding Contact to list: Bloomingbath.com
2015-04-08T15:50:07+00:00 INFO (6):   Setting Contact (scb3699@yahoo.com) status to: active
2015-04-08T15:50:07+00:00 DEBUG (7): Starting Subscriber Opt-In process for store: Wholesale (2)
2015-04-08T16:00:02+00:00 DEBUG (7): Starting Subscriber Opt-In process for store: Admin (0)
2015-04-08T16:00:02+00:00 DEBUG (7): Starting Subscriber Opt-In process for store: International (3)
2015-04-08T16:00:02+00:00 DEBUG (7): Starting Subscriber Opt-In process for store: Retail (1)
2015-04-08T16:00:03+00:00 DEBUG (7): Starting Subscriber Opt-In process for store: Wholesale (2)
2015-04-08T16:15:05+00:00 DEBUG (7): Starting Subscriber Opt-In process for store: Admin (0)
2015-04-08T16:15:05+00:00 DEBUG (7): Starting Subscriber Opt-In process for store: International (3)
2015-04-08T16:15:05+00:00 DEBUG (7): Starting Subscriber Opt-In process for store: Retail (1)
2015-04-08T16:15:06+00:00 DEBUG (7): Starting Subscriber Opt-In process for store: Wholesale (2)
2015-04-08T16:30:06+00:00 DEBUG (7): Starting Subscriber Opt-In process for store: Admin (0)
2015-04-08T16:30:06+00:00 DEBUG (7): Starting Subscriber Opt-In process for store: International (3)
2015-04-08T16:30:06+00:00 DEBUG (7): Starting Subscriber Opt-In process for store: Retail (1)
2015-04-08T16:30:06+00:00 DEBUG (7): Starting Subscriber Opt-In process for store: Wholesale (2)
2015-04-08T16:45:07+00:00 DEBUG (7): Starting Subscriber Opt-In process for store: Admin (0)
2015-04-08T16:45:07+00:00 DEBUG (7): Starting Subscriber Opt-In process for store: International (3)
2015-04-08T16:45:07+00:00 DEBUG (7): Starting Subscriber Opt-In process for store: Retail (1)
2015-04-08T16:45:07+00:00 DEBUG (7): Starting Subscriber Opt-In process for store: Wholesale (2)
2015-04-08T16:51:31+00:00 DEBUG (7): No subscription status found in session.
2015-04-08T17:00:06+00:00 DEBUG (7): Starting Subscriber Opt-In process for store: Admin (0)
2015-04-08T17:00:06+00:00 DEBUG (7): Starting Subscriber Opt-In process for store: International (3)
2015-04-08T17:00:06+00:00 DEBUG (7): Starting Subscriber Opt-In process for store: Retail (1)
2015-04-08T17:00:06+00:00 INFO (6):   Adding Contact to list: Bloomingbath.com
2015-04-08T17:00:06+00:00 INFO (6):   Setting Contact (lwalker@motleyrice.com) status to: active
2015-04-08T17:00:06+00:00 DEBUG (7): Starting Subscriber Opt-In process for store: Wholesale (2)
2015-04-08T17:15:02+00:00 DEBUG (7): Starting Subscriber Opt-In process for store: Admin (0)
2015-04-08T17:15:02+00:00 DEBUG (7): Starting Subscriber Opt-In process for store: International (3)
2015-04-08T17:15:02+00:00 DEBUG (7): Starting Subscriber Opt-In process for store: Retail (1)
2015-04-08T17:15:03+00:00 DEBUG (7): Starting Subscriber Opt-In process for store: Wholesale (2)
2015-04-08T17:30:02+00:00 DEBUG (7): Starting Subscriber Opt-In process for store: Admin (0)
2015-04-08T17:30:02+00:00 DEBUG (7): Starting Subscriber Opt-In process for store: International (3)
2015-04-08T17:30:02+00:00 DEBUG (7): Starting Subscriber Opt-In process for store: Retail (1)
2015-04-08T17:30:03+00:00 DEBUG (7): Starting Subscriber Opt-In process for store: Wholesale (2)
2015-04-08T17:43:43+00:00 DEBUG (7): No subscription status found in session.
2015-04-08T17:45:04+00:00 DEBUG (7): Starting Subscriber Opt-In process for store: Admin (0)
2015-04-08T17:45:04+00:00 DEBUG (7): Starting Subscriber Opt-In process for store: International (3)
2015-04-08T17:45:04+00:00 DEBUG (7): Starting Subscriber Opt-In process for store: Retail (1)
2015-04-08T17:45:04+00:00 DEBUG (7): Starting Subscriber Opt-In process for store: Wholesale (2)
2015-04-08T17:56:36+00:00 DEBUG (7): No subscription status found in session.
2015-04-08T18:00:04+00:00 DEBUG (7): Starting Subscriber Opt-In process for store: Admin (0)
2015-04-08T18:00:04+00:00 DEBUG (7): Starting Subscriber Opt-In process for store: International (3)
2015-04-08T18:00:04+00:00 DEBUG (7): Starting Subscriber Opt-In process for store: Retail (1)
2015-04-08T18:00:04+00:00 DEBUG (7): Starting Subscriber Opt-In process for store: Wholesale (2)
2015-04-08T18:15:05+00:00 DEBUG (7): Starting Subscriber Opt-In process for store: Admin (0)
2015-04-08T18:15:05+00:00 DEBUG (7): Starting Subscriber Opt-In process for store: International (3)
2015-04-08T18:15:05+00:00 DEBUG (7): Starting Subscriber Opt-In process for store: Retail (1)
2015-04-08T18:15:05+00:00 DEBUG (7): Starting Subscriber Opt-In process for store: Wholesale (2)
2015-04-08T18:30:02+00:00 DEBUG (7): Starting Subscriber Opt-In process for store: Admin (0)
2015-04-08T18:30:02+00:00 DEBUG (7): Starting Subscriber Opt-In process for store: International (3)
2015-04-08T18:30:02+00:00 DEBUG (7): Starting Subscriber Opt-In process for store: Retail (1)
2015-04-08T18:30:03+00:00 DEBUG (7): Starting Subscriber Opt-In process for store: Wholesale (2)
2015-04-08T18:45:02+00:00 DEBUG (7): Starting Subscriber Opt-In process for store: Admin (0)
2015-04-08T18:45:02+00:00 DEBUG (7): Starting Subscriber Opt-In process for store: International (3)
2015-04-08T18:45:02+00:00 DEBUG (7): Starting Subscriber Opt-In process for store: Retail (1)
2015-04-08T18:45:03+00:00 INFO (6):   Adding Contact to list: Bloomingbath.com
2015-04-08T18:45:03+00:00 INFO (6):   Setting Contact (lynx150@hotmail.com) status to: active
2015-04-08T18:45:04+00:00 INFO (6):   Adding Contact to list: Bloomingbath.com
2015-04-08T18:45:04+00:00 INFO (6):   Setting Contact (mileny.og@gmail.com) status to: active
2015-04-08T18:45:04+00:00 DEBUG (7): Starting Subscriber Opt-In process for store: Wholesale (2)
2015-04-08T18:58:26+00:00 DEBUG (7): No subscription status found in session.
2015-04-08T19:00:12+00:00 DEBUG (7): Starting Subscriber Opt-In process for store: Admin (0)
2015-04-08T19:00:12+00:00 DEBUG (7): Starting Subscriber Opt-In process for store: International (3)
2015-04-08T19:00:12+00:00 DEBUG (7): Starting Subscriber Opt-In process for store: Retail (1)
2015-04-08T19:00:13+00:00 INFO (6):   Adding Contact to list: Bloomingbath.com
2015-04-08T19:00:13+00:00 INFO (6):   Setting Contact (rachel_morris_4@hotmail.co.uk) status to: active
2015-04-08T19:00:13+00:00 DEBUG (7): Starting Subscriber Opt-In process for store: Wholesale (2)
2015-04-08T19:20:02+00:00 DEBUG (7): Starting Subscriber Opt-In process for store: Admin (0)
2015-04-08T19:20:02+00:00 DEBUG (7): Starting Subscriber Opt-In process for store: International (3)
2015-04-08T19:20:02+00:00 DEBUG (7): Starting Subscriber Opt-In process for store: Retail (1)
2015-04-08T19:20:03+00:00 INFO (6):   Adding Contact to list: Bloomingbath.com
2015-04-08T19:20:03+00:00 INFO (6):   Setting Contact (shieldsk99@gmail.com) status to: active
2015-04-08T19:20:03+00:00 DEBUG (7): Starting Subscriber Opt-In process for store: Wholesale (2)
2015-04-08T19:30:03+00:00 DEBUG (7): Starting Subscriber Opt-In process for store: Admin (0)
2015-04-08T19:30:03+00:00 DEBUG (7): Starting Subscriber Opt-In process for store: International (3)
2015-04-08T19:30:03+00:00 DEBUG (7): Starting Subscriber Opt-In process for store: Retail (1)
2015-04-08T19:30:03+00:00 DEBUG (7): Starting Subscriber Opt-In process for store: Wholesale (2)
2015-04-08T19:42:44+00:00 DEBUG (7): No subscription status found in session.
2015-04-08T19:45:04+00:00 DEBUG (7): Starting Subscriber Opt-In process for store: Admin (0)
2015-04-08T19:45:04+00:00 DEBUG (7): Starting Subscriber Opt-In process for store: International (3)
2015-04-08T19:45:04+00:00 DEBUG (7): Starting Subscriber Opt-In process for store: Retail (1)
2015-04-08T19:45:04+00:00 INFO (6):   Adding Contact to list: Bloomingbath.com
2015-04-08T19:45:04+00:00 INFO (6):   Setting Contact (spiveyruthe@gmail.com) status to: active
2015-04-08T19:45:04+00:00 DEBUG (7): Starting Subscriber Opt-In process for store: Wholesale (2)
2015-04-08T20:00:05+00:00 DEBUG (7): Starting Subscriber Opt-In process for store: Admin (0)
2015-04-08T20:00:05+00:00 DEBUG (7): Starting Subscriber Opt-In process for store: International (3)
2015-04-08T20:00:05+00:00 DEBUG (7): Starting Subscriber Opt-In process for store: Retail (1)
2015-04-08T20:00:06+00:00 DEBUG (7): Starting Subscriber Opt-In process for store: Wholesale (2)
2015-04-08T20:15:05+00:00 DEBUG (7): Starting Subscriber Opt-In process for store: Admin (0)
2015-04-08T20:15:05+00:00 DEBUG (7): Starting Subscriber Opt-In process for store: International (3)
2015-04-08T20:15:05+00:00 DEBUG (7): Starting Subscriber Opt-In process for store: Retail (1)
2015-04-08T20:15:05+00:00 DEBUG (7): Starting Subscriber Opt-In process for store: Wholesale (2)
2015-04-08T20:30:07+00:00 DEBUG (7): Starting Subscriber Opt-In process for store: Admin (0)
2015-04-08T20:30:07+00:00 DEBUG (7): Starting Subscriber Opt-In process for store: International (3)
2015-04-08T20:30:07+00:00 DEBUG (7): Starting Subscriber Opt-In process for store: Retail (1)
2015-04-08T20:30:08+00:00 INFO (6):   Adding Contact to list: Bloomingbath.com
2015-04-08T20:30:08+00:00 INFO (6):   Setting Contact (nreddy765@yahoo.com) status to: active
2015-04-08T20:30:08+00:00 DEBUG (7): Starting Subscriber Opt-In process for store: Wholesale (2)
2015-04-08T20:45:02+00:00 DEBUG (7): Starting Subscriber Opt-In process for store: Admin (0)
2015-04-08T20:45:02+00:00 DEBUG (7): Starting Subscriber Opt-In process for store: International (3)
2015-04-08T20:45:02+00:00 DEBUG (7): Starting Subscriber Opt-In process for store: Retail (1)
2015-04-08T20:45:04+00:00 DEBUG (7): Starting Subscriber Opt-In process for store: Wholesale (2)
2015-04-08T20:58:00+00:00 DEBUG (7): No subscription status found in session.
2015-04-08T21:00:05+00:00 DEBUG (7): Starting Subscriber Opt-In process for store: Admin (0)
2015-04-08T21:00:05+00:00 DEBUG (7): Starting Subscriber Opt-In process for store: International (3)
2015-04-08T21:00:05+00:00 DEBUG (7): Starting Subscriber Opt-In process for store: Retail (1)
2015-04-08T21:00:05+00:00 DEBUG (7): Starting Subscriber Opt-In process for store: Wholesale (2)
2015-04-08T21:15:02+00:00 DEBUG (7): Starting Subscriber Opt-In process for store: Admin (0)
2015-04-08T21:15:02+00:00 DEBUG (7): Starting Subscriber Opt-In process for store: International (3)
2015-04-08T21:15:02+00:00 DEBUG (7): Starting Subscriber Opt-In process for store: Retail (1)
2015-04-08T21:15:03+00:00 DEBUG (7): Starting Subscriber Opt-In process for store: Wholesale (2)
2015-04-08T21:20:01+00:00 DEBUG (7): No subscription status found in session.
2015-04-08T21:30:06+00:00 DEBUG (7): Starting Subscriber Opt-In process for store: Admin (0)
2015-04-08T21:30:06+00:00 DEBUG (7): Starting Subscriber Opt-In process for store: International (3)
2015-04-08T21:30:06+00:00 DEBUG (7): Starting Subscriber Opt-In process for store: Retail (1)
2015-04-08T21:30:06+00:00 INFO (6):   Adding Contact to list: Bloomingbath.com
2015-04-08T21:30:06+00:00 INFO (6):   Setting Contact (huffman.traci@gmail.com) status to: active
2015-04-08T21:30:06+00:00 DEBUG (7): Starting Subscriber Opt-In process for store: Wholesale (2)
2015-04-08T21:30:07+00:00 INFO (6):   Adding Contact to list: Blooming Bath Wholesale
2015-04-08T21:30:07+00:00 INFO (6):   Setting Contact (info@fromheretomaternitysc.com) status to: active
2015-04-08T21:45:02+00:00 DEBUG (7): Starting Subscriber Opt-In process for store: Admin (0)
2015-04-08T21:45:02+00:00 DEBUG (7): Starting Subscriber Opt-In process for store: International (3)
2015-04-08T21:45:02+00:00 DEBUG (7): Starting Subscriber Opt-In process for store: Retail (1)
2015-04-08T21:45:03+00:00 DEBUG (7): Starting Subscriber Opt-In process for store: Wholesale (2)
2015-04-08T22:00:03+00:00 DEBUG (7): Starting Subscriber Opt-In process for store: Admin (0)
2015-04-08T22:00:03+00:00 DEBUG (7): Starting Subscriber Opt-In process for store: International (3)
2015-04-08T22:00:03+00:00 DEBUG (7): Starting Subscriber Opt-In process for store: Retail (1)
2015-04-08T22:00:04+00:00 DEBUG (7): Starting Subscriber Opt-In process for store: Wholesale (2)
2015-04-08T22:15:03+00:00 DEBUG (7): Starting Subscriber Opt-In process for store: Admin (0)
2015-04-08T22:15:03+00:00 DEBUG (7): Starting Subscriber Opt-In process for store: International (3)
2015-04-08T22:15:03+00:00 DEBUG (7): Starting Subscriber Opt-In process for store: Retail (1)
2015-04-08T22:15:04+00:00 DEBUG (7): Starting Subscriber Opt-In process for store: Wholesale (2)
2015-04-08T22:30:02+00:00 DEBUG (7): Starting Subscriber Opt-In process for store: Admin (0)
2015-04-08T22:30:02+00:00 DEBUG (7): Starting Subscriber Opt-In process for store: International (3)
2015-04-08T22:30:02+00:00 DEBUG (7): Starting Subscriber Opt-In process for store: Retail (1)
2015-04-08T22:30:03+00:00 DEBUG (7): Starting Subscriber Opt-In process for store: Wholesale (2)
2015-04-08T22:45:02+00:00 DEBUG (7): Starting Subscriber Opt-In process for store: Admin (0)
2015-04-08T22:45:02+00:00 DEBUG (7): Starting Subscriber Opt-In process for store: International (3)
2015-04-08T22:45:02+00:00 DEBUG (7): Starting Subscriber Opt-In process for store: Retail (1)
2015-04-08T22:45:03+00:00 DEBUG (7): Starting Subscriber Opt-In process for store: Wholesale (2)
2015-04-08T23:00:02+00:00 DEBUG (7): Starting Subscriber Opt-In process for store: Admin (0)
2015-04-08T23:00:02+00:00 DEBUG (7): Starting Subscriber Opt-In process for store: International (3)
2015-04-08T23:00:02+00:00 DEBUG (7): Starting Subscriber Opt-In process for store: Retail (1)
2015-04-08T23:00:03+00:00 DEBUG (7): Starting Subscriber Opt-In process for store: Wholesale (2)
2015-04-08T23:15:02+00:00 DEBUG (7): Starting Subscriber Opt-In process for store: Admin (0)
2015-04-08T23:15:02+00:00 DEBUG (7): Starting Subscriber Opt-In process for store: International (3)
2015-04-08T23:15:02+00:00 DEBUG (7): Starting Subscriber Opt-In process for store: Retail (1)
2015-04-08T23:15:03+00:00 DEBUG (7): Starting Subscriber Opt-In process for store: Wholesale (2)
2015-04-08T23:35:02+00:00 DEBUG (7): Starting Subscriber Opt-In process for store: Admin (0)
2015-04-08T23:35:02+00:00 DEBUG (7): Starting Subscriber Opt-In process for store: International (3)
2015-04-08T23:35:02+00:00 DEBUG (7): Starting Subscriber Opt-In process for store: Retail (1)
2015-04-08T23:35:03+00:00 DEBUG (7): Starting Subscriber Opt-In process for store: Wholesale (2)
2015-04-08T23:45:02+00:00 DEBUG (7): Starting Subscriber Opt-In process for store: Admin (0)
2015-04-08T23:45:02+00:00 DEBUG (7): Starting Subscriber Opt-In process for store: International (3)
2015-04-08T23:45:02+00:00 DEBUG (7): Starting Subscriber Opt-In process for store: Retail (1)
2015-04-08T23:45:02+00:00 DEBUG (7): Starting Subscriber Opt-In process for store: Wholesale (2)
