2015-03-28T00:00:03+00:00 DEBUG (7): Starting Subscriber Opt-In process for store: Admin (0)
2015-03-28T00:00:03+00:00 DEBUG (7): Starting Subscriber Opt-In process for store: International (3)
2015-03-28T00:00:03+00:00 DEBUG (7): Starting Subscriber Opt-In process for store: Retail (1)
2015-03-28T00:00:04+00:00 DEBUG (7): Starting Subscriber Opt-In process for store: Wholesale (2)
2015-03-28T00:15:02+00:00 DEBUG (7): Starting Subscriber Opt-In process for store: Admin (0)
2015-03-28T00:15:02+00:00 DEBUG (7): Starting Subscriber Opt-In process for store: International (3)
2015-03-28T00:15:02+00:00 DEBUG (7): Starting Subscriber Opt-In process for store: Retail (1)
2015-03-28T00:15:03+00:00 DEBUG (7): Starting Subscriber Opt-In process for store: Wholesale (2)
2015-03-28T00:18:21+00:00 DEBUG (7): No subscription status found in session.
2015-03-28T00:30:04+00:00 DEBUG (7): Starting Subscriber Opt-In process for store: Admin (0)
2015-03-28T00:30:04+00:00 DEBUG (7): Starting Subscriber Opt-In process for store: International (3)
2015-03-28T00:30:04+00:00 DEBUG (7): Starting Subscriber Opt-In process for store: Retail (1)
2015-03-28T00:30:04+00:00 DEBUG (7): Starting Subscriber Opt-In process for store: Wholesale (2)
2015-03-28T00:45:02+00:00 DEBUG (7): Starting Subscriber Opt-In process for store: Admin (0)
2015-03-28T00:45:02+00:00 DEBUG (7): Starting Subscriber Opt-In process for store: International (3)
2015-03-28T00:45:02+00:00 DEBUG (7): Starting Subscriber Opt-In process for store: Retail (1)
2015-03-28T00:45:03+00:00 DEBUG (7): Starting Subscriber Opt-In process for store: Wholesale (2)
2015-03-28T01:00:03+00:00 DEBUG (7): Starting Subscriber Opt-In process for store: Admin (0)
2015-03-28T01:00:03+00:00 DEBUG (7): Starting Subscriber Opt-In process for store: International (3)
2015-03-28T01:00:03+00:00 DEBUG (7): Starting Subscriber Opt-In process for store: Retail (1)
2015-03-28T01:00:04+00:00 INFO (6):   Adding Contact to list: Bloomingbath.com
2015-03-28T01:00:04+00:00 INFO (6):   Setting Contact (tjelkins01@yahoo.com) status to: active
2015-03-28T01:00:04+00:00 DEBUG (7): Starting Subscriber Opt-In process for store: Wholesale (2)
2015-03-28T01:08:34+00:00 DEBUG (7): No subscription status found in session.
2015-03-28T01:15:04+00:00 DEBUG (7): Starting Subscriber Opt-In process for store: Admin (0)
2015-03-28T01:15:04+00:00 DEBUG (7): Starting Subscriber Opt-In process for store: International (3)
2015-03-28T01:15:04+00:00 DEBUG (7): Starting Subscriber Opt-In process for store: Retail (1)
2015-03-28T01:15:04+00:00 DEBUG (7): Starting Subscriber Opt-In process for store: Wholesale (2)
2015-03-28T01:17:30+00:00 DEBUG (7): No subscription status found in session.
2015-03-28T01:30:05+00:00 DEBUG (7): Starting Subscriber Opt-In process for store: Admin (0)
2015-03-28T01:30:05+00:00 DEBUG (7): Starting Subscriber Opt-In process for store: International (3)
2015-03-28T01:30:05+00:00 DEBUG (7): Starting Subscriber Opt-In process for store: Retail (1)
2015-03-28T01:30:05+00:00 DEBUG (7): Starting Subscriber Opt-In process for store: Wholesale (2)
2015-03-28T01:50:02+00:00 DEBUG (7): Starting Subscriber Opt-In process for store: Admin (0)
2015-03-28T01:50:02+00:00 DEBUG (7): Starting Subscriber Opt-In process for store: International (3)
2015-03-28T01:50:02+00:00 DEBUG (7): Starting Subscriber Opt-In process for store: Retail (1)
2015-03-28T01:50:03+00:00 INFO (6):   Adding Contact to list: Bloomingbath.com
2015-03-28T01:50:03+00:00 INFO (6):   Setting Contact (tababubba1120@yahoo.com) status to: active
2015-03-28T01:50:03+00:00 INFO (6):   Adding Contact to list: Bloomingbath.com
2015-03-28T01:50:03+00:00 INFO (6):   Setting Contact (karohr@hotmail.com) status to: active
2015-03-28T01:50:03+00:00 DEBUG (7): Starting Subscriber Opt-In process for store: Wholesale (2)
2015-03-28T02:00:02+00:00 DEBUG (7): Starting Subscriber Opt-In process for store: Admin (0)
2015-03-28T02:00:02+00:00 DEBUG (7): Starting Subscriber Opt-In process for store: International (3)
2015-03-28T02:00:02+00:00 DEBUG (7): Starting Subscriber Opt-In process for store: Retail (1)
2015-03-28T02:00:03+00:00 DEBUG (7): Starting Subscriber Opt-In process for store: Wholesale (2)
2015-03-28T02:15:02+00:00 DEBUG (7): Starting Subscriber Opt-In process for store: Admin (0)
2015-03-28T02:15:02+00:00 DEBUG (7): Starting Subscriber Opt-In process for store: International (3)
2015-03-28T02:15:02+00:00 DEBUG (7): Starting Subscriber Opt-In process for store: Retail (1)
2015-03-28T02:15:03+00:00 DEBUG (7): Starting Subscriber Opt-In process for store: Wholesale (2)
2015-03-28T02:30:02+00:00 DEBUG (7): Starting Subscriber Opt-In process for store: Admin (0)
2015-03-28T02:30:02+00:00 DEBUG (7): Starting Subscriber Opt-In process for store: International (3)
2015-03-28T02:30:02+00:00 DEBUG (7): Starting Subscriber Opt-In process for store: Retail (1)
2015-03-28T02:30:03+00:00 INFO (6):   Adding Contact to list: Bloomingbath.com
2015-03-28T02:30:03+00:00 INFO (6):   Setting Contact (cocododdys@aol.com) status to: active
2015-03-28T02:30:04+00:00 INFO (6):   Adding Contact to list: Bloomingbath.com
2015-03-28T02:30:04+00:00 INFO (6):   Setting Contact (jlarford@yahoo.com) status to: active
2015-03-28T02:30:04+00:00 INFO (6):   Adding Contact to list: Bloomingbath.com
2015-03-28T02:30:04+00:00 INFO (6):   Setting Contact (lmyles1330@gmail.com) status to: active
2015-03-28T02:30:04+00:00 DEBUG (7): Starting Subscriber Opt-In process for store: Wholesale (2)
2015-03-28T02:45:03+00:00 DEBUG (7): Starting Subscriber Opt-In process for store: Admin (0)
2015-03-28T02:45:03+00:00 DEBUG (7): Starting Subscriber Opt-In process for store: International (3)
2015-03-28T02:45:03+00:00 DEBUG (7): Starting Subscriber Opt-In process for store: Retail (1)
2015-03-28T02:45:04+00:00 DEBUG (7): Starting Subscriber Opt-In process for store: Wholesale (2)
2015-03-28T02:56:57+00:00 DEBUG (7): No subscription status found in session.
2015-03-28T03:00:04+00:00 DEBUG (7): Starting Subscriber Opt-In process for store: Admin (0)
2015-03-28T03:00:04+00:00 DEBUG (7): Starting Subscriber Opt-In process for store: International (3)
2015-03-28T03:00:04+00:00 DEBUG (7): Starting Subscriber Opt-In process for store: Retail (1)
2015-03-28T03:00:04+00:00 INFO (6):   Adding Contact to list: Bloomingbath.com
2015-03-28T03:00:04+00:00 INFO (6):   Setting Contact (Kwhite@gmx.us) status to: active
2015-03-28T03:00:04+00:00 DEBUG (7): Starting Subscriber Opt-In process for store: Wholesale (2)
2015-03-28T03:05:10+00:00 DEBUG (7): No subscription status found in session.
2015-03-28T03:14:22+00:00 DEBUG (7): No subscription status found in session.
2015-03-28T03:15:26+00:00 DEBUG (7): Starting Subscriber Opt-In process for store: Admin (0)
2015-03-28T03:15:26+00:00 DEBUG (7): Starting Subscriber Opt-In process for store: International (3)
2015-03-28T03:15:26+00:00 DEBUG (7): Starting Subscriber Opt-In process for store: Retail (1)
2015-03-28T03:15:26+00:00 INFO (6):   Adding Contact to list: Bloomingbath.com
2015-03-28T03:15:26+00:00 INFO (6):   Setting Contact (mary_a_ricker@yahoo.com) status to: active
2015-03-28T03:15:26+00:00 INFO (6):   Adding Contact to list: Bloomingbath.com
2015-03-28T03:15:26+00:00 INFO (6):   Setting Contact (Stephanie_20_04@yahoo.com) status to: active
2015-03-28T03:15:27+00:00 DEBUG (7): Starting Subscriber Opt-In process for store: Wholesale (2)
2015-03-28T03:30:02+00:00 DEBUG (7): Starting Subscriber Opt-In process for store: Admin (0)
2015-03-28T03:30:02+00:00 DEBUG (7): Starting Subscriber Opt-In process for store: International (3)
2015-03-28T03:30:02+00:00 DEBUG (7): Starting Subscriber Opt-In process for store: Retail (1)
2015-03-28T03:30:03+00:00 DEBUG (7): Starting Subscriber Opt-In process for store: Wholesale (2)
2015-03-28T03:45:02+00:00 DEBUG (7): Starting Subscriber Opt-In process for store: Admin (0)
2015-03-28T03:45:02+00:00 DEBUG (7): Starting Subscriber Opt-In process for store: International (3)
2015-03-28T03:45:02+00:00 DEBUG (7): Starting Subscriber Opt-In process for store: Retail (1)
2015-03-28T03:45:03+00:00 DEBUG (7): Starting Subscriber Opt-In process for store: Wholesale (2)
2015-03-28T04:00:02+00:00 DEBUG (7): Starting Subscriber Opt-In process for store: Admin (0)
2015-03-28T04:00:02+00:00 DEBUG (7): Starting Subscriber Opt-In process for store: International (3)
2015-03-28T04:00:02+00:00 DEBUG (7): Starting Subscriber Opt-In process for store: Retail (1)
2015-03-28T04:00:03+00:00 DEBUG (7): Starting Subscriber Opt-In process for store: Wholesale (2)
2015-03-28T04:01:03+00:00 DEBUG (7): No subscription status found in session.
2015-03-28T04:20:04+00:00 DEBUG (7): Starting Subscriber Opt-In process for store: Admin (0)
2015-03-28T04:20:04+00:00 DEBUG (7): Starting Subscriber Opt-In process for store: International (3)
2015-03-28T04:20:04+00:00 DEBUG (7): Starting Subscriber Opt-In process for store: Retail (1)
2015-03-28T04:20:04+00:00 DEBUG (7): Starting Subscriber Opt-In process for store: Wholesale (2)
2015-03-28T04:30:02+00:00 DEBUG (7): Starting Subscriber Opt-In process for store: Admin (0)
2015-03-28T04:30:02+00:00 DEBUG (7): Starting Subscriber Opt-In process for store: International (3)
2015-03-28T04:30:02+00:00 DEBUG (7): Starting Subscriber Opt-In process for store: Retail (1)
2015-03-28T04:30:03+00:00 DEBUG (7): Starting Subscriber Opt-In process for store: Wholesale (2)
2015-03-28T04:33:17+00:00 DEBUG (7): No subscription status found in session.
2015-03-28T04:45:03+00:00 DEBUG (7): Starting Subscriber Opt-In process for store: Admin (0)
2015-03-28T04:45:03+00:00 DEBUG (7): Starting Subscriber Opt-In process for store: International (3)
2015-03-28T04:45:03+00:00 DEBUG (7): Starting Subscriber Opt-In process for store: Retail (1)
2015-03-28T04:45:03+00:00 DEBUG (7): Starting Subscriber Opt-In process for store: Wholesale (2)
2015-03-28T05:00:02+00:00 DEBUG (7): Starting Subscriber Opt-In process for store: Admin (0)
2015-03-28T05:00:02+00:00 DEBUG (7): Starting Subscriber Opt-In process for store: International (3)
2015-03-28T05:00:02+00:00 DEBUG (7): Starting Subscriber Opt-In process for store: Retail (1)
2015-03-28T05:00:03+00:00 DEBUG (7): Starting Subscriber Opt-In process for store: Wholesale (2)
2015-03-28T05:15:02+00:00 DEBUG (7): Starting Subscriber Opt-In process for store: Admin (0)
2015-03-28T05:15:02+00:00 DEBUG (7): Starting Subscriber Opt-In process for store: International (3)
2015-03-28T05:15:02+00:00 DEBUG (7): Starting Subscriber Opt-In process for store: Retail (1)
2015-03-28T05:15:03+00:00 DEBUG (7): Starting Subscriber Opt-In process for store: Wholesale (2)
2015-03-28T05:30:02+00:00 DEBUG (7): Starting Subscriber Opt-In process for store: Admin (0)
2015-03-28T05:30:02+00:00 DEBUG (7): Starting Subscriber Opt-In process for store: International (3)
2015-03-28T05:30:02+00:00 DEBUG (7): Starting Subscriber Opt-In process for store: Retail (1)
2015-03-28T05:30:03+00:00 DEBUG (7): Starting Subscriber Opt-In process for store: Wholesale (2)
2015-03-28T05:45:02+00:00 DEBUG (7): Starting Subscriber Opt-In process for store: Admin (0)
2015-03-28T05:45:02+00:00 DEBUG (7): Starting Subscriber Opt-In process for store: International (3)
2015-03-28T05:45:02+00:00 DEBUG (7): Starting Subscriber Opt-In process for store: Retail (1)
2015-03-28T05:45:03+00:00 DEBUG (7): Starting Subscriber Opt-In process for store: Wholesale (2)
2015-03-28T06:00:03+00:00 DEBUG (7): Starting Subscriber Opt-In process for store: Admin (0)
2015-03-28T06:00:03+00:00 DEBUG (7): Starting Subscriber Opt-In process for store: International (3)
2015-03-28T06:00:03+00:00 DEBUG (7): Starting Subscriber Opt-In process for store: Retail (1)
2015-03-28T06:00:03+00:00 DEBUG (7): Starting Subscriber Opt-In process for store: Wholesale (2)
2015-03-28T06:15:02+00:00 DEBUG (7): Starting Subscriber Opt-In process for store: Admin (0)
2015-03-28T06:15:03+00:00 DEBUG (7): Starting Subscriber Opt-In process for store: International (3)
2015-03-28T06:15:03+00:00 DEBUG (7): Starting Subscriber Opt-In process for store: Retail (1)
2015-03-28T06:15:03+00:00 INFO (6):   Adding Contact to list: Bloomingbath.com
2015-03-28T06:15:03+00:00 INFO (6):   Setting Contact (balbuena_maricruz@yahoo.com) status to: active
2015-03-28T06:15:04+00:00 DEBUG (7): Starting Subscriber Opt-In process for store: Wholesale (2)
2015-03-28T06:30:02+00:00 DEBUG (7): Starting Subscriber Opt-In process for store: Admin (0)
2015-03-28T06:30:02+00:00 DEBUG (7): Starting Subscriber Opt-In process for store: International (3)
2015-03-28T06:30:02+00:00 DEBUG (7): Starting Subscriber Opt-In process for store: Retail (1)
2015-03-28T06:30:03+00:00 DEBUG (7): Starting Subscriber Opt-In process for store: Wholesale (2)
2015-03-28T06:45:02+00:00 DEBUG (7): Starting Subscriber Opt-In process for store: Admin (0)
2015-03-28T06:45:02+00:00 DEBUG (7): Starting Subscriber Opt-In process for store: International (3)
2015-03-28T06:45:02+00:00 DEBUG (7): Starting Subscriber Opt-In process for store: Retail (1)
2015-03-28T06:45:03+00:00 DEBUG (7): Starting Subscriber Opt-In process for store: Wholesale (2)
2015-03-28T07:10:11+00:00 DEBUG (7): Starting Subscriber Opt-In process for store: Admin (0)
2015-03-28T07:10:11+00:00 DEBUG (7): Starting Subscriber Opt-In process for store: International (3)
2015-03-28T07:10:11+00:00 DEBUG (7): Starting Subscriber Opt-In process for store: Retail (1)
2015-03-28T07:10:12+00:00 DEBUG (7): Starting Subscriber Opt-In process for store: Wholesale (2)
2015-03-28T07:15:02+00:00 DEBUG (7): Starting Subscriber Opt-In process for store: Admin (0)
2015-03-28T07:15:02+00:00 DEBUG (7): Starting Subscriber Opt-In process for store: International (3)
2015-03-28T07:15:02+00:00 DEBUG (7): Starting Subscriber Opt-In process for store: Retail (1)
2015-03-28T07:15:03+00:00 DEBUG (7): Starting Subscriber Opt-In process for store: Wholesale (2)
2015-03-28T07:30:02+00:00 DEBUG (7): Starting Subscriber Opt-In process for store: Admin (0)
2015-03-28T07:30:02+00:00 DEBUG (7): Starting Subscriber Opt-In process for store: International (3)
2015-03-28T07:30:02+00:00 DEBUG (7): Starting Subscriber Opt-In process for store: Retail (1)
2015-03-28T07:30:03+00:00 DEBUG (7): Starting Subscriber Opt-In process for store: Wholesale (2)
2015-03-28T07:45:02+00:00 DEBUG (7): Starting Subscriber Opt-In process for store: Admin (0)
2015-03-28T07:45:02+00:00 DEBUG (7): Starting Subscriber Opt-In process for store: International (3)
2015-03-28T07:45:02+00:00 DEBUG (7): Starting Subscriber Opt-In process for store: Retail (1)
2015-03-28T07:45:03+00:00 DEBUG (7): Starting Subscriber Opt-In process for store: Wholesale (2)
2015-03-28T08:00:32+00:00 DEBUG (7): Starting Subscriber Opt-In process for store: Admin (0)
2015-03-28T08:00:32+00:00 DEBUG (7): Starting Subscriber Opt-In process for store: International (3)
2015-03-28T08:00:32+00:00 DEBUG (7): Starting Subscriber Opt-In process for store: Retail (1)
2015-03-28T08:00:33+00:00 DEBUG (7): Starting Subscriber Opt-In process for store: Wholesale (2)
2015-03-28T08:15:02+00:00 DEBUG (7): Starting Subscriber Opt-In process for store: Admin (0)
2015-03-28T08:15:02+00:00 DEBUG (7): Starting Subscriber Opt-In process for store: International (3)
2015-03-28T08:15:02+00:00 DEBUG (7): Starting Subscriber Opt-In process for store: Retail (1)
2015-03-28T08:15:03+00:00 DEBUG (7): Starting Subscriber Opt-In process for store: Wholesale (2)
2015-03-28T08:30:02+00:00 DEBUG (7): Starting Subscriber Opt-In process for store: Admin (0)
2015-03-28T08:30:02+00:00 DEBUG (7): Starting Subscriber Opt-In process for store: International (3)
2015-03-28T08:30:02+00:00 DEBUG (7): Starting Subscriber Opt-In process for store: Retail (1)
2015-03-28T08:30:03+00:00 DEBUG (7): Starting Subscriber Opt-In process for store: Wholesale (2)
2015-03-28T08:45:02+00:00 DEBUG (7): Starting Subscriber Opt-In process for store: Admin (0)
2015-03-28T08:45:02+00:00 DEBUG (7): Starting Subscriber Opt-In process for store: International (3)
2015-03-28T08:45:02+00:00 DEBUG (7): Starting Subscriber Opt-In process for store: Retail (1)
2015-03-28T08:45:03+00:00 DEBUG (7): Starting Subscriber Opt-In process for store: Wholesale (2)
2015-03-28T09:00:07+00:00 DEBUG (7): Starting Subscriber Opt-In process for store: Admin (0)
2015-03-28T09:00:07+00:00 DEBUG (7): Starting Subscriber Opt-In process for store: International (3)
2015-03-28T09:00:07+00:00 DEBUG (7): Starting Subscriber Opt-In process for store: Retail (1)
2015-03-28T09:00:08+00:00 DEBUG (7): Starting Subscriber Opt-In process for store: Wholesale (2)
2015-03-28T09:15:02+00:00 DEBUG (7): Starting Subscriber Opt-In process for store: Admin (0)
2015-03-28T09:15:02+00:00 DEBUG (7): Starting Subscriber Opt-In process for store: International (3)
2015-03-28T09:15:02+00:00 DEBUG (7): Starting Subscriber Opt-In process for store: Retail (1)
2015-03-28T09:15:03+00:00 INFO (6):   Adding Contact to list: Bloomingbath.com
2015-03-28T09:15:03+00:00 INFO (6):   Setting Contact (amustaf3@gmail.com) status to: active
2015-03-28T09:15:03+00:00 DEBUG (7): Starting Subscriber Opt-In process for store: Wholesale (2)
2015-03-28T09:30:02+00:00 DEBUG (7): Starting Subscriber Opt-In process for store: Admin (0)
2015-03-28T09:30:02+00:00 DEBUG (7): Starting Subscriber Opt-In process for store: International (3)
2015-03-28T09:30:02+00:00 DEBUG (7): Starting Subscriber Opt-In process for store: Retail (1)
2015-03-28T09:30:03+00:00 DEBUG (7): Starting Subscriber Opt-In process for store: Wholesale (2)
2015-03-28T09:45:03+00:00 DEBUG (7): Starting Subscriber Opt-In process for store: Admin (0)
2015-03-28T09:45:03+00:00 DEBUG (7): Starting Subscriber Opt-In process for store: International (3)
2015-03-28T09:45:03+00:00 DEBUG (7): Starting Subscriber Opt-In process for store: Retail (1)
2015-03-28T09:45:03+00:00 DEBUG (7): Starting Subscriber Opt-In process for store: Wholesale (2)
2015-03-28T10:00:02+00:00 DEBUG (7): Starting Subscriber Opt-In process for store: Admin (0)
2015-03-28T10:00:02+00:00 DEBUG (7): Starting Subscriber Opt-In process for store: International (3)
2015-03-28T10:00:02+00:00 DEBUG (7): Starting Subscriber Opt-In process for store: Retail (1)
2015-03-28T10:00:03+00:00 DEBUG (7): Starting Subscriber Opt-In process for store: Wholesale (2)
2015-03-28T10:15:03+00:00 DEBUG (7): Starting Subscriber Opt-In process for store: Admin (0)
2015-03-28T10:15:03+00:00 DEBUG (7): Starting Subscriber Opt-In process for store: International (3)
2015-03-28T10:15:03+00:00 DEBUG (7): Starting Subscriber Opt-In process for store: Retail (1)
2015-03-28T10:15:04+00:00 INFO (6):   Adding Contact to list: Bloomingbath.com
2015-03-28T10:15:04+00:00 INFO (6):   Setting Contact (candice.martinez87@gmail.com) status to: active
2015-03-28T10:15:04+00:00 DEBUG (7): Starting Subscriber Opt-In process for store: Wholesale (2)
2015-03-28T10:30:02+00:00 DEBUG (7): Starting Subscriber Opt-In process for store: Admin (0)
2015-03-28T10:30:02+00:00 DEBUG (7): Starting Subscriber Opt-In process for store: International (3)
2015-03-28T10:30:02+00:00 DEBUG (7): Starting Subscriber Opt-In process for store: Retail (1)
2015-03-28T10:30:03+00:00 DEBUG (7): Starting Subscriber Opt-In process for store: Wholesale (2)
2015-03-28T10:50:02+00:00 DEBUG (7): Starting Subscriber Opt-In process for store: Admin (0)
2015-03-28T10:50:02+00:00 DEBUG (7): Starting Subscriber Opt-In process for store: International (3)
2015-03-28T10:50:02+00:00 DEBUG (7): Starting Subscriber Opt-In process for store: Retail (1)
2015-03-28T10:50:03+00:00 DEBUG (7): Starting Subscriber Opt-In process for store: Wholesale (2)
2015-03-28T11:00:02+00:00 DEBUG (7): Starting Subscriber Opt-In process for store: Admin (0)
2015-03-28T11:00:02+00:00 DEBUG (7): Starting Subscriber Opt-In process for store: International (3)
2015-03-28T11:00:02+00:00 DEBUG (7): Starting Subscriber Opt-In process for store: Retail (1)
2015-03-28T11:00:03+00:00 DEBUG (7): Starting Subscriber Opt-In process for store: Wholesale (2)
2015-03-28T11:15:02+00:00 DEBUG (7): Starting Subscriber Opt-In process for store: Admin (0)
2015-03-28T11:15:02+00:00 DEBUG (7): Starting Subscriber Opt-In process for store: International (3)
2015-03-28T11:15:02+00:00 DEBUG (7): Starting Subscriber Opt-In process for store: Retail (1)
2015-03-28T11:15:03+00:00 DEBUG (7): Starting Subscriber Opt-In process for store: Wholesale (2)
2015-03-28T11:30:02+00:00 DEBUG (7): Starting Subscriber Opt-In process for store: Admin (0)
2015-03-28T11:30:02+00:00 DEBUG (7): Starting Subscriber Opt-In process for store: International (3)
2015-03-28T11:30:02+00:00 DEBUG (7): Starting Subscriber Opt-In process for store: Retail (1)
2015-03-28T11:30:03+00:00 DEBUG (7): Starting Subscriber Opt-In process for store: Wholesale (2)
2015-03-28T11:42:20+00:00 DEBUG (7): No subscription status found in session.
2015-03-28T11:45:03+00:00 DEBUG (7): Starting Subscriber Opt-In process for store: Admin (0)
2015-03-28T11:45:03+00:00 DEBUG (7): Starting Subscriber Opt-In process for store: International (3)
2015-03-28T11:45:03+00:00 DEBUG (7): Starting Subscriber Opt-In process for store: Retail (1)
2015-03-28T11:45:04+00:00 INFO (6):   Adding Contact to list: Bloomingbath.com
2015-03-28T11:45:04+00:00 INFO (6):   Setting Contact (anderauj@aol.com) status to: active
2015-03-28T11:45:04+00:00 DEBUG (7): Starting Subscriber Opt-In process for store: Wholesale (2)
2015-03-28T12:00:04+00:00 DEBUG (7): Starting Subscriber Opt-In process for store: Admin (0)
2015-03-28T12:00:04+00:00 DEBUG (7): Starting Subscriber Opt-In process for store: International (3)
2015-03-28T12:00:04+00:00 DEBUG (7): Starting Subscriber Opt-In process for store: Retail (1)
2015-03-28T12:00:04+00:00 DEBUG (7): Starting Subscriber Opt-In process for store: Wholesale (2)
2015-03-28T12:15:02+00:00 DEBUG (7): Starting Subscriber Opt-In process for store: Admin (0)
2015-03-28T12:15:02+00:00 DEBUG (7): Starting Subscriber Opt-In process for store: International (3)
2015-03-28T12:15:02+00:00 DEBUG (7): Starting Subscriber Opt-In process for store: Retail (1)
2015-03-28T12:15:03+00:00 DEBUG (7): Starting Subscriber Opt-In process for store: Wholesale (2)
2015-03-28T12:20:44+00:00 DEBUG (7): No subscription status found in session.
2015-03-28T12:30:04+00:00 DEBUG (7): Starting Subscriber Opt-In process for store: Admin (0)
2015-03-28T12:30:04+00:00 DEBUG (7): Starting Subscriber Opt-In process for store: International (3)
2015-03-28T12:30:04+00:00 DEBUG (7): Starting Subscriber Opt-In process for store: Retail (1)
2015-03-28T12:30:04+00:00 DEBUG (7): Starting Subscriber Opt-In process for store: Wholesale (2)
2015-03-28T12:50:02+00:00 DEBUG (7): Starting Subscriber Opt-In process for store: Admin (0)
2015-03-28T12:50:02+00:00 DEBUG (7): Starting Subscriber Opt-In process for store: International (3)
2015-03-28T12:50:02+00:00 DEBUG (7): Starting Subscriber Opt-In process for store: Retail (1)
2015-03-28T12:50:03+00:00 DEBUG (7): Starting Subscriber Opt-In process for store: Wholesale (2)
2015-03-28T13:00:02+00:00 DEBUG (7): Starting Subscriber Opt-In process for store: Admin (0)
2015-03-28T13:00:02+00:00 DEBUG (7): Starting Subscriber Opt-In process for store: International (3)
2015-03-28T13:00:02+00:00 DEBUG (7): Starting Subscriber Opt-In process for store: Retail (1)
2015-03-28T13:00:03+00:00 DEBUG (7): Starting Subscriber Opt-In process for store: Wholesale (2)
2015-03-28T13:15:02+00:00 DEBUG (7): Starting Subscriber Opt-In process for store: Admin (0)
2015-03-28T13:15:02+00:00 DEBUG (7): Starting Subscriber Opt-In process for store: International (3)
2015-03-28T13:15:02+00:00 DEBUG (7): Starting Subscriber Opt-In process for store: Retail (1)
2015-03-28T13:15:03+00:00 DEBUG (7): Starting Subscriber Opt-In process for store: Wholesale (2)
2015-03-28T13:30:02+00:00 DEBUG (7): Starting Subscriber Opt-In process for store: Admin (0)
2015-03-28T13:30:02+00:00 DEBUG (7): Starting Subscriber Opt-In process for store: International (3)
2015-03-28T13:30:02+00:00 DEBUG (7): Starting Subscriber Opt-In process for store: Retail (1)
2015-03-28T13:30:03+00:00 DEBUG (7): Starting Subscriber Opt-In process for store: Wholesale (2)
2015-03-28T13:45:02+00:00 DEBUG (7): Starting Subscriber Opt-In process for store: Admin (0)
2015-03-28T13:45:02+00:00 DEBUG (7): Starting Subscriber Opt-In process for store: International (3)
2015-03-28T13:45:02+00:00 DEBUG (7): Starting Subscriber Opt-In process for store: Retail (1)
2015-03-28T13:45:03+00:00 DEBUG (7): Starting Subscriber Opt-In process for store: Wholesale (2)
2015-03-28T14:00:02+00:00 DEBUG (7): Starting Subscriber Opt-In process for store: Admin (0)
2015-03-28T14:00:02+00:00 DEBUG (7): Starting Subscriber Opt-In process for store: International (3)
2015-03-28T14:00:02+00:00 DEBUG (7): Starting Subscriber Opt-In process for store: Retail (1)
2015-03-28T14:00:03+00:00 INFO (6):   Adding Contact to list: Bloomingbath.com
2015-03-28T14:00:03+00:00 INFO (6):   Setting Contact (hailsmontoya@Gmail.com) status to: active
2015-03-28T14:00:03+00:00 DEBUG (7): Starting Subscriber Opt-In process for store: Wholesale (2)
2015-03-28T14:10:46+00:00 DEBUG (7): No subscription status found in session.
2015-03-28T14:15:06+00:00 DEBUG (7): Starting Subscriber Opt-In process for store: Admin (0)
2015-03-28T14:15:06+00:00 DEBUG (7): Starting Subscriber Opt-In process for store: International (3)
2015-03-28T14:15:06+00:00 DEBUG (7): Starting Subscriber Opt-In process for store: Retail (1)
2015-03-28T14:15:06+00:00 DEBUG (7): Starting Subscriber Opt-In process for store: Wholesale (2)
2015-03-28T14:30:02+00:00 DEBUG (7): Starting Subscriber Opt-In process for store: Admin (0)
2015-03-28T14:30:02+00:00 DEBUG (7): Starting Subscriber Opt-In process for store: International (3)
2015-03-28T14:30:02+00:00 DEBUG (7): Starting Subscriber Opt-In process for store: Retail (1)
2015-03-28T14:30:03+00:00 DEBUG (7): Starting Subscriber Opt-In process for store: Wholesale (2)
2015-03-28T14:45:02+00:00 DEBUG (7): Starting Subscriber Opt-In process for store: Admin (0)
2015-03-28T14:45:02+00:00 DEBUG (7): Starting Subscriber Opt-In process for store: International (3)
2015-03-28T14:45:02+00:00 DEBUG (7): Starting Subscriber Opt-In process for store: Retail (1)
2015-03-28T14:45:03+00:00 DEBUG (7): Starting Subscriber Opt-In process for store: Wholesale (2)
2015-03-28T15:00:02+00:00 DEBUG (7): Starting Subscriber Opt-In process for store: Admin (0)
2015-03-28T15:00:02+00:00 DEBUG (7): Starting Subscriber Opt-In process for store: International (3)
2015-03-28T15:00:02+00:00 DEBUG (7): Starting Subscriber Opt-In process for store: Retail (1)
2015-03-28T15:00:03+00:00 INFO (6):   Adding Contact to list: Bloomingbath.com
2015-03-28T15:00:03+00:00 INFO (6):   Setting Contact (jazziepazzie@yahoo.com) status to: active
2015-03-28T15:00:04+00:00 DEBUG (7): Starting Subscriber Opt-In process for store: Wholesale (2)
2015-03-28T15:15:02+00:00 DEBUG (7): Starting Subscriber Opt-In process for store: Admin (0)
2015-03-28T15:15:02+00:00 DEBUG (7): Starting Subscriber Opt-In process for store: International (3)
2015-03-28T15:15:02+00:00 DEBUG (7): Starting Subscriber Opt-In process for store: Retail (1)
2015-03-28T15:15:03+00:00 DEBUG (7): Starting Subscriber Opt-In process for store: Wholesale (2)
2015-03-28T15:30:02+00:00 DEBUG (7): Starting Subscriber Opt-In process for store: Admin (0)
2015-03-28T15:30:02+00:00 DEBUG (7): Starting Subscriber Opt-In process for store: International (3)
2015-03-28T15:30:02+00:00 DEBUG (7): Starting Subscriber Opt-In process for store: Retail (1)
2015-03-28T15:30:03+00:00 DEBUG (7): Starting Subscriber Opt-In process for store: Wholesale (2)
2015-03-28T15:45:02+00:00 DEBUG (7): Starting Subscriber Opt-In process for store: Admin (0)
2015-03-28T15:45:02+00:00 DEBUG (7): Starting Subscriber Opt-In process for store: International (3)
2015-03-28T15:45:02+00:00 DEBUG (7): Starting Subscriber Opt-In process for store: Retail (1)
2015-03-28T15:45:03+00:00 DEBUG (7): Starting Subscriber Opt-In process for store: Wholesale (2)
2015-03-28T16:05:03+00:00 DEBUG (7): Starting Subscriber Opt-In process for store: Admin (0)
2015-03-28T16:05:03+00:00 DEBUG (7): Starting Subscriber Opt-In process for store: International (3)
2015-03-28T16:05:03+00:00 DEBUG (7): Starting Subscriber Opt-In process for store: Retail (1)
2015-03-28T16:05:04+00:00 INFO (6):   Adding Contact to list: Bloomingbath.com
2015-03-28T16:05:04+00:00 INFO (6):   Setting Contact (JodannaSierra@Gmail.com) status to: active
2015-03-28T16:05:04+00:00 DEBUG (7): Starting Subscriber Opt-In process for store: Wholesale (2)
2015-03-28T16:15:02+00:00 DEBUG (7): Starting Subscriber Opt-In process for store: Admin (0)
2015-03-28T16:15:02+00:00 DEBUG (7): Starting Subscriber Opt-In process for store: International (3)
2015-03-28T16:15:02+00:00 DEBUG (7): Starting Subscriber Opt-In process for store: Retail (1)
2015-03-28T16:15:03+00:00 DEBUG (7): Starting Subscriber Opt-In process for store: Wholesale (2)
2015-03-28T16:30:02+00:00 DEBUG (7): Starting Subscriber Opt-In process for store: Admin (0)
2015-03-28T16:30:02+00:00 DEBUG (7): Starting Subscriber Opt-In process for store: International (3)
2015-03-28T16:30:02+00:00 DEBUG (7): Starting Subscriber Opt-In process for store: Retail (1)
2015-03-28T16:30:03+00:00 INFO (6):   Adding Contact to list: Bloomingbath.com
2015-03-28T16:30:03+00:00 INFO (6):   Setting Contact (yeseniacafuentes@gmail.com) status to: active
2015-03-28T16:30:03+00:00 DEBUG (7): Starting Subscriber Opt-In process for store: Wholesale (2)
2015-03-28T16:45:02+00:00 DEBUG (7): Starting Subscriber Opt-In process for store: Admin (0)
2015-03-28T16:45:02+00:00 DEBUG (7): Starting Subscriber Opt-In process for store: International (3)
2015-03-28T16:45:02+00:00 DEBUG (7): Starting Subscriber Opt-In process for store: Retail (1)
2015-03-28T16:45:03+00:00 DEBUG (7): Starting Subscriber Opt-In process for store: Wholesale (2)
2015-03-28T17:00:03+00:00 DEBUG (7): Starting Subscriber Opt-In process for store: Admin (0)
2015-03-28T17:00:03+00:00 DEBUG (7): Starting Subscriber Opt-In process for store: International (3)
2015-03-28T17:00:03+00:00 DEBUG (7): Starting Subscriber Opt-In process for store: Retail (1)
2015-03-28T17:00:04+00:00 DEBUG (7): Starting Subscriber Opt-In process for store: Wholesale (2)
2015-03-28T17:15:02+00:00 DEBUG (7): Starting Subscriber Opt-In process for store: Admin (0)
2015-03-28T17:15:02+00:00 DEBUG (7): Starting Subscriber Opt-In process for store: International (3)
2015-03-28T17:15:02+00:00 DEBUG (7): Starting Subscriber Opt-In process for store: Retail (1)
2015-03-28T17:15:04+00:00 INFO (6):   Adding Contact to list: Bloomingbath.com
2015-03-28T17:15:04+00:00 INFO (6):   Setting Contact (april-barber@hotmail.com) status to: active
2015-03-28T17:15:04+00:00 INFO (6):   Adding Contact to list: Bloomingbath.com
2015-03-28T17:15:04+00:00 INFO (6):   Setting Contact (babypannell@gmail.com) status to: active
2015-03-28T17:15:04+00:00 DEBUG (7): Starting Subscriber Opt-In process for store: Wholesale (2)
2015-03-28T17:30:02+00:00 DEBUG (7): Starting Subscriber Opt-In process for store: Admin (0)
2015-03-28T17:30:02+00:00 DEBUG (7): Starting Subscriber Opt-In process for store: International (3)
2015-03-28T17:30:02+00:00 DEBUG (7): Starting Subscriber Opt-In process for store: Retail (1)
2015-03-28T17:30:03+00:00 DEBUG (7): Starting Subscriber Opt-In process for store: Wholesale (2)
2015-03-28T17:45:02+00:00 DEBUG (7): Starting Subscriber Opt-In process for store: Admin (0)
2015-03-28T17:45:02+00:00 DEBUG (7): Starting Subscriber Opt-In process for store: International (3)
2015-03-28T17:45:03+00:00 DEBUG (7): Starting Subscriber Opt-In process for store: Retail (1)
2015-03-28T17:45:03+00:00 INFO (6):   Adding Contact to list: Bloomingbath.com
2015-03-28T17:45:03+00:00 INFO (6):   Setting Contact (nbracci84@gmail.com) status to: active
2015-03-28T17:45:04+00:00 DEBUG (7): Starting Subscriber Opt-In process for store: Wholesale (2)
2015-03-28T18:00:02+00:00 DEBUG (7): Starting Subscriber Opt-In process for store: Admin (0)
2015-03-28T18:00:02+00:00 DEBUG (7): Starting Subscriber Opt-In process for store: International (3)
2015-03-28T18:00:02+00:00 DEBUG (7): Starting Subscriber Opt-In process for store: Retail (1)
2015-03-28T18:00:03+00:00 DEBUG (7): Starting Subscriber Opt-In process for store: Wholesale (2)
2015-03-28T18:02:22+00:00 DEBUG (7): No subscription status found in session.
2015-03-28T18:15:04+00:00 DEBUG (7): Starting Subscriber Opt-In process for store: Admin (0)
2015-03-28T18:15:04+00:00 DEBUG (7): Starting Subscriber Opt-In process for store: International (3)
2015-03-28T18:15:04+00:00 DEBUG (7): Starting Subscriber Opt-In process for store: Retail (1)
2015-03-28T18:15:05+00:00 INFO (6):   Adding Contact to list: Bloomingbath.com
2015-03-28T18:15:05+00:00 INFO (6):   Setting Contact (Jackiel4@hotmail.com) status to: active
2015-03-28T18:15:05+00:00 DEBUG (7): Starting Subscriber Opt-In process for store: Wholesale (2)
2015-03-28T18:30:03+00:00 DEBUG (7): Starting Subscriber Opt-In process for store: Admin (0)
2015-03-28T18:30:03+00:00 DEBUG (7): Starting Subscriber Opt-In process for store: International (3)
2015-03-28T18:30:03+00:00 DEBUG (7): Starting Subscriber Opt-In process for store: Retail (1)
2015-03-28T18:30:04+00:00 DEBUG (7): Starting Subscriber Opt-In process for store: Wholesale (2)
2015-03-28T18:45:02+00:00 DEBUG (7): Starting Subscriber Opt-In process for store: Admin (0)
2015-03-28T18:45:02+00:00 DEBUG (7): Starting Subscriber Opt-In process for store: International (3)
2015-03-28T18:45:02+00:00 DEBUG (7): Starting Subscriber Opt-In process for store: Retail (1)
2015-03-28T18:45:03+00:00 DEBUG (7): Starting Subscriber Opt-In process for store: Wholesale (2)
2015-03-28T19:00:02+00:00 DEBUG (7): Starting Subscriber Opt-In process for store: Admin (0)
2015-03-28T19:00:02+00:00 DEBUG (7): Starting Subscriber Opt-In process for store: International (3)
2015-03-28T19:00:02+00:00 DEBUG (7): Starting Subscriber Opt-In process for store: Retail (1)
2015-03-28T19:00:03+00:00 INFO (6):   Adding Contact to list: Bloomingbath.com
2015-03-28T19:00:03+00:00 INFO (6):   Setting Contact (nada.a.a.h@hotmail.com) status to: active
2015-03-28T19:00:03+00:00 DEBUG (7): Starting Subscriber Opt-In process for store: Wholesale (2)
2015-03-28T19:15:02+00:00 DEBUG (7): Starting Subscriber Opt-In process for store: Admin (0)
2015-03-28T19:15:02+00:00 DEBUG (7): Starting Subscriber Opt-In process for store: International (3)
2015-03-28T19:15:02+00:00 DEBUG (7): Starting Subscriber Opt-In process for store: Retail (1)
2015-03-28T19:15:03+00:00 DEBUG (7): Starting Subscriber Opt-In process for store: Wholesale (2)
2015-03-28T19:35:02+00:00 DEBUG (7): Starting Subscriber Opt-In process for store: Admin (0)
2015-03-28T19:35:02+00:00 DEBUG (7): Starting Subscriber Opt-In process for store: International (3)
2015-03-28T19:35:02+00:00 DEBUG (7): Starting Subscriber Opt-In process for store: Retail (1)
2015-03-28T19:35:03+00:00 DEBUG (7): Starting Subscriber Opt-In process for store: Wholesale (2)
2015-03-28T19:42:35+00:00 DEBUG (7): No subscription status found in session.
2015-03-28T19:45:04+00:00 DEBUG (7): Starting Subscriber Opt-In process for store: Admin (0)
2015-03-28T19:45:04+00:00 DEBUG (7): Starting Subscriber Opt-In process for store: International (3)
2015-03-28T19:45:04+00:00 DEBUG (7): Starting Subscriber Opt-In process for store: Retail (1)
2015-03-28T19:45:04+00:00 INFO (6):   Adding Contact to list: Bloomingbath.com
2015-03-28T19:45:04+00:00 INFO (6):   Setting Contact (JMBOffice@SBCGlobal.net) status to: active
2015-03-28T19:45:04+00:00 DEBUG (7): Starting Subscriber Opt-In process for store: Wholesale (2)
2015-03-28T19:59:19+00:00 DEBUG (7): No subscription status found in session.
2015-03-28T20:00:04+00:00 DEBUG (7): Starting Subscriber Opt-In process for store: Admin (0)
2015-03-28T20:00:04+00:00 DEBUG (7): Starting Subscriber Opt-In process for store: International (3)
2015-03-28T20:00:04+00:00 DEBUG (7): Starting Subscriber Opt-In process for store: Retail (1)
2015-03-28T20:00:04+00:00 DEBUG (7): Starting Subscriber Opt-In process for store: Wholesale (2)
2015-03-28T20:15:02+00:00 DEBUG (7): Starting Subscriber Opt-In process for store: Admin (0)
2015-03-28T20:15:02+00:00 DEBUG (7): Starting Subscriber Opt-In process for store: International (3)
2015-03-28T20:15:02+00:00 DEBUG (7): Starting Subscriber Opt-In process for store: Retail (1)
2015-03-28T20:15:03+00:00 DEBUG (7): Starting Subscriber Opt-In process for store: Wholesale (2)
2015-03-28T20:30:02+00:00 DEBUG (7): Starting Subscriber Opt-In process for store: Admin (0)
2015-03-28T20:30:02+00:00 DEBUG (7): Starting Subscriber Opt-In process for store: International (3)
2015-03-28T20:30:02+00:00 DEBUG (7): Starting Subscriber Opt-In process for store: Retail (1)
2015-03-28T20:30:03+00:00 DEBUG (7): Starting Subscriber Opt-In process for store: Wholesale (2)
2015-03-28T20:45:02+00:00 DEBUG (7): Starting Subscriber Opt-In process for store: Admin (0)
2015-03-28T20:45:02+00:00 DEBUG (7): Starting Subscriber Opt-In process for store: International (3)
2015-03-28T20:45:02+00:00 DEBUG (7): Starting Subscriber Opt-In process for store: Retail (1)
2015-03-28T20:45:03+00:00 DEBUG (7): Starting Subscriber Opt-In process for store: Wholesale (2)
2015-03-28T21:05:02+00:00 DEBUG (7): Starting Subscriber Opt-In process for store: Admin (0)
2015-03-28T21:05:02+00:00 DEBUG (7): Starting Subscriber Opt-In process for store: International (3)
2015-03-28T21:05:02+00:00 DEBUG (7): Starting Subscriber Opt-In process for store: Retail (1)
2015-03-28T21:05:03+00:00 INFO (6):   Adding Contact to list: Bloomingbath.com
2015-03-28T21:05:03+00:00 INFO (6):   Setting Contact (karonegner@aol.com) status to: active
2015-03-28T21:05:04+00:00 DEBUG (7): Starting Subscriber Opt-In process for store: Wholesale (2)
2015-03-28T21:15:02+00:00 DEBUG (7): Starting Subscriber Opt-In process for store: Admin (0)
2015-03-28T21:15:02+00:00 DEBUG (7): Starting Subscriber Opt-In process for store: International (3)
2015-03-28T21:15:02+00:00 DEBUG (7): Starting Subscriber Opt-In process for store: Retail (1)
2015-03-28T21:15:03+00:00 DEBUG (7): Starting Subscriber Opt-In process for store: Wholesale (2)
2015-03-28T21:30:03+00:00 DEBUG (7): Starting Subscriber Opt-In process for store: Admin (0)
2015-03-28T21:30:03+00:00 DEBUG (7): Starting Subscriber Opt-In process for store: International (3)
2015-03-28T21:30:03+00:00 DEBUG (7): Starting Subscriber Opt-In process for store: Retail (1)
2015-03-28T21:30:04+00:00 INFO (6):   Adding Contact to list: Bloomingbath.com
2015-03-28T21:30:04+00:00 INFO (6):   Setting Contact (neelamkhannabagga@hotmail.com) status to: active
2015-03-28T21:30:04+00:00 DEBUG (7): Starting Subscriber Opt-In process for store: Wholesale (2)
2015-03-28T21:45:02+00:00 DEBUG (7): Starting Subscriber Opt-In process for store: Admin (0)
2015-03-28T21:45:02+00:00 DEBUG (7): Starting Subscriber Opt-In process for store: International (3)
2015-03-28T21:45:02+00:00 DEBUG (7): Starting Subscriber Opt-In process for store: Retail (1)
2015-03-28T21:45:03+00:00 INFO (6):   Adding Contact to list: Bloomingbath.com
2015-03-28T21:45:03+00:00 INFO (6):   Setting Contact (deleona03@bellsouth.net) status to: active
2015-03-28T21:45:04+00:00 INFO (6):   Adding Contact to list: Bloomingbath.com
2015-03-28T21:45:04+00:00 INFO (6):   Setting Contact (mariajmartinez3@gmail.com) status to: active
2015-03-28T21:45:04+00:00 DEBUG (7): Starting Subscriber Opt-In process for store: Wholesale (2)
2015-03-28T22:00:02+00:00 DEBUG (7): Starting Subscriber Opt-In process for store: Admin (0)
2015-03-28T22:00:02+00:00 DEBUG (7): Starting Subscriber Opt-In process for store: International (3)
2015-03-28T22:00:02+00:00 DEBUG (7): Starting Subscriber Opt-In process for store: Retail (1)
2015-03-28T22:00:03+00:00 DEBUG (7): Starting Subscriber Opt-In process for store: Wholesale (2)
2015-03-28T22:15:04+00:00 DEBUG (7): Starting Subscriber Opt-In process for store: Admin (0)
2015-03-28T22:15:04+00:00 DEBUG (7): Starting Subscriber Opt-In process for store: International (3)
2015-03-28T22:15:04+00:00 DEBUG (7): Starting Subscriber Opt-In process for store: Retail (1)
2015-03-28T22:15:04+00:00 DEBUG (7): Starting Subscriber Opt-In process for store: Wholesale (2)
2015-03-28T22:30:02+00:00 DEBUG (7): Starting Subscriber Opt-In process for store: Admin (0)
2015-03-28T22:30:02+00:00 DEBUG (7): Starting Subscriber Opt-In process for store: International (3)
2015-03-28T22:30:02+00:00 DEBUG (7): Starting Subscriber Opt-In process for store: Retail (1)
2015-03-28T22:30:03+00:00 DEBUG (7): Starting Subscriber Opt-In process for store: Wholesale (2)
2015-03-28T22:45:02+00:00 DEBUG (7): Starting Subscriber Opt-In process for store: Admin (0)
2015-03-28T22:45:02+00:00 DEBUG (7): Starting Subscriber Opt-In process for store: International (3)
2015-03-28T22:45:02+00:00 DEBUG (7): Starting Subscriber Opt-In process for store: Retail (1)
2015-03-28T22:45:03+00:00 INFO (6):   Adding Contact to list: Bloomingbath.com
2015-03-28T22:45:03+00:00 INFO (6):   Setting Contact (anamaldonado1523@yahoo.com) status to: active
2015-03-28T22:45:03+00:00 DEBUG (7): Starting Subscriber Opt-In process for store: Wholesale (2)
2015-03-28T23:00:02+00:00 DEBUG (7): Starting Subscriber Opt-In process for store: Admin (0)
2015-03-28T23:00:02+00:00 DEBUG (7): Starting Subscriber Opt-In process for store: International (3)
2015-03-28T23:00:02+00:00 DEBUG (7): Starting Subscriber Opt-In process for store: Retail (1)
2015-03-28T23:00:03+00:00 INFO (6):   Adding Contact to list: Bloomingbath.com
2015-03-28T23:00:03+00:00 INFO (6):   Setting Contact (arlene.barron@ymail.com) status to: active
2015-03-28T23:00:03+00:00 DEBUG (7): Starting Subscriber Opt-In process for store: Wholesale (2)
2015-03-28T23:15:04+00:00 DEBUG (7): Starting Subscriber Opt-In process for store: Admin (0)
2015-03-28T23:15:04+00:00 DEBUG (7): Starting Subscriber Opt-In process for store: International (3)
2015-03-28T23:15:04+00:00 DEBUG (7): Starting Subscriber Opt-In process for store: Retail (1)
2015-03-28T23:15:04+00:00 DEBUG (7): Starting Subscriber Opt-In process for store: Wholesale (2)
2015-03-28T23:30:02+00:00 DEBUG (7): Starting Subscriber Opt-In process for store: Admin (0)
2015-03-28T23:30:02+00:00 DEBUG (7): Starting Subscriber Opt-In process for store: International (3)
2015-03-28T23:30:02+00:00 DEBUG (7): Starting Subscriber Opt-In process for store: Retail (1)
2015-03-28T23:30:03+00:00 DEBUG (7): Starting Subscriber Opt-In process for store: Wholesale (2)
2015-03-28T23:50:04+00:00 DEBUG (7): Starting Subscriber Opt-In process for store: Admin (0)
2015-03-28T23:50:04+00:00 DEBUG (7): Starting Subscriber Opt-In process for store: International (3)
2015-03-28T23:50:04+00:00 DEBUG (7): Starting Subscriber Opt-In process for store: Retail (1)
2015-03-28T23:50:06+00:00 DEBUG (7): Starting Subscriber Opt-In process for store: Wholesale (2)
