2015-04-05T00:00:02+00:00 DEBUG (7): Starting Subscriber Opt-In process for store: Admin (0)
2015-04-05T00:00:02+00:00 DEBUG (7): Starting Subscriber Opt-In process for store: International (3)
2015-04-05T00:00:02+00:00 DEBUG (7): Starting Subscriber Opt-In process for store: Retail (1)
2015-04-05T00:00:03+00:00 DEBUG (7): Starting Subscriber Opt-In process for store: Wholesale (2)
2015-04-05T00:15:02+00:00 DEBUG (7): Starting Subscriber Opt-In process for store: Admin (0)
2015-04-05T00:15:02+00:00 DEBUG (7): Starting Subscriber Opt-In process for store: International (3)
2015-04-05T00:15:02+00:00 DEBUG (7): Starting Subscriber Opt-In process for store: Retail (1)
2015-04-05T00:15:03+00:00 DEBUG (7): Starting Subscriber Opt-In process for store: Wholesale (2)
2015-04-05T00:30:02+00:00 DEBUG (7): Starting Subscriber Opt-In process for store: Admin (0)
2015-04-05T00:30:02+00:00 DEBUG (7): Starting Subscriber Opt-In process for store: International (3)
2015-04-05T00:30:02+00:00 DEBUG (7): Starting Subscriber Opt-In process for store: Retail (1)
2015-04-05T00:30:03+00:00 DEBUG (7): Starting Subscriber Opt-In process for store: Wholesale (2)
2015-04-05T00:45:02+00:00 DEBUG (7): Starting Subscriber Opt-In process for store: Admin (0)
2015-04-05T00:45:02+00:00 DEBUG (7): Starting Subscriber Opt-In process for store: International (3)
2015-04-05T00:45:02+00:00 DEBUG (7): Starting Subscriber Opt-In process for store: Retail (1)
2015-04-05T00:45:03+00:00 DEBUG (7): Starting Subscriber Opt-In process for store: Wholesale (2)
2015-04-05T01:05:02+00:00 DEBUG (7): Starting Subscriber Opt-In process for store: Admin (0)
2015-04-05T01:05:02+00:00 DEBUG (7): Starting Subscriber Opt-In process for store: International (3)
2015-04-05T01:05:02+00:00 DEBUG (7): Starting Subscriber Opt-In process for store: Retail (1)
2015-04-05T01:05:03+00:00 DEBUG (7): Starting Subscriber Opt-In process for store: Wholesale (2)
2015-04-05T01:15:02+00:00 DEBUG (7): Starting Subscriber Opt-In process for store: Admin (0)
2015-04-05T01:15:02+00:00 DEBUG (7): Starting Subscriber Opt-In process for store: International (3)
2015-04-05T01:15:02+00:00 DEBUG (7): Starting Subscriber Opt-In process for store: Retail (1)
2015-04-05T01:15:03+00:00 DEBUG (7): Starting Subscriber Opt-In process for store: Wholesale (2)
2015-04-05T01:30:02+00:00 DEBUG (7): Starting Subscriber Opt-In process for store: Admin (0)
2015-04-05T01:30:02+00:00 DEBUG (7): Starting Subscriber Opt-In process for store: International (3)
2015-04-05T01:30:02+00:00 DEBUG (7): Starting Subscriber Opt-In process for store: Retail (1)
2015-04-05T01:30:03+00:00 DEBUG (7): Starting Subscriber Opt-In process for store: Wholesale (2)
2015-04-05T01:40:53+00:00 DEBUG (7): No subscription status found in session.
2015-04-05T01:45:07+00:00 DEBUG (7): Starting Subscriber Opt-In process for store: Admin (0)
2015-04-05T01:45:07+00:00 DEBUG (7): Starting Subscriber Opt-In process for store: International (3)
2015-04-05T01:45:07+00:00 DEBUG (7): Starting Subscriber Opt-In process for store: Retail (1)
2015-04-05T01:45:07+00:00 INFO (6):   Adding Contact to list: Bloomingbath.com
2015-04-05T01:45:07+00:00 INFO (6):   Setting Contact (s.1.3.g@icloud.com) status to: active
2015-04-05T01:45:07+00:00 DEBUG (7): Starting Subscriber Opt-In process for store: Wholesale (2)
2015-04-05T02:00:02+00:00 DEBUG (7): Starting Subscriber Opt-In process for store: Admin (0)
2015-04-05T02:00:02+00:00 DEBUG (7): Starting Subscriber Opt-In process for store: International (3)
2015-04-05T02:00:02+00:00 DEBUG (7): Starting Subscriber Opt-In process for store: Retail (1)
2015-04-05T02:00:03+00:00 DEBUG (7): Starting Subscriber Opt-In process for store: Wholesale (2)
2015-04-05T02:15:02+00:00 DEBUG (7): Starting Subscriber Opt-In process for store: Admin (0)
2015-04-05T02:15:02+00:00 DEBUG (7): Starting Subscriber Opt-In process for store: International (3)
2015-04-05T02:15:02+00:00 DEBUG (7): Starting Subscriber Opt-In process for store: Retail (1)
2015-04-05T02:15:03+00:00 DEBUG (7): Starting Subscriber Opt-In process for store: Wholesale (2)
2015-04-05T02:30:02+00:00 DEBUG (7): Starting Subscriber Opt-In process for store: Admin (0)
2015-04-05T02:30:02+00:00 DEBUG (7): Starting Subscriber Opt-In process for store: International (3)
2015-04-05T02:30:02+00:00 DEBUG (7): Starting Subscriber Opt-In process for store: Retail (1)
2015-04-05T02:30:03+00:00 DEBUG (7): Starting Subscriber Opt-In process for store: Wholesale (2)
2015-04-05T02:45:02+00:00 DEBUG (7): Starting Subscriber Opt-In process for store: Admin (0)
2015-04-05T02:45:02+00:00 DEBUG (7): Starting Subscriber Opt-In process for store: International (3)
2015-04-05T02:45:02+00:00 DEBUG (7): Starting Subscriber Opt-In process for store: Retail (1)
2015-04-05T02:45:03+00:00 DEBUG (7): Starting Subscriber Opt-In process for store: Wholesale (2)
2015-04-05T03:05:02+00:00 DEBUG (7): Starting Subscriber Opt-In process for store: Admin (0)
2015-04-05T03:05:02+00:00 DEBUG (7): Starting Subscriber Opt-In process for store: International (3)
2015-04-05T03:05:02+00:00 DEBUG (7): Starting Subscriber Opt-In process for store: Retail (1)
2015-04-05T03:05:03+00:00 DEBUG (7): Starting Subscriber Opt-In process for store: Wholesale (2)
2015-04-05T03:15:02+00:00 DEBUG (7): Starting Subscriber Opt-In process for store: Admin (0)
2015-04-05T03:15:02+00:00 DEBUG (7): Starting Subscriber Opt-In process for store: International (3)
2015-04-05T03:15:02+00:00 DEBUG (7): Starting Subscriber Opt-In process for store: Retail (1)
2015-04-05T03:15:03+00:00 INFO (6):   Adding Contact to list: Bloomingbath.com
2015-04-05T03:15:03+00:00 INFO (6):   Setting Contact (mize_karen@yahoo.com) status to: active
2015-04-05T03:15:04+00:00 INFO (6):   Adding Contact to list: Bloomingbath.com
2015-04-05T03:15:04+00:00 INFO (6):   Setting Contact (hamoody1888@yahoo.com) status to: active
2015-04-05T03:15:04+00:00 DEBUG (7): Starting Subscriber Opt-In process for store: Wholesale (2)
2015-04-05T03:30:02+00:00 DEBUG (7): Starting Subscriber Opt-In process for store: Admin (0)
2015-04-05T03:30:02+00:00 DEBUG (7): Starting Subscriber Opt-In process for store: International (3)
2015-04-05T03:30:02+00:00 DEBUG (7): Starting Subscriber Opt-In process for store: Retail (1)
2015-04-05T03:30:03+00:00 DEBUG (7): Starting Subscriber Opt-In process for store: Wholesale (2)
2015-04-05T03:45:02+00:00 DEBUG (7): Starting Subscriber Opt-In process for store: Admin (0)
2015-04-05T03:45:02+00:00 DEBUG (7): Starting Subscriber Opt-In process for store: International (3)
2015-04-05T03:45:02+00:00 DEBUG (7): Starting Subscriber Opt-In process for store: Retail (1)
2015-04-05T03:45:03+00:00 DEBUG (7): Starting Subscriber Opt-In process for store: Wholesale (2)
2015-04-05T04:00:02+00:00 DEBUG (7): Starting Subscriber Opt-In process for store: Admin (0)
2015-04-05T04:00:02+00:00 DEBUG (7): Starting Subscriber Opt-In process for store: International (3)
2015-04-05T04:00:02+00:00 DEBUG (7): Starting Subscriber Opt-In process for store: Retail (1)
2015-04-05T04:00:03+00:00 DEBUG (7): Starting Subscriber Opt-In process for store: Wholesale (2)
2015-04-05T04:15:02+00:00 DEBUG (7): Starting Subscriber Opt-In process for store: Admin (0)
2015-04-05T04:15:02+00:00 DEBUG (7): Starting Subscriber Opt-In process for store: International (3)
2015-04-05T04:15:02+00:00 DEBUG (7): Starting Subscriber Opt-In process for store: Retail (1)
2015-04-05T04:15:03+00:00 DEBUG (7): Starting Subscriber Opt-In process for store: Wholesale (2)
2015-04-05T04:30:02+00:00 DEBUG (7): Starting Subscriber Opt-In process for store: Admin (0)
2015-04-05T04:30:02+00:00 DEBUG (7): Starting Subscriber Opt-In process for store: International (3)
2015-04-05T04:30:02+00:00 DEBUG (7): Starting Subscriber Opt-In process for store: Retail (1)
2015-04-05T04:30:03+00:00 DEBUG (7): Starting Subscriber Opt-In process for store: Wholesale (2)
2015-04-05T04:45:02+00:00 DEBUG (7): Starting Subscriber Opt-In process for store: Admin (0)
2015-04-05T04:45:02+00:00 DEBUG (7): Starting Subscriber Opt-In process for store: International (3)
2015-04-05T04:45:02+00:00 DEBUG (7): Starting Subscriber Opt-In process for store: Retail (1)
2015-04-05T04:45:03+00:00 DEBUG (7): Starting Subscriber Opt-In process for store: Wholesale (2)
2015-04-05T04:45:03+00:00 INFO (6):   Adding Contact to list: Blooming Bath Wholesale
2015-04-05T04:45:03+00:00 INFO (6):   Setting Contact (poshbabies1@live.com) status to: active
2015-04-05T05:00:02+00:00 DEBUG (7): Starting Subscriber Opt-In process for store: Admin (0)
2015-04-05T05:00:02+00:00 DEBUG (7): Starting Subscriber Opt-In process for store: International (3)
2015-04-05T05:00:02+00:00 DEBUG (7): Starting Subscriber Opt-In process for store: Retail (1)
2015-04-05T05:00:03+00:00 DEBUG (7): Starting Subscriber Opt-In process for store: Wholesale (2)
2015-04-05T05:20:02+00:00 DEBUG (7): Starting Subscriber Opt-In process for store: Admin (0)
2015-04-05T05:20:02+00:00 DEBUG (7): Starting Subscriber Opt-In process for store: International (3)
2015-04-05T05:20:02+00:00 DEBUG (7): Starting Subscriber Opt-In process for store: Retail (1)
2015-04-05T05:20:04+00:00 DEBUG (7): Starting Subscriber Opt-In process for store: Wholesale (2)
2015-04-05T05:30:02+00:00 DEBUG (7): Starting Subscriber Opt-In process for store: Admin (0)
2015-04-05T05:30:02+00:00 DEBUG (7): Starting Subscriber Opt-In process for store: International (3)
2015-04-05T05:30:02+00:00 DEBUG (7): Starting Subscriber Opt-In process for store: Retail (1)
2015-04-05T05:30:03+00:00 DEBUG (7): Starting Subscriber Opt-In process for store: Wholesale (2)
2015-04-05T05:45:02+00:00 DEBUG (7): Starting Subscriber Opt-In process for store: Admin (0)
2015-04-05T05:45:02+00:00 DEBUG (7): Starting Subscriber Opt-In process for store: International (3)
2015-04-05T05:45:02+00:00 DEBUG (7): Starting Subscriber Opt-In process for store: Retail (1)
2015-04-05T05:45:03+00:00 DEBUG (7): Starting Subscriber Opt-In process for store: Wholesale (2)
2015-04-05T06:00:02+00:00 DEBUG (7): Starting Subscriber Opt-In process for store: Admin (0)
2015-04-05T06:00:02+00:00 DEBUG (7): Starting Subscriber Opt-In process for store: International (3)
2015-04-05T06:00:02+00:00 DEBUG (7): Starting Subscriber Opt-In process for store: Retail (1)
2015-04-05T06:00:03+00:00 DEBUG (7): Starting Subscriber Opt-In process for store: Wholesale (2)
2015-04-05T06:15:02+00:00 DEBUG (7): Starting Subscriber Opt-In process for store: Admin (0)
2015-04-05T06:15:02+00:00 DEBUG (7): Starting Subscriber Opt-In process for store: International (3)
2015-04-05T06:15:02+00:00 DEBUG (7): Starting Subscriber Opt-In process for store: Retail (1)
2015-04-05T06:15:03+00:00 DEBUG (7): Starting Subscriber Opt-In process for store: Wholesale (2)
2015-04-05T06:30:02+00:00 DEBUG (7): Starting Subscriber Opt-In process for store: Admin (0)
2015-04-05T06:30:02+00:00 DEBUG (7): Starting Subscriber Opt-In process for store: International (3)
2015-04-05T06:30:02+00:00 DEBUG (7): Starting Subscriber Opt-In process for store: Retail (1)
2015-04-05T06:30:03+00:00 DEBUG (7): Starting Subscriber Opt-In process for store: Wholesale (2)
2015-04-05T06:45:02+00:00 DEBUG (7): Starting Subscriber Opt-In process for store: Admin (0)
2015-04-05T06:45:02+00:00 DEBUG (7): Starting Subscriber Opt-In process for store: International (3)
2015-04-05T06:45:02+00:00 DEBUG (7): Starting Subscriber Opt-In process for store: Retail (1)
2015-04-05T06:45:03+00:00 DEBUG (7): Starting Subscriber Opt-In process for store: Wholesale (2)
2015-04-05T07:05:12+00:00 DEBUG (7): Starting Subscriber Opt-In process for store: Admin (0)
2015-04-05T07:05:12+00:00 DEBUG (7): Starting Subscriber Opt-In process for store: International (3)
2015-04-05T07:05:12+00:00 DEBUG (7): Starting Subscriber Opt-In process for store: Retail (1)
2015-04-05T07:05:13+00:00 DEBUG (7): Starting Subscriber Opt-In process for store: Wholesale (2)
2015-04-05T07:20:02+00:00 DEBUG (7): Starting Subscriber Opt-In process for store: Admin (0)
2015-04-05T07:20:02+00:00 DEBUG (7): Starting Subscriber Opt-In process for store: International (3)
2015-04-05T07:20:02+00:00 DEBUG (7): Starting Subscriber Opt-In process for store: Retail (1)
2015-04-05T07:20:03+00:00 DEBUG (7): Starting Subscriber Opt-In process for store: Wholesale (2)
2015-04-05T07:30:02+00:00 DEBUG (7): Starting Subscriber Opt-In process for store: Admin (0)
2015-04-05T07:30:02+00:00 DEBUG (7): Starting Subscriber Opt-In process for store: International (3)
2015-04-05T07:30:02+00:00 DEBUG (7): Starting Subscriber Opt-In process for store: Retail (1)
2015-04-05T07:30:03+00:00 DEBUG (7): Starting Subscriber Opt-In process for store: Wholesale (2)
2015-04-05T07:45:02+00:00 DEBUG (7): Starting Subscriber Opt-In process for store: Admin (0)
2015-04-05T07:45:02+00:00 DEBUG (7): Starting Subscriber Opt-In process for store: International (3)
2015-04-05T07:45:02+00:00 DEBUG (7): Starting Subscriber Opt-In process for store: Retail (1)
2015-04-05T07:45:03+00:00 DEBUG (7): Starting Subscriber Opt-In process for store: Wholesale (2)
2015-04-05T08:00:32+00:00 DEBUG (7): Starting Subscriber Opt-In process for store: Admin (0)
2015-04-05T08:00:32+00:00 DEBUG (7): Starting Subscriber Opt-In process for store: International (3)
2015-04-05T08:00:32+00:00 DEBUG (7): Starting Subscriber Opt-In process for store: Retail (1)
2015-04-05T08:00:32+00:00 DEBUG (7): Starting Subscriber Opt-In process for store: Wholesale (2)
2015-04-05T08:15:02+00:00 DEBUG (7): Starting Subscriber Opt-In process for store: Admin (0)
2015-04-05T08:15:02+00:00 DEBUG (7): Starting Subscriber Opt-In process for store: International (3)
2015-04-05T08:15:02+00:00 DEBUG (7): Starting Subscriber Opt-In process for store: Retail (1)
2015-04-05T08:15:03+00:00 DEBUG (7): Starting Subscriber Opt-In process for store: Wholesale (2)
2015-04-05T08:30:02+00:00 DEBUG (7): Starting Subscriber Opt-In process for store: Admin (0)
2015-04-05T08:30:02+00:00 DEBUG (7): Starting Subscriber Opt-In process for store: International (3)
2015-04-05T08:30:02+00:00 DEBUG (7): Starting Subscriber Opt-In process for store: Retail (1)
2015-04-05T08:30:03+00:00 DEBUG (7): Starting Subscriber Opt-In process for store: Wholesale (2)
2015-04-05T08:45:02+00:00 DEBUG (7): Starting Subscriber Opt-In process for store: Admin (0)
2015-04-05T08:45:02+00:00 DEBUG (7): Starting Subscriber Opt-In process for store: International (3)
2015-04-05T08:45:02+00:00 DEBUG (7): Starting Subscriber Opt-In process for store: Retail (1)
2015-04-05T08:45:03+00:00 DEBUG (7): Starting Subscriber Opt-In process for store: Wholesale (2)
2015-04-05T09:05:06+00:00 DEBUG (7): Starting Subscriber Opt-In process for store: Admin (0)
2015-04-05T09:05:06+00:00 DEBUG (7): Starting Subscriber Opt-In process for store: International (3)
2015-04-05T09:05:06+00:00 DEBUG (7): Starting Subscriber Opt-In process for store: Retail (1)
2015-04-05T09:05:10+00:00 DEBUG (7): Starting Subscriber Opt-In process for store: Wholesale (2)
2015-04-05T09:15:02+00:00 DEBUG (7): Starting Subscriber Opt-In process for store: Admin (0)
2015-04-05T09:15:02+00:00 DEBUG (7): Starting Subscriber Opt-In process for store: International (3)
2015-04-05T09:15:02+00:00 DEBUG (7): Starting Subscriber Opt-In process for store: Retail (1)
2015-04-05T09:15:04+00:00 DEBUG (7): Starting Subscriber Opt-In process for store: Wholesale (2)
2015-04-05T09:21:39+00:00 DEBUG (7): No subscription status found in session.
2015-04-05T09:30:03+00:00 DEBUG (7): Starting Subscriber Opt-In process for store: Admin (0)
2015-04-05T09:30:03+00:00 DEBUG (7): Starting Subscriber Opt-In process for store: International (3)
2015-04-05T09:30:03+00:00 DEBUG (7): Starting Subscriber Opt-In process for store: Retail (1)
2015-04-05T09:30:04+00:00 INFO (6):   Adding Contact to list: Bloomingbath.com
2015-04-05T09:30:04+00:00 INFO (6):   Setting Contact (luvs30horses@comcast.net) status to: active
2015-04-05T09:30:04+00:00 DEBUG (7): Starting Subscriber Opt-In process for store: Wholesale (2)
2015-04-05T09:45:02+00:00 DEBUG (7): Starting Subscriber Opt-In process for store: Admin (0)
2015-04-05T09:45:02+00:00 DEBUG (7): Starting Subscriber Opt-In process for store: International (3)
2015-04-05T09:45:02+00:00 DEBUG (7): Starting Subscriber Opt-In process for store: Retail (1)
2015-04-05T09:45:02+00:00 DEBUG (7): Starting Subscriber Opt-In process for store: Wholesale (2)
2015-04-05T10:00:02+00:00 DEBUG (7): Starting Subscriber Opt-In process for store: Admin (0)
2015-04-05T10:00:02+00:00 DEBUG (7): Starting Subscriber Opt-In process for store: International (3)
2015-04-05T10:00:02+00:00 DEBUG (7): Starting Subscriber Opt-In process for store: Retail (1)
2015-04-05T10:00:03+00:00 DEBUG (7): Starting Subscriber Opt-In process for store: Wholesale (2)
2015-04-05T10:15:02+00:00 DEBUG (7): Starting Subscriber Opt-In process for store: Admin (0)
2015-04-05T10:15:02+00:00 DEBUG (7): Starting Subscriber Opt-In process for store: International (3)
2015-04-05T10:15:02+00:00 DEBUG (7): Starting Subscriber Opt-In process for store: Retail (1)
2015-04-05T10:15:03+00:00 DEBUG (7): Starting Subscriber Opt-In process for store: Wholesale (2)
2015-04-05T10:30:02+00:00 DEBUG (7): Starting Subscriber Opt-In process for store: Admin (0)
2015-04-05T10:30:02+00:00 DEBUG (7): Starting Subscriber Opt-In process for store: International (3)
2015-04-05T10:30:02+00:00 DEBUG (7): Starting Subscriber Opt-In process for store: Retail (1)
2015-04-05T10:30:03+00:00 DEBUG (7): Starting Subscriber Opt-In process for store: Wholesale (2)
2015-04-05T10:50:02+00:00 DEBUG (7): Starting Subscriber Opt-In process for store: Admin (0)
2015-04-05T10:50:02+00:00 DEBUG (7): Starting Subscriber Opt-In process for store: International (3)
2015-04-05T10:50:02+00:00 DEBUG (7): Starting Subscriber Opt-In process for store: Retail (1)
2015-04-05T10:50:03+00:00 DEBUG (7): Starting Subscriber Opt-In process for store: Wholesale (2)
2015-04-05T11:00:02+00:00 DEBUG (7): Starting Subscriber Opt-In process for store: Admin (0)
2015-04-05T11:00:02+00:00 DEBUG (7): Starting Subscriber Opt-In process for store: International (3)
2015-04-05T11:00:02+00:00 DEBUG (7): Starting Subscriber Opt-In process for store: Retail (1)
2015-04-05T11:00:03+00:00 DEBUG (7): Starting Subscriber Opt-In process for store: Wholesale (2)
2015-04-05T11:15:03+00:00 DEBUG (7): Starting Subscriber Opt-In process for store: Admin (0)
2015-04-05T11:15:03+00:00 DEBUG (7): Starting Subscriber Opt-In process for store: International (3)
2015-04-05T11:15:03+00:00 DEBUG (7): Starting Subscriber Opt-In process for store: Retail (1)
2015-04-05T11:15:03+00:00 DEBUG (7): Starting Subscriber Opt-In process for store: Wholesale (2)
2015-04-05T11:30:02+00:00 DEBUG (7): Starting Subscriber Opt-In process for store: Admin (0)
2015-04-05T11:30:02+00:00 DEBUG (7): Starting Subscriber Opt-In process for store: International (3)
2015-04-05T11:30:02+00:00 DEBUG (7): Starting Subscriber Opt-In process for store: Retail (1)
2015-04-05T11:30:03+00:00 DEBUG (7): Starting Subscriber Opt-In process for store: Wholesale (2)
2015-04-05T11:45:02+00:00 DEBUG (7): Starting Subscriber Opt-In process for store: Admin (0)
2015-04-05T11:45:02+00:00 DEBUG (7): Starting Subscriber Opt-In process for store: International (3)
2015-04-05T11:45:02+00:00 DEBUG (7): Starting Subscriber Opt-In process for store: Retail (1)
2015-04-05T11:45:03+00:00 DEBUG (7): Starting Subscriber Opt-In process for store: Wholesale (2)
2015-04-05T12:00:05+00:00 DEBUG (7): Starting Subscriber Opt-In process for store: Admin (0)
2015-04-05T12:00:05+00:00 DEBUG (7): Starting Subscriber Opt-In process for store: International (3)
2015-04-05T12:00:05+00:00 DEBUG (7): Starting Subscriber Opt-In process for store: Retail (1)
2015-04-05T12:00:06+00:00 DEBUG (7): Starting Subscriber Opt-In process for store: Wholesale (2)
2015-04-05T12:15:03+00:00 DEBUG (7): Starting Subscriber Opt-In process for store: Admin (0)
2015-04-05T12:15:03+00:00 DEBUG (7): Starting Subscriber Opt-In process for store: International (3)
2015-04-05T12:15:03+00:00 DEBUG (7): Starting Subscriber Opt-In process for store: Retail (1)
2015-04-05T12:15:04+00:00 DEBUG (7): Starting Subscriber Opt-In process for store: Wholesale (2)
2015-04-05T12:30:02+00:00 DEBUG (7): Starting Subscriber Opt-In process for store: Admin (0)
2015-04-05T12:30:02+00:00 DEBUG (7): Starting Subscriber Opt-In process for store: International (3)
2015-04-05T12:30:02+00:00 DEBUG (7): Starting Subscriber Opt-In process for store: Retail (1)
2015-04-05T12:30:03+00:00 DEBUG (7): Starting Subscriber Opt-In process for store: Wholesale (2)
2015-04-05T12:45:02+00:00 DEBUG (7): Starting Subscriber Opt-In process for store: Admin (0)
2015-04-05T12:45:02+00:00 DEBUG (7): Starting Subscriber Opt-In process for store: International (3)
2015-04-05T12:45:02+00:00 DEBUG (7): Starting Subscriber Opt-In process for store: Retail (1)
2015-04-05T12:45:04+00:00 DEBUG (7): Starting Subscriber Opt-In process for store: Wholesale (2)
2015-04-05T13:00:02+00:00 DEBUG (7): Starting Subscriber Opt-In process for store: Admin (0)
2015-04-05T13:00:02+00:00 DEBUG (7): Starting Subscriber Opt-In process for store: International (3)
2015-04-05T13:00:02+00:00 DEBUG (7): Starting Subscriber Opt-In process for store: Retail (1)
2015-04-05T13:00:03+00:00 DEBUG (7): Starting Subscriber Opt-In process for store: Wholesale (2)
2015-04-05T13:15:02+00:00 DEBUG (7): Starting Subscriber Opt-In process for store: Admin (0)
2015-04-05T13:15:02+00:00 DEBUG (7): Starting Subscriber Opt-In process for store: International (3)
2015-04-05T13:15:02+00:00 DEBUG (7): Starting Subscriber Opt-In process for store: Retail (1)
2015-04-05T13:15:03+00:00 DEBUG (7): Starting Subscriber Opt-In process for store: Wholesale (2)
2015-04-05T13:30:02+00:00 DEBUG (7): Starting Subscriber Opt-In process for store: Admin (0)
2015-04-05T13:30:02+00:00 DEBUG (7): Starting Subscriber Opt-In process for store: International (3)
2015-04-05T13:30:02+00:00 DEBUG (7): Starting Subscriber Opt-In process for store: Retail (1)
2015-04-05T13:30:03+00:00 INFO (6):   Adding Contact to list: Bloomingbath.com
2015-04-05T13:30:03+00:00 INFO (6):   Setting Contact (majelica@comcast.net) status to: active
2015-04-05T13:30:03+00:00 DEBUG (7): Starting Subscriber Opt-In process for store: Wholesale (2)
2015-04-05T13:45:02+00:00 DEBUG (7): Starting Subscriber Opt-In process for store: Admin (0)
2015-04-05T13:45:02+00:00 DEBUG (7): Starting Subscriber Opt-In process for store: International (3)
2015-04-05T13:45:02+00:00 DEBUG (7): Starting Subscriber Opt-In process for store: Retail (1)
2015-04-05T13:45:03+00:00 DEBUG (7): Starting Subscriber Opt-In process for store: Wholesale (2)
2015-04-05T14:05:02+00:00 DEBUG (7): Starting Subscriber Opt-In process for store: Admin (0)
2015-04-05T14:05:02+00:00 DEBUG (7): Starting Subscriber Opt-In process for store: International (3)
2015-04-05T14:05:02+00:00 DEBUG (7): Starting Subscriber Opt-In process for store: Retail (1)
2015-04-05T14:05:03+00:00 DEBUG (7): Starting Subscriber Opt-In process for store: Wholesale (2)
2015-04-05T14:15:02+00:00 DEBUG (7): Starting Subscriber Opt-In process for store: Admin (0)
2015-04-05T14:15:02+00:00 DEBUG (7): Starting Subscriber Opt-In process for store: International (3)
2015-04-05T14:15:02+00:00 DEBUG (7): Starting Subscriber Opt-In process for store: Retail (1)
2015-04-05T14:15:03+00:00 INFO (6):   Adding Contact to list: Bloomingbath.com
2015-04-05T14:15:03+00:00 INFO (6):   Setting Contact (nhenry23@hotmail.co.uk) status to: active
2015-04-05T14:15:03+00:00 DEBUG (7): Starting Subscriber Opt-In process for store: Wholesale (2)
2015-04-05T14:30:03+00:00 DEBUG (7): Starting Subscriber Opt-In process for store: Admin (0)
2015-04-05T14:30:03+00:00 DEBUG (7): Starting Subscriber Opt-In process for store: International (3)
2015-04-05T14:30:03+00:00 DEBUG (7): Starting Subscriber Opt-In process for store: Retail (1)
2015-04-05T14:30:03+00:00 DEBUG (7): Starting Subscriber Opt-In process for store: Wholesale (2)
2015-04-05T14:45:02+00:00 DEBUG (7): Starting Subscriber Opt-In process for store: Admin (0)
2015-04-05T14:45:02+00:00 DEBUG (7): Starting Subscriber Opt-In process for store: International (3)
2015-04-05T14:45:02+00:00 DEBUG (7): Starting Subscriber Opt-In process for store: Retail (1)
2015-04-05T14:45:03+00:00 DEBUG (7): Starting Subscriber Opt-In process for store: Wholesale (2)
2015-04-05T14:52:35+00:00 DEBUG (7): No subscription status found in session.
2015-04-05T15:00:04+00:00 DEBUG (7): Starting Subscriber Opt-In process for store: Admin (0)
2015-04-05T15:00:04+00:00 DEBUG (7): Starting Subscriber Opt-In process for store: International (3)
2015-04-05T15:00:04+00:00 DEBUG (7): Starting Subscriber Opt-In process for store: Retail (1)
2015-04-05T15:00:04+00:00 INFO (6):   Adding Contact to list: Bloomingbath.com
2015-04-05T15:00:04+00:00 INFO (6):   Setting Contact (Danitak@aol.com) status to: active
2015-04-05T15:00:04+00:00 DEBUG (7): Starting Subscriber Opt-In process for store: Wholesale (2)
2015-04-05T15:15:02+00:00 DEBUG (7): Starting Subscriber Opt-In process for store: Admin (0)
2015-04-05T15:15:02+00:00 DEBUG (7): Starting Subscriber Opt-In process for store: International (3)
2015-04-05T15:15:02+00:00 DEBUG (7): Starting Subscriber Opt-In process for store: Retail (1)
2015-04-05T15:15:03+00:00 DEBUG (7): Starting Subscriber Opt-In process for store: Wholesale (2)
2015-04-05T15:30:02+00:00 DEBUG (7): Starting Subscriber Opt-In process for store: Admin (0)
2015-04-05T15:30:02+00:00 DEBUG (7): Starting Subscriber Opt-In process for store: International (3)
2015-04-05T15:30:02+00:00 DEBUG (7): Starting Subscriber Opt-In process for store: Retail (1)
2015-04-05T15:30:03+00:00 DEBUG (7): Starting Subscriber Opt-In process for store: Wholesale (2)
2015-04-05T15:45:02+00:00 DEBUG (7): Starting Subscriber Opt-In process for store: Admin (0)
2015-04-05T15:45:02+00:00 DEBUG (7): Starting Subscriber Opt-In process for store: International (3)
2015-04-05T15:45:02+00:00 DEBUG (7): Starting Subscriber Opt-In process for store: Retail (1)
2015-04-05T15:45:03+00:00 DEBUG (7): Starting Subscriber Opt-In process for store: Wholesale (2)
2015-04-05T16:05:02+00:00 DEBUG (7): Starting Subscriber Opt-In process for store: Admin (0)
2015-04-05T16:05:03+00:00 DEBUG (7): Starting Subscriber Opt-In process for store: International (3)
2015-04-05T16:05:03+00:00 DEBUG (7): Starting Subscriber Opt-In process for store: Retail (1)
2015-04-05T16:05:03+00:00 DEBUG (7): Starting Subscriber Opt-In process for store: Wholesale (2)
2015-04-05T16:15:02+00:00 DEBUG (7): Starting Subscriber Opt-In process for store: Admin (0)
2015-04-05T16:15:02+00:00 DEBUG (7): Starting Subscriber Opt-In process for store: International (3)
2015-04-05T16:15:02+00:00 DEBUG (7): Starting Subscriber Opt-In process for store: Retail (1)
2015-04-05T16:15:03+00:00 DEBUG (7): Starting Subscriber Opt-In process for store: Wholesale (2)
2015-04-05T16:30:03+00:00 DEBUG (7): Starting Subscriber Opt-In process for store: Admin (0)
2015-04-05T16:30:03+00:00 DEBUG (7): Starting Subscriber Opt-In process for store: International (3)
2015-04-05T16:30:03+00:00 DEBUG (7): Starting Subscriber Opt-In process for store: Retail (1)
2015-04-05T16:30:04+00:00 DEBUG (7): Starting Subscriber Opt-In process for store: Wholesale (2)
2015-04-05T16:36:00+00:00 DEBUG (7): No subscription status found in session.
2015-04-05T16:45:04+00:00 DEBUG (7): Starting Subscriber Opt-In process for store: Admin (0)
2015-04-05T16:45:04+00:00 DEBUG (7): Starting Subscriber Opt-In process for store: International (3)
2015-04-05T16:45:04+00:00 DEBUG (7): Starting Subscriber Opt-In process for store: Retail (1)
2015-04-05T16:45:04+00:00 INFO (6):   Adding Contact to list: Bloomingbath.com
2015-04-05T16:45:04+00:00 INFO (6):   Setting Contact (Haleyhales139@aol.com) status to: active
2015-04-05T16:45:05+00:00 DEBUG (7): Starting Subscriber Opt-In process for store: Wholesale (2)
2015-04-05T17:00:02+00:00 DEBUG (7): Starting Subscriber Opt-In process for store: Admin (0)
2015-04-05T17:00:02+00:00 DEBUG (7): Starting Subscriber Opt-In process for store: International (3)
2015-04-05T17:00:02+00:00 DEBUG (7): Starting Subscriber Opt-In process for store: Retail (1)
2015-04-05T17:00:03+00:00 DEBUG (7): Starting Subscriber Opt-In process for store: Wholesale (2)
2015-04-05T17:10:50+00:00 DEBUG (7): No subscription status found in session.
2015-04-05T17:15:04+00:00 DEBUG (7): Starting Subscriber Opt-In process for store: Admin (0)
2015-04-05T17:15:04+00:00 DEBUG (7): Starting Subscriber Opt-In process for store: International (3)
2015-04-05T17:15:04+00:00 DEBUG (7): Starting Subscriber Opt-In process for store: Retail (1)
2015-04-05T17:15:04+00:00 DEBUG (7): Starting Subscriber Opt-In process for store: Wholesale (2)
2015-04-05T17:30:03+00:00 DEBUG (7): Starting Subscriber Opt-In process for store: Admin (0)
2015-04-05T17:30:03+00:00 DEBUG (7): Starting Subscriber Opt-In process for store: International (3)
2015-04-05T17:30:03+00:00 DEBUG (7): Starting Subscriber Opt-In process for store: Retail (1)
2015-04-05T17:30:04+00:00 DEBUG (7): Starting Subscriber Opt-In process for store: Wholesale (2)
2015-04-05T17:45:02+00:00 DEBUG (7): Starting Subscriber Opt-In process for store: Admin (0)
2015-04-05T17:45:02+00:00 DEBUG (7): Starting Subscriber Opt-In process for store: International (3)
2015-04-05T17:45:02+00:00 DEBUG (7): Starting Subscriber Opt-In process for store: Retail (1)
2015-04-05T17:45:03+00:00 DEBUG (7): Starting Subscriber Opt-In process for store: Wholesale (2)
2015-04-05T18:00:02+00:00 DEBUG (7): Starting Subscriber Opt-In process for store: Admin (0)
2015-04-05T18:00:02+00:00 DEBUG (7): Starting Subscriber Opt-In process for store: International (3)
2015-04-05T18:00:02+00:00 DEBUG (7): Starting Subscriber Opt-In process for store: Retail (1)
2015-04-05T18:00:03+00:00 DEBUG (7): Starting Subscriber Opt-In process for store: Wholesale (2)
2015-04-05T18:08:33+00:00 DEBUG (7): No subscription status found in session.
2015-04-05T18:15:04+00:00 DEBUG (7): Starting Subscriber Opt-In process for store: Admin (0)
2015-04-05T18:15:04+00:00 DEBUG (7): Starting Subscriber Opt-In process for store: International (3)
2015-04-05T18:15:04+00:00 DEBUG (7): Starting Subscriber Opt-In process for store: Retail (1)
2015-04-05T18:15:04+00:00 DEBUG (7): Starting Subscriber Opt-In process for store: Wholesale (2)
2015-04-05T18:35:02+00:00 DEBUG (7): Starting Subscriber Opt-In process for store: Admin (0)
2015-04-05T18:35:02+00:00 DEBUG (7): Starting Subscriber Opt-In process for store: International (3)
2015-04-05T18:35:02+00:00 DEBUG (7): Starting Subscriber Opt-In process for store: Retail (1)
2015-04-05T18:35:03+00:00 DEBUG (7): Starting Subscriber Opt-In process for store: Wholesale (2)
2015-04-05T18:45:02+00:00 DEBUG (7): Starting Subscriber Opt-In process for store: Admin (0)
2015-04-05T18:45:02+00:00 DEBUG (7): Starting Subscriber Opt-In process for store: International (3)
2015-04-05T18:45:02+00:00 DEBUG (7): Starting Subscriber Opt-In process for store: Retail (1)
2015-04-05T18:45:03+00:00 DEBUG (7): Starting Subscriber Opt-In process for store: Wholesale (2)
2015-04-05T19:00:02+00:00 DEBUG (7): Starting Subscriber Opt-In process for store: Admin (0)
2015-04-05T19:00:02+00:00 DEBUG (7): Starting Subscriber Opt-In process for store: International (3)
2015-04-05T19:00:02+00:00 DEBUG (7): Starting Subscriber Opt-In process for store: Retail (1)
2015-04-05T19:00:03+00:00 DEBUG (7): Starting Subscriber Opt-In process for store: Wholesale (2)
2015-04-05T19:15:02+00:00 DEBUG (7): Starting Subscriber Opt-In process for store: Admin (0)
2015-04-05T19:15:02+00:00 DEBUG (7): Starting Subscriber Opt-In process for store: International (3)
2015-04-05T19:15:02+00:00 DEBUG (7): Starting Subscriber Opt-In process for store: Retail (1)
2015-04-05T19:15:03+00:00 DEBUG (7): Starting Subscriber Opt-In process for store: Wholesale (2)
2015-04-05T19:30:02+00:00 DEBUG (7): Starting Subscriber Opt-In process for store: Admin (0)
2015-04-05T19:30:02+00:00 DEBUG (7): Starting Subscriber Opt-In process for store: International (3)
2015-04-05T19:30:02+00:00 DEBUG (7): Starting Subscriber Opt-In process for store: Retail (1)
2015-04-05T19:30:04+00:00 INFO (6):   Adding Contact to list: Bloomingbath.com
2015-04-05T19:30:04+00:00 INFO (6):   Setting Contact (pecore80@yahoo.com) status to: active
2015-04-05T19:30:04+00:00 DEBUG (7): Starting Subscriber Opt-In process for store: Wholesale (2)
2015-04-05T19:35:32+00:00 DEBUG (7): No subscription status found in session.
2015-04-05T19:45:04+00:00 DEBUG (7): Starting Subscriber Opt-In process for store: Admin (0)
2015-04-05T19:45:04+00:00 DEBUG (7): Starting Subscriber Opt-In process for store: International (3)
2015-04-05T19:45:04+00:00 DEBUG (7): Starting Subscriber Opt-In process for store: Retail (1)
2015-04-05T19:45:04+00:00 DEBUG (7): Starting Subscriber Opt-In process for store: Wholesale (2)
2015-04-05T20:00:02+00:00 DEBUG (7): Starting Subscriber Opt-In process for store: Admin (0)
2015-04-05T20:00:02+00:00 DEBUG (7): Starting Subscriber Opt-In process for store: International (3)
2015-04-05T20:00:02+00:00 DEBUG (7): Starting Subscriber Opt-In process for store: Retail (1)
2015-04-05T20:00:03+00:00 DEBUG (7): Starting Subscriber Opt-In process for store: Wholesale (2)
2015-04-05T20:15:02+00:00 DEBUG (7): Starting Subscriber Opt-In process for store: Admin (0)
2015-04-05T20:15:02+00:00 DEBUG (7): Starting Subscriber Opt-In process for store: International (3)
2015-04-05T20:15:02+00:00 DEBUG (7): Starting Subscriber Opt-In process for store: Retail (1)
2015-04-05T20:15:03+00:00 DEBUG (7): Starting Subscriber Opt-In process for store: Wholesale (2)
2015-04-05T20:30:02+00:00 DEBUG (7): Starting Subscriber Opt-In process for store: Admin (0)
2015-04-05T20:30:02+00:00 DEBUG (7): Starting Subscriber Opt-In process for store: International (3)
2015-04-05T20:30:02+00:00 DEBUG (7): Starting Subscriber Opt-In process for store: Retail (1)
2015-04-05T20:30:03+00:00 DEBUG (7): Starting Subscriber Opt-In process for store: Wholesale (2)
2015-04-05T20:45:02+00:00 DEBUG (7): Starting Subscriber Opt-In process for store: Admin (0)
2015-04-05T20:45:02+00:00 DEBUG (7): Starting Subscriber Opt-In process for store: International (3)
2015-04-05T20:45:02+00:00 DEBUG (7): Starting Subscriber Opt-In process for store: Retail (1)
2015-04-05T20:45:03+00:00 DEBUG (7): Starting Subscriber Opt-In process for store: Wholesale (2)
2015-04-05T20:47:08+00:00 DEBUG (7): No subscription status found in session.
2015-04-05T21:00:03+00:00 DEBUG (7): Starting Subscriber Opt-In process for store: Admin (0)
2015-04-05T21:00:03+00:00 DEBUG (7): Starting Subscriber Opt-In process for store: International (3)
2015-04-05T21:00:03+00:00 DEBUG (7): Starting Subscriber Opt-In process for store: Retail (1)
2015-04-05T21:00:03+00:00 DEBUG (7): Starting Subscriber Opt-In process for store: Wholesale (2)
2015-04-05T21:15:02+00:00 DEBUG (7): Starting Subscriber Opt-In process for store: Admin (0)
2015-04-05T21:15:02+00:00 DEBUG (7): Starting Subscriber Opt-In process for store: International (3)
2015-04-05T21:15:02+00:00 DEBUG (7): Starting Subscriber Opt-In process for store: Retail (1)
2015-04-05T21:15:03+00:00 DEBUG (7): Starting Subscriber Opt-In process for store: Wholesale (2)
2015-04-05T21:35:02+00:00 DEBUG (7): Starting Subscriber Opt-In process for store: Admin (0)
2015-04-05T21:35:02+00:00 DEBUG (7): Starting Subscriber Opt-In process for store: International (3)
2015-04-05T21:35:02+00:00 DEBUG (7): Starting Subscriber Opt-In process for store: Retail (1)
2015-04-05T21:35:03+00:00 DEBUG (7): Starting Subscriber Opt-In process for store: Wholesale (2)
2015-04-05T21:45:02+00:00 DEBUG (7): Starting Subscriber Opt-In process for store: Admin (0)
2015-04-05T21:45:02+00:00 DEBUG (7): Starting Subscriber Opt-In process for store: International (3)
2015-04-05T21:45:02+00:00 DEBUG (7): Starting Subscriber Opt-In process for store: Retail (1)
2015-04-05T21:45:03+00:00 DEBUG (7): Starting Subscriber Opt-In process for store: Wholesale (2)
2015-04-05T22:00:02+00:00 DEBUG (7): Starting Subscriber Opt-In process for store: Admin (0)
2015-04-05T22:00:02+00:00 DEBUG (7): Starting Subscriber Opt-In process for store: International (3)
2015-04-05T22:00:02+00:00 DEBUG (7): Starting Subscriber Opt-In process for store: Retail (1)
2015-04-05T22:00:03+00:00 DEBUG (7): Starting Subscriber Opt-In process for store: Wholesale (2)
2015-04-05T22:15:02+00:00 DEBUG (7): Starting Subscriber Opt-In process for store: Admin (0)
2015-04-05T22:15:02+00:00 DEBUG (7): Starting Subscriber Opt-In process for store: International (3)
2015-04-05T22:15:02+00:00 DEBUG (7): Starting Subscriber Opt-In process for store: Retail (1)
2015-04-05T22:15:03+00:00 DEBUG (7): Starting Subscriber Opt-In process for store: Wholesale (2)
2015-04-05T22:30:02+00:00 DEBUG (7): Starting Subscriber Opt-In process for store: Admin (0)
2015-04-05T22:30:02+00:00 DEBUG (7): Starting Subscriber Opt-In process for store: International (3)
2015-04-05T22:30:02+00:00 DEBUG (7): Starting Subscriber Opt-In process for store: Retail (1)
2015-04-05T22:30:03+00:00 DEBUG (7): Starting Subscriber Opt-In process for store: Wholesale (2)
2015-04-05T22:31:02+00:00 DEBUG (7): No subscription status found in session.
2015-04-05T22:45:04+00:00 DEBUG (7): Starting Subscriber Opt-In process for store: Admin (0)
2015-04-05T22:45:04+00:00 DEBUG (7): Starting Subscriber Opt-In process for store: International (3)
2015-04-05T22:45:04+00:00 DEBUG (7): Starting Subscriber Opt-In process for store: Retail (1)
2015-04-05T22:45:04+00:00 INFO (6):   Adding Contact to list: Bloomingbath.com
2015-04-05T22:45:04+00:00 INFO (6):   Setting Contact (Ericaerica773@yahoo.com) status to: active
2015-04-05T22:45:04+00:00 DEBUG (7): Starting Subscriber Opt-In process for store: Wholesale (2)
2015-04-05T23:00:02+00:00 DEBUG (7): Starting Subscriber Opt-In process for store: Admin (0)
2015-04-05T23:00:02+00:00 DEBUG (7): Starting Subscriber Opt-In process for store: International (3)
2015-04-05T23:00:02+00:00 DEBUG (7): Starting Subscriber Opt-In process for store: Retail (1)
2015-04-05T23:00:03+00:00 DEBUG (7): Starting Subscriber Opt-In process for store: Wholesale (2)
2015-04-05T23:15:02+00:00 DEBUG (7): Starting Subscriber Opt-In process for store: Admin (0)
2015-04-05T23:15:02+00:00 DEBUG (7): Starting Subscriber Opt-In process for store: International (3)
2015-04-05T23:15:02+00:00 DEBUG (7): Starting Subscriber Opt-In process for store: Retail (1)
2015-04-05T23:15:03+00:00 DEBUG (7): Starting Subscriber Opt-In process for store: Wholesale (2)
2015-04-05T23:30:02+00:00 DEBUG (7): Starting Subscriber Opt-In process for store: Admin (0)
2015-04-05T23:30:02+00:00 DEBUG (7): Starting Subscriber Opt-In process for store: International (3)
2015-04-05T23:30:02+00:00 DEBUG (7): Starting Subscriber Opt-In process for store: Retail (1)
2015-04-05T23:30:03+00:00 DEBUG (7): Starting Subscriber Opt-In process for store: Wholesale (2)
2015-04-05T23:45:02+00:00 DEBUG (7): Starting Subscriber Opt-In process for store: Admin (0)
2015-04-05T23:45:02+00:00 DEBUG (7): Starting Subscriber Opt-In process for store: International (3)
2015-04-05T23:45:02+00:00 DEBUG (7): Starting Subscriber Opt-In process for store: Retail (1)
2015-04-05T23:45:03+00:00 INFO (6):   Adding Contact to list: Bloomingbath.com
2015-04-05T23:45:03+00:00 INFO (6):   Setting Contact (olverajessica25@yahoo.com) status to: active
2015-04-05T23:45:03+00:00 DEBUG (7): Starting Subscriber Opt-In process for store: Wholesale (2)
