2015-03-30T00:00:02+00:00 DEBUG (7): Starting Subscriber Opt-In process for store: Admin (0)
2015-03-30T00:00:02+00:00 DEBUG (7): Starting Subscriber Opt-In process for store: International (3)
2015-03-30T00:00:02+00:00 DEBUG (7): Starting Subscriber Opt-In process for store: Retail (1)
2015-03-30T00:00:03+00:00 DEBUG (7): Starting Subscriber Opt-In process for store: Wholesale (2)
2015-03-30T00:15:02+00:00 DEBUG (7): Starting Subscriber Opt-In process for store: Admin (0)
2015-03-30T00:15:02+00:00 DEBUG (7): Starting Subscriber Opt-In process for store: International (3)
2015-03-30T00:15:02+00:00 DEBUG (7): Starting Subscriber Opt-In process for store: Retail (1)
2015-03-30T00:15:03+00:00 DEBUG (7): Starting Subscriber Opt-In process for store: Wholesale (2)
2015-03-30T00:30:02+00:00 DEBUG (7): Starting Subscriber Opt-In process for store: Admin (0)
2015-03-30T00:30:02+00:00 DEBUG (7): Starting Subscriber Opt-In process for store: International (3)
2015-03-30T00:30:02+00:00 DEBUG (7): Starting Subscriber Opt-In process for store: Retail (1)
2015-03-30T00:30:03+00:00 INFO (6):   Adding Contact to list: Bloomingbath.com
2015-03-30T00:30:03+00:00 INFO (6):   Setting Contact (munsonk1300@gmail.com) status to: active
2015-03-30T00:30:03+00:00 DEBUG (7): Starting Subscriber Opt-In process for store: Wholesale (2)
2015-03-30T00:45:02+00:00 DEBUG (7): Starting Subscriber Opt-In process for store: Admin (0)
2015-03-30T00:45:02+00:00 DEBUG (7): Starting Subscriber Opt-In process for store: International (3)
2015-03-30T00:45:02+00:00 DEBUG (7): Starting Subscriber Opt-In process for store: Retail (1)
2015-03-30T00:45:03+00:00 INFO (6):   Adding Contact to list: Bloomingbath.com
2015-03-30T00:45:03+00:00 INFO (6):   Setting Contact (sparks8728@davidsonccc.edu) status to: active
2015-03-30T00:45:03+00:00 DEBUG (7): Starting Subscriber Opt-In process for store: Wholesale (2)
2015-03-30T01:01:44+00:00 DEBUG (7): No subscription status found in session.
2015-03-30T01:05:04+00:00 DEBUG (7): Starting Subscriber Opt-In process for store: Admin (0)
2015-03-30T01:05:04+00:00 DEBUG (7): Starting Subscriber Opt-In process for store: International (3)
2015-03-30T01:05:04+00:00 DEBUG (7): Starting Subscriber Opt-In process for store: Retail (1)
2015-03-30T01:05:05+00:00 INFO (6):   Adding Contact to list: Bloomingbath.com
2015-03-30T01:05:05+00:00 INFO (6):   Setting Contact (mkhalla@gmail.com) status to: active
2015-03-30T01:05:05+00:00 DEBUG (7): Starting Subscriber Opt-In process for store: Wholesale (2)
2015-03-30T01:15:02+00:00 DEBUG (7): Starting Subscriber Opt-In process for store: Admin (0)
2015-03-30T01:15:02+00:00 DEBUG (7): Starting Subscriber Opt-In process for store: International (3)
2015-03-30T01:15:02+00:00 DEBUG (7): Starting Subscriber Opt-In process for store: Retail (1)
2015-03-30T01:15:03+00:00 INFO (6):   Adding Contact to list: Bloomingbath.com
2015-03-30T01:15:03+00:00 INFO (6):   Setting Contact (jrl291993@yahoo.com) status to: active
2015-03-30T01:15:04+00:00 DEBUG (7): Starting Subscriber Opt-In process for store: Wholesale (2)
2015-03-30T01:31:37+00:00 DEBUG (7): Starting Subscriber Opt-In process for store: Admin (0)
2015-03-30T01:31:37+00:00 DEBUG (7): Starting Subscriber Opt-In process for store: International (3)
2015-03-30T01:31:37+00:00 DEBUG (7): Starting Subscriber Opt-In process for store: Retail (1)
2015-03-30T01:31:38+00:00 DEBUG (7): Starting Subscriber Opt-In process for store: Wholesale (2)
2015-03-30T01:45:02+00:00 DEBUG (7): Starting Subscriber Opt-In process for store: Admin (0)
2015-03-30T01:45:02+00:00 DEBUG (7): Starting Subscriber Opt-In process for store: International (3)
2015-03-30T01:45:02+00:00 DEBUG (7): Starting Subscriber Opt-In process for store: Retail (1)
2015-03-30T01:45:03+00:00 INFO (6):   Adding Contact to list: Bloomingbath.com
2015-03-30T01:45:03+00:00 INFO (6):   Setting Contact (yvonne21_12@yahoo.com) status to: active
2015-03-30T01:45:03+00:00 DEBUG (7): Starting Subscriber Opt-In process for store: Wholesale (2)
2015-03-30T02:00:02+00:00 DEBUG (7): Starting Subscriber Opt-In process for store: Admin (0)
2015-03-30T02:00:02+00:00 DEBUG (7): Starting Subscriber Opt-In process for store: International (3)
2015-03-30T02:00:02+00:00 DEBUG (7): Starting Subscriber Opt-In process for store: Retail (1)
2015-03-30T02:00:03+00:00 DEBUG (7): Starting Subscriber Opt-In process for store: Wholesale (2)
2015-03-30T02:15:02+00:00 DEBUG (7): Starting Subscriber Opt-In process for store: Admin (0)
2015-03-30T02:15:02+00:00 DEBUG (7): Starting Subscriber Opt-In process for store: International (3)
2015-03-30T02:15:02+00:00 DEBUG (7): Starting Subscriber Opt-In process for store: Retail (1)
2015-03-30T02:15:03+00:00 INFO (6):   Adding Contact to list: Bloomingbath.com
2015-03-30T02:15:03+00:00 INFO (6):   Setting Contact (phillipslacey2014@gmail.com) status to: active
2015-03-30T02:15:03+00:00 DEBUG (7): Starting Subscriber Opt-In process for store: Wholesale (2)
2015-03-30T02:26:48+00:00 DEBUG (7): No subscription status found in session.
2015-03-30T02:27:16+00:00 DEBUG (7): No subscription status found in session.
2015-03-30T02:30:18+00:00 DEBUG (7): Starting Subscriber Opt-In process for store: Admin (0)
2015-03-30T02:30:18+00:00 DEBUG (7): Starting Subscriber Opt-In process for store: International (3)
2015-03-30T02:30:18+00:00 DEBUG (7): Starting Subscriber Opt-In process for store: Retail (1)
2015-03-30T02:30:18+00:00 INFO (6):   Adding Contact to list: Bloomingbath.com
2015-03-30T02:30:18+00:00 INFO (6):   Setting Contact (irishbutton@gmail.com) status to: active
2015-03-30T02:30:19+00:00 INFO (6):   Adding Contact to list: Bloomingbath.com
2015-03-30T02:30:19+00:00 INFO (6):   Setting Contact (haymakeremily@yahoo.com) status to: active
2015-03-30T02:30:19+00:00 DEBUG (7): Starting Subscriber Opt-In process for store: Wholesale (2)
2015-03-30T02:30:20+00:00 DEBUG (7): No subscription status found in session.
2015-03-30T02:45:05+00:00 DEBUG (7): Starting Subscriber Opt-In process for store: Admin (0)
2015-03-30T02:45:05+00:00 DEBUG (7): Starting Subscriber Opt-In process for store: International (3)
2015-03-30T02:45:05+00:00 DEBUG (7): Starting Subscriber Opt-In process for store: Retail (1)
2015-03-30T02:45:05+00:00 INFO (6):   Adding Contact to list: Bloomingbath.com
2015-03-30T02:45:05+00:00 INFO (6):   Setting Contact (tinkbarnes@bellsout.net) status to: active
2015-03-30T02:45:05+00:00 DEBUG (7): Starting Subscriber Opt-In process for store: Wholesale (2)
2015-03-30T03:00:02+00:00 DEBUG (7): Starting Subscriber Opt-In process for store: Admin (0)
2015-03-30T03:00:02+00:00 DEBUG (7): Starting Subscriber Opt-In process for store: International (3)
2015-03-30T03:00:02+00:00 DEBUG (7): Starting Subscriber Opt-In process for store: Retail (1)
2015-03-30T03:00:03+00:00 DEBUG (7): Starting Subscriber Opt-In process for store: Wholesale (2)
2015-03-30T03:20:02+00:00 DEBUG (7): Starting Subscriber Opt-In process for store: Admin (0)
2015-03-30T03:20:02+00:00 DEBUG (7): Starting Subscriber Opt-In process for store: International (3)
2015-03-30T03:20:02+00:00 DEBUG (7): Starting Subscriber Opt-In process for store: Retail (1)
2015-03-30T03:20:03+00:00 DEBUG (7): Starting Subscriber Opt-In process for store: Wholesale (2)
2015-03-30T03:30:02+00:00 DEBUG (7): Starting Subscriber Opt-In process for store: Admin (0)
2015-03-30T03:30:02+00:00 DEBUG (7): Starting Subscriber Opt-In process for store: International (3)
2015-03-30T03:30:02+00:00 DEBUG (7): Starting Subscriber Opt-In process for store: Retail (1)
2015-03-30T03:30:03+00:00 DEBUG (7): Starting Subscriber Opt-In process for store: Wholesale (2)
2015-03-30T03:45:02+00:00 DEBUG (7): Starting Subscriber Opt-In process for store: Admin (0)
2015-03-30T03:45:02+00:00 DEBUG (7): Starting Subscriber Opt-In process for store: International (3)
2015-03-30T03:45:02+00:00 DEBUG (7): Starting Subscriber Opt-In process for store: Retail (1)
2015-03-30T03:45:03+00:00 DEBUG (7): Starting Subscriber Opt-In process for store: Wholesale (2)
2015-03-30T04:00:02+00:00 DEBUG (7): Starting Subscriber Opt-In process for store: Admin (0)
2015-03-30T04:00:02+00:00 DEBUG (7): Starting Subscriber Opt-In process for store: International (3)
2015-03-30T04:00:02+00:00 DEBUG (7): Starting Subscriber Opt-In process for store: Retail (1)
2015-03-30T04:00:03+00:00 DEBUG (7): Starting Subscriber Opt-In process for store: Wholesale (2)
2015-03-30T04:15:02+00:00 DEBUG (7): Starting Subscriber Opt-In process for store: Admin (0)
2015-03-30T04:15:02+00:00 DEBUG (7): Starting Subscriber Opt-In process for store: International (3)
2015-03-30T04:15:02+00:00 DEBUG (7): Starting Subscriber Opt-In process for store: Retail (1)
2015-03-30T04:15:03+00:00 DEBUG (7): Starting Subscriber Opt-In process for store: Wholesale (2)
2015-03-30T04:30:04+00:00 DEBUG (7): Starting Subscriber Opt-In process for store: Admin (0)
2015-03-30T04:30:04+00:00 DEBUG (7): Starting Subscriber Opt-In process for store: International (3)
2015-03-30T04:30:04+00:00 DEBUG (7): Starting Subscriber Opt-In process for store: Retail (1)
2015-03-30T04:30:04+00:00 DEBUG (7): Starting Subscriber Opt-In process for store: Wholesale (2)
2015-03-30T04:45:02+00:00 DEBUG (7): Starting Subscriber Opt-In process for store: Admin (0)
2015-03-30T04:45:02+00:00 DEBUG (7): Starting Subscriber Opt-In process for store: International (3)
2015-03-30T04:45:02+00:00 DEBUG (7): Starting Subscriber Opt-In process for store: Retail (1)
2015-03-30T04:45:04+00:00 DEBUG (7): Starting Subscriber Opt-In process for store: Wholesale (2)
2015-03-30T05:00:02+00:00 DEBUG (7): Starting Subscriber Opt-In process for store: Admin (0)
2015-03-30T05:00:02+00:00 DEBUG (7): Starting Subscriber Opt-In process for store: International (3)
2015-03-30T05:00:02+00:00 DEBUG (7): Starting Subscriber Opt-In process for store: Retail (1)
2015-03-30T05:00:03+00:00 INFO (6):   Adding Contact to list: Bloomingbath.com
2015-03-30T05:00:03+00:00 INFO (6):   Setting Contact (brandirowan1005@yahoo.com) status to: active
2015-03-30T05:00:03+00:00 DEBUG (7): Starting Subscriber Opt-In process for store: Wholesale (2)
2015-03-30T05:08:27+00:00 DEBUG (7): No subscription status found in session.
2015-03-30T05:15:04+00:00 DEBUG (7): Starting Subscriber Opt-In process for store: Admin (0)
2015-03-30T05:15:04+00:00 DEBUG (7): Starting Subscriber Opt-In process for store: International (3)
2015-03-30T05:15:04+00:00 DEBUG (7): Starting Subscriber Opt-In process for store: Retail (1)
2015-03-30T05:15:04+00:00 DEBUG (7): Starting Subscriber Opt-In process for store: Wholesale (2)
2015-03-30T05:30:03+00:00 DEBUG (7): Starting Subscriber Opt-In process for store: Admin (0)
2015-03-30T05:30:03+00:00 DEBUG (7): Starting Subscriber Opt-In process for store: International (3)
2015-03-30T05:30:03+00:00 DEBUG (7): Starting Subscriber Opt-In process for store: Retail (1)
2015-03-30T05:30:03+00:00 DEBUG (7): Starting Subscriber Opt-In process for store: Wholesale (2)
2015-03-30T05:45:02+00:00 DEBUG (7): Starting Subscriber Opt-In process for store: Admin (0)
2015-03-30T05:45:02+00:00 DEBUG (7): Starting Subscriber Opt-In process for store: International (3)
2015-03-30T05:45:02+00:00 DEBUG (7): Starting Subscriber Opt-In process for store: Retail (1)
2015-03-30T05:45:03+00:00 DEBUG (7): Starting Subscriber Opt-In process for store: Wholesale (2)
2015-03-30T06:00:02+00:00 DEBUG (7): Starting Subscriber Opt-In process for store: Admin (0)
2015-03-30T06:00:02+00:00 DEBUG (7): Starting Subscriber Opt-In process for store: International (3)
2015-03-30T06:00:02+00:00 DEBUG (7): Starting Subscriber Opt-In process for store: Retail (1)
2015-03-30T06:00:03+00:00 DEBUG (7): Starting Subscriber Opt-In process for store: Wholesale (2)
2015-03-30T06:15:02+00:00 DEBUG (7): Starting Subscriber Opt-In process for store: Admin (0)
2015-03-30T06:15:02+00:00 DEBUG (7): Starting Subscriber Opt-In process for store: International (3)
2015-03-30T06:15:02+00:00 DEBUG (7): Starting Subscriber Opt-In process for store: Retail (1)
2015-03-30T06:15:03+00:00 DEBUG (7): Starting Subscriber Opt-In process for store: Wholesale (2)
2015-03-30T06:30:02+00:00 DEBUG (7): Starting Subscriber Opt-In process for store: Admin (0)
2015-03-30T06:30:02+00:00 DEBUG (7): Starting Subscriber Opt-In process for store: International (3)
2015-03-30T06:30:02+00:00 DEBUG (7): Starting Subscriber Opt-In process for store: Retail (1)
2015-03-30T06:30:03+00:00 DEBUG (7): Starting Subscriber Opt-In process for store: Wholesale (2)
2015-03-30T06:45:02+00:00 DEBUG (7): Starting Subscriber Opt-In process for store: Admin (0)
2015-03-30T06:45:02+00:00 DEBUG (7): Starting Subscriber Opt-In process for store: International (3)
2015-03-30T06:45:02+00:00 DEBUG (7): Starting Subscriber Opt-In process for store: Retail (1)
2015-03-30T06:45:03+00:00 INFO (6):   Adding Contact to list: Bloomingbath.com
2015-03-30T06:45:04+00:00 INFO (6):   Setting Contact (nicolertz@gmail.com) status to: active
2015-03-30T06:45:04+00:00 DEBUG (7): Starting Subscriber Opt-In process for store: Wholesale (2)
2015-03-30T07:05:11+00:00 DEBUG (7): Starting Subscriber Opt-In process for store: Admin (0)
2015-03-30T07:05:11+00:00 DEBUG (7): Starting Subscriber Opt-In process for store: International (3)
2015-03-30T07:05:11+00:00 DEBUG (7): Starting Subscriber Opt-In process for store: Retail (1)
2015-03-30T07:05:11+00:00 DEBUG (7): Starting Subscriber Opt-In process for store: Wholesale (2)
2015-03-30T07:15:02+00:00 DEBUG (7): Starting Subscriber Opt-In process for store: Admin (0)
2015-03-30T07:15:02+00:00 DEBUG (7): Starting Subscriber Opt-In process for store: International (3)
2015-03-30T07:15:02+00:00 DEBUG (7): Starting Subscriber Opt-In process for store: Retail (1)
2015-03-30T07:15:03+00:00 INFO (6):   Adding Contact to list: Bloomingbath.com
2015-03-30T07:15:03+00:00 INFO (6):   Setting Contact (kelly_marie_walker@aol.com) status to: active
2015-03-30T07:15:03+00:00 DEBUG (7): Starting Subscriber Opt-In process for store: Wholesale (2)
2015-03-30T07:30:02+00:00 DEBUG (7): Starting Subscriber Opt-In process for store: Admin (0)
2015-03-30T07:30:02+00:00 DEBUG (7): Starting Subscriber Opt-In process for store: International (3)
2015-03-30T07:30:02+00:00 DEBUG (7): Starting Subscriber Opt-In process for store: Retail (1)
2015-03-30T07:30:03+00:00 DEBUG (7): Starting Subscriber Opt-In process for store: Wholesale (2)
2015-03-30T07:45:02+00:00 DEBUG (7): Starting Subscriber Opt-In process for store: Admin (0)
2015-03-30T07:45:02+00:00 DEBUG (7): Starting Subscriber Opt-In process for store: International (3)
2015-03-30T07:45:02+00:00 DEBUG (7): Starting Subscriber Opt-In process for store: Retail (1)
2015-03-30T07:45:03+00:00 DEBUG (7): Starting Subscriber Opt-In process for store: Wholesale (2)
2015-03-30T08:05:02+00:00 DEBUG (7): Starting Subscriber Opt-In process for store: Admin (0)
2015-03-30T08:05:02+00:00 DEBUG (7): Starting Subscriber Opt-In process for store: International (3)
2015-03-30T08:05:02+00:00 DEBUG (7): Starting Subscriber Opt-In process for store: Retail (1)
2015-03-30T08:05:03+00:00 DEBUG (7): Starting Subscriber Opt-In process for store: Wholesale (2)
2015-03-30T08:15:04+00:00 DEBUG (7): Starting Subscriber Opt-In process for store: Admin (0)
2015-03-30T08:15:04+00:00 DEBUG (7): Starting Subscriber Opt-In process for store: International (3)
2015-03-30T08:15:04+00:00 DEBUG (7): Starting Subscriber Opt-In process for store: Retail (1)
2015-03-30T08:15:04+00:00 INFO (6):   Adding Contact to list: Bloomingbath.com
2015-03-30T08:15:05+00:00 INFO (6):   Setting Contact (LillianaJTejada@gmail.com) status to: active
2015-03-30T08:15:05+00:00 DEBUG (7): Starting Subscriber Opt-In process for store: Wholesale (2)
2015-03-30T08:30:02+00:00 DEBUG (7): Starting Subscriber Opt-In process for store: Admin (0)
2015-03-30T08:30:02+00:00 DEBUG (7): Starting Subscriber Opt-In process for store: International (3)
2015-03-30T08:30:02+00:00 DEBUG (7): Starting Subscriber Opt-In process for store: Retail (1)
2015-03-30T08:30:03+00:00 DEBUG (7): Starting Subscriber Opt-In process for store: Wholesale (2)
2015-03-30T08:45:02+00:00 DEBUG (7): Starting Subscriber Opt-In process for store: Admin (0)
2015-03-30T08:45:02+00:00 DEBUG (7): Starting Subscriber Opt-In process for store: International (3)
2015-03-30T08:45:02+00:00 DEBUG (7): Starting Subscriber Opt-In process for store: Retail (1)
2015-03-30T08:45:03+00:00 DEBUG (7): Starting Subscriber Opt-In process for store: Wholesale (2)
2015-03-30T09:00:07+00:00 DEBUG (7): Starting Subscriber Opt-In process for store: Admin (0)
2015-03-30T09:00:07+00:00 DEBUG (7): Starting Subscriber Opt-In process for store: International (3)
2015-03-30T09:00:07+00:00 DEBUG (7): Starting Subscriber Opt-In process for store: Retail (1)
2015-03-30T09:00:08+00:00 DEBUG (7): Starting Subscriber Opt-In process for store: Wholesale (2)
2015-03-30T09:15:02+00:00 DEBUG (7): Starting Subscriber Opt-In process for store: Admin (0)
2015-03-30T09:15:02+00:00 DEBUG (7): Starting Subscriber Opt-In process for store: International (3)
2015-03-30T09:15:02+00:00 DEBUG (7): Starting Subscriber Opt-In process for store: Retail (1)
2015-03-30T09:15:03+00:00 DEBUG (7): Starting Subscriber Opt-In process for store: Wholesale (2)
2015-03-30T09:35:02+00:00 DEBUG (7): Starting Subscriber Opt-In process for store: Admin (0)
2015-03-30T09:35:02+00:00 DEBUG (7): Starting Subscriber Opt-In process for store: International (3)
2015-03-30T09:35:02+00:00 DEBUG (7): Starting Subscriber Opt-In process for store: Retail (1)
2015-03-30T09:35:03+00:00 DEBUG (7): Starting Subscriber Opt-In process for store: Wholesale (2)
2015-03-30T09:45:02+00:00 DEBUG (7): Starting Subscriber Opt-In process for store: Admin (0)
2015-03-30T09:45:02+00:00 DEBUG (7): Starting Subscriber Opt-In process for store: International (3)
2015-03-30T09:45:02+00:00 DEBUG (7): Starting Subscriber Opt-In process for store: Retail (1)
2015-03-30T09:45:03+00:00 DEBUG (7): Starting Subscriber Opt-In process for store: Wholesale (2)
2015-03-30T10:00:02+00:00 DEBUG (7): Starting Subscriber Opt-In process for store: Admin (0)
2015-03-30T10:00:02+00:00 DEBUG (7): Starting Subscriber Opt-In process for store: International (3)
2015-03-30T10:00:02+00:00 DEBUG (7): Starting Subscriber Opt-In process for store: Retail (1)
2015-03-30T10:00:03+00:00 DEBUG (7): Starting Subscriber Opt-In process for store: Wholesale (2)
2015-03-30T10:15:02+00:00 DEBUG (7): Starting Subscriber Opt-In process for store: Admin (0)
2015-03-30T10:15:02+00:00 DEBUG (7): Starting Subscriber Opt-In process for store: International (3)
2015-03-30T10:15:02+00:00 DEBUG (7): Starting Subscriber Opt-In process for store: Retail (1)
2015-03-30T10:15:03+00:00 DEBUG (7): Starting Subscriber Opt-In process for store: Wholesale (2)
2015-03-30T10:30:02+00:00 DEBUG (7): Starting Subscriber Opt-In process for store: Admin (0)
2015-03-30T10:30:02+00:00 DEBUG (7): Starting Subscriber Opt-In process for store: International (3)
2015-03-30T10:30:02+00:00 DEBUG (7): Starting Subscriber Opt-In process for store: Retail (1)
2015-03-30T10:30:03+00:00 INFO (6):   Adding Contact to list: Bloomingbath.com
2015-03-30T10:30:04+00:00 INFO (6):   Setting Contact (darlinramey@aol.com) status to: active
2015-03-30T10:30:04+00:00 DEBUG (7): Starting Subscriber Opt-In process for store: Wholesale (2)
2015-03-30T10:45:02+00:00 DEBUG (7): Starting Subscriber Opt-In process for store: Admin (0)
2015-03-30T10:45:02+00:00 DEBUG (7): Starting Subscriber Opt-In process for store: International (3)
2015-03-30T10:45:02+00:00 DEBUG (7): Starting Subscriber Opt-In process for store: Retail (1)
2015-03-30T10:45:03+00:00 DEBUG (7): Starting Subscriber Opt-In process for store: Wholesale (2)
2015-03-30T11:00:02+00:00 DEBUG (7): Starting Subscriber Opt-In process for store: Admin (0)
2015-03-30T11:00:02+00:00 DEBUG (7): Starting Subscriber Opt-In process for store: International (3)
2015-03-30T11:00:02+00:00 DEBUG (7): Starting Subscriber Opt-In process for store: Retail (1)
2015-03-30T11:00:03+00:00 DEBUG (7): Starting Subscriber Opt-In process for store: Wholesale (2)
2015-03-30T11:15:02+00:00 DEBUG (7): Starting Subscriber Opt-In process for store: Admin (0)
2015-03-30T11:15:02+00:00 DEBUG (7): Starting Subscriber Opt-In process for store: International (3)
2015-03-30T11:15:02+00:00 DEBUG (7): Starting Subscriber Opt-In process for store: Retail (1)
2015-03-30T11:15:03+00:00 DEBUG (7): Starting Subscriber Opt-In process for store: Wholesale (2)
2015-03-30T11:30:02+00:00 DEBUG (7): Starting Subscriber Opt-In process for store: Admin (0)
2015-03-30T11:30:02+00:00 DEBUG (7): Starting Subscriber Opt-In process for store: International (3)
2015-03-30T11:30:02+00:00 DEBUG (7): Starting Subscriber Opt-In process for store: Retail (1)
2015-03-30T11:30:03+00:00 INFO (6):   Adding Contact to list: Bloomingbath.com
2015-03-30T11:30:03+00:00 INFO (6):   Setting Contact (aho95052@bigpond.net.au) status to: active
2015-03-30T11:30:03+00:00 DEBUG (7): Starting Subscriber Opt-In process for store: Wholesale (2)
2015-03-30T11:45:02+00:00 DEBUG (7): Starting Subscriber Opt-In process for store: Admin (0)
2015-03-30T11:45:02+00:00 DEBUG (7): Starting Subscriber Opt-In process for store: International (3)
2015-03-30T11:45:02+00:00 DEBUG (7): Starting Subscriber Opt-In process for store: Retail (1)
2015-03-30T11:45:02+00:00 DEBUG (7): Starting Subscriber Opt-In process for store: Wholesale (2)
2015-03-30T12:00:04+00:00 DEBUG (7): Starting Subscriber Opt-In process for store: Admin (0)
2015-03-30T12:00:04+00:00 DEBUG (7): Starting Subscriber Opt-In process for store: International (3)
2015-03-30T12:00:04+00:00 DEBUG (7): Starting Subscriber Opt-In process for store: Retail (1)
2015-03-30T12:00:05+00:00 DEBUG (7): Starting Subscriber Opt-In process for store: Wholesale (2)
2015-03-30T12:15:02+00:00 DEBUG (7): Starting Subscriber Opt-In process for store: Admin (0)
2015-03-30T12:15:02+00:00 DEBUG (7): Starting Subscriber Opt-In process for store: International (3)
2015-03-30T12:15:02+00:00 DEBUG (7): Starting Subscriber Opt-In process for store: Retail (1)
2015-03-30T12:15:03+00:00 DEBUG (7): Starting Subscriber Opt-In process for store: Wholesale (2)
2015-03-30T12:35:03+00:00 DEBUG (7): Starting Subscriber Opt-In process for store: Admin (0)
2015-03-30T12:35:03+00:00 DEBUG (7): Starting Subscriber Opt-In process for store: International (3)
2015-03-30T12:35:03+00:00 DEBUG (7): Starting Subscriber Opt-In process for store: Retail (1)
2015-03-30T12:35:03+00:00 DEBUG (7): Starting Subscriber Opt-In process for store: Wholesale (2)
2015-03-30T12:45:02+00:00 DEBUG (7): Starting Subscriber Opt-In process for store: Admin (0)
2015-03-30T12:45:02+00:00 DEBUG (7): Starting Subscriber Opt-In process for store: International (3)
2015-03-30T12:45:02+00:00 DEBUG (7): Starting Subscriber Opt-In process for store: Retail (1)
2015-03-30T12:45:03+00:00 DEBUG (7): Starting Subscriber Opt-In process for store: Wholesale (2)
2015-03-30T13:00:03+00:00 DEBUG (7): Starting Subscriber Opt-In process for store: Admin (0)
2015-03-30T13:00:03+00:00 DEBUG (7): Starting Subscriber Opt-In process for store: International (3)
2015-03-30T13:00:03+00:00 DEBUG (7): Starting Subscriber Opt-In process for store: Retail (1)
2015-03-30T13:00:04+00:00 DEBUG (7): Starting Subscriber Opt-In process for store: Wholesale (2)
2015-03-30T13:15:02+00:00 DEBUG (7): Starting Subscriber Opt-In process for store: Admin (0)
2015-03-30T13:15:02+00:00 DEBUG (7): Starting Subscriber Opt-In process for store: International (3)
2015-03-30T13:15:02+00:00 DEBUG (7): Starting Subscriber Opt-In process for store: Retail (1)
2015-03-30T13:15:03+00:00 DEBUG (7): Starting Subscriber Opt-In process for store: Wholesale (2)
2015-03-30T13:30:04+00:00 DEBUG (7): Starting Subscriber Opt-In process for store: Admin (0)
2015-03-30T13:30:04+00:00 DEBUG (7): Starting Subscriber Opt-In process for store: International (3)
2015-03-30T13:30:04+00:00 DEBUG (7): Starting Subscriber Opt-In process for store: Retail (1)
2015-03-30T13:30:04+00:00 DEBUG (7): Starting Subscriber Opt-In process for store: Wholesale (2)
2015-03-30T13:45:02+00:00 DEBUG (7): Starting Subscriber Opt-In process for store: Admin (0)
2015-03-30T13:45:02+00:00 DEBUG (7): Starting Subscriber Opt-In process for store: International (3)
2015-03-30T13:45:02+00:00 DEBUG (7): Starting Subscriber Opt-In process for store: Retail (1)
2015-03-30T13:45:04+00:00 INFO (6):   Adding Contact to list: Bloomingbath.com
2015-03-30T13:45:04+00:00 INFO (6):   Setting Contact (arianna.metcalf90@gmail.com) status to: active
2015-03-30T13:45:04+00:00 DEBUG (7): Starting Subscriber Opt-In process for store: Wholesale (2)
2015-03-30T14:00:04+00:00 DEBUG (7): Starting Subscriber Opt-In process for store: Admin (0)
2015-03-30T14:00:04+00:00 DEBUG (7): Starting Subscriber Opt-In process for store: International (3)
2015-03-30T14:00:04+00:00 DEBUG (7): Starting Subscriber Opt-In process for store: Retail (1)
2015-03-30T14:00:04+00:00 DEBUG (7): Starting Subscriber Opt-In process for store: Wholesale (2)
2015-03-30T14:15:02+00:00 DEBUG (7): Starting Subscriber Opt-In process for store: Admin (0)
2015-03-30T14:15:02+00:00 DEBUG (7): Starting Subscriber Opt-In process for store: International (3)
2015-03-30T14:15:02+00:00 DEBUG (7): Starting Subscriber Opt-In process for store: Retail (1)
2015-03-30T14:15:03+00:00 DEBUG (7): Starting Subscriber Opt-In process for store: Wholesale (2)
2015-03-30T14:30:02+00:00 DEBUG (7): Starting Subscriber Opt-In process for store: Admin (0)
2015-03-30T14:30:02+00:00 DEBUG (7): Starting Subscriber Opt-In process for store: International (3)
2015-03-30T14:30:02+00:00 DEBUG (7): Starting Subscriber Opt-In process for store: Retail (1)
2015-03-30T14:30:03+00:00 DEBUG (7): Starting Subscriber Opt-In process for store: Wholesale (2)
2015-03-30T14:50:02+00:00 DEBUG (7): Starting Subscriber Opt-In process for store: Admin (0)
2015-03-30T14:50:02+00:00 DEBUG (7): Starting Subscriber Opt-In process for store: International (3)
2015-03-30T14:50:02+00:00 DEBUG (7): Starting Subscriber Opt-In process for store: Retail (1)
2015-03-30T14:50:03+00:00 INFO (6):   Adding Contact to list: Bloomingbath.com
2015-03-30T14:50:03+00:00 INFO (6):   Setting Contact (mpugl@yahoo.com) status to: active
2015-03-30T14:50:04+00:00 DEBUG (7): Starting Subscriber Opt-In process for store: Wholesale (2)
2015-03-30T15:00:02+00:00 DEBUG (7): Starting Subscriber Opt-In process for store: Admin (0)
2015-03-30T15:00:02+00:00 DEBUG (7): Starting Subscriber Opt-In process for store: International (3)
2015-03-30T15:00:02+00:00 DEBUG (7): Starting Subscriber Opt-In process for store: Retail (1)
2015-03-30T15:00:03+00:00 DEBUG (7): Starting Subscriber Opt-In process for store: Wholesale (2)
2015-03-30T15:15:02+00:00 DEBUG (7): Starting Subscriber Opt-In process for store: Admin (0)
2015-03-30T15:15:02+00:00 DEBUG (7): Starting Subscriber Opt-In process for store: International (3)
2015-03-30T15:15:02+00:00 DEBUG (7): Starting Subscriber Opt-In process for store: Retail (1)
2015-03-30T15:15:03+00:00 DEBUG (7): Starting Subscriber Opt-In process for store: Wholesale (2)
2015-03-30T15:30:08+00:00 DEBUG (7): Starting Subscriber Opt-In process for store: Admin (0)
2015-03-30T15:30:08+00:00 DEBUG (7): Starting Subscriber Opt-In process for store: International (3)
2015-03-30T15:30:08+00:00 DEBUG (7): Starting Subscriber Opt-In process for store: Retail (1)
2015-03-30T15:30:08+00:00 DEBUG (7): Starting Subscriber Opt-In process for store: Wholesale (2)
2015-03-30T15:45:09+00:00 DEBUG (7): Starting Subscriber Opt-In process for store: Admin (0)
2015-03-30T15:45:09+00:00 DEBUG (7): Starting Subscriber Opt-In process for store: International (3)
2015-03-30T15:45:09+00:00 DEBUG (7): Starting Subscriber Opt-In process for store: Retail (1)
2015-03-30T15:45:09+00:00 INFO (6):   Adding Contact to list: Bloomingbath.com
2015-03-30T15:45:09+00:00 INFO (6):   Setting Contact (emma.lee45@yahoo.co.uk) status to: active
2015-03-30T15:45:09+00:00 INFO (6):   Adding Contact to list: Bloomingbath.com
2015-03-30T15:45:09+00:00 INFO (6):   Setting Contact (thefontanas@live.com) status to: active
2015-03-30T15:45:09+00:00 DEBUG (7): Starting Subscriber Opt-In process for store: Wholesale (2)
2015-03-30T16:00:02+00:00 DEBUG (7): Starting Subscriber Opt-In process for store: Admin (0)
2015-03-30T16:00:02+00:00 DEBUG (7): Starting Subscriber Opt-In process for store: International (3)
2015-03-30T16:00:02+00:00 DEBUG (7): Starting Subscriber Opt-In process for store: Retail (1)
2015-03-30T16:00:03+00:00 DEBUG (7): Starting Subscriber Opt-In process for store: Wholesale (2)
2015-03-30T16:15:15+00:00 DEBUG (7): Starting Subscriber Opt-In process for store: Admin (0)
2015-03-30T16:15:15+00:00 DEBUG (7): Starting Subscriber Opt-In process for store: International (3)
2015-03-30T16:15:15+00:00 DEBUG (7): Starting Subscriber Opt-In process for store: Retail (1)
2015-03-30T16:15:15+00:00 INFO (6):   Adding Contact to list: Bloomingbath.com
2015-03-30T16:15:15+00:00 INFO (6):   Setting Contact (bellabean1234567@gmail.com) status to: active
2015-03-30T16:15:15+00:00 DEBUG (7): Starting Subscriber Opt-In process for store: Wholesale (2)
2015-03-30T16:30:02+00:00 DEBUG (7): Starting Subscriber Opt-In process for store: Admin (0)
2015-03-30T16:30:02+00:00 DEBUG (7): Starting Subscriber Opt-In process for store: International (3)
2015-03-30T16:30:02+00:00 DEBUG (7): Starting Subscriber Opt-In process for store: Retail (1)
2015-03-30T16:30:03+00:00 DEBUG (7): Starting Subscriber Opt-In process for store: Wholesale (2)
2015-03-30T16:50:09+00:00 DEBUG (7): Starting Subscriber Opt-In process for store: Admin (0)
2015-03-30T16:50:09+00:00 DEBUG (7): Starting Subscriber Opt-In process for store: International (3)
2015-03-30T16:50:09+00:00 DEBUG (7): Starting Subscriber Opt-In process for store: Retail (1)
2015-03-30T16:50:10+00:00 DEBUG (7): Starting Subscriber Opt-In process for store: Wholesale (2)
2015-03-30T16:51:44+00:00 DEBUG (7): No subscription status found in session.
2015-03-30T17:00:04+00:00 DEBUG (7): Starting Subscriber Opt-In process for store: Admin (0)
2015-03-30T17:00:04+00:00 DEBUG (7): Starting Subscriber Opt-In process for store: International (3)
2015-03-30T17:00:04+00:00 DEBUG (7): Starting Subscriber Opt-In process for store: Retail (1)
2015-03-30T17:00:04+00:00 DEBUG (7): Starting Subscriber Opt-In process for store: Wholesale (2)
2015-03-30T17:15:23+00:00 DEBUG (7): Starting Subscriber Opt-In process for store: Admin (0)
2015-03-30T17:15:23+00:00 DEBUG (7): Starting Subscriber Opt-In process for store: International (3)
2015-03-30T17:15:23+00:00 DEBUG (7): Starting Subscriber Opt-In process for store: Retail (1)
2015-03-30T17:15:23+00:00 DEBUG (7): Starting Subscriber Opt-In process for store: Wholesale (2)
2015-03-30T17:30:05+00:00 DEBUG (7): Starting Subscriber Opt-In process for store: Admin (0)
2015-03-30T17:30:05+00:00 DEBUG (7): Starting Subscriber Opt-In process for store: International (3)
2015-03-30T17:30:05+00:00 DEBUG (7): Starting Subscriber Opt-In process for store: Retail (1)
2015-03-30T17:30:05+00:00 DEBUG (7): Starting Subscriber Opt-In process for store: Wholesale (2)
2015-03-30T17:45:04+00:00 DEBUG (7): Starting Subscriber Opt-In process for store: Admin (0)
2015-03-30T17:45:04+00:00 DEBUG (7): Starting Subscriber Opt-In process for store: International (3)
2015-03-30T17:45:04+00:00 DEBUG (7): Starting Subscriber Opt-In process for store: Retail (1)
2015-03-30T17:45:05+00:00 DEBUG (7): Starting Subscriber Opt-In process for store: Wholesale (2)
2015-03-30T18:00:02+00:00 DEBUG (7): Starting Subscriber Opt-In process for store: Admin (0)
2015-03-30T18:00:02+00:00 DEBUG (7): Starting Subscriber Opt-In process for store: International (3)
2015-03-30T18:00:02+00:00 DEBUG (7): Starting Subscriber Opt-In process for store: Retail (1)
2015-03-30T18:00:03+00:00 DEBUG (7): Starting Subscriber Opt-In process for store: Wholesale (2)
2015-03-30T18:15:04+00:00 DEBUG (7): Starting Subscriber Opt-In process for store: Admin (0)
2015-03-30T18:15:04+00:00 DEBUG (7): Starting Subscriber Opt-In process for store: International (3)
2015-03-30T18:15:04+00:00 DEBUG (7): Starting Subscriber Opt-In process for store: Retail (1)
2015-03-30T18:15:04+00:00 INFO (6):   Adding Contact to list: Bloomingbath.com
2015-03-30T18:15:04+00:00 INFO (6):   Setting Contact (mrs.brinson627@Gmail.com) status to: active
2015-03-30T18:15:05+00:00 DEBUG (7): Starting Subscriber Opt-In process for store: Wholesale (2)
2015-03-30T18:30:02+00:00 DEBUG (7): Starting Subscriber Opt-In process for store: Admin (0)
2015-03-30T18:30:02+00:00 DEBUG (7): Starting Subscriber Opt-In process for store: International (3)
2015-03-30T18:30:02+00:00 DEBUG (7): Starting Subscriber Opt-In process for store: Retail (1)
2015-03-30T18:30:03+00:00 DEBUG (7): Starting Subscriber Opt-In process for store: Wholesale (2)
2015-03-30T18:44:04+00:00 DEBUG (7): No subscription status found in session.
2015-03-30T18:45:06+00:00 DEBUG (7): Starting Subscriber Opt-In process for store: Admin (0)
2015-03-30T18:45:06+00:00 DEBUG (7): Starting Subscriber Opt-In process for store: International (3)
2015-03-30T18:45:06+00:00 DEBUG (7): Starting Subscriber Opt-In process for store: Retail (1)
2015-03-30T18:45:06+00:00 INFO (6):   Adding Contact to list: Bloomingbath.com
2015-03-30T18:45:06+00:00 INFO (6):   Setting Contact (atsillitti@gmail.com) status to: active
2015-03-30T18:45:06+00:00 DEBUG (7): Starting Subscriber Opt-In process for store: Wholesale (2)
2015-03-30T19:00:02+00:00 DEBUG (7): Starting Subscriber Opt-In process for store: Admin (0)
2015-03-30T19:00:02+00:00 DEBUG (7): Starting Subscriber Opt-In process for store: International (3)
2015-03-30T19:00:02+00:00 DEBUG (7): Starting Subscriber Opt-In process for store: Retail (1)
2015-03-30T19:00:03+00:00 INFO (6):   Adding Contact to list: Bloomingbath.com
2015-03-30T19:00:03+00:00 INFO (6):   Setting Contact (noemigomez176@hotmail.com) status to: active
2015-03-30T19:00:04+00:00 DEBUG (7): Starting Subscriber Opt-In process for store: Wholesale (2)
2015-03-30T19:20:02+00:00 DEBUG (7): Starting Subscriber Opt-In process for store: Admin (0)
2015-03-30T19:20:02+00:00 DEBUG (7): Starting Subscriber Opt-In process for store: International (3)
2015-03-30T19:20:02+00:00 DEBUG (7): Starting Subscriber Opt-In process for store: Retail (1)
2015-03-30T19:20:03+00:00 DEBUG (7): Starting Subscriber Opt-In process for store: Wholesale (2)
2015-03-30T19:22:32+00:00 DEBUG (7): No subscription status found in session.
2015-03-30T19:30:04+00:00 DEBUG (7): Starting Subscriber Opt-In process for store: Admin (0)
2015-03-30T19:30:04+00:00 DEBUG (7): Starting Subscriber Opt-In process for store: International (3)
2015-03-30T19:30:04+00:00 DEBUG (7): Starting Subscriber Opt-In process for store: Retail (1)
2015-03-30T19:30:04+00:00 DEBUG (7): Starting Subscriber Opt-In process for store: Wholesale (2)
2015-03-30T19:45:04+00:00 DEBUG (7): Starting Subscriber Opt-In process for store: Admin (0)
2015-03-30T19:45:04+00:00 DEBUG (7): Starting Subscriber Opt-In process for store: International (3)
2015-03-30T19:45:04+00:00 DEBUG (7): Starting Subscriber Opt-In process for store: Retail (1)
2015-03-30T19:45:04+00:00 DEBUG (7): Starting Subscriber Opt-In process for store: Wholesale (2)
2015-03-30T20:00:04+00:00 DEBUG (7): Starting Subscriber Opt-In process for store: Admin (0)
2015-03-30T20:00:04+00:00 DEBUG (7): Starting Subscriber Opt-In process for store: International (3)
2015-03-30T20:00:04+00:00 DEBUG (7): Starting Subscriber Opt-In process for store: Retail (1)
2015-03-30T20:00:04+00:00 INFO (6):   Adding Contact to list: Bloomingbath.com
2015-03-30T20:00:04+00:00 INFO (6):   Setting Contact (kristiereed90@yahoo.com) status to: active
2015-03-30T20:00:04+00:00 DEBUG (7): Starting Subscriber Opt-In process for store: Wholesale (2)
2015-03-30T20:15:02+00:00 DEBUG (7): Starting Subscriber Opt-In process for store: Admin (0)
2015-03-30T20:15:02+00:00 DEBUG (7): Starting Subscriber Opt-In process for store: International (3)
2015-03-30T20:15:02+00:00 DEBUG (7): Starting Subscriber Opt-In process for store: Retail (1)
2015-03-30T20:15:03+00:00 DEBUG (7): Starting Subscriber Opt-In process for store: Wholesale (2)
2015-03-30T20:30:02+00:00 DEBUG (7): Starting Subscriber Opt-In process for store: Admin (0)
2015-03-30T20:30:02+00:00 DEBUG (7): Starting Subscriber Opt-In process for store: International (3)
2015-03-30T20:30:02+00:00 DEBUG (7): Starting Subscriber Opt-In process for store: Retail (1)
2015-03-30T20:30:03+00:00 INFO (6):   Adding Contact to list: Bloomingbath.com
2015-03-30T20:30:03+00:00 INFO (6):   Setting Contact (laureneckman@gmail.com) status to: active
2015-03-30T20:30:04+00:00 DEBUG (7): Starting Subscriber Opt-In process for store: Wholesale (2)
2015-03-30T20:45:02+00:00 DEBUG (7): Starting Subscriber Opt-In process for store: Admin (0)
2015-03-30T20:45:02+00:00 DEBUG (7): Starting Subscriber Opt-In process for store: International (3)
2015-03-30T20:45:02+00:00 DEBUG (7): Starting Subscriber Opt-In process for store: Retail (1)
2015-03-30T20:45:03+00:00 DEBUG (7): Starting Subscriber Opt-In process for store: Wholesale (2)
2015-03-30T21:00:02+00:00 DEBUG (7): Starting Subscriber Opt-In process for store: Admin (0)
2015-03-30T21:00:02+00:00 DEBUG (7): Starting Subscriber Opt-In process for store: International (3)
2015-03-30T21:00:02+00:00 DEBUG (7): Starting Subscriber Opt-In process for store: Retail (1)
2015-03-30T21:00:03+00:00 DEBUG (7): Starting Subscriber Opt-In process for store: Wholesale (2)
2015-03-30T21:15:04+00:00 DEBUG (7): Starting Subscriber Opt-In process for store: Admin (0)
2015-03-30T21:15:04+00:00 DEBUG (7): Starting Subscriber Opt-In process for store: International (3)
2015-03-30T21:15:04+00:00 DEBUG (7): Starting Subscriber Opt-In process for store: Retail (1)
2015-03-30T21:15:04+00:00 DEBUG (7): Starting Subscriber Opt-In process for store: Wholesale (2)
2015-03-30T21:30:03+00:00 DEBUG (7): Starting Subscriber Opt-In process for store: Admin (0)
2015-03-30T21:30:03+00:00 DEBUG (7): Starting Subscriber Opt-In process for store: International (3)
2015-03-30T21:30:03+00:00 DEBUG (7): Starting Subscriber Opt-In process for store: Retail (1)
2015-03-30T21:30:04+00:00 DEBUG (7): Starting Subscriber Opt-In process for store: Wholesale (2)
2015-03-30T21:39:34+00:00 DEBUG (7): No subscription status found in session.
2015-03-30T21:45:05+00:00 DEBUG (7): Starting Subscriber Opt-In process for store: Admin (0)
2015-03-30T21:45:05+00:00 DEBUG (7): Starting Subscriber Opt-In process for store: International (3)
2015-03-30T21:45:05+00:00 DEBUG (7): Starting Subscriber Opt-In process for store: Retail (1)
2015-03-30T21:45:05+00:00 INFO (6):   Adding Contact to list: Bloomingbath.com
2015-03-30T21:45:05+00:00 INFO (6):   Setting Contact (jones.johnica@yahoo.com) status to: active
2015-03-30T21:45:05+00:00 DEBUG (7): Starting Subscriber Opt-In process for store: Wholesale (2)
2015-03-30T21:45:48+00:00 DEBUG (7): No subscription status found in session.
2015-03-30T22:00:04+00:00 DEBUG (7): Starting Subscriber Opt-In process for store: Admin (0)
2015-03-30T22:00:04+00:00 DEBUG (7): Starting Subscriber Opt-In process for store: International (3)
2015-03-30T22:00:04+00:00 DEBUG (7): Starting Subscriber Opt-In process for store: Retail (1)
2015-03-30T22:00:04+00:00 INFO (6):   Adding Contact to list: Bloomingbath.com
2015-03-30T22:00:04+00:00 INFO (6):   Setting Contact (Elmarius256@gmail.com) status to: active
2015-03-30T22:00:04+00:00 DEBUG (7): Starting Subscriber Opt-In process for store: Wholesale (2)
2015-03-30T22:15:04+00:00 DEBUG (7): Starting Subscriber Opt-In process for store: Admin (0)
2015-03-30T22:15:04+00:00 DEBUG (7): Starting Subscriber Opt-In process for store: International (3)
2015-03-30T22:15:04+00:00 DEBUG (7): Starting Subscriber Opt-In process for store: Retail (1)
2015-03-30T22:15:04+00:00 DEBUG (7): Starting Subscriber Opt-In process for store: Wholesale (2)
2015-03-30T22:30:03+00:00 DEBUG (7): Starting Subscriber Opt-In process for store: Admin (0)
2015-03-30T22:30:03+00:00 DEBUG (7): Starting Subscriber Opt-In process for store: International (3)
2015-03-30T22:30:03+00:00 DEBUG (7): Starting Subscriber Opt-In process for store: Retail (1)
2015-03-30T22:30:04+00:00 DEBUG (7): Starting Subscriber Opt-In process for store: Wholesale (2)
2015-03-30T22:45:04+00:00 DEBUG (7): Starting Subscriber Opt-In process for store: Admin (0)
2015-03-30T22:45:04+00:00 DEBUG (7): Starting Subscriber Opt-In process for store: International (3)
2015-03-30T22:45:04+00:00 DEBUG (7): Starting Subscriber Opt-In process for store: Retail (1)
2015-03-30T22:45:05+00:00 DEBUG (7): Starting Subscriber Opt-In process for store: Wholesale (2)
2015-03-30T23:00:03+00:00 DEBUG (7): Starting Subscriber Opt-In process for store: Admin (0)
2015-03-30T23:00:03+00:00 DEBUG (7): Starting Subscriber Opt-In process for store: International (3)
2015-03-30T23:00:03+00:00 DEBUG (7): Starting Subscriber Opt-In process for store: Retail (1)
2015-03-30T23:00:03+00:00 DEBUG (7): Starting Subscriber Opt-In process for store: Wholesale (2)
2015-03-30T23:15:02+00:00 DEBUG (7): Starting Subscriber Opt-In process for store: Admin (0)
2015-03-30T23:15:02+00:00 DEBUG (7): Starting Subscriber Opt-In process for store: International (3)
2015-03-30T23:15:02+00:00 DEBUG (7): Starting Subscriber Opt-In process for store: Retail (1)
2015-03-30T23:15:03+00:00 DEBUG (7): Starting Subscriber Opt-In process for store: Wholesale (2)
2015-03-30T23:30:02+00:00 DEBUG (7): Starting Subscriber Opt-In process for store: Admin (0)
2015-03-30T23:30:02+00:00 DEBUG (7): Starting Subscriber Opt-In process for store: International (3)
2015-03-30T23:30:02+00:00 DEBUG (7): Starting Subscriber Opt-In process for store: Retail (1)
2015-03-30T23:30:03+00:00 DEBUG (7): Starting Subscriber Opt-In process for store: Wholesale (2)
2015-03-30T23:45:02+00:00 DEBUG (7): Starting Subscriber Opt-In process for store: Admin (0)
2015-03-30T23:45:02+00:00 DEBUG (7): Starting Subscriber Opt-In process for store: International (3)
2015-03-30T23:45:02+00:00 DEBUG (7): Starting Subscriber Opt-In process for store: Retail (1)
2015-03-30T23:45:03+00:00 DEBUG (7): Starting Subscriber Opt-In process for store: Wholesale (2)
