2015-03-25T00:00:02+00:00 DEBUG (7): Starting Subscriber Opt-In process for store: Admin (0)
2015-03-25T00:00:02+00:00 DEBUG (7): Starting Subscriber Opt-In process for store: International (3)
2015-03-25T00:00:02+00:00 DEBUG (7): Starting Subscriber Opt-In process for store: Retail (1)
2015-03-25T00:00:03+00:00 INFO (6):   Adding Contact to list: Bloomingbath.com
2015-03-25T00:00:03+00:00 INFO (6):   Setting Contact (sandi.rfelix@gmail.com) status to: active
2015-03-25T00:00:03+00:00 DEBUG (7): Starting Subscriber Opt-In process for store: Wholesale (2)
2015-03-25T00:15:23+00:00 DEBUG (7): Starting Subscriber Opt-In process for store: Admin (0)
2015-03-25T00:15:23+00:00 DEBUG (7): Starting Subscriber Opt-In process for store: International (3)
2015-03-25T00:15:23+00:00 DEBUG (7): Starting Subscriber Opt-In process for store: Retail (1)
2015-03-25T00:15:23+00:00 INFO (6):   Adding Contact to list: Bloomingbath.com
2015-03-25T00:15:23+00:00 INFO (6):   Setting Contact (kari2887@yahoo.com) status to: active
2015-03-25T00:15:23+00:00 DEBUG (7): Starting Subscriber Opt-In process for store: Wholesale (2)
2015-03-25T00:30:40+00:00 DEBUG (7): Starting Subscriber Opt-In process for store: Admin (0)
2015-03-25T00:30:40+00:00 DEBUG (7): Starting Subscriber Opt-In process for store: International (3)
2015-03-25T00:30:40+00:00 DEBUG (7): Starting Subscriber Opt-In process for store: Retail (1)
2015-03-25T00:30:40+00:00 DEBUG (7): Starting Subscriber Opt-In process for store: Wholesale (2)
2015-03-25T00:31:04+00:00 DEBUG (7): No subscription status found in session.
2015-03-25T00:40:48+00:00 DEBUG (7): No subscription status found in session.
2015-03-25T00:45:09+00:00 DEBUG (7): Starting Subscriber Opt-In process for store: Admin (0)
2015-03-25T00:45:09+00:00 DEBUG (7): Starting Subscriber Opt-In process for store: International (3)
2015-03-25T00:45:09+00:00 DEBUG (7): Starting Subscriber Opt-In process for store: Retail (1)
2015-03-25T00:45:10+00:00 DEBUG (7): Starting Subscriber Opt-In process for store: Wholesale (2)
2015-03-25T01:00:04+00:00 DEBUG (7): Starting Subscriber Opt-In process for store: Admin (0)
2015-03-25T01:00:04+00:00 DEBUG (7): Starting Subscriber Opt-In process for store: International (3)
2015-03-25T01:00:04+00:00 DEBUG (7): Starting Subscriber Opt-In process for store: Retail (1)
2015-03-25T01:00:04+00:00 INFO (6):   Adding Contact to list: Bloomingbath.com
2015-03-25T01:00:04+00:00 INFO (6):   Setting Contact (debbie.dutton.potter@gmail.com) status to: active
2015-03-25T01:00:04+00:00 DEBUG (7): Starting Subscriber Opt-In process for store: Wholesale (2)
2015-03-25T01:15:02+00:00 DEBUG (7): Starting Subscriber Opt-In process for store: Admin (0)
2015-03-25T01:15:02+00:00 DEBUG (7): Starting Subscriber Opt-In process for store: International (3)
2015-03-25T01:15:02+00:00 DEBUG (7): Starting Subscriber Opt-In process for store: Retail (1)
2015-03-25T01:15:03+00:00 INFO (6):   Adding Contact to list: Bloomingbath.com
2015-03-25T01:15:03+00:00 INFO (6):   Setting Contact (dtalia87@aol.com) status to: active
2015-03-25T01:15:03+00:00 DEBUG (7): Starting Subscriber Opt-In process for store: Wholesale (2)
2015-03-25T01:19:25+00:00 DEBUG (7): No subscription status found in session.
2015-03-25T01:35:04+00:00 DEBUG (7): Starting Subscriber Opt-In process for store: Admin (0)
2015-03-25T01:35:04+00:00 DEBUG (7): Starting Subscriber Opt-In process for store: International (3)
2015-03-25T01:35:04+00:00 DEBUG (7): Starting Subscriber Opt-In process for store: Retail (1)
2015-03-25T01:35:04+00:00 DEBUG (7): Starting Subscriber Opt-In process for store: Wholesale (2)
2015-03-25T01:38:59+00:00 DEBUG (7): No subscription status found in session.
2015-03-25T01:45:03+00:00 DEBUG (7): Starting Subscriber Opt-In process for store: Admin (0)
2015-03-25T01:45:03+00:00 DEBUG (7): Starting Subscriber Opt-In process for store: International (3)
2015-03-25T01:45:03+00:00 DEBUG (7): Starting Subscriber Opt-In process for store: Retail (1)
2015-03-25T01:45:04+00:00 INFO (6):   Adding Contact to list: Bloomingbath.com
2015-03-25T01:45:04+00:00 INFO (6):   Setting Contact (lisaphillipsheaton@yahoo.com) status to: active
2015-03-25T01:45:04+00:00 DEBUG (7): Starting Subscriber Opt-In process for store: Wholesale (2)
2015-03-25T02:00:02+00:00 DEBUG (7): Starting Subscriber Opt-In process for store: Admin (0)
2015-03-25T02:00:02+00:00 DEBUG (7): Starting Subscriber Opt-In process for store: International (3)
2015-03-25T02:00:02+00:00 DEBUG (7): Starting Subscriber Opt-In process for store: Retail (1)
2015-03-25T02:00:03+00:00 DEBUG (7): Starting Subscriber Opt-In process for store: Wholesale (2)
2015-03-25T02:15:02+00:00 DEBUG (7): Starting Subscriber Opt-In process for store: Admin (0)
2015-03-25T02:15:02+00:00 DEBUG (7): Starting Subscriber Opt-In process for store: International (3)
2015-03-25T02:15:02+00:00 DEBUG (7): Starting Subscriber Opt-In process for store: Retail (1)
2015-03-25T02:15:03+00:00 DEBUG (7): Starting Subscriber Opt-In process for store: Wholesale (2)
2015-03-25T02:30:08+00:00 DEBUG (7): Starting Subscriber Opt-In process for store: Admin (0)
2015-03-25T02:30:08+00:00 DEBUG (7): Starting Subscriber Opt-In process for store: International (3)
2015-03-25T02:30:08+00:00 DEBUG (7): Starting Subscriber Opt-In process for store: Retail (1)
2015-03-25T02:30:08+00:00 DEBUG (7): Starting Subscriber Opt-In process for store: Wholesale (2)
2015-03-25T02:45:03+00:00 DEBUG (7): Starting Subscriber Opt-In process for store: Admin (0)
2015-03-25T02:45:03+00:00 DEBUG (7): Starting Subscriber Opt-In process for store: International (3)
2015-03-25T02:45:03+00:00 DEBUG (7): Starting Subscriber Opt-In process for store: Retail (1)
2015-03-25T02:45:03+00:00 DEBUG (7): Starting Subscriber Opt-In process for store: Wholesale (2)
2015-03-25T02:48:28+00:00 DEBUG (7): No subscription status found in session.
2015-03-25T02:49:05+00:00 DEBUG (7): No subscription status found in session.
2015-03-25T03:00:06+00:00 DEBUG (7): Starting Subscriber Opt-In process for store: Admin (0)
2015-03-25T03:00:06+00:00 DEBUG (7): Starting Subscriber Opt-In process for store: International (3)
2015-03-25T03:00:06+00:00 DEBUG (7): Starting Subscriber Opt-In process for store: Retail (1)
2015-03-25T03:00:06+00:00 DEBUG (7): Starting Subscriber Opt-In process for store: Wholesale (2)
2015-03-25T03:15:02+00:00 DEBUG (7): Starting Subscriber Opt-In process for store: Admin (0)
2015-03-25T03:15:02+00:00 DEBUG (7): Starting Subscriber Opt-In process for store: International (3)
2015-03-25T03:15:02+00:00 DEBUG (7): Starting Subscriber Opt-In process for store: Retail (1)
2015-03-25T03:15:03+00:00 INFO (6):   Adding Contact to list: Bloomingbath.com
2015-03-25T03:15:03+00:00 INFO (6):   Setting Contact (gracielle1008@gmail.com) status to: active
2015-03-25T03:15:03+00:00 DEBUG (7): Starting Subscriber Opt-In process for store: Wholesale (2)
2015-03-25T03:30:02+00:00 DEBUG (7): Starting Subscriber Opt-In process for store: Admin (0)
2015-03-25T03:30:02+00:00 DEBUG (7): Starting Subscriber Opt-In process for store: International (3)
2015-03-25T03:30:02+00:00 DEBUG (7): Starting Subscriber Opt-In process for store: Retail (1)
2015-03-25T03:30:03+00:00 DEBUG (7): Starting Subscriber Opt-In process for store: Wholesale (2)
2015-03-25T03:50:02+00:00 DEBUG (7): Starting Subscriber Opt-In process for store: Admin (0)
2015-03-25T03:50:02+00:00 DEBUG (7): Starting Subscriber Opt-In process for store: International (3)
2015-03-25T03:50:02+00:00 DEBUG (7): Starting Subscriber Opt-In process for store: Retail (1)
2015-03-25T03:50:03+00:00 INFO (6):   Adding Contact to list: Bloomingbath.com
2015-03-25T03:50:03+00:00 INFO (6):   Setting Contact (malgabriel03@gmail.com) status to: active
2015-03-25T03:50:04+00:00 DEBUG (7): Starting Subscriber Opt-In process for store: Wholesale (2)
2015-03-25T04:00:02+00:00 DEBUG (7): Starting Subscriber Opt-In process for store: Admin (0)
2015-03-25T04:00:02+00:00 DEBUG (7): Starting Subscriber Opt-In process for store: International (3)
2015-03-25T04:00:02+00:00 DEBUG (7): Starting Subscriber Opt-In process for store: Retail (1)
2015-03-25T04:00:03+00:00 DEBUG (7): Starting Subscriber Opt-In process for store: Wholesale (2)
2015-03-25T04:15:02+00:00 DEBUG (7): Starting Subscriber Opt-In process for store: Admin (0)
2015-03-25T04:15:02+00:00 DEBUG (7): Starting Subscriber Opt-In process for store: International (3)
2015-03-25T04:15:02+00:00 DEBUG (7): Starting Subscriber Opt-In process for store: Retail (1)
2015-03-25T04:15:03+00:00 DEBUG (7): Starting Subscriber Opt-In process for store: Wholesale (2)
2015-03-25T04:30:02+00:00 DEBUG (7): Starting Subscriber Opt-In process for store: Admin (0)
2015-03-25T04:30:02+00:00 DEBUG (7): Starting Subscriber Opt-In process for store: International (3)
2015-03-25T04:30:02+00:00 DEBUG (7): Starting Subscriber Opt-In process for store: Retail (1)
2015-03-25T04:30:03+00:00 DEBUG (7): Starting Subscriber Opt-In process for store: Wholesale (2)
2015-03-25T04:45:02+00:00 DEBUG (7): Starting Subscriber Opt-In process for store: Admin (0)
2015-03-25T04:45:02+00:00 DEBUG (7): Starting Subscriber Opt-In process for store: International (3)
2015-03-25T04:45:02+00:00 DEBUG (7): Starting Subscriber Opt-In process for store: Retail (1)
2015-03-25T04:45:04+00:00 DEBUG (7): Starting Subscriber Opt-In process for store: Wholesale (2)
2015-03-25T05:00:02+00:00 DEBUG (7): Starting Subscriber Opt-In process for store: Admin (0)
2015-03-25T05:00:02+00:00 DEBUG (7): Starting Subscriber Opt-In process for store: International (3)
2015-03-25T05:00:02+00:00 DEBUG (7): Starting Subscriber Opt-In process for store: Retail (1)
2015-03-25T05:00:03+00:00 INFO (6):   Adding Contact to list: Bloomingbath.com
2015-03-25T05:00:03+00:00 INFO (6):   Setting Contact (benniejeans@yandex.ru) status to: active
2015-03-25T05:00:03+00:00 DEBUG (7): Starting Subscriber Opt-In process for store: Wholesale (2)
2015-03-25T05:15:01+00:00 DEBUG (7): Starting Subscriber Opt-In process for store: Admin (0)
2015-03-25T05:15:02+00:00 DEBUG (7): Starting Subscriber Opt-In process for store: International (3)
2015-03-25T05:15:02+00:00 DEBUG (7): Starting Subscriber Opt-In process for store: Retail (1)
2015-03-25T05:15:06+00:00 DEBUG (7): Starting Subscriber Opt-In process for store: Wholesale (2)
2015-03-25T05:30:02+00:00 DEBUG (7): Starting Subscriber Opt-In process for store: Admin (0)
2015-03-25T05:30:02+00:00 DEBUG (7): Starting Subscriber Opt-In process for store: International (3)
2015-03-25T05:30:02+00:00 DEBUG (7): Starting Subscriber Opt-In process for store: Retail (1)
2015-03-25T05:30:03+00:00 DEBUG (7): Starting Subscriber Opt-In process for store: Wholesale (2)
2015-03-25T05:45:02+00:00 DEBUG (7): Starting Subscriber Opt-In process for store: Admin (0)
2015-03-25T05:45:02+00:00 DEBUG (7): Starting Subscriber Opt-In process for store: International (3)
2015-03-25T05:45:02+00:00 DEBUG (7): Starting Subscriber Opt-In process for store: Retail (1)
2015-03-25T05:45:03+00:00 DEBUG (7): Starting Subscriber Opt-In process for store: Wholesale (2)
2015-03-25T06:00:02+00:00 DEBUG (7): Starting Subscriber Opt-In process for store: Admin (0)
2015-03-25T06:00:02+00:00 DEBUG (7): Starting Subscriber Opt-In process for store: International (3)
2015-03-25T06:00:02+00:00 DEBUG (7): Starting Subscriber Opt-In process for store: Retail (1)
2015-03-25T06:00:03+00:00 DEBUG (7): Starting Subscriber Opt-In process for store: Wholesale (2)
2015-03-25T06:15:02+00:00 DEBUG (7): Starting Subscriber Opt-In process for store: Admin (0)
2015-03-25T06:15:02+00:00 DEBUG (7): Starting Subscriber Opt-In process for store: International (3)
2015-03-25T06:15:02+00:00 DEBUG (7): Starting Subscriber Opt-In process for store: Retail (1)
2015-03-25T06:15:03+00:00 INFO (6):   Adding Contact to list: Bloomingbath.com
2015-03-25T06:15:03+00:00 INFO (6):   Setting Contact (mcrisol85@gmail.com) status to: active
2015-03-25T06:15:03+00:00 DEBUG (7): Starting Subscriber Opt-In process for store: Wholesale (2)
2015-03-25T06:30:02+00:00 DEBUG (7): Starting Subscriber Opt-In process for store: Admin (0)
2015-03-25T06:30:02+00:00 DEBUG (7): Starting Subscriber Opt-In process for store: International (3)
2015-03-25T06:30:02+00:00 DEBUG (7): Starting Subscriber Opt-In process for store: Retail (1)
2015-03-25T06:30:03+00:00 DEBUG (7): Starting Subscriber Opt-In process for store: Wholesale (2)
2015-03-25T06:50:02+00:00 DEBUG (7): Starting Subscriber Opt-In process for store: Admin (0)
2015-03-25T06:50:02+00:00 DEBUG (7): Starting Subscriber Opt-In process for store: International (3)
2015-03-25T06:50:02+00:00 DEBUG (7): Starting Subscriber Opt-In process for store: Retail (1)
2015-03-25T06:50:03+00:00 DEBUG (7): Starting Subscriber Opt-In process for store: Wholesale (2)
2015-03-25T07:05:13+00:00 DEBUG (7): Starting Subscriber Opt-In process for store: Admin (0)
2015-03-25T07:05:13+00:00 DEBUG (7): Starting Subscriber Opt-In process for store: International (3)
2015-03-25T07:05:13+00:00 DEBUG (7): Starting Subscriber Opt-In process for store: Retail (1)
2015-03-25T07:05:13+00:00 DEBUG (7): Starting Subscriber Opt-In process for store: Wholesale (2)
2015-03-25T07:15:02+00:00 DEBUG (7): Starting Subscriber Opt-In process for store: Admin (0)
2015-03-25T07:15:02+00:00 DEBUG (7): Starting Subscriber Opt-In process for store: International (3)
2015-03-25T07:15:02+00:00 DEBUG (7): Starting Subscriber Opt-In process for store: Retail (1)
2015-03-25T07:15:03+00:00 DEBUG (7): Starting Subscriber Opt-In process for store: Wholesale (2)
2015-03-25T07:30:02+00:00 DEBUG (7): Starting Subscriber Opt-In process for store: Admin (0)
2015-03-25T07:30:02+00:00 DEBUG (7): Starting Subscriber Opt-In process for store: International (3)
2015-03-25T07:30:02+00:00 DEBUG (7): Starting Subscriber Opt-In process for store: Retail (1)
2015-03-25T07:30:03+00:00 DEBUG (7): Starting Subscriber Opt-In process for store: Wholesale (2)
2015-03-25T07:45:02+00:00 DEBUG (7): Starting Subscriber Opt-In process for store: Admin (0)
2015-03-25T07:45:02+00:00 DEBUG (7): Starting Subscriber Opt-In process for store: International (3)
2015-03-25T07:45:02+00:00 DEBUG (7): Starting Subscriber Opt-In process for store: Retail (1)
2015-03-25T07:45:03+00:00 DEBUG (7): Starting Subscriber Opt-In process for store: Wholesale (2)
2015-03-25T08:00:29+00:00 DEBUG (7): Starting Subscriber Opt-In process for store: Admin (0)
2015-03-25T08:00:29+00:00 DEBUG (7): Starting Subscriber Opt-In process for store: International (3)
2015-03-25T08:00:29+00:00 DEBUG (7): Starting Subscriber Opt-In process for store: Retail (1)
2015-03-25T08:00:30+00:00 DEBUG (7): Starting Subscriber Opt-In process for store: Wholesale (2)
2015-03-25T08:15:02+00:00 DEBUG (7): Starting Subscriber Opt-In process for store: Admin (0)
2015-03-25T08:15:02+00:00 DEBUG (7): Starting Subscriber Opt-In process for store: International (3)
2015-03-25T08:15:02+00:00 DEBUG (7): Starting Subscriber Opt-In process for store: Retail (1)
2015-03-25T08:15:03+00:00 DEBUG (7): Starting Subscriber Opt-In process for store: Wholesale (2)
2015-03-25T08:30:02+00:00 DEBUG (7): Starting Subscriber Opt-In process for store: Admin (0)
2015-03-25T08:30:02+00:00 DEBUG (7): Starting Subscriber Opt-In process for store: International (3)
2015-03-25T08:30:02+00:00 DEBUG (7): Starting Subscriber Opt-In process for store: Retail (1)
2015-03-25T08:30:03+00:00 DEBUG (7): Starting Subscriber Opt-In process for store: Wholesale (2)
2015-03-25T08:41:50+00:00 DEBUG (7): No subscription status found in session.
2015-03-25T08:45:04+00:00 DEBUG (7): Starting Subscriber Opt-In process for store: Admin (0)
2015-03-25T08:45:04+00:00 DEBUG (7): Starting Subscriber Opt-In process for store: International (3)
2015-03-25T08:45:04+00:00 DEBUG (7): Starting Subscriber Opt-In process for store: Retail (1)
2015-03-25T08:45:04+00:00 INFO (6):   Adding Contact to list: Bloomingbath.com
2015-03-25T08:45:04+00:00 INFO (6):   Setting Contact (bshamsah@hotmail.com) status to: active
2015-03-25T08:45:04+00:00 DEBUG (7): Starting Subscriber Opt-In process for store: Wholesale (2)
2015-03-25T09:00:07+00:00 DEBUG (7): Starting Subscriber Opt-In process for store: Admin (0)
2015-03-25T09:00:07+00:00 DEBUG (7): Starting Subscriber Opt-In process for store: International (3)
2015-03-25T09:00:07+00:00 DEBUG (7): Starting Subscriber Opt-In process for store: Retail (1)
2015-03-25T09:00:08+00:00 DEBUG (7): Starting Subscriber Opt-In process for store: Wholesale (2)
2015-03-25T09:20:02+00:00 DEBUG (7): Starting Subscriber Opt-In process for store: Admin (0)
2015-03-25T09:20:02+00:00 DEBUG (7): Starting Subscriber Opt-In process for store: International (3)
2015-03-25T09:20:02+00:00 DEBUG (7): Starting Subscriber Opt-In process for store: Retail (1)
2015-03-25T09:20:02+00:00 DEBUG (7): Starting Subscriber Opt-In process for store: Wholesale (2)
2015-03-25T09:23:38+00:00 DEBUG (7): No subscription status found in session.
2015-03-25T09:30:04+00:00 DEBUG (7): Starting Subscriber Opt-In process for store: Admin (0)
2015-03-25T09:30:04+00:00 DEBUG (7): Starting Subscriber Opt-In process for store: International (3)
2015-03-25T09:30:04+00:00 DEBUG (7): Starting Subscriber Opt-In process for store: Retail (1)
2015-03-25T09:30:04+00:00 DEBUG (7): Starting Subscriber Opt-In process for store: Wholesale (2)
2015-03-25T09:45:02+00:00 DEBUG (7): Starting Subscriber Opt-In process for store: Admin (0)
2015-03-25T09:45:02+00:00 DEBUG (7): Starting Subscriber Opt-In process for store: International (3)
2015-03-25T09:45:02+00:00 DEBUG (7): Starting Subscriber Opt-In process for store: Retail (1)
2015-03-25T09:45:03+00:00 DEBUG (7): Starting Subscriber Opt-In process for store: Wholesale (2)
2015-03-25T10:00:02+00:00 DEBUG (7): Starting Subscriber Opt-In process for store: Admin (0)
2015-03-25T10:00:02+00:00 DEBUG (7): Starting Subscriber Opt-In process for store: International (3)
2015-03-25T10:00:02+00:00 DEBUG (7): Starting Subscriber Opt-In process for store: Retail (1)
2015-03-25T10:00:03+00:00 DEBUG (7): Starting Subscriber Opt-In process for store: Wholesale (2)
2015-03-25T10:15:02+00:00 DEBUG (7): Starting Subscriber Opt-In process for store: Admin (0)
2015-03-25T10:15:02+00:00 DEBUG (7): Starting Subscriber Opt-In process for store: International (3)
2015-03-25T10:15:02+00:00 DEBUG (7): Starting Subscriber Opt-In process for store: Retail (1)
2015-03-25T10:15:03+00:00 DEBUG (7): Starting Subscriber Opt-In process for store: Wholesale (2)
2015-03-25T10:30:02+00:00 DEBUG (7): Starting Subscriber Opt-In process for store: Admin (0)
2015-03-25T10:30:02+00:00 DEBUG (7): Starting Subscriber Opt-In process for store: International (3)
2015-03-25T10:30:02+00:00 DEBUG (7): Starting Subscriber Opt-In process for store: Retail (1)
2015-03-25T10:30:03+00:00 DEBUG (7): Starting Subscriber Opt-In process for store: Wholesale (2)
2015-03-25T10:45:02+00:00 DEBUG (7): Starting Subscriber Opt-In process for store: Admin (0)
2015-03-25T10:45:02+00:00 DEBUG (7): Starting Subscriber Opt-In process for store: International (3)
2015-03-25T10:45:02+00:00 DEBUG (7): Starting Subscriber Opt-In process for store: Retail (1)
2015-03-25T10:45:03+00:00 DEBUG (7): Starting Subscriber Opt-In process for store: Wholesale (2)
2015-03-25T11:00:03+00:00 DEBUG (7): Starting Subscriber Opt-In process for store: Admin (0)
2015-03-25T11:00:03+00:00 DEBUG (7): Starting Subscriber Opt-In process for store: International (3)
2015-03-25T11:00:03+00:00 DEBUG (7): Starting Subscriber Opt-In process for store: Retail (1)
2015-03-25T11:00:03+00:00 DEBUG (7): Starting Subscriber Opt-In process for store: Wholesale (2)
2015-03-25T11:10:00+00:00 DEBUG (7): No subscription status found in session.
2015-03-25T11:15:04+00:00 DEBUG (7): Starting Subscriber Opt-In process for store: Admin (0)
2015-03-25T11:15:04+00:00 DEBUG (7): Starting Subscriber Opt-In process for store: International (3)
2015-03-25T11:15:04+00:00 DEBUG (7): Starting Subscriber Opt-In process for store: Retail (1)
2015-03-25T11:15:04+00:00 INFO (6):   Adding Contact to list: Bloomingbath.com
2015-03-25T11:15:04+00:00 INFO (6):   Setting Contact (m.tubi@hotmail.com) status to: active
2015-03-25T11:15:05+00:00 DEBUG (7): Starting Subscriber Opt-In process for store: Wholesale (2)
2015-03-25T11:30:02+00:00 DEBUG (7): Starting Subscriber Opt-In process for store: Admin (0)
2015-03-25T11:30:02+00:00 DEBUG (7): Starting Subscriber Opt-In process for store: International (3)
2015-03-25T11:30:02+00:00 DEBUG (7): Starting Subscriber Opt-In process for store: Retail (1)
2015-03-25T11:30:03+00:00 DEBUG (7): Starting Subscriber Opt-In process for store: Wholesale (2)
2015-03-25T11:50:02+00:00 DEBUG (7): Starting Subscriber Opt-In process for store: Admin (0)
2015-03-25T11:50:02+00:00 DEBUG (7): Starting Subscriber Opt-In process for store: International (3)
2015-03-25T11:50:02+00:00 DEBUG (7): Starting Subscriber Opt-In process for store: Retail (1)
2015-03-25T11:50:03+00:00 DEBUG (7): Starting Subscriber Opt-In process for store: Wholesale (2)
2015-03-25T12:00:03+00:00 DEBUG (7): Starting Subscriber Opt-In process for store: Admin (0)
2015-03-25T12:00:03+00:00 DEBUG (7): Starting Subscriber Opt-In process for store: International (3)
2015-03-25T12:00:03+00:00 DEBUG (7): Starting Subscriber Opt-In process for store: Retail (1)
2015-03-25T12:00:04+00:00 DEBUG (7): Starting Subscriber Opt-In process for store: Wholesale (2)
2015-03-25T12:15:02+00:00 DEBUG (7): Starting Subscriber Opt-In process for store: Admin (0)
2015-03-25T12:15:02+00:00 DEBUG (7): Starting Subscriber Opt-In process for store: International (3)
2015-03-25T12:15:02+00:00 DEBUG (7): Starting Subscriber Opt-In process for store: Retail (1)
2015-03-25T12:15:03+00:00 DEBUG (7): Starting Subscriber Opt-In process for store: Wholesale (2)
2015-03-25T12:30:02+00:00 DEBUG (7): Starting Subscriber Opt-In process for store: Admin (0)
2015-03-25T12:30:02+00:00 DEBUG (7): Starting Subscriber Opt-In process for store: International (3)
2015-03-25T12:30:02+00:00 DEBUG (7): Starting Subscriber Opt-In process for store: Retail (1)
2015-03-25T12:30:03+00:00 DEBUG (7): Starting Subscriber Opt-In process for store: Wholesale (2)
2015-03-25T12:45:02+00:00 DEBUG (7): Starting Subscriber Opt-In process for store: Admin (0)
2015-03-25T12:45:02+00:00 DEBUG (7): Starting Subscriber Opt-In process for store: International (3)
2015-03-25T12:45:02+00:00 DEBUG (7): Starting Subscriber Opt-In process for store: Retail (1)
2015-03-25T12:45:03+00:00 DEBUG (7): Starting Subscriber Opt-In process for store: Wholesale (2)
2015-03-25T13:00:03+00:00 DEBUG (7): Starting Subscriber Opt-In process for store: Admin (0)
2015-03-25T13:00:03+00:00 DEBUG (7): Starting Subscriber Opt-In process for store: International (3)
2015-03-25T13:00:03+00:00 DEBUG (7): Starting Subscriber Opt-In process for store: Retail (1)
2015-03-25T13:00:03+00:00 DEBUG (7): Starting Subscriber Opt-In process for store: Wholesale (2)
2015-03-25T13:15:02+00:00 DEBUG (7): Starting Subscriber Opt-In process for store: Admin (0)
2015-03-25T13:15:02+00:00 DEBUG (7): Starting Subscriber Opt-In process for store: International (3)
2015-03-25T13:15:02+00:00 DEBUG (7): Starting Subscriber Opt-In process for store: Retail (1)
2015-03-25T13:15:03+00:00 DEBUG (7): Starting Subscriber Opt-In process for store: Wholesale (2)
2015-03-25T13:30:02+00:00 DEBUG (7): Starting Subscriber Opt-In process for store: Admin (0)
2015-03-25T13:30:02+00:00 DEBUG (7): Starting Subscriber Opt-In process for store: International (3)
2015-03-25T13:30:02+00:00 DEBUG (7): Starting Subscriber Opt-In process for store: Retail (1)
2015-03-25T13:30:03+00:00 DEBUG (7): Starting Subscriber Opt-In process for store: Wholesale (2)
2015-03-25T13:45:02+00:00 DEBUG (7): Starting Subscriber Opt-In process for store: Admin (0)
2015-03-25T13:45:02+00:00 DEBUG (7): Starting Subscriber Opt-In process for store: International (3)
2015-03-25T13:45:02+00:00 DEBUG (7): Starting Subscriber Opt-In process for store: Retail (1)
2015-03-25T13:45:03+00:00 DEBUG (7): Starting Subscriber Opt-In process for store: Wholesale (2)
2015-03-25T14:05:03+00:00 DEBUG (7): Starting Subscriber Opt-In process for store: Admin (0)
2015-03-25T14:05:03+00:00 DEBUG (7): Starting Subscriber Opt-In process for store: International (3)
2015-03-25T14:05:03+00:00 DEBUG (7): Starting Subscriber Opt-In process for store: Retail (1)
2015-03-25T14:05:03+00:00 DEBUG (7): Starting Subscriber Opt-In process for store: Wholesale (2)
2015-03-25T14:15:02+00:00 DEBUG (7): Starting Subscriber Opt-In process for store: Admin (0)
2015-03-25T14:15:02+00:00 DEBUG (7): Starting Subscriber Opt-In process for store: International (3)
2015-03-25T14:15:02+00:00 DEBUG (7): Starting Subscriber Opt-In process for store: Retail (1)
2015-03-25T14:15:03+00:00 DEBUG (7): Starting Subscriber Opt-In process for store: Wholesale (2)
2015-03-25T14:30:02+00:00 DEBUG (7): Starting Subscriber Opt-In process for store: Admin (0)
2015-03-25T14:30:02+00:00 DEBUG (7): Starting Subscriber Opt-In process for store: International (3)
2015-03-25T14:30:02+00:00 DEBUG (7): Starting Subscriber Opt-In process for store: Retail (1)
2015-03-25T14:30:03+00:00 DEBUG (7): Starting Subscriber Opt-In process for store: Wholesale (2)
2015-03-25T14:45:04+00:00 DEBUG (7): Starting Subscriber Opt-In process for store: Admin (0)
2015-03-25T14:45:04+00:00 DEBUG (7): Starting Subscriber Opt-In process for store: International (3)
2015-03-25T14:45:04+00:00 DEBUG (7): Starting Subscriber Opt-In process for store: Retail (1)
2015-03-25T14:45:05+00:00 DEBUG (7): Starting Subscriber Opt-In process for store: Wholesale (2)
2015-03-25T15:00:02+00:00 DEBUG (7): Starting Subscriber Opt-In process for store: Admin (0)
2015-03-25T15:00:02+00:00 DEBUG (7): Starting Subscriber Opt-In process for store: International (3)
2015-03-25T15:00:02+00:00 DEBUG (7): Starting Subscriber Opt-In process for store: Retail (1)
2015-03-25T15:00:03+00:00 INFO (6):   Adding Contact to list: Bloomingbath.com
2015-03-25T15:00:03+00:00 INFO (6):   Setting Contact (diamondga30.cb@gmail.com) status to: active
2015-03-25T15:00:03+00:00 DEBUG (7): Starting Subscriber Opt-In process for store: Wholesale (2)
2015-03-25T15:15:02+00:00 DEBUG (7): Starting Subscriber Opt-In process for store: Admin (0)
2015-03-25T15:15:02+00:00 DEBUG (7): Starting Subscriber Opt-In process for store: International (3)
2015-03-25T15:15:02+00:00 DEBUG (7): Starting Subscriber Opt-In process for store: Retail (1)
2015-03-25T15:15:03+00:00 DEBUG (7): Starting Subscriber Opt-In process for store: Wholesale (2)
2015-03-25T15:30:04+00:00 DEBUG (7): Starting Subscriber Opt-In process for store: Admin (0)
2015-03-25T15:30:04+00:00 DEBUG (7): Starting Subscriber Opt-In process for store: International (3)
2015-03-25T15:30:04+00:00 DEBUG (7): Starting Subscriber Opt-In process for store: Retail (1)
2015-03-25T15:30:05+00:00 DEBUG (7): Starting Subscriber Opt-In process for store: Wholesale (2)
2015-03-25T15:45:13+00:00 DEBUG (7): Starting Subscriber Opt-In process for store: Admin (0)
2015-03-25T15:45:13+00:00 DEBUG (7): Starting Subscriber Opt-In process for store: International (3)
2015-03-25T15:45:13+00:00 DEBUG (7): Starting Subscriber Opt-In process for store: Retail (1)
2015-03-25T15:45:14+00:00 DEBUG (7): Starting Subscriber Opt-In process for store: Wholesale (2)
2015-03-25T16:00:03+00:00 DEBUG (7): Starting Subscriber Opt-In process for store: Admin (0)
2015-03-25T16:00:03+00:00 DEBUG (7): Starting Subscriber Opt-In process for store: International (3)
2015-03-25T16:00:03+00:00 DEBUG (7): Starting Subscriber Opt-In process for store: Retail (1)
2015-03-25T16:00:04+00:00 DEBUG (7): Starting Subscriber Opt-In process for store: Wholesale (2)
2015-03-25T16:15:06+00:00 DEBUG (7): Starting Subscriber Opt-In process for store: Admin (0)
2015-03-25T16:15:06+00:00 DEBUG (7): Starting Subscriber Opt-In process for store: International (3)
2015-03-25T16:15:06+00:00 DEBUG (7): Starting Subscriber Opt-In process for store: Retail (1)
2015-03-25T16:15:06+00:00 DEBUG (7): Starting Subscriber Opt-In process for store: Wholesale (2)
2015-03-25T16:30:04+00:00 DEBUG (7): Starting Subscriber Opt-In process for store: Admin (0)
2015-03-25T16:30:04+00:00 DEBUG (7): Starting Subscriber Opt-In process for store: International (3)
2015-03-25T16:30:04+00:00 DEBUG (7): Starting Subscriber Opt-In process for store: Retail (1)
2015-03-25T16:30:04+00:00 INFO (6):   Adding Contact to list: Bloomingbath.com
2015-03-25T16:30:04+00:00 INFO (6):   Setting Contact (kpietsch@msn.com) status to: active
2015-03-25T16:30:04+00:00 INFO (6):   Adding Contact to list: Bloomingbath.com
2015-03-25T16:30:04+00:00 INFO (6):   Setting Contact (deutzchick@yahoo.ie) status to: active
2015-03-25T16:30:04+00:00 DEBUG (7): Starting Subscriber Opt-In process for store: Wholesale (2)
2015-03-25T16:35:48+00:00 DEBUG (7): No subscription status found in session.
2015-03-25T16:45:06+00:00 DEBUG (7): Starting Subscriber Opt-In process for store: Admin (0)
2015-03-25T16:45:06+00:00 DEBUG (7): Starting Subscriber Opt-In process for store: International (3)
2015-03-25T16:45:06+00:00 DEBUG (7): Starting Subscriber Opt-In process for store: Retail (1)
2015-03-25T16:45:07+00:00 INFO (6):   Adding Contact to list: Bloomingbath.com
2015-03-25T16:45:07+00:00 INFO (6):   Setting Contact (Maryv1295@gmail.com) status to: active
2015-03-25T16:45:07+00:00 DEBUG (7): Starting Subscriber Opt-In process for store: Wholesale (2)
2015-03-25T17:05:06+00:00 DEBUG (7): Starting Subscriber Opt-In process for store: Admin (0)
2015-03-25T17:05:07+00:00 DEBUG (7): Starting Subscriber Opt-In process for store: International (3)
2015-03-25T17:05:07+00:00 DEBUG (7): Starting Subscriber Opt-In process for store: Retail (1)
2015-03-25T17:05:07+00:00 DEBUG (7): Starting Subscriber Opt-In process for store: Wholesale (2)
2015-03-25T17:09:42+00:00 DEBUG (7): No subscription status found in session.
2015-03-25T17:15:04+00:00 DEBUG (7): Starting Subscriber Opt-In process for store: Admin (0)
2015-03-25T17:15:04+00:00 DEBUG (7): Starting Subscriber Opt-In process for store: International (3)
2015-03-25T17:15:04+00:00 DEBUG (7): Starting Subscriber Opt-In process for store: Retail (1)
2015-03-25T17:15:04+00:00 INFO (6):   Adding Contact to list: Bloomingbath.com
2015-03-25T17:15:05+00:00 INFO (6):   Setting Contact (weeksa@goldmail.etsu.edu) status to: active
2015-03-25T17:15:05+00:00 DEBUG (7): Starting Subscriber Opt-In process for store: Wholesale (2)
2015-03-25T17:30:06+00:00 DEBUG (7): Starting Subscriber Opt-In process for store: Admin (0)
2015-03-25T17:30:06+00:00 DEBUG (7): Starting Subscriber Opt-In process for store: International (3)
2015-03-25T17:30:06+00:00 DEBUG (7): Starting Subscriber Opt-In process for store: Retail (1)
2015-03-25T17:30:06+00:00 INFO (6):   Adding Contact to list: Bloomingbath.com
2015-03-25T17:30:06+00:00 INFO (6):   Setting Contact (dee.recoder@yahoo.com) status to: active
2015-03-25T17:30:06+00:00 DEBUG (7): Starting Subscriber Opt-In process for store: Wholesale (2)
2015-03-25T17:45:06+00:00 DEBUG (7): Starting Subscriber Opt-In process for store: Admin (0)
2015-03-25T17:45:06+00:00 DEBUG (7): Starting Subscriber Opt-In process for store: International (3)
2015-03-25T17:45:06+00:00 DEBUG (7): Starting Subscriber Opt-In process for store: Retail (1)
2015-03-25T17:45:06+00:00 INFO (6):   Adding Contact to list: Bloomingbath.com
2015-03-25T17:45:06+00:00 INFO (6):   Setting Contact (apinto@gordonrees.com) status to: active
2015-03-25T17:45:07+00:00 DEBUG (7): Starting Subscriber Opt-In process for store: Wholesale (2)
2015-03-25T18:00:04+00:00 DEBUG (7): Starting Subscriber Opt-In process for store: Admin (0)
2015-03-25T18:00:04+00:00 DEBUG (7): Starting Subscriber Opt-In process for store: International (3)
2015-03-25T18:00:04+00:00 DEBUG (7): Starting Subscriber Opt-In process for store: Retail (1)
2015-03-25T18:00:05+00:00 INFO (6):   Adding Contact to list: Bloomingbath.com
2015-03-25T18:00:05+00:00 INFO (6):   Setting Contact (MaryIPerez15@yahoo.com) status to: active
2015-03-25T18:00:05+00:00 DEBUG (7): Starting Subscriber Opt-In process for store: Wholesale (2)
2015-03-25T18:15:03+00:00 DEBUG (7): Starting Subscriber Opt-In process for store: Admin (0)
2015-03-25T18:15:03+00:00 DEBUG (7): Starting Subscriber Opt-In process for store: International (3)
2015-03-25T18:15:03+00:00 DEBUG (7): Starting Subscriber Opt-In process for store: Retail (1)
2015-03-25T18:15:04+00:00 DEBUG (7): Starting Subscriber Opt-In process for store: Wholesale (2)
2015-03-25T18:30:05+00:00 DEBUG (7): Starting Subscriber Opt-In process for store: Admin (0)
2015-03-25T18:30:05+00:00 DEBUG (7): Starting Subscriber Opt-In process for store: International (3)
2015-03-25T18:30:05+00:00 DEBUG (7): Starting Subscriber Opt-In process for store: Retail (1)
2015-03-25T18:30:05+00:00 DEBUG (7): Starting Subscriber Opt-In process for store: Wholesale (2)
2015-03-25T18:45:04+00:00 DEBUG (7): Starting Subscriber Opt-In process for store: Admin (0)
2015-03-25T18:45:04+00:00 DEBUG (7): Starting Subscriber Opt-In process for store: International (3)
2015-03-25T18:45:04+00:00 DEBUG (7): Starting Subscriber Opt-In process for store: Retail (1)
2015-03-25T18:45:04+00:00 INFO (6):   Adding Contact to list: Bloomingbath.com
2015-03-25T18:45:04+00:00 INFO (6):   Setting Contact (voopsy56@hotmail.com) status to: active
2015-03-25T18:45:04+00:00 DEBUG (7): Starting Subscriber Opt-In process for store: Wholesale (2)
2015-03-25T18:53:27+00:00 DEBUG (7): No subscription status found in session.
2015-03-25T19:05:10+00:00 DEBUG (7): Starting Subscriber Opt-In process for store: Admin (0)
2015-03-25T19:05:10+00:00 DEBUG (7): Starting Subscriber Opt-In process for store: International (3)
2015-03-25T19:05:10+00:00 DEBUG (7): Starting Subscriber Opt-In process for store: Retail (1)
2015-03-25T19:05:10+00:00 INFO (6):   Adding Contact to list: Bloomingbath.com
2015-03-25T19:05:10+00:00 INFO (6):   Setting Contact (j_jacquez18@hotmail.com) status to: active
2015-03-25T19:05:10+00:00 DEBUG (7): Starting Subscriber Opt-In process for store: Wholesale (2)
2015-03-25T19:15:02+00:00 DEBUG (7): Starting Subscriber Opt-In process for store: Admin (0)
2015-03-25T19:15:02+00:00 DEBUG (7): Starting Subscriber Opt-In process for store: International (3)
2015-03-25T19:15:02+00:00 DEBUG (7): Starting Subscriber Opt-In process for store: Retail (1)
2015-03-25T19:15:03+00:00 DEBUG (7): Starting Subscriber Opt-In process for store: Wholesale (2)
2015-03-25T19:30:02+00:00 DEBUG (7): Starting Subscriber Opt-In process for store: Admin (0)
2015-03-25T19:30:02+00:00 DEBUG (7): Starting Subscriber Opt-In process for store: International (3)
2015-03-25T19:30:02+00:00 DEBUG (7): Starting Subscriber Opt-In process for store: Retail (1)
2015-03-25T19:30:03+00:00 DEBUG (7): Starting Subscriber Opt-In process for store: Wholesale (2)
2015-03-25T19:38:10+00:00 DEBUG (7): No subscription status found in session.
2015-03-25T19:45:03+00:00 DEBUG (7): Starting Subscriber Opt-In process for store: Admin (0)
2015-03-25T19:45:03+00:00 DEBUG (7): Starting Subscriber Opt-In process for store: International (3)
2015-03-25T19:45:03+00:00 DEBUG (7): Starting Subscriber Opt-In process for store: Retail (1)
2015-03-25T19:45:04+00:00 INFO (6):   Adding Contact to list: Bloomingbath.com
2015-03-25T19:45:04+00:00 INFO (6):   Setting Contact (pcdichoso@gmail.com) status to: active
2015-03-25T19:45:04+00:00 DEBUG (7): Starting Subscriber Opt-In process for store: Wholesale (2)
2015-03-25T20:00:03+00:00 DEBUG (7): Starting Subscriber Opt-In process for store: Admin (0)
2015-03-25T20:00:03+00:00 DEBUG (7): Starting Subscriber Opt-In process for store: International (3)
2015-03-25T20:00:03+00:00 DEBUG (7): Starting Subscriber Opt-In process for store: Retail (1)
2015-03-25T20:00:04+00:00 DEBUG (7): Starting Subscriber Opt-In process for store: Wholesale (2)
2015-03-25T20:15:14+00:00 DEBUG (7): Starting Subscriber Opt-In process for store: Admin (0)
2015-03-25T20:15:14+00:00 DEBUG (7): Starting Subscriber Opt-In process for store: International (3)
2015-03-25T20:15:14+00:00 DEBUG (7): Starting Subscriber Opt-In process for store: Retail (1)
2015-03-25T20:15:14+00:00 DEBUG (7): Starting Subscriber Opt-In process for store: Wholesale (2)
2015-03-25T20:30:14+00:00 DEBUG (7): Starting Subscriber Opt-In process for store: Admin (0)
2015-03-25T20:30:14+00:00 DEBUG (7): Starting Subscriber Opt-In process for store: International (3)
2015-03-25T20:30:14+00:00 DEBUG (7): Starting Subscriber Opt-In process for store: Retail (1)
2015-03-25T20:30:14+00:00 DEBUG (7): Starting Subscriber Opt-In process for store: Wholesale (2)
2015-03-25T20:50:15+00:00 DEBUG (7): Starting Subscriber Opt-In process for store: Admin (0)
2015-03-25T20:50:15+00:00 DEBUG (7): Starting Subscriber Opt-In process for store: International (3)
2015-03-25T20:50:15+00:00 DEBUG (7): Starting Subscriber Opt-In process for store: Retail (1)
2015-03-25T20:50:15+00:00 DEBUG (7): Starting Subscriber Opt-In process for store: Wholesale (2)
2015-03-25T21:00:02+00:00 DEBUG (7): Starting Subscriber Opt-In process for store: Admin (0)
2015-03-25T21:00:02+00:00 DEBUG (7): Starting Subscriber Opt-In process for store: International (3)
2015-03-25T21:00:02+00:00 DEBUG (7): Starting Subscriber Opt-In process for store: Retail (1)
2015-03-25T21:00:03+00:00 DEBUG (7): Starting Subscriber Opt-In process for store: Wholesale (2)
2015-03-25T21:15:11+00:00 DEBUG (7): Starting Subscriber Opt-In process for store: Admin (0)
2015-03-25T21:15:11+00:00 DEBUG (7): Starting Subscriber Opt-In process for store: International (3)
2015-03-25T21:15:11+00:00 DEBUG (7): Starting Subscriber Opt-In process for store: Retail (1)
2015-03-25T21:15:11+00:00 DEBUG (7): Starting Subscriber Opt-In process for store: Wholesale (2)
2015-03-25T21:30:02+00:00 DEBUG (7): Starting Subscriber Opt-In process for store: Admin (0)
2015-03-25T21:30:02+00:00 DEBUG (7): Starting Subscriber Opt-In process for store: International (3)
2015-03-25T21:30:02+00:00 DEBUG (7): Starting Subscriber Opt-In process for store: Retail (1)
2015-03-25T21:30:03+00:00 INFO (6):   Adding Contact to list: Bloomingbath.com
2015-03-25T21:30:03+00:00 INFO (6):   Setting Contact (snl21812@gmail.com) status to: active
2015-03-25T21:30:03+00:00 DEBUG (7): Starting Subscriber Opt-In process for store: Wholesale (2)
2015-03-25T21:45:22+00:00 DEBUG (7): Starting Subscriber Opt-In process for store: Admin (0)
2015-03-25T21:45:22+00:00 DEBUG (7): Starting Subscriber Opt-In process for store: International (3)
2015-03-25T21:45:22+00:00 DEBUG (7): Starting Subscriber Opt-In process for store: Retail (1)
2015-03-25T21:45:23+00:00 INFO (6):   Adding Contact to list: Bloomingbath.com
2015-03-25T21:45:23+00:00 INFO (6):   Setting Contact (haganmd@earthlink.net) status to: active
2015-03-25T21:45:23+00:00 DEBUG (7): Starting Subscriber Opt-In process for store: Wholesale (2)
2015-03-25T22:00:04+00:00 DEBUG (7): Starting Subscriber Opt-In process for store: Admin (0)
2015-03-25T22:00:04+00:00 DEBUG (7): Starting Subscriber Opt-In process for store: International (3)
2015-03-25T22:00:04+00:00 DEBUG (7): Starting Subscriber Opt-In process for store: Retail (1)
2015-03-25T22:00:04+00:00 DEBUG (7): Starting Subscriber Opt-In process for store: Wholesale (2)
2015-03-25T22:15:04+00:00 DEBUG (7): Starting Subscriber Opt-In process for store: Admin (0)
2015-03-25T22:15:05+00:00 DEBUG (7): Starting Subscriber Opt-In process for store: International (3)
2015-03-25T22:15:05+00:00 DEBUG (7): Starting Subscriber Opt-In process for store: Retail (1)
2015-03-25T22:15:05+00:00 DEBUG (7): Starting Subscriber Opt-In process for store: Wholesale (2)
2015-03-25T22:35:05+00:00 DEBUG (7): Starting Subscriber Opt-In process for store: Admin (0)
2015-03-25T22:35:05+00:00 DEBUG (7): Starting Subscriber Opt-In process for store: International (3)
2015-03-25T22:35:05+00:00 DEBUG (7): Starting Subscriber Opt-In process for store: Retail (1)
2015-03-25T22:35:05+00:00 DEBUG (7): Starting Subscriber Opt-In process for store: Wholesale (2)
2015-03-25T22:45:02+00:00 DEBUG (7): Starting Subscriber Opt-In process for store: Admin (0)
2015-03-25T22:45:02+00:00 DEBUG (7): Starting Subscriber Opt-In process for store: International (3)
2015-03-25T22:45:02+00:00 DEBUG (7): Starting Subscriber Opt-In process for store: Retail (1)
2015-03-25T22:45:03+00:00 DEBUG (7): Starting Subscriber Opt-In process for store: Wholesale (2)
2015-03-25T22:49:47+00:00 DEBUG (7): No subscription status found in session.
2015-03-25T23:00:06+00:00 DEBUG (7): Starting Subscriber Opt-In process for store: Admin (0)
2015-03-25T23:00:06+00:00 DEBUG (7): Starting Subscriber Opt-In process for store: International (3)
2015-03-25T23:00:06+00:00 DEBUG (7): Starting Subscriber Opt-In process for store: Retail (1)
2015-03-25T23:00:06+00:00 INFO (6):   Adding Contact to list: Bloomingbath.com
2015-03-25T23:00:06+00:00 INFO (6):   Setting Contact (joiwilliams120@gmail.com) status to: active
2015-03-25T23:00:06+00:00 INFO (6):   Adding Contact to list: Bloomingbath.com
2015-03-25T23:00:06+00:00 INFO (6):   Setting Contact (Lang_courtney@yahoo.com) status to: active
2015-03-25T23:00:07+00:00 DEBUG (7): Starting Subscriber Opt-In process for store: Wholesale (2)
2015-03-25T23:15:03+00:00 DEBUG (7): Starting Subscriber Opt-In process for store: Admin (0)
2015-03-25T23:15:03+00:00 DEBUG (7): Starting Subscriber Opt-In process for store: International (3)
2015-03-25T23:15:03+00:00 DEBUG (7): Starting Subscriber Opt-In process for store: Retail (1)
2015-03-25T23:15:04+00:00 DEBUG (7): Starting Subscriber Opt-In process for store: Wholesale (2)
2015-03-25T23:30:02+00:00 DEBUG (7): Starting Subscriber Opt-In process for store: Admin (0)
2015-03-25T23:30:02+00:00 DEBUG (7): Starting Subscriber Opt-In process for store: International (3)
2015-03-25T23:30:02+00:00 DEBUG (7): Starting Subscriber Opt-In process for store: Retail (1)
2015-03-25T23:30:04+00:00 DEBUG (7): Starting Subscriber Opt-In process for store: Wholesale (2)
2015-03-25T23:45:04+00:00 DEBUG (7): Starting Subscriber Opt-In process for store: Admin (0)
2015-03-25T23:45:04+00:00 DEBUG (7): Starting Subscriber Opt-In process for store: International (3)
2015-03-25T23:45:04+00:00 DEBUG (7): Starting Subscriber Opt-In process for store: Retail (1)
2015-03-25T23:45:04+00:00 DEBUG (7): Starting Subscriber Opt-In process for store: Wholesale (2)
