2015-04-17T00:00:02+00:00 DEBUG (7): Starting Subscriber Opt-In process for store: Admin (0)
2015-04-17T00:00:02+00:00 DEBUG (7): Starting Subscriber Opt-In process for store: International (3)
2015-04-17T00:00:02+00:00 DEBUG (7): Starting Subscriber Opt-In process for store: Retail (1)
2015-04-17T00:00:03+00:00 DEBUG (7): Starting Subscriber Opt-In process for store: Wholesale (2)
2015-04-17T00:20:02+00:00 DEBUG (7): Starting Subscriber Opt-In process for store: Admin (0)
2015-04-17T00:20:02+00:00 DEBUG (7): Starting Subscriber Opt-In process for store: International (3)
2015-04-17T00:20:02+00:00 DEBUG (7): Starting Subscriber Opt-In process for store: Retail (1)
2015-04-17T00:20:03+00:00 DEBUG (7): Starting Subscriber Opt-In process for store: Wholesale (2)
2015-04-17T00:30:02+00:00 DEBUG (7): Starting Subscriber Opt-In process for store: Admin (0)
2015-04-17T00:30:02+00:00 DEBUG (7): Starting Subscriber Opt-In process for store: International (3)
2015-04-17T00:30:02+00:00 DEBUG (7): Starting Subscriber Opt-In process for store: Retail (1)
2015-04-17T00:30:04+00:00 INFO (6):   Adding Contact to list: Bloomingbath.com
2015-04-17T00:30:04+00:00 INFO (6):   Setting Contact (averydwelch@gmail.com) status to: active
2015-04-17T00:30:04+00:00 DEBUG (7): Starting Subscriber Opt-In process for store: Wholesale (2)
2015-04-17T00:42:47+00:00 DEBUG (7): No subscription status found in session.
2015-04-17T00:45:04+00:00 DEBUG (7): Starting Subscriber Opt-In process for store: Admin (0)
2015-04-17T00:45:04+00:00 DEBUG (7): Starting Subscriber Opt-In process for store: International (3)
2015-04-17T00:45:04+00:00 DEBUG (7): Starting Subscriber Opt-In process for store: Retail (1)
2015-04-17T00:45:04+00:00 INFO (6):   Adding Contact to list: Bloomingbath.com
2015-04-17T00:45:04+00:00 INFO (6):   Setting Contact (apriljp22@hotmail.com) status to: active
2015-04-17T00:45:05+00:00 DEBUG (7): Starting Subscriber Opt-In process for store: Wholesale (2)
2015-04-17T00:54:56+00:00 DEBUG (7): No subscription status found in session.
2015-04-17T01:00:05+00:00 DEBUG (7): Starting Subscriber Opt-In process for store: Admin (0)
2015-04-17T01:00:05+00:00 DEBUG (7): Starting Subscriber Opt-In process for store: International (3)
2015-04-17T01:00:05+00:00 DEBUG (7): Starting Subscriber Opt-In process for store: Retail (1)
2015-04-17T01:00:05+00:00 INFO (6):   Adding Contact to list: Bloomingbath.com
2015-04-17T01:00:06+00:00 INFO (6):   Setting Contact (kayla.crays@gmail.com) status to: active
2015-04-17T01:00:06+00:00 DEBUG (7): Starting Subscriber Opt-In process for store: Wholesale (2)
2015-04-17T01:15:02+00:00 DEBUG (7): Starting Subscriber Opt-In process for store: Admin (0)
2015-04-17T01:15:02+00:00 DEBUG (7): Starting Subscriber Opt-In process for store: International (3)
2015-04-17T01:15:02+00:00 DEBUG (7): Starting Subscriber Opt-In process for store: Retail (1)
2015-04-17T01:15:03+00:00 INFO (6):   Adding Contact to list: Bloomingbath.com
2015-04-17T01:15:03+00:00 INFO (6):   Setting Contact (bjoymain@gmail.com) status to: active
2015-04-17T01:15:03+00:00 DEBUG (7): Starting Subscriber Opt-In process for store: Wholesale (2)
2015-04-17T01:30:04+00:00 DEBUG (7): Starting Subscriber Opt-In process for store: Admin (0)
2015-04-17T01:30:04+00:00 DEBUG (7): Starting Subscriber Opt-In process for store: International (3)
2015-04-17T01:30:04+00:00 DEBUG (7): Starting Subscriber Opt-In process for store: Retail (1)
2015-04-17T01:30:04+00:00 DEBUG (7): Starting Subscriber Opt-In process for store: Wholesale (2)
2015-04-17T01:34:28+00:00 DEBUG (7): No subscription status found in session.
2015-04-17T01:45:06+00:00 DEBUG (7): Starting Subscriber Opt-In process for store: Admin (0)
2015-04-17T01:45:06+00:00 DEBUG (7): Starting Subscriber Opt-In process for store: International (3)
2015-04-17T01:45:06+00:00 DEBUG (7): Starting Subscriber Opt-In process for store: Retail (1)
2015-04-17T01:45:07+00:00 INFO (6):   Adding Contact to list: Bloomingbath.com
2015-04-17T01:45:07+00:00 INFO (6):   Setting Contact (julie.crowell@corvias.com) status to: active
2015-04-17T01:45:07+00:00 DEBUG (7): Starting Subscriber Opt-In process for store: Wholesale (2)
2015-04-17T02:05:02+00:00 DEBUG (7): Starting Subscriber Opt-In process for store: Admin (0)
2015-04-17T02:05:02+00:00 DEBUG (7): Starting Subscriber Opt-In process for store: International (3)
2015-04-17T02:05:02+00:00 DEBUG (7): Starting Subscriber Opt-In process for store: Retail (1)
2015-04-17T02:05:03+00:00 DEBUG (7): Starting Subscriber Opt-In process for store: Wholesale (2)
2015-04-17T02:15:02+00:00 DEBUG (7): Starting Subscriber Opt-In process for store: Admin (0)
2015-04-17T02:15:02+00:00 DEBUG (7): Starting Subscriber Opt-In process for store: International (3)
2015-04-17T02:15:02+00:00 DEBUG (7): Starting Subscriber Opt-In process for store: Retail (1)
2015-04-17T02:15:03+00:00 DEBUG (7): Starting Subscriber Opt-In process for store: Wholesale (2)
2015-04-17T02:30:02+00:00 DEBUG (7): Starting Subscriber Opt-In process for store: Admin (0)
2015-04-17T02:30:02+00:00 DEBUG (7): Starting Subscriber Opt-In process for store: International (3)
2015-04-17T02:30:02+00:00 DEBUG (7): Starting Subscriber Opt-In process for store: Retail (1)
2015-04-17T02:30:05+00:00 DEBUG (7): Starting Subscriber Opt-In process for store: Wholesale (2)
2015-04-17T02:45:05+00:00 DEBUG (7): Starting Subscriber Opt-In process for store: Admin (0)
2015-04-17T02:45:05+00:00 DEBUG (7): Starting Subscriber Opt-In process for store: International (3)
2015-04-17T02:45:05+00:00 DEBUG (7): Starting Subscriber Opt-In process for store: Retail (1)
2015-04-17T02:45:05+00:00 INFO (6):   Adding Contact to list: Bloomingbath.com
2015-04-17T02:45:05+00:00 INFO (6):   Setting Contact (lori_cna2001@yahoo.com) status to: active
2015-04-17T02:45:05+00:00 DEBUG (7): Starting Subscriber Opt-In process for store: Wholesale (2)
2015-04-17T02:53:40+00:00 DEBUG (7): No subscription status found in session.
2015-04-17T03:00:05+00:00 DEBUG (7): Starting Subscriber Opt-In process for store: Admin (0)
2015-04-17T03:00:05+00:00 DEBUG (7): Starting Subscriber Opt-In process for store: International (3)
2015-04-17T03:00:05+00:00 DEBUG (7): Starting Subscriber Opt-In process for store: Retail (1)
2015-04-17T03:00:05+00:00 INFO (6):   Adding Contact to list: Bloomingbath.com
2015-04-17T03:00:06+00:00 INFO (6):   Setting Contact (Bzangel1@yahoo.com) status to: active
2015-04-17T03:00:06+00:00 DEBUG (7): Starting Subscriber Opt-In process for store: Wholesale (2)
2015-04-17T03:15:02+00:00 DEBUG (7): Starting Subscriber Opt-In process for store: Admin (0)
2015-04-17T03:15:02+00:00 DEBUG (7): Starting Subscriber Opt-In process for store: International (3)
2015-04-17T03:15:02+00:00 DEBUG (7): Starting Subscriber Opt-In process for store: Retail (1)
2015-04-17T03:15:03+00:00 DEBUG (7): Starting Subscriber Opt-In process for store: Wholesale (2)
2015-04-17T03:22:32+00:00 DEBUG (7): No subscription status found in session.
2015-04-17T03:30:07+00:00 DEBUG (7): Starting Subscriber Opt-In process for store: Admin (0)
2015-04-17T03:30:07+00:00 DEBUG (7): Starting Subscriber Opt-In process for store: International (3)
2015-04-17T03:30:07+00:00 DEBUG (7): Starting Subscriber Opt-In process for store: Retail (1)
2015-04-17T03:30:07+00:00 DEBUG (7): Starting Subscriber Opt-In process for store: Wholesale (2)
2015-04-17T03:45:02+00:00 DEBUG (7): Starting Subscriber Opt-In process for store: Admin (0)
2015-04-17T03:45:02+00:00 DEBUG (7): Starting Subscriber Opt-In process for store: International (3)
2015-04-17T03:45:02+00:00 DEBUG (7): Starting Subscriber Opt-In process for store: Retail (1)
2015-04-17T03:45:03+00:00 DEBUG (7): Starting Subscriber Opt-In process for store: Wholesale (2)
2015-04-17T03:50:12+00:00 DEBUG (7): No subscription status found in session.
2015-04-17T04:00:04+00:00 DEBUG (7): Starting Subscriber Opt-In process for store: Admin (0)
2015-04-17T04:00:04+00:00 DEBUG (7): Starting Subscriber Opt-In process for store: International (3)
2015-04-17T04:00:04+00:00 DEBUG (7): Starting Subscriber Opt-In process for store: Retail (1)
2015-04-17T04:00:05+00:00 DEBUG (7): Starting Subscriber Opt-In process for store: Wholesale (2)
2015-04-17T04:15:02+00:00 DEBUG (7): Starting Subscriber Opt-In process for store: Admin (0)
2015-04-17T04:15:02+00:00 DEBUG (7): Starting Subscriber Opt-In process for store: International (3)
2015-04-17T04:15:02+00:00 DEBUG (7): Starting Subscriber Opt-In process for store: Retail (1)
2015-04-17T04:15:03+00:00 INFO (6):   Adding Contact to list: Bloomingbath.com
2015-04-17T04:15:03+00:00 INFO (6):   Setting Contact (jnominni@hotmail.com) status to: active
2015-04-17T04:15:03+00:00 INFO (6):   Adding Contact to list: Bloomingbath.com
2015-04-17T04:15:03+00:00 INFO (6):   Setting Contact (lina.salinas@yahoo.com) status to: active
2015-04-17T04:15:03+00:00 DEBUG (7): Starting Subscriber Opt-In process for store: Wholesale (2)
2015-04-17T04:30:02+00:00 DEBUG (7): Starting Subscriber Opt-In process for store: Admin (0)
2015-04-17T04:30:02+00:00 DEBUG (7): Starting Subscriber Opt-In process for store: International (3)
2015-04-17T04:30:02+00:00 DEBUG (7): Starting Subscriber Opt-In process for store: Retail (1)
2015-04-17T04:30:04+00:00 INFO (6):   Adding Contact to list: Bloomingbath.com
2015-04-17T04:30:04+00:00 INFO (6):   Setting Contact (brooklynnnbarbiedoll@live.com) status to: active
2015-04-17T04:30:05+00:00 DEBUG (7): Starting Subscriber Opt-In process for store: Wholesale (2)
2015-04-17T04:50:02+00:00 DEBUG (7): Starting Subscriber Opt-In process for store: Admin (0)
2015-04-17T04:50:02+00:00 DEBUG (7): Starting Subscriber Opt-In process for store: International (3)
2015-04-17T04:50:02+00:00 DEBUG (7): Starting Subscriber Opt-In process for store: Retail (1)
2015-04-17T04:50:03+00:00 DEBUG (7): Starting Subscriber Opt-In process for store: Wholesale (2)
2015-04-17T05:00:02+00:00 DEBUG (7): Starting Subscriber Opt-In process for store: Admin (0)
2015-04-17T05:00:02+00:00 DEBUG (7): Starting Subscriber Opt-In process for store: International (3)
2015-04-17T05:00:02+00:00 DEBUG (7): Starting Subscriber Opt-In process for store: Retail (1)
2015-04-17T05:00:04+00:00 DEBUG (7): Starting Subscriber Opt-In process for store: Wholesale (2)
2015-04-17T05:15:02+00:00 DEBUG (7): Starting Subscriber Opt-In process for store: Admin (0)
2015-04-17T05:15:02+00:00 DEBUG (7): Starting Subscriber Opt-In process for store: International (3)
2015-04-17T05:15:02+00:00 DEBUG (7): Starting Subscriber Opt-In process for store: Retail (1)
2015-04-17T05:15:03+00:00 DEBUG (7): Starting Subscriber Opt-In process for store: Wholesale (2)
2015-04-17T05:30:02+00:00 DEBUG (7): Starting Subscriber Opt-In process for store: Admin (0)
2015-04-17T05:30:02+00:00 DEBUG (7): Starting Subscriber Opt-In process for store: International (3)
2015-04-17T05:30:02+00:00 DEBUG (7): Starting Subscriber Opt-In process for store: Retail (1)
2015-04-17T05:30:03+00:00 INFO (6):   Adding Contact to list: Bloomingbath.com
2015-04-17T05:30:03+00:00 INFO (6):   Setting Contact (neccomiho@gmail.com) status to: active
2015-04-17T05:30:03+00:00 DEBUG (7): Starting Subscriber Opt-In process for store: Wholesale (2)
2015-04-17T05:45:02+00:00 DEBUG (7): Starting Subscriber Opt-In process for store: Admin (0)
2015-04-17T05:45:02+00:00 DEBUG (7): Starting Subscriber Opt-In process for store: International (3)
2015-04-17T05:45:02+00:00 DEBUG (7): Starting Subscriber Opt-In process for store: Retail (1)
2015-04-17T05:45:03+00:00 INFO (6):   Adding Contact to list: Bloomingbath.com
2015-04-17T05:45:03+00:00 INFO (6):   Setting Contact (jasenwtj181@yahoo.com) status to: active
2015-04-17T05:45:03+00:00 DEBUG (7): Starting Subscriber Opt-In process for store: Wholesale (2)
2015-04-17T06:00:03+00:00 DEBUG (7): Starting Subscriber Opt-In process for store: Admin (0)
2015-04-17T06:00:03+00:00 DEBUG (7): Starting Subscriber Opt-In process for store: International (3)
2015-04-17T06:00:03+00:00 DEBUG (7): Starting Subscriber Opt-In process for store: Retail (1)
2015-04-17T06:00:04+00:00 DEBUG (7): Starting Subscriber Opt-In process for store: Wholesale (2)
2015-04-17T06:15:02+00:00 DEBUG (7): Starting Subscriber Opt-In process for store: Admin (0)
2015-04-17T06:15:02+00:00 DEBUG (7): Starting Subscriber Opt-In process for store: International (3)
2015-04-17T06:15:02+00:00 DEBUG (7): Starting Subscriber Opt-In process for store: Retail (1)
2015-04-17T06:15:03+00:00 DEBUG (7): Starting Subscriber Opt-In process for store: Wholesale (2)
2015-04-17T06:30:04+00:00 DEBUG (7): Starting Subscriber Opt-In process for store: Admin (0)
2015-04-17T06:30:04+00:00 DEBUG (7): Starting Subscriber Opt-In process for store: International (3)
2015-04-17T06:30:04+00:00 DEBUG (7): Starting Subscriber Opt-In process for store: Retail (1)
2015-04-17T06:30:05+00:00 DEBUG (7): Starting Subscriber Opt-In process for store: Wholesale (2)
2015-04-17T06:45:02+00:00 DEBUG (7): Starting Subscriber Opt-In process for store: Admin (0)
2015-04-17T06:45:02+00:00 DEBUG (7): Starting Subscriber Opt-In process for store: International (3)
2015-04-17T06:45:02+00:00 DEBUG (7): Starting Subscriber Opt-In process for store: Retail (1)
2015-04-17T06:45:03+00:00 DEBUG (7): Starting Subscriber Opt-In process for store: Wholesale (2)
2015-04-17T07:10:13+00:00 DEBUG (7): Starting Subscriber Opt-In process for store: Admin (0)
2015-04-17T07:10:13+00:00 DEBUG (7): Starting Subscriber Opt-In process for store: International (3)
2015-04-17T07:10:13+00:00 DEBUG (7): Starting Subscriber Opt-In process for store: Retail (1)
2015-04-17T07:10:13+00:00 DEBUG (7): Starting Subscriber Opt-In process for store: Wholesale (2)
2015-04-17T07:15:02+00:00 DEBUG (7): Starting Subscriber Opt-In process for store: Admin (0)
2015-04-17T07:15:02+00:00 DEBUG (7): Starting Subscriber Opt-In process for store: International (3)
2015-04-17T07:15:02+00:00 DEBUG (7): Starting Subscriber Opt-In process for store: Retail (1)
2015-04-17T07:15:03+00:00 DEBUG (7): Starting Subscriber Opt-In process for store: Wholesale (2)
2015-04-17T07:30:02+00:00 DEBUG (7): Starting Subscriber Opt-In process for store: Admin (0)
2015-04-17T07:30:02+00:00 DEBUG (7): Starting Subscriber Opt-In process for store: International (3)
2015-04-17T07:30:02+00:00 DEBUG (7): Starting Subscriber Opt-In process for store: Retail (1)
2015-04-17T07:30:03+00:00 INFO (6):   Adding Contact to list: Bloomingbath.com
2015-04-17T07:30:03+00:00 INFO (6):   Setting Contact (ymbowers@hotmail.com) status to: active
2015-04-17T07:30:03+00:00 DEBUG (7): Starting Subscriber Opt-In process for store: Wholesale (2)
2015-04-17T07:45:02+00:00 DEBUG (7): Starting Subscriber Opt-In process for store: Admin (0)
2015-04-17T07:45:02+00:00 DEBUG (7): Starting Subscriber Opt-In process for store: International (3)
2015-04-17T07:45:02+00:00 DEBUG (7): Starting Subscriber Opt-In process for store: Retail (1)
2015-04-17T07:45:03+00:00 DEBUG (7): Starting Subscriber Opt-In process for store: Wholesale (2)
2015-04-17T08:00:32+00:00 DEBUG (7): Starting Subscriber Opt-In process for store: Admin (0)
2015-04-17T08:00:32+00:00 DEBUG (7): Starting Subscriber Opt-In process for store: International (3)
2015-04-17T08:00:32+00:00 DEBUG (7): Starting Subscriber Opt-In process for store: Retail (1)
2015-04-17T08:00:33+00:00 DEBUG (7): Starting Subscriber Opt-In process for store: Wholesale (2)
2015-04-17T08:15:02+00:00 DEBUG (7): Starting Subscriber Opt-In process for store: Admin (0)
2015-04-17T08:15:02+00:00 DEBUG (7): Starting Subscriber Opt-In process for store: International (3)
2015-04-17T08:15:02+00:00 DEBUG (7): Starting Subscriber Opt-In process for store: Retail (1)
2015-04-17T08:15:03+00:00 DEBUG (7): Starting Subscriber Opt-In process for store: Wholesale (2)
2015-04-17T08:30:03+00:00 DEBUG (7): Starting Subscriber Opt-In process for store: Admin (0)
2015-04-17T08:30:03+00:00 DEBUG (7): Starting Subscriber Opt-In process for store: International (3)
2015-04-17T08:30:03+00:00 DEBUG (7): Starting Subscriber Opt-In process for store: Retail (1)
2015-04-17T08:30:04+00:00 DEBUG (7): Starting Subscriber Opt-In process for store: Wholesale (2)
2015-04-17T08:45:02+00:00 DEBUG (7): Starting Subscriber Opt-In process for store: Admin (0)
2015-04-17T08:45:03+00:00 DEBUG (7): Starting Subscriber Opt-In process for store: International (3)
2015-04-17T08:45:03+00:00 DEBUG (7): Starting Subscriber Opt-In process for store: Retail (1)
2015-04-17T08:45:03+00:00 DEBUG (7): Starting Subscriber Opt-In process for store: Wholesale (2)
2015-04-17T09:00:07+00:00 DEBUG (7): Starting Subscriber Opt-In process for store: Admin (0)
2015-04-17T09:00:07+00:00 DEBUG (7): Starting Subscriber Opt-In process for store: International (3)
2015-04-17T09:00:07+00:00 DEBUG (7): Starting Subscriber Opt-In process for store: Retail (1)
2015-04-17T09:00:08+00:00 DEBUG (7): Starting Subscriber Opt-In process for store: Wholesale (2)
2015-04-17T09:15:02+00:00 DEBUG (7): Starting Subscriber Opt-In process for store: Admin (0)
2015-04-17T09:15:02+00:00 DEBUG (7): Starting Subscriber Opt-In process for store: International (3)
2015-04-17T09:15:02+00:00 DEBUG (7): Starting Subscriber Opt-In process for store: Retail (1)
2015-04-17T09:15:03+00:00 DEBUG (7): Starting Subscriber Opt-In process for store: Wholesale (2)
2015-04-17T09:35:02+00:00 DEBUG (7): Starting Subscriber Opt-In process for store: Admin (0)
2015-04-17T09:35:02+00:00 DEBUG (7): Starting Subscriber Opt-In process for store: International (3)
2015-04-17T09:35:02+00:00 DEBUG (7): Starting Subscriber Opt-In process for store: Retail (1)
2015-04-17T09:35:03+00:00 DEBUG (7): Starting Subscriber Opt-In process for store: Wholesale (2)
2015-04-17T09:45:02+00:00 DEBUG (7): Starting Subscriber Opt-In process for store: Admin (0)
2015-04-17T09:45:02+00:00 DEBUG (7): Starting Subscriber Opt-In process for store: International (3)
2015-04-17T09:45:02+00:00 DEBUG (7): Starting Subscriber Opt-In process for store: Retail (1)
2015-04-17T09:45:03+00:00 DEBUG (7): Starting Subscriber Opt-In process for store: Wholesale (2)
2015-04-17T10:00:02+00:00 DEBUG (7): Starting Subscriber Opt-In process for store: Admin (0)
2015-04-17T10:00:02+00:00 DEBUG (7): Starting Subscriber Opt-In process for store: International (3)
2015-04-17T10:00:02+00:00 DEBUG (7): Starting Subscriber Opt-In process for store: Retail (1)
2015-04-17T10:00:03+00:00 DEBUG (7): Starting Subscriber Opt-In process for store: Wholesale (2)
2015-04-17T10:15:02+00:00 DEBUG (7): Starting Subscriber Opt-In process for store: Admin (0)
2015-04-17T10:15:02+00:00 DEBUG (7): Starting Subscriber Opt-In process for store: International (3)
2015-04-17T10:15:02+00:00 DEBUG (7): Starting Subscriber Opt-In process for store: Retail (1)
2015-04-17T10:15:03+00:00 DEBUG (7): Starting Subscriber Opt-In process for store: Wholesale (2)
2015-04-17T10:30:02+00:00 DEBUG (7): Starting Subscriber Opt-In process for store: Admin (0)
2015-04-17T10:30:02+00:00 DEBUG (7): Starting Subscriber Opt-In process for store: International (3)
2015-04-17T10:30:02+00:00 DEBUG (7): Starting Subscriber Opt-In process for store: Retail (1)
2015-04-17T10:30:03+00:00 DEBUG (7): Starting Subscriber Opt-In process for store: Wholesale (2)
2015-04-17T10:45:02+00:00 DEBUG (7): Starting Subscriber Opt-In process for store: Admin (0)
2015-04-17T10:45:02+00:00 DEBUG (7): Starting Subscriber Opt-In process for store: International (3)
2015-04-17T10:45:02+00:00 DEBUG (7): Starting Subscriber Opt-In process for store: Retail (1)
2015-04-17T10:45:03+00:00 DEBUG (7): Starting Subscriber Opt-In process for store: Wholesale (2)
2015-04-17T11:00:02+00:00 DEBUG (7): Starting Subscriber Opt-In process for store: Admin (0)
2015-04-17T11:00:02+00:00 DEBUG (7): Starting Subscriber Opt-In process for store: International (3)
2015-04-17T11:00:02+00:00 DEBUG (7): Starting Subscriber Opt-In process for store: Retail (1)
2015-04-17T11:00:03+00:00 DEBUG (7): Starting Subscriber Opt-In process for store: Wholesale (2)
2015-04-17T11:08:32+00:00 DEBUG (7): No subscription status found in session.
2015-04-17T11:15:04+00:00 DEBUG (7): Starting Subscriber Opt-In process for store: Admin (0)
2015-04-17T11:15:04+00:00 DEBUG (7): Starting Subscriber Opt-In process for store: International (3)
2015-04-17T11:15:04+00:00 DEBUG (7): Starting Subscriber Opt-In process for store: Retail (1)
2015-04-17T11:15:04+00:00 INFO (6):   Adding Contact to list: Bloomingbath.com
2015-04-17T11:15:04+00:00 INFO (6):   Setting Contact (Miacovski@gmail.com) status to: active
2015-04-17T11:15:04+00:00 DEBUG (7): Starting Subscriber Opt-In process for store: Wholesale (2)
2015-04-17T11:30:02+00:00 DEBUG (7): Starting Subscriber Opt-In process for store: Admin (0)
2015-04-17T11:30:02+00:00 DEBUG (7): Starting Subscriber Opt-In process for store: International (3)
2015-04-17T11:30:02+00:00 DEBUG (7): Starting Subscriber Opt-In process for store: Retail (1)
2015-04-17T11:30:03+00:00 DEBUG (7): Starting Subscriber Opt-In process for store: Wholesale (2)
2015-04-17T11:45:02+00:00 DEBUG (7): Starting Subscriber Opt-In process for store: Admin (0)
2015-04-17T11:45:02+00:00 DEBUG (7): Starting Subscriber Opt-In process for store: International (3)
2015-04-17T11:45:02+00:00 DEBUG (7): Starting Subscriber Opt-In process for store: Retail (1)
2015-04-17T11:45:03+00:00 DEBUG (7): Starting Subscriber Opt-In process for store: Wholesale (2)
2015-04-17T12:00:04+00:00 DEBUG (7): Starting Subscriber Opt-In process for store: Admin (0)
2015-04-17T12:00:04+00:00 DEBUG (7): Starting Subscriber Opt-In process for store: International (3)
2015-04-17T12:00:04+00:00 DEBUG (7): Starting Subscriber Opt-In process for store: Retail (1)
2015-04-17T12:00:05+00:00 DEBUG (7): Starting Subscriber Opt-In process for store: Wholesale (2)
2015-04-17T12:20:02+00:00 DEBUG (7): Starting Subscriber Opt-In process for store: Admin (0)
2015-04-17T12:20:02+00:00 DEBUG (7): Starting Subscriber Opt-In process for store: International (3)
2015-04-17T12:20:02+00:00 DEBUG (7): Starting Subscriber Opt-In process for store: Retail (1)
2015-04-17T12:20:03+00:00 DEBUG (7): Starting Subscriber Opt-In process for store: Wholesale (2)
2015-04-17T12:30:03+00:00 DEBUG (7): Starting Subscriber Opt-In process for store: Admin (0)
2015-04-17T12:30:03+00:00 DEBUG (7): Starting Subscriber Opt-In process for store: International (3)
2015-04-17T12:30:03+00:00 DEBUG (7): Starting Subscriber Opt-In process for store: Retail (1)
2015-04-17T12:30:04+00:00 DEBUG (7): Starting Subscriber Opt-In process for store: Wholesale (2)
2015-04-17T12:45:04+00:00 DEBUG (7): Starting Subscriber Opt-In process for store: Admin (0)
2015-04-17T12:45:04+00:00 DEBUG (7): Starting Subscriber Opt-In process for store: International (3)
2015-04-17T12:45:04+00:00 DEBUG (7): Starting Subscriber Opt-In process for store: Retail (1)
2015-04-17T12:45:04+00:00 DEBUG (7): Starting Subscriber Opt-In process for store: Wholesale (2)
2015-04-17T13:00:03+00:00 DEBUG (7): Starting Subscriber Opt-In process for store: Admin (0)
2015-04-17T13:00:03+00:00 DEBUG (7): Starting Subscriber Opt-In process for store: International (3)
2015-04-17T13:00:03+00:00 DEBUG (7): Starting Subscriber Opt-In process for store: Retail (1)
2015-04-17T13:00:04+00:00 DEBUG (7): Starting Subscriber Opt-In process for store: Wholesale (2)
2015-04-17T13:15:02+00:00 DEBUG (7): Starting Subscriber Opt-In process for store: Admin (0)
2015-04-17T13:15:02+00:00 DEBUG (7): Starting Subscriber Opt-In process for store: International (3)
2015-04-17T13:15:02+00:00 DEBUG (7): Starting Subscriber Opt-In process for store: Retail (1)
2015-04-17T13:15:03+00:00 DEBUG (7): Starting Subscriber Opt-In process for store: Wholesale (2)
2015-04-17T13:30:03+00:00 DEBUG (7): Starting Subscriber Opt-In process for store: Admin (0)
2015-04-17T13:30:03+00:00 DEBUG (7): Starting Subscriber Opt-In process for store: International (3)
2015-04-17T13:30:03+00:00 DEBUG (7): Starting Subscriber Opt-In process for store: Retail (1)
2015-04-17T13:30:04+00:00 DEBUG (7): Starting Subscriber Opt-In process for store: Wholesale (2)
2015-04-17T13:45:07+00:00 DEBUG (7): Starting Subscriber Opt-In process for store: Admin (0)
2015-04-17T13:45:07+00:00 DEBUG (7): Starting Subscriber Opt-In process for store: International (3)
2015-04-17T13:45:07+00:00 DEBUG (7): Starting Subscriber Opt-In process for store: Retail (1)
2015-04-17T13:45:07+00:00 DEBUG (7): Starting Subscriber Opt-In process for store: Wholesale (2)
2015-04-17T14:00:02+00:00 DEBUG (7): Starting Subscriber Opt-In process for store: Admin (0)
2015-04-17T14:00:02+00:00 DEBUG (7): Starting Subscriber Opt-In process for store: International (3)
2015-04-17T14:00:02+00:00 DEBUG (7): Starting Subscriber Opt-In process for store: Retail (1)
2015-04-17T14:00:03+00:00 DEBUG (7): Starting Subscriber Opt-In process for store: Wholesale (2)
2015-04-17T14:15:02+00:00 DEBUG (7): Starting Subscriber Opt-In process for store: Admin (0)
2015-04-17T14:15:02+00:00 DEBUG (7): Starting Subscriber Opt-In process for store: International (3)
2015-04-17T14:15:02+00:00 DEBUG (7): Starting Subscriber Opt-In process for store: Retail (1)
2015-04-17T14:15:27+00:00 DEBUG (7): Starting Subscriber Opt-In process for store: Wholesale (2)
2015-04-17T14:35:02+00:00 DEBUG (7): Starting Subscriber Opt-In process for store: Admin (0)
2015-04-17T14:35:02+00:00 DEBUG (7): Starting Subscriber Opt-In process for store: International (3)
2015-04-17T14:35:02+00:00 DEBUG (7): Starting Subscriber Opt-In process for store: Retail (1)
2015-04-17T14:35:03+00:00 INFO (6):   Adding Contact to list: Bloomingbath.com
2015-04-17T14:35:03+00:00 INFO (6):   Setting Contact (adonia_destin@yahoo.com) status to: active
2015-04-17T14:35:03+00:00 DEBUG (7): Starting Subscriber Opt-In process for store: Wholesale (2)
2015-04-17T14:45:03+00:00 DEBUG (7): Starting Subscriber Opt-In process for store: Admin (0)
2015-04-17T14:45:03+00:00 DEBUG (7): Starting Subscriber Opt-In process for store: International (3)
2015-04-17T14:45:03+00:00 DEBUG (7): Starting Subscriber Opt-In process for store: Retail (1)
2015-04-17T14:45:04+00:00 DEBUG (7): Starting Subscriber Opt-In process for store: Wholesale (2)
2015-04-17T15:00:02+00:00 DEBUG (7): Starting Subscriber Opt-In process for store: Admin (0)
2015-04-17T15:00:02+00:00 DEBUG (7): Starting Subscriber Opt-In process for store: International (3)
2015-04-17T15:00:02+00:00 DEBUG (7): Starting Subscriber Opt-In process for store: Retail (1)
2015-04-17T15:00:04+00:00 DEBUG (7): Starting Subscriber Opt-In process for store: Wholesale (2)
2015-04-17T15:15:02+00:00 DEBUG (7): Starting Subscriber Opt-In process for store: Admin (0)
2015-04-17T15:15:02+00:00 DEBUG (7): Starting Subscriber Opt-In process for store: International (3)
2015-04-17T15:15:02+00:00 DEBUG (7): Starting Subscriber Opt-In process for store: Retail (1)
2015-04-17T15:15:03+00:00 DEBUG (7): Starting Subscriber Opt-In process for store: Wholesale (2)
2015-04-17T15:30:02+00:00 DEBUG (7): Starting Subscriber Opt-In process for store: Admin (0)
2015-04-17T15:30:02+00:00 DEBUG (7): Starting Subscriber Opt-In process for store: International (3)
2015-04-17T15:30:02+00:00 DEBUG (7): Starting Subscriber Opt-In process for store: Retail (1)
2015-04-17T15:30:03+00:00 DEBUG (7): Starting Subscriber Opt-In process for store: Wholesale (2)
2015-04-17T15:43:41+00:00 DEBUG (7): No subscription status found in session.
2015-04-17T15:45:04+00:00 DEBUG (7): Starting Subscriber Opt-In process for store: Admin (0)
2015-04-17T15:45:04+00:00 DEBUG (7): Starting Subscriber Opt-In process for store: International (3)
2015-04-17T15:45:04+00:00 DEBUG (7): Starting Subscriber Opt-In process for store: Retail (1)
2015-04-17T15:45:04+00:00 INFO (6):   Adding Contact to list: Bloomingbath.com
2015-04-17T15:45:05+00:00 INFO (6):   Setting Contact (ellensweeney319@yahoo.com) status to: active
2015-04-17T15:45:05+00:00 DEBUG (7): Starting Subscriber Opt-In process for store: Wholesale (2)
2015-04-17T16:00:03+00:00 DEBUG (7): Starting Subscriber Opt-In process for store: Admin (0)
2015-04-17T16:00:03+00:00 DEBUG (7): Starting Subscriber Opt-In process for store: International (3)
2015-04-17T16:00:03+00:00 DEBUG (7): Starting Subscriber Opt-In process for store: Retail (1)
2015-04-17T16:00:04+00:00 DEBUG (7): Starting Subscriber Opt-In process for store: Wholesale (2)
2015-04-17T16:15:02+00:00 DEBUG (7): Starting Subscriber Opt-In process for store: Admin (0)
2015-04-17T16:15:02+00:00 DEBUG (7): Starting Subscriber Opt-In process for store: International (3)
2015-04-17T16:15:02+00:00 DEBUG (7): Starting Subscriber Opt-In process for store: Retail (1)
2015-04-17T16:15:03+00:00 DEBUG (7): Starting Subscriber Opt-In process for store: Wholesale (2)
2015-04-17T16:26:47+00:00 DEBUG (7): No subscription status found in session.
2015-04-17T16:30:04+00:00 DEBUG (7): Starting Subscriber Opt-In process for store: Admin (0)
2015-04-17T16:30:04+00:00 DEBUG (7): Starting Subscriber Opt-In process for store: International (3)
2015-04-17T16:30:04+00:00 DEBUG (7): Starting Subscriber Opt-In process for store: Retail (1)
2015-04-17T16:30:04+00:00 DEBUG (7): Starting Subscriber Opt-In process for store: Wholesale (2)
2015-04-17T16:39:45+00:00 DEBUG (7): No subscription status found in session.
2015-04-17T16:50:05+00:00 DEBUG (7): Starting Subscriber Opt-In process for store: Admin (0)
2015-04-17T16:50:05+00:00 DEBUG (7): Starting Subscriber Opt-In process for store: International (3)
2015-04-17T16:50:05+00:00 DEBUG (7): Starting Subscriber Opt-In process for store: Retail (1)
2015-04-17T16:50:05+00:00 INFO (6):   Adding Contact to list: Bloomingbath.com
2015-04-17T16:50:05+00:00 INFO (6):   Setting Contact (penni_james@yahoo.com) status to: active
2015-04-17T16:50:06+00:00 DEBUG (7): Starting Subscriber Opt-In process for store: Wholesale (2)
2015-04-17T17:00:02+00:00 DEBUG (7): Starting Subscriber Opt-In process for store: Admin (0)
2015-04-17T17:00:02+00:00 DEBUG (7): Starting Subscriber Opt-In process for store: International (3)
2015-04-17T17:00:02+00:00 DEBUG (7): Starting Subscriber Opt-In process for store: Retail (1)
2015-04-17T17:00:04+00:00 INFO (6):   Adding Contact to list: Bloomingbath.com
2015-04-17T17:00:04+00:00 INFO (6):   Setting Contact (melloncollie@hotmail.com) status to: active
2015-04-17T17:00:04+00:00 DEBUG (7): Starting Subscriber Opt-In process for store: Wholesale (2)
2015-04-17T17:14:36+00:00 DEBUG (7): No subscription status found in session.
2015-04-17T17:15:13+00:00 DEBUG (7): Starting Subscriber Opt-In process for store: Admin (0)
2015-04-17T17:15:13+00:00 DEBUG (7): Starting Subscriber Opt-In process for store: International (3)
2015-04-17T17:15:13+00:00 DEBUG (7): Starting Subscriber Opt-In process for store: Retail (1)
2015-04-17T17:15:13+00:00 INFO (6):   Adding Contact to list: Bloomingbath.com
2015-04-17T17:15:13+00:00 INFO (6):   Setting Contact (mellincollie@hotmail.com) status to: active
2015-04-17T17:15:14+00:00 DEBUG (7): Starting Subscriber Opt-In process for store: Wholesale (2)
2015-04-17T17:30:06+00:00 DEBUG (7): Starting Subscriber Opt-In process for store: Admin (0)
2015-04-17T17:30:06+00:00 DEBUG (7): Starting Subscriber Opt-In process for store: International (3)
2015-04-17T17:30:06+00:00 DEBUG (7): Starting Subscriber Opt-In process for store: Retail (1)
2015-04-17T17:30:06+00:00 DEBUG (7): Starting Subscriber Opt-In process for store: Wholesale (2)
2015-04-17T17:39:57+00:00 DEBUG (7): No subscription status found in session.
2015-04-17T17:45:07+00:00 DEBUG (7): Starting Subscriber Opt-In process for store: Admin (0)
2015-04-17T17:45:07+00:00 DEBUG (7): Starting Subscriber Opt-In process for store: International (3)
2015-04-17T17:45:07+00:00 DEBUG (7): Starting Subscriber Opt-In process for store: Retail (1)
2015-04-17T17:45:08+00:00 INFO (6):   Adding Contact to list: Bloomingbath.com
2015-04-17T17:45:08+00:00 INFO (6):   Setting Contact (brie2004@hotmail.com) status to: active
2015-04-17T17:45:13+00:00 DEBUG (7): Starting Subscriber Opt-In process for store: Wholesale (2)
2015-04-17T18:00:02+00:00 DEBUG (7): Starting Subscriber Opt-In process for store: Admin (0)
2015-04-17T18:00:02+00:00 DEBUG (7): Starting Subscriber Opt-In process for store: International (3)
2015-04-17T18:00:02+00:00 DEBUG (7): Starting Subscriber Opt-In process for store: Retail (1)
2015-04-17T18:00:03+00:00 DEBUG (7): Starting Subscriber Opt-In process for store: Wholesale (2)
2015-04-17T18:15:03+00:00 DEBUG (7): Starting Subscriber Opt-In process for store: Admin (0)
2015-04-17T18:15:03+00:00 DEBUG (7): Starting Subscriber Opt-In process for store: International (3)
2015-04-17T18:15:03+00:00 DEBUG (7): Starting Subscriber Opt-In process for store: Retail (1)
2015-04-17T18:15:04+00:00 INFO (6):   Adding Contact to list: Bloomingbath.com
2015-04-17T18:15:04+00:00 INFO (6):   Setting Contact (summergibbins8@hotmail.com) status to: active
2015-04-17T18:15:04+00:00 DEBUG (7): Starting Subscriber Opt-In process for store: Wholesale (2)
2015-04-17T18:30:02+00:00 DEBUG (7): Starting Subscriber Opt-In process for store: Admin (0)
2015-04-17T18:30:02+00:00 DEBUG (7): Starting Subscriber Opt-In process for store: International (3)
2015-04-17T18:30:02+00:00 DEBUG (7): Starting Subscriber Opt-In process for store: Retail (1)
2015-04-17T18:30:03+00:00 INFO (6):   Adding Contact to list: Bloomingbath.com
2015-04-17T18:30:03+00:00 INFO (6):   Setting Contact (cappel1991@gmail.com) status to: active
2015-04-17T18:30:03+00:00 DEBUG (7): Starting Subscriber Opt-In process for store: Wholesale (2)
2015-04-17T18:45:02+00:00 DEBUG (7): Starting Subscriber Opt-In process for store: Admin (0)
2015-04-17T18:45:02+00:00 DEBUG (7): Starting Subscriber Opt-In process for store: International (3)
2015-04-17T18:45:02+00:00 DEBUG (7): Starting Subscriber Opt-In process for store: Retail (1)
2015-04-17T18:45:03+00:00 DEBUG (7): Starting Subscriber Opt-In process for store: Wholesale (2)
2015-04-17T19:00:02+00:00 DEBUG (7): Starting Subscriber Opt-In process for store: Admin (0)
2015-04-17T19:00:02+00:00 DEBUG (7): Starting Subscriber Opt-In process for store: International (3)
2015-04-17T19:00:02+00:00 DEBUG (7): Starting Subscriber Opt-In process for store: Retail (1)
2015-04-17T19:00:03+00:00 DEBUG (7): Starting Subscriber Opt-In process for store: Wholesale (2)
2015-04-17T19:12:11+00:00 DEBUG (7): No subscription status found in session.
2015-04-17T19:15:09+00:00 DEBUG (7): Starting Subscriber Opt-In process for store: Admin (0)
2015-04-17T19:15:09+00:00 DEBUG (7): Starting Subscriber Opt-In process for store: International (3)
2015-04-17T19:15:09+00:00 DEBUG (7): Starting Subscriber Opt-In process for store: Retail (1)
2015-04-17T19:15:09+00:00 INFO (6):   Adding Contact to list: Bloomingbath.com
2015-04-17T19:15:09+00:00 INFO (6):   Setting Contact (jen.1225@hotmail.com) status to: active
2015-04-17T19:15:09+00:00 DEBUG (7): Starting Subscriber Opt-In process for store: Wholesale (2)
2015-04-17T19:30:03+00:00 DEBUG (7): Starting Subscriber Opt-In process for store: Admin (0)
2015-04-17T19:30:03+00:00 DEBUG (7): Starting Subscriber Opt-In process for store: International (3)
2015-04-17T19:30:03+00:00 DEBUG (7): Starting Subscriber Opt-In process for store: Retail (1)
2015-04-17T19:30:04+00:00 DEBUG (7): Starting Subscriber Opt-In process for store: Wholesale (2)
2015-04-17T19:45:02+00:00 DEBUG (7): Starting Subscriber Opt-In process for store: Admin (0)
2015-04-17T19:45:02+00:00 DEBUG (7): Starting Subscriber Opt-In process for store: International (3)
2015-04-17T19:45:02+00:00 DEBUG (7): Starting Subscriber Opt-In process for store: Retail (1)
2015-04-17T19:45:03+00:00 DEBUG (7): Starting Subscriber Opt-In process for store: Wholesale (2)
2015-04-17T20:05:02+00:00 DEBUG (7): Starting Subscriber Opt-In process for store: Admin (0)
2015-04-17T20:05:02+00:00 DEBUG (7): Starting Subscriber Opt-In process for store: International (3)
2015-04-17T20:05:02+00:00 DEBUG (7): Starting Subscriber Opt-In process for store: Retail (1)
2015-04-17T20:05:03+00:00 DEBUG (7): Starting Subscriber Opt-In process for store: Wholesale (2)
2015-04-17T20:15:03+00:00 DEBUG (7): Starting Subscriber Opt-In process for store: Admin (0)
2015-04-17T20:15:03+00:00 DEBUG (7): Starting Subscriber Opt-In process for store: International (3)
2015-04-17T20:15:03+00:00 DEBUG (7): Starting Subscriber Opt-In process for store: Retail (1)
2015-04-17T20:15:04+00:00 INFO (6):   Adding Contact to list: Bloomingbath.com
2015-04-17T20:15:04+00:00 INFO (6):   Setting Contact (greeneyes_236580@yahoo.com) status to: active
2015-04-17T20:15:04+00:00 DEBUG (7): Starting Subscriber Opt-In process for store: Wholesale (2)
2015-04-17T20:18:16+00:00 DEBUG (7): No subscription status found in session.
2015-04-17T20:30:04+00:00 DEBUG (7): Starting Subscriber Opt-In process for store: Admin (0)
2015-04-17T20:30:04+00:00 DEBUG (7): Starting Subscriber Opt-In process for store: International (3)
2015-04-17T20:30:04+00:00 DEBUG (7): Starting Subscriber Opt-In process for store: Retail (1)
2015-04-17T20:30:04+00:00 DEBUG (7): Starting Subscriber Opt-In process for store: Wholesale (2)
2015-04-17T20:45:02+00:00 DEBUG (7): Starting Subscriber Opt-In process for store: Admin (0)
2015-04-17T20:45:02+00:00 DEBUG (7): Starting Subscriber Opt-In process for store: International (3)
2015-04-17T20:45:02+00:00 DEBUG (7): Starting Subscriber Opt-In process for store: Retail (1)
2015-04-17T20:45:03+00:00 DEBUG (7): Starting Subscriber Opt-In process for store: Wholesale (2)
2015-04-17T21:00:25+00:00 DEBUG (7): Starting Subscriber Opt-In process for store: Admin (0)
2015-04-17T21:00:25+00:00 DEBUG (7): Starting Subscriber Opt-In process for store: International (3)
2015-04-17T21:00:25+00:00 DEBUG (7): Starting Subscriber Opt-In process for store: Retail (1)
2015-04-17T21:00:25+00:00 DEBUG (7): Starting Subscriber Opt-In process for store: Wholesale (2)
2015-04-17T21:15:02+00:00 DEBUG (7): Starting Subscriber Opt-In process for store: Admin (0)
2015-04-17T21:15:02+00:00 DEBUG (7): Starting Subscriber Opt-In process for store: International (3)
2015-04-17T21:15:02+00:00 DEBUG (7): Starting Subscriber Opt-In process for store: Retail (1)
2015-04-17T21:15:03+00:00 DEBUG (7): Starting Subscriber Opt-In process for store: Wholesale (2)
2015-04-17T21:30:02+00:00 DEBUG (7): Starting Subscriber Opt-In process for store: Admin (0)
2015-04-17T21:30:02+00:00 DEBUG (7): Starting Subscriber Opt-In process for store: International (3)
2015-04-17T21:30:02+00:00 DEBUG (7): Starting Subscriber Opt-In process for store: Retail (1)
2015-04-17T21:30:03+00:00 DEBUG (7): Starting Subscriber Opt-In process for store: Wholesale (2)
2015-04-17T21:44:32+00:00 DEBUG (7): No subscription status found in session.
2015-04-17T21:50:06+00:00 DEBUG (7): Starting Subscriber Opt-In process for store: Admin (0)
2015-04-17T21:50:06+00:00 DEBUG (7): Starting Subscriber Opt-In process for store: International (3)
2015-04-17T21:50:06+00:00 DEBUG (7): Starting Subscriber Opt-In process for store: Retail (1)
2015-04-17T21:50:07+00:00 INFO (6):   Adding Contact to list: Bloomingbath.com
2015-04-17T21:50:07+00:00 INFO (6):   Setting Contact (brookedegroot@gmail.com) status to: active
2015-04-17T21:50:07+00:00 DEBUG (7): Starting Subscriber Opt-In process for store: Wholesale (2)
2015-04-17T22:00:02+00:00 DEBUG (7): Starting Subscriber Opt-In process for store: Admin (0)
2015-04-17T22:00:02+00:00 DEBUG (7): Starting Subscriber Opt-In process for store: International (3)
2015-04-17T22:00:02+00:00 DEBUG (7): Starting Subscriber Opt-In process for store: Retail (1)
2015-04-17T22:00:03+00:00 DEBUG (7): Starting Subscriber Opt-In process for store: Wholesale (2)
2015-04-17T22:15:02+00:00 DEBUG (7): Starting Subscriber Opt-In process for store: Admin (0)
2015-04-17T22:15:02+00:00 DEBUG (7): Starting Subscriber Opt-In process for store: International (3)
2015-04-17T22:15:02+00:00 DEBUG (7): Starting Subscriber Opt-In process for store: Retail (1)
2015-04-17T22:15:04+00:00 DEBUG (7): Starting Subscriber Opt-In process for store: Wholesale (2)
2015-04-17T22:30:02+00:00 DEBUG (7): Starting Subscriber Opt-In process for store: Admin (0)
2015-04-17T22:30:02+00:00 DEBUG (7): Starting Subscriber Opt-In process for store: International (3)
2015-04-17T22:30:02+00:00 DEBUG (7): Starting Subscriber Opt-In process for store: Retail (1)
2015-04-17T22:30:04+00:00 INFO (6):   Adding Contact to list: Bloomingbath.com
2015-04-17T22:30:04+00:00 INFO (6):   Setting Contact (nursekelly1980@yahoo.com) status to: active
2015-04-17T22:30:04+00:00 DEBUG (7): Starting Subscriber Opt-In process for store: Wholesale (2)
2015-04-17T22:45:03+00:00 DEBUG (7): Starting Subscriber Opt-In process for store: Admin (0)
2015-04-17T22:45:03+00:00 DEBUG (7): Starting Subscriber Opt-In process for store: International (3)
2015-04-17T22:45:03+00:00 DEBUG (7): Starting Subscriber Opt-In process for store: Retail (1)
2015-04-17T22:45:04+00:00 INFO (6):   Adding Contact to list: Bloomingbath.com
2015-04-17T22:45:04+00:00 INFO (6):   Setting Contact (cecimcneely1@yahoo.com) status to: active
2015-04-17T22:45:04+00:00 DEBUG (7): Starting Subscriber Opt-In process for store: Wholesale (2)
2015-04-17T23:00:03+00:00 DEBUG (7): Starting Subscriber Opt-In process for store: Admin (0)
2015-04-17T23:00:03+00:00 DEBUG (7): Starting Subscriber Opt-In process for store: International (3)
2015-04-17T23:00:03+00:00 DEBUG (7): Starting Subscriber Opt-In process for store: Retail (1)
2015-04-17T23:00:04+00:00 DEBUG (7): Starting Subscriber Opt-In process for store: Wholesale (2)
2015-04-17T23:15:02+00:00 DEBUG (7): Starting Subscriber Opt-In process for store: Admin (0)
2015-04-17T23:15:02+00:00 DEBUG (7): Starting Subscriber Opt-In process for store: International (3)
2015-04-17T23:15:02+00:00 DEBUG (7): Starting Subscriber Opt-In process for store: Retail (1)
2015-04-17T23:15:03+00:00 INFO (6):   Adding Contact to list: Bloomingbath.com
2015-04-17T23:15:03+00:00 INFO (6):   Setting Contact (yessies@msn.com) status to: active
2015-04-17T23:15:03+00:00 DEBUG (7): Starting Subscriber Opt-In process for store: Wholesale (2)
2015-04-17T23:30:02+00:00 DEBUG (7): Starting Subscriber Opt-In process for store: Admin (0)
2015-04-17T23:30:02+00:00 DEBUG (7): Starting Subscriber Opt-In process for store: International (3)
2015-04-17T23:30:02+00:00 DEBUG (7): Starting Subscriber Opt-In process for store: Retail (1)
2015-04-17T23:30:03+00:00 DEBUG (7): Starting Subscriber Opt-In process for store: Wholesale (2)
2015-04-17T23:31:48+00:00 DEBUG (7): No subscription status found in session.
2015-04-17T23:45:05+00:00 DEBUG (7): Starting Subscriber Opt-In process for store: Admin (0)
2015-04-17T23:45:05+00:00 DEBUG (7): Starting Subscriber Opt-In process for store: International (3)
2015-04-17T23:45:05+00:00 DEBUG (7): Starting Subscriber Opt-In process for store: Retail (1)
2015-04-17T23:45:05+00:00 DEBUG (7): Starting Subscriber Opt-In process for store: Wholesale (2)
