2015-03-26T00:00:02+00:00 DEBUG (7): Starting Subscriber Opt-In process for store: Admin (0)
2015-03-26T00:00:02+00:00 DEBUG (7): Starting Subscriber Opt-In process for store: International (3)
2015-03-26T00:00:02+00:00 DEBUG (7): Starting Subscriber Opt-In process for store: Retail (1)
2015-03-26T00:00:03+00:00 INFO (6):   Adding Contact to list: Bloomingbath.com
2015-03-26T00:00:03+00:00 INFO (6):   Setting Contact (jannelle_burman2002@yahoo.com) status to: active
2015-03-26T00:00:03+00:00 DEBUG (7): Starting Subscriber Opt-In process for store: Wholesale (2)
2015-03-26T00:15:02+00:00 DEBUG (7): Starting Subscriber Opt-In process for store: Admin (0)
2015-03-26T00:15:02+00:00 DEBUG (7): Starting Subscriber Opt-In process for store: International (3)
2015-03-26T00:15:02+00:00 DEBUG (7): Starting Subscriber Opt-In process for store: Retail (1)
2015-03-26T00:15:03+00:00 INFO (6):   Adding Contact to list: Bloomingbath.com
2015-03-26T00:15:03+00:00 INFO (6):   Setting Contact (missyadibabby@me.com) status to: active
2015-03-26T00:15:03+00:00 DEBUG (7): Starting Subscriber Opt-In process for store: Wholesale (2)
2015-03-26T00:30:04+00:00 DEBUG (7): Starting Subscriber Opt-In process for store: Admin (0)
2015-03-26T00:30:04+00:00 DEBUG (7): Starting Subscriber Opt-In process for store: International (3)
2015-03-26T00:30:04+00:00 DEBUG (7): Starting Subscriber Opt-In process for store: Retail (1)
2015-03-26T00:30:04+00:00 INFO (6):   Adding Contact to list: Bloomingbath.com
2015-03-26T00:30:04+00:00 INFO (6):   Setting Contact (Kalton0921@comcast.net) status to: active
2015-03-26T00:30:04+00:00 DEBUG (7): Starting Subscriber Opt-In process for store: Wholesale (2)
2015-03-26T00:33:02+00:00 DEBUG (7): No subscription status found in session.
2015-03-26T00:45:06+00:00 DEBUG (7): Starting Subscriber Opt-In process for store: Admin (0)
2015-03-26T00:45:06+00:00 DEBUG (7): Starting Subscriber Opt-In process for store: International (3)
2015-03-26T00:45:06+00:00 DEBUG (7): Starting Subscriber Opt-In process for store: Retail (1)
2015-03-26T00:45:07+00:00 INFO (6):   Adding Contact to list: Bloomingbath.com
2015-03-26T00:45:07+00:00 INFO (6):   Setting Contact (msmadison.barrett@gmail.com) status to: active
2015-03-26T00:45:07+00:00 DEBUG (7): Starting Subscriber Opt-In process for store: Wholesale (2)
2015-03-26T01:00:02+00:00 DEBUG (7): Starting Subscriber Opt-In process for store: Admin (0)
2015-03-26T01:00:02+00:00 DEBUG (7): Starting Subscriber Opt-In process for store: International (3)
2015-03-26T01:00:02+00:00 DEBUG (7): Starting Subscriber Opt-In process for store: Retail (1)
2015-03-26T01:00:03+00:00 DEBUG (7): Starting Subscriber Opt-In process for store: Wholesale (2)
2015-03-26T01:15:02+00:00 DEBUG (7): Starting Subscriber Opt-In process for store: Admin (0)
2015-03-26T01:15:02+00:00 DEBUG (7): Starting Subscriber Opt-In process for store: International (3)
2015-03-26T01:15:02+00:00 DEBUG (7): Starting Subscriber Opt-In process for store: Retail (1)
2015-03-26T01:15:03+00:00 DEBUG (7): Starting Subscriber Opt-In process for store: Wholesale (2)
2015-03-26T01:30:02+00:00 DEBUG (7): Starting Subscriber Opt-In process for store: Admin (0)
2015-03-26T01:30:02+00:00 DEBUG (7): Starting Subscriber Opt-In process for store: International (3)
2015-03-26T01:30:02+00:00 DEBUG (7): Starting Subscriber Opt-In process for store: Retail (1)
2015-03-26T01:30:02+00:00 DEBUG (7): Starting Subscriber Opt-In process for store: Wholesale (2)
2015-03-26T01:45:03+00:00 DEBUG (7): Starting Subscriber Opt-In process for store: Admin (0)
2015-03-26T01:45:03+00:00 DEBUG (7): Starting Subscriber Opt-In process for store: International (3)
2015-03-26T01:45:03+00:00 DEBUG (7): Starting Subscriber Opt-In process for store: Retail (1)
2015-03-26T01:45:04+00:00 INFO (6):   Adding Contact to list: Bloomingbath.com
2015-03-26T01:45:04+00:00 INFO (6):   Setting Contact (jkberger@swbell.net) status to: active
2015-03-26T01:45:04+00:00 INFO (6):   Adding Contact to list: Bloomingbath.com
2015-03-26T01:45:04+00:00 INFO (6):   Setting Contact (jessica-botelho-xoxo@hotmail.ca) status to: active
2015-03-26T01:45:04+00:00 DEBUG (7): Starting Subscriber Opt-In process for store: Wholesale (2)
2015-03-26T02:00:02+00:00 DEBUG (7): Starting Subscriber Opt-In process for store: Admin (0)
2015-03-26T02:00:02+00:00 DEBUG (7): Starting Subscriber Opt-In process for store: International (3)
2015-03-26T02:00:02+00:00 DEBUG (7): Starting Subscriber Opt-In process for store: Retail (1)
2015-03-26T02:00:03+00:00 INFO (6):   Adding Contact to list: Bloomingbath.com
2015-03-26T02:00:03+00:00 INFO (6):   Setting Contact (aerismyangel@gmail.com) status to: active
2015-03-26T02:00:03+00:00 DEBUG (7): Starting Subscriber Opt-In process for store: Wholesale (2)
2015-03-26T02:15:02+00:00 DEBUG (7): Starting Subscriber Opt-In process for store: Admin (0)
2015-03-26T02:15:02+00:00 DEBUG (7): Starting Subscriber Opt-In process for store: International (3)
2015-03-26T02:15:02+00:00 DEBUG (7): Starting Subscriber Opt-In process for store: Retail (1)
2015-03-26T02:15:03+00:00 DEBUG (7): Starting Subscriber Opt-In process for store: Wholesale (2)
2015-03-26T02:35:05+00:00 DEBUG (7): Starting Subscriber Opt-In process for store: Admin (0)
2015-03-26T02:35:05+00:00 DEBUG (7): Starting Subscriber Opt-In process for store: International (3)
2015-03-26T02:35:05+00:00 DEBUG (7): Starting Subscriber Opt-In process for store: Retail (1)
2015-03-26T02:35:07+00:00 INFO (6):   Adding Contact to list: Bloomingbath.com
2015-03-26T02:35:07+00:00 INFO (6):   Setting Contact (pegleg2233@gmail.com) status to: active
2015-03-26T02:35:07+00:00 DEBUG (7): Starting Subscriber Opt-In process for store: Wholesale (2)
2015-03-26T02:45:02+00:00 DEBUG (7): Starting Subscriber Opt-In process for store: Admin (0)
2015-03-26T02:45:02+00:00 DEBUG (7): Starting Subscriber Opt-In process for store: International (3)
2015-03-26T02:45:02+00:00 DEBUG (7): Starting Subscriber Opt-In process for store: Retail (1)
2015-03-26T02:45:03+00:00 DEBUG (7): Starting Subscriber Opt-In process for store: Wholesale (2)
2015-03-26T03:00:02+00:00 DEBUG (7): Starting Subscriber Opt-In process for store: Admin (0)
2015-03-26T03:00:02+00:00 DEBUG (7): Starting Subscriber Opt-In process for store: International (3)
2015-03-26T03:00:02+00:00 DEBUG (7): Starting Subscriber Opt-In process for store: Retail (1)
2015-03-26T03:00:03+00:00 DEBUG (7): Starting Subscriber Opt-In process for store: Wholesale (2)
2015-03-26T03:15:02+00:00 DEBUG (7): Starting Subscriber Opt-In process for store: Admin (0)
2015-03-26T03:15:02+00:00 DEBUG (7): Starting Subscriber Opt-In process for store: International (3)
2015-03-26T03:15:02+00:00 DEBUG (7): Starting Subscriber Opt-In process for store: Retail (1)
2015-03-26T03:15:03+00:00 DEBUG (7): Starting Subscriber Opt-In process for store: Wholesale (2)
2015-03-26T03:30:04+00:00 DEBUG (7): Starting Subscriber Opt-In process for store: Admin (0)
2015-03-26T03:30:04+00:00 DEBUG (7): Starting Subscriber Opt-In process for store: International (3)
2015-03-26T03:30:04+00:00 DEBUG (7): Starting Subscriber Opt-In process for store: Retail (1)
2015-03-26T03:30:04+00:00 DEBUG (7): Starting Subscriber Opt-In process for store: Wholesale (2)
2015-03-26T03:45:05+00:00 DEBUG (7): Starting Subscriber Opt-In process for store: Admin (0)
2015-03-26T03:45:06+00:00 DEBUG (7): Starting Subscriber Opt-In process for store: International (3)
2015-03-26T03:45:06+00:00 DEBUG (7): Starting Subscriber Opt-In process for store: Retail (1)
2015-03-26T03:45:06+00:00 INFO (6):   Adding Contact to list: Bloomingbath.com
2015-03-26T03:45:06+00:00 INFO (6):   Setting Contact (yemioxox@hotmail.com) status to: active
2015-03-26T03:45:06+00:00 DEBUG (7): Starting Subscriber Opt-In process for store: Wholesale (2)
2015-03-26T04:00:03+00:00 DEBUG (7): Starting Subscriber Opt-In process for store: Admin (0)
2015-03-26T04:00:03+00:00 DEBUG (7): Starting Subscriber Opt-In process for store: International (3)
2015-03-26T04:00:03+00:00 DEBUG (7): Starting Subscriber Opt-In process for store: Retail (1)
2015-03-26T04:00:04+00:00 INFO (6):   Adding Contact to list: Bloomingbath.com
2015-03-26T04:00:04+00:00 INFO (6):   Setting Contact (arianebrumfield@gmail.com) status to: active
2015-03-26T04:00:04+00:00 INFO (6):   Adding Contact to list: Bloomingbath.com
2015-03-26T04:00:04+00:00 INFO (6):   Setting Contact (beserk12@hotmail.com) status to: active
2015-03-26T04:00:04+00:00 DEBUG (7): Starting Subscriber Opt-In process for store: Wholesale (2)
2015-03-26T04:15:02+00:00 DEBUG (7): Starting Subscriber Opt-In process for store: Admin (0)
2015-03-26T04:15:02+00:00 DEBUG (7): Starting Subscriber Opt-In process for store: International (3)
2015-03-26T04:15:02+00:00 DEBUG (7): Starting Subscriber Opt-In process for store: Retail (1)
2015-03-26T04:15:03+00:00 DEBUG (7): Starting Subscriber Opt-In process for store: Wholesale (2)
2015-03-26T04:30:02+00:00 DEBUG (7): Starting Subscriber Opt-In process for store: Admin (0)
2015-03-26T04:30:02+00:00 DEBUG (7): Starting Subscriber Opt-In process for store: International (3)
2015-03-26T04:30:02+00:00 DEBUG (7): Starting Subscriber Opt-In process for store: Retail (1)
2015-03-26T04:30:03+00:00 DEBUG (7): Starting Subscriber Opt-In process for store: Wholesale (2)
2015-03-26T04:50:03+00:00 DEBUG (7): Starting Subscriber Opt-In process for store: Admin (0)
2015-03-26T04:50:03+00:00 DEBUG (7): Starting Subscriber Opt-In process for store: International (3)
2015-03-26T04:50:03+00:00 DEBUG (7): Starting Subscriber Opt-In process for store: Retail (1)
2015-03-26T04:50:03+00:00 INFO (6):   Adding Contact to list: Bloomingbath.com
2015-03-26T04:50:03+00:00 INFO (6):   Setting Contact (blakelyn22@gmail.com) status to: active
2015-03-26T04:50:04+00:00 DEBUG (7): Starting Subscriber Opt-In process for store: Wholesale (2)
2015-03-26T05:00:02+00:00 DEBUG (7): Starting Subscriber Opt-In process for store: Admin (0)
2015-03-26T05:00:02+00:00 DEBUG (7): Starting Subscriber Opt-In process for store: International (3)
2015-03-26T05:00:02+00:00 DEBUG (7): Starting Subscriber Opt-In process for store: Retail (1)
2015-03-26T05:00:03+00:00 DEBUG (7): Starting Subscriber Opt-In process for store: Wholesale (2)
2015-03-26T05:15:02+00:00 DEBUG (7): Starting Subscriber Opt-In process for store: Admin (0)
2015-03-26T05:15:02+00:00 DEBUG (7): Starting Subscriber Opt-In process for store: International (3)
2015-03-26T05:15:02+00:00 DEBUG (7): Starting Subscriber Opt-In process for store: Retail (1)
2015-03-26T05:15:03+00:00 DEBUG (7): Starting Subscriber Opt-In process for store: Wholesale (2)
2015-03-26T05:30:02+00:00 DEBUG (7): Starting Subscriber Opt-In process for store: Admin (0)
2015-03-26T05:30:02+00:00 DEBUG (7): Starting Subscriber Opt-In process for store: International (3)
2015-03-26T05:30:02+00:00 DEBUG (7): Starting Subscriber Opt-In process for store: Retail (1)
2015-03-26T05:30:03+00:00 INFO (6):   Adding Contact to list: Bloomingbath.com
2015-03-26T05:30:03+00:00 INFO (6):   Setting Contact (brittnoel7@aol.com) status to: active
2015-03-26T05:30:03+00:00 DEBUG (7): Starting Subscriber Opt-In process for store: Wholesale (2)
2015-03-26T05:45:02+00:00 DEBUG (7): Starting Subscriber Opt-In process for store: Admin (0)
2015-03-26T05:45:02+00:00 DEBUG (7): Starting Subscriber Opt-In process for store: International (3)
2015-03-26T05:45:02+00:00 DEBUG (7): Starting Subscriber Opt-In process for store: Retail (1)
2015-03-26T05:45:03+00:00 DEBUG (7): Starting Subscriber Opt-In process for store: Wholesale (2)
2015-03-26T06:00:02+00:00 DEBUG (7): Starting Subscriber Opt-In process for store: Admin (0)
2015-03-26T06:00:02+00:00 DEBUG (7): Starting Subscriber Opt-In process for store: International (3)
2015-03-26T06:00:02+00:00 DEBUG (7): Starting Subscriber Opt-In process for store: Retail (1)
2015-03-26T06:00:03+00:00 DEBUG (7): Starting Subscriber Opt-In process for store: Wholesale (2)
2015-03-26T06:15:02+00:00 DEBUG (7): Starting Subscriber Opt-In process for store: Admin (0)
2015-03-26T06:15:02+00:00 DEBUG (7): Starting Subscriber Opt-In process for store: International (3)
2015-03-26T06:15:02+00:00 DEBUG (7): Starting Subscriber Opt-In process for store: Retail (1)
2015-03-26T06:15:03+00:00 DEBUG (7): Starting Subscriber Opt-In process for store: Wholesale (2)
2015-03-26T06:30:02+00:00 DEBUG (7): Starting Subscriber Opt-In process for store: Admin (0)
2015-03-26T06:30:02+00:00 DEBUG (7): Starting Subscriber Opt-In process for store: International (3)
2015-03-26T06:30:02+00:00 DEBUG (7): Starting Subscriber Opt-In process for store: Retail (1)
2015-03-26T06:30:03+00:00 DEBUG (7): Starting Subscriber Opt-In process for store: Wholesale (2)
2015-03-26T06:45:02+00:00 DEBUG (7): Starting Subscriber Opt-In process for store: Admin (0)
2015-03-26T06:45:02+00:00 DEBUG (7): Starting Subscriber Opt-In process for store: International (3)
2015-03-26T06:45:02+00:00 DEBUG (7): Starting Subscriber Opt-In process for store: Retail (1)
2015-03-26T06:45:03+00:00 DEBUG (7): Starting Subscriber Opt-In process for store: Wholesale (2)
2015-03-26T07:05:11+00:00 DEBUG (7): Starting Subscriber Opt-In process for store: Admin (0)
2015-03-26T07:05:11+00:00 DEBUG (7): Starting Subscriber Opt-In process for store: International (3)
2015-03-26T07:05:11+00:00 DEBUG (7): Starting Subscriber Opt-In process for store: Retail (1)
2015-03-26T07:05:12+00:00 DEBUG (7): Starting Subscriber Opt-In process for store: Wholesale (2)
2015-03-26T07:15:02+00:00 DEBUG (7): Starting Subscriber Opt-In process for store: Admin (0)
2015-03-26T07:15:02+00:00 DEBUG (7): Starting Subscriber Opt-In process for store: International (3)
2015-03-26T07:15:02+00:00 DEBUG (7): Starting Subscriber Opt-In process for store: Retail (1)
2015-03-26T07:15:03+00:00 DEBUG (7): Starting Subscriber Opt-In process for store: Wholesale (2)
2015-03-26T07:30:02+00:00 DEBUG (7): Starting Subscriber Opt-In process for store: Admin (0)
2015-03-26T07:30:02+00:00 DEBUG (7): Starting Subscriber Opt-In process for store: International (3)
2015-03-26T07:30:02+00:00 DEBUG (7): Starting Subscriber Opt-In process for store: Retail (1)
2015-03-26T07:30:03+00:00 DEBUG (7): Starting Subscriber Opt-In process for store: Wholesale (2)
2015-03-26T07:45:02+00:00 DEBUG (7): Starting Subscriber Opt-In process for store: Admin (0)
2015-03-26T07:45:02+00:00 DEBUG (7): Starting Subscriber Opt-In process for store: International (3)
2015-03-26T07:45:02+00:00 DEBUG (7): Starting Subscriber Opt-In process for store: Retail (1)
2015-03-26T07:45:03+00:00 DEBUG (7): Starting Subscriber Opt-In process for store: Wholesale (2)
2015-03-26T08:00:32+00:00 DEBUG (7): Starting Subscriber Opt-In process for store: Admin (0)
2015-03-26T08:00:32+00:00 DEBUG (7): Starting Subscriber Opt-In process for store: International (3)
2015-03-26T08:00:32+00:00 DEBUG (7): Starting Subscriber Opt-In process for store: Retail (1)
2015-03-26T08:00:32+00:00 DEBUG (7): Starting Subscriber Opt-In process for store: Wholesale (2)
2015-03-26T08:20:02+00:00 DEBUG (7): Starting Subscriber Opt-In process for store: Admin (0)
2015-03-26T08:20:02+00:00 DEBUG (7): Starting Subscriber Opt-In process for store: International (3)
2015-03-26T08:20:02+00:00 DEBUG (7): Starting Subscriber Opt-In process for store: Retail (1)
2015-03-26T08:20:03+00:00 DEBUG (7): Starting Subscriber Opt-In process for store: Wholesale (2)
2015-03-26T08:30:02+00:00 DEBUG (7): Starting Subscriber Opt-In process for store: Admin (0)
2015-03-26T08:30:02+00:00 DEBUG (7): Starting Subscriber Opt-In process for store: International (3)
2015-03-26T08:30:02+00:00 DEBUG (7): Starting Subscriber Opt-In process for store: Retail (1)
2015-03-26T08:30:03+00:00 DEBUG (7): Starting Subscriber Opt-In process for store: Wholesale (2)
2015-03-26T08:45:02+00:00 DEBUG (7): Starting Subscriber Opt-In process for store: Admin (0)
2015-03-26T08:45:02+00:00 DEBUG (7): Starting Subscriber Opt-In process for store: International (3)
2015-03-26T08:45:02+00:00 DEBUG (7): Starting Subscriber Opt-In process for store: Retail (1)
2015-03-26T08:45:03+00:00 DEBUG (7): Starting Subscriber Opt-In process for store: Wholesale (2)
2015-03-26T09:00:07+00:00 DEBUG (7): Starting Subscriber Opt-In process for store: Admin (0)
2015-03-26T09:00:07+00:00 DEBUG (7): Starting Subscriber Opt-In process for store: International (3)
2015-03-26T09:00:07+00:00 DEBUG (7): Starting Subscriber Opt-In process for store: Retail (1)
2015-03-26T09:00:08+00:00 DEBUG (7): Starting Subscriber Opt-In process for store: Wholesale (2)
2015-03-26T09:15:02+00:00 DEBUG (7): Starting Subscriber Opt-In process for store: Admin (0)
2015-03-26T09:15:02+00:00 DEBUG (7): Starting Subscriber Opt-In process for store: International (3)
2015-03-26T09:15:02+00:00 DEBUG (7): Starting Subscriber Opt-In process for store: Retail (1)
2015-03-26T09:15:02+00:00 DEBUG (7): Starting Subscriber Opt-In process for store: Wholesale (2)
2015-03-26T09:30:02+00:00 DEBUG (7): Starting Subscriber Opt-In process for store: Admin (0)
2015-03-26T09:30:02+00:00 DEBUG (7): Starting Subscriber Opt-In process for store: International (3)
2015-03-26T09:30:02+00:00 DEBUG (7): Starting Subscriber Opt-In process for store: Retail (1)
2015-03-26T09:30:03+00:00 DEBUG (7): Starting Subscriber Opt-In process for store: Wholesale (2)
2015-03-26T09:45:02+00:00 DEBUG (7): Starting Subscriber Opt-In process for store: Admin (0)
2015-03-26T09:45:02+00:00 DEBUG (7): Starting Subscriber Opt-In process for store: International (3)
2015-03-26T09:45:02+00:00 DEBUG (7): Starting Subscriber Opt-In process for store: Retail (1)
2015-03-26T09:45:03+00:00 INFO (6):   Adding Contact to list: Bloomingbath.com
2015-03-26T09:45:03+00:00 INFO (6):   Setting Contact (missakura18@hotmail.co.uj) status to: active
2015-03-26T09:45:04+00:00 ERR (3): 303 : Invalid email address: missakura18@hotmail.co.uj (Email: missakura18@hotmail.co.uj)
2015-03-26T09:45:04+00:00 DEBUG (7): Starting Subscriber Opt-In process for store: Wholesale (2)
2015-03-26T10:00:02+00:00 DEBUG (7): Starting Subscriber Opt-In process for store: Admin (0)
2015-03-26T10:00:02+00:00 DEBUG (7): Starting Subscriber Opt-In process for store: International (3)
2015-03-26T10:00:02+00:00 DEBUG (7): Starting Subscriber Opt-In process for store: Retail (1)
2015-03-26T10:00:02+00:00 DEBUG (7): Starting Subscriber Opt-In process for store: Wholesale (2)
2015-03-26T10:20:02+00:00 DEBUG (7): Starting Subscriber Opt-In process for store: Admin (0)
2015-03-26T10:20:02+00:00 DEBUG (7): Starting Subscriber Opt-In process for store: International (3)
2015-03-26T10:20:02+00:00 DEBUG (7): Starting Subscriber Opt-In process for store: Retail (1)
2015-03-26T10:20:03+00:00 DEBUG (7): Starting Subscriber Opt-In process for store: Wholesale (2)
2015-03-26T10:30:02+00:00 DEBUG (7): Starting Subscriber Opt-In process for store: Admin (0)
2015-03-26T10:30:02+00:00 DEBUG (7): Starting Subscriber Opt-In process for store: International (3)
2015-03-26T10:30:02+00:00 DEBUG (7): Starting Subscriber Opt-In process for store: Retail (1)
2015-03-26T10:30:03+00:00 DEBUG (7): Starting Subscriber Opt-In process for store: Wholesale (2)
2015-03-26T10:45:02+00:00 DEBUG (7): Starting Subscriber Opt-In process for store: Admin (0)
2015-03-26T10:45:02+00:00 DEBUG (7): Starting Subscriber Opt-In process for store: International (3)
2015-03-26T10:45:02+00:00 DEBUG (7): Starting Subscriber Opt-In process for store: Retail (1)
2015-03-26T10:45:03+00:00 DEBUG (7): Starting Subscriber Opt-In process for store: Wholesale (2)
2015-03-26T11:00:02+00:00 DEBUG (7): Starting Subscriber Opt-In process for store: Admin (0)
2015-03-26T11:00:02+00:00 DEBUG (7): Starting Subscriber Opt-In process for store: International (3)
2015-03-26T11:00:02+00:00 DEBUG (7): Starting Subscriber Opt-In process for store: Retail (1)
2015-03-26T11:00:03+00:00 DEBUG (7): Starting Subscriber Opt-In process for store: Wholesale (2)
2015-03-26T11:15:02+00:00 DEBUG (7): Starting Subscriber Opt-In process for store: Admin (0)
2015-03-26T11:15:02+00:00 DEBUG (7): Starting Subscriber Opt-In process for store: International (3)
2015-03-26T11:15:02+00:00 DEBUG (7): Starting Subscriber Opt-In process for store: Retail (1)
2015-03-26T11:15:02+00:00 DEBUG (7): Starting Subscriber Opt-In process for store: Wholesale (2)
2015-03-26T11:30:02+00:00 DEBUG (7): Starting Subscriber Opt-In process for store: Admin (0)
2015-03-26T11:30:02+00:00 DEBUG (7): Starting Subscriber Opt-In process for store: International (3)
2015-03-26T11:30:02+00:00 DEBUG (7): Starting Subscriber Opt-In process for store: Retail (1)
2015-03-26T11:30:03+00:00 DEBUG (7): Starting Subscriber Opt-In process for store: Wholesale (2)
2015-03-26T11:45:02+00:00 DEBUG (7): Starting Subscriber Opt-In process for store: Admin (0)
2015-03-26T11:45:02+00:00 DEBUG (7): Starting Subscriber Opt-In process for store: International (3)
2015-03-26T11:45:02+00:00 DEBUG (7): Starting Subscriber Opt-In process for store: Retail (1)
2015-03-26T11:45:03+00:00 DEBUG (7): Starting Subscriber Opt-In process for store: Wholesale (2)
2015-03-26T12:00:05+00:00 DEBUG (7): Starting Subscriber Opt-In process for store: Admin (0)
2015-03-26T12:00:05+00:00 DEBUG (7): Starting Subscriber Opt-In process for store: International (3)
2015-03-26T12:00:05+00:00 DEBUG (7): Starting Subscriber Opt-In process for store: Retail (1)
2015-03-26T12:00:05+00:00 DEBUG (7): Starting Subscriber Opt-In process for store: Wholesale (2)
2015-03-26T12:15:02+00:00 DEBUG (7): Starting Subscriber Opt-In process for store: Admin (0)
2015-03-26T12:15:02+00:00 DEBUG (7): Starting Subscriber Opt-In process for store: International (3)
2015-03-26T12:15:02+00:00 DEBUG (7): Starting Subscriber Opt-In process for store: Retail (1)
2015-03-26T12:15:03+00:00 DEBUG (7): Starting Subscriber Opt-In process for store: Wholesale (2)
2015-03-26T12:30:02+00:00 DEBUG (7): Starting Subscriber Opt-In process for store: Admin (0)
2015-03-26T12:30:02+00:00 DEBUG (7): Starting Subscriber Opt-In process for store: International (3)
2015-03-26T12:30:02+00:00 DEBUG (7): Starting Subscriber Opt-In process for store: Retail (1)
2015-03-26T12:30:03+00:00 DEBUG (7): Starting Subscriber Opt-In process for store: Wholesale (2)
2015-03-26T12:45:02+00:00 DEBUG (7): Starting Subscriber Opt-In process for store: Admin (0)
2015-03-26T12:45:02+00:00 DEBUG (7): Starting Subscriber Opt-In process for store: International (3)
2015-03-26T12:45:02+00:00 DEBUG (7): Starting Subscriber Opt-In process for store: Retail (1)
2015-03-26T12:45:03+00:00 DEBUG (7): Starting Subscriber Opt-In process for store: Wholesale (2)
2015-03-26T13:00:02+00:00 DEBUG (7): Starting Subscriber Opt-In process for store: Admin (0)
2015-03-26T13:00:02+00:00 DEBUG (7): Starting Subscriber Opt-In process for store: International (3)
2015-03-26T13:00:02+00:00 DEBUG (7): Starting Subscriber Opt-In process for store: Retail (1)
2015-03-26T13:00:03+00:00 DEBUG (7): Starting Subscriber Opt-In process for store: Wholesale (2)
2015-03-26T13:15:02+00:00 DEBUG (7): Starting Subscriber Opt-In process for store: Admin (0)
2015-03-26T13:15:02+00:00 DEBUG (7): Starting Subscriber Opt-In process for store: International (3)
2015-03-26T13:15:02+00:00 DEBUG (7): Starting Subscriber Opt-In process for store: Retail (1)
2015-03-26T13:15:03+00:00 DEBUG (7): Starting Subscriber Opt-In process for store: Wholesale (2)
2015-03-26T13:30:02+00:00 DEBUG (7): Starting Subscriber Opt-In process for store: Admin (0)
2015-03-26T13:30:02+00:00 DEBUG (7): Starting Subscriber Opt-In process for store: International (3)
2015-03-26T13:30:02+00:00 DEBUG (7): Starting Subscriber Opt-In process for store: Retail (1)
2015-03-26T13:30:03+00:00 DEBUG (7): Starting Subscriber Opt-In process for store: Wholesale (2)
2015-03-26T13:45:02+00:00 DEBUG (7): Starting Subscriber Opt-In process for store: Admin (0)
2015-03-26T13:45:02+00:00 DEBUG (7): Starting Subscriber Opt-In process for store: International (3)
2015-03-26T13:45:02+00:00 DEBUG (7): Starting Subscriber Opt-In process for store: Retail (1)
2015-03-26T13:45:03+00:00 DEBUG (7): Starting Subscriber Opt-In process for store: Wholesale (2)
2015-03-26T14:05:03+00:00 DEBUG (7): Starting Subscriber Opt-In process for store: Admin (0)
2015-03-26T14:05:03+00:00 DEBUG (7): Starting Subscriber Opt-In process for store: International (3)
2015-03-26T14:05:03+00:00 DEBUG (7): Starting Subscriber Opt-In process for store: Retail (1)
2015-03-26T14:05:03+00:00 DEBUG (7): Starting Subscriber Opt-In process for store: Wholesale (2)
2015-03-26T14:15:02+00:00 DEBUG (7): Starting Subscriber Opt-In process for store: Admin (0)
2015-03-26T14:15:02+00:00 DEBUG (7): Starting Subscriber Opt-In process for store: International (3)
2015-03-26T14:15:02+00:00 DEBUG (7): Starting Subscriber Opt-In process for store: Retail (1)
2015-03-26T14:15:03+00:00 INFO (6):   Adding Contact to list: Bloomingbath.com
2015-03-26T14:15:03+00:00 INFO (6):   Setting Contact (caitynicole@live.com) status to: active
2015-03-26T14:15:03+00:00 DEBUG (7): Starting Subscriber Opt-In process for store: Wholesale (2)
2015-03-26T14:30:02+00:00 DEBUG (7): Starting Subscriber Opt-In process for store: Admin (0)
2015-03-26T14:30:02+00:00 DEBUG (7): Starting Subscriber Opt-In process for store: International (3)
2015-03-26T14:30:02+00:00 DEBUG (7): Starting Subscriber Opt-In process for store: Retail (1)
2015-03-26T14:30:03+00:00 DEBUG (7): Starting Subscriber Opt-In process for store: Wholesale (2)
2015-03-26T14:45:02+00:00 DEBUG (7): Starting Subscriber Opt-In process for store: Admin (0)
2015-03-26T14:45:02+00:00 DEBUG (7): Starting Subscriber Opt-In process for store: International (3)
2015-03-26T14:45:02+00:00 DEBUG (7): Starting Subscriber Opt-In process for store: Retail (1)
2015-03-26T14:45:03+00:00 DEBUG (7): Starting Subscriber Opt-In process for store: Wholesale (2)
2015-03-26T15:00:02+00:00 DEBUG (7): Starting Subscriber Opt-In process for store: Admin (0)
2015-03-26T15:00:02+00:00 DEBUG (7): Starting Subscriber Opt-In process for store: International (3)
2015-03-26T15:00:02+00:00 DEBUG (7): Starting Subscriber Opt-In process for store: Retail (1)
2015-03-26T15:00:03+00:00 INFO (6):   Adding Contact to list: Bloomingbath.com
2015-03-26T15:00:03+00:00 INFO (6):   Setting Contact (6209petruescu@gmail.com) status to: active
2015-03-26T15:00:04+00:00 DEBUG (7): Starting Subscriber Opt-In process for store: Wholesale (2)
2015-03-26T15:09:01+00:00 DEBUG (7): No subscription status found in session.
2015-03-26T15:15:07+00:00 DEBUG (7): Starting Subscriber Opt-In process for store: Admin (0)
2015-03-26T15:15:07+00:00 DEBUG (7): Starting Subscriber Opt-In process for store: International (3)
2015-03-26T15:15:07+00:00 DEBUG (7): Starting Subscriber Opt-In process for store: Retail (1)
2015-03-26T15:15:08+00:00 DEBUG (7): Starting Subscriber Opt-In process for store: Wholesale (2)
2015-03-26T15:30:09+00:00 DEBUG (7): Starting Subscriber Opt-In process for store: Admin (0)
2015-03-26T15:30:09+00:00 DEBUG (7): Starting Subscriber Opt-In process for store: International (3)
2015-03-26T15:30:09+00:00 DEBUG (7): Starting Subscriber Opt-In process for store: Retail (1)
2015-03-26T15:30:09+00:00 INFO (6):   Adding Contact to list: Bloomingbath.com
2015-03-26T15:30:09+00:00 INFO (6):   Setting Contact (urijgai2001@livemail.tw) status to: active
2015-03-26T15:30:10+00:00 DEBUG (7): Starting Subscriber Opt-In process for store: Wholesale (2)
2015-03-26T15:45:12+00:00 DEBUG (7): Starting Subscriber Opt-In process for store: Admin (0)
2015-03-26T15:45:12+00:00 DEBUG (7): Starting Subscriber Opt-In process for store: International (3)
2015-03-26T15:45:12+00:00 DEBUG (7): Starting Subscriber Opt-In process for store: Retail (1)
2015-03-26T15:45:12+00:00 DEBUG (7): Starting Subscriber Opt-In process for store: Wholesale (2)
2015-03-26T16:00:04+00:00 DEBUG (7): Starting Subscriber Opt-In process for store: Admin (0)
2015-03-26T16:00:04+00:00 DEBUG (7): Starting Subscriber Opt-In process for store: International (3)
2015-03-26T16:00:04+00:00 DEBUG (7): Starting Subscriber Opt-In process for store: Retail (1)
2015-03-26T16:00:04+00:00 DEBUG (7): Starting Subscriber Opt-In process for store: Wholesale (2)
2015-03-26T16:15:19+00:00 DEBUG (7): Starting Subscriber Opt-In process for store: Admin (0)
2015-03-26T16:15:19+00:00 DEBUG (7): Starting Subscriber Opt-In process for store: International (3)
2015-03-26T16:15:19+00:00 DEBUG (7): Starting Subscriber Opt-In process for store: Retail (1)
2015-03-26T16:15:19+00:00 INFO (6):   Adding Contact to list: Bloomingbath.com
2015-03-26T16:15:19+00:00 INFO (6):   Setting Contact (call_me_17@hotmail.com) status to: active
2015-03-26T16:15:20+00:00 DEBUG (7): Starting Subscriber Opt-In process for store: Wholesale (2)
2015-03-26T16:30:04+00:00 DEBUG (7): Starting Subscriber Opt-In process for store: Admin (0)
2015-03-26T16:30:04+00:00 DEBUG (7): Starting Subscriber Opt-In process for store: International (3)
2015-03-26T16:30:04+00:00 DEBUG (7): Starting Subscriber Opt-In process for store: Retail (1)
2015-03-26T16:30:05+00:00 DEBUG (7): Starting Subscriber Opt-In process for store: Wholesale (2)
2015-03-26T16:45:02+00:00 DEBUG (7): Starting Subscriber Opt-In process for store: Admin (0)
2015-03-26T16:45:02+00:00 DEBUG (7): Starting Subscriber Opt-In process for store: International (3)
2015-03-26T16:45:02+00:00 DEBUG (7): Starting Subscriber Opt-In process for store: Retail (1)
2015-03-26T16:45:03+00:00 DEBUG (7): Starting Subscriber Opt-In process for store: Wholesale (2)
2015-03-26T17:00:02+00:00 DEBUG (7): Starting Subscriber Opt-In process for store: Admin (0)
2015-03-26T17:00:02+00:00 DEBUG (7): Starting Subscriber Opt-In process for store: International (3)
2015-03-26T17:00:02+00:00 DEBUG (7): Starting Subscriber Opt-In process for store: Retail (1)
2015-03-26T17:00:03+00:00 INFO (6):   Adding Contact to list: Bloomingbath.com
2015-03-26T17:00:03+00:00 INFO (6):   Setting Contact (raebeachbum@yahoo.com) status to: active
2015-03-26T17:00:04+00:00 DEBUG (7): Starting Subscriber Opt-In process for store: Wholesale (2)
2015-03-26T17:15:05+00:00 DEBUG (7): Starting Subscriber Opt-In process for store: Admin (0)
2015-03-26T17:15:05+00:00 DEBUG (7): Starting Subscriber Opt-In process for store: International (3)
2015-03-26T17:15:05+00:00 DEBUG (7): Starting Subscriber Opt-In process for store: Retail (1)
2015-03-26T17:15:05+00:00 INFO (6):   Adding Contact to list: Bloomingbath.com
2015-03-26T17:15:05+00:00 INFO (6):   Setting Contact (Maytrottcc@yahoo.com) status to: active
2015-03-26T17:15:06+00:00 INFO (6):   Adding Contact to list: Bloomingbath.com
2015-03-26T17:15:06+00:00 INFO (6):   Setting Contact (nshamlin12@gmail.com) status to: active
2015-03-26T17:15:06+00:00 DEBUG (7): Starting Subscriber Opt-In process for store: Wholesale (2)
2015-03-26T17:16:13+00:00 DEBUG (7): No subscription status found in session.
2015-03-26T17:30:04+00:00 DEBUG (7): Starting Subscriber Opt-In process for store: Admin (0)
2015-03-26T17:30:04+00:00 DEBUG (7): Starting Subscriber Opt-In process for store: International (3)
2015-03-26T17:30:04+00:00 DEBUG (7): Starting Subscriber Opt-In process for store: Retail (1)
2015-03-26T17:30:04+00:00 INFO (6):   Adding Contact to list: Bloomingbath.com
2015-03-26T17:30:04+00:00 INFO (6):   Setting Contact (e.oviedo@me.com) status to: active
2015-03-26T17:30:04+00:00 DEBUG (7): Starting Subscriber Opt-In process for store: Wholesale (2)
2015-03-26T17:45:05+00:00 DEBUG (7): Starting Subscriber Opt-In process for store: Admin (0)
2015-03-26T17:45:05+00:00 DEBUG (7): Starting Subscriber Opt-In process for store: International (3)
2015-03-26T17:45:05+00:00 DEBUG (7): Starting Subscriber Opt-In process for store: Retail (1)
2015-03-26T17:45:05+00:00 DEBUG (7): Starting Subscriber Opt-In process for store: Wholesale (2)
2015-03-26T17:52:14+00:00 DEBUG (7): No subscription status found in session.
2015-03-26T18:05:05+00:00 DEBUG (7): Starting Subscriber Opt-In process for store: Admin (0)
2015-03-26T18:05:05+00:00 DEBUG (7): Starting Subscriber Opt-In process for store: International (3)
2015-03-26T18:05:05+00:00 DEBUG (7): Starting Subscriber Opt-In process for store: Retail (1)
2015-03-26T18:05:06+00:00 DEBUG (7): Starting Subscriber Opt-In process for store: Wholesale (2)
2015-03-26T18:15:02+00:00 DEBUG (7): Starting Subscriber Opt-In process for store: Admin (0)
2015-03-26T18:15:02+00:00 DEBUG (7): Starting Subscriber Opt-In process for store: International (3)
2015-03-26T18:15:02+00:00 DEBUG (7): Starting Subscriber Opt-In process for store: Retail (1)
2015-03-26T18:15:03+00:00 DEBUG (7): Starting Subscriber Opt-In process for store: Wholesale (2)
2015-03-26T18:30:04+00:00 DEBUG (7): Starting Subscriber Opt-In process for store: Admin (0)
2015-03-26T18:30:04+00:00 DEBUG (7): Starting Subscriber Opt-In process for store: International (3)
2015-03-26T18:30:04+00:00 DEBUG (7): Starting Subscriber Opt-In process for store: Retail (1)
2015-03-26T18:30:04+00:00 INFO (6):   Adding Contact to list: Bloomingbath.com
2015-03-26T18:30:04+00:00 INFO (6):   Setting Contact (mm.robertson@hotmail.com) status to: active
2015-03-26T18:30:04+00:00 DEBUG (7): Starting Subscriber Opt-In process for store: Wholesale (2)
2015-03-26T18:45:03+00:00 DEBUG (7): Starting Subscriber Opt-In process for store: Admin (0)
2015-03-26T18:45:03+00:00 DEBUG (7): Starting Subscriber Opt-In process for store: International (3)
2015-03-26T18:45:03+00:00 DEBUG (7): Starting Subscriber Opt-In process for store: Retail (1)
2015-03-26T18:45:03+00:00 DEBUG (7): Starting Subscriber Opt-In process for store: Wholesale (2)
2015-03-26T18:50:22+00:00 DEBUG (7): No subscription status found in session.
2015-03-26T18:58:33+00:00 DEBUG (7): No subscription status found in session.
2015-03-26T19:00:04+00:00 DEBUG (7): Starting Subscriber Opt-In process for store: Admin (0)
2015-03-26T19:00:04+00:00 DEBUG (7): Starting Subscriber Opt-In process for store: International (3)
2015-03-26T19:00:04+00:00 DEBUG (7): Starting Subscriber Opt-In process for store: Retail (1)
2015-03-26T19:00:04+00:00 DEBUG (7): Starting Subscriber Opt-In process for store: Wholesale (2)
2015-03-26T19:15:02+00:00 DEBUG (7): Starting Subscriber Opt-In process for store: Admin (0)
2015-03-26T19:15:02+00:00 DEBUG (7): Starting Subscriber Opt-In process for store: International (3)
2015-03-26T19:15:02+00:00 DEBUG (7): Starting Subscriber Opt-In process for store: Retail (1)
2015-03-26T19:15:03+00:00 INFO (6):   Adding Contact to list: Bloomingbath.com
2015-03-26T19:15:03+00:00 INFO (6):   Setting Contact (nadiya_cunnison@hotmail.co.uk) status to: active
2015-03-26T19:15:03+00:00 DEBUG (7): Starting Subscriber Opt-In process for store: Wholesale (2)
2015-03-26T19:30:02+00:00 DEBUG (7): Starting Subscriber Opt-In process for store: Admin (0)
2015-03-26T19:30:02+00:00 DEBUG (7): Starting Subscriber Opt-In process for store: International (3)
2015-03-26T19:30:02+00:00 DEBUG (7): Starting Subscriber Opt-In process for store: Retail (1)
2015-03-26T19:30:03+00:00 INFO (6):   Adding Contact to list: Bloomingbath.com
2015-03-26T19:30:03+00:00 INFO (6):   Setting Contact (audiemarie80@gmail.com) status to: active
2015-03-26T19:30:03+00:00 DEBUG (7): Starting Subscriber Opt-In process for store: Wholesale (2)
2015-03-26T19:45:02+00:00 DEBUG (7): Starting Subscriber Opt-In process for store: Admin (0)
2015-03-26T19:45:02+00:00 DEBUG (7): Starting Subscriber Opt-In process for store: International (3)
2015-03-26T19:45:02+00:00 DEBUG (7): Starting Subscriber Opt-In process for store: Retail (1)
2015-03-26T19:45:03+00:00 DEBUG (7): Starting Subscriber Opt-In process for store: Wholesale (2)
2015-03-26T20:00:05+00:00 DEBUG (7): Starting Subscriber Opt-In process for store: Admin (0)
2015-03-26T20:00:05+00:00 DEBUG (7): Starting Subscriber Opt-In process for store: International (3)
2015-03-26T20:00:05+00:00 DEBUG (7): Starting Subscriber Opt-In process for store: Retail (1)
2015-03-26T20:00:05+00:00 DEBUG (7): Starting Subscriber Opt-In process for store: Wholesale (2)
2015-03-26T20:20:03+00:00 DEBUG (7): Starting Subscriber Opt-In process for store: Admin (0)
2015-03-26T20:20:03+00:00 DEBUG (7): Starting Subscriber Opt-In process for store: International (3)
2015-03-26T20:20:03+00:00 DEBUG (7): Starting Subscriber Opt-In process for store: Retail (1)
2015-03-26T20:20:04+00:00 INFO (6):   Adding Contact to list: Bloomingbath.com
2015-03-26T20:20:04+00:00 INFO (6):   Setting Contact (evejanes03@live.co.uk) status to: active
2015-03-26T20:20:04+00:00 INFO (6):   Adding Contact to list: Bloomingbath.com
2015-03-26T20:20:04+00:00 INFO (6):   Setting Contact (mannyrlo9@gmail.com) status to: active
2015-03-26T20:20:04+00:00 DEBUG (7): Starting Subscriber Opt-In process for store: Wholesale (2)
2015-03-26T20:30:02+00:00 DEBUG (7): Starting Subscriber Opt-In process for store: Admin (0)
2015-03-26T20:30:02+00:00 DEBUG (7): Starting Subscriber Opt-In process for store: International (3)
2015-03-26T20:30:02+00:00 DEBUG (7): Starting Subscriber Opt-In process for store: Retail (1)
2015-03-26T20:30:03+00:00 INFO (6):   Adding Contact to list: Bloomingbath.com
2015-03-26T20:30:03+00:00 INFO (6):   Setting Contact (lhuck@nvsd.org) status to: active
2015-03-26T20:30:03+00:00 DEBUG (7): Starting Subscriber Opt-In process for store: Wholesale (2)
2015-03-26T20:45:02+00:00 DEBUG (7): Starting Subscriber Opt-In process for store: Admin (0)
2015-03-26T20:45:02+00:00 DEBUG (7): Starting Subscriber Opt-In process for store: International (3)
2015-03-26T20:45:02+00:00 DEBUG (7): Starting Subscriber Opt-In process for store: Retail (1)
2015-03-26T20:45:03+00:00 DEBUG (7): Starting Subscriber Opt-In process for store: Wholesale (2)
2015-03-26T20:56:26+00:00 DEBUG (7): No subscription status found in session.
2015-03-26T21:00:04+00:00 DEBUG (7): Starting Subscriber Opt-In process for store: Admin (0)
2015-03-26T21:00:04+00:00 DEBUG (7): Starting Subscriber Opt-In process for store: International (3)
2015-03-26T21:00:04+00:00 DEBUG (7): Starting Subscriber Opt-In process for store: Retail (1)
2015-03-26T21:00:04+00:00 DEBUG (7): Starting Subscriber Opt-In process for store: Wholesale (2)
2015-03-26T21:15:02+00:00 DEBUG (7): Starting Subscriber Opt-In process for store: Admin (0)
2015-03-26T21:15:02+00:00 DEBUG (7): Starting Subscriber Opt-In process for store: International (3)
2015-03-26T21:15:02+00:00 DEBUG (7): Starting Subscriber Opt-In process for store: Retail (1)
2015-03-26T21:15:03+00:00 DEBUG (7): Starting Subscriber Opt-In process for store: Wholesale (2)
2015-03-26T21:23:45+00:00 DEBUG (7): No subscription status found in session.
2015-03-26T21:30:04+00:00 DEBUG (7): Starting Subscriber Opt-In process for store: Admin (0)
2015-03-26T21:30:04+00:00 DEBUG (7): Starting Subscriber Opt-In process for store: International (3)
2015-03-26T21:30:04+00:00 DEBUG (7): Starting Subscriber Opt-In process for store: Retail (1)
2015-03-26T21:30:04+00:00 INFO (6):   Adding Contact to list: Bloomingbath.com
2015-03-26T21:30:05+00:00 INFO (6):   Setting Contact (riddhishah687@hotmail.com) status to: active
2015-03-26T21:30:05+00:00 DEBUG (7): Starting Subscriber Opt-In process for store: Wholesale (2)
2015-03-26T21:45:02+00:00 DEBUG (7): Starting Subscriber Opt-In process for store: Admin (0)
2015-03-26T21:45:02+00:00 DEBUG (7): Starting Subscriber Opt-In process for store: International (3)
2015-03-26T21:45:02+00:00 DEBUG (7): Starting Subscriber Opt-In process for store: Retail (1)
2015-03-26T21:45:03+00:00 DEBUG (7): Starting Subscriber Opt-In process for store: Wholesale (2)
2015-03-26T22:00:03+00:00 DEBUG (7): Starting Subscriber Opt-In process for store: Admin (0)
2015-03-26T22:00:03+00:00 DEBUG (7): Starting Subscriber Opt-In process for store: International (3)
2015-03-26T22:00:03+00:00 DEBUG (7): Starting Subscriber Opt-In process for store: Retail (1)
2015-03-26T22:00:03+00:00 DEBUG (7): Starting Subscriber Opt-In process for store: Wholesale (2)
2015-03-26T22:15:05+00:00 DEBUG (7): Starting Subscriber Opt-In process for store: Admin (0)
2015-03-26T22:15:05+00:00 DEBUG (7): Starting Subscriber Opt-In process for store: International (3)
2015-03-26T22:15:05+00:00 DEBUG (7): Starting Subscriber Opt-In process for store: Retail (1)
2015-03-26T22:15:05+00:00 DEBUG (7): Starting Subscriber Opt-In process for store: Wholesale (2)
2015-03-26T22:30:03+00:00 DEBUG (7): Starting Subscriber Opt-In process for store: Admin (0)
2015-03-26T22:30:03+00:00 DEBUG (7): Starting Subscriber Opt-In process for store: International (3)
2015-03-26T22:30:03+00:00 DEBUG (7): Starting Subscriber Opt-In process for store: Retail (1)
2015-03-26T22:30:04+00:00 DEBUG (7): Starting Subscriber Opt-In process for store: Wholesale (2)
2015-03-26T22:45:02+00:00 DEBUG (7): Starting Subscriber Opt-In process for store: Admin (0)
2015-03-26T22:45:02+00:00 DEBUG (7): Starting Subscriber Opt-In process for store: International (3)
2015-03-26T22:45:02+00:00 DEBUG (7): Starting Subscriber Opt-In process for store: Retail (1)
2015-03-26T22:45:03+00:00 INFO (6):   Adding Contact to list: Bloomingbath.com
2015-03-26T22:45:03+00:00 INFO (6):   Setting Contact (normaCE@outlook.es) status to: active
2015-03-26T22:45:04+00:00 DEBUG (7): Starting Subscriber Opt-In process for store: Wholesale (2)
2015-03-26T23:00:02+00:00 DEBUG (7): Starting Subscriber Opt-In process for store: Admin (0)
2015-03-26T23:00:02+00:00 DEBUG (7): Starting Subscriber Opt-In process for store: International (3)
2015-03-26T23:00:02+00:00 DEBUG (7): Starting Subscriber Opt-In process for store: Retail (1)
2015-03-26T23:00:03+00:00 INFO (6):   Adding Contact to list: Bloomingbath.com
2015-03-26T23:00:03+00:00 INFO (6):   Setting Contact (alishagauthier@yahoo.com) status to: active
2015-03-26T23:00:03+00:00 DEBUG (7): Starting Subscriber Opt-In process for store: Wholesale (2)
2015-03-26T23:15:02+00:00 DEBUG (7): Starting Subscriber Opt-In process for store: Admin (0)
2015-03-26T23:15:02+00:00 DEBUG (7): Starting Subscriber Opt-In process for store: International (3)
2015-03-26T23:15:02+00:00 DEBUG (7): Starting Subscriber Opt-In process for store: Retail (1)
2015-03-26T23:15:03+00:00 DEBUG (7): Starting Subscriber Opt-In process for store: Wholesale (2)
2015-03-26T23:35:02+00:00 DEBUG (7): Starting Subscriber Opt-In process for store: Admin (0)
2015-03-26T23:35:02+00:00 DEBUG (7): Starting Subscriber Opt-In process for store: International (3)
2015-03-26T23:35:02+00:00 DEBUG (7): Starting Subscriber Opt-In process for store: Retail (1)
2015-03-26T23:35:03+00:00 DEBUG (7): Starting Subscriber Opt-In process for store: Wholesale (2)
2015-03-26T23:45:03+00:00 DEBUG (7): Starting Subscriber Opt-In process for store: Admin (0)
2015-03-26T23:45:03+00:00 DEBUG (7): Starting Subscriber Opt-In process for store: International (3)
2015-03-26T23:45:03+00:00 DEBUG (7): Starting Subscriber Opt-In process for store: Retail (1)
2015-03-26T23:45:04+00:00 DEBUG (7): Starting Subscriber Opt-In process for store: Wholesale (2)
