2015-04-21T00:00:04+00:00 DEBUG (7): Starting Subscriber Opt-In process for store: Admin (0)
2015-04-21T00:00:04+00:00 DEBUG (7): Starting Subscriber Opt-In process for store: International (3)
2015-04-21T00:00:04+00:00 DEBUG (7): Starting Subscriber Opt-In process for store: Retail (1)
2015-04-21T00:00:04+00:00 INFO (6):   Adding Contact to list: Bloomingbath.com
2015-04-21T00:00:04+00:00 INFO (6):   Setting Contact (brookeh30@aol.com) status to: active
2015-04-21T00:00:05+00:00 DEBUG (7): Starting Subscriber Opt-In process for store: Wholesale (2)
2015-04-21T00:15:03+00:00 DEBUG (7): Starting Subscriber Opt-In process for store: Admin (0)
2015-04-21T00:15:03+00:00 DEBUG (7): Starting Subscriber Opt-In process for store: International (3)
2015-04-21T00:15:03+00:00 DEBUG (7): Starting Subscriber Opt-In process for store: Retail (1)
2015-04-21T00:15:07+00:00 DEBUG (7): Starting Subscriber Opt-In process for store: Wholesale (2)
2015-04-21T00:30:02+00:00 DEBUG (7): Starting Subscriber Opt-In process for store: Admin (0)
2015-04-21T00:30:02+00:00 DEBUG (7): Starting Subscriber Opt-In process for store: International (3)
2015-04-21T00:30:02+00:00 DEBUG (7): Starting Subscriber Opt-In process for store: Retail (1)
2015-04-21T00:30:19+00:00 DEBUG (7): Starting Subscriber Opt-In process for store: Wholesale (2)
2015-04-21T00:45:02+00:00 DEBUG (7): Starting Subscriber Opt-In process for store: Admin (0)
2015-04-21T00:45:02+00:00 DEBUG (7): Starting Subscriber Opt-In process for store: International (3)
2015-04-21T00:45:02+00:00 DEBUG (7): Starting Subscriber Opt-In process for store: Retail (1)
2015-04-21T00:45:03+00:00 DEBUG (7): Starting Subscriber Opt-In process for store: Wholesale (2)
2015-04-21T01:00:02+00:00 DEBUG (7): Starting Subscriber Opt-In process for store: Admin (0)
2015-04-21T01:00:02+00:00 DEBUG (7): Starting Subscriber Opt-In process for store: International (3)
2015-04-21T01:00:02+00:00 DEBUG (7): Starting Subscriber Opt-In process for store: Retail (1)
2015-04-21T01:00:03+00:00 INFO (6):   Adding Contact to list: Bloomingbath.com
2015-04-21T01:00:03+00:00 INFO (6):   Setting Contact (alicia.lo20@autloock.com) status to: active
2015-04-21T01:00:03+00:00 DEBUG (7): Starting Subscriber Opt-In process for store: Wholesale (2)
2015-04-21T01:15:02+00:00 DEBUG (7): Starting Subscriber Opt-In process for store: Admin (0)
2015-04-21T01:15:02+00:00 DEBUG (7): Starting Subscriber Opt-In process for store: International (3)
2015-04-21T01:15:02+00:00 DEBUG (7): Starting Subscriber Opt-In process for store: Retail (1)
2015-04-21T01:15:03+00:00 DEBUG (7): Starting Subscriber Opt-In process for store: Wholesale (2)
2015-04-21T01:35:03+00:00 DEBUG (7): Starting Subscriber Opt-In process for store: Admin (0)
2015-04-21T01:35:03+00:00 DEBUG (7): Starting Subscriber Opt-In process for store: International (3)
2015-04-21T01:35:03+00:00 DEBUG (7): Starting Subscriber Opt-In process for store: Retail (1)
2015-04-21T01:35:07+00:00 DEBUG (7): Starting Subscriber Opt-In process for store: Wholesale (2)
2015-04-21T01:45:04+00:00 DEBUG (7): Starting Subscriber Opt-In process for store: Admin (0)
2015-04-21T01:45:04+00:00 DEBUG (7): Starting Subscriber Opt-In process for store: International (3)
2015-04-21T01:45:04+00:00 DEBUG (7): Starting Subscriber Opt-In process for store: Retail (1)
2015-04-21T01:45:04+00:00 DEBUG (7): Starting Subscriber Opt-In process for store: Wholesale (2)
2015-04-21T02:00:02+00:00 DEBUG (7): Starting Subscriber Opt-In process for store: Admin (0)
2015-04-21T02:00:02+00:00 DEBUG (7): Starting Subscriber Opt-In process for store: International (3)
2015-04-21T02:00:02+00:00 DEBUG (7): Starting Subscriber Opt-In process for store: Retail (1)
2015-04-21T02:00:03+00:00 DEBUG (7): Starting Subscriber Opt-In process for store: Wholesale (2)
2015-04-21T02:15:03+00:00 DEBUG (7): Starting Subscriber Opt-In process for store: Admin (0)
2015-04-21T02:15:03+00:00 DEBUG (7): Starting Subscriber Opt-In process for store: International (3)
2015-04-21T02:15:03+00:00 DEBUG (7): Starting Subscriber Opt-In process for store: Retail (1)
2015-04-21T02:15:09+00:00 INFO (6):   Adding Contact to list: Bloomingbath.com
2015-04-21T02:15:09+00:00 INFO (6):   Setting Contact (jnewsom94@yahoo.com) status to: active
2015-04-21T02:15:10+00:00 INFO (6):   Adding Contact to list: Bloomingbath.com
2015-04-21T02:15:10+00:00 INFO (6):   Setting Contact (belindaduyn@yahoo.com.au) status to: active
2015-04-21T02:15:10+00:00 INFO (6):   Adding Contact to list: Bloomingbath.com
2015-04-21T02:15:10+00:00 INFO (6):   Setting Contact (bittnerbecker@rogers.com) status to: active
2015-04-21T02:15:10+00:00 DEBUG (7): Starting Subscriber Opt-In process for store: Wholesale (2)
2015-04-21T02:30:02+00:00 DEBUG (7): Starting Subscriber Opt-In process for store: Admin (0)
2015-04-21T02:30:02+00:00 DEBUG (7): Starting Subscriber Opt-In process for store: International (3)
2015-04-21T02:30:02+00:00 DEBUG (7): Starting Subscriber Opt-In process for store: Retail (1)
2015-04-21T02:30:03+00:00 DEBUG (7): Starting Subscriber Opt-In process for store: Wholesale (2)
2015-04-21T02:49:59+00:00 DEBUG (7): No subscription status found in session.
2015-04-21T02:50:06+00:00 DEBUG (7): Starting Subscriber Opt-In process for store: Admin (0)
2015-04-21T02:50:06+00:00 DEBUG (7): Starting Subscriber Opt-In process for store: International (3)
2015-04-21T02:50:06+00:00 DEBUG (7): Starting Subscriber Opt-In process for store: Retail (1)
2015-04-21T02:50:06+00:00 DEBUG (7): Starting Subscriber Opt-In process for store: Wholesale (2)
2015-04-21T03:00:03+00:00 DEBUG (7): Starting Subscriber Opt-In process for store: Admin (0)
2015-04-21T03:00:03+00:00 DEBUG (7): Starting Subscriber Opt-In process for store: International (3)
2015-04-21T03:00:03+00:00 DEBUG (7): Starting Subscriber Opt-In process for store: Retail (1)
2015-04-21T03:00:04+00:00 DEBUG (7): Starting Subscriber Opt-In process for store: Wholesale (2)
2015-04-21T03:15:02+00:00 DEBUG (7): Starting Subscriber Opt-In process for store: Admin (0)
2015-04-21T03:15:02+00:00 DEBUG (7): Starting Subscriber Opt-In process for store: International (3)
2015-04-21T03:15:02+00:00 DEBUG (7): Starting Subscriber Opt-In process for store: Retail (1)
2015-04-21T03:15:07+00:00 INFO (6):   Adding Contact to list: Bloomingbath.com
2015-04-21T03:15:07+00:00 INFO (6):   Setting Contact (jessicazwolle@gmail.com) status to: active
2015-04-21T03:15:07+00:00 INFO (6):   Adding Contact to list: Bloomingbath.com
2015-04-21T03:15:07+00:00 INFO (6):   Setting Contact (cheyenne.hillock@gmail.com) status to: active
2015-04-21T03:15:07+00:00 DEBUG (7): Starting Subscriber Opt-In process for store: Wholesale (2)
2015-04-21T03:30:03+00:00 DEBUG (7): Starting Subscriber Opt-In process for store: Admin (0)
2015-04-21T03:30:03+00:00 DEBUG (7): Starting Subscriber Opt-In process for store: International (3)
2015-04-21T03:30:03+00:00 DEBUG (7): Starting Subscriber Opt-In process for store: Retail (1)
2015-04-21T03:30:05+00:00 DEBUG (7): Starting Subscriber Opt-In process for store: Wholesale (2)
2015-04-21T03:45:02+00:00 DEBUG (7): Starting Subscriber Opt-In process for store: Admin (0)
2015-04-21T03:45:02+00:00 DEBUG (7): Starting Subscriber Opt-In process for store: International (3)
2015-04-21T03:45:02+00:00 DEBUG (7): Starting Subscriber Opt-In process for store: Retail (1)
2015-04-21T03:45:04+00:00 DEBUG (7): Starting Subscriber Opt-In process for store: Wholesale (2)
2015-04-21T04:00:02+00:00 DEBUG (7): Starting Subscriber Opt-In process for store: Admin (0)
2015-04-21T04:00:02+00:00 DEBUG (7): Starting Subscriber Opt-In process for store: International (3)
2015-04-21T04:00:02+00:00 DEBUG (7): Starting Subscriber Opt-In process for store: Retail (1)
2015-04-21T04:00:06+00:00 DEBUG (7): Starting Subscriber Opt-In process for store: Wholesale (2)
2015-04-21T04:15:02+00:00 DEBUG (7): Starting Subscriber Opt-In process for store: Admin (0)
2015-04-21T04:15:02+00:00 DEBUG (7): Starting Subscriber Opt-In process for store: International (3)
2015-04-21T04:15:02+00:00 DEBUG (7): Starting Subscriber Opt-In process for store: Retail (1)
2015-04-21T04:15:06+00:00 DEBUG (7): Starting Subscriber Opt-In process for store: Wholesale (2)
2015-04-21T04:30:03+00:00 DEBUG (7): Starting Subscriber Opt-In process for store: Admin (0)
2015-04-21T04:30:03+00:00 DEBUG (7): Starting Subscriber Opt-In process for store: International (3)
2015-04-21T04:30:03+00:00 DEBUG (7): Starting Subscriber Opt-In process for store: Retail (1)
2015-04-21T04:30:09+00:00 DEBUG (7): Starting Subscriber Opt-In process for store: Wholesale (2)
2015-04-21T04:45:02+00:00 DEBUG (7): Starting Subscriber Opt-In process for store: Admin (0)
2015-04-21T04:45:02+00:00 DEBUG (7): Starting Subscriber Opt-In process for store: International (3)
2015-04-21T04:45:02+00:00 DEBUG (7): Starting Subscriber Opt-In process for store: Retail (1)
2015-04-21T04:45:03+00:00 INFO (6):   Adding Contact to list: Bloomingbath.com
2015-04-21T04:45:03+00:00 INFO (6):   Setting Contact (bonnetensorr@hotmail.com) status to: active
2015-04-21T04:45:04+00:00 DEBUG (7): Starting Subscriber Opt-In process for store: Wholesale (2)
2015-04-21T05:05:03+00:00 DEBUG (7): Starting Subscriber Opt-In process for store: Admin (0)
2015-04-21T05:05:03+00:00 DEBUG (7): Starting Subscriber Opt-In process for store: International (3)
2015-04-21T05:05:03+00:00 DEBUG (7): Starting Subscriber Opt-In process for store: Retail (1)
2015-04-21T05:05:04+00:00 DEBUG (7): Starting Subscriber Opt-In process for store: Wholesale (2)
2015-04-21T05:15:02+00:00 DEBUG (7): Starting Subscriber Opt-In process for store: Admin (0)
2015-04-21T05:15:02+00:00 DEBUG (7): Starting Subscriber Opt-In process for store: International (3)
2015-04-21T05:15:02+00:00 DEBUG (7): Starting Subscriber Opt-In process for store: Retail (1)
2015-04-21T05:15:03+00:00 DEBUG (7): Starting Subscriber Opt-In process for store: Wholesale (2)
2015-04-21T05:30:02+00:00 DEBUG (7): Starting Subscriber Opt-In process for store: Admin (0)
2015-04-21T05:30:02+00:00 DEBUG (7): Starting Subscriber Opt-In process for store: International (3)
2015-04-21T05:30:02+00:00 DEBUG (7): Starting Subscriber Opt-In process for store: Retail (1)
2015-04-21T05:30:03+00:00 INFO (6):   Adding Contact to list: Bloomingbath.com
2015-04-21T05:30:03+00:00 INFO (6):   Setting Contact (claireafrankland@gmail.com) status to: active
2015-04-21T05:30:04+00:00 INFO (6):   Adding Contact to list: Bloomingbath.com
2015-04-21T05:30:04+00:00 INFO (6):   Setting Contact (kitten1027@gmail.com) status to: active
2015-04-21T05:30:04+00:00 DEBUG (7): Starting Subscriber Opt-In process for store: Wholesale (2)
2015-04-21T05:45:02+00:00 DEBUG (7): Starting Subscriber Opt-In process for store: Admin (0)
2015-04-21T05:45:02+00:00 DEBUG (7): Starting Subscriber Opt-In process for store: International (3)
2015-04-21T05:45:02+00:00 DEBUG (7): Starting Subscriber Opt-In process for store: Retail (1)
2015-04-21T05:45:03+00:00 DEBUG (7): Starting Subscriber Opt-In process for store: Wholesale (2)
2015-04-21T06:00:02+00:00 DEBUG (7): Starting Subscriber Opt-In process for store: Admin (0)
2015-04-21T06:00:02+00:00 DEBUG (7): Starting Subscriber Opt-In process for store: International (3)
2015-04-21T06:00:02+00:00 DEBUG (7): Starting Subscriber Opt-In process for store: Retail (1)
2015-04-21T06:00:03+00:00 DEBUG (7): Starting Subscriber Opt-In process for store: Wholesale (2)
2015-04-21T06:15:05+00:00 DEBUG (7): Starting Subscriber Opt-In process for store: Admin (0)
2015-04-21T06:15:05+00:00 DEBUG (7): Starting Subscriber Opt-In process for store: International (3)
2015-04-21T06:15:05+00:00 DEBUG (7): Starting Subscriber Opt-In process for store: Retail (1)
2015-04-21T06:15:06+00:00 INFO (6):   Adding Contact to list: Bloomingbath.com
2015-04-21T06:15:06+00:00 INFO (6):   Setting Contact (gloria.delatorre0208@gmail.com) status to: active
2015-04-21T06:15:06+00:00 DEBUG (7): Starting Subscriber Opt-In process for store: Wholesale (2)
2015-04-21T06:30:02+00:00 DEBUG (7): Starting Subscriber Opt-In process for store: Admin (0)
2015-04-21T06:30:02+00:00 DEBUG (7): Starting Subscriber Opt-In process for store: International (3)
2015-04-21T06:30:02+00:00 DEBUG (7): Starting Subscriber Opt-In process for store: Retail (1)
2015-04-21T06:30:03+00:00 DEBUG (7): Starting Subscriber Opt-In process for store: Wholesale (2)
2015-04-21T06:45:02+00:00 DEBUG (7): Starting Subscriber Opt-In process for store: Admin (0)
2015-04-21T06:45:02+00:00 DEBUG (7): Starting Subscriber Opt-In process for store: International (3)
2015-04-21T06:45:02+00:00 DEBUG (7): Starting Subscriber Opt-In process for store: Retail (1)
2015-04-21T06:45:03+00:00 DEBUG (7): Starting Subscriber Opt-In process for store: Wholesale (2)
2015-04-21T07:05:12+00:00 DEBUG (7): Starting Subscriber Opt-In process for store: Admin (0)
2015-04-21T07:05:12+00:00 DEBUG (7): Starting Subscriber Opt-In process for store: International (3)
2015-04-21T07:05:12+00:00 DEBUG (7): Starting Subscriber Opt-In process for store: Retail (1)
2015-04-21T07:05:12+00:00 DEBUG (7): Starting Subscriber Opt-In process for store: Wholesale (2)
2015-04-21T07:15:03+00:00 DEBUG (7): Starting Subscriber Opt-In process for store: Admin (0)
2015-04-21T07:15:03+00:00 DEBUG (7): Starting Subscriber Opt-In process for store: International (3)
2015-04-21T07:15:03+00:00 DEBUG (7): Starting Subscriber Opt-In process for store: Retail (1)
2015-04-21T07:15:03+00:00 DEBUG (7): Starting Subscriber Opt-In process for store: Wholesale (2)
2015-04-21T07:30:02+00:00 DEBUG (7): Starting Subscriber Opt-In process for store: Admin (0)
2015-04-21T07:30:02+00:00 DEBUG (7): Starting Subscriber Opt-In process for store: International (3)
2015-04-21T07:30:02+00:00 DEBUG (7): Starting Subscriber Opt-In process for store: Retail (1)
2015-04-21T07:30:03+00:00 DEBUG (7): Starting Subscriber Opt-In process for store: Wholesale (2)
2015-04-21T07:45:02+00:00 DEBUG (7): Starting Subscriber Opt-In process for store: Admin (0)
2015-04-21T07:45:02+00:00 DEBUG (7): Starting Subscriber Opt-In process for store: International (3)
2015-04-21T07:45:02+00:00 DEBUG (7): Starting Subscriber Opt-In process for store: Retail (1)
2015-04-21T07:45:03+00:00 DEBUG (7): Starting Subscriber Opt-In process for store: Wholesale (2)
2015-04-21T08:00:34+00:00 DEBUG (7): Starting Subscriber Opt-In process for store: Admin (0)
2015-04-21T08:00:34+00:00 DEBUG (7): Starting Subscriber Opt-In process for store: International (3)
2015-04-21T08:00:34+00:00 DEBUG (7): Starting Subscriber Opt-In process for store: Retail (1)
2015-04-21T08:00:36+00:00 INFO (6):   Adding Contact to list: Bloomingbath.com
2015-04-21T08:00:36+00:00 INFO (6):   Setting Contact (iva.cavegn@gmail.com) status to: active
2015-04-21T08:00:36+00:00 DEBUG (7): Starting Subscriber Opt-In process for store: Wholesale (2)
2015-04-21T08:20:05+00:00 DEBUG (7): Starting Subscriber Opt-In process for store: Admin (0)
2015-04-21T08:20:05+00:00 DEBUG (7): Starting Subscriber Opt-In process for store: International (3)
2015-04-21T08:20:05+00:00 DEBUG (7): Starting Subscriber Opt-In process for store: Retail (1)
2015-04-21T08:20:05+00:00 DEBUG (7): Starting Subscriber Opt-In process for store: Wholesale (2)
2015-04-21T08:30:02+00:00 DEBUG (7): Starting Subscriber Opt-In process for store: Admin (0)
2015-04-21T08:30:02+00:00 DEBUG (7): Starting Subscriber Opt-In process for store: International (3)
2015-04-21T08:30:02+00:00 DEBUG (7): Starting Subscriber Opt-In process for store: Retail (1)
2015-04-21T08:30:03+00:00 DEBUG (7): Starting Subscriber Opt-In process for store: Wholesale (2)
2015-04-21T08:45:02+00:00 DEBUG (7): Starting Subscriber Opt-In process for store: Admin (0)
2015-04-21T08:45:02+00:00 DEBUG (7): Starting Subscriber Opt-In process for store: International (3)
2015-04-21T08:45:02+00:00 DEBUG (7): Starting Subscriber Opt-In process for store: Retail (1)
2015-04-21T08:45:03+00:00 DEBUG (7): Starting Subscriber Opt-In process for store: Wholesale (2)
2015-04-21T09:00:07+00:00 DEBUG (7): Starting Subscriber Opt-In process for store: Admin (0)
2015-04-21T09:00:07+00:00 DEBUG (7): Starting Subscriber Opt-In process for store: International (3)
2015-04-21T09:00:07+00:00 DEBUG (7): Starting Subscriber Opt-In process for store: Retail (1)
2015-04-21T09:00:08+00:00 DEBUG (7): Starting Subscriber Opt-In process for store: Wholesale (2)
2015-04-21T09:15:02+00:00 DEBUG (7): Starting Subscriber Opt-In process for store: Admin (0)
2015-04-21T09:15:02+00:00 DEBUG (7): Starting Subscriber Opt-In process for store: International (3)
2015-04-21T09:15:02+00:00 DEBUG (7): Starting Subscriber Opt-In process for store: Retail (1)
2015-04-21T09:15:04+00:00 DEBUG (7): Starting Subscriber Opt-In process for store: Wholesale (2)
2015-04-21T09:30:02+00:00 DEBUG (7): Starting Subscriber Opt-In process for store: Admin (0)
2015-04-21T09:30:02+00:00 DEBUG (7): Starting Subscriber Opt-In process for store: International (3)
2015-04-21T09:30:02+00:00 DEBUG (7): Starting Subscriber Opt-In process for store: Retail (1)
2015-04-21T09:30:04+00:00 DEBUG (7): Starting Subscriber Opt-In process for store: Wholesale (2)
2015-04-21T09:45:02+00:00 DEBUG (7): Starting Subscriber Opt-In process for store: Admin (0)
2015-04-21T09:45:02+00:00 DEBUG (7): Starting Subscriber Opt-In process for store: International (3)
2015-04-21T09:45:02+00:00 DEBUG (7): Starting Subscriber Opt-In process for store: Retail (1)
2015-04-21T09:45:03+00:00 DEBUG (7): Starting Subscriber Opt-In process for store: Wholesale (2)
2015-04-21T10:00:02+00:00 DEBUG (7): Starting Subscriber Opt-In process for store: Admin (0)
2015-04-21T10:00:02+00:00 DEBUG (7): Starting Subscriber Opt-In process for store: International (3)
2015-04-21T10:00:02+00:00 DEBUG (7): Starting Subscriber Opt-In process for store: Retail (1)
2015-04-21T10:00:03+00:00 DEBUG (7): Starting Subscriber Opt-In process for store: Wholesale (2)
2015-04-21T10:20:02+00:00 DEBUG (7): Starting Subscriber Opt-In process for store: Admin (0)
2015-04-21T10:20:02+00:00 DEBUG (7): Starting Subscriber Opt-In process for store: International (3)
2015-04-21T10:20:02+00:00 DEBUG (7): Starting Subscriber Opt-In process for store: Retail (1)
2015-04-21T10:20:03+00:00 DEBUG (7): Starting Subscriber Opt-In process for store: Wholesale (2)
2015-04-21T10:27:51+00:00 DEBUG (7): No subscription status found in session.
2015-04-21T10:30:04+00:00 DEBUG (7): Starting Subscriber Opt-In process for store: Admin (0)
2015-04-21T10:30:04+00:00 DEBUG (7): Starting Subscriber Opt-In process for store: International (3)
2015-04-21T10:30:04+00:00 DEBUG (7): Starting Subscriber Opt-In process for store: Retail (1)
2015-04-21T10:30:04+00:00 DEBUG (7): Starting Subscriber Opt-In process for store: Wholesale (2)
2015-04-21T10:45:02+00:00 DEBUG (7): Starting Subscriber Opt-In process for store: Admin (0)
2015-04-21T10:45:02+00:00 DEBUG (7): Starting Subscriber Opt-In process for store: International (3)
2015-04-21T10:45:02+00:00 DEBUG (7): Starting Subscriber Opt-In process for store: Retail (1)
2015-04-21T10:45:03+00:00 DEBUG (7): Starting Subscriber Opt-In process for store: Wholesale (2)
2015-04-21T11:00:02+00:00 DEBUG (7): Starting Subscriber Opt-In process for store: Admin (0)
2015-04-21T11:00:02+00:00 DEBUG (7): Starting Subscriber Opt-In process for store: International (3)
2015-04-21T11:00:02+00:00 DEBUG (7): Starting Subscriber Opt-In process for store: Retail (1)
2015-04-21T11:00:03+00:00 DEBUG (7): Starting Subscriber Opt-In process for store: Wholesale (2)
2015-04-21T11:15:02+00:00 DEBUG (7): Starting Subscriber Opt-In process for store: Admin (0)
2015-04-21T11:15:02+00:00 DEBUG (7): Starting Subscriber Opt-In process for store: International (3)
2015-04-21T11:15:02+00:00 DEBUG (7): Starting Subscriber Opt-In process for store: Retail (1)
2015-04-21T11:15:03+00:00 DEBUG (7): Starting Subscriber Opt-In process for store: Wholesale (2)
2015-04-21T11:30:02+00:00 DEBUG (7): Starting Subscriber Opt-In process for store: Admin (0)
2015-04-21T11:30:02+00:00 DEBUG (7): Starting Subscriber Opt-In process for store: International (3)
2015-04-21T11:30:02+00:00 DEBUG (7): Starting Subscriber Opt-In process for store: Retail (1)
2015-04-21T11:30:03+00:00 DEBUG (7): Starting Subscriber Opt-In process for store: Wholesale (2)
2015-04-21T11:45:02+00:00 DEBUG (7): Starting Subscriber Opt-In process for store: Admin (0)
2015-04-21T11:45:02+00:00 DEBUG (7): Starting Subscriber Opt-In process for store: International (3)
2015-04-21T11:45:02+00:00 DEBUG (7): Starting Subscriber Opt-In process for store: Retail (1)
2015-04-21T11:45:03+00:00 DEBUG (7): Starting Subscriber Opt-In process for store: Wholesale (2)
2015-04-21T12:05:04+00:00 DEBUG (7): Starting Subscriber Opt-In process for store: Admin (0)
2015-04-21T12:05:04+00:00 DEBUG (7): Starting Subscriber Opt-In process for store: International (3)
2015-04-21T12:05:04+00:00 DEBUG (7): Starting Subscriber Opt-In process for store: Retail (1)
2015-04-21T12:05:05+00:00 INFO (6):   Adding Contact to list: Bloomingbath.com
2015-04-21T12:05:05+00:00 INFO (6):   Setting Contact (mstreet06@gmail.com) status to: active
2015-04-21T12:05:05+00:00 DEBUG (7): Starting Subscriber Opt-In process for store: Wholesale (2)
2015-04-21T12:15:02+00:00 DEBUG (7): Starting Subscriber Opt-In process for store: Admin (0)
2015-04-21T12:15:02+00:00 DEBUG (7): Starting Subscriber Opt-In process for store: International (3)
2015-04-21T12:15:02+00:00 DEBUG (7): Starting Subscriber Opt-In process for store: Retail (1)
2015-04-21T12:15:03+00:00 DEBUG (7): Starting Subscriber Opt-In process for store: Wholesale (2)
2015-04-21T12:29:04+00:00 DEBUG (7): No subscription status found in session.
2015-04-21T12:30:04+00:00 DEBUG (7): Starting Subscriber Opt-In process for store: Admin (0)
2015-04-21T12:30:04+00:00 DEBUG (7): Starting Subscriber Opt-In process for store: International (3)
2015-04-21T12:30:04+00:00 DEBUG (7): Starting Subscriber Opt-In process for store: Retail (1)
2015-04-21T12:30:04+00:00 INFO (6):   Adding Contact to list: Bloomingbath.com
2015-04-21T12:30:04+00:00 INFO (6):   Setting Contact (alexbucher52576@yahoo.com) status to: active
2015-04-21T12:30:04+00:00 DEBUG (7): Starting Subscriber Opt-In process for store: Wholesale (2)
2015-04-21T12:45:02+00:00 DEBUG (7): Starting Subscriber Opt-In process for store: Admin (0)
2015-04-21T12:45:02+00:00 DEBUG (7): Starting Subscriber Opt-In process for store: International (3)
2015-04-21T12:45:02+00:00 DEBUG (7): Starting Subscriber Opt-In process for store: Retail (1)
2015-04-21T12:45:03+00:00 DEBUG (7): Starting Subscriber Opt-In process for store: Wholesale (2)
2015-04-21T13:00:02+00:00 DEBUG (7): Starting Subscriber Opt-In process for store: Admin (0)
2015-04-21T13:00:02+00:00 DEBUG (7): Starting Subscriber Opt-In process for store: International (3)
2015-04-21T13:00:02+00:00 DEBUG (7): Starting Subscriber Opt-In process for store: Retail (1)
2015-04-21T13:00:04+00:00 DEBUG (7): Starting Subscriber Opt-In process for store: Wholesale (2)
2015-04-21T13:15:02+00:00 DEBUG (7): Starting Subscriber Opt-In process for store: Admin (0)
2015-04-21T13:15:02+00:00 DEBUG (7): Starting Subscriber Opt-In process for store: International (3)
2015-04-21T13:15:02+00:00 DEBUG (7): Starting Subscriber Opt-In process for store: Retail (1)
2015-04-21T13:15:04+00:00 DEBUG (7): Starting Subscriber Opt-In process for store: Wholesale (2)
2015-04-21T13:30:02+00:00 DEBUG (7): Starting Subscriber Opt-In process for store: Admin (0)
2015-04-21T13:30:02+00:00 DEBUG (7): Starting Subscriber Opt-In process for store: International (3)
2015-04-21T13:30:02+00:00 DEBUG (7): Starting Subscriber Opt-In process for store: Retail (1)
2015-04-21T13:30:03+00:00 DEBUG (7): Starting Subscriber Opt-In process for store: Wholesale (2)
2015-04-21T13:43:30+00:00 DEBUG (7): No subscription status found in session.
2015-04-21T13:45:04+00:00 DEBUG (7): Starting Subscriber Opt-In process for store: Admin (0)
2015-04-21T13:45:04+00:00 DEBUG (7): Starting Subscriber Opt-In process for store: International (3)
2015-04-21T13:45:04+00:00 DEBUG (7): Starting Subscriber Opt-In process for store: Retail (1)
2015-04-21T13:45:04+00:00 INFO (6):   Adding Contact to list: Bloomingbath.com
2015-04-21T13:45:04+00:00 INFO (6):   Setting Contact (tabby_15545@yahoo.com) status to: active
2015-04-21T13:45:04+00:00 DEBUG (7): Starting Subscriber Opt-In process for store: Wholesale (2)
2015-04-21T14:00:03+00:00 DEBUG (7): Starting Subscriber Opt-In process for store: Admin (0)
2015-04-21T14:00:03+00:00 DEBUG (7): Starting Subscriber Opt-In process for store: International (3)
2015-04-21T14:00:03+00:00 DEBUG (7): Starting Subscriber Opt-In process for store: Retail (1)
2015-04-21T14:00:03+00:00 DEBUG (7): Starting Subscriber Opt-In process for store: Wholesale (2)
2015-04-21T14:15:02+00:00 DEBUG (7): Starting Subscriber Opt-In process for store: Admin (0)
2015-04-21T14:15:02+00:00 DEBUG (7): Starting Subscriber Opt-In process for store: International (3)
2015-04-21T14:15:02+00:00 DEBUG (7): Starting Subscriber Opt-In process for store: Retail (1)
2015-04-21T14:15:04+00:00 DEBUG (7): Starting Subscriber Opt-In process for store: Wholesale (2)
2015-04-21T14:30:02+00:00 DEBUG (7): Starting Subscriber Opt-In process for store: Admin (0)
2015-04-21T14:30:02+00:00 DEBUG (7): Starting Subscriber Opt-In process for store: International (3)
2015-04-21T14:30:02+00:00 DEBUG (7): Starting Subscriber Opt-In process for store: Retail (1)
2015-04-21T14:30:03+00:00 DEBUG (7): Starting Subscriber Opt-In process for store: Wholesale (2)
2015-04-21T14:50:02+00:00 DEBUG (7): Starting Subscriber Opt-In process for store: Admin (0)
2015-04-21T14:50:02+00:00 DEBUG (7): Starting Subscriber Opt-In process for store: International (3)
2015-04-21T14:50:02+00:00 DEBUG (7): Starting Subscriber Opt-In process for store: Retail (1)
2015-04-21T14:50:04+00:00 DEBUG (7): Starting Subscriber Opt-In process for store: Wholesale (2)
2015-04-21T14:50:28+00:00 DEBUG (7): No subscription status found in session.
2015-04-21T15:00:05+00:00 DEBUG (7): Starting Subscriber Opt-In process for store: Admin (0)
2015-04-21T15:00:05+00:00 DEBUG (7): Starting Subscriber Opt-In process for store: International (3)
2015-04-21T15:00:05+00:00 DEBUG (7): Starting Subscriber Opt-In process for store: Retail (1)
2015-04-21T15:00:06+00:00 INFO (6):   Adding Contact to list: Bloomingbath.com
2015-04-21T15:00:06+00:00 INFO (6):   Setting Contact (hollybevan31291@gmail.com) status to: active
2015-04-21T15:00:06+00:00 INFO (6):   Adding Contact to list: Bloomingbath.com
2015-04-21T15:00:06+00:00 INFO (6):   Setting Contact (ncwpotts@yahoo.com) status to: active
2015-04-21T15:00:06+00:00 DEBUG (7): Starting Subscriber Opt-In process for store: Wholesale (2)
2015-04-21T15:12:27+00:00 DEBUG (7): No subscription status found in session.
2015-04-21T15:15:05+00:00 DEBUG (7): Starting Subscriber Opt-In process for store: Admin (0)
2015-04-21T15:15:05+00:00 DEBUG (7): Starting Subscriber Opt-In process for store: International (3)
2015-04-21T15:15:05+00:00 DEBUG (7): Starting Subscriber Opt-In process for store: Retail (1)
2015-04-21T15:15:05+00:00 DEBUG (7): Starting Subscriber Opt-In process for store: Wholesale (2)
2015-04-21T15:26:15+00:00 DEBUG (7): No subscription status found in session.
2015-04-21T15:30:04+00:00 DEBUG (7): Starting Subscriber Opt-In process for store: Admin (0)
2015-04-21T15:30:04+00:00 DEBUG (7): Starting Subscriber Opt-In process for store: International (3)
2015-04-21T15:30:04+00:00 DEBUG (7): Starting Subscriber Opt-In process for store: Retail (1)
2015-04-21T15:30:05+00:00 INFO (6):   Adding Contact to list: Bloomingbath.com
2015-04-21T15:30:05+00:00 INFO (6):   Setting Contact (trishtka@Hotmail.com) status to: active
2015-04-21T15:30:05+00:00 DEBUG (7): Starting Subscriber Opt-In process for store: Wholesale (2)
2015-04-21T15:45:06+00:00 DEBUG (7): Starting Subscriber Opt-In process for store: Admin (0)
2015-04-21T15:45:06+00:00 DEBUG (7): Starting Subscriber Opt-In process for store: International (3)
2015-04-21T15:45:06+00:00 DEBUG (7): Starting Subscriber Opt-In process for store: Retail (1)
2015-04-21T15:45:06+00:00 DEBUG (7): Starting Subscriber Opt-In process for store: Wholesale (2)
2015-04-21T16:00:05+00:00 DEBUG (7): Starting Subscriber Opt-In process for store: Admin (0)
2015-04-21T16:00:05+00:00 DEBUG (7): Starting Subscriber Opt-In process for store: International (3)
2015-04-21T16:00:05+00:00 DEBUG (7): Starting Subscriber Opt-In process for store: Retail (1)
2015-04-21T16:00:05+00:00 INFO (6):   Adding Contact to list: Bloomingbath.com
2015-04-21T16:00:06+00:00 INFO (6):   Setting Contact (wendyw@meincorp.com) status to: active
2015-04-21T16:00:06+00:00 DEBUG (7): Starting Subscriber Opt-In process for store: Wholesale (2)
2015-04-21T16:00:10+00:00 DEBUG (7): No subscription status found in session.
2015-04-21T16:20:16+00:00 DEBUG (7): Starting Subscriber Opt-In process for store: Admin (0)
2015-04-21T16:20:16+00:00 DEBUG (7): Starting Subscriber Opt-In process for store: International (3)
2015-04-21T16:20:16+00:00 DEBUG (7): Starting Subscriber Opt-In process for store: Retail (1)
2015-04-21T16:20:16+00:00 INFO (6):   Adding Contact to list: Bloomingbath.com
2015-04-21T16:20:16+00:00 INFO (6):   Setting Contact (sheppjen@gmail.com) status to: active
2015-04-21T16:20:17+00:00 DEBUG (7): Starting Subscriber Opt-In process for store: Wholesale (2)
2015-04-21T16:26:04+00:00 DEBUG (7): No subscription status found in session.
2015-04-21T16:30:27+00:00 DEBUG (7): Starting Subscriber Opt-In process for store: Admin (0)
2015-04-21T16:30:27+00:00 DEBUG (7): Starting Subscriber Opt-In process for store: International (3)
2015-04-21T16:30:27+00:00 DEBUG (7): Starting Subscriber Opt-In process for store: Retail (1)
2015-04-21T16:30:27+00:00 DEBUG (7): Starting Subscriber Opt-In process for store: Wholesale (2)
2015-04-21T16:45:02+00:00 DEBUG (7): Starting Subscriber Opt-In process for store: Admin (0)
2015-04-21T16:45:02+00:00 DEBUG (7): Starting Subscriber Opt-In process for store: International (3)
2015-04-21T16:45:02+00:00 DEBUG (7): Starting Subscriber Opt-In process for store: Retail (1)
2015-04-21T16:45:06+00:00 INFO (6):   Adding Contact to list: Bloomingbath.com
2015-04-21T16:45:06+00:00 INFO (6):   Setting Contact (karina3838@yahoo.com) status to: active
2015-04-21T16:45:06+00:00 INFO (6):   Adding Contact to list: Bloomingbath.com
2015-04-21T16:45:06+00:00 INFO (6):   Setting Contact (sophialuvsu11@gmail.com) status to: active
2015-04-21T16:45:06+00:00 DEBUG (7): Starting Subscriber Opt-In process for store: Wholesale (2)
2015-04-21T16:53:13+00:00 DEBUG (7): No subscription status found in session.
2015-04-21T17:00:08+00:00 DEBUG (7): Starting Subscriber Opt-In process for store: Admin (0)
2015-04-21T17:00:08+00:00 DEBUG (7): Starting Subscriber Opt-In process for store: International (3)
2015-04-21T17:00:08+00:00 DEBUG (7): Starting Subscriber Opt-In process for store: Retail (1)
2015-04-21T17:00:08+00:00 INFO (6):   Adding Contact to list: Bloomingbath.com
2015-04-21T17:00:08+00:00 INFO (6):   Setting Contact (latkins26@gmail.com) status to: active
2015-04-21T17:00:09+00:00 INFO (6):   Adding Contact to list: Bloomingbath.com
2015-04-21T17:00:09+00:00 INFO (6):   Setting Contact (support21@bloomingbath.com) status to: active
2015-04-21T17:00:09+00:00 INFO (6):   Adding Contact to list: Bloomingbath.com
2015-04-21T17:00:09+00:00 INFO (6):   Setting Contact (federicogonzalez@gmail.com) status to: active
2015-04-21T17:00:09+00:00 DEBUG (7): Starting Subscriber Opt-In process for store: Wholesale (2)
2015-04-21T17:07:09+00:00 DEBUG (7): No subscription status found in session.
2015-04-21T17:08:55+00:00 DEBUG (7): No subscription status found in session.
2015-04-21T17:12:30+00:00 DEBUG (7): No subscription status found in session.
2015-04-21T17:15:09+00:00 DEBUG (7): Starting Subscriber Opt-In process for store: Admin (0)
2015-04-21T17:15:09+00:00 DEBUG (7): Starting Subscriber Opt-In process for store: International (3)
2015-04-21T17:15:09+00:00 DEBUG (7): Starting Subscriber Opt-In process for store: Retail (1)
2015-04-21T17:15:09+00:00 INFO (6):   Adding Contact to list: Bloomingbath.com
2015-04-21T17:15:09+00:00 INFO (6):   Setting Contact (stephsidoti@gmail.com) status to: active
2015-04-21T17:15:09+00:00 INFO (6):   Adding Contact to list: Bloomingbath.com
2015-04-21T17:15:10+00:00 INFO (6):   Setting Contact (lebanirene@hotmail.com) status to: active
2015-04-21T17:15:10+00:00 DEBUG (7): Starting Subscriber Opt-In process for store: Wholesale (2)
2015-04-21T17:35:06+00:00 DEBUG (7): Starting Subscriber Opt-In process for store: Admin (0)
2015-04-21T17:35:06+00:00 DEBUG (7): Starting Subscriber Opt-In process for store: International (3)
2015-04-21T17:35:06+00:00 DEBUG (7): Starting Subscriber Opt-In process for store: Retail (1)
2015-04-21T17:35:06+00:00 INFO (6):   Adding Contact to list: Bloomingbath.com
2015-04-21T17:35:06+00:00 INFO (6):   Setting Contact (ashley1967nova@yahoo.com) status to: active
2015-04-21T17:35:07+00:00 DEBUG (7): Starting Subscriber Opt-In process for store: Wholesale (2)
2015-04-21T17:45:03+00:00 DEBUG (7): Starting Subscriber Opt-In process for store: Admin (0)
2015-04-21T17:45:03+00:00 DEBUG (7): Starting Subscriber Opt-In process for store: International (3)
2015-04-21T17:45:03+00:00 DEBUG (7): Starting Subscriber Opt-In process for store: Retail (1)
2015-04-21T17:45:04+00:00 INFO (6):   Adding Contact to list: Bloomingbath.com
2015-04-21T17:45:04+00:00 INFO (6):   Setting Contact (fountainsylvia@yahoo.com) status to: active
2015-04-21T17:45:04+00:00 DEBUG (7): Starting Subscriber Opt-In process for store: Wholesale (2)
2015-04-21T18:00:04+00:00 DEBUG (7): Starting Subscriber Opt-In process for store: Admin (0)
2015-04-21T18:00:04+00:00 DEBUG (7): Starting Subscriber Opt-In process for store: International (3)
2015-04-21T18:00:04+00:00 DEBUG (7): Starting Subscriber Opt-In process for store: Retail (1)
2015-04-21T18:00:04+00:00 DEBUG (7): Starting Subscriber Opt-In process for store: Wholesale (2)
2015-04-21T18:15:02+00:00 DEBUG (7): Starting Subscriber Opt-In process for store: Admin (0)
2015-04-21T18:15:02+00:00 DEBUG (7): Starting Subscriber Opt-In process for store: International (3)
2015-04-21T18:15:02+00:00 DEBUG (7): Starting Subscriber Opt-In process for store: Retail (1)
2015-04-21T18:15:03+00:00 INFO (6):   Adding Contact to list: Bloomingbath.com
2015-04-21T18:15:03+00:00 INFO (6):   Setting Contact (lingqiuster@gmail.com) status to: active
2015-04-21T18:15:03+00:00 DEBUG (7): Starting Subscriber Opt-In process for store: Wholesale (2)
2015-04-21T18:30:02+00:00 DEBUG (7): Starting Subscriber Opt-In process for store: Admin (0)
2015-04-21T18:30:02+00:00 DEBUG (7): Starting Subscriber Opt-In process for store: International (3)
2015-04-21T18:30:02+00:00 DEBUG (7): Starting Subscriber Opt-In process for store: Retail (1)
2015-04-21T18:30:07+00:00 DEBUG (7): Starting Subscriber Opt-In process for store: Wholesale (2)
2015-04-21T18:45:02+00:00 DEBUG (7): Starting Subscriber Opt-In process for store: Admin (0)
2015-04-21T18:45:02+00:00 DEBUG (7): Starting Subscriber Opt-In process for store: International (3)
2015-04-21T18:45:02+00:00 DEBUG (7): Starting Subscriber Opt-In process for store: Retail (1)
2015-04-21T18:45:03+00:00 DEBUG (7): Starting Subscriber Opt-In process for store: Wholesale (2)
2015-04-21T18:55:08+00:00 DEBUG (7): No subscription status found in session.
2015-04-21T19:00:06+00:00 DEBUG (7): Starting Subscriber Opt-In process for store: Admin (0)
2015-04-21T19:00:06+00:00 DEBUG (7): Starting Subscriber Opt-In process for store: International (3)
2015-04-21T19:00:06+00:00 DEBUG (7): Starting Subscriber Opt-In process for store: Retail (1)
2015-04-21T19:00:06+00:00 DEBUG (7): Starting Subscriber Opt-In process for store: Wholesale (2)
2015-04-21T19:15:02+00:00 DEBUG (7): Starting Subscriber Opt-In process for store: Admin (0)
2015-04-21T19:15:02+00:00 DEBUG (7): Starting Subscriber Opt-In process for store: International (3)
2015-04-21T19:15:02+00:00 DEBUG (7): Starting Subscriber Opt-In process for store: Retail (1)
2015-04-21T19:15:03+00:00 INFO (6):   Adding Contact to list: Bloomingbath.com
2015-04-21T19:15:03+00:00 INFO (6):   Setting Contact (ott.aaliyah@yahoo.com) status to: active
2015-04-21T19:15:03+00:00 INFO (6):   Adding Contact to list: Bloomingbath.com
2015-04-21T19:15:03+00:00 INFO (6):   Setting Contact (mochried@yahoo.com) status to: active
2015-04-21T19:15:03+00:00 DEBUG (7): Starting Subscriber Opt-In process for store: Wholesale (2)
2015-04-21T19:30:09+00:00 DEBUG (7): Starting Subscriber Opt-In process for store: Admin (0)
2015-04-21T19:30:09+00:00 DEBUG (7): Starting Subscriber Opt-In process for store: International (3)
2015-04-21T19:30:09+00:00 DEBUG (7): Starting Subscriber Opt-In process for store: Retail (1)
2015-04-21T19:30:09+00:00 DEBUG (7): Starting Subscriber Opt-In process for store: Wholesale (2)
2015-04-21T19:45:02+00:00 DEBUG (7): Starting Subscriber Opt-In process for store: Admin (0)
2015-04-21T19:45:02+00:00 DEBUG (7): Starting Subscriber Opt-In process for store: International (3)
2015-04-21T19:45:02+00:00 DEBUG (7): Starting Subscriber Opt-In process for store: Retail (1)
2015-04-21T19:45:03+00:00 DEBUG (7): Starting Subscriber Opt-In process for store: Wholesale (2)
2015-04-21T20:00:02+00:00 DEBUG (7): Starting Subscriber Opt-In process for store: Admin (0)
2015-04-21T20:00:02+00:00 DEBUG (7): Starting Subscriber Opt-In process for store: International (3)
2015-04-21T20:00:02+00:00 DEBUG (7): Starting Subscriber Opt-In process for store: Retail (1)
2015-04-21T20:00:03+00:00 DEBUG (7): Starting Subscriber Opt-In process for store: Wholesale (2)
2015-04-21T20:15:02+00:00 DEBUG (7): Starting Subscriber Opt-In process for store: Admin (0)
2015-04-21T20:15:02+00:00 DEBUG (7): Starting Subscriber Opt-In process for store: International (3)
2015-04-21T20:15:02+00:00 DEBUG (7): Starting Subscriber Opt-In process for store: Retail (1)
2015-04-21T20:15:03+00:00 DEBUG (7): Starting Subscriber Opt-In process for store: Wholesale (2)
2015-04-21T20:25:29+00:00 DEBUG (7): No subscription status found in session.
2015-04-21T20:30:04+00:00 DEBUG (7): Starting Subscriber Opt-In process for store: Admin (0)
2015-04-21T20:30:04+00:00 DEBUG (7): Starting Subscriber Opt-In process for store: International (3)
2015-04-21T20:30:04+00:00 DEBUG (7): Starting Subscriber Opt-In process for store: Retail (1)
2015-04-21T20:30:04+00:00 DEBUG (7): Starting Subscriber Opt-In process for store: Wholesale (2)
2015-04-21T20:50:02+00:00 DEBUG (7): Starting Subscriber Opt-In process for store: Admin (0)
2015-04-21T20:50:02+00:00 DEBUG (7): Starting Subscriber Opt-In process for store: International (3)
2015-04-21T20:50:02+00:00 DEBUG (7): Starting Subscriber Opt-In process for store: Retail (1)
2015-04-21T20:50:03+00:00 DEBUG (7): Starting Subscriber Opt-In process for store: Wholesale (2)
2015-04-21T21:00:02+00:00 DEBUG (7): Starting Subscriber Opt-In process for store: Admin (0)
2015-04-21T21:00:02+00:00 DEBUG (7): Starting Subscriber Opt-In process for store: International (3)
2015-04-21T21:00:02+00:00 DEBUG (7): Starting Subscriber Opt-In process for store: Retail (1)
2015-04-21T21:00:04+00:00 DEBUG (7): Starting Subscriber Opt-In process for store: Wholesale (2)
2015-04-21T21:15:06+00:00 DEBUG (7): Starting Subscriber Opt-In process for store: Admin (0)
2015-04-21T21:15:06+00:00 DEBUG (7): Starting Subscriber Opt-In process for store: International (3)
2015-04-21T21:15:06+00:00 DEBUG (7): Starting Subscriber Opt-In process for store: Retail (1)
2015-04-21T21:15:06+00:00 INFO (6):   Adding Contact to list: Bloomingbath.com
2015-04-21T21:15:06+00:00 INFO (6):   Setting Contact (greekmeem@sbcglobal.net) status to: active
2015-04-21T21:15:06+00:00 DEBUG (7): Starting Subscriber Opt-In process for store: Wholesale (2)
2015-04-21T21:18:05+00:00 DEBUG (7): No subscription status found in session.
2015-04-21T21:30:04+00:00 DEBUG (7): Starting Subscriber Opt-In process for store: Admin (0)
2015-04-21T21:30:04+00:00 DEBUG (7): Starting Subscriber Opt-In process for store: International (3)
2015-04-21T21:30:04+00:00 DEBUG (7): Starting Subscriber Opt-In process for store: Retail (1)
2015-04-21T21:30:04+00:00 DEBUG (7): Starting Subscriber Opt-In process for store: Wholesale (2)
2015-04-21T21:45:04+00:00 DEBUG (7): Starting Subscriber Opt-In process for store: Admin (0)
2015-04-21T21:45:04+00:00 DEBUG (7): Starting Subscriber Opt-In process for store: International (3)
2015-04-21T21:45:04+00:00 DEBUG (7): Starting Subscriber Opt-In process for store: Retail (1)
2015-04-21T21:45:04+00:00 DEBUG (7): Starting Subscriber Opt-In process for store: Wholesale (2)
2015-04-21T22:00:04+00:00 DEBUG (7): Starting Subscriber Opt-In process for store: Admin (0)
2015-04-21T22:00:04+00:00 DEBUG (7): Starting Subscriber Opt-In process for store: International (3)
2015-04-21T22:00:04+00:00 DEBUG (7): Starting Subscriber Opt-In process for store: Retail (1)
2015-04-21T22:00:04+00:00 DEBUG (7): Starting Subscriber Opt-In process for store: Wholesale (2)
2015-04-21T22:15:08+00:00 DEBUG (7): Starting Subscriber Opt-In process for store: Admin (0)
2015-04-21T22:15:08+00:00 DEBUG (7): Starting Subscriber Opt-In process for store: International (3)
2015-04-21T22:15:08+00:00 DEBUG (7): Starting Subscriber Opt-In process for store: Retail (1)
2015-04-21T22:15:08+00:00 DEBUG (7): Starting Subscriber Opt-In process for store: Wholesale (2)
2015-04-21T22:30:04+00:00 DEBUG (7): Starting Subscriber Opt-In process for store: Admin (0)
2015-04-21T22:30:04+00:00 DEBUG (7): Starting Subscriber Opt-In process for store: International (3)
2015-04-21T22:30:04+00:00 DEBUG (7): Starting Subscriber Opt-In process for store: Retail (1)
2015-04-21T22:30:04+00:00 DEBUG (7): Starting Subscriber Opt-In process for store: Wholesale (2)
2015-04-21T22:45:04+00:00 DEBUG (7): Starting Subscriber Opt-In process for store: Admin (0)
2015-04-21T22:45:04+00:00 DEBUG (7): Starting Subscriber Opt-In process for store: International (3)
2015-04-21T22:45:04+00:00 DEBUG (7): Starting Subscriber Opt-In process for store: Retail (1)
2015-04-21T22:45:04+00:00 INFO (6):   Adding Contact to list: Bloomingbath.com
2015-04-21T22:45:04+00:00 INFO (6):   Setting Contact (dawnpaige@sbcglobal.net) status to: active
2015-04-21T22:45:04+00:00 DEBUG (7): Starting Subscriber Opt-In process for store: Wholesale (2)
2015-04-21T23:00:02+00:00 DEBUG (7): Starting Subscriber Opt-In process for store: Admin (0)
2015-04-21T23:00:02+00:00 DEBUG (7): Starting Subscriber Opt-In process for store: International (3)
2015-04-21T23:00:02+00:00 DEBUG (7): Starting Subscriber Opt-In process for store: Retail (1)
2015-04-21T23:00:06+00:00 DEBUG (7): Starting Subscriber Opt-In process for store: Wholesale (2)
2015-04-21T23:15:08+00:00 DEBUG (7): Starting Subscriber Opt-In process for store: Admin (0)
2015-04-21T23:15:08+00:00 DEBUG (7): Starting Subscriber Opt-In process for store: International (3)
2015-04-21T23:15:08+00:00 DEBUG (7): Starting Subscriber Opt-In process for store: Retail (1)
2015-04-21T23:15:08+00:00 DEBUG (7): Starting Subscriber Opt-In process for store: Wholesale (2)
2015-04-21T23:30:02+00:00 DEBUG (7): Starting Subscriber Opt-In process for store: Admin (0)
2015-04-21T23:30:02+00:00 DEBUG (7): Starting Subscriber Opt-In process for store: International (3)
2015-04-21T23:30:02+00:00 DEBUG (7): Starting Subscriber Opt-In process for store: Retail (1)
2015-04-21T23:30:06+00:00 DEBUG (7): Starting Subscriber Opt-In process for store: Wholesale (2)
2015-04-21T23:45:02+00:00 DEBUG (7): Starting Subscriber Opt-In process for store: Admin (0)
2015-04-21T23:45:02+00:00 DEBUG (7): Starting Subscriber Opt-In process for store: International (3)
2015-04-21T23:45:02+00:00 DEBUG (7): Starting Subscriber Opt-In process for store: Retail (1)
2015-04-21T23:45:03+00:00 DEBUG (7): Starting Subscriber Opt-In process for store: Wholesale (2)
