2015-03-27T00:00:04+00:00 DEBUG (7): Starting Subscriber Opt-In process for store: Admin (0)
2015-03-27T00:00:04+00:00 DEBUG (7): Starting Subscriber Opt-In process for store: International (3)
2015-03-27T00:00:04+00:00 DEBUG (7): Starting Subscriber Opt-In process for store: Retail (1)
2015-03-27T00:00:04+00:00 DEBUG (7): Starting Subscriber Opt-In process for store: Wholesale (2)
2015-03-27T00:15:04+00:00 DEBUG (7): Starting Subscriber Opt-In process for store: Admin (0)
2015-03-27T00:15:04+00:00 DEBUG (7): Starting Subscriber Opt-In process for store: International (3)
2015-03-27T00:15:04+00:00 DEBUG (7): Starting Subscriber Opt-In process for store: Retail (1)
2015-03-27T00:15:04+00:00 DEBUG (7): Starting Subscriber Opt-In process for store: Wholesale (2)
2015-03-27T00:30:02+00:00 DEBUG (7): Starting Subscriber Opt-In process for store: Admin (0)
2015-03-27T00:30:02+00:00 DEBUG (7): Starting Subscriber Opt-In process for store: International (3)
2015-03-27T00:30:02+00:00 DEBUG (7): Starting Subscriber Opt-In process for store: Retail (1)
2015-03-27T00:30:03+00:00 DEBUG (7): Starting Subscriber Opt-In process for store: Wholesale (2)
2015-03-27T00:45:02+00:00 DEBUG (7): Starting Subscriber Opt-In process for store: Admin (0)
2015-03-27T00:45:02+00:00 DEBUG (7): Starting Subscriber Opt-In process for store: International (3)
2015-03-27T00:45:02+00:00 DEBUG (7): Starting Subscriber Opt-In process for store: Retail (1)
2015-03-27T00:45:03+00:00 DEBUG (7): Starting Subscriber Opt-In process for store: Wholesale (2)
2015-03-27T01:05:02+00:00 DEBUG (7): Starting Subscriber Opt-In process for store: Admin (0)
2015-03-27T01:05:02+00:00 DEBUG (7): Starting Subscriber Opt-In process for store: International (3)
2015-03-27T01:05:02+00:00 DEBUG (7): Starting Subscriber Opt-In process for store: Retail (1)
2015-03-27T01:05:03+00:00 INFO (6):   Adding Contact to list: Bloomingbath.com
2015-03-27T01:05:03+00:00 INFO (6):   Setting Contact (sdadsadasdasdas@yahoo.com) status to: active
2015-03-27T01:05:04+00:00 INFO (6):   Adding Contact to list: Bloomingbath.com
2015-03-27T01:05:04+00:00 INFO (6):   Setting Contact (gllofton@gmail.com) status to: active
2015-03-27T01:05:04+00:00 DEBUG (7): Starting Subscriber Opt-In process for store: Wholesale (2)
2015-03-27T01:15:02+00:00 DEBUG (7): Starting Subscriber Opt-In process for store: Admin (0)
2015-03-27T01:15:02+00:00 DEBUG (7): Starting Subscriber Opt-In process for store: International (3)
2015-03-27T01:15:02+00:00 DEBUG (7): Starting Subscriber Opt-In process for store: Retail (1)
2015-03-27T01:15:03+00:00 DEBUG (7): Starting Subscriber Opt-In process for store: Wholesale (2)
2015-03-27T01:29:48+00:00 DEBUG (7): No subscription status found in session.
2015-03-27T01:30:04+00:00 DEBUG (7): Starting Subscriber Opt-In process for store: Admin (0)
2015-03-27T01:30:04+00:00 DEBUG (7): Starting Subscriber Opt-In process for store: International (3)
2015-03-27T01:30:04+00:00 DEBUG (7): Starting Subscriber Opt-In process for store: Retail (1)
2015-03-27T01:30:04+00:00 DEBUG (7): Starting Subscriber Opt-In process for store: Wholesale (2)
2015-03-27T01:45:02+00:00 DEBUG (7): Starting Subscriber Opt-In process for store: Admin (0)
2015-03-27T01:45:02+00:00 DEBUG (7): Starting Subscriber Opt-In process for store: International (3)
2015-03-27T01:45:02+00:00 DEBUG (7): Starting Subscriber Opt-In process for store: Retail (1)
2015-03-27T01:45:03+00:00 DEBUG (7): Starting Subscriber Opt-In process for store: Wholesale (2)
2015-03-27T02:00:02+00:00 DEBUG (7): Starting Subscriber Opt-In process for store: Admin (0)
2015-03-27T02:00:02+00:00 DEBUG (7): Starting Subscriber Opt-In process for store: International (3)
2015-03-27T02:00:02+00:00 DEBUG (7): Starting Subscriber Opt-In process for store: Retail (1)
2015-03-27T02:00:03+00:00 INFO (6):   Adding Contact to list: Bloomingbath.com
2015-03-27T02:00:03+00:00 INFO (6):   Setting Contact (negramich@yahoo.com) status to: active
2015-03-27T02:00:03+00:00 DEBUG (7): Starting Subscriber Opt-In process for store: Wholesale (2)
2015-03-27T02:15:02+00:00 DEBUG (7): Starting Subscriber Opt-In process for store: Admin (0)
2015-03-27T02:15:02+00:00 DEBUG (7): Starting Subscriber Opt-In process for store: International (3)
2015-03-27T02:15:02+00:00 DEBUG (7): Starting Subscriber Opt-In process for store: Retail (1)
2015-03-27T02:15:03+00:00 DEBUG (7): Starting Subscriber Opt-In process for store: Wholesale (2)
2015-03-27T02:30:02+00:00 DEBUG (7): Starting Subscriber Opt-In process for store: Admin (0)
2015-03-27T02:30:02+00:00 DEBUG (7): Starting Subscriber Opt-In process for store: International (3)
2015-03-27T02:30:02+00:00 DEBUG (7): Starting Subscriber Opt-In process for store: Retail (1)
2015-03-27T02:30:03+00:00 INFO (6):   Adding Contact to list: Bloomingbath.com
2015-03-27T02:30:03+00:00 INFO (6):   Setting Contact (brushea@live.com) status to: active
2015-03-27T02:30:03+00:00 DEBUG (7): Starting Subscriber Opt-In process for store: Wholesale (2)
2015-03-27T02:45:02+00:00 DEBUG (7): Starting Subscriber Opt-In process for store: Admin (0)
2015-03-27T02:45:02+00:00 DEBUG (7): Starting Subscriber Opt-In process for store: International (3)
2015-03-27T02:45:02+00:00 DEBUG (7): Starting Subscriber Opt-In process for store: Retail (1)
2015-03-27T02:45:03+00:00 DEBUG (7): Starting Subscriber Opt-In process for store: Wholesale (2)
2015-03-27T03:05:03+00:00 DEBUG (7): Starting Subscriber Opt-In process for store: Admin (0)
2015-03-27T03:05:03+00:00 DEBUG (7): Starting Subscriber Opt-In process for store: International (3)
2015-03-27T03:05:03+00:00 DEBUG (7): Starting Subscriber Opt-In process for store: Retail (1)
2015-03-27T03:05:04+00:00 INFO (6):   Adding Contact to list: Bloomingbath.com
2015-03-27T03:05:04+00:00 INFO (6):   Setting Contact (kamorrison2010@gmail.com) status to: active
2015-03-27T03:05:04+00:00 DEBUG (7): Starting Subscriber Opt-In process for store: Wholesale (2)
2015-03-27T03:15:02+00:00 DEBUG (7): Starting Subscriber Opt-In process for store: Admin (0)
2015-03-27T03:15:02+00:00 DEBUG (7): Starting Subscriber Opt-In process for store: International (3)
2015-03-27T03:15:02+00:00 DEBUG (7): Starting Subscriber Opt-In process for store: Retail (1)
2015-03-27T03:15:03+00:00 DEBUG (7): Starting Subscriber Opt-In process for store: Wholesale (2)
2015-03-27T03:30:02+00:00 DEBUG (7): Starting Subscriber Opt-In process for store: Admin (0)
2015-03-27T03:30:02+00:00 DEBUG (7): Starting Subscriber Opt-In process for store: International (3)
2015-03-27T03:30:02+00:00 DEBUG (7): Starting Subscriber Opt-In process for store: Retail (1)
2015-03-27T03:30:03+00:00 DEBUG (7): Starting Subscriber Opt-In process for store: Wholesale (2)
2015-03-27T03:45:03+00:00 DEBUG (7): Starting Subscriber Opt-In process for store: Admin (0)
2015-03-27T03:45:03+00:00 DEBUG (7): Starting Subscriber Opt-In process for store: International (3)
2015-03-27T03:45:03+00:00 DEBUG (7): Starting Subscriber Opt-In process for store: Retail (1)
2015-03-27T03:45:04+00:00 INFO (6):   Adding Contact to list: Bloomingbath.com
2015-03-27T03:45:04+00:00 INFO (6):   Setting Contact (sylviadelarosa94@gmail.com) status to: active
2015-03-27T03:45:04+00:00 DEBUG (7): Starting Subscriber Opt-In process for store: Wholesale (2)
2015-03-27T04:00:02+00:00 DEBUG (7): Starting Subscriber Opt-In process for store: Admin (0)
2015-03-27T04:00:02+00:00 DEBUG (7): Starting Subscriber Opt-In process for store: International (3)
2015-03-27T04:00:02+00:00 DEBUG (7): Starting Subscriber Opt-In process for store: Retail (1)
2015-03-27T04:00:03+00:00 DEBUG (7): Starting Subscriber Opt-In process for store: Wholesale (2)
2015-03-27T04:15:02+00:00 DEBUG (7): Starting Subscriber Opt-In process for store: Admin (0)
2015-03-27T04:15:02+00:00 DEBUG (7): Starting Subscriber Opt-In process for store: International (3)
2015-03-27T04:15:02+00:00 DEBUG (7): Starting Subscriber Opt-In process for store: Retail (1)
2015-03-27T04:15:03+00:00 DEBUG (7): Starting Subscriber Opt-In process for store: Wholesale (2)
2015-03-27T04:30:02+00:00 DEBUG (7): Starting Subscriber Opt-In process for store: Admin (0)
2015-03-27T04:30:02+00:00 DEBUG (7): Starting Subscriber Opt-In process for store: International (3)
2015-03-27T04:30:02+00:00 DEBUG (7): Starting Subscriber Opt-In process for store: Retail (1)
2015-03-27T04:30:04+00:00 DEBUG (7): Starting Subscriber Opt-In process for store: Wholesale (2)
2015-03-27T04:45:02+00:00 DEBUG (7): Starting Subscriber Opt-In process for store: Admin (0)
2015-03-27T04:45:02+00:00 DEBUG (7): Starting Subscriber Opt-In process for store: International (3)
2015-03-27T04:45:02+00:00 DEBUG (7): Starting Subscriber Opt-In process for store: Retail (1)
2015-03-27T04:45:03+00:00 DEBUG (7): Starting Subscriber Opt-In process for store: Wholesale (2)
2015-03-27T05:00:02+00:00 DEBUG (7): Starting Subscriber Opt-In process for store: Admin (0)
2015-03-27T05:00:02+00:00 DEBUG (7): Starting Subscriber Opt-In process for store: International (3)
2015-03-27T05:00:02+00:00 DEBUG (7): Starting Subscriber Opt-In process for store: Retail (1)
2015-03-27T05:00:03+00:00 DEBUG (7): Starting Subscriber Opt-In process for store: Wholesale (2)
2015-03-27T05:20:02+00:00 DEBUG (7): Starting Subscriber Opt-In process for store: Admin (0)
2015-03-27T05:20:02+00:00 DEBUG (7): Starting Subscriber Opt-In process for store: International (3)
2015-03-27T05:20:02+00:00 DEBUG (7): Starting Subscriber Opt-In process for store: Retail (1)
2015-03-27T05:20:03+00:00 DEBUG (7): Starting Subscriber Opt-In process for store: Wholesale (2)
2015-03-27T05:30:02+00:00 DEBUG (7): Starting Subscriber Opt-In process for store: Admin (0)
2015-03-27T05:30:02+00:00 DEBUG (7): Starting Subscriber Opt-In process for store: International (3)
2015-03-27T05:30:02+00:00 DEBUG (7): Starting Subscriber Opt-In process for store: Retail (1)
2015-03-27T05:30:02+00:00 DEBUG (7): Starting Subscriber Opt-In process for store: Wholesale (2)
2015-03-27T05:45:02+00:00 DEBUG (7): Starting Subscriber Opt-In process for store: Admin (0)
2015-03-27T05:45:02+00:00 DEBUG (7): Starting Subscriber Opt-In process for store: International (3)
2015-03-27T05:45:02+00:00 DEBUG (7): Starting Subscriber Opt-In process for store: Retail (1)
2015-03-27T05:45:03+00:00 DEBUG (7): Starting Subscriber Opt-In process for store: Wholesale (2)
2015-03-27T06:00:02+00:00 DEBUG (7): Starting Subscriber Opt-In process for store: Admin (0)
2015-03-27T06:00:02+00:00 DEBUG (7): Starting Subscriber Opt-In process for store: International (3)
2015-03-27T06:00:02+00:00 DEBUG (7): Starting Subscriber Opt-In process for store: Retail (1)
2015-03-27T06:00:03+00:00 DEBUG (7): Starting Subscriber Opt-In process for store: Wholesale (2)
2015-03-27T06:15:02+00:00 DEBUG (7): Starting Subscriber Opt-In process for store: Admin (0)
2015-03-27T06:15:02+00:00 DEBUG (7): Starting Subscriber Opt-In process for store: International (3)
2015-03-27T06:15:02+00:00 DEBUG (7): Starting Subscriber Opt-In process for store: Retail (1)
2015-03-27T06:15:03+00:00 DEBUG (7): Starting Subscriber Opt-In process for store: Wholesale (2)
2015-03-27T06:30:02+00:00 DEBUG (7): Starting Subscriber Opt-In process for store: Admin (0)
2015-03-27T06:30:02+00:00 DEBUG (7): Starting Subscriber Opt-In process for store: International (3)
2015-03-27T06:30:02+00:00 DEBUG (7): Starting Subscriber Opt-In process for store: Retail (1)
2015-03-27T06:30:03+00:00 DEBUG (7): Starting Subscriber Opt-In process for store: Wholesale (2)
2015-03-27T06:45:02+00:00 DEBUG (7): Starting Subscriber Opt-In process for store: Admin (0)
2015-03-27T06:45:02+00:00 DEBUG (7): Starting Subscriber Opt-In process for store: International (3)
2015-03-27T06:45:02+00:00 DEBUG (7): Starting Subscriber Opt-In process for store: Retail (1)
2015-03-27T06:45:03+00:00 INFO (6):   Adding Contact to list: Bloomingbath.com
2015-03-27T06:45:03+00:00 INFO (6):   Setting Contact (newhippiemommy@gmail.com) status to: active
2015-03-27T06:45:03+00:00 DEBUG (7): Starting Subscriber Opt-In process for store: Wholesale (2)
2015-03-27T07:05:12+00:00 DEBUG (7): Starting Subscriber Opt-In process for store: Admin (0)
2015-03-27T07:05:12+00:00 DEBUG (7): Starting Subscriber Opt-In process for store: International (3)
2015-03-27T07:05:12+00:00 DEBUG (7): Starting Subscriber Opt-In process for store: Retail (1)
2015-03-27T07:05:12+00:00 DEBUG (7): Starting Subscriber Opt-In process for store: Wholesale (2)
2015-03-27T07:15:02+00:00 DEBUG (7): Starting Subscriber Opt-In process for store: Admin (0)
2015-03-27T07:15:02+00:00 DEBUG (7): Starting Subscriber Opt-In process for store: International (3)
2015-03-27T07:15:02+00:00 DEBUG (7): Starting Subscriber Opt-In process for store: Retail (1)
2015-03-27T07:15:03+00:00 DEBUG (7): Starting Subscriber Opt-In process for store: Wholesale (2)
2015-03-27T07:30:03+00:00 DEBUG (7): Starting Subscriber Opt-In process for store: Admin (0)
2015-03-27T07:30:03+00:00 DEBUG (7): Starting Subscriber Opt-In process for store: International (3)
2015-03-27T07:30:03+00:00 DEBUG (7): Starting Subscriber Opt-In process for store: Retail (1)
2015-03-27T07:30:04+00:00 DEBUG (7): Starting Subscriber Opt-In process for store: Wholesale (2)
2015-03-27T07:45:03+00:00 DEBUG (7): Starting Subscriber Opt-In process for store: Admin (0)
2015-03-27T07:45:03+00:00 DEBUG (7): Starting Subscriber Opt-In process for store: International (3)
2015-03-27T07:45:03+00:00 DEBUG (7): Starting Subscriber Opt-In process for store: Retail (1)
2015-03-27T07:45:03+00:00 DEBUG (7): Starting Subscriber Opt-In process for store: Wholesale (2)
2015-03-27T08:00:30+00:00 DEBUG (7): Starting Subscriber Opt-In process for store: Admin (0)
2015-03-27T08:00:30+00:00 DEBUG (7): Starting Subscriber Opt-In process for store: International (3)
2015-03-27T08:00:30+00:00 DEBUG (7): Starting Subscriber Opt-In process for store: Retail (1)
2015-03-27T08:00:30+00:00 DEBUG (7): Starting Subscriber Opt-In process for store: Wholesale (2)
2015-03-27T08:15:03+00:00 DEBUG (7): Starting Subscriber Opt-In process for store: Admin (0)
2015-03-27T08:15:03+00:00 DEBUG (7): Starting Subscriber Opt-In process for store: International (3)
2015-03-27T08:15:03+00:00 DEBUG (7): Starting Subscriber Opt-In process for store: Retail (1)
2015-03-27T08:15:03+00:00 DEBUG (7): Starting Subscriber Opt-In process for store: Wholesale (2)
2015-03-27T08:16:21+00:00 DEBUG (7): No subscription status found in session.
2015-03-27T08:30:04+00:00 DEBUG (7): Starting Subscriber Opt-In process for store: Admin (0)
2015-03-27T08:30:04+00:00 DEBUG (7): Starting Subscriber Opt-In process for store: International (3)
2015-03-27T08:30:04+00:00 DEBUG (7): Starting Subscriber Opt-In process for store: Retail (1)
2015-03-27T08:30:04+00:00 INFO (6):   Adding Contact to list: Bloomingbath.com
2015-03-27T08:30:05+00:00 INFO (6):   Setting Contact (herrittch@gmail.com) status to: active
2015-03-27T08:30:05+00:00 DEBUG (7): Starting Subscriber Opt-In process for store: Wholesale (2)
2015-03-27T08:45:02+00:00 DEBUG (7): Starting Subscriber Opt-In process for store: Admin (0)
2015-03-27T08:45:02+00:00 DEBUG (7): Starting Subscriber Opt-In process for store: International (3)
2015-03-27T08:45:02+00:00 DEBUG (7): Starting Subscriber Opt-In process for store: Retail (1)
2015-03-27T08:45:03+00:00 DEBUG (7): Starting Subscriber Opt-In process for store: Wholesale (2)
2015-03-27T09:05:07+00:00 DEBUG (7): Starting Subscriber Opt-In process for store: Admin (0)
2015-03-27T09:05:07+00:00 DEBUG (7): Starting Subscriber Opt-In process for store: International (3)
2015-03-27T09:05:07+00:00 DEBUG (7): Starting Subscriber Opt-In process for store: Retail (1)
2015-03-27T09:05:09+00:00 DEBUG (7): Starting Subscriber Opt-In process for store: Wholesale (2)
2015-03-27T09:15:02+00:00 DEBUG (7): Starting Subscriber Opt-In process for store: Admin (0)
2015-03-27T09:15:02+00:00 DEBUG (7): Starting Subscriber Opt-In process for store: International (3)
2015-03-27T09:15:02+00:00 DEBUG (7): Starting Subscriber Opt-In process for store: Retail (1)
2015-03-27T09:15:03+00:00 DEBUG (7): Starting Subscriber Opt-In process for store: Wholesale (2)
2015-03-27T09:30:02+00:00 DEBUG (7): Starting Subscriber Opt-In process for store: Admin (0)
2015-03-27T09:30:02+00:00 DEBUG (7): Starting Subscriber Opt-In process for store: International (3)
2015-03-27T09:30:02+00:00 DEBUG (7): Starting Subscriber Opt-In process for store: Retail (1)
2015-03-27T09:30:03+00:00 DEBUG (7): Starting Subscriber Opt-In process for store: Wholesale (2)
2015-03-27T09:45:02+00:00 DEBUG (7): Starting Subscriber Opt-In process for store: Admin (0)
2015-03-27T09:45:02+00:00 DEBUG (7): Starting Subscriber Opt-In process for store: International (3)
2015-03-27T09:45:02+00:00 DEBUG (7): Starting Subscriber Opt-In process for store: Retail (1)
2015-03-27T09:45:03+00:00 DEBUG (7): Starting Subscriber Opt-In process for store: Wholesale (2)
2015-03-27T10:00:02+00:00 DEBUG (7): Starting Subscriber Opt-In process for store: Admin (0)
2015-03-27T10:00:02+00:00 DEBUG (7): Starting Subscriber Opt-In process for store: International (3)
2015-03-27T10:00:02+00:00 DEBUG (7): Starting Subscriber Opt-In process for store: Retail (1)
2015-03-27T10:00:03+00:00 DEBUG (7): Starting Subscriber Opt-In process for store: Wholesale (2)
2015-03-27T10:15:02+00:00 DEBUG (7): Starting Subscriber Opt-In process for store: Admin (0)
2015-03-27T10:15:02+00:00 DEBUG (7): Starting Subscriber Opt-In process for store: International (3)
2015-03-27T10:15:02+00:00 DEBUG (7): Starting Subscriber Opt-In process for store: Retail (1)
2015-03-27T10:15:03+00:00 DEBUG (7): Starting Subscriber Opt-In process for store: Wholesale (2)
2015-03-27T10:22:43+00:00 DEBUG (7): No subscription status found in session.
2015-03-27T10:30:04+00:00 DEBUG (7): Starting Subscriber Opt-In process for store: Admin (0)
2015-03-27T10:30:04+00:00 DEBUG (7): Starting Subscriber Opt-In process for store: International (3)
2015-03-27T10:30:04+00:00 DEBUG (7): Starting Subscriber Opt-In process for store: Retail (1)
2015-03-27T10:30:04+00:00 INFO (6):   Adding Contact to list: Bloomingbath.com
2015-03-27T10:30:04+00:00 INFO (6):   Setting Contact (Hamdaalblooshi@etihad.ae) status to: active
2015-03-27T10:30:04+00:00 DEBUG (7): Starting Subscriber Opt-In process for store: Wholesale (2)
2015-03-27T10:45:02+00:00 DEBUG (7): Starting Subscriber Opt-In process for store: Admin (0)
2015-03-27T10:45:02+00:00 DEBUG (7): Starting Subscriber Opt-In process for store: International (3)
2015-03-27T10:45:02+00:00 DEBUG (7): Starting Subscriber Opt-In process for store: Retail (1)
2015-03-27T10:45:03+00:00 DEBUG (7): Starting Subscriber Opt-In process for store: Wholesale (2)
2015-03-27T11:00:03+00:00 DEBUG (7): Starting Subscriber Opt-In process for store: Admin (0)
2015-03-27T11:00:03+00:00 DEBUG (7): Starting Subscriber Opt-In process for store: International (3)
2015-03-27T11:00:03+00:00 DEBUG (7): Starting Subscriber Opt-In process for store: Retail (1)
2015-03-27T11:00:03+00:00 DEBUG (7): Starting Subscriber Opt-In process for store: Wholesale (2)
2015-03-27T11:15:02+00:00 DEBUG (7): Starting Subscriber Opt-In process for store: Admin (0)
2015-03-27T11:15:02+00:00 DEBUG (7): Starting Subscriber Opt-In process for store: International (3)
2015-03-27T11:15:02+00:00 DEBUG (7): Starting Subscriber Opt-In process for store: Retail (1)
2015-03-27T11:15:02+00:00 DEBUG (7): Starting Subscriber Opt-In process for store: Wholesale (2)
2015-03-27T11:30:02+00:00 DEBUG (7): Starting Subscriber Opt-In process for store: Admin (0)
2015-03-27T11:30:02+00:00 DEBUG (7): Starting Subscriber Opt-In process for store: International (3)
2015-03-27T11:30:02+00:00 DEBUG (7): Starting Subscriber Opt-In process for store: Retail (1)
2015-03-27T11:30:04+00:00 DEBUG (7): Starting Subscriber Opt-In process for store: Wholesale (2)
2015-03-27T11:45:02+00:00 DEBUG (7): Starting Subscriber Opt-In process for store: Admin (0)
2015-03-27T11:45:02+00:00 DEBUG (7): Starting Subscriber Opt-In process for store: International (3)
2015-03-27T11:45:02+00:00 DEBUG (7): Starting Subscriber Opt-In process for store: Retail (1)
2015-03-27T11:45:03+00:00 DEBUG (7): Starting Subscriber Opt-In process for store: Wholesale (2)
2015-03-27T12:00:04+00:00 DEBUG (7): Starting Subscriber Opt-In process for store: Admin (0)
2015-03-27T12:00:04+00:00 DEBUG (7): Starting Subscriber Opt-In process for store: International (3)
2015-03-27T12:00:04+00:00 DEBUG (7): Starting Subscriber Opt-In process for store: Retail (1)
2015-03-27T12:00:05+00:00 INFO (6):   Adding Contact to list: Bloomingbath.com
2015-03-27T12:00:05+00:00 INFO (6):   Setting Contact (gosia_ocallaghan@yahoo.co.uk) status to: active
2015-03-27T12:00:05+00:00 DEBUG (7): Starting Subscriber Opt-In process for store: Wholesale (2)
2015-03-27T12:15:02+00:00 DEBUG (7): Starting Subscriber Opt-In process for store: Admin (0)
2015-03-27T12:15:02+00:00 DEBUG (7): Starting Subscriber Opt-In process for store: International (3)
2015-03-27T12:15:02+00:00 DEBUG (7): Starting Subscriber Opt-In process for store: Retail (1)
2015-03-27T12:15:03+00:00 DEBUG (7): Starting Subscriber Opt-In process for store: Wholesale (2)
2015-03-27T12:35:02+00:00 DEBUG (7): Starting Subscriber Opt-In process for store: Admin (0)
2015-03-27T12:35:02+00:00 DEBUG (7): Starting Subscriber Opt-In process for store: International (3)
2015-03-27T12:35:02+00:00 DEBUG (7): Starting Subscriber Opt-In process for store: Retail (1)
2015-03-27T12:35:04+00:00 INFO (6):   Adding Contact to list: Bloomingbath.com
2015-03-27T12:35:04+00:00 INFO (6):   Setting Contact (j.kanewischer@gmail.com) status to: active
2015-03-27T12:35:04+00:00 DEBUG (7): Starting Subscriber Opt-In process for store: Wholesale (2)
2015-03-27T12:45:03+00:00 DEBUG (7): Starting Subscriber Opt-In process for store: Admin (0)
2015-03-27T12:45:03+00:00 DEBUG (7): Starting Subscriber Opt-In process for store: International (3)
2015-03-27T12:45:03+00:00 DEBUG (7): Starting Subscriber Opt-In process for store: Retail (1)
2015-03-27T12:45:03+00:00 DEBUG (7): Starting Subscriber Opt-In process for store: Wholesale (2)
2015-03-27T13:00:02+00:00 DEBUG (7): Starting Subscriber Opt-In process for store: Admin (0)
2015-03-27T13:00:02+00:00 DEBUG (7): Starting Subscriber Opt-In process for store: International (3)
2015-03-27T13:00:02+00:00 DEBUG (7): Starting Subscriber Opt-In process for store: Retail (1)
2015-03-27T13:00:03+00:00 DEBUG (7): Starting Subscriber Opt-In process for store: Wholesale (2)
2015-03-27T13:15:02+00:00 DEBUG (7): Starting Subscriber Opt-In process for store: Admin (0)
2015-03-27T13:15:02+00:00 DEBUG (7): Starting Subscriber Opt-In process for store: International (3)
2015-03-27T13:15:02+00:00 DEBUG (7): Starting Subscriber Opt-In process for store: Retail (1)
2015-03-27T13:15:03+00:00 DEBUG (7): Starting Subscriber Opt-In process for store: Wholesale (2)
2015-03-27T13:30:02+00:00 DEBUG (7): Starting Subscriber Opt-In process for store: Admin (0)
2015-03-27T13:30:02+00:00 DEBUG (7): Starting Subscriber Opt-In process for store: International (3)
2015-03-27T13:30:02+00:00 DEBUG (7): Starting Subscriber Opt-In process for store: Retail (1)
2015-03-27T13:30:03+00:00 DEBUG (7): Starting Subscriber Opt-In process for store: Wholesale (2)
2015-03-27T13:45:02+00:00 DEBUG (7): Starting Subscriber Opt-In process for store: Admin (0)
2015-03-27T13:45:02+00:00 DEBUG (7): Starting Subscriber Opt-In process for store: International (3)
2015-03-27T13:45:02+00:00 DEBUG (7): Starting Subscriber Opt-In process for store: Retail (1)
2015-03-27T13:45:03+00:00 DEBUG (7): Starting Subscriber Opt-In process for store: Wholesale (2)
2015-03-27T14:00:02+00:00 DEBUG (7): Starting Subscriber Opt-In process for store: Admin (0)
2015-03-27T14:00:02+00:00 DEBUG (7): Starting Subscriber Opt-In process for store: International (3)
2015-03-27T14:00:02+00:00 DEBUG (7): Starting Subscriber Opt-In process for store: Retail (1)
2015-03-27T14:00:03+00:00 DEBUG (7): Starting Subscriber Opt-In process for store: Wholesale (2)
2015-03-27T14:15:02+00:00 DEBUG (7): Starting Subscriber Opt-In process for store: Admin (0)
2015-03-27T14:15:02+00:00 DEBUG (7): Starting Subscriber Opt-In process for store: International (3)
2015-03-27T14:15:02+00:00 DEBUG (7): Starting Subscriber Opt-In process for store: Retail (1)
2015-03-27T14:15:03+00:00 DEBUG (7): Starting Subscriber Opt-In process for store: Wholesale (2)
2015-03-27T14:30:03+00:00 DEBUG (7): Starting Subscriber Opt-In process for store: Admin (0)
2015-03-27T14:30:03+00:00 DEBUG (7): Starting Subscriber Opt-In process for store: International (3)
2015-03-27T14:30:03+00:00 DEBUG (7): Starting Subscriber Opt-In process for store: Retail (1)
2015-03-27T14:30:04+00:00 DEBUG (7): Starting Subscriber Opt-In process for store: Wholesale (2)
2015-03-27T14:45:02+00:00 DEBUG (7): Starting Subscriber Opt-In process for store: Admin (0)
2015-03-27T14:45:02+00:00 DEBUG (7): Starting Subscriber Opt-In process for store: International (3)
2015-03-27T14:45:02+00:00 DEBUG (7): Starting Subscriber Opt-In process for store: Retail (1)
2015-03-27T14:45:03+00:00 DEBUG (7): Starting Subscriber Opt-In process for store: Wholesale (2)
2015-03-27T15:00:02+00:00 DEBUG (7): Starting Subscriber Opt-In process for store: Admin (0)
2015-03-27T15:00:02+00:00 DEBUG (7): Starting Subscriber Opt-In process for store: International (3)
2015-03-27T15:00:02+00:00 DEBUG (7): Starting Subscriber Opt-In process for store: Retail (1)
2015-03-27T15:00:03+00:00 DEBUG (7): Starting Subscriber Opt-In process for store: Wholesale (2)
2015-03-27T15:08:34+00:00 DEBUG (7): No subscription status found in session.
2015-03-27T15:15:05+00:00 DEBUG (7): Starting Subscriber Opt-In process for store: Admin (0)
2015-03-27T15:15:05+00:00 DEBUG (7): Starting Subscriber Opt-In process for store: International (3)
2015-03-27T15:15:05+00:00 DEBUG (7): Starting Subscriber Opt-In process for store: Retail (1)
2015-03-27T15:15:05+00:00 DEBUG (7): Starting Subscriber Opt-In process for store: Wholesale (2)
2015-03-27T15:30:05+00:00 DEBUG (7): Starting Subscriber Opt-In process for store: Admin (0)
2015-03-27T15:30:05+00:00 DEBUG (7): Starting Subscriber Opt-In process for store: International (3)
2015-03-27T15:30:05+00:00 DEBUG (7): Starting Subscriber Opt-In process for store: Retail (1)
2015-03-27T15:30:05+00:00 DEBUG (7): Starting Subscriber Opt-In process for store: Wholesale (2)
2015-03-27T15:45:02+00:00 DEBUG (7): Starting Subscriber Opt-In process for store: Admin (0)
2015-03-27T15:45:02+00:00 DEBUG (7): Starting Subscriber Opt-In process for store: International (3)
2015-03-27T15:45:02+00:00 DEBUG (7): Starting Subscriber Opt-In process for store: Retail (1)
2015-03-27T15:45:03+00:00 DEBUG (7): Starting Subscriber Opt-In process for store: Wholesale (2)
2015-03-27T15:59:25+00:00 DEBUG (7): No subscription status found in session.
2015-03-27T16:02:22+00:00 DEBUG (7): No subscription status found in session.
2015-03-27T16:05:10+00:00 DEBUG (7): Starting Subscriber Opt-In process for store: Admin (0)
2015-03-27T16:05:10+00:00 DEBUG (7): Starting Subscriber Opt-In process for store: International (3)
2015-03-27T16:05:10+00:00 DEBUG (7): Starting Subscriber Opt-In process for store: Retail (1)
2015-03-27T16:05:11+00:00 INFO (6):   Adding Contact to list: Bloomingbath.com
2015-03-27T16:05:12+00:00 INFO (6):   Setting Contact (alyssa_mccune@yahoo.com) status to: active
2015-03-27T16:05:16+00:00 INFO (6):   Adding Contact to list: Bloomingbath.com
2015-03-27T16:05:17+00:00 INFO (6):   Setting Contact (lifecanbe@aol.com) status to: active
2015-03-27T16:05:17+00:00 DEBUG (7): Starting Subscriber Opt-In process for store: Wholesale (2)
2015-03-27T16:15:02+00:00 DEBUG (7): Starting Subscriber Opt-In process for store: Admin (0)
2015-03-27T16:15:02+00:00 DEBUG (7): Starting Subscriber Opt-In process for store: International (3)
2015-03-27T16:15:02+00:00 DEBUG (7): Starting Subscriber Opt-In process for store: Retail (1)
2015-03-27T16:15:03+00:00 DEBUG (7): Starting Subscriber Opt-In process for store: Wholesale (2)
2015-03-27T16:30:02+00:00 DEBUG (7): Starting Subscriber Opt-In process for store: Admin (0)
2015-03-27T16:30:02+00:00 DEBUG (7): Starting Subscriber Opt-In process for store: International (3)
2015-03-27T16:30:02+00:00 DEBUG (7): Starting Subscriber Opt-In process for store: Retail (1)
2015-03-27T16:30:03+00:00 DEBUG (7): Starting Subscriber Opt-In process for store: Wholesale (2)
2015-03-27T16:45:02+00:00 DEBUG (7): Starting Subscriber Opt-In process for store: Admin (0)
2015-03-27T16:45:02+00:00 DEBUG (7): Starting Subscriber Opt-In process for store: International (3)
2015-03-27T16:45:02+00:00 DEBUG (7): Starting Subscriber Opt-In process for store: Retail (1)
2015-03-27T16:45:04+00:00 DEBUG (7): Starting Subscriber Opt-In process for store: Wholesale (2)
2015-03-27T16:59:04+00:00 DEBUG (7): No subscription status found in session.
2015-03-27T17:00:05+00:00 DEBUG (7): Starting Subscriber Opt-In process for store: Admin (0)
2015-03-27T17:00:05+00:00 DEBUG (7): Starting Subscriber Opt-In process for store: International (3)
2015-03-27T17:00:05+00:00 DEBUG (7): Starting Subscriber Opt-In process for store: Retail (1)
2015-03-27T17:00:05+00:00 INFO (6):   Adding Contact to list: Bloomingbath.com
2015-03-27T17:00:05+00:00 INFO (6):   Setting Contact (shandaleigh24@gmail.com) status to: active
2015-03-27T17:00:05+00:00 DEBUG (7): Starting Subscriber Opt-In process for store: Wholesale (2)
2015-03-27T17:15:02+00:00 DEBUG (7): Starting Subscriber Opt-In process for store: Admin (0)
2015-03-27T17:15:02+00:00 DEBUG (7): Starting Subscriber Opt-In process for store: International (3)
2015-03-27T17:15:02+00:00 DEBUG (7): Starting Subscriber Opt-In process for store: Retail (1)
2015-03-27T17:15:03+00:00 DEBUG (7): Starting Subscriber Opt-In process for store: Wholesale (2)
2015-03-27T17:30:02+00:00 DEBUG (7): Starting Subscriber Opt-In process for store: Admin (0)
2015-03-27T17:30:02+00:00 DEBUG (7): Starting Subscriber Opt-In process for store: International (3)
2015-03-27T17:30:02+00:00 DEBUG (7): Starting Subscriber Opt-In process for store: Retail (1)
2015-03-27T17:30:03+00:00 DEBUG (7): Starting Subscriber Opt-In process for store: Wholesale (2)
2015-03-27T17:45:08+00:00 DEBUG (7): Starting Subscriber Opt-In process for store: Admin (0)
2015-03-27T17:45:08+00:00 DEBUG (7): Starting Subscriber Opt-In process for store: International (3)
2015-03-27T17:45:08+00:00 DEBUG (7): Starting Subscriber Opt-In process for store: Retail (1)
2015-03-27T17:45:08+00:00 INFO (6):   Adding Contact to list: Bloomingbath.com
2015-03-27T17:45:08+00:00 INFO (6):   Setting Contact (lisa.benson@hotmail.com) status to: active
2015-03-27T17:45:08+00:00 DEBUG (7): Starting Subscriber Opt-In process for store: Wholesale (2)
2015-03-27T18:00:03+00:00 DEBUG (7): Starting Subscriber Opt-In process for store: Admin (0)
2015-03-27T18:00:03+00:00 DEBUG (7): Starting Subscriber Opt-In process for store: International (3)
2015-03-27T18:00:03+00:00 DEBUG (7): Starting Subscriber Opt-In process for store: Retail (1)
2015-03-27T18:00:03+00:00 DEBUG (7): Starting Subscriber Opt-In process for store: Wholesale (2)
2015-03-27T18:15:06+00:00 DEBUG (7): Starting Subscriber Opt-In process for store: Admin (0)
2015-03-27T18:15:06+00:00 DEBUG (7): Starting Subscriber Opt-In process for store: International (3)
2015-03-27T18:15:06+00:00 DEBUG (7): Starting Subscriber Opt-In process for store: Retail (1)
2015-03-27T18:15:06+00:00 DEBUG (7): Starting Subscriber Opt-In process for store: Wholesale (2)
2015-03-27T18:35:20+00:00 DEBUG (7): Starting Subscriber Opt-In process for store: Admin (0)
2015-03-27T18:35:20+00:00 DEBUG (7): Starting Subscriber Opt-In process for store: International (3)
2015-03-27T18:35:20+00:00 DEBUG (7): Starting Subscriber Opt-In process for store: Retail (1)
2015-03-27T18:35:20+00:00 DEBUG (7): Starting Subscriber Opt-In process for store: Wholesale (2)
2015-03-27T18:45:02+00:00 DEBUG (7): Starting Subscriber Opt-In process for store: Admin (0)
2015-03-27T18:45:02+00:00 DEBUG (7): Starting Subscriber Opt-In process for store: International (3)
2015-03-27T18:45:02+00:00 DEBUG (7): Starting Subscriber Opt-In process for store: Retail (1)
2015-03-27T18:45:03+00:00 DEBUG (7): Starting Subscriber Opt-In process for store: Wholesale (2)
2015-03-27T19:00:02+00:00 DEBUG (7): Starting Subscriber Opt-In process for store: Admin (0)
2015-03-27T19:00:02+00:00 DEBUG (7): Starting Subscriber Opt-In process for store: International (3)
2015-03-27T19:00:02+00:00 DEBUG (7): Starting Subscriber Opt-In process for store: Retail (1)
2015-03-27T19:00:03+00:00 DEBUG (7): Starting Subscriber Opt-In process for store: Wholesale (2)
2015-03-27T19:15:05+00:00 DEBUG (7): Starting Subscriber Opt-In process for store: Admin (0)
2015-03-27T19:15:05+00:00 DEBUG (7): Starting Subscriber Opt-In process for store: International (3)
2015-03-27T19:15:05+00:00 DEBUG (7): Starting Subscriber Opt-In process for store: Retail (1)
2015-03-27T19:15:05+00:00 INFO (6):   Adding Contact to list: Bloomingbath.com
2015-03-27T19:15:05+00:00 INFO (6):   Setting Contact (saraalharoon67@gmail.com) status to: active
2015-03-27T19:15:06+00:00 DEBUG (7): Starting Subscriber Opt-In process for store: Wholesale (2)
2015-03-27T19:30:02+00:00 DEBUG (7): Starting Subscriber Opt-In process for store: Admin (0)
2015-03-27T19:30:02+00:00 DEBUG (7): Starting Subscriber Opt-In process for store: International (3)
2015-03-27T19:30:02+00:00 DEBUG (7): Starting Subscriber Opt-In process for store: Retail (1)
2015-03-27T19:30:03+00:00 DEBUG (7): Starting Subscriber Opt-In process for store: Wholesale (2)
2015-03-27T19:45:02+00:00 DEBUG (7): Starting Subscriber Opt-In process for store: Admin (0)
2015-03-27T19:45:02+00:00 DEBUG (7): Starting Subscriber Opt-In process for store: International (3)
2015-03-27T19:45:02+00:00 DEBUG (7): Starting Subscriber Opt-In process for store: Retail (1)
2015-03-27T19:45:03+00:00 DEBUG (7): Starting Subscriber Opt-In process for store: Wholesale (2)
2015-03-27T20:00:02+00:00 DEBUG (7): Starting Subscriber Opt-In process for store: Admin (0)
2015-03-27T20:00:02+00:00 DEBUG (7): Starting Subscriber Opt-In process for store: International (3)
2015-03-27T20:00:02+00:00 DEBUG (7): Starting Subscriber Opt-In process for store: Retail (1)
2015-03-27T20:00:03+00:00 DEBUG (7): Starting Subscriber Opt-In process for store: Wholesale (2)
2015-03-27T20:15:02+00:00 DEBUG (7): Starting Subscriber Opt-In process for store: Admin (0)
2015-03-27T20:15:02+00:00 DEBUG (7): Starting Subscriber Opt-In process for store: International (3)
2015-03-27T20:15:02+00:00 DEBUG (7): Starting Subscriber Opt-In process for store: Retail (1)
2015-03-27T20:15:03+00:00 INFO (6):   Adding Contact to list: Bloomingbath.com
2015-03-27T20:15:03+00:00 INFO (6):   Setting Contact (kcnomura@gmail.com) status to: active
2015-03-27T20:15:03+00:00 DEBUG (7): Starting Subscriber Opt-In process for store: Wholesale (2)
2015-03-27T20:30:02+00:00 DEBUG (7): Starting Subscriber Opt-In process for store: Admin (0)
2015-03-27T20:30:02+00:00 DEBUG (7): Starting Subscriber Opt-In process for store: International (3)
2015-03-27T20:30:02+00:00 DEBUG (7): Starting Subscriber Opt-In process for store: Retail (1)
2015-03-27T20:30:03+00:00 DEBUG (7): Starting Subscriber Opt-In process for store: Wholesale (2)
2015-03-27T20:45:02+00:00 DEBUG (7): Starting Subscriber Opt-In process for store: Admin (0)
2015-03-27T20:45:02+00:00 DEBUG (7): Starting Subscriber Opt-In process for store: International (3)
2015-03-27T20:45:02+00:00 DEBUG (7): Starting Subscriber Opt-In process for store: Retail (1)
2015-03-27T20:45:03+00:00 DEBUG (7): Starting Subscriber Opt-In process for store: Wholesale (2)
2015-03-27T21:00:02+00:00 DEBUG (7): Starting Subscriber Opt-In process for store: Admin (0)
2015-03-27T21:00:02+00:00 DEBUG (7): Starting Subscriber Opt-In process for store: International (3)
2015-03-27T21:00:02+00:00 DEBUG (7): Starting Subscriber Opt-In process for store: Retail (1)
2015-03-27T21:00:03+00:00 DEBUG (7): Starting Subscriber Opt-In process for store: Wholesale (2)
2015-03-27T21:20:02+00:00 DEBUG (7): Starting Subscriber Opt-In process for store: Admin (0)
2015-03-27T21:20:02+00:00 DEBUG (7): Starting Subscriber Opt-In process for store: International (3)
2015-03-27T21:20:02+00:00 DEBUG (7): Starting Subscriber Opt-In process for store: Retail (1)
2015-03-27T21:20:03+00:00 DEBUG (7): Starting Subscriber Opt-In process for store: Wholesale (2)
2015-03-27T21:30:03+00:00 DEBUG (7): Starting Subscriber Opt-In process for store: Admin (0)
2015-03-27T21:30:03+00:00 DEBUG (7): Starting Subscriber Opt-In process for store: International (3)
2015-03-27T21:30:03+00:00 DEBUG (7): Starting Subscriber Opt-In process for store: Retail (1)
2015-03-27T21:30:03+00:00 DEBUG (7): Starting Subscriber Opt-In process for store: Wholesale (2)
2015-03-27T21:45:02+00:00 DEBUG (7): Starting Subscriber Opt-In process for store: Admin (0)
2015-03-27T21:45:02+00:00 DEBUG (7): Starting Subscriber Opt-In process for store: International (3)
2015-03-27T21:45:02+00:00 DEBUG (7): Starting Subscriber Opt-In process for store: Retail (1)
2015-03-27T21:45:03+00:00 INFO (6):   Adding Contact to list: Bloomingbath.com
2015-03-27T21:45:03+00:00 INFO (6):   Setting Contact (Cmartinez1457@gmail.com) status to: active
2015-03-27T21:45:03+00:00 DEBUG (7): Starting Subscriber Opt-In process for store: Wholesale (2)
2015-03-27T22:00:04+00:00 DEBUG (7): Starting Subscriber Opt-In process for store: Admin (0)
2015-03-27T22:00:04+00:00 DEBUG (7): Starting Subscriber Opt-In process for store: International (3)
2015-03-27T22:00:04+00:00 DEBUG (7): Starting Subscriber Opt-In process for store: Retail (1)
2015-03-27T22:00:04+00:00 DEBUG (7): Starting Subscriber Opt-In process for store: Wholesale (2)
2015-03-27T22:15:02+00:00 DEBUG (7): Starting Subscriber Opt-In process for store: Admin (0)
2015-03-27T22:15:02+00:00 DEBUG (7): Starting Subscriber Opt-In process for store: International (3)
2015-03-27T22:15:02+00:00 DEBUG (7): Starting Subscriber Opt-In process for store: Retail (1)
2015-03-27T22:15:04+00:00 DEBUG (7): Starting Subscriber Opt-In process for store: Wholesale (2)
2015-03-27T22:16:22+00:00 DEBUG (7): No subscription status found in session.
2015-03-27T22:30:04+00:00 DEBUG (7): Starting Subscriber Opt-In process for store: Admin (0)
2015-03-27T22:30:04+00:00 DEBUG (7): Starting Subscriber Opt-In process for store: International (3)
2015-03-27T22:30:04+00:00 DEBUG (7): Starting Subscriber Opt-In process for store: Retail (1)
2015-03-27T22:30:04+00:00 INFO (6):   Adding Contact to list: Bloomingbath.com
2015-03-27T22:30:04+00:00 INFO (6):   Setting Contact (lifewithmysix@gmail.com) status to: active
2015-03-27T22:30:04+00:00 DEBUG (7): Starting Subscriber Opt-In process for store: Wholesale (2)
2015-03-27T22:45:02+00:00 DEBUG (7): Starting Subscriber Opt-In process for store: Admin (0)
2015-03-27T22:45:02+00:00 DEBUG (7): Starting Subscriber Opt-In process for store: International (3)
2015-03-27T22:45:02+00:00 DEBUG (7): Starting Subscriber Opt-In process for store: Retail (1)
2015-03-27T22:45:02+00:00 DEBUG (7): Starting Subscriber Opt-In process for store: Wholesale (2)
2015-03-27T23:00:04+00:00 DEBUG (7): Starting Subscriber Opt-In process for store: Admin (0)
2015-03-27T23:00:04+00:00 DEBUG (7): Starting Subscriber Opt-In process for store: International (3)
2015-03-27T23:00:04+00:00 DEBUG (7): Starting Subscriber Opt-In process for store: Retail (1)
2015-03-27T23:00:04+00:00 DEBUG (7): Starting Subscriber Opt-In process for store: Wholesale (2)
2015-03-27T23:15:04+00:00 DEBUG (7): Starting Subscriber Opt-In process for store: Admin (0)
2015-03-27T23:15:04+00:00 DEBUG (7): Starting Subscriber Opt-In process for store: International (3)
2015-03-27T23:15:04+00:00 DEBUG (7): Starting Subscriber Opt-In process for store: Retail (1)
2015-03-27T23:15:04+00:00 DEBUG (7): Starting Subscriber Opt-In process for store: Wholesale (2)
2015-03-27T23:35:04+00:00 DEBUG (7): Starting Subscriber Opt-In process for store: Admin (0)
2015-03-27T23:35:04+00:00 DEBUG (7): Starting Subscriber Opt-In process for store: International (3)
2015-03-27T23:35:04+00:00 DEBUG (7): Starting Subscriber Opt-In process for store: Retail (1)
2015-03-27T23:35:04+00:00 DEBUG (7): Starting Subscriber Opt-In process for store: Wholesale (2)
2015-03-27T23:35:40+00:00 DEBUG (7): No subscription status found in session.
2015-03-27T23:45:04+00:00 DEBUG (7): Starting Subscriber Opt-In process for store: Admin (0)
2015-03-27T23:45:04+00:00 DEBUG (7): Starting Subscriber Opt-In process for store: International (3)
2015-03-27T23:45:04+00:00 DEBUG (7): Starting Subscriber Opt-In process for store: Retail (1)
2015-03-27T23:45:04+00:00 DEBUG (7): Starting Subscriber Opt-In process for store: Wholesale (2)
