2015-04-22T00:05:02+00:00 DEBUG (7): Starting Subscriber Opt-In process for store: Admin (0)
2015-04-22T00:05:02+00:00 DEBUG (7): Starting Subscriber Opt-In process for store: International (3)
2015-04-22T00:05:02+00:00 DEBUG (7): Starting Subscriber Opt-In process for store: Retail (1)
2015-04-22T00:05:03+00:00 DEBUG (7): Starting Subscriber Opt-In process for store: Wholesale (2)
2015-04-22T00:15:02+00:00 DEBUG (7): Starting Subscriber Opt-In process for store: Admin (0)
2015-04-22T00:15:02+00:00 DEBUG (7): Starting Subscriber Opt-In process for store: International (3)
2015-04-22T00:15:02+00:00 DEBUG (7): Starting Subscriber Opt-In process for store: Retail (1)
2015-04-22T00:15:04+00:00 DEBUG (7): Starting Subscriber Opt-In process for store: Wholesale (2)
2015-04-22T00:30:02+00:00 DEBUG (7): Starting Subscriber Opt-In process for store: Admin (0)
2015-04-22T00:30:02+00:00 DEBUG (7): Starting Subscriber Opt-In process for store: International (3)
2015-04-22T00:30:02+00:00 DEBUG (7): Starting Subscriber Opt-In process for store: Retail (1)
2015-04-22T00:30:04+00:00 INFO (6):   Adding Contact to list: Bloomingbath.com
2015-04-22T00:30:04+00:00 INFO (6):   Setting Contact (jvelez@aol.com) status to: active
2015-04-22T00:30:04+00:00 DEBUG (7): Starting Subscriber Opt-In process for store: Wholesale (2)
2015-04-22T00:45:02+00:00 DEBUG (7): Starting Subscriber Opt-In process for store: Admin (0)
2015-04-22T00:45:02+00:00 DEBUG (7): Starting Subscriber Opt-In process for store: International (3)
2015-04-22T00:45:02+00:00 DEBUG (7): Starting Subscriber Opt-In process for store: Retail (1)
2015-04-22T00:45:03+00:00 DEBUG (7): Starting Subscriber Opt-In process for store: Wholesale (2)
2015-04-22T01:00:03+00:00 DEBUG (7): Starting Subscriber Opt-In process for store: Admin (0)
2015-04-22T01:00:03+00:00 DEBUG (7): Starting Subscriber Opt-In process for store: International (3)
2015-04-22T01:00:03+00:00 DEBUG (7): Starting Subscriber Opt-In process for store: Retail (1)
2015-04-22T01:00:04+00:00 DEBUG (7): Starting Subscriber Opt-In process for store: Wholesale (2)
2015-04-22T01:15:02+00:00 DEBUG (7): Starting Subscriber Opt-In process for store: Admin (0)
2015-04-22T01:15:02+00:00 DEBUG (7): Starting Subscriber Opt-In process for store: International (3)
2015-04-22T01:15:02+00:00 DEBUG (7): Starting Subscriber Opt-In process for store: Retail (1)
2015-04-22T01:15:04+00:00 DEBUG (7): Starting Subscriber Opt-In process for store: Wholesale (2)
2015-04-22T01:30:03+00:00 DEBUG (7): Starting Subscriber Opt-In process for store: Admin (0)
2015-04-22T01:30:03+00:00 DEBUG (7): Starting Subscriber Opt-In process for store: International (3)
2015-04-22T01:30:03+00:00 DEBUG (7): Starting Subscriber Opt-In process for store: Retail (1)
2015-04-22T01:30:04+00:00 DEBUG (7): Starting Subscriber Opt-In process for store: Wholesale (2)
2015-04-22T01:45:02+00:00 DEBUG (7): Starting Subscriber Opt-In process for store: Admin (0)
2015-04-22T01:45:02+00:00 DEBUG (7): Starting Subscriber Opt-In process for store: International (3)
2015-04-22T01:45:02+00:00 DEBUG (7): Starting Subscriber Opt-In process for store: Retail (1)
2015-04-22T01:45:04+00:00 DEBUG (7): Starting Subscriber Opt-In process for store: Wholesale (2)
2015-04-22T02:00:02+00:00 DEBUG (7): Starting Subscriber Opt-In process for store: Admin (0)
2015-04-22T02:00:02+00:00 DEBUG (7): Starting Subscriber Opt-In process for store: International (3)
2015-04-22T02:00:02+00:00 DEBUG (7): Starting Subscriber Opt-In process for store: Retail (1)
2015-04-22T02:00:03+00:00 DEBUG (7): Starting Subscriber Opt-In process for store: Wholesale (2)
2015-04-22T02:15:02+00:00 DEBUG (7): Starting Subscriber Opt-In process for store: Admin (0)
2015-04-22T02:15:02+00:00 DEBUG (7): Starting Subscriber Opt-In process for store: International (3)
2015-04-22T02:15:02+00:00 DEBUG (7): Starting Subscriber Opt-In process for store: Retail (1)
2015-04-22T02:15:03+00:00 DEBUG (7): Starting Subscriber Opt-In process for store: Wholesale (2)
2015-04-22T02:30:02+00:00 DEBUG (7): Starting Subscriber Opt-In process for store: Admin (0)
2015-04-22T02:30:02+00:00 DEBUG (7): Starting Subscriber Opt-In process for store: International (3)
2015-04-22T02:30:02+00:00 DEBUG (7): Starting Subscriber Opt-In process for store: Retail (1)
2015-04-22T02:30:04+00:00 DEBUG (7): Starting Subscriber Opt-In process for store: Wholesale (2)
2015-04-22T02:50:06+00:00 DEBUG (7): Starting Subscriber Opt-In process for store: Admin (0)
2015-04-22T02:50:06+00:00 DEBUG (7): Starting Subscriber Opt-In process for store: International (3)
2015-04-22T02:50:06+00:00 DEBUG (7): Starting Subscriber Opt-In process for store: Retail (1)
2015-04-22T02:50:07+00:00 INFO (6):   Adding Contact to list: Bloomingbath.com
2015-04-22T02:50:07+00:00 INFO (6):   Setting Contact (robineggersrn@yahoo.com) status to: active
2015-04-22T02:50:07+00:00 DEBUG (7): Starting Subscriber Opt-In process for store: Wholesale (2)
2015-04-22T03:00:02+00:00 DEBUG (7): Starting Subscriber Opt-In process for store: Admin (0)
2015-04-22T03:00:02+00:00 DEBUG (7): Starting Subscriber Opt-In process for store: International (3)
2015-04-22T03:00:02+00:00 DEBUG (7): Starting Subscriber Opt-In process for store: Retail (1)
2015-04-22T03:00:04+00:00 DEBUG (7): Starting Subscriber Opt-In process for store: Wholesale (2)
2015-04-22T03:15:02+00:00 DEBUG (7): Starting Subscriber Opt-In process for store: Admin (0)
2015-04-22T03:15:02+00:00 DEBUG (7): Starting Subscriber Opt-In process for store: International (3)
2015-04-22T03:15:02+00:00 DEBUG (7): Starting Subscriber Opt-In process for store: Retail (1)
2015-04-22T03:15:07+00:00 DEBUG (7): Starting Subscriber Opt-In process for store: Wholesale (2)
2015-04-22T03:30:02+00:00 DEBUG (7): Starting Subscriber Opt-In process for store: Admin (0)
2015-04-22T03:30:02+00:00 DEBUG (7): Starting Subscriber Opt-In process for store: International (3)
2015-04-22T03:30:02+00:00 DEBUG (7): Starting Subscriber Opt-In process for store: Retail (1)
2015-04-22T03:30:03+00:00 DEBUG (7): Starting Subscriber Opt-In process for store: Wholesale (2)
2015-04-22T03:45:02+00:00 DEBUG (7): Starting Subscriber Opt-In process for store: Admin (0)
2015-04-22T03:45:02+00:00 DEBUG (7): Starting Subscriber Opt-In process for store: International (3)
2015-04-22T03:45:02+00:00 DEBUG (7): Starting Subscriber Opt-In process for store: Retail (1)
2015-04-22T03:45:05+00:00 DEBUG (7): Starting Subscriber Opt-In process for store: Wholesale (2)
2015-04-22T04:00:03+00:00 DEBUG (7): Starting Subscriber Opt-In process for store: Admin (0)
2015-04-22T04:00:03+00:00 DEBUG (7): Starting Subscriber Opt-In process for store: International (3)
2015-04-22T04:00:03+00:00 DEBUG (7): Starting Subscriber Opt-In process for store: Retail (1)
2015-04-22T04:00:04+00:00 DEBUG (7): Starting Subscriber Opt-In process for store: Wholesale (2)
2015-04-22T04:15:02+00:00 DEBUG (7): Starting Subscriber Opt-In process for store: Admin (0)
2015-04-22T04:15:02+00:00 DEBUG (7): Starting Subscriber Opt-In process for store: International (3)
2015-04-22T04:15:02+00:00 DEBUG (7): Starting Subscriber Opt-In process for store: Retail (1)
2015-04-22T04:15:03+00:00 DEBUG (7): Starting Subscriber Opt-In process for store: Wholesale (2)
2015-04-22T04:30:02+00:00 DEBUG (7): Starting Subscriber Opt-In process for store: Admin (0)
2015-04-22T04:30:02+00:00 DEBUG (7): Starting Subscriber Opt-In process for store: International (3)
2015-04-22T04:30:02+00:00 DEBUG (7): Starting Subscriber Opt-In process for store: Retail (1)
2015-04-22T04:30:03+00:00 DEBUG (7): Starting Subscriber Opt-In process for store: Wholesale (2)
2015-04-22T04:50:02+00:00 DEBUG (7): Starting Subscriber Opt-In process for store: Admin (0)
2015-04-22T04:50:02+00:00 DEBUG (7): Starting Subscriber Opt-In process for store: International (3)
2015-04-22T04:50:02+00:00 DEBUG (7): Starting Subscriber Opt-In process for store: Retail (1)
2015-04-22T04:50:05+00:00 INFO (6):   Adding Contact to list: Bloomingbath.com
2015-04-22T04:50:05+00:00 INFO (6):   Setting Contact (kimzuniga13@yahoo.com) status to: active
2015-04-22T04:50:05+00:00 DEBUG (7): Starting Subscriber Opt-In process for store: Wholesale (2)
2015-04-22T05:00:02+00:00 DEBUG (7): Starting Subscriber Opt-In process for store: Admin (0)
2015-04-22T05:00:02+00:00 DEBUG (7): Starting Subscriber Opt-In process for store: International (3)
2015-04-22T05:00:02+00:00 DEBUG (7): Starting Subscriber Opt-In process for store: Retail (1)
2015-04-22T05:00:03+00:00 DEBUG (7): Starting Subscriber Opt-In process for store: Wholesale (2)
2015-04-22T05:15:03+00:00 DEBUG (7): Starting Subscriber Opt-In process for store: Admin (0)
2015-04-22T05:15:03+00:00 DEBUG (7): Starting Subscriber Opt-In process for store: International (3)
2015-04-22T05:15:03+00:00 DEBUG (7): Starting Subscriber Opt-In process for store: Retail (1)
2015-04-22T05:15:04+00:00 DEBUG (7): Starting Subscriber Opt-In process for store: Wholesale (2)
2015-04-22T05:30:02+00:00 DEBUG (7): Starting Subscriber Opt-In process for store: Admin (0)
2015-04-22T05:30:02+00:00 DEBUG (7): Starting Subscriber Opt-In process for store: International (3)
2015-04-22T05:30:02+00:00 DEBUG (7): Starting Subscriber Opt-In process for store: Retail (1)
2015-04-22T05:30:04+00:00 DEBUG (7): Starting Subscriber Opt-In process for store: Wholesale (2)
2015-04-22T05:45:02+00:00 DEBUG (7): Starting Subscriber Opt-In process for store: Admin (0)
2015-04-22T05:45:02+00:00 DEBUG (7): Starting Subscriber Opt-In process for store: International (3)
2015-04-22T05:45:02+00:00 DEBUG (7): Starting Subscriber Opt-In process for store: Retail (1)
2015-04-22T05:45:06+00:00 DEBUG (7): Starting Subscriber Opt-In process for store: Wholesale (2)
2015-04-22T06:00:02+00:00 DEBUG (7): Starting Subscriber Opt-In process for store: Admin (0)
2015-04-22T06:00:02+00:00 DEBUG (7): Starting Subscriber Opt-In process for store: International (3)
2015-04-22T06:00:02+00:00 DEBUG (7): Starting Subscriber Opt-In process for store: Retail (1)
2015-04-22T06:00:03+00:00 DEBUG (7): Starting Subscriber Opt-In process for store: Wholesale (2)
2015-04-22T06:15:02+00:00 DEBUG (7): Starting Subscriber Opt-In process for store: Admin (0)
2015-04-22T06:15:02+00:00 DEBUG (7): Starting Subscriber Opt-In process for store: International (3)
2015-04-22T06:15:02+00:00 DEBUG (7): Starting Subscriber Opt-In process for store: Retail (1)
2015-04-22T06:15:04+00:00 DEBUG (7): Starting Subscriber Opt-In process for store: Wholesale (2)
2015-04-22T06:30:02+00:00 DEBUG (7): Starting Subscriber Opt-In process for store: Admin (0)
2015-04-22T06:30:02+00:00 DEBUG (7): Starting Subscriber Opt-In process for store: International (3)
2015-04-22T06:30:02+00:00 DEBUG (7): Starting Subscriber Opt-In process for store: Retail (1)
2015-04-22T06:30:03+00:00 DEBUG (7): Starting Subscriber Opt-In process for store: Wholesale (2)
2015-04-22T06:45:02+00:00 DEBUG (7): Starting Subscriber Opt-In process for store: Admin (0)
2015-04-22T06:45:02+00:00 DEBUG (7): Starting Subscriber Opt-In process for store: International (3)
2015-04-22T06:45:02+00:00 DEBUG (7): Starting Subscriber Opt-In process for store: Retail (1)
2015-04-22T06:45:03+00:00 DEBUG (7): Starting Subscriber Opt-In process for store: Wholesale (2)
2015-04-22T07:05:12+00:00 DEBUG (7): Starting Subscriber Opt-In process for store: Admin (0)
2015-04-22T07:05:12+00:00 DEBUG (7): Starting Subscriber Opt-In process for store: International (3)
2015-04-22T07:05:12+00:00 DEBUG (7): Starting Subscriber Opt-In process for store: Retail (1)
2015-04-22T07:05:12+00:00 DEBUG (7): Starting Subscriber Opt-In process for store: Wholesale (2)
2015-04-22T07:15:07+00:00 DEBUG (7): Starting Subscriber Opt-In process for store: Admin (0)
2015-04-22T07:15:07+00:00 DEBUG (7): Starting Subscriber Opt-In process for store: International (3)
2015-04-22T07:15:07+00:00 DEBUG (7): Starting Subscriber Opt-In process for store: Retail (1)
2015-04-22T07:15:08+00:00 DEBUG (7): Starting Subscriber Opt-In process for store: Wholesale (2)
2015-04-22T07:30:02+00:00 DEBUG (7): Starting Subscriber Opt-In process for store: Admin (0)
2015-04-22T07:30:02+00:00 DEBUG (7): Starting Subscriber Opt-In process for store: International (3)
2015-04-22T07:30:02+00:00 DEBUG (7): Starting Subscriber Opt-In process for store: Retail (1)
2015-04-22T07:30:04+00:00 DEBUG (7): Starting Subscriber Opt-In process for store: Wholesale (2)
2015-04-22T07:45:02+00:00 DEBUG (7): Starting Subscriber Opt-In process for store: Admin (0)
2015-04-22T07:45:02+00:00 DEBUG (7): Starting Subscriber Opt-In process for store: International (3)
2015-04-22T07:45:02+00:00 DEBUG (7): Starting Subscriber Opt-In process for store: Retail (1)
2015-04-22T07:45:03+00:00 DEBUG (7): Starting Subscriber Opt-In process for store: Wholesale (2)
2015-04-22T08:00:31+00:00 DEBUG (7): Starting Subscriber Opt-In process for store: Admin (0)
2015-04-22T08:00:31+00:00 DEBUG (7): Starting Subscriber Opt-In process for store: International (3)
2015-04-22T08:00:31+00:00 DEBUG (7): Starting Subscriber Opt-In process for store: Retail (1)
2015-04-22T08:00:33+00:00 DEBUG (7): Starting Subscriber Opt-In process for store: Wholesale (2)
2015-04-22T08:15:02+00:00 DEBUG (7): Starting Subscriber Opt-In process for store: Admin (0)
2015-04-22T08:15:02+00:00 DEBUG (7): Starting Subscriber Opt-In process for store: International (3)
2015-04-22T08:15:02+00:00 DEBUG (7): Starting Subscriber Opt-In process for store: Retail (1)
2015-04-22T08:15:04+00:00 DEBUG (7): Starting Subscriber Opt-In process for store: Wholesale (2)
2015-04-22T08:30:02+00:00 DEBUG (7): Starting Subscriber Opt-In process for store: Admin (0)
2015-04-22T08:30:02+00:00 DEBUG (7): Starting Subscriber Opt-In process for store: International (3)
2015-04-22T08:30:02+00:00 DEBUG (7): Starting Subscriber Opt-In process for store: Retail (1)
2015-04-22T08:30:03+00:00 DEBUG (7): Starting Subscriber Opt-In process for store: Wholesale (2)
2015-04-22T08:50:02+00:00 DEBUG (7): Starting Subscriber Opt-In process for store: Admin (0)
2015-04-22T08:50:02+00:00 DEBUG (7): Starting Subscriber Opt-In process for store: International (3)
2015-04-22T08:50:02+00:00 DEBUG (7): Starting Subscriber Opt-In process for store: Retail (1)
2015-04-22T08:50:09+00:00 DEBUG (7): Starting Subscriber Opt-In process for store: Wholesale (2)
2015-04-22T09:00:07+00:00 DEBUG (7): Starting Subscriber Opt-In process for store: Admin (0)
2015-04-22T09:00:07+00:00 DEBUG (7): Starting Subscriber Opt-In process for store: International (3)
2015-04-22T09:00:07+00:00 DEBUG (7): Starting Subscriber Opt-In process for store: Retail (1)
2015-04-22T09:00:08+00:00 DEBUG (7): Starting Subscriber Opt-In process for store: Wholesale (2)
2015-04-22T09:15:02+00:00 DEBUG (7): Starting Subscriber Opt-In process for store: Admin (0)
2015-04-22T09:15:02+00:00 DEBUG (7): Starting Subscriber Opt-In process for store: International (3)
2015-04-22T09:15:02+00:00 DEBUG (7): Starting Subscriber Opt-In process for store: Retail (1)
2015-04-22T09:15:03+00:00 DEBUG (7): Starting Subscriber Opt-In process for store: Wholesale (2)
2015-04-22T09:30:02+00:00 DEBUG (7): Starting Subscriber Opt-In process for store: Admin (0)
2015-04-22T09:30:02+00:00 DEBUG (7): Starting Subscriber Opt-In process for store: International (3)
2015-04-22T09:30:02+00:00 DEBUG (7): Starting Subscriber Opt-In process for store: Retail (1)
2015-04-22T09:30:04+00:00 DEBUG (7): Starting Subscriber Opt-In process for store: Wholesale (2)
2015-04-22T09:45:03+00:00 DEBUG (7): Starting Subscriber Opt-In process for store: Admin (0)
2015-04-22T09:45:03+00:00 DEBUG (7): Starting Subscriber Opt-In process for store: International (3)
2015-04-22T09:45:03+00:00 DEBUG (7): Starting Subscriber Opt-In process for store: Retail (1)
2015-04-22T09:45:05+00:00 DEBUG (7): Starting Subscriber Opt-In process for store: Wholesale (2)
2015-04-22T10:00:03+00:00 DEBUG (7): Starting Subscriber Opt-In process for store: Admin (0)
2015-04-22T10:00:03+00:00 DEBUG (7): Starting Subscriber Opt-In process for store: International (3)
2015-04-22T10:00:03+00:00 DEBUG (7): Starting Subscriber Opt-In process for store: Retail (1)
2015-04-22T10:00:03+00:00 DEBUG (7): Starting Subscriber Opt-In process for store: Wholesale (2)
2015-04-22T10:20:02+00:00 DEBUG (7): Starting Subscriber Opt-In process for store: Admin (0)
2015-04-22T10:20:02+00:00 DEBUG (7): Starting Subscriber Opt-In process for store: International (3)
2015-04-22T10:20:02+00:00 DEBUG (7): Starting Subscriber Opt-In process for store: Retail (1)
2015-04-22T10:20:03+00:00 DEBUG (7): Starting Subscriber Opt-In process for store: Wholesale (2)
2015-04-22T10:30:02+00:00 DEBUG (7): Starting Subscriber Opt-In process for store: Admin (0)
2015-04-22T10:30:02+00:00 DEBUG (7): Starting Subscriber Opt-In process for store: International (3)
2015-04-22T10:30:02+00:00 DEBUG (7): Starting Subscriber Opt-In process for store: Retail (1)
2015-04-22T10:30:03+00:00 DEBUG (7): Starting Subscriber Opt-In process for store: Wholesale (2)
2015-04-22T10:45:02+00:00 DEBUG (7): Starting Subscriber Opt-In process for store: Admin (0)
2015-04-22T10:45:02+00:00 DEBUG (7): Starting Subscriber Opt-In process for store: International (3)
2015-04-22T10:45:02+00:00 DEBUG (7): Starting Subscriber Opt-In process for store: Retail (1)
2015-04-22T10:45:03+00:00 DEBUG (7): Starting Subscriber Opt-In process for store: Wholesale (2)
2015-04-22T11:00:02+00:00 DEBUG (7): Starting Subscriber Opt-In process for store: Admin (0)
2015-04-22T11:00:02+00:00 DEBUG (7): Starting Subscriber Opt-In process for store: International (3)
2015-04-22T11:00:02+00:00 DEBUG (7): Starting Subscriber Opt-In process for store: Retail (1)
2015-04-22T11:00:03+00:00 DEBUG (7): Starting Subscriber Opt-In process for store: Wholesale (2)
2015-04-22T11:15:02+00:00 DEBUG (7): Starting Subscriber Opt-In process for store: Admin (0)
2015-04-22T11:15:02+00:00 DEBUG (7): Starting Subscriber Opt-In process for store: International (3)
2015-04-22T11:15:02+00:00 DEBUG (7): Starting Subscriber Opt-In process for store: Retail (1)
2015-04-22T11:15:03+00:00 DEBUG (7): Starting Subscriber Opt-In process for store: Wholesale (2)
2015-04-22T11:30:02+00:00 DEBUG (7): Starting Subscriber Opt-In process for store: Admin (0)
2015-04-22T11:30:02+00:00 DEBUG (7): Starting Subscriber Opt-In process for store: International (3)
2015-04-22T11:30:02+00:00 DEBUG (7): Starting Subscriber Opt-In process for store: Retail (1)
2015-04-22T11:30:03+00:00 DEBUG (7): Starting Subscriber Opt-In process for store: Wholesale (2)
2015-04-22T11:45:02+00:00 DEBUG (7): Starting Subscriber Opt-In process for store: Admin (0)
2015-04-22T11:45:02+00:00 DEBUG (7): Starting Subscriber Opt-In process for store: International (3)
2015-04-22T11:45:02+00:00 DEBUG (7): Starting Subscriber Opt-In process for store: Retail (1)
2015-04-22T11:45:03+00:00 DEBUG (7): Starting Subscriber Opt-In process for store: Wholesale (2)
2015-04-22T12:00:04+00:00 DEBUG (7): Starting Subscriber Opt-In process for store: Admin (0)
2015-04-22T12:00:04+00:00 DEBUG (7): Starting Subscriber Opt-In process for store: International (3)
2015-04-22T12:00:04+00:00 DEBUG (7): Starting Subscriber Opt-In process for store: Retail (1)
2015-04-22T12:00:05+00:00 DEBUG (7): Starting Subscriber Opt-In process for store: Wholesale (2)
2015-04-22T12:15:03+00:00 DEBUG (7): Starting Subscriber Opt-In process for store: Admin (0)
2015-04-22T12:15:03+00:00 DEBUG (7): Starting Subscriber Opt-In process for store: International (3)
2015-04-22T12:15:03+00:00 DEBUG (7): Starting Subscriber Opt-In process for store: Retail (1)
2015-04-22T12:15:03+00:00 DEBUG (7): Starting Subscriber Opt-In process for store: Wholesale (2)
2015-04-22T12:30:02+00:00 DEBUG (7): Starting Subscriber Opt-In process for store: Admin (0)
2015-04-22T12:30:02+00:00 DEBUG (7): Starting Subscriber Opt-In process for store: International (3)
2015-04-22T12:30:02+00:00 DEBUG (7): Starting Subscriber Opt-In process for store: Retail (1)
2015-04-22T12:30:03+00:00 DEBUG (7): Starting Subscriber Opt-In process for store: Wholesale (2)
2015-04-22T12:43:11+00:00 DEBUG (7): No subscription status found in session.
2015-04-22T12:45:07+00:00 DEBUG (7): Starting Subscriber Opt-In process for store: Admin (0)
2015-04-22T12:45:07+00:00 DEBUG (7): Starting Subscriber Opt-In process for store: International (3)
2015-04-22T12:45:07+00:00 DEBUG (7): Starting Subscriber Opt-In process for store: Retail (1)
2015-04-22T12:45:07+00:00 DEBUG (7): Starting Subscriber Opt-In process for store: Wholesale (2)
2015-04-22T13:00:02+00:00 DEBUG (7): Starting Subscriber Opt-In process for store: Admin (0)
2015-04-22T13:00:02+00:00 DEBUG (7): Starting Subscriber Opt-In process for store: International (3)
2015-04-22T13:00:02+00:00 DEBUG (7): Starting Subscriber Opt-In process for store: Retail (1)
2015-04-22T13:00:03+00:00 DEBUG (7): Starting Subscriber Opt-In process for store: Wholesale (2)
2015-04-22T13:15:02+00:00 DEBUG (7): Starting Subscriber Opt-In process for store: Admin (0)
2015-04-22T13:15:02+00:00 DEBUG (7): Starting Subscriber Opt-In process for store: International (3)
2015-04-22T13:15:02+00:00 DEBUG (7): Starting Subscriber Opt-In process for store: Retail (1)
2015-04-22T13:15:03+00:00 DEBUG (7): Starting Subscriber Opt-In process for store: Wholesale (2)
2015-04-22T13:30:03+00:00 DEBUG (7): Starting Subscriber Opt-In process for store: Admin (0)
2015-04-22T13:30:03+00:00 DEBUG (7): Starting Subscriber Opt-In process for store: International (3)
2015-04-22T13:30:03+00:00 DEBUG (7): Starting Subscriber Opt-In process for store: Retail (1)
2015-04-22T13:30:04+00:00 DEBUG (7): Starting Subscriber Opt-In process for store: Wholesale (2)
2015-04-22T13:45:02+00:00 DEBUG (7): Starting Subscriber Opt-In process for store: Admin (0)
2015-04-22T13:45:02+00:00 DEBUG (7): Starting Subscriber Opt-In process for store: International (3)
2015-04-22T13:45:02+00:00 DEBUG (7): Starting Subscriber Opt-In process for store: Retail (1)
2015-04-22T13:45:03+00:00 DEBUG (7): Starting Subscriber Opt-In process for store: Wholesale (2)
2015-04-22T14:00:03+00:00 DEBUG (7): Starting Subscriber Opt-In process for store: Admin (0)
2015-04-22T14:00:03+00:00 DEBUG (7): Starting Subscriber Opt-In process for store: International (3)
2015-04-22T14:00:03+00:00 DEBUG (7): Starting Subscriber Opt-In process for store: Retail (1)
2015-04-22T14:00:04+00:00 DEBUG (7): Starting Subscriber Opt-In process for store: Wholesale (2)
2015-04-22T14:15:03+00:00 DEBUG (7): Starting Subscriber Opt-In process for store: Admin (0)
2015-04-22T14:15:03+00:00 DEBUG (7): Starting Subscriber Opt-In process for store: International (3)
2015-04-22T14:15:03+00:00 DEBUG (7): Starting Subscriber Opt-In process for store: Retail (1)
2015-04-22T14:15:04+00:00 DEBUG (7): Starting Subscriber Opt-In process for store: Wholesale (2)
2015-04-22T14:30:02+00:00 DEBUG (7): Starting Subscriber Opt-In process for store: Admin (0)
2015-04-22T14:30:02+00:00 DEBUG (7): Starting Subscriber Opt-In process for store: International (3)
2015-04-22T14:30:02+00:00 DEBUG (7): Starting Subscriber Opt-In process for store: Retail (1)
2015-04-22T14:30:03+00:00 DEBUG (7): Starting Subscriber Opt-In process for store: Wholesale (2)
2015-04-22T14:45:02+00:00 DEBUG (7): Starting Subscriber Opt-In process for store: Admin (0)
2015-04-22T14:45:02+00:00 DEBUG (7): Starting Subscriber Opt-In process for store: International (3)
2015-04-22T14:45:02+00:00 DEBUG (7): Starting Subscriber Opt-In process for store: Retail (1)
2015-04-22T14:45:03+00:00 DEBUG (7): Starting Subscriber Opt-In process for store: Wholesale (2)
2015-04-22T15:00:03+00:00 DEBUG (7): Starting Subscriber Opt-In process for store: Admin (0)
2015-04-22T15:00:03+00:00 DEBUG (7): Starting Subscriber Opt-In process for store: International (3)
2015-04-22T15:00:03+00:00 DEBUG (7): Starting Subscriber Opt-In process for store: Retail (1)
2015-04-22T15:00:06+00:00 DEBUG (7): Starting Subscriber Opt-In process for store: Wholesale (2)
2015-04-22T15:15:08+00:00 DEBUG (7): Starting Subscriber Opt-In process for store: Admin (0)
2015-04-22T15:15:08+00:00 DEBUG (7): Starting Subscriber Opt-In process for store: International (3)
2015-04-22T15:15:08+00:00 DEBUG (7): Starting Subscriber Opt-In process for store: Retail (1)
2015-04-22T15:15:08+00:00 INFO (6):   Adding Contact to list: Bloomingbath.com
2015-04-22T15:15:08+00:00 INFO (6):   Setting Contact (dahlia_salazar@msn.com) status to: active
2015-04-22T15:15:08+00:00 DEBUG (7): Starting Subscriber Opt-In process for store: Wholesale (2)
2015-04-22T15:30:02+00:00 DEBUG (7): Starting Subscriber Opt-In process for store: Admin (0)
2015-04-22T15:30:02+00:00 DEBUG (7): Starting Subscriber Opt-In process for store: International (3)
2015-04-22T15:30:02+00:00 DEBUG (7): Starting Subscriber Opt-In process for store: Retail (1)
2015-04-22T15:30:04+00:00 DEBUG (7): Starting Subscriber Opt-In process for store: Wholesale (2)
2015-04-22T15:50:02+00:00 DEBUG (7): Starting Subscriber Opt-In process for store: Admin (0)
2015-04-22T15:50:02+00:00 DEBUG (7): Starting Subscriber Opt-In process for store: International (3)
2015-04-22T15:50:02+00:00 DEBUG (7): Starting Subscriber Opt-In process for store: Retail (1)
2015-04-22T15:50:03+00:00 DEBUG (7): Starting Subscriber Opt-In process for store: Wholesale (2)
2015-04-22T16:00:02+00:00 DEBUG (7): Starting Subscriber Opt-In process for store: Admin (0)
2015-04-22T16:00:02+00:00 DEBUG (7): Starting Subscriber Opt-In process for store: International (3)
2015-04-22T16:00:02+00:00 DEBUG (7): Starting Subscriber Opt-In process for store: Retail (1)
2015-04-22T16:00:04+00:00 DEBUG (7): Starting Subscriber Opt-In process for store: Wholesale (2)
2015-04-22T16:15:18+00:00 DEBUG (7): Starting Subscriber Opt-In process for store: Admin (0)
2015-04-22T16:15:18+00:00 DEBUG (7): Starting Subscriber Opt-In process for store: International (3)
2015-04-22T16:15:18+00:00 DEBUG (7): Starting Subscriber Opt-In process for store: Retail (1)
2015-04-22T16:15:18+00:00 DEBUG (7): Starting Subscriber Opt-In process for store: Wholesale (2)
2015-04-22T16:30:08+00:00 DEBUG (7): Starting Subscriber Opt-In process for store: Admin (0)
2015-04-22T16:30:08+00:00 DEBUG (7): Starting Subscriber Opt-In process for store: International (3)
2015-04-22T16:30:08+00:00 DEBUG (7): Starting Subscriber Opt-In process for store: Retail (1)
2015-04-22T16:30:08+00:00 DEBUG (7): Starting Subscriber Opt-In process for store: Wholesale (2)
2015-04-22T16:45:09+00:00 DEBUG (7): Starting Subscriber Opt-In process for store: Admin (0)
2015-04-22T16:45:09+00:00 DEBUG (7): Starting Subscriber Opt-In process for store: International (3)
2015-04-22T16:45:09+00:00 DEBUG (7): Starting Subscriber Opt-In process for store: Retail (1)
2015-04-22T16:45:09+00:00 DEBUG (7): Starting Subscriber Opt-In process for store: Wholesale (2)
2015-04-22T16:50:46+00:00 DEBUG (7): No subscription status found in session.
2015-04-22T17:00:07+00:00 DEBUG (7): Starting Subscriber Opt-In process for store: Admin (0)
2015-04-22T17:00:07+00:00 DEBUG (7): Starting Subscriber Opt-In process for store: International (3)
2015-04-22T17:00:07+00:00 DEBUG (7): Starting Subscriber Opt-In process for store: Retail (1)
2015-04-22T17:00:07+00:00 DEBUG (7): Starting Subscriber Opt-In process for store: Wholesale (2)
2015-04-22T17:15:06+00:00 DEBUG (7): Starting Subscriber Opt-In process for store: Admin (0)
2015-04-22T17:15:06+00:00 DEBUG (7): Starting Subscriber Opt-In process for store: International (3)
2015-04-22T17:15:06+00:00 DEBUG (7): Starting Subscriber Opt-In process for store: Retail (1)
2015-04-22T17:15:07+00:00 DEBUG (7): Starting Subscriber Opt-In process for store: Wholesale (2)
2015-04-22T17:30:02+00:00 DEBUG (7): Starting Subscriber Opt-In process for store: Admin (0)
2015-04-22T17:30:02+00:00 DEBUG (7): Starting Subscriber Opt-In process for store: International (3)
2015-04-22T17:30:02+00:00 DEBUG (7): Starting Subscriber Opt-In process for store: Retail (1)
2015-04-22T17:30:03+00:00 DEBUG (7): Starting Subscriber Opt-In process for store: Wholesale (2)
2015-04-22T17:36:29+00:00 DEBUG (7): No subscription status found in session.
2015-04-22T17:42:24+00:00 DEBUG (7): No subscription status found in session.
2015-04-22T17:45:07+00:00 DEBUG (7): Starting Subscriber Opt-In process for store: Admin (0)
2015-04-22T17:45:07+00:00 DEBUG (7): Starting Subscriber Opt-In process for store: International (3)
2015-04-22T17:45:07+00:00 DEBUG (7): Starting Subscriber Opt-In process for store: Retail (1)
2015-04-22T17:45:07+00:00 INFO (6):   Adding Contact to list: Bloomingbath.com
2015-04-22T17:45:07+00:00 INFO (6):   Setting Contact (labrandon211@comcast.net) status to: active
2015-04-22T17:45:07+00:00 DEBUG (7): Starting Subscriber Opt-In process for store: Wholesale (2)
2015-04-22T18:00:02+00:00 DEBUG (7): Starting Subscriber Opt-In process for store: Admin (0)
2015-04-22T18:00:02+00:00 DEBUG (7): Starting Subscriber Opt-In process for store: International (3)
2015-04-22T18:00:02+00:00 DEBUG (7): Starting Subscriber Opt-In process for store: Retail (1)
2015-04-22T18:00:03+00:00 DEBUG (7): Starting Subscriber Opt-In process for store: Wholesale (2)
2015-04-22T18:15:02+00:00 DEBUG (7): Starting Subscriber Opt-In process for store: Admin (0)
2015-04-22T18:15:02+00:00 DEBUG (7): Starting Subscriber Opt-In process for store: International (3)
2015-04-22T18:15:02+00:00 DEBUG (7): Starting Subscriber Opt-In process for store: Retail (1)
2015-04-22T18:15:04+00:00 INFO (6):   Adding Contact to list: Bloomingbath.com
2015-04-22T18:15:04+00:00 INFO (6):   Setting Contact (ssanda67@yahoo.com) status to: active
2015-04-22T18:15:04+00:00 DEBUG (7): Starting Subscriber Opt-In process for store: Wholesale (2)
2015-04-22T18:35:06+00:00 DEBUG (7): Starting Subscriber Opt-In process for store: Admin (0)
2015-04-22T18:35:06+00:00 DEBUG (7): Starting Subscriber Opt-In process for store: International (3)
2015-04-22T18:35:06+00:00 DEBUG (7): Starting Subscriber Opt-In process for store: Retail (1)
2015-04-22T18:35:06+00:00 INFO (6):   Adding Contact to list: Bloomingbath.com
2015-04-22T18:35:06+00:00 INFO (6):   Setting Contact (kamilori13@gmail.com) status to: active
2015-04-22T18:35:07+00:00 DEBUG (7): Starting Subscriber Opt-In process for store: Wholesale (2)
2015-04-22T18:45:06+00:00 DEBUG (7): Starting Subscriber Opt-In process for store: Admin (0)
2015-04-22T18:45:06+00:00 DEBUG (7): Starting Subscriber Opt-In process for store: International (3)
2015-04-22T18:45:06+00:00 DEBUG (7): Starting Subscriber Opt-In process for store: Retail (1)
2015-04-22T18:45:06+00:00 DEBUG (7): Starting Subscriber Opt-In process for store: Wholesale (2)
2015-04-22T19:00:02+00:00 DEBUG (7): Starting Subscriber Opt-In process for store: Admin (0)
2015-04-22T19:00:02+00:00 DEBUG (7): Starting Subscriber Opt-In process for store: International (3)
2015-04-22T19:00:02+00:00 DEBUG (7): Starting Subscriber Opt-In process for store: Retail (1)
2015-04-22T19:00:03+00:00 DEBUG (7): Starting Subscriber Opt-In process for store: Wholesale (2)
2015-04-22T19:15:02+00:00 DEBUG (7): Starting Subscriber Opt-In process for store: Admin (0)
2015-04-22T19:15:02+00:00 DEBUG (7): Starting Subscriber Opt-In process for store: International (3)
2015-04-22T19:15:02+00:00 DEBUG (7): Starting Subscriber Opt-In process for store: Retail (1)
2015-04-22T19:15:03+00:00 DEBUG (7): Starting Subscriber Opt-In process for store: Wholesale (2)
2015-04-22T19:30:02+00:00 DEBUG (7): Starting Subscriber Opt-In process for store: Admin (0)
2015-04-22T19:30:02+00:00 DEBUG (7): Starting Subscriber Opt-In process for store: International (3)
2015-04-22T19:30:02+00:00 DEBUG (7): Starting Subscriber Opt-In process for store: Retail (1)
2015-04-22T19:30:03+00:00 DEBUG (7): Starting Subscriber Opt-In process for store: Wholesale (2)
2015-04-22T19:35:38+00:00 DEBUG (7): No subscription status found in session.
2015-04-22T19:42:24+00:00 DEBUG (7): No subscription status found in session.
2015-04-22T19:45:04+00:00 DEBUG (7): Starting Subscriber Opt-In process for store: Admin (0)
2015-04-22T19:45:04+00:00 DEBUG (7): Starting Subscriber Opt-In process for store: International (3)
2015-04-22T19:45:04+00:00 DEBUG (7): Starting Subscriber Opt-In process for store: Retail (1)
2015-04-22T19:45:05+00:00 INFO (6):   Adding Contact to list: Bloomingbath.com
2015-04-22T19:45:05+00:00 INFO (6):   Setting Contact (cferguson@slb.com) status to: active
2015-04-22T19:45:05+00:00 INFO (6):   Adding Contact to list: Bloomingbath.com
2015-04-22T19:45:05+00:00 INFO (6):   Setting Contact (SNAGEMEGANS@YAHOO.COM) status to: active
2015-04-22T19:45:05+00:00 DEBUG (7): Starting Subscriber Opt-In process for store: Wholesale (2)
2015-04-22T20:00:02+00:00 DEBUG (7): Starting Subscriber Opt-In process for store: Admin (0)
2015-04-22T20:00:02+00:00 DEBUG (7): Starting Subscriber Opt-In process for store: International (3)
2015-04-22T20:00:02+00:00 DEBUG (7): Starting Subscriber Opt-In process for store: Retail (1)
2015-04-22T20:00:03+00:00 DEBUG (7): Starting Subscriber Opt-In process for store: Wholesale (2)
2015-04-22T20:15:04+00:00 DEBUG (7): Starting Subscriber Opt-In process for store: Admin (0)
2015-04-22T20:15:04+00:00 DEBUG (7): Starting Subscriber Opt-In process for store: International (3)
2015-04-22T20:15:04+00:00 DEBUG (7): Starting Subscriber Opt-In process for store: Retail (1)
2015-04-22T20:15:05+00:00 INFO (6):   Adding Contact to list: Bloomingbath.com
2015-04-22T20:15:05+00:00 INFO (6):   Setting Contact (lin898622@hotmail.com) status to: active
2015-04-22T20:15:05+00:00 DEBUG (7): Starting Subscriber Opt-In process for store: Wholesale (2)
2015-04-22T20:35:03+00:00 DEBUG (7): Starting Subscriber Opt-In process for store: Admin (0)
2015-04-22T20:35:03+00:00 DEBUG (7): Starting Subscriber Opt-In process for store: International (3)
2015-04-22T20:35:03+00:00 DEBUG (7): Starting Subscriber Opt-In process for store: Retail (1)
2015-04-22T20:35:04+00:00 DEBUG (7): Starting Subscriber Opt-In process for store: Wholesale (2)
2015-04-22T20:45:02+00:00 DEBUG (7): Starting Subscriber Opt-In process for store: Admin (0)
2015-04-22T20:45:02+00:00 DEBUG (7): Starting Subscriber Opt-In process for store: International (3)
2015-04-22T20:45:02+00:00 DEBUG (7): Starting Subscriber Opt-In process for store: Retail (1)
2015-04-22T20:45:03+00:00 INFO (6):   Adding Contact to list: Bloomingbath.com
2015-04-22T20:45:03+00:00 INFO (6):   Setting Contact (eldinaxnikocevic@gmail.com) status to: active
2015-04-22T20:45:03+00:00 DEBUG (7): Starting Subscriber Opt-In process for store: Wholesale (2)
2015-04-22T21:00:03+00:00 DEBUG (7): Starting Subscriber Opt-In process for store: Admin (0)
2015-04-22T21:00:03+00:00 DEBUG (7): Starting Subscriber Opt-In process for store: International (3)
2015-04-22T21:00:03+00:00 DEBUG (7): Starting Subscriber Opt-In process for store: Retail (1)
2015-04-22T21:00:04+00:00 INFO (6):   Adding Contact to list: Bloomingbath.com
2015-04-22T21:00:04+00:00 INFO (6):   Setting Contact (Karibarch80@yahoo.com) status to: active
2015-04-22T21:00:04+00:00 DEBUG (7): Starting Subscriber Opt-In process for store: Wholesale (2)
2015-04-22T21:00:07+00:00 DEBUG (7): No subscription status found in session.
2015-04-22T21:15:04+00:00 DEBUG (7): Starting Subscriber Opt-In process for store: Admin (0)
2015-04-22T21:15:04+00:00 DEBUG (7): Starting Subscriber Opt-In process for store: International (3)
2015-04-22T21:15:04+00:00 DEBUG (7): Starting Subscriber Opt-In process for store: Retail (1)
2015-04-22T21:15:05+00:00 INFO (6):   Adding Contact to list: Bloomingbath.com
2015-04-22T21:15:05+00:00 INFO (6):   Setting Contact (ljjones@oaklandnet.com) status to: active
2015-04-22T21:15:05+00:00 DEBUG (7): Starting Subscriber Opt-In process for store: Wholesale (2)
2015-04-22T21:30:02+00:00 DEBUG (7): Starting Subscriber Opt-In process for store: Admin (0)
2015-04-22T21:30:02+00:00 DEBUG (7): Starting Subscriber Opt-In process for store: International (3)
2015-04-22T21:30:02+00:00 DEBUG (7): Starting Subscriber Opt-In process for store: Retail (1)
2015-04-22T21:30:03+00:00 DEBUG (7): Starting Subscriber Opt-In process for store: Wholesale (2)
2015-04-22T21:30:49+00:00 DEBUG (7): No subscription status found in session.
2015-04-22T21:45:05+00:00 DEBUG (7): Starting Subscriber Opt-In process for store: Admin (0)
2015-04-22T21:45:05+00:00 DEBUG (7): Starting Subscriber Opt-In process for store: International (3)
2015-04-22T21:45:05+00:00 DEBUG (7): Starting Subscriber Opt-In process for store: Retail (1)
2015-04-22T21:45:05+00:00 INFO (6):   Adding Contact to list: Bloomingbath.com
2015-04-22T21:45:05+00:00 INFO (6):   Setting Contact (kalisha_provins@yahoo.com) status to: active
2015-04-22T21:45:05+00:00 INFO (6):   Adding Contact to list: Bloomingbath.com
2015-04-22T21:45:06+00:00 INFO (6):   Setting Contact (Hambik11@gmail.com) status to: active
2015-04-22T21:45:06+00:00 DEBUG (7): Starting Subscriber Opt-In process for store: Wholesale (2)
2015-04-22T22:00:03+00:00 DEBUG (7): Starting Subscriber Opt-In process for store: Admin (0)
2015-04-22T22:00:03+00:00 DEBUG (7): Starting Subscriber Opt-In process for store: International (3)
2015-04-22T22:00:03+00:00 DEBUG (7): Starting Subscriber Opt-In process for store: Retail (1)
2015-04-22T22:00:04+00:00 DEBUG (7): Starting Subscriber Opt-In process for store: Wholesale (2)
2015-04-22T22:15:14+00:00 DEBUG (7): Starting Subscriber Opt-In process for store: Admin (0)
2015-04-22T22:15:15+00:00 INFO (6):   Setting Contact (achildscottage@outlook.com) status to: active
2015-04-22T22:15:15+00:00 DEBUG (7): Starting Subscriber Opt-In process for store: International (3)
2015-04-22T22:15:15+00:00 DEBUG (7): Starting Subscriber Opt-In process for store: Retail (1)
2015-04-22T22:15:15+00:00 INFO (6):   Adding Contact to list: Bloomingbath.com
2015-04-22T22:15:15+00:00 INFO (6):   Setting Contact (christinar.schmidt@yahoo.com) status to: active
2015-04-22T22:15:15+00:00 DEBUG (7): Starting Subscriber Opt-In process for store: Wholesale (2)
2015-04-22T22:28:35+00:00 DEBUG (7): No subscription status found in session.
2015-04-22T22:30:04+00:00 DEBUG (7): Starting Subscriber Opt-In process for store: Admin (0)
2015-04-22T22:30:04+00:00 DEBUG (7): Starting Subscriber Opt-In process for store: International (3)
2015-04-22T22:30:04+00:00 DEBUG (7): Starting Subscriber Opt-In process for store: Retail (1)
2015-04-22T22:30:04+00:00 INFO (6):   Adding Contact to list: Bloomingbath.com
2015-04-22T22:30:04+00:00 INFO (6):   Setting Contact (sandi.dailey@asmnet.com) status to: active
2015-04-22T22:30:05+00:00 DEBUG (7): Starting Subscriber Opt-In process for store: Wholesale (2)
2015-04-22T22:45:30+00:00 DEBUG (7): Starting Subscriber Opt-In process for store: Admin (0)
2015-04-22T22:45:30+00:00 DEBUG (7): Starting Subscriber Opt-In process for store: International (3)
2015-04-22T22:45:30+00:00 DEBUG (7): Starting Subscriber Opt-In process for store: Retail (1)
2015-04-22T22:45:30+00:00 DEBUG (7): Starting Subscriber Opt-In process for store: Wholesale (2)
2015-04-22T23:00:03+00:00 DEBUG (7): Starting Subscriber Opt-In process for store: Admin (0)
2015-04-22T23:00:03+00:00 DEBUG (7): Starting Subscriber Opt-In process for store: International (3)
2015-04-22T23:00:03+00:00 DEBUG (7): Starting Subscriber Opt-In process for store: Retail (1)
2015-04-22T23:00:04+00:00 INFO (6):   Adding Contact to list: Bloomingbath.com
2015-04-22T23:00:04+00:00 INFO (6):   Setting Contact (Jhenry82@icloud.com) status to: active
2015-04-22T23:00:04+00:00 DEBUG (7): Starting Subscriber Opt-In process for store: Wholesale (2)
2015-04-22T23:04:49+00:00 DEBUG (7): No subscription status found in session.
2015-04-22T23:15:04+00:00 DEBUG (7): Starting Subscriber Opt-In process for store: Admin (0)
2015-04-22T23:15:04+00:00 DEBUG (7): Starting Subscriber Opt-In process for store: International (3)
2015-04-22T23:15:04+00:00 DEBUG (7): Starting Subscriber Opt-In process for store: Retail (1)
2015-04-22T23:15:04+00:00 INFO (6):   Adding Contact to list: Bloomingbath.com
2015-04-22T23:15:04+00:00 INFO (6):   Setting Contact (jenluke@mtco.com) status to: active
2015-04-22T23:15:04+00:00 INFO (6):   Adding Contact to list: Bloomingbath.com
2015-04-22T23:15:04+00:00 INFO (6):   Setting Contact (slick3@wccta.net) status to: active
2015-04-22T23:15:05+00:00 DEBUG (7): Starting Subscriber Opt-In process for store: Wholesale (2)
2015-04-22T23:28:11+00:00 DEBUG (7): No subscription status found in session.
2015-04-22T23:35:04+00:00 DEBUG (7): Starting Subscriber Opt-In process for store: Admin (0)
2015-04-22T23:35:04+00:00 DEBUG (7): Starting Subscriber Opt-In process for store: International (3)
2015-04-22T23:35:04+00:00 DEBUG (7): Starting Subscriber Opt-In process for store: Retail (1)
2015-04-22T23:35:05+00:00 DEBUG (7): Starting Subscriber Opt-In process for store: Wholesale (2)
2015-04-22T23:45:02+00:00 DEBUG (7): Starting Subscriber Opt-In process for store: Admin (0)
2015-04-22T23:45:02+00:00 DEBUG (7): Starting Subscriber Opt-In process for store: International (3)
2015-04-22T23:45:02+00:00 DEBUG (7): Starting Subscriber Opt-In process for store: Retail (1)
2015-04-22T23:45:03+00:00 DEBUG (7): Starting Subscriber Opt-In process for store: Wholesale (2)
