2015-04-18T00:05:02+00:00 DEBUG (7): Starting Subscriber Opt-In process for store: Admin (0)
2015-04-18T00:05:02+00:00 DEBUG (7): Starting Subscriber Opt-In process for store: International (3)
2015-04-18T00:05:02+00:00 DEBUG (7): Starting Subscriber Opt-In process for store: Retail (1)
2015-04-18T00:05:03+00:00 DEBUG (7): Starting Subscriber Opt-In process for store: Wholesale (2)
2015-04-18T00:09:23+00:00 DEBUG (7): No subscription status found in session.
2015-04-18T00:15:04+00:00 DEBUG (7): Starting Subscriber Opt-In process for store: Admin (0)
2015-04-18T00:15:04+00:00 DEBUG (7): Starting Subscriber Opt-In process for store: International (3)
2015-04-18T00:15:04+00:00 DEBUG (7): Starting Subscriber Opt-In process for store: Retail (1)
2015-04-18T00:15:04+00:00 DEBUG (7): Starting Subscriber Opt-In process for store: Wholesale (2)
2015-04-18T00:30:02+00:00 DEBUG (7): Starting Subscriber Opt-In process for store: Admin (0)
2015-04-18T00:30:02+00:00 DEBUG (7): Starting Subscriber Opt-In process for store: International (3)
2015-04-18T00:30:02+00:00 DEBUG (7): Starting Subscriber Opt-In process for store: Retail (1)
2015-04-18T00:30:03+00:00 DEBUG (7): Starting Subscriber Opt-In process for store: Wholesale (2)
2015-04-18T00:45:03+00:00 DEBUG (7): Starting Subscriber Opt-In process for store: Admin (0)
2015-04-18T00:45:03+00:00 DEBUG (7): Starting Subscriber Opt-In process for store: International (3)
2015-04-18T00:45:03+00:00 DEBUG (7): Starting Subscriber Opt-In process for store: Retail (1)
2015-04-18T00:45:03+00:00 DEBUG (7): Starting Subscriber Opt-In process for store: Wholesale (2)
2015-04-18T01:00:02+00:00 DEBUG (7): Starting Subscriber Opt-In process for store: Admin (0)
2015-04-18T01:00:02+00:00 DEBUG (7): Starting Subscriber Opt-In process for store: International (3)
2015-04-18T01:00:02+00:00 DEBUG (7): Starting Subscriber Opt-In process for store: Retail (1)
2015-04-18T01:00:03+00:00 DEBUG (7): Starting Subscriber Opt-In process for store: Wholesale (2)
2015-04-18T01:15:02+00:00 DEBUG (7): Starting Subscriber Opt-In process for store: Admin (0)
2015-04-18T01:15:02+00:00 DEBUG (7): Starting Subscriber Opt-In process for store: International (3)
2015-04-18T01:15:02+00:00 DEBUG (7): Starting Subscriber Opt-In process for store: Retail (1)
2015-04-18T01:15:03+00:00 DEBUG (7): Starting Subscriber Opt-In process for store: Wholesale (2)
2015-04-18T01:30:04+00:00 DEBUG (7): Starting Subscriber Opt-In process for store: Admin (0)
2015-04-18T01:30:04+00:00 DEBUG (7): Starting Subscriber Opt-In process for store: International (3)
2015-04-18T01:30:04+00:00 DEBUG (7): Starting Subscriber Opt-In process for store: Retail (1)
2015-04-18T01:30:04+00:00 DEBUG (7): Starting Subscriber Opt-In process for store: Wholesale (2)
2015-04-18T01:45:05+00:00 DEBUG (7): Starting Subscriber Opt-In process for store: Admin (0)
2015-04-18T01:45:05+00:00 DEBUG (7): Starting Subscriber Opt-In process for store: International (3)
2015-04-18T01:45:05+00:00 DEBUG (7): Starting Subscriber Opt-In process for store: Retail (1)
2015-04-18T01:45:05+00:00 INFO (6):   Adding Contact to list: Bloomingbath.com
2015-04-18T01:45:05+00:00 INFO (6):   Setting Contact (kerriscafidi@yahoo.com) status to: active
2015-04-18T01:45:05+00:00 DEBUG (7): Starting Subscriber Opt-In process for store: Wholesale (2)
2015-04-18T01:58:51+00:00 DEBUG (7): No subscription status found in session.
2015-04-18T02:00:04+00:00 DEBUG (7): Starting Subscriber Opt-In process for store: Admin (0)
2015-04-18T02:00:04+00:00 DEBUG (7): Starting Subscriber Opt-In process for store: International (3)
2015-04-18T02:00:04+00:00 DEBUG (7): Starting Subscriber Opt-In process for store: Retail (1)
2015-04-18T02:00:05+00:00 INFO (6):   Adding Contact to list: Bloomingbath.com
2015-04-18T02:00:05+00:00 INFO (6):   Setting Contact (simmons_em@yahoo.com) status to: active
2015-04-18T02:00:05+00:00 INFO (6):   Adding Contact to list: Bloomingbath.com
2015-04-18T02:00:05+00:00 INFO (6):   Setting Contact (froggies4260@yahoo.com) status to: active
2015-04-18T02:00:05+00:00 DEBUG (7): Starting Subscriber Opt-In process for store: Wholesale (2)
2015-04-18T02:20:02+00:00 DEBUG (7): Starting Subscriber Opt-In process for store: Admin (0)
2015-04-18T02:20:02+00:00 DEBUG (7): Starting Subscriber Opt-In process for store: International (3)
2015-04-18T02:20:02+00:00 DEBUG (7): Starting Subscriber Opt-In process for store: Retail (1)
2015-04-18T02:20:03+00:00 DEBUG (7): Starting Subscriber Opt-In process for store: Wholesale (2)
2015-04-18T02:30:03+00:00 DEBUG (7): Starting Subscriber Opt-In process for store: Admin (0)
2015-04-18T02:30:03+00:00 DEBUG (7): Starting Subscriber Opt-In process for store: International (3)
2015-04-18T02:30:03+00:00 DEBUG (7): Starting Subscriber Opt-In process for store: Retail (1)
2015-04-18T02:30:06+00:00 INFO (6):   Adding Contact to list: Bloomingbath.com
2015-04-18T02:30:06+00:00 INFO (6):   Setting Contact (areli79@gmail.com) status to: active
2015-04-18T02:30:06+00:00 DEBUG (7): Starting Subscriber Opt-In process for store: Wholesale (2)
2015-04-18T02:45:02+00:00 DEBUG (7): Starting Subscriber Opt-In process for store: Admin (0)
2015-04-18T02:45:02+00:00 DEBUG (7): Starting Subscriber Opt-In process for store: International (3)
2015-04-18T02:45:02+00:00 DEBUG (7): Starting Subscriber Opt-In process for store: Retail (1)
2015-04-18T02:45:03+00:00 DEBUG (7): Starting Subscriber Opt-In process for store: Wholesale (2)
2015-04-18T03:00:03+00:00 DEBUG (7): Starting Subscriber Opt-In process for store: Admin (0)
2015-04-18T03:00:03+00:00 DEBUG (7): Starting Subscriber Opt-In process for store: International (3)
2015-04-18T03:00:03+00:00 DEBUG (7): Starting Subscriber Opt-In process for store: Retail (1)
2015-04-18T03:00:03+00:00 DEBUG (7): Starting Subscriber Opt-In process for store: Wholesale (2)
2015-04-18T03:15:03+00:00 DEBUG (7): Starting Subscriber Opt-In process for store: Admin (0)
2015-04-18T03:15:03+00:00 DEBUG (7): Starting Subscriber Opt-In process for store: International (3)
2015-04-18T03:15:03+00:00 DEBUG (7): Starting Subscriber Opt-In process for store: Retail (1)
2015-04-18T03:15:06+00:00 INFO (6):   Adding Contact to list: Bloomingbath.com
2015-04-18T03:15:06+00:00 INFO (6):   Setting Contact (michaela_wolf@yahoo.com) status to: active
2015-04-18T03:15:06+00:00 DEBUG (7): Starting Subscriber Opt-In process for store: Wholesale (2)
2015-04-18T03:30:03+00:00 DEBUG (7): Starting Subscriber Opt-In process for store: Admin (0)
2015-04-18T03:30:03+00:00 DEBUG (7): Starting Subscriber Opt-In process for store: International (3)
2015-04-18T03:30:03+00:00 DEBUG (7): Starting Subscriber Opt-In process for store: Retail (1)
2015-04-18T03:30:05+00:00 DEBUG (7): Starting Subscriber Opt-In process for store: Wholesale (2)
2015-04-18T03:50:02+00:00 DEBUG (7): Starting Subscriber Opt-In process for store: Admin (0)
2015-04-18T03:50:02+00:00 DEBUG (7): Starting Subscriber Opt-In process for store: International (3)
2015-04-18T03:50:02+00:00 DEBUG (7): Starting Subscriber Opt-In process for store: Retail (1)
2015-04-18T03:50:03+00:00 DEBUG (7): Starting Subscriber Opt-In process for store: Wholesale (2)
2015-04-18T04:00:02+00:00 DEBUG (7): Starting Subscriber Opt-In process for store: Admin (0)
2015-04-18T04:00:02+00:00 DEBUG (7): Starting Subscriber Opt-In process for store: International (3)
2015-04-18T04:00:02+00:00 DEBUG (7): Starting Subscriber Opt-In process for store: Retail (1)
2015-04-18T04:00:03+00:00 DEBUG (7): Starting Subscriber Opt-In process for store: Wholesale (2)
2015-04-18T04:15:02+00:00 DEBUG (7): Starting Subscriber Opt-In process for store: Admin (0)
2015-04-18T04:15:02+00:00 DEBUG (7): Starting Subscriber Opt-In process for store: International (3)
2015-04-18T04:15:02+00:00 DEBUG (7): Starting Subscriber Opt-In process for store: Retail (1)
2015-04-18T04:15:03+00:00 DEBUG (7): Starting Subscriber Opt-In process for store: Wholesale (2)
2015-04-18T04:30:02+00:00 DEBUG (7): Starting Subscriber Opt-In process for store: Admin (0)
2015-04-18T04:30:03+00:00 DEBUG (7): Starting Subscriber Opt-In process for store: International (3)
2015-04-18T04:30:03+00:00 DEBUG (7): Starting Subscriber Opt-In process for store: Retail (1)
2015-04-18T04:30:04+00:00 INFO (6):   Adding Contact to list: Bloomingbath.com
2015-04-18T04:30:04+00:00 INFO (6):   Setting Contact (rainin_stars86@yahoo.com) status to: active
2015-04-18T04:30:04+00:00 DEBUG (7): Starting Subscriber Opt-In process for store: Wholesale (2)
2015-04-18T04:45:02+00:00 DEBUG (7): Starting Subscriber Opt-In process for store: Admin (0)
2015-04-18T04:45:02+00:00 DEBUG (7): Starting Subscriber Opt-In process for store: International (3)
2015-04-18T04:45:02+00:00 DEBUG (7): Starting Subscriber Opt-In process for store: Retail (1)
2015-04-18T04:45:03+00:00 DEBUG (7): Starting Subscriber Opt-In process for store: Wholesale (2)
2015-04-18T05:00:03+00:00 DEBUG (7): Starting Subscriber Opt-In process for store: Admin (0)
2015-04-18T05:00:03+00:00 DEBUG (7): Starting Subscriber Opt-In process for store: International (3)
2015-04-18T05:00:03+00:00 DEBUG (7): Starting Subscriber Opt-In process for store: Retail (1)
2015-04-18T05:00:04+00:00 DEBUG (7): Starting Subscriber Opt-In process for store: Wholesale (2)
2015-04-18T05:15:04+00:00 DEBUG (7): Starting Subscriber Opt-In process for store: Admin (0)
2015-04-18T05:15:04+00:00 DEBUG (7): Starting Subscriber Opt-In process for store: International (3)
2015-04-18T05:15:04+00:00 DEBUG (7): Starting Subscriber Opt-In process for store: Retail (1)
2015-04-18T05:15:04+00:00 INFO (6):   Adding Contact to list: Bloomingbath.com
2015-04-18T05:15:04+00:00 INFO (6):   Setting Contact (missslady12@gmail.com) status to: active
2015-04-18T05:15:04+00:00 DEBUG (7): Starting Subscriber Opt-In process for store: Wholesale (2)
2015-04-18T05:30:02+00:00 DEBUG (7): Starting Subscriber Opt-In process for store: Admin (0)
2015-04-18T05:30:02+00:00 DEBUG (7): Starting Subscriber Opt-In process for store: International (3)
2015-04-18T05:30:02+00:00 DEBUG (7): Starting Subscriber Opt-In process for store: Retail (1)
2015-04-18T05:30:03+00:00 DEBUG (7): Starting Subscriber Opt-In process for store: Wholesale (2)
2015-04-18T05:45:02+00:00 DEBUG (7): Starting Subscriber Opt-In process for store: Admin (0)
2015-04-18T05:45:02+00:00 DEBUG (7): Starting Subscriber Opt-In process for store: International (3)
2015-04-18T05:45:02+00:00 DEBUG (7): Starting Subscriber Opt-In process for store: Retail (1)
2015-04-18T05:45:03+00:00 DEBUG (7): Starting Subscriber Opt-In process for store: Wholesale (2)
2015-04-18T06:00:04+00:00 DEBUG (7): Starting Subscriber Opt-In process for store: Admin (0)
2015-04-18T06:00:04+00:00 DEBUG (7): Starting Subscriber Opt-In process for store: International (3)
2015-04-18T06:00:04+00:00 DEBUG (7): Starting Subscriber Opt-In process for store: Retail (1)
2015-04-18T06:00:04+00:00 DEBUG (7): Starting Subscriber Opt-In process for store: Wholesale (2)
2015-04-18T06:20:02+00:00 DEBUG (7): Starting Subscriber Opt-In process for store: Admin (0)
2015-04-18T06:20:02+00:00 DEBUG (7): Starting Subscriber Opt-In process for store: International (3)
2015-04-18T06:20:02+00:00 DEBUG (7): Starting Subscriber Opt-In process for store: Retail (1)
2015-04-18T06:20:03+00:00 DEBUG (7): Starting Subscriber Opt-In process for store: Wholesale (2)
2015-04-18T06:30:02+00:00 DEBUG (7): Starting Subscriber Opt-In process for store: Admin (0)
2015-04-18T06:30:02+00:00 DEBUG (7): Starting Subscriber Opt-In process for store: International (3)
2015-04-18T06:30:02+00:00 DEBUG (7): Starting Subscriber Opt-In process for store: Retail (1)
2015-04-18T06:30:03+00:00 DEBUG (7): Starting Subscriber Opt-In process for store: Wholesale (2)
2015-04-18T06:45:02+00:00 DEBUG (7): Starting Subscriber Opt-In process for store: Admin (0)
2015-04-18T06:45:02+00:00 DEBUG (7): Starting Subscriber Opt-In process for store: International (3)
2015-04-18T06:45:02+00:00 DEBUG (7): Starting Subscriber Opt-In process for store: Retail (1)
2015-04-18T06:45:03+00:00 DEBUG (7): Starting Subscriber Opt-In process for store: Wholesale (2)
2015-04-18T07:05:11+00:00 DEBUG (7): Starting Subscriber Opt-In process for store: Admin (0)
2015-04-18T07:05:11+00:00 DEBUG (7): Starting Subscriber Opt-In process for store: International (3)
2015-04-18T07:05:11+00:00 DEBUG (7): Starting Subscriber Opt-In process for store: Retail (1)
2015-04-18T07:05:11+00:00 DEBUG (7): Starting Subscriber Opt-In process for store: Wholesale (2)
2015-04-18T07:15:03+00:00 DEBUG (7): Starting Subscriber Opt-In process for store: Admin (0)
2015-04-18T07:15:03+00:00 DEBUG (7): Starting Subscriber Opt-In process for store: International (3)
2015-04-18T07:15:03+00:00 DEBUG (7): Starting Subscriber Opt-In process for store: Retail (1)
2015-04-18T07:15:03+00:00 DEBUG (7): Starting Subscriber Opt-In process for store: Wholesale (2)
2015-04-18T07:30:02+00:00 DEBUG (7): Starting Subscriber Opt-In process for store: Admin (0)
2015-04-18T07:30:02+00:00 DEBUG (7): Starting Subscriber Opt-In process for store: International (3)
2015-04-18T07:30:02+00:00 DEBUG (7): Starting Subscriber Opt-In process for store: Retail (1)
2015-04-18T07:30:03+00:00 DEBUG (7): Starting Subscriber Opt-In process for store: Wholesale (2)
2015-04-18T07:45:02+00:00 DEBUG (7): Starting Subscriber Opt-In process for store: Admin (0)
2015-04-18T07:45:02+00:00 DEBUG (7): Starting Subscriber Opt-In process for store: International (3)
2015-04-18T07:45:02+00:00 DEBUG (7): Starting Subscriber Opt-In process for store: Retail (1)
2015-04-18T07:45:03+00:00 DEBUG (7): Starting Subscriber Opt-In process for store: Wholesale (2)
2015-04-18T08:00:32+00:00 DEBUG (7): Starting Subscriber Opt-In process for store: Admin (0)
2015-04-18T08:00:32+00:00 DEBUG (7): Starting Subscriber Opt-In process for store: International (3)
2015-04-18T08:00:32+00:00 DEBUG (7): Starting Subscriber Opt-In process for store: Retail (1)
2015-04-18T08:00:33+00:00 INFO (6):   Adding Contact to list: Bloomingbath.com
2015-04-18T08:00:33+00:00 INFO (6):   Setting Contact (daniellesaunders@outlook.com) status to: active
2015-04-18T08:00:34+00:00 DEBUG (7): Starting Subscriber Opt-In process for store: Wholesale (2)
2015-04-18T08:15:02+00:00 DEBUG (7): Starting Subscriber Opt-In process for store: Admin (0)
2015-04-18T08:15:02+00:00 DEBUG (7): Starting Subscriber Opt-In process for store: International (3)
2015-04-18T08:15:02+00:00 DEBUG (7): Starting Subscriber Opt-In process for store: Retail (1)
2015-04-18T08:15:03+00:00 DEBUG (7): Starting Subscriber Opt-In process for store: Wholesale (2)
2015-04-18T08:35:02+00:00 DEBUG (7): Starting Subscriber Opt-In process for store: Admin (0)
2015-04-18T08:35:02+00:00 DEBUG (7): Starting Subscriber Opt-In process for store: International (3)
2015-04-18T08:35:02+00:00 DEBUG (7): Starting Subscriber Opt-In process for store: Retail (1)
2015-04-18T08:35:03+00:00 DEBUG (7): Starting Subscriber Opt-In process for store: Wholesale (2)
2015-04-18T08:45:02+00:00 DEBUG (7): Starting Subscriber Opt-In process for store: Admin (0)
2015-04-18T08:45:02+00:00 DEBUG (7): Starting Subscriber Opt-In process for store: International (3)
2015-04-18T08:45:02+00:00 DEBUG (7): Starting Subscriber Opt-In process for store: Retail (1)
2015-04-18T08:45:03+00:00 INFO (6):   Adding Contact to list: Bloomingbath.com
2015-04-18T08:45:03+00:00 INFO (6):   Setting Contact (karraaaa95@hotmail.co.uk) status to: active
2015-04-18T08:45:03+00:00 DEBUG (7): Starting Subscriber Opt-In process for store: Wholesale (2)
2015-04-18T09:00:07+00:00 DEBUG (7): Starting Subscriber Opt-In process for store: Admin (0)
2015-04-18T09:00:07+00:00 DEBUG (7): Starting Subscriber Opt-In process for store: International (3)
2015-04-18T09:00:07+00:00 DEBUG (7): Starting Subscriber Opt-In process for store: Retail (1)
2015-04-18T09:00:08+00:00 INFO (6):   Adding Contact to list: Bloomingbath.com
2015-04-18T09:00:08+00:00 INFO (6):   Setting Contact (usaftommy@yahoo.com) status to: active
2015-04-18T09:00:08+00:00 DEBUG (7): Starting Subscriber Opt-In process for store: Wholesale (2)
2015-04-18T09:15:02+00:00 DEBUG (7): Starting Subscriber Opt-In process for store: Admin (0)
2015-04-18T09:15:02+00:00 DEBUG (7): Starting Subscriber Opt-In process for store: International (3)
2015-04-18T09:15:02+00:00 DEBUG (7): Starting Subscriber Opt-In process for store: Retail (1)
2015-04-18T09:15:04+00:00 INFO (6):   Adding Contact to list: Bloomingbath.com
2015-04-18T09:15:04+00:00 INFO (6):   Setting Contact (cosmotinashe@live.com) status to: active
2015-04-18T09:15:04+00:00 DEBUG (7): Starting Subscriber Opt-In process for store: Wholesale (2)
2015-04-18T09:30:02+00:00 DEBUG (7): Starting Subscriber Opt-In process for store: Admin (0)
2015-04-18T09:30:02+00:00 DEBUG (7): Starting Subscriber Opt-In process for store: International (3)
2015-04-18T09:30:02+00:00 DEBUG (7): Starting Subscriber Opt-In process for store: Retail (1)
2015-04-18T09:30:03+00:00 DEBUG (7): Starting Subscriber Opt-In process for store: Wholesale (2)
2015-04-18T09:45:02+00:00 DEBUG (7): Starting Subscriber Opt-In process for store: Admin (0)
2015-04-18T09:45:02+00:00 DEBUG (7): Starting Subscriber Opt-In process for store: International (3)
2015-04-18T09:45:02+00:00 DEBUG (7): Starting Subscriber Opt-In process for store: Retail (1)
2015-04-18T09:45:03+00:00 DEBUG (7): Starting Subscriber Opt-In process for store: Wholesale (2)
2015-04-18T10:00:02+00:00 DEBUG (7): Starting Subscriber Opt-In process for store: Admin (0)
2015-04-18T10:00:02+00:00 DEBUG (7): Starting Subscriber Opt-In process for store: International (3)
2015-04-18T10:00:02+00:00 DEBUG (7): Starting Subscriber Opt-In process for store: Retail (1)
2015-04-18T10:00:03+00:00 DEBUG (7): Starting Subscriber Opt-In process for store: Wholesale (2)
2015-04-18T10:15:02+00:00 DEBUG (7): Starting Subscriber Opt-In process for store: Admin (0)
2015-04-18T10:15:02+00:00 DEBUG (7): Starting Subscriber Opt-In process for store: International (3)
2015-04-18T10:15:02+00:00 DEBUG (7): Starting Subscriber Opt-In process for store: Retail (1)
2015-04-18T10:15:03+00:00 DEBUG (7): Starting Subscriber Opt-In process for store: Wholesale (2)
2015-04-18T10:30:02+00:00 DEBUG (7): Starting Subscriber Opt-In process for store: Admin (0)
2015-04-18T10:30:02+00:00 DEBUG (7): Starting Subscriber Opt-In process for store: International (3)
2015-04-18T10:30:02+00:00 DEBUG (7): Starting Subscriber Opt-In process for store: Retail (1)
2015-04-18T10:30:03+00:00 DEBUG (7): Starting Subscriber Opt-In process for store: Wholesale (2)
2015-04-18T10:50:02+00:00 DEBUG (7): Starting Subscriber Opt-In process for store: Admin (0)
2015-04-18T10:50:02+00:00 DEBUG (7): Starting Subscriber Opt-In process for store: International (3)
2015-04-18T10:50:02+00:00 DEBUG (7): Starting Subscriber Opt-In process for store: Retail (1)
2015-04-18T10:50:03+00:00 DEBUG (7): Starting Subscriber Opt-In process for store: Wholesale (2)
2015-04-18T11:00:02+00:00 DEBUG (7): Starting Subscriber Opt-In process for store: Admin (0)
2015-04-18T11:00:02+00:00 DEBUG (7): Starting Subscriber Opt-In process for store: International (3)
2015-04-18T11:00:02+00:00 DEBUG (7): Starting Subscriber Opt-In process for store: Retail (1)
2015-04-18T11:00:03+00:00 DEBUG (7): Starting Subscriber Opt-In process for store: Wholesale (2)
2015-04-18T11:15:02+00:00 DEBUG (7): Starting Subscriber Opt-In process for store: Admin (0)
2015-04-18T11:15:02+00:00 DEBUG (7): Starting Subscriber Opt-In process for store: International (3)
2015-04-18T11:15:02+00:00 DEBUG (7): Starting Subscriber Opt-In process for store: Retail (1)
2015-04-18T11:15:03+00:00 DEBUG (7): Starting Subscriber Opt-In process for store: Wholesale (2)
2015-04-18T11:30:02+00:00 DEBUG (7): Starting Subscriber Opt-In process for store: Admin (0)
2015-04-18T11:30:02+00:00 DEBUG (7): Starting Subscriber Opt-In process for store: International (3)
2015-04-18T11:30:02+00:00 DEBUG (7): Starting Subscriber Opt-In process for store: Retail (1)
2015-04-18T11:30:03+00:00 DEBUG (7): Starting Subscriber Opt-In process for store: Wholesale (2)
2015-04-18T11:45:02+00:00 DEBUG (7): Starting Subscriber Opt-In process for store: Admin (0)
2015-04-18T11:45:02+00:00 DEBUG (7): Starting Subscriber Opt-In process for store: International (3)
2015-04-18T11:45:02+00:00 DEBUG (7): Starting Subscriber Opt-In process for store: Retail (1)
2015-04-18T11:45:03+00:00 INFO (6):   Adding Contact to list: Bloomingbath.com
2015-04-18T11:45:03+00:00 INFO (6):   Setting Contact (fatima.y.alzaabi@hotmail.com) status to: active
2015-04-18T11:45:04+00:00 DEBUG (7): Starting Subscriber Opt-In process for store: Wholesale (2)
2015-04-18T12:00:06+00:00 DEBUG (7): Starting Subscriber Opt-In process for store: Admin (0)
2015-04-18T12:00:06+00:00 DEBUG (7): Starting Subscriber Opt-In process for store: International (3)
2015-04-18T12:00:06+00:00 DEBUG (7): Starting Subscriber Opt-In process for store: Retail (1)
2015-04-18T12:00:06+00:00 DEBUG (7): Starting Subscriber Opt-In process for store: Wholesale (2)
2015-04-18T12:15:02+00:00 DEBUG (7): Starting Subscriber Opt-In process for store: Admin (0)
2015-04-18T12:15:02+00:00 DEBUG (7): Starting Subscriber Opt-In process for store: International (3)
2015-04-18T12:15:02+00:00 DEBUG (7): Starting Subscriber Opt-In process for store: Retail (1)
2015-04-18T12:15:03+00:00 DEBUG (7): Starting Subscriber Opt-In process for store: Wholesale (2)
2015-04-18T12:30:03+00:00 DEBUG (7): Starting Subscriber Opt-In process for store: Admin (0)
2015-04-18T12:30:03+00:00 DEBUG (7): Starting Subscriber Opt-In process for store: International (3)
2015-04-18T12:30:03+00:00 DEBUG (7): Starting Subscriber Opt-In process for store: Retail (1)
2015-04-18T12:30:04+00:00 DEBUG (7): Starting Subscriber Opt-In process for store: Wholesale (2)
2015-04-18T12:45:02+00:00 DEBUG (7): Starting Subscriber Opt-In process for store: Admin (0)
2015-04-18T12:45:02+00:00 DEBUG (7): Starting Subscriber Opt-In process for store: International (3)
2015-04-18T12:45:02+00:00 DEBUG (7): Starting Subscriber Opt-In process for store: Retail (1)
2015-04-18T12:45:04+00:00 INFO (6):   Adding Contact to list: Bloomingbath.com
2015-04-18T12:45:04+00:00 INFO (6):   Setting Contact (raw81976@aol.com) status to: active
2015-04-18T12:45:04+00:00 INFO (6):   Adding Contact to list: Bloomingbath.com
2015-04-18T12:45:04+00:00 INFO (6):   Setting Contact (shilton14@yahoo.com) status to: active
2015-04-18T12:45:04+00:00 DEBUG (7): Starting Subscriber Opt-In process for store: Wholesale (2)
2015-04-18T13:00:02+00:00 DEBUG (7): Starting Subscriber Opt-In process for store: Admin (0)
2015-04-18T13:00:02+00:00 DEBUG (7): Starting Subscriber Opt-In process for store: International (3)
2015-04-18T13:00:02+00:00 DEBUG (7): Starting Subscriber Opt-In process for store: Retail (1)
2015-04-18T13:00:03+00:00 DEBUG (7): Starting Subscriber Opt-In process for store: Wholesale (2)
2015-04-18T13:15:02+00:00 DEBUG (7): Starting Subscriber Opt-In process for store: Admin (0)
2015-04-18T13:15:02+00:00 DEBUG (7): Starting Subscriber Opt-In process for store: International (3)
2015-04-18T13:15:02+00:00 DEBUG (7): Starting Subscriber Opt-In process for store: Retail (1)
2015-04-18T13:15:03+00:00 DEBUG (7): Starting Subscriber Opt-In process for store: Wholesale (2)
2015-04-18T13:35:02+00:00 DEBUG (7): Starting Subscriber Opt-In process for store: Admin (0)
2015-04-18T13:35:02+00:00 DEBUG (7): Starting Subscriber Opt-In process for store: International (3)
2015-04-18T13:35:02+00:00 DEBUG (7): Starting Subscriber Opt-In process for store: Retail (1)
2015-04-18T13:35:03+00:00 DEBUG (7): Starting Subscriber Opt-In process for store: Wholesale (2)
2015-04-18T13:45:02+00:00 DEBUG (7): Starting Subscriber Opt-In process for store: Admin (0)
2015-04-18T13:45:02+00:00 DEBUG (7): Starting Subscriber Opt-In process for store: International (3)
2015-04-18T13:45:02+00:00 DEBUG (7): Starting Subscriber Opt-In process for store: Retail (1)
2015-04-18T13:45:03+00:00 DEBUG (7): Starting Subscriber Opt-In process for store: Wholesale (2)
2015-04-18T14:00:02+00:00 DEBUG (7): Starting Subscriber Opt-In process for store: Admin (0)
2015-04-18T14:00:02+00:00 DEBUG (7): Starting Subscriber Opt-In process for store: International (3)
2015-04-18T14:00:02+00:00 DEBUG (7): Starting Subscriber Opt-In process for store: Retail (1)
2015-04-18T14:00:03+00:00 DEBUG (7): Starting Subscriber Opt-In process for store: Wholesale (2)
2015-04-18T14:15:02+00:00 DEBUG (7): Starting Subscriber Opt-In process for store: Admin (0)
2015-04-18T14:15:02+00:00 DEBUG (7): Starting Subscriber Opt-In process for store: International (3)
2015-04-18T14:15:02+00:00 DEBUG (7): Starting Subscriber Opt-In process for store: Retail (1)
2015-04-18T14:15:03+00:00 DEBUG (7): Starting Subscriber Opt-In process for store: Wholesale (2)
2015-04-18T14:30:02+00:00 DEBUG (7): Starting Subscriber Opt-In process for store: Admin (0)
2015-04-18T14:30:02+00:00 DEBUG (7): Starting Subscriber Opt-In process for store: International (3)
2015-04-18T14:30:02+00:00 DEBUG (7): Starting Subscriber Opt-In process for store: Retail (1)
2015-04-18T14:30:03+00:00 DEBUG (7): Starting Subscriber Opt-In process for store: Wholesale (2)
2015-04-18T14:45:03+00:00 DEBUG (7): Starting Subscriber Opt-In process for store: Admin (0)
2015-04-18T14:45:03+00:00 DEBUG (7): Starting Subscriber Opt-In process for store: International (3)
2015-04-18T14:45:03+00:00 DEBUG (7): Starting Subscriber Opt-In process for store: Retail (1)
2015-04-18T14:45:03+00:00 DEBUG (7): Starting Subscriber Opt-In process for store: Wholesale (2)
2015-04-18T15:00:02+00:00 DEBUG (7): Starting Subscriber Opt-In process for store: Admin (0)
2015-04-18T15:00:02+00:00 DEBUG (7): Starting Subscriber Opt-In process for store: International (3)
2015-04-18T15:00:02+00:00 DEBUG (7): Starting Subscriber Opt-In process for store: Retail (1)
2015-04-18T15:00:04+00:00 DEBUG (7): Starting Subscriber Opt-In process for store: Wholesale (2)
2015-04-18T15:15:02+00:00 DEBUG (7): Starting Subscriber Opt-In process for store: Admin (0)
2015-04-18T15:15:02+00:00 DEBUG (7): Starting Subscriber Opt-In process for store: International (3)
2015-04-18T15:15:02+00:00 DEBUG (7): Starting Subscriber Opt-In process for store: Retail (1)
2015-04-18T15:15:04+00:00 DEBUG (7): Starting Subscriber Opt-In process for store: Wholesale (2)
2015-04-18T15:30:02+00:00 DEBUG (7): Starting Subscriber Opt-In process for store: Admin (0)
2015-04-18T15:30:02+00:00 DEBUG (7): Starting Subscriber Opt-In process for store: International (3)
2015-04-18T15:30:02+00:00 DEBUG (7): Starting Subscriber Opt-In process for store: Retail (1)
2015-04-18T15:30:03+00:00 DEBUG (7): Starting Subscriber Opt-In process for store: Wholesale (2)
2015-04-18T15:39:29+00:00 DEBUG (7): No subscription status found in session.
2015-04-18T15:45:05+00:00 DEBUG (7): Starting Subscriber Opt-In process for store: Admin (0)
2015-04-18T15:45:05+00:00 DEBUG (7): Starting Subscriber Opt-In process for store: International (3)
2015-04-18T15:45:05+00:00 DEBUG (7): Starting Subscriber Opt-In process for store: Retail (1)
2015-04-18T15:45:05+00:00 INFO (6):   Adding Contact to list: Bloomingbath.com
2015-04-18T15:45:05+00:00 INFO (6):   Setting Contact (mccrackenmom7@yahoo.com) status to: active
2015-04-18T15:45:05+00:00 DEBUG (7): Starting Subscriber Opt-In process for store: Wholesale (2)
2015-04-18T16:00:02+00:00 DEBUG (7): Starting Subscriber Opt-In process for store: Admin (0)
2015-04-18T16:00:02+00:00 DEBUG (7): Starting Subscriber Opt-In process for store: International (3)
2015-04-18T16:00:02+00:00 DEBUG (7): Starting Subscriber Opt-In process for store: Retail (1)
2015-04-18T16:00:04+00:00 DEBUG (7): Starting Subscriber Opt-In process for store: Wholesale (2)
2015-04-18T16:15:02+00:00 DEBUG (7): Starting Subscriber Opt-In process for store: Admin (0)
2015-04-18T16:15:02+00:00 DEBUG (7): Starting Subscriber Opt-In process for store: International (3)
2015-04-18T16:15:02+00:00 DEBUG (7): Starting Subscriber Opt-In process for store: Retail (1)
2015-04-18T16:15:04+00:00 DEBUG (7): Starting Subscriber Opt-In process for store: Wholesale (2)
2015-04-18T16:30:03+00:00 DEBUG (7): Starting Subscriber Opt-In process for store: Admin (0)
2015-04-18T16:30:03+00:00 DEBUG (7): Starting Subscriber Opt-In process for store: International (3)
2015-04-18T16:30:03+00:00 DEBUG (7): Starting Subscriber Opt-In process for store: Retail (1)
2015-04-18T16:30:03+00:00 DEBUG (7): Starting Subscriber Opt-In process for store: Wholesale (2)
2015-04-18T16:45:02+00:00 DEBUG (7): Starting Subscriber Opt-In process for store: Admin (0)
2015-04-18T16:45:02+00:00 DEBUG (7): Starting Subscriber Opt-In process for store: International (3)
2015-04-18T16:45:02+00:00 DEBUG (7): Starting Subscriber Opt-In process for store: Retail (1)
2015-04-18T16:45:03+00:00 DEBUG (7): Starting Subscriber Opt-In process for store: Wholesale (2)
2015-04-18T16:46:24+00:00 DEBUG (7): No subscription status found in session.
2015-04-18T16:49:43+00:00 DEBUG (7): No subscription status found in session.
2015-04-18T17:00:05+00:00 DEBUG (7): Starting Subscriber Opt-In process for store: Admin (0)
2015-04-18T17:00:05+00:00 DEBUG (7): Starting Subscriber Opt-In process for store: International (3)
2015-04-18T17:00:05+00:00 DEBUG (7): Starting Subscriber Opt-In process for store: Retail (1)
2015-04-18T17:00:05+00:00 INFO (6):   Adding Contact to list: Bloomingbath.com
2015-04-18T17:00:05+00:00 INFO (6):   Setting Contact (sara.alsalamah@gmail.com) status to: active
2015-04-18T17:00:05+00:00 INFO (6):   Adding Contact to list: Bloomingbath.com
2015-04-18T17:00:05+00:00 INFO (6):   Setting Contact (teeuhruhnay@hotmail.com) status to: active
2015-04-18T17:00:06+00:00 DEBUG (7): Starting Subscriber Opt-In process for store: Wholesale (2)
2015-04-18T17:15:02+00:00 DEBUG (7): Starting Subscriber Opt-In process for store: Admin (0)
2015-04-18T17:15:02+00:00 DEBUG (7): Starting Subscriber Opt-In process for store: International (3)
2015-04-18T17:15:02+00:00 DEBUG (7): Starting Subscriber Opt-In process for store: Retail (1)
2015-04-18T17:15:03+00:00 DEBUG (7): Starting Subscriber Opt-In process for store: Wholesale (2)
2015-04-18T17:30:03+00:00 DEBUG (7): Starting Subscriber Opt-In process for store: Admin (0)
2015-04-18T17:30:03+00:00 DEBUG (7): Starting Subscriber Opt-In process for store: International (3)
2015-04-18T17:30:03+00:00 DEBUG (7): Starting Subscriber Opt-In process for store: Retail (1)
2015-04-18T17:30:04+00:00 DEBUG (7): Starting Subscriber Opt-In process for store: Wholesale (2)
2015-04-18T17:41:30+00:00 DEBUG (7): No subscription status found in session.
2015-04-18T17:45:04+00:00 DEBUG (7): Starting Subscriber Opt-In process for store: Admin (0)
2015-04-18T17:45:04+00:00 DEBUG (7): Starting Subscriber Opt-In process for store: International (3)
2015-04-18T17:45:04+00:00 DEBUG (7): Starting Subscriber Opt-In process for store: Retail (1)
2015-04-18T17:45:04+00:00 INFO (6):   Adding Contact to list: Bloomingbath.com
2015-04-18T17:45:04+00:00 INFO (6):   Setting Contact (eieio@eagletelephone.com) status to: active
2015-04-18T17:45:04+00:00 DEBUG (7): Starting Subscriber Opt-In process for store: Wholesale (2)
2015-04-18T18:00:02+00:00 DEBUG (7): Starting Subscriber Opt-In process for store: Admin (0)
2015-04-18T18:00:02+00:00 DEBUG (7): Starting Subscriber Opt-In process for store: International (3)
2015-04-18T18:00:02+00:00 DEBUG (7): Starting Subscriber Opt-In process for store: Retail (1)
2015-04-18T18:00:03+00:00 DEBUG (7): Starting Subscriber Opt-In process for store: Wholesale (2)
2015-04-18T18:15:03+00:00 DEBUG (7): Starting Subscriber Opt-In process for store: Admin (0)
2015-04-18T18:15:03+00:00 DEBUG (7): Starting Subscriber Opt-In process for store: International (3)
2015-04-18T18:15:03+00:00 DEBUG (7): Starting Subscriber Opt-In process for store: Retail (1)
2015-04-18T18:15:03+00:00 DEBUG (7): Starting Subscriber Opt-In process for store: Wholesale (2)
2015-04-18T18:30:02+00:00 DEBUG (7): Starting Subscriber Opt-In process for store: Admin (0)
2015-04-18T18:30:02+00:00 DEBUG (7): Starting Subscriber Opt-In process for store: International (3)
2015-04-18T18:30:02+00:00 DEBUG (7): Starting Subscriber Opt-In process for store: Retail (1)
2015-04-18T18:30:03+00:00 DEBUG (7): Starting Subscriber Opt-In process for store: Wholesale (2)
2015-04-18T18:45:02+00:00 DEBUG (7): Starting Subscriber Opt-In process for store: Admin (0)
2015-04-18T18:45:02+00:00 DEBUG (7): Starting Subscriber Opt-In process for store: International (3)
2015-04-18T18:45:02+00:00 DEBUG (7): Starting Subscriber Opt-In process for store: Retail (1)
2015-04-18T18:45:03+00:00 DEBUG (7): Starting Subscriber Opt-In process for store: Wholesale (2)
2015-04-18T19:05:02+00:00 DEBUG (7): Starting Subscriber Opt-In process for store: Admin (0)
2015-04-18T19:05:02+00:00 DEBUG (7): Starting Subscriber Opt-In process for store: International (3)
2015-04-18T19:05:02+00:00 DEBUG (7): Starting Subscriber Opt-In process for store: Retail (1)
2015-04-18T19:05:03+00:00 DEBUG (7): Starting Subscriber Opt-In process for store: Wholesale (2)
2015-04-18T19:15:02+00:00 DEBUG (7): Starting Subscriber Opt-In process for store: Admin (0)
2015-04-18T19:15:02+00:00 DEBUG (7): Starting Subscriber Opt-In process for store: International (3)
2015-04-18T19:15:02+00:00 DEBUG (7): Starting Subscriber Opt-In process for store: Retail (1)
2015-04-18T19:15:03+00:00 DEBUG (7): Starting Subscriber Opt-In process for store: Wholesale (2)
2015-04-18T19:30:04+00:00 DEBUG (7): Starting Subscriber Opt-In process for store: Admin (0)
2015-04-18T19:30:04+00:00 DEBUG (7): Starting Subscriber Opt-In process for store: International (3)
2015-04-18T19:30:04+00:00 DEBUG (7): Starting Subscriber Opt-In process for store: Retail (1)
2015-04-18T19:30:05+00:00 DEBUG (7): Starting Subscriber Opt-In process for store: Wholesale (2)
2015-04-18T19:45:03+00:00 DEBUG (7): Starting Subscriber Opt-In process for store: Admin (0)
2015-04-18T19:45:03+00:00 DEBUG (7): Starting Subscriber Opt-In process for store: International (3)
2015-04-18T19:45:03+00:00 DEBUG (7): Starting Subscriber Opt-In process for store: Retail (1)
2015-04-18T19:45:03+00:00 DEBUG (7): Starting Subscriber Opt-In process for store: Wholesale (2)
2015-04-18T20:00:04+00:00 DEBUG (7): Starting Subscriber Opt-In process for store: Admin (0)
2015-04-18T20:00:04+00:00 DEBUG (7): Starting Subscriber Opt-In process for store: International (3)
2015-04-18T20:00:04+00:00 DEBUG (7): Starting Subscriber Opt-In process for store: Retail (1)
2015-04-18T20:00:05+00:00 DEBUG (7): Starting Subscriber Opt-In process for store: Wholesale (2)
2015-04-18T20:15:02+00:00 DEBUG (7): Starting Subscriber Opt-In process for store: Admin (0)
2015-04-18T20:15:02+00:00 DEBUG (7): Starting Subscriber Opt-In process for store: International (3)
2015-04-18T20:15:02+00:00 DEBUG (7): Starting Subscriber Opt-In process for store: Retail (1)
2015-04-18T20:15:03+00:00 INFO (6):   Adding Contact to list: Bloomingbath.com
2015-04-18T20:15:03+00:00 INFO (6):   Setting Contact (yvette.duron1@gmail.com) status to: active
2015-04-18T20:15:03+00:00 DEBUG (7): Starting Subscriber Opt-In process for store: Wholesale (2)
2015-04-18T20:30:02+00:00 DEBUG (7): Starting Subscriber Opt-In process for store: Admin (0)
2015-04-18T20:30:02+00:00 DEBUG (7): Starting Subscriber Opt-In process for store: International (3)
2015-04-18T20:30:02+00:00 DEBUG (7): Starting Subscriber Opt-In process for store: Retail (1)
2015-04-18T20:30:03+00:00 INFO (6):   Adding Contact to list: Bloomingbath.com
2015-04-18T20:30:03+00:00 INFO (6):   Setting Contact (bramblett66@gmail.com) status to: active
2015-04-18T20:30:03+00:00 DEBUG (7): Starting Subscriber Opt-In process for store: Wholesale (2)
2015-04-18T20:45:02+00:00 DEBUG (7): Starting Subscriber Opt-In process for store: Admin (0)
2015-04-18T20:45:02+00:00 DEBUG (7): Starting Subscriber Opt-In process for store: International (3)
2015-04-18T20:45:02+00:00 DEBUG (7): Starting Subscriber Opt-In process for store: Retail (1)
2015-04-18T20:45:03+00:00 DEBUG (7): Starting Subscriber Opt-In process for store: Wholesale (2)
2015-04-18T21:00:02+00:00 DEBUG (7): Starting Subscriber Opt-In process for store: Admin (0)
2015-04-18T21:00:02+00:00 DEBUG (7): Starting Subscriber Opt-In process for store: International (3)
2015-04-18T21:00:02+00:00 DEBUG (7): Starting Subscriber Opt-In process for store: Retail (1)
2015-04-18T21:00:03+00:00 DEBUG (7): Starting Subscriber Opt-In process for store: Wholesale (2)
2015-04-18T21:15:02+00:00 DEBUG (7): Starting Subscriber Opt-In process for store: Admin (0)
2015-04-18T21:15:02+00:00 DEBUG (7): Starting Subscriber Opt-In process for store: International (3)
2015-04-18T21:15:02+00:00 DEBUG (7): Starting Subscriber Opt-In process for store: Retail (1)
2015-04-18T21:15:03+00:00 DEBUG (7): Starting Subscriber Opt-In process for store: Wholesale (2)
2015-04-18T21:35:02+00:00 DEBUG (7): Starting Subscriber Opt-In process for store: Admin (0)
2015-04-18T21:35:02+00:00 DEBUG (7): Starting Subscriber Opt-In process for store: International (3)
2015-04-18T21:35:02+00:00 DEBUG (7): Starting Subscriber Opt-In process for store: Retail (1)
2015-04-18T21:35:03+00:00 DEBUG (7): Starting Subscriber Opt-In process for store: Wholesale (2)
2015-04-18T21:45:02+00:00 DEBUG (7): Starting Subscriber Opt-In process for store: Admin (0)
2015-04-18T21:45:02+00:00 DEBUG (7): Starting Subscriber Opt-In process for store: International (3)
2015-04-18T21:45:02+00:00 DEBUG (7): Starting Subscriber Opt-In process for store: Retail (1)
2015-04-18T21:45:03+00:00 DEBUG (7): Starting Subscriber Opt-In process for store: Wholesale (2)
2015-04-18T22:00:02+00:00 DEBUG (7): Starting Subscriber Opt-In process for store: Admin (0)
2015-04-18T22:00:02+00:00 DEBUG (7): Starting Subscriber Opt-In process for store: International (3)
2015-04-18T22:00:02+00:00 DEBUG (7): Starting Subscriber Opt-In process for store: Retail (1)
2015-04-18T22:00:03+00:00 DEBUG (7): Starting Subscriber Opt-In process for store: Wholesale (2)
2015-04-18T22:10:45+00:00 DEBUG (7): No subscription status found in session.
2015-04-18T22:15:04+00:00 DEBUG (7): Starting Subscriber Opt-In process for store: Admin (0)
2015-04-18T22:15:04+00:00 DEBUG (7): Starting Subscriber Opt-In process for store: International (3)
2015-04-18T22:15:04+00:00 DEBUG (7): Starting Subscriber Opt-In process for store: Retail (1)
2015-04-18T22:15:04+00:00 INFO (6):   Adding Contact to list: Bloomingbath.com
2015-04-18T22:15:04+00:00 INFO (6):   Setting Contact (ttparm45@yahoo.com) status to: active
2015-04-18T22:15:04+00:00 DEBUG (7): Starting Subscriber Opt-In process for store: Wholesale (2)
2015-04-18T22:30:02+00:00 DEBUG (7): Starting Subscriber Opt-In process for store: Admin (0)
2015-04-18T22:30:02+00:00 DEBUG (7): Starting Subscriber Opt-In process for store: International (3)
2015-04-18T22:30:02+00:00 DEBUG (7): Starting Subscriber Opt-In process for store: Retail (1)
2015-04-18T22:30:03+00:00 DEBUG (7): Starting Subscriber Opt-In process for store: Wholesale (2)
2015-04-18T22:45:02+00:00 DEBUG (7): Starting Subscriber Opt-In process for store: Admin (0)
2015-04-18T22:45:02+00:00 DEBUG (7): Starting Subscriber Opt-In process for store: International (3)
2015-04-18T22:45:02+00:00 DEBUG (7): Starting Subscriber Opt-In process for store: Retail (1)
2015-04-18T22:45:03+00:00 DEBUG (7): Starting Subscriber Opt-In process for store: Wholesale (2)
2015-04-18T23:00:02+00:00 DEBUG (7): Starting Subscriber Opt-In process for store: Admin (0)
2015-04-18T23:00:02+00:00 DEBUG (7): Starting Subscriber Opt-In process for store: International (3)
2015-04-18T23:00:02+00:00 DEBUG (7): Starting Subscriber Opt-In process for store: Retail (1)
2015-04-18T23:00:03+00:00 DEBUG (7): Starting Subscriber Opt-In process for store: Wholesale (2)
2015-04-18T23:15:02+00:00 DEBUG (7): Starting Subscriber Opt-In process for store: Admin (0)
2015-04-18T23:15:02+00:00 DEBUG (7): Starting Subscriber Opt-In process for store: International (3)
2015-04-18T23:15:02+00:00 DEBUG (7): Starting Subscriber Opt-In process for store: Retail (1)
2015-04-18T23:15:03+00:00 DEBUG (7): Starting Subscriber Opt-In process for store: Wholesale (2)
2015-04-18T23:30:02+00:00 DEBUG (7): Starting Subscriber Opt-In process for store: Admin (0)
2015-04-18T23:30:02+00:00 DEBUG (7): Starting Subscriber Opt-In process for store: International (3)
2015-04-18T23:30:02+00:00 DEBUG (7): Starting Subscriber Opt-In process for store: Retail (1)
2015-04-18T23:30:03+00:00 INFO (6):   Adding Contact to list: Bloomingbath.com
2015-04-18T23:30:03+00:00 INFO (6):   Setting Contact (orangecutie1985@hotmail.com) status to: active
2015-04-18T23:30:04+00:00 DEBUG (7): Starting Subscriber Opt-In process for store: Wholesale (2)
2015-04-18T23:45:02+00:00 DEBUG (7): Starting Subscriber Opt-In process for store: Admin (0)
2015-04-18T23:45:02+00:00 DEBUG (7): Starting Subscriber Opt-In process for store: International (3)
2015-04-18T23:45:02+00:00 DEBUG (7): Starting Subscriber Opt-In process for store: Retail (1)
2015-04-18T23:45:05+00:00 INFO (6):   Adding Contact to list: Bloomingbath.com
2015-04-18T23:45:05+00:00 INFO (6):   Setting Contact (jjuliepappas@aol.com) status to: active
2015-04-18T23:45:05+00:00 DEBUG (7): Starting Subscriber Opt-In process for store: Wholesale (2)
