2015-04-16T00:00:02+00:00 DEBUG (7): Starting Subscriber Opt-In process for store: Admin (0)
2015-04-16T00:00:02+00:00 DEBUG (7): Starting Subscriber Opt-In process for store: International (3)
2015-04-16T00:00:02+00:00 DEBUG (7): Starting Subscriber Opt-In process for store: Retail (1)
2015-04-16T00:00:03+00:00 DEBUG (7): Starting Subscriber Opt-In process for store: Wholesale (2)
2015-04-16T00:15:02+00:00 DEBUG (7): Starting Subscriber Opt-In process for store: Admin (0)
2015-04-16T00:15:02+00:00 DEBUG (7): Starting Subscriber Opt-In process for store: International (3)
2015-04-16T00:15:02+00:00 DEBUG (7): Starting Subscriber Opt-In process for store: Retail (1)
2015-04-16T00:15:04+00:00 DEBUG (7): Starting Subscriber Opt-In process for store: Wholesale (2)
2015-04-16T00:30:02+00:00 DEBUG (7): Starting Subscriber Opt-In process for store: Admin (0)
2015-04-16T00:30:02+00:00 DEBUG (7): Starting Subscriber Opt-In process for store: International (3)
2015-04-16T00:30:02+00:00 DEBUG (7): Starting Subscriber Opt-In process for store: Retail (1)
2015-04-16T00:30:03+00:00 DEBUG (7): Starting Subscriber Opt-In process for store: Wholesale (2)
2015-04-16T00:45:02+00:00 DEBUG (7): Starting Subscriber Opt-In process for store: Admin (0)
2015-04-16T00:45:02+00:00 DEBUG (7): Starting Subscriber Opt-In process for store: International (3)
2015-04-16T00:45:02+00:00 DEBUG (7): Starting Subscriber Opt-In process for store: Retail (1)
2015-04-16T00:45:03+00:00 DEBUG (7): Starting Subscriber Opt-In process for store: Wholesale (2)
2015-04-16T01:00:02+00:00 DEBUG (7): Starting Subscriber Opt-In process for store: Admin (0)
2015-04-16T01:00:02+00:00 DEBUG (7): Starting Subscriber Opt-In process for store: International (3)
2015-04-16T01:00:02+00:00 DEBUG (7): Starting Subscriber Opt-In process for store: Retail (1)
2015-04-16T01:00:03+00:00 INFO (6):   Adding Contact to list: Bloomingbath.com
2015-04-16T01:00:03+00:00 INFO (6):   Setting Contact (pennington_christina@yahoo.com) status to: active
2015-04-16T01:00:03+00:00 DEBUG (7): Starting Subscriber Opt-In process for store: Wholesale (2)
2015-04-16T01:15:02+00:00 DEBUG (7): Starting Subscriber Opt-In process for store: Admin (0)
2015-04-16T01:15:02+00:00 DEBUG (7): Starting Subscriber Opt-In process for store: International (3)
2015-04-16T01:15:02+00:00 DEBUG (7): Starting Subscriber Opt-In process for store: Retail (1)
2015-04-16T01:15:05+00:00 INFO (6):   Adding Contact to list: Bloomingbath.com
2015-04-16T01:15:05+00:00 INFO (6):   Setting Contact (InzaMarie@gmail.com) status to: active
2015-04-16T01:15:05+00:00 DEBUG (7): Starting Subscriber Opt-In process for store: Wholesale (2)
2015-04-16T01:35:02+00:00 DEBUG (7): Starting Subscriber Opt-In process for store: Admin (0)
2015-04-16T01:35:02+00:00 DEBUG (7): Starting Subscriber Opt-In process for store: International (3)
2015-04-16T01:35:02+00:00 DEBUG (7): Starting Subscriber Opt-In process for store: Retail (1)
2015-04-16T01:35:03+00:00 DEBUG (7): Starting Subscriber Opt-In process for store: Wholesale (2)
2015-04-16T01:44:29+00:00 DEBUG (7): No subscription status found in session.
2015-04-16T01:45:04+00:00 DEBUG (7): Starting Subscriber Opt-In process for store: Admin (0)
2015-04-16T01:45:04+00:00 DEBUG (7): Starting Subscriber Opt-In process for store: International (3)
2015-04-16T01:45:04+00:00 DEBUG (7): Starting Subscriber Opt-In process for store: Retail (1)
2015-04-16T01:45:04+00:00 DEBUG (7): Starting Subscriber Opt-In process for store: Wholesale (2)
2015-04-16T02:00:02+00:00 DEBUG (7): Starting Subscriber Opt-In process for store: Admin (0)
2015-04-16T02:00:03+00:00 DEBUG (7): Starting Subscriber Opt-In process for store: International (3)
2015-04-16T02:00:03+00:00 DEBUG (7): Starting Subscriber Opt-In process for store: Retail (1)
2015-04-16T02:00:05+00:00 INFO (6):   Adding Contact to list: Bloomingbath.com
2015-04-16T02:00:05+00:00 INFO (6):   Setting Contact (ntshlvrs451@gmail.com) status to: active
2015-04-16T02:00:05+00:00 DEBUG (7): Starting Subscriber Opt-In process for store: Wholesale (2)
2015-04-16T02:15:03+00:00 DEBUG (7): Starting Subscriber Opt-In process for store: Admin (0)
2015-04-16T02:15:03+00:00 DEBUG (7): Starting Subscriber Opt-In process for store: International (3)
2015-04-16T02:15:03+00:00 DEBUG (7): Starting Subscriber Opt-In process for store: Retail (1)
2015-04-16T02:15:04+00:00 INFO (6):   Adding Contact to list: Bloomingbath.com
2015-04-16T02:15:04+00:00 INFO (6):   Setting Contact (starsandmoom@yahoo.com) status to: active
2015-04-16T02:15:04+00:00 INFO (6):   Adding Contact to list: Bloomingbath.com
2015-04-16T02:15:04+00:00 INFO (6):   Setting Contact (kellybond79@yahoo.com) status to: active
2015-04-16T02:15:04+00:00 DEBUG (7): Starting Subscriber Opt-In process for store: Wholesale (2)
2015-04-16T02:18:45+00:00 DEBUG (7): No subscription status found in session.
2015-04-16T02:30:07+00:00 DEBUG (7): Starting Subscriber Opt-In process for store: Admin (0)
2015-04-16T02:30:07+00:00 DEBUG (7): Starting Subscriber Opt-In process for store: International (3)
2015-04-16T02:30:07+00:00 DEBUG (7): Starting Subscriber Opt-In process for store: Retail (1)
2015-04-16T02:30:07+00:00 DEBUG (7): Starting Subscriber Opt-In process for store: Wholesale (2)
2015-04-16T02:45:03+00:00 DEBUG (7): Starting Subscriber Opt-In process for store: Admin (0)
2015-04-16T02:45:03+00:00 DEBUG (7): Starting Subscriber Opt-In process for store: International (3)
2015-04-16T02:45:03+00:00 DEBUG (7): Starting Subscriber Opt-In process for store: Retail (1)
2015-04-16T02:45:04+00:00 INFO (6):   Adding Contact to list: Bloomingbath.com
2015-04-16T02:45:04+00:00 INFO (6):   Setting Contact (butterflies4bj@aol.com) status to: active
2015-04-16T02:45:04+00:00 INFO (6):   Adding Contact to list: Bloomingbath.com
2015-04-16T02:45:04+00:00 INFO (6):   Setting Contact (harley1up@aol.com) status to: active
2015-04-16T02:45:04+00:00 DEBUG (7): Starting Subscriber Opt-In process for store: Wholesale (2)
2015-04-16T03:00:02+00:00 DEBUG (7): Starting Subscriber Opt-In process for store: Admin (0)
2015-04-16T03:00:02+00:00 DEBUG (7): Starting Subscriber Opt-In process for store: International (3)
2015-04-16T03:00:02+00:00 DEBUG (7): Starting Subscriber Opt-In process for store: Retail (1)
2015-04-16T03:00:03+00:00 DEBUG (7): Starting Subscriber Opt-In process for store: Wholesale (2)
2015-04-16T03:15:02+00:00 DEBUG (7): Starting Subscriber Opt-In process for store: Admin (0)
2015-04-16T03:15:02+00:00 DEBUG (7): Starting Subscriber Opt-In process for store: International (3)
2015-04-16T03:15:02+00:00 DEBUG (7): Starting Subscriber Opt-In process for store: Retail (1)
2015-04-16T03:15:03+00:00 INFO (6):   Adding Contact to list: Bloomingbath.com
2015-04-16T03:15:03+00:00 INFO (6):   Setting Contact (yddet777@yahoo.com) status to: active
2015-04-16T03:15:05+00:00 DEBUG (7): Starting Subscriber Opt-In process for store: Wholesale (2)
2015-04-16T03:35:02+00:00 DEBUG (7): Starting Subscriber Opt-In process for store: Admin (0)
2015-04-16T03:35:02+00:00 DEBUG (7): Starting Subscriber Opt-In process for store: International (3)
2015-04-16T03:35:02+00:00 DEBUG (7): Starting Subscriber Opt-In process for store: Retail (1)
2015-04-16T03:35:03+00:00 DEBUG (7): Starting Subscriber Opt-In process for store: Wholesale (2)
2015-04-16T03:45:02+00:00 DEBUG (7): Starting Subscriber Opt-In process for store: Admin (0)
2015-04-16T03:45:02+00:00 DEBUG (7): Starting Subscriber Opt-In process for store: International (3)
2015-04-16T03:45:02+00:00 DEBUG (7): Starting Subscriber Opt-In process for store: Retail (1)
2015-04-16T03:45:03+00:00 DEBUG (7): Starting Subscriber Opt-In process for store: Wholesale (2)
2015-04-16T04:00:02+00:00 DEBUG (7): Starting Subscriber Opt-In process for store: Admin (0)
2015-04-16T04:00:02+00:00 DEBUG (7): Starting Subscriber Opt-In process for store: International (3)
2015-04-16T04:00:02+00:00 DEBUG (7): Starting Subscriber Opt-In process for store: Retail (1)
2015-04-16T04:00:03+00:00 DEBUG (7): Starting Subscriber Opt-In process for store: Wholesale (2)
2015-04-16T04:15:02+00:00 DEBUG (7): Starting Subscriber Opt-In process for store: Admin (0)
2015-04-16T04:15:02+00:00 DEBUG (7): Starting Subscriber Opt-In process for store: International (3)
2015-04-16T04:15:02+00:00 DEBUG (7): Starting Subscriber Opt-In process for store: Retail (1)
2015-04-16T04:15:03+00:00 DEBUG (7): Starting Subscriber Opt-In process for store: Wholesale (2)
2015-04-16T04:30:02+00:00 DEBUG (7): Starting Subscriber Opt-In process for store: Admin (0)
2015-04-16T04:30:02+00:00 DEBUG (7): Starting Subscriber Opt-In process for store: International (3)
2015-04-16T04:30:02+00:00 DEBUG (7): Starting Subscriber Opt-In process for store: Retail (1)
2015-04-16T04:30:03+00:00 DEBUG (7): Starting Subscriber Opt-In process for store: Wholesale (2)
2015-04-16T04:45:02+00:00 DEBUG (7): Starting Subscriber Opt-In process for store: Admin (0)
2015-04-16T04:45:02+00:00 DEBUG (7): Starting Subscriber Opt-In process for store: International (3)
2015-04-16T04:45:02+00:00 DEBUG (7): Starting Subscriber Opt-In process for store: Retail (1)
2015-04-16T04:45:03+00:00 DEBUG (7): Starting Subscriber Opt-In process for store: Wholesale (2)
2015-04-16T05:00:02+00:00 DEBUG (7): Starting Subscriber Opt-In process for store: Admin (0)
2015-04-16T05:00:02+00:00 DEBUG (7): Starting Subscriber Opt-In process for store: International (3)
2015-04-16T05:00:02+00:00 DEBUG (7): Starting Subscriber Opt-In process for store: Retail (1)
2015-04-16T05:00:03+00:00 DEBUG (7): Starting Subscriber Opt-In process for store: Wholesale (2)
2015-04-16T05:15:03+00:00 DEBUG (7): Starting Subscriber Opt-In process for store: Admin (0)
2015-04-16T05:15:03+00:00 DEBUG (7): Starting Subscriber Opt-In process for store: International (3)
2015-04-16T05:15:03+00:00 DEBUG (7): Starting Subscriber Opt-In process for store: Retail (1)
2015-04-16T05:15:04+00:00 DEBUG (7): Starting Subscriber Opt-In process for store: Wholesale (2)
2015-04-16T05:30:02+00:00 DEBUG (7): Starting Subscriber Opt-In process for store: Admin (0)
2015-04-16T05:30:02+00:00 DEBUG (7): Starting Subscriber Opt-In process for store: International (3)
2015-04-16T05:30:02+00:00 DEBUG (7): Starting Subscriber Opt-In process for store: Retail (1)
2015-04-16T05:30:03+00:00 DEBUG (7): Starting Subscriber Opt-In process for store: Wholesale (2)
2015-04-16T05:45:02+00:00 DEBUG (7): Starting Subscriber Opt-In process for store: Admin (0)
2015-04-16T05:45:02+00:00 DEBUG (7): Starting Subscriber Opt-In process for store: International (3)
2015-04-16T05:45:02+00:00 DEBUG (7): Starting Subscriber Opt-In process for store: Retail (1)
2015-04-16T05:45:03+00:00 INFO (6):   Adding Contact to list: Bloomingbath.com
2015-04-16T05:45:03+00:00 INFO (6):   Setting Contact (hnneubaum@gmail.com) status to: active
2015-04-16T05:45:03+00:00 DEBUG (7): Starting Subscriber Opt-In process for store: Wholesale (2)
2015-04-16T06:00:02+00:00 DEBUG (7): Starting Subscriber Opt-In process for store: Admin (0)
2015-04-16T06:00:02+00:00 DEBUG (7): Starting Subscriber Opt-In process for store: International (3)
2015-04-16T06:00:02+00:00 DEBUG (7): Starting Subscriber Opt-In process for store: Retail (1)
2015-04-16T06:00:03+00:00 DEBUG (7): Starting Subscriber Opt-In process for store: Wholesale (2)
2015-04-16T06:20:02+00:00 DEBUG (7): Starting Subscriber Opt-In process for store: Admin (0)
2015-04-16T06:20:02+00:00 DEBUG (7): Starting Subscriber Opt-In process for store: International (3)
2015-04-16T06:20:02+00:00 DEBUG (7): Starting Subscriber Opt-In process for store: Retail (1)
2015-04-16T06:20:03+00:00 DEBUG (7): Starting Subscriber Opt-In process for store: Wholesale (2)
2015-04-16T06:30:02+00:00 DEBUG (7): Starting Subscriber Opt-In process for store: Admin (0)
2015-04-16T06:30:02+00:00 DEBUG (7): Starting Subscriber Opt-In process for store: International (3)
2015-04-16T06:30:02+00:00 DEBUG (7): Starting Subscriber Opt-In process for store: Retail (1)
2015-04-16T06:30:03+00:00 DEBUG (7): Starting Subscriber Opt-In process for store: Wholesale (2)
2015-04-16T06:45:02+00:00 DEBUG (7): Starting Subscriber Opt-In process for store: Admin (0)
2015-04-16T06:45:02+00:00 DEBUG (7): Starting Subscriber Opt-In process for store: International (3)
2015-04-16T06:45:02+00:00 DEBUG (7): Starting Subscriber Opt-In process for store: Retail (1)
2015-04-16T06:45:03+00:00 DEBUG (7): Starting Subscriber Opt-In process for store: Wholesale (2)
2015-04-16T07:05:14+00:00 DEBUG (7): Starting Subscriber Opt-In process for store: Admin (0)
2015-04-16T07:05:14+00:00 DEBUG (7): Starting Subscriber Opt-In process for store: International (3)
2015-04-16T07:05:14+00:00 DEBUG (7): Starting Subscriber Opt-In process for store: Retail (1)
2015-04-16T07:05:14+00:00 DEBUG (7): Starting Subscriber Opt-In process for store: Wholesale (2)
2015-04-16T07:15:02+00:00 DEBUG (7): Starting Subscriber Opt-In process for store: Admin (0)
2015-04-16T07:15:02+00:00 DEBUG (7): Starting Subscriber Opt-In process for store: International (3)
2015-04-16T07:15:02+00:00 DEBUG (7): Starting Subscriber Opt-In process for store: Retail (1)
2015-04-16T07:15:03+00:00 DEBUG (7): Starting Subscriber Opt-In process for store: Wholesale (2)
2015-04-16T07:30:02+00:00 DEBUG (7): Starting Subscriber Opt-In process for store: Admin (0)
2015-04-16T07:30:02+00:00 DEBUG (7): Starting Subscriber Opt-In process for store: International (3)
2015-04-16T07:30:02+00:00 DEBUG (7): Starting Subscriber Opt-In process for store: Retail (1)
2015-04-16T07:30:03+00:00 DEBUG (7): Starting Subscriber Opt-In process for store: Wholesale (2)
2015-04-16T07:45:02+00:00 DEBUG (7): Starting Subscriber Opt-In process for store: Admin (0)
2015-04-16T07:45:02+00:00 DEBUG (7): Starting Subscriber Opt-In process for store: International (3)
2015-04-16T07:45:02+00:00 DEBUG (7): Starting Subscriber Opt-In process for store: Retail (1)
2015-04-16T07:45:03+00:00 DEBUG (7): Starting Subscriber Opt-In process for store: Wholesale (2)
2015-04-16T08:00:31+00:00 DEBUG (7): Starting Subscriber Opt-In process for store: Admin (0)
2015-04-16T08:00:31+00:00 DEBUG (7): Starting Subscriber Opt-In process for store: International (3)
2015-04-16T08:00:31+00:00 DEBUG (7): Starting Subscriber Opt-In process for store: Retail (1)
2015-04-16T08:00:32+00:00 DEBUG (7): Starting Subscriber Opt-In process for store: Wholesale (2)
2015-04-16T08:15:02+00:00 DEBUG (7): Starting Subscriber Opt-In process for store: Admin (0)
2015-04-16T08:15:02+00:00 DEBUG (7): Starting Subscriber Opt-In process for store: International (3)
2015-04-16T08:15:02+00:00 DEBUG (7): Starting Subscriber Opt-In process for store: Retail (1)
2015-04-16T08:15:03+00:00 DEBUG (7): Starting Subscriber Opt-In process for store: Wholesale (2)
2015-04-16T08:30:02+00:00 DEBUG (7): Starting Subscriber Opt-In process for store: Admin (0)
2015-04-16T08:30:02+00:00 DEBUG (7): Starting Subscriber Opt-In process for store: International (3)
2015-04-16T08:30:02+00:00 DEBUG (7): Starting Subscriber Opt-In process for store: Retail (1)
2015-04-16T08:30:03+00:00 DEBUG (7): Starting Subscriber Opt-In process for store: Wholesale (2)
2015-04-16T08:45:02+00:00 DEBUG (7): Starting Subscriber Opt-In process for store: Admin (0)
2015-04-16T08:45:02+00:00 DEBUG (7): Starting Subscriber Opt-In process for store: International (3)
2015-04-16T08:45:02+00:00 DEBUG (7): Starting Subscriber Opt-In process for store: Retail (1)
2015-04-16T08:45:03+00:00 DEBUG (7): Starting Subscriber Opt-In process for store: Wholesale (2)
2015-04-16T09:00:07+00:00 DEBUG (7): Starting Subscriber Opt-In process for store: Admin (0)
2015-04-16T09:00:07+00:00 DEBUG (7): Starting Subscriber Opt-In process for store: International (3)
2015-04-16T09:00:07+00:00 DEBUG (7): Starting Subscriber Opt-In process for store: Retail (1)
2015-04-16T09:00:08+00:00 DEBUG (7): Starting Subscriber Opt-In process for store: Wholesale (2)
2015-04-16T09:20:02+00:00 DEBUG (7): Starting Subscriber Opt-In process for store: Admin (0)
2015-04-16T09:20:02+00:00 DEBUG (7): Starting Subscriber Opt-In process for store: International (3)
2015-04-16T09:20:02+00:00 DEBUG (7): Starting Subscriber Opt-In process for store: Retail (1)
2015-04-16T09:20:03+00:00 DEBUG (7): Starting Subscriber Opt-In process for store: Wholesale (2)
2015-04-16T09:30:03+00:00 DEBUG (7): Starting Subscriber Opt-In process for store: Admin (0)
2015-04-16T09:30:03+00:00 DEBUG (7): Starting Subscriber Opt-In process for store: International (3)
2015-04-16T09:30:03+00:00 DEBUG (7): Starting Subscriber Opt-In process for store: Retail (1)
2015-04-16T09:30:04+00:00 DEBUG (7): Starting Subscriber Opt-In process for store: Wholesale (2)
2015-04-16T09:45:02+00:00 DEBUG (7): Starting Subscriber Opt-In process for store: Admin (0)
2015-04-16T09:45:02+00:00 DEBUG (7): Starting Subscriber Opt-In process for store: International (3)
2015-04-16T09:45:02+00:00 DEBUG (7): Starting Subscriber Opt-In process for store: Retail (1)
2015-04-16T09:45:03+00:00 DEBUG (7): Starting Subscriber Opt-In process for store: Wholesale (2)
2015-04-16T10:00:03+00:00 DEBUG (7): Starting Subscriber Opt-In process for store: Admin (0)
2015-04-16T10:00:03+00:00 DEBUG (7): Starting Subscriber Opt-In process for store: International (3)
2015-04-16T10:00:03+00:00 DEBUG (7): Starting Subscriber Opt-In process for store: Retail (1)
2015-04-16T10:00:03+00:00 DEBUG (7): Starting Subscriber Opt-In process for store: Wholesale (2)
2015-04-16T10:15:02+00:00 DEBUG (7): Starting Subscriber Opt-In process for store: Admin (0)
2015-04-16T10:15:02+00:00 DEBUG (7): Starting Subscriber Opt-In process for store: International (3)
2015-04-16T10:15:02+00:00 DEBUG (7): Starting Subscriber Opt-In process for store: Retail (1)
2015-04-16T10:15:03+00:00 DEBUG (7): Starting Subscriber Opt-In process for store: Wholesale (2)
2015-04-16T10:30:02+00:00 DEBUG (7): Starting Subscriber Opt-In process for store: Admin (0)
2015-04-16T10:30:02+00:00 DEBUG (7): Starting Subscriber Opt-In process for store: International (3)
2015-04-16T10:30:02+00:00 DEBUG (7): Starting Subscriber Opt-In process for store: Retail (1)
2015-04-16T10:30:03+00:00 DEBUG (7): Starting Subscriber Opt-In process for store: Wholesale (2)
2015-04-16T10:45:02+00:00 DEBUG (7): Starting Subscriber Opt-In process for store: Admin (0)
2015-04-16T10:45:02+00:00 DEBUG (7): Starting Subscriber Opt-In process for store: International (3)
2015-04-16T10:45:02+00:00 DEBUG (7): Starting Subscriber Opt-In process for store: Retail (1)
2015-04-16T10:45:06+00:00 DEBUG (7): Starting Subscriber Opt-In process for store: Wholesale (2)
2015-04-16T10:45:06+00:00 INFO (6):   Adding Contact to list: Blooming Bath Wholesale
2015-04-16T10:45:06+00:00 INFO (6):   Setting Contact (info@choupetteetloulou.com) status to: active
2015-04-16T11:00:02+00:00 DEBUG (7): Starting Subscriber Opt-In process for store: Admin (0)
2015-04-16T11:00:02+00:00 DEBUG (7): Starting Subscriber Opt-In process for store: International (3)
2015-04-16T11:00:02+00:00 DEBUG (7): Starting Subscriber Opt-In process for store: Retail (1)
2015-04-16T11:00:03+00:00 DEBUG (7): Starting Subscriber Opt-In process for store: Wholesale (2)
2015-04-16T11:15:02+00:00 DEBUG (7): Starting Subscriber Opt-In process for store: Admin (0)
2015-04-16T11:15:02+00:00 DEBUG (7): Starting Subscriber Opt-In process for store: International (3)
2015-04-16T11:15:02+00:00 DEBUG (7): Starting Subscriber Opt-In process for store: Retail (1)
2015-04-16T11:15:03+00:00 INFO (6):   Adding Contact to list: Bloomingbath.com
2015-04-16T11:15:03+00:00 INFO (6):   Setting Contact (lorri922@yahoo.com) status to: active
2015-04-16T11:15:03+00:00 DEBUG (7): Starting Subscriber Opt-In process for store: Wholesale (2)
2015-04-16T11:30:03+00:00 DEBUG (7): Starting Subscriber Opt-In process for store: Admin (0)
2015-04-16T11:30:03+00:00 DEBUG (7): Starting Subscriber Opt-In process for store: International (3)
2015-04-16T11:30:03+00:00 DEBUG (7): Starting Subscriber Opt-In process for store: Retail (1)
2015-04-16T11:30:03+00:00 DEBUG (7): Starting Subscriber Opt-In process for store: Wholesale (2)
2015-04-16T11:45:02+00:00 DEBUG (7): Starting Subscriber Opt-In process for store: Admin (0)
2015-04-16T11:45:02+00:00 DEBUG (7): Starting Subscriber Opt-In process for store: International (3)
2015-04-16T11:45:02+00:00 DEBUG (7): Starting Subscriber Opt-In process for store: Retail (1)
2015-04-16T11:45:03+00:00 DEBUG (7): Starting Subscriber Opt-In process for store: Wholesale (2)
2015-04-16T12:00:03+00:00 DEBUG (7): Starting Subscriber Opt-In process for store: Admin (0)
2015-04-16T12:00:03+00:00 DEBUG (7): Starting Subscriber Opt-In process for store: International (3)
2015-04-16T12:00:03+00:00 DEBUG (7): Starting Subscriber Opt-In process for store: Retail (1)
2015-04-16T12:00:04+00:00 DEBUG (7): Starting Subscriber Opt-In process for store: Wholesale (2)
2015-04-16T12:15:02+00:00 DEBUG (7): Starting Subscriber Opt-In process for store: Admin (0)
2015-04-16T12:15:02+00:00 DEBUG (7): Starting Subscriber Opt-In process for store: International (3)
2015-04-16T12:15:02+00:00 DEBUG (7): Starting Subscriber Opt-In process for store: Retail (1)
2015-04-16T12:15:03+00:00 INFO (6):   Adding Contact to list: Bloomingbath.com
2015-04-16T12:15:03+00:00 INFO (6):   Setting Contact (rrfaa77@outlook.sa) status to: active
2015-04-16T12:15:03+00:00 DEBUG (7): Starting Subscriber Opt-In process for store: Wholesale (2)
2015-04-16T12:35:02+00:00 DEBUG (7): Starting Subscriber Opt-In process for store: Admin (0)
2015-04-16T12:35:02+00:00 DEBUG (7): Starting Subscriber Opt-In process for store: International (3)
2015-04-16T12:35:02+00:00 DEBUG (7): Starting Subscriber Opt-In process for store: Retail (1)
2015-04-16T12:35:03+00:00 DEBUG (7): Starting Subscriber Opt-In process for store: Wholesale (2)
2015-04-16T12:45:02+00:00 DEBUG (7): Starting Subscriber Opt-In process for store: Admin (0)
2015-04-16T12:45:02+00:00 DEBUG (7): Starting Subscriber Opt-In process for store: International (3)
2015-04-16T12:45:02+00:00 DEBUG (7): Starting Subscriber Opt-In process for store: Retail (1)
2015-04-16T12:45:03+00:00 DEBUG (7): Starting Subscriber Opt-In process for store: Wholesale (2)
2015-04-16T13:00:02+00:00 DEBUG (7): Starting Subscriber Opt-In process for store: Admin (0)
2015-04-16T13:00:02+00:00 DEBUG (7): Starting Subscriber Opt-In process for store: International (3)
2015-04-16T13:00:02+00:00 DEBUG (7): Starting Subscriber Opt-In process for store: Retail (1)
2015-04-16T13:00:03+00:00 DEBUG (7): Starting Subscriber Opt-In process for store: Wholesale (2)
2015-04-16T13:15:02+00:00 DEBUG (7): Starting Subscriber Opt-In process for store: Admin (0)
2015-04-16T13:15:02+00:00 DEBUG (7): Starting Subscriber Opt-In process for store: International (3)
2015-04-16T13:15:02+00:00 DEBUG (7): Starting Subscriber Opt-In process for store: Retail (1)
2015-04-16T13:15:04+00:00 INFO (6):   Adding Contact to list: Bloomingbath.com
2015-04-16T13:15:04+00:00 INFO (6):   Setting Contact (damianlqo852@yahoo.com) status to: active
2015-04-16T13:15:04+00:00 DEBUG (7): Starting Subscriber Opt-In process for store: Wholesale (2)
2015-04-16T13:30:02+00:00 DEBUG (7): Starting Subscriber Opt-In process for store: Admin (0)
2015-04-16T13:30:02+00:00 DEBUG (7): Starting Subscriber Opt-In process for store: International (3)
2015-04-16T13:30:02+00:00 DEBUG (7): Starting Subscriber Opt-In process for store: Retail (1)
2015-04-16T13:30:03+00:00 DEBUG (7): Starting Subscriber Opt-In process for store: Wholesale (2)
2015-04-16T13:44:59+00:00 DEBUG (7): No subscription status found in session.
2015-04-16T13:45:04+00:00 DEBUG (7): Starting Subscriber Opt-In process for store: Admin (0)
2015-04-16T13:45:04+00:00 DEBUG (7): Starting Subscriber Opt-In process for store: International (3)
2015-04-16T13:45:04+00:00 DEBUG (7): Starting Subscriber Opt-In process for store: Retail (1)
2015-04-16T13:45:04+00:00 INFO (6):   Adding Contact to list: Bloomingbath.com
2015-04-16T13:45:04+00:00 INFO (6):   Setting Contact (veroniquerancourt@hotmail.com) status to: active
2015-04-16T13:45:05+00:00 DEBUG (7): Starting Subscriber Opt-In process for store: Wholesale (2)
2015-04-16T13:53:41+00:00 DEBUG (7): No subscription status found in session.
2015-04-16T14:00:05+00:00 DEBUG (7): Starting Subscriber Opt-In process for store: Admin (0)
2015-04-16T14:00:05+00:00 DEBUG (7): Starting Subscriber Opt-In process for store: International (3)
2015-04-16T14:00:05+00:00 DEBUG (7): Starting Subscriber Opt-In process for store: Retail (1)
2015-04-16T14:00:05+00:00 INFO (6):   Adding Contact to list: Bloomingbath.com
2015-04-16T14:00:05+00:00 INFO (6):   Setting Contact (SJWTYTY@HOTMAIL.COM) status to: active
2015-04-16T14:00:06+00:00 DEBUG (7): Starting Subscriber Opt-In process for store: Wholesale (2)
2015-04-16T14:15:26+00:00 DEBUG (7): Starting Subscriber Opt-In process for store: Admin (0)
2015-04-16T14:15:26+00:00 DEBUG (7): Starting Subscriber Opt-In process for store: International (3)
2015-04-16T14:15:26+00:00 DEBUG (7): Starting Subscriber Opt-In process for store: Retail (1)
2015-04-16T14:15:26+00:00 DEBUG (7): Starting Subscriber Opt-In process for store: Wholesale (2)
2015-04-16T14:30:04+00:00 DEBUG (7): Starting Subscriber Opt-In process for store: Admin (0)
2015-04-16T14:30:04+00:00 DEBUG (7): Starting Subscriber Opt-In process for store: International (3)
2015-04-16T14:30:04+00:00 DEBUG (7): Starting Subscriber Opt-In process for store: Retail (1)
2015-04-16T14:30:05+00:00 DEBUG (7): Starting Subscriber Opt-In process for store: Wholesale (2)
2015-04-16T14:39:56+00:00 DEBUG (7): No subscription status found in session.
2015-04-16T14:45:04+00:00 DEBUG (7): Starting Subscriber Opt-In process for store: Admin (0)
2015-04-16T14:45:04+00:00 DEBUG (7): Starting Subscriber Opt-In process for store: International (3)
2015-04-16T14:45:04+00:00 DEBUG (7): Starting Subscriber Opt-In process for store: Retail (1)
2015-04-16T14:45:04+00:00 DEBUG (7): Starting Subscriber Opt-In process for store: Wholesale (2)
2015-04-16T15:00:06+00:00 DEBUG (7): Starting Subscriber Opt-In process for store: Admin (0)
2015-04-16T15:00:06+00:00 DEBUG (7): Starting Subscriber Opt-In process for store: International (3)
2015-04-16T15:00:06+00:00 DEBUG (7): Starting Subscriber Opt-In process for store: Retail (1)
2015-04-16T15:00:07+00:00 DEBUG (7): Starting Subscriber Opt-In process for store: Wholesale (2)
2015-04-16T15:15:02+00:00 DEBUG (7): Starting Subscriber Opt-In process for store: Admin (0)
2015-04-16T15:15:02+00:00 DEBUG (7): Starting Subscriber Opt-In process for store: International (3)
2015-04-16T15:15:02+00:00 DEBUG (7): Starting Subscriber Opt-In process for store: Retail (1)
2015-04-16T15:15:03+00:00 DEBUG (7): Starting Subscriber Opt-In process for store: Wholesale (2)
2015-04-16T15:30:10+00:00 DEBUG (7): Starting Subscriber Opt-In process for store: Admin (0)
2015-04-16T15:30:10+00:00 DEBUG (7): Starting Subscriber Opt-In process for store: International (3)
2015-04-16T15:30:10+00:00 DEBUG (7): Starting Subscriber Opt-In process for store: Retail (1)
2015-04-16T15:30:10+00:00 DEBUG (7): Starting Subscriber Opt-In process for store: Wholesale (2)
2015-04-16T15:50:04+00:00 DEBUG (7): Starting Subscriber Opt-In process for store: Admin (0)
2015-04-16T15:50:04+00:00 DEBUG (7): Starting Subscriber Opt-In process for store: International (3)
2015-04-16T15:50:04+00:00 DEBUG (7): Starting Subscriber Opt-In process for store: Retail (1)
2015-04-16T15:50:04+00:00 DEBUG (7): Starting Subscriber Opt-In process for store: Wholesale (2)
2015-04-16T16:00:04+00:00 DEBUG (7): Starting Subscriber Opt-In process for store: Admin (0)
2015-04-16T16:00:04+00:00 DEBUG (7): Starting Subscriber Opt-In process for store: International (3)
2015-04-16T16:00:04+00:00 DEBUG (7): Starting Subscriber Opt-In process for store: Retail (1)
2015-04-16T16:00:04+00:00 DEBUG (7): Starting Subscriber Opt-In process for store: Wholesale (2)
2015-04-16T16:15:03+00:00 DEBUG (7): Starting Subscriber Opt-In process for store: Admin (0)
2015-04-16T16:15:03+00:00 DEBUG (7): Starting Subscriber Opt-In process for store: International (3)
2015-04-16T16:15:03+00:00 DEBUG (7): Starting Subscriber Opt-In process for store: Retail (1)
2015-04-16T16:15:04+00:00 DEBUG (7): Starting Subscriber Opt-In process for store: Wholesale (2)
2015-04-16T16:30:03+00:00 DEBUG (7): Starting Subscriber Opt-In process for store: Admin (0)
2015-04-16T16:30:03+00:00 DEBUG (7): Starting Subscriber Opt-In process for store: International (3)
2015-04-16T16:30:03+00:00 DEBUG (7): Starting Subscriber Opt-In process for store: Retail (1)
2015-04-16T16:30:04+00:00 DEBUG (7): Starting Subscriber Opt-In process for store: Wholesale (2)
2015-04-16T16:45:03+00:00 DEBUG (7): Starting Subscriber Opt-In process for store: Admin (0)
2015-04-16T16:45:03+00:00 DEBUG (7): Starting Subscriber Opt-In process for store: International (3)
2015-04-16T16:45:03+00:00 DEBUG (7): Starting Subscriber Opt-In process for store: Retail (1)
2015-04-16T16:45:03+00:00 DEBUG (7): Starting Subscriber Opt-In process for store: Wholesale (2)
2015-04-16T16:49:33+00:00 DEBUG (7): No subscription status found in session.
2015-04-16T17:00:05+00:00 DEBUG (7): Starting Subscriber Opt-In process for store: Admin (0)
2015-04-16T17:00:05+00:00 DEBUG (7): Starting Subscriber Opt-In process for store: International (3)
2015-04-16T17:00:05+00:00 DEBUG (7): Starting Subscriber Opt-In process for store: Retail (1)
2015-04-16T17:00:05+00:00 INFO (6):   Adding Contact to list: Bloomingbath.com
2015-04-16T17:00:05+00:00 INFO (6):   Setting Contact (info@fivestarawards.ca) status to: active
2015-04-16T17:00:05+00:00 DEBUG (7): Starting Subscriber Opt-In process for store: Wholesale (2)
2015-04-16T17:16:38+00:00 DEBUG (7): Starting Subscriber Opt-In process for store: Admin (0)
2015-04-16T17:16:38+00:00 DEBUG (7): Starting Subscriber Opt-In process for store: International (3)
2015-04-16T17:16:38+00:00 DEBUG (7): Starting Subscriber Opt-In process for store: Retail (1)
2015-04-16T17:16:39+00:00 DEBUG (7): Starting Subscriber Opt-In process for store: Wholesale (2)
2015-04-16T17:30:04+00:00 DEBUG (7): Starting Subscriber Opt-In process for store: Admin (0)
2015-04-16T17:30:04+00:00 DEBUG (7): Starting Subscriber Opt-In process for store: International (3)
2015-04-16T17:30:04+00:00 DEBUG (7): Starting Subscriber Opt-In process for store: Retail (1)
2015-04-16T17:30:04+00:00 INFO (6):   Adding Contact to list: Bloomingbath.com
2015-04-16T17:30:04+00:00 INFO (6):   Setting Contact (2008erica2010@gmail.com) status to: active
2015-04-16T17:30:05+00:00 DEBUG (7): Starting Subscriber Opt-In process for store: Wholesale (2)
2015-04-16T17:45:02+00:00 DEBUG (7): Starting Subscriber Opt-In process for store: Admin (0)
2015-04-16T17:45:02+00:00 DEBUG (7): Starting Subscriber Opt-In process for store: International (3)
2015-04-16T17:45:02+00:00 DEBUG (7): Starting Subscriber Opt-In process for store: Retail (1)
2015-04-16T17:45:04+00:00 DEBUG (7): Starting Subscriber Opt-In process for store: Wholesale (2)
2015-04-16T18:00:03+00:00 DEBUG (7): Starting Subscriber Opt-In process for store: Admin (0)
2015-04-16T18:00:03+00:00 DEBUG (7): Starting Subscriber Opt-In process for store: International (3)
2015-04-16T18:00:03+00:00 DEBUG (7): Starting Subscriber Opt-In process for store: Retail (1)
2015-04-16T18:00:04+00:00 DEBUG (7): Starting Subscriber Opt-In process for store: Wholesale (2)
2015-04-16T18:15:02+00:00 DEBUG (7): Starting Subscriber Opt-In process for store: Admin (0)
2015-04-16T18:15:02+00:00 DEBUG (7): Starting Subscriber Opt-In process for store: International (3)
2015-04-16T18:15:02+00:00 DEBUG (7): Starting Subscriber Opt-In process for store: Retail (1)
2015-04-16T18:15:03+00:00 DEBUG (7): Starting Subscriber Opt-In process for store: Wholesale (2)
2015-04-16T18:30:03+00:00 DEBUG (7): Starting Subscriber Opt-In process for store: Admin (0)
2015-04-16T18:30:03+00:00 DEBUG (7): Starting Subscriber Opt-In process for store: International (3)
2015-04-16T18:30:03+00:00 DEBUG (7): Starting Subscriber Opt-In process for store: Retail (1)
2015-04-16T18:30:04+00:00 DEBUG (7): Starting Subscriber Opt-In process for store: Wholesale (2)
2015-04-16T18:45:05+00:00 DEBUG (7): Starting Subscriber Opt-In process for store: Admin (0)
2015-04-16T18:45:05+00:00 DEBUG (7): Starting Subscriber Opt-In process for store: International (3)
2015-04-16T18:45:05+00:00 DEBUG (7): Starting Subscriber Opt-In process for store: Retail (1)
2015-04-16T18:45:05+00:00 DEBUG (7): Starting Subscriber Opt-In process for store: Wholesale (2)
2015-04-16T19:00:04+00:00 DEBUG (7): Starting Subscriber Opt-In process for store: Admin (0)
2015-04-16T19:00:04+00:00 DEBUG (7): Starting Subscriber Opt-In process for store: International (3)
2015-04-16T19:00:04+00:00 DEBUG (7): Starting Subscriber Opt-In process for store: Retail (1)
2015-04-16T19:00:05+00:00 DEBUG (7): Starting Subscriber Opt-In process for store: Wholesale (2)
2015-04-16T19:20:03+00:00 DEBUG (7): Starting Subscriber Opt-In process for store: Admin (0)
2015-04-16T19:20:03+00:00 DEBUG (7): Starting Subscriber Opt-In process for store: International (3)
2015-04-16T19:20:03+00:00 DEBUG (7): Starting Subscriber Opt-In process for store: Retail (1)
2015-04-16T19:20:04+00:00 INFO (6):   Adding Contact to list: Bloomingbath.com
2015-04-16T19:20:04+00:00 INFO (6):   Setting Contact (hazeleyes4um@yahoo.com) status to: active
2015-04-16T19:20:04+00:00 DEBUG (7): Starting Subscriber Opt-In process for store: Wholesale (2)
2015-04-16T19:30:03+00:00 DEBUG (7): Starting Subscriber Opt-In process for store: Admin (0)
2015-04-16T19:30:03+00:00 DEBUG (7): Starting Subscriber Opt-In process for store: International (3)
2015-04-16T19:30:03+00:00 DEBUG (7): Starting Subscriber Opt-In process for store: Retail (1)
2015-04-16T19:30:04+00:00 DEBUG (7): Starting Subscriber Opt-In process for store: Wholesale (2)
2015-04-16T19:32:04+00:00 DEBUG (7): No subscription status found in session.
2015-04-16T19:45:05+00:00 DEBUG (7): Starting Subscriber Opt-In process for store: Admin (0)
2015-04-16T19:45:05+00:00 DEBUG (7): Starting Subscriber Opt-In process for store: International (3)
2015-04-16T19:45:05+00:00 DEBUG (7): Starting Subscriber Opt-In process for store: Retail (1)
2015-04-16T19:45:06+00:00 INFO (6):   Adding Contact to list: Bloomingbath.com
2015-04-16T19:45:06+00:00 INFO (6):   Setting Contact (relaxed166@aol.com) status to: active
2015-04-16T19:45:06+00:00 DEBUG (7): Starting Subscriber Opt-In process for store: Wholesale (2)
2015-04-16T20:00:02+00:00 DEBUG (7): Starting Subscriber Opt-In process for store: Admin (0)
2015-04-16T20:00:02+00:00 DEBUG (7): Starting Subscriber Opt-In process for store: International (3)
2015-04-16T20:00:02+00:00 DEBUG (7): Starting Subscriber Opt-In process for store: Retail (1)
2015-04-16T20:00:03+00:00 INFO (6):   Adding Contact to list: Bloomingbath.com
2015-04-16T20:00:03+00:00 INFO (6):   Setting Contact (tinamariell@yahoo.com) status to: active
2015-04-16T20:00:03+00:00 DEBUG (7): Starting Subscriber Opt-In process for store: Wholesale (2)
2015-04-16T20:15:02+00:00 DEBUG (7): Starting Subscriber Opt-In process for store: Admin (0)
2015-04-16T20:15:02+00:00 DEBUG (7): Starting Subscriber Opt-In process for store: International (3)
2015-04-16T20:15:02+00:00 DEBUG (7): Starting Subscriber Opt-In process for store: Retail (1)
2015-04-16T20:15:04+00:00 INFO (6):   Adding Contact to list: Bloomingbath.com
2015-04-16T20:15:04+00:00 INFO (6):   Setting Contact (Nickienator@aol.com) status to: active
2015-04-16T20:15:04+00:00 DEBUG (7): Starting Subscriber Opt-In process for store: Wholesale (2)
2015-04-16T20:30:05+00:00 DEBUG (7): Starting Subscriber Opt-In process for store: Admin (0)
2015-04-16T20:30:05+00:00 DEBUG (7): Starting Subscriber Opt-In process for store: International (3)
2015-04-16T20:30:05+00:00 DEBUG (7): Starting Subscriber Opt-In process for store: Retail (1)
2015-04-16T20:30:05+00:00 INFO (6):   Adding Contact to list: Bloomingbath.com
2015-04-16T20:30:05+00:00 INFO (6):   Setting Contact (t4richardsons@gmail.com) status to: active
2015-04-16T20:30:05+00:00 DEBUG (7): Starting Subscriber Opt-In process for store: Wholesale (2)
2015-04-16T20:38:22+00:00 DEBUG (7): No subscription status found in session.
2015-04-16T20:45:06+00:00 DEBUG (7): Starting Subscriber Opt-In process for store: Admin (0)
2015-04-16T20:45:07+00:00 DEBUG (7): Starting Subscriber Opt-In process for store: International (3)
2015-04-16T20:45:07+00:00 DEBUG (7): Starting Subscriber Opt-In process for store: Retail (1)
2015-04-16T20:45:07+00:00 DEBUG (7): Starting Subscriber Opt-In process for store: Wholesale (2)
2015-04-16T20:58:46+00:00 DEBUG (7): No subscription status found in session.
2015-04-16T21:00:05+00:00 DEBUG (7): Starting Subscriber Opt-In process for store: Admin (0)
2015-04-16T21:00:05+00:00 DEBUG (7): Starting Subscriber Opt-In process for store: International (3)
2015-04-16T21:00:05+00:00 DEBUG (7): Starting Subscriber Opt-In process for store: Retail (1)
2015-04-16T21:00:05+00:00 DEBUG (7): Starting Subscriber Opt-In process for store: Wholesale (2)
2015-04-16T21:15:02+00:00 DEBUG (7): Starting Subscriber Opt-In process for store: Admin (0)
2015-04-16T21:15:02+00:00 DEBUG (7): Starting Subscriber Opt-In process for store: International (3)
2015-04-16T21:15:02+00:00 DEBUG (7): Starting Subscriber Opt-In process for store: Retail (1)
2015-04-16T21:15:03+00:00 DEBUG (7): Starting Subscriber Opt-In process for store: Wholesale (2)
2015-04-16T21:35:04+00:00 DEBUG (7): Starting Subscriber Opt-In process for store: Admin (0)
2015-04-16T21:35:04+00:00 DEBUG (7): Starting Subscriber Opt-In process for store: International (3)
2015-04-16T21:35:04+00:00 DEBUG (7): Starting Subscriber Opt-In process for store: Retail (1)
2015-04-16T21:35:04+00:00 DEBUG (7): Starting Subscriber Opt-In process for store: Wholesale (2)
2015-04-16T21:40:33+00:00 DEBUG (7): No subscription status found in session.
2015-04-16T21:45:04+00:00 DEBUG (7): Starting Subscriber Opt-In process for store: Admin (0)
2015-04-16T21:45:04+00:00 DEBUG (7): Starting Subscriber Opt-In process for store: International (3)
2015-04-16T21:45:04+00:00 DEBUG (7): Starting Subscriber Opt-In process for store: Retail (1)
2015-04-16T21:45:04+00:00 DEBUG (7): Starting Subscriber Opt-In process for store: Wholesale (2)
2015-04-16T21:53:56+00:00 DEBUG (7): No subscription status found in session.
2015-04-16T22:00:04+00:00 DEBUG (7): Starting Subscriber Opt-In process for store: Admin (0)
2015-04-16T22:00:04+00:00 DEBUG (7): Starting Subscriber Opt-In process for store: International (3)
2015-04-16T22:00:04+00:00 DEBUG (7): Starting Subscriber Opt-In process for store: Retail (1)
2015-04-16T22:00:04+00:00 INFO (6):   Adding Contact to list: Bloomingbath.com
2015-04-16T22:00:04+00:00 INFO (6):   Setting Contact (danielle7116@hotmail.com) status to: active
2015-04-16T22:00:04+00:00 DEBUG (7): Starting Subscriber Opt-In process for store: Wholesale (2)
2015-04-16T22:15:02+00:00 DEBUG (7): Starting Subscriber Opt-In process for store: Admin (0)
2015-04-16T22:15:02+00:00 DEBUG (7): Starting Subscriber Opt-In process for store: International (3)
2015-04-16T22:15:02+00:00 DEBUG (7): Starting Subscriber Opt-In process for store: Retail (1)
2015-04-16T22:15:03+00:00 INFO (6):   Adding Contact to list: Bloomingbath.com
2015-04-16T22:15:03+00:00 INFO (6):   Setting Contact (viviennejsv874@yahoo.com) status to: active
2015-04-16T22:15:03+00:00 DEBUG (7): Starting Subscriber Opt-In process for store: Wholesale (2)
2015-04-16T22:30:02+00:00 DEBUG (7): Starting Subscriber Opt-In process for store: Admin (0)
2015-04-16T22:30:02+00:00 DEBUG (7): Starting Subscriber Opt-In process for store: International (3)
2015-04-16T22:30:02+00:00 DEBUG (7): Starting Subscriber Opt-In process for store: Retail (1)
2015-04-16T22:30:03+00:00 DEBUG (7): Starting Subscriber Opt-In process for store: Wholesale (2)
2015-04-16T22:45:02+00:00 DEBUG (7): Starting Subscriber Opt-In process for store: Admin (0)
2015-04-16T22:45:02+00:00 DEBUG (7): Starting Subscriber Opt-In process for store: International (3)
2015-04-16T22:45:02+00:00 DEBUG (7): Starting Subscriber Opt-In process for store: Retail (1)
2015-04-16T22:45:03+00:00 DEBUG (7): Starting Subscriber Opt-In process for store: Wholesale (2)
2015-04-16T23:00:02+00:00 DEBUG (7): Starting Subscriber Opt-In process for store: Admin (0)
2015-04-16T23:00:02+00:00 DEBUG (7): Starting Subscriber Opt-In process for store: International (3)
2015-04-16T23:00:02+00:00 DEBUG (7): Starting Subscriber Opt-In process for store: Retail (1)
2015-04-16T23:00:03+00:00 DEBUG (7): Starting Subscriber Opt-In process for store: Wholesale (2)
2015-04-16T23:01:21+00:00 DEBUG (7): No subscription status found in session.
2015-04-16T23:15:04+00:00 DEBUG (7): Starting Subscriber Opt-In process for store: Admin (0)
2015-04-16T23:15:04+00:00 DEBUG (7): Starting Subscriber Opt-In process for store: International (3)
2015-04-16T23:15:04+00:00 DEBUG (7): Starting Subscriber Opt-In process for store: Retail (1)
2015-04-16T23:15:05+00:00 INFO (6):   Adding Contact to list: Bloomingbath.com
2015-04-16T23:15:05+00:00 INFO (6):   Setting Contact (akurban0728@yahoo.com) status to: active
2015-04-16T23:15:05+00:00 DEBUG (7): Starting Subscriber Opt-In process for store: Wholesale (2)
2015-04-16T23:30:03+00:00 DEBUG (7): Starting Subscriber Opt-In process for store: Admin (0)
2015-04-16T23:30:03+00:00 DEBUG (7): Starting Subscriber Opt-In process for store: International (3)
2015-04-16T23:30:03+00:00 DEBUG (7): Starting Subscriber Opt-In process for store: Retail (1)
2015-04-16T23:30:04+00:00 INFO (6):   Adding Contact to list: Bloomingbath.com
2015-04-16T23:30:04+00:00 INFO (6):   Setting Contact (dillingerc6921@mtc.edu) status to: active
2015-04-16T23:30:04+00:00 DEBUG (7): Starting Subscriber Opt-In process for store: Wholesale (2)
2015-04-16T23:45:06+00:00 DEBUG (7): Starting Subscriber Opt-In process for store: Admin (0)
2015-04-16T23:45:06+00:00 DEBUG (7): Starting Subscriber Opt-In process for store: International (3)
2015-04-16T23:45:06+00:00 DEBUG (7): Starting Subscriber Opt-In process for store: Retail (1)
2015-04-16T23:45:06+00:00 INFO (6):   Adding Contact to list: Bloomingbath.com
2015-04-16T23:45:06+00:00 INFO (6):   Setting Contact (anitasears1@yahoo.com) status to: active
2015-04-16T23:45:06+00:00 DEBUG (7): Starting Subscriber Opt-In process for store: Wholesale (2)
