2015-03-24T00:00:02+00:00 DEBUG (7): Starting Subscriber Opt-In process for store: Admin (0)
2015-03-24T00:00:02+00:00 DEBUG (7): Starting Subscriber Opt-In process for store: International (3)
2015-03-24T00:00:02+00:00 DEBUG (7): Starting Subscriber Opt-In process for store: Retail (1)
2015-03-24T00:00:03+00:00 INFO (6):   Adding Contact to list: Bloomingbath.com
2015-03-24T00:00:03+00:00 INFO (6):   Setting Contact (megallopinggal@aol.com) status to: active
2015-03-24T00:00:03+00:00 DEBUG (7): Starting Subscriber Opt-In process for store: Wholesale (2)
2015-03-24T00:20:05+00:00 DEBUG (7): Starting Subscriber Opt-In process for store: Admin (0)
2015-03-24T00:20:05+00:00 DEBUG (7): Starting Subscriber Opt-In process for store: International (3)
2015-03-24T00:20:05+00:00 DEBUG (7): Starting Subscriber Opt-In process for store: Retail (1)
2015-03-24T00:20:05+00:00 DEBUG (7): Starting Subscriber Opt-In process for store: Wholesale (2)
2015-03-24T00:30:02+00:00 DEBUG (7): Starting Subscriber Opt-In process for store: Admin (0)
2015-03-24T00:30:02+00:00 DEBUG (7): Starting Subscriber Opt-In process for store: International (3)
2015-03-24T00:30:02+00:00 DEBUG (7): Starting Subscriber Opt-In process for store: Retail (1)
2015-03-24T00:30:03+00:00 DEBUG (7): Starting Subscriber Opt-In process for store: Wholesale (2)
2015-03-24T00:45:02+00:00 DEBUG (7): Starting Subscriber Opt-In process for store: Admin (0)
2015-03-24T00:45:02+00:00 DEBUG (7): Starting Subscriber Opt-In process for store: International (3)
2015-03-24T00:45:03+00:00 DEBUG (7): Starting Subscriber Opt-In process for store: Retail (1)
2015-03-24T00:45:03+00:00 INFO (6):   Adding Contact to list: Bloomingbath.com
2015-03-24T00:45:03+00:00 INFO (6):   Setting Contact (nonnyhill@gmail.com) status to: active
2015-03-24T00:45:04+00:00 DEBUG (7): Starting Subscriber Opt-In process for store: Wholesale (2)
2015-03-24T01:00:02+00:00 DEBUG (7): Starting Subscriber Opt-In process for store: Admin (0)
2015-03-24T01:00:02+00:00 DEBUG (7): Starting Subscriber Opt-In process for store: International (3)
2015-03-24T01:00:02+00:00 DEBUG (7): Starting Subscriber Opt-In process for store: Retail (1)
2015-03-24T01:00:03+00:00 DEBUG (7): Starting Subscriber Opt-In process for store: Wholesale (2)
2015-03-24T01:15:02+00:00 DEBUG (7): Starting Subscriber Opt-In process for store: Admin (0)
2015-03-24T01:15:02+00:00 DEBUG (7): Starting Subscriber Opt-In process for store: International (3)
2015-03-24T01:15:02+00:00 DEBUG (7): Starting Subscriber Opt-In process for store: Retail (1)
2015-03-24T01:15:03+00:00 DEBUG (7): Starting Subscriber Opt-In process for store: Wholesale (2)
2015-03-24T01:21:54+00:00 DEBUG (7): No subscription status found in session.
2015-03-24T01:29:03+00:00 DEBUG (7): No subscription status found in session.
2015-03-24T01:30:03+00:00 DEBUG (7): Starting Subscriber Opt-In process for store: Admin (0)
2015-03-24T01:30:03+00:00 DEBUG (7): Starting Subscriber Opt-In process for store: International (3)
2015-03-24T01:30:03+00:00 DEBUG (7): Starting Subscriber Opt-In process for store: Retail (1)
2015-03-24T01:30:04+00:00 INFO (6):   Adding Contact to list: Bloomingbath.com
2015-03-24T01:30:04+00:00 INFO (6):   Setting Contact (alexis_fields7@hotmail.com) status to: active
2015-03-24T01:30:04+00:00 DEBUG (7): Starting Subscriber Opt-In process for store: Wholesale (2)
2015-03-24T01:45:02+00:00 DEBUG (7): Starting Subscriber Opt-In process for store: Admin (0)
2015-03-24T01:45:02+00:00 DEBUG (7): Starting Subscriber Opt-In process for store: International (3)
2015-03-24T01:45:02+00:00 DEBUG (7): Starting Subscriber Opt-In process for store: Retail (1)
2015-03-24T01:45:03+00:00 DEBUG (7): Starting Subscriber Opt-In process for store: Wholesale (2)
2015-03-24T02:00:02+00:00 DEBUG (7): Starting Subscriber Opt-In process for store: Admin (0)
2015-03-24T02:00:02+00:00 DEBUG (7): Starting Subscriber Opt-In process for store: International (3)
2015-03-24T02:00:02+00:00 DEBUG (7): Starting Subscriber Opt-In process for store: Retail (1)
2015-03-24T02:00:03+00:00 INFO (6):   Adding Contact to list: Bloomingbath.com
2015-03-24T02:00:03+00:00 INFO (6):   Setting Contact (irmalewis6478@gmail.com) status to: active
2015-03-24T02:00:04+00:00 INFO (6):   Adding Contact to list: Bloomingbath.com
2015-03-24T02:00:04+00:00 INFO (6):   Setting Contact (carjiv@yahoo.com) status to: active
2015-03-24T02:00:04+00:00 DEBUG (7): Starting Subscriber Opt-In process for store: Wholesale (2)
2015-03-24T02:15:02+00:00 DEBUG (7): Starting Subscriber Opt-In process for store: Admin (0)
2015-03-24T02:15:02+00:00 DEBUG (7): Starting Subscriber Opt-In process for store: International (3)
2015-03-24T02:15:02+00:00 DEBUG (7): Starting Subscriber Opt-In process for store: Retail (1)
2015-03-24T02:15:03+00:00 DEBUG (7): Starting Subscriber Opt-In process for store: Wholesale (2)
2015-03-24T02:15:18+00:00 DEBUG (7): No subscription status found in session.
2015-03-24T02:30:04+00:00 DEBUG (7): Starting Subscriber Opt-In process for store: Admin (0)
2015-03-24T02:30:04+00:00 DEBUG (7): Starting Subscriber Opt-In process for store: International (3)
2015-03-24T02:30:04+00:00 DEBUG (7): Starting Subscriber Opt-In process for store: Retail (1)
2015-03-24T02:30:04+00:00 DEBUG (7): Starting Subscriber Opt-In process for store: Wholesale (2)
2015-03-24T02:43:21+00:00 DEBUG (7): No subscription status found in session.
2015-03-24T02:45:05+00:00 DEBUG (7): Starting Subscriber Opt-In process for store: Admin (0)
2015-03-24T02:45:05+00:00 DEBUG (7): Starting Subscriber Opt-In process for store: International (3)
2015-03-24T02:45:05+00:00 DEBUG (7): Starting Subscriber Opt-In process for store: Retail (1)
2015-03-24T02:45:05+00:00 INFO (6):   Adding Contact to list: Bloomingbath.com
2015-03-24T02:45:05+00:00 INFO (6):   Setting Contact (michaiah5@gmail.com) status to: active
2015-03-24T02:45:05+00:00 DEBUG (7): Starting Subscriber Opt-In process for store: Wholesale (2)
2015-03-24T03:05:04+00:00 DEBUG (7): Starting Subscriber Opt-In process for store: Admin (0)
2015-03-24T03:05:04+00:00 DEBUG (7): Starting Subscriber Opt-In process for store: International (3)
2015-03-24T03:05:04+00:00 DEBUG (7): Starting Subscriber Opt-In process for store: Retail (1)
2015-03-24T03:05:04+00:00 DEBUG (7): Starting Subscriber Opt-In process for store: Wholesale (2)
2015-03-24T03:15:02+00:00 DEBUG (7): Starting Subscriber Opt-In process for store: Admin (0)
2015-03-24T03:15:02+00:00 DEBUG (7): Starting Subscriber Opt-In process for store: International (3)
2015-03-24T03:15:02+00:00 DEBUG (7): Starting Subscriber Opt-In process for store: Retail (1)
2015-03-24T03:15:03+00:00 INFO (6):   Adding Contact to list: Bloomingbath.com
2015-03-24T03:15:03+00:00 INFO (6):   Setting Contact (jaacneal4@yahoo.com) status to: active
2015-03-24T03:15:04+00:00 DEBUG (7): Starting Subscriber Opt-In process for store: Wholesale (2)
2015-03-24T03:30:03+00:00 DEBUG (7): Starting Subscriber Opt-In process for store: Admin (0)
2015-03-24T03:30:03+00:00 DEBUG (7): Starting Subscriber Opt-In process for store: International (3)
2015-03-24T03:30:03+00:00 DEBUG (7): Starting Subscriber Opt-In process for store: Retail (1)
2015-03-24T03:30:04+00:00 INFO (6):   Adding Contact to list: Bloomingbath.com
2015-03-24T03:30:04+00:00 INFO (6):   Setting Contact (ausbien@yahoo.com) status to: active
2015-03-24T03:30:04+00:00 DEBUG (7): Starting Subscriber Opt-In process for store: Wholesale (2)
2015-03-24T03:37:22+00:00 DEBUG (7): No subscription status found in session.
2015-03-24T03:45:04+00:00 DEBUG (7): Starting Subscriber Opt-In process for store: Admin (0)
2015-03-24T03:45:04+00:00 DEBUG (7): Starting Subscriber Opt-In process for store: International (3)
2015-03-24T03:45:04+00:00 DEBUG (7): Starting Subscriber Opt-In process for store: Retail (1)
2015-03-24T03:45:04+00:00 INFO (6):   Adding Contact to list: Bloomingbath.com
2015-03-24T03:45:04+00:00 INFO (6):   Setting Contact (minnie.constancio@yahoo.com) status to: active
2015-03-24T03:45:04+00:00 DEBUG (7): Starting Subscriber Opt-In process for store: Wholesale (2)
2015-03-24T04:00:02+00:00 DEBUG (7): Starting Subscriber Opt-In process for store: Admin (0)
2015-03-24T04:00:02+00:00 DEBUG (7): Starting Subscriber Opt-In process for store: International (3)
2015-03-24T04:00:02+00:00 DEBUG (7): Starting Subscriber Opt-In process for store: Retail (1)
2015-03-24T04:00:03+00:00 INFO (6):   Adding Contact to list: Bloomingbath.com
2015-03-24T04:00:03+00:00 INFO (6):   Setting Contact (kashifkhan@gmail.com) status to: active
2015-03-24T04:00:03+00:00 DEBUG (7): Starting Subscriber Opt-In process for store: Wholesale (2)
2015-03-24T04:15:42+00:00 DEBUG (7): Starting Subscriber Opt-In process for store: Admin (0)
2015-03-24T04:15:42+00:00 DEBUG (7): Starting Subscriber Opt-In process for store: International (3)
2015-03-24T04:15:42+00:00 DEBUG (7): Starting Subscriber Opt-In process for store: Retail (1)
2015-03-24T04:17:02+00:00 ERR (3): Failed to retrieve list: 98005 : SOAP-ERROR: Parsing WSDL: Couldn't load from 'https://api.bronto.com/v4?wsdl' : failed to load external entity "https://api.bronto.com/v4?wsdl"

2015-03-24T04:17:02+00:00 ERR (3): The list (0bce03ec000000000000000000000005e201) was not found. This may indicate that is does not exist. Try re-saving the config.
2015-03-24T04:17:02+00:00 DEBUG (7): Starting Subscriber Opt-In process for store: Wholesale (2)
2015-03-24T04:18:07+00:00 ERR (3): Failed to retrieve list: 98005 : SOAP-ERROR: Parsing WSDL: Couldn't load from 'https://api.bronto.com/v4?wsdl' : failed to load external entity "https://api.bronto.com/v4?wsdl"

2015-03-24T04:18:07+00:00 ERR (3): The list (0bce03ec000000000000000000000005f84f) was not found. This may indicate that is does not exist. Try re-saving the config.
2015-03-24T04:30:02+00:00 DEBUG (7): Starting Subscriber Opt-In process for store: Admin (0)
2015-03-24T04:30:02+00:00 DEBUG (7): Starting Subscriber Opt-In process for store: International (3)
2015-03-24T04:30:02+00:00 DEBUG (7): Starting Subscriber Opt-In process for store: Retail (1)
2015-03-24T04:30:04+00:00 DEBUG (7): Starting Subscriber Opt-In process for store: Wholesale (2)
2015-03-24T04:45:15+00:00 DEBUG (7): Starting Subscriber Opt-In process for store: Admin (0)
2015-03-24T04:45:15+00:00 DEBUG (7): Starting Subscriber Opt-In process for store: International (3)
2015-03-24T04:45:15+00:00 DEBUG (7): Starting Subscriber Opt-In process for store: Retail (1)
2015-03-24T04:45:16+00:00 DEBUG (7): Starting Subscriber Opt-In process for store: Wholesale (2)
2015-03-24T04:57:28+00:00 DEBUG (7): No subscription status found in session.
2015-03-24T05:00:03+00:00 DEBUG (7): Starting Subscriber Opt-In process for store: Admin (0)
2015-03-24T05:00:03+00:00 DEBUG (7): Starting Subscriber Opt-In process for store: International (3)
2015-03-24T05:00:03+00:00 DEBUG (7): Starting Subscriber Opt-In process for store: Retail (1)
2015-03-24T05:00:04+00:00 DEBUG (7): Starting Subscriber Opt-In process for store: Wholesale (2)
2015-03-24T05:15:04+00:00 DEBUG (7): Starting Subscriber Opt-In process for store: Admin (0)
2015-03-24T05:15:04+00:00 DEBUG (7): Starting Subscriber Opt-In process for store: International (3)
2015-03-24T05:15:04+00:00 DEBUG (7): Starting Subscriber Opt-In process for store: Retail (1)
2015-03-24T05:15:26+00:00 DEBUG (7): Starting Subscriber Opt-In process for store: Wholesale (2)
2015-03-24T05:30:07+00:00 DEBUG (7): Starting Subscriber Opt-In process for store: Admin (0)
2015-03-24T05:30:07+00:00 DEBUG (7): Starting Subscriber Opt-In process for store: International (3)
2015-03-24T05:30:07+00:00 DEBUG (7): Starting Subscriber Opt-In process for store: Retail (1)
2015-03-24T05:30:08+00:00 DEBUG (7): Starting Subscriber Opt-In process for store: Wholesale (2)
2015-03-24T05:45:02+00:00 DEBUG (7): Starting Subscriber Opt-In process for store: Admin (0)
2015-03-24T05:45:02+00:00 DEBUG (7): Starting Subscriber Opt-In process for store: International (3)
2015-03-24T05:45:02+00:00 DEBUG (7): Starting Subscriber Opt-In process for store: Retail (1)
2015-03-24T05:45:03+00:00 DEBUG (7): Starting Subscriber Opt-In process for store: Wholesale (2)
2015-03-24T06:00:02+00:00 DEBUG (7): Starting Subscriber Opt-In process for store: Admin (0)
2015-03-24T06:00:02+00:00 DEBUG (7): Starting Subscriber Opt-In process for store: International (3)
2015-03-24T06:00:02+00:00 DEBUG (7): Starting Subscriber Opt-In process for store: Retail (1)
2015-03-24T06:00:04+00:00 INFO (6):   Adding Contact to list: Bloomingbath.com
2015-03-24T06:00:04+00:00 INFO (6):   Setting Contact (nicole.b.sim@gmail.com) status to: active
2015-03-24T06:00:04+00:00 DEBUG (7): Starting Subscriber Opt-In process for store: Wholesale (2)
2015-03-24T06:15:02+00:00 DEBUG (7): Starting Subscriber Opt-In process for store: Admin (0)
2015-03-24T06:15:02+00:00 DEBUG (7): Starting Subscriber Opt-In process for store: International (3)
2015-03-24T06:15:02+00:00 DEBUG (7): Starting Subscriber Opt-In process for store: Retail (1)
2015-03-24T06:15:03+00:00 DEBUG (7): Starting Subscriber Opt-In process for store: Wholesale (2)
2015-03-24T06:30:02+00:00 DEBUG (7): Starting Subscriber Opt-In process for store: Admin (0)
2015-03-24T06:30:02+00:00 DEBUG (7): Starting Subscriber Opt-In process for store: International (3)
2015-03-24T06:30:02+00:00 DEBUG (7): Starting Subscriber Opt-In process for store: Retail (1)
2015-03-24T06:30:04+00:00 DEBUG (7): Starting Subscriber Opt-In process for store: Wholesale (2)
2015-03-24T06:45:02+00:00 DEBUG (7): Starting Subscriber Opt-In process for store: Admin (0)
2015-03-24T06:45:02+00:00 DEBUG (7): Starting Subscriber Opt-In process for store: International (3)
2015-03-24T06:45:02+00:00 DEBUG (7): Starting Subscriber Opt-In process for store: Retail (1)
2015-03-24T06:45:03+00:00 DEBUG (7): Starting Subscriber Opt-In process for store: Wholesale (2)
2015-03-24T07:05:11+00:00 DEBUG (7): Starting Subscriber Opt-In process for store: Admin (0)
2015-03-24T07:05:11+00:00 DEBUG (7): Starting Subscriber Opt-In process for store: International (3)
2015-03-24T07:05:11+00:00 DEBUG (7): Starting Subscriber Opt-In process for store: Retail (1)
2015-03-24T07:05:11+00:00 DEBUG (7): Starting Subscriber Opt-In process for store: Wholesale (2)
2015-03-24T07:15:02+00:00 DEBUG (7): Starting Subscriber Opt-In process for store: Admin (0)
2015-03-24T07:15:02+00:00 DEBUG (7): Starting Subscriber Opt-In process for store: International (3)
2015-03-24T07:15:02+00:00 DEBUG (7): Starting Subscriber Opt-In process for store: Retail (1)
2015-03-24T07:15:03+00:00 DEBUG (7): Starting Subscriber Opt-In process for store: Wholesale (2)
2015-03-24T07:35:02+00:00 DEBUG (7): Starting Subscriber Opt-In process for store: Admin (0)
2015-03-24T07:35:02+00:00 DEBUG (7): Starting Subscriber Opt-In process for store: International (3)
2015-03-24T07:35:02+00:00 DEBUG (7): Starting Subscriber Opt-In process for store: Retail (1)
2015-03-24T07:35:03+00:00 DEBUG (7): Starting Subscriber Opt-In process for store: Wholesale (2)
2015-03-24T07:45:02+00:00 DEBUG (7): Starting Subscriber Opt-In process for store: Admin (0)
2015-03-24T07:45:02+00:00 DEBUG (7): Starting Subscriber Opt-In process for store: International (3)
2015-03-24T07:45:02+00:00 DEBUG (7): Starting Subscriber Opt-In process for store: Retail (1)
2015-03-24T07:45:03+00:00 DEBUG (7): Starting Subscriber Opt-In process for store: Wholesale (2)
2015-03-24T08:00:29+00:00 DEBUG (7): Starting Subscriber Opt-In process for store: Admin (0)
2015-03-24T08:00:29+00:00 DEBUG (7): Starting Subscriber Opt-In process for store: International (3)
2015-03-24T08:00:29+00:00 DEBUG (7): Starting Subscriber Opt-In process for store: Retail (1)
2015-03-24T08:00:30+00:00 DEBUG (7): Starting Subscriber Opt-In process for store: Wholesale (2)
2015-03-24T08:15:02+00:00 DEBUG (7): Starting Subscriber Opt-In process for store: Admin (0)
2015-03-24T08:15:02+00:00 DEBUG (7): Starting Subscriber Opt-In process for store: International (3)
2015-03-24T08:15:02+00:00 DEBUG (7): Starting Subscriber Opt-In process for store: Retail (1)
2015-03-24T08:15:03+00:00 DEBUG (7): Starting Subscriber Opt-In process for store: Wholesale (2)
2015-03-24T08:30:02+00:00 DEBUG (7): Starting Subscriber Opt-In process for store: Admin (0)
2015-03-24T08:30:02+00:00 DEBUG (7): Starting Subscriber Opt-In process for store: International (3)
2015-03-24T08:30:02+00:00 DEBUG (7): Starting Subscriber Opt-In process for store: Retail (1)
2015-03-24T08:30:03+00:00 DEBUG (7): Starting Subscriber Opt-In process for store: Wholesale (2)
2015-03-24T08:45:02+00:00 DEBUG (7): Starting Subscriber Opt-In process for store: Admin (0)
2015-03-24T08:45:02+00:00 DEBUG (7): Starting Subscriber Opt-In process for store: International (3)
2015-03-24T08:45:02+00:00 DEBUG (7): Starting Subscriber Opt-In process for store: Retail (1)
2015-03-24T08:45:03+00:00 DEBUG (7): Starting Subscriber Opt-In process for store: Wholesale (2)
2015-03-24T09:00:07+00:00 DEBUG (7): Starting Subscriber Opt-In process for store: Admin (0)
2015-03-24T09:00:07+00:00 DEBUG (7): Starting Subscriber Opt-In process for store: International (3)
2015-03-24T09:00:07+00:00 DEBUG (7): Starting Subscriber Opt-In process for store: Retail (1)
2015-03-24T09:00:08+00:00 DEBUG (7): Starting Subscriber Opt-In process for store: Wholesale (2)
2015-03-24T09:15:02+00:00 DEBUG (7): Starting Subscriber Opt-In process for store: Admin (0)
2015-03-24T09:15:02+00:00 DEBUG (7): Starting Subscriber Opt-In process for store: International (3)
2015-03-24T09:15:02+00:00 DEBUG (7): Starting Subscriber Opt-In process for store: Retail (1)
2015-03-24T09:15:03+00:00 DEBUG (7): Starting Subscriber Opt-In process for store: Wholesale (2)
2015-03-24T09:30:03+00:00 DEBUG (7): Starting Subscriber Opt-In process for store: Admin (0)
2015-03-24T09:30:03+00:00 DEBUG (7): Starting Subscriber Opt-In process for store: International (3)
2015-03-24T09:30:03+00:00 DEBUG (7): Starting Subscriber Opt-In process for store: Retail (1)
2015-03-24T09:30:03+00:00 DEBUG (7): Starting Subscriber Opt-In process for store: Wholesale (2)
2015-03-24T09:45:02+00:00 DEBUG (7): Starting Subscriber Opt-In process for store: Admin (0)
2015-03-24T09:45:02+00:00 DEBUG (7): Starting Subscriber Opt-In process for store: International (3)
2015-03-24T09:45:02+00:00 DEBUG (7): Starting Subscriber Opt-In process for store: Retail (1)
2015-03-24T09:45:03+00:00 DEBUG (7): Starting Subscriber Opt-In process for store: Wholesale (2)
2015-03-24T10:00:02+00:00 DEBUG (7): Starting Subscriber Opt-In process for store: Admin (0)
2015-03-24T10:00:02+00:00 DEBUG (7): Starting Subscriber Opt-In process for store: International (3)
2015-03-24T10:00:02+00:00 DEBUG (7): Starting Subscriber Opt-In process for store: Retail (1)
2015-03-24T10:00:03+00:00 DEBUG (7): Starting Subscriber Opt-In process for store: Wholesale (2)
2015-03-24T10:15:02+00:00 DEBUG (7): Starting Subscriber Opt-In process for store: Admin (0)
2015-03-24T10:15:02+00:00 DEBUG (7): Starting Subscriber Opt-In process for store: International (3)
2015-03-24T10:15:02+00:00 DEBUG (7): Starting Subscriber Opt-In process for store: Retail (1)
2015-03-24T10:15:03+00:00 DEBUG (7): Starting Subscriber Opt-In process for store: Wholesale (2)
2015-03-24T10:35:02+00:00 DEBUG (7): Starting Subscriber Opt-In process for store: Admin (0)
2015-03-24T10:35:02+00:00 DEBUG (7): Starting Subscriber Opt-In process for store: International (3)
2015-03-24T10:35:02+00:00 DEBUG (7): Starting Subscriber Opt-In process for store: Retail (1)
2015-03-24T10:35:03+00:00 DEBUG (7): Starting Subscriber Opt-In process for store: Wholesale (2)
2015-03-24T10:45:02+00:00 DEBUG (7): Starting Subscriber Opt-In process for store: Admin (0)
2015-03-24T10:45:02+00:00 DEBUG (7): Starting Subscriber Opt-In process for store: International (3)
2015-03-24T10:45:02+00:00 DEBUG (7): Starting Subscriber Opt-In process for store: Retail (1)
2015-03-24T10:45:02+00:00 DEBUG (7): Starting Subscriber Opt-In process for store: Wholesale (2)
2015-03-24T11:00:03+00:00 DEBUG (7): Starting Subscriber Opt-In process for store: Admin (0)
2015-03-24T11:00:03+00:00 DEBUG (7): Starting Subscriber Opt-In process for store: International (3)
2015-03-24T11:00:03+00:00 DEBUG (7): Starting Subscriber Opt-In process for store: Retail (1)
2015-03-24T11:00:03+00:00 DEBUG (7): Starting Subscriber Opt-In process for store: Wholesale (2)
2015-03-24T11:15:02+00:00 DEBUG (7): Starting Subscriber Opt-In process for store: Admin (0)
2015-03-24T11:15:02+00:00 DEBUG (7): Starting Subscriber Opt-In process for store: International (3)
2015-03-24T11:15:02+00:00 DEBUG (7): Starting Subscriber Opt-In process for store: Retail (1)
2015-03-24T11:15:03+00:00 DEBUG (7): Starting Subscriber Opt-In process for store: Wholesale (2)
2015-03-24T11:30:02+00:00 DEBUG (7): Starting Subscriber Opt-In process for store: Admin (0)
2015-03-24T11:30:02+00:00 DEBUG (7): Starting Subscriber Opt-In process for store: International (3)
2015-03-24T11:30:02+00:00 DEBUG (7): Starting Subscriber Opt-In process for store: Retail (1)
2015-03-24T11:30:03+00:00 INFO (6):   Adding Contact to list: Bloomingbath.com
2015-03-24T11:30:03+00:00 INFO (6):   Setting Contact (sfsadfsaf322341@hotmail.com) status to: active
2015-03-24T11:30:03+00:00 DEBUG (7): Starting Subscriber Opt-In process for store: Wholesale (2)
2015-03-24T11:45:03+00:00 DEBUG (7): Starting Subscriber Opt-In process for store: Admin (0)
2015-03-24T11:45:03+00:00 DEBUG (7): Starting Subscriber Opt-In process for store: International (3)
2015-03-24T11:45:03+00:00 DEBUG (7): Starting Subscriber Opt-In process for store: Retail (1)
2015-03-24T11:45:03+00:00 DEBUG (7): Starting Subscriber Opt-In process for store: Wholesale (2)
2015-03-24T12:00:04+00:00 DEBUG (7): Starting Subscriber Opt-In process for store: Admin (0)
2015-03-24T12:00:04+00:00 DEBUG (7): Starting Subscriber Opt-In process for store: International (3)
2015-03-24T12:00:04+00:00 DEBUG (7): Starting Subscriber Opt-In process for store: Retail (1)
2015-03-24T12:00:05+00:00 DEBUG (7): Starting Subscriber Opt-In process for store: Wholesale (2)
2015-03-24T12:15:02+00:00 DEBUG (7): Starting Subscriber Opt-In process for store: Admin (0)
2015-03-24T12:15:02+00:00 DEBUG (7): Starting Subscriber Opt-In process for store: International (3)
2015-03-24T12:15:02+00:00 DEBUG (7): Starting Subscriber Opt-In process for store: Retail (1)
2015-03-24T12:15:03+00:00 DEBUG (7): Starting Subscriber Opt-In process for store: Wholesale (2)
2015-03-24T12:30:02+00:00 DEBUG (7): Starting Subscriber Opt-In process for store: Admin (0)
2015-03-24T12:30:02+00:00 DEBUG (7): Starting Subscriber Opt-In process for store: International (3)
2015-03-24T12:30:02+00:00 DEBUG (7): Starting Subscriber Opt-In process for store: Retail (1)
2015-03-24T12:30:03+00:00 DEBUG (7): Starting Subscriber Opt-In process for store: Wholesale (2)
2015-03-24T12:45:02+00:00 DEBUG (7): Starting Subscriber Opt-In process for store: Admin (0)
2015-03-24T12:45:02+00:00 DEBUG (7): Starting Subscriber Opt-In process for store: International (3)
2015-03-24T12:45:02+00:00 DEBUG (7): Starting Subscriber Opt-In process for store: Retail (1)
2015-03-24T12:45:03+00:00 INFO (6):   Adding Contact to list: Bloomingbath.com
2015-03-24T12:45:03+00:00 INFO (6):   Setting Contact (kristinemegan1120@gmail.com) status to: active
2015-03-24T12:45:04+00:00 DEBUG (7): Starting Subscriber Opt-In process for store: Wholesale (2)
2015-03-24T13:05:05+00:00 DEBUG (7): Starting Subscriber Opt-In process for store: Admin (0)
2015-03-24T13:05:05+00:00 DEBUG (7): Starting Subscriber Opt-In process for store: International (3)
2015-03-24T13:05:05+00:00 DEBUG (7): Starting Subscriber Opt-In process for store: Retail (1)
2015-03-24T13:05:05+00:00 DEBUG (7): Starting Subscriber Opt-In process for store: Wholesale (2)
2015-03-24T13:15:02+00:00 DEBUG (7): Starting Subscriber Opt-In process for store: Admin (0)
2015-03-24T13:15:02+00:00 DEBUG (7): Starting Subscriber Opt-In process for store: International (3)
2015-03-24T13:15:02+00:00 DEBUG (7): Starting Subscriber Opt-In process for store: Retail (1)
2015-03-24T13:15:03+00:00 DEBUG (7): Starting Subscriber Opt-In process for store: Wholesale (2)
2015-03-24T13:30:04+00:00 DEBUG (7): Starting Subscriber Opt-In process for store: Admin (0)
2015-03-24T13:30:04+00:00 DEBUG (7): Starting Subscriber Opt-In process for store: International (3)
2015-03-24T13:30:04+00:00 DEBUG (7): Starting Subscriber Opt-In process for store: Retail (1)
2015-03-24T13:30:04+00:00 DEBUG (7): Starting Subscriber Opt-In process for store: Wholesale (2)
2015-03-24T13:45:02+00:00 DEBUG (7): Starting Subscriber Opt-In process for store: Admin (0)
2015-03-24T13:45:02+00:00 DEBUG (7): Starting Subscriber Opt-In process for store: International (3)
2015-03-24T13:45:02+00:00 DEBUG (7): Starting Subscriber Opt-In process for store: Retail (1)
2015-03-24T13:45:03+00:00 DEBUG (7): Starting Subscriber Opt-In process for store: Wholesale (2)
2015-03-24T13:48:14+00:00 DEBUG (7): No subscription status found in session.
2015-03-24T14:00:05+00:00 DEBUG (7): Starting Subscriber Opt-In process for store: Admin (0)
2015-03-24T14:00:05+00:00 DEBUG (7): Starting Subscriber Opt-In process for store: International (3)
2015-03-24T14:00:05+00:00 DEBUG (7): Starting Subscriber Opt-In process for store: Retail (1)
2015-03-24T14:00:05+00:00 INFO (6):   Adding Contact to list: Bloomingbath.com
2015-03-24T14:00:05+00:00 INFO (6):   Setting Contact (preese201@gmail.com) status to: active
2015-03-24T14:00:05+00:00 INFO (6):   Adding Contact to list: Bloomingbath.com
2015-03-24T14:00:05+00:00 INFO (6):   Setting Contact (ichoosethenarrowpath@gmail.com) status to: active
2015-03-24T14:00:05+00:00 DEBUG (7): Starting Subscriber Opt-In process for store: Wholesale (2)
2015-03-24T14:15:02+00:00 DEBUG (7): Starting Subscriber Opt-In process for store: Admin (0)
2015-03-24T14:15:02+00:00 DEBUG (7): Starting Subscriber Opt-In process for store: International (3)
2015-03-24T14:15:02+00:00 DEBUG (7): Starting Subscriber Opt-In process for store: Retail (1)
2015-03-24T14:15:03+00:00 INFO (6):   Adding Contact to list: Bloomingbath.com
2015-03-24T14:15:03+00:00 INFO (6):   Setting Contact (saspears24@yahoo.com) status to: active
2015-03-24T14:15:03+00:00 DEBUG (7): Starting Subscriber Opt-In process for store: Wholesale (2)
2015-03-24T14:30:02+00:00 DEBUG (7): Starting Subscriber Opt-In process for store: Admin (0)
2015-03-24T14:30:02+00:00 DEBUG (7): Starting Subscriber Opt-In process for store: International (3)
2015-03-24T14:30:02+00:00 DEBUG (7): Starting Subscriber Opt-In process for store: Retail (1)
2015-03-24T14:30:03+00:00 DEBUG (7): Starting Subscriber Opt-In process for store: Wholesale (2)
2015-03-24T14:50:02+00:00 DEBUG (7): Starting Subscriber Opt-In process for store: Admin (0)
2015-03-24T14:50:02+00:00 DEBUG (7): Starting Subscriber Opt-In process for store: International (3)
2015-03-24T14:50:02+00:00 DEBUG (7): Starting Subscriber Opt-In process for store: Retail (1)
2015-03-24T14:50:03+00:00 DEBUG (7): Starting Subscriber Opt-In process for store: Wholesale (2)
2015-03-24T15:00:03+00:00 DEBUG (7): Starting Subscriber Opt-In process for store: Admin (0)
2015-03-24T15:00:03+00:00 DEBUG (7): Starting Subscriber Opt-In process for store: International (3)
2015-03-24T15:00:03+00:00 DEBUG (7): Starting Subscriber Opt-In process for store: Retail (1)
2015-03-24T15:00:04+00:00 INFO (6):   Adding Contact to list: Bloomingbath.com
2015-03-24T15:00:04+00:00 INFO (6):   Setting Contact (lsikkink@gmail.com) status to: active
2015-03-24T15:00:04+00:00 DEBUG (7): Starting Subscriber Opt-In process for store: Wholesale (2)
2015-03-24T15:15:02+00:00 DEBUG (7): Starting Subscriber Opt-In process for store: Admin (0)
2015-03-24T15:15:02+00:00 DEBUG (7): Starting Subscriber Opt-In process for store: International (3)
2015-03-24T15:15:02+00:00 DEBUG (7): Starting Subscriber Opt-In process for store: Retail (1)
2015-03-24T15:15:03+00:00 DEBUG (7): Starting Subscriber Opt-In process for store: Wholesale (2)
2015-03-24T15:18:07+00:00 DEBUG (7): No subscription status found in session.
2015-03-24T15:19:02+00:00 DEBUG (7): No subscription status found in session.
2015-03-24T15:30:04+00:00 DEBUG (7): Starting Subscriber Opt-In process for store: Admin (0)
2015-03-24T15:30:04+00:00 DEBUG (7): Starting Subscriber Opt-In process for store: International (3)
2015-03-24T15:30:04+00:00 DEBUG (7): Starting Subscriber Opt-In process for store: Retail (1)
2015-03-24T15:30:05+00:00 INFO (6):   Adding Contact to list: Bloomingbath.com
2015-03-24T15:30:05+00:00 INFO (6):   Setting Contact (hmumma@gmail.com) status to: active
2015-03-24T15:30:05+00:00 DEBUG (7): Starting Subscriber Opt-In process for store: Wholesale (2)
2015-03-24T15:45:20+00:00 DEBUG (7): Starting Subscriber Opt-In process for store: Admin (0)
2015-03-24T15:45:20+00:00 DEBUG (7): Starting Subscriber Opt-In process for store: International (3)
2015-03-24T15:45:20+00:00 DEBUG (7): Starting Subscriber Opt-In process for store: Retail (1)
2015-03-24T15:45:20+00:00 DEBUG (7): Starting Subscriber Opt-In process for store: Wholesale (2)
2015-03-24T16:00:04+00:00 DEBUG (7): Starting Subscriber Opt-In process for store: Admin (0)
2015-03-24T16:00:04+00:00 DEBUG (7): Starting Subscriber Opt-In process for store: International (3)
2015-03-24T16:00:04+00:00 DEBUG (7): Starting Subscriber Opt-In process for store: Retail (1)
2015-03-24T16:00:04+00:00 DEBUG (7): Starting Subscriber Opt-In process for store: Wholesale (2)
2015-03-24T16:08:07+00:00 DEBUG (7): No subscription status found in session.
2015-03-24T16:15:05+00:00 DEBUG (7): Starting Subscriber Opt-In process for store: Admin (0)
2015-03-24T16:15:05+00:00 DEBUG (7): Starting Subscriber Opt-In process for store: International (3)
2015-03-24T16:15:05+00:00 DEBUG (7): Starting Subscriber Opt-In process for store: Retail (1)
2015-03-24T16:15:05+00:00 INFO (6):   Adding Contact to list: Bloomingbath.com
2015-03-24T16:15:06+00:00 INFO (6):   Setting Contact (ltawj@hotmail.com) status to: active
2015-03-24T16:15:06+00:00 INFO (6):   Adding Contact to list: Bloomingbath.com
2015-03-24T16:15:06+00:00 INFO (6):   Setting Contact (cnsegaar@gmail.com) status to: active
2015-03-24T16:15:06+00:00 DEBUG (7): Starting Subscriber Opt-In process for store: Wholesale (2)
2015-03-24T16:35:05+00:00 DEBUG (7): Starting Subscriber Opt-In process for store: Admin (0)
2015-03-24T16:35:05+00:00 DEBUG (7): Starting Subscriber Opt-In process for store: International (3)
2015-03-24T16:35:05+00:00 DEBUG (7): Starting Subscriber Opt-In process for store: Retail (1)
2015-03-24T16:35:05+00:00 INFO (6):   Adding Contact to list: Bloomingbath.com
2015-03-24T16:35:05+00:00 INFO (6):   Setting Contact (prost.ludivine@gmail.com) status to: active
2015-03-24T16:35:06+00:00 DEBUG (7): Starting Subscriber Opt-In process for store: Wholesale (2)
2015-03-24T16:35:27+00:00 DEBUG (7): No subscription status found in session.
2015-03-24T16:45:10+00:00 DEBUG (7): Starting Subscriber Opt-In process for store: Admin (0)
2015-03-24T16:45:10+00:00 DEBUG (7): Starting Subscriber Opt-In process for store: International (3)
2015-03-24T16:45:10+00:00 DEBUG (7): Starting Subscriber Opt-In process for store: Retail (1)
2015-03-24T16:45:10+00:00 DEBUG (7): Starting Subscriber Opt-In process for store: Wholesale (2)
2015-03-24T17:00:06+00:00 DEBUG (7): Starting Subscriber Opt-In process for store: Admin (0)
2015-03-24T17:00:06+00:00 DEBUG (7): Starting Subscriber Opt-In process for store: International (3)
2015-03-24T17:00:06+00:00 DEBUG (7): Starting Subscriber Opt-In process for store: Retail (1)
2015-03-24T17:00:07+00:00 INFO (6):   Adding Contact to list: Bloomingbath.com
2015-03-24T17:00:07+00:00 INFO (6):   Setting Contact (tiffamarie@gmail.com) status to: active
2015-03-24T17:00:07+00:00 DEBUG (7): Starting Subscriber Opt-In process for store: Wholesale (2)
2015-03-24T17:15:06+00:00 DEBUG (7): Starting Subscriber Opt-In process for store: Admin (0)
2015-03-24T17:15:06+00:00 DEBUG (7): Starting Subscriber Opt-In process for store: International (3)
2015-03-24T17:15:06+00:00 DEBUG (7): Starting Subscriber Opt-In process for store: Retail (1)
2015-03-24T17:15:06+00:00 INFO (6):   Adding Contact to list: Bloomingbath.com
2015-03-24T17:15:06+00:00 INFO (6):   Setting Contact (elisabet2002@mail.ru) status to: active
2015-03-24T17:15:06+00:00 DEBUG (7): Starting Subscriber Opt-In process for store: Wholesale (2)
2015-03-24T17:30:07+00:00 DEBUG (7): No subscription status found in session.
2015-03-24T17:30:07+00:00 DEBUG (7): Starting Subscriber Opt-In process for store: Admin (0)
2015-03-24T17:30:07+00:00 DEBUG (7): Starting Subscriber Opt-In process for store: International (3)
2015-03-24T17:30:07+00:00 DEBUG (7): Starting Subscriber Opt-In process for store: Retail (1)
2015-03-24T17:30:08+00:00 DEBUG (7): Starting Subscriber Opt-In process for store: Wholesale (2)
2015-03-24T17:50:04+00:00 DEBUG (7): Starting Subscriber Opt-In process for store: Admin (0)
2015-03-24T17:50:04+00:00 DEBUG (7): Starting Subscriber Opt-In process for store: International (3)
2015-03-24T17:50:04+00:00 DEBUG (7): Starting Subscriber Opt-In process for store: Retail (1)
2015-03-24T17:50:04+00:00 INFO (6):   Adding Contact to list: Bloomingbath.com
2015-03-24T17:50:04+00:00 INFO (6):   Setting Contact (fatima_1898@hotmail.co.uk) status to: active
2015-03-24T17:50:05+00:00 DEBUG (7): Starting Subscriber Opt-In process for store: Wholesale (2)
2015-03-24T18:00:12+00:00 DEBUG (7): Starting Subscriber Opt-In process for store: Admin (0)
2015-03-24T18:00:12+00:00 DEBUG (7): Starting Subscriber Opt-In process for store: International (3)
2015-03-24T18:00:12+00:00 DEBUG (7): Starting Subscriber Opt-In process for store: Retail (1)
2015-03-24T18:00:12+00:00 INFO (6):   Adding Contact to list: Bloomingbath.com
2015-03-24T18:00:12+00:00 INFO (6):   Setting Contact (t.b.reeves@hotmail.com) status to: active
2015-03-24T18:00:12+00:00 DEBUG (7): Starting Subscriber Opt-In process for store: Wholesale (2)
2015-03-24T18:15:05+00:00 DEBUG (7): Starting Subscriber Opt-In process for store: Admin (0)
2015-03-24T18:15:05+00:00 DEBUG (7): Starting Subscriber Opt-In process for store: International (3)
2015-03-24T18:15:05+00:00 DEBUG (7): Starting Subscriber Opt-In process for store: Retail (1)
2015-03-24T18:15:05+00:00 DEBUG (7): Starting Subscriber Opt-In process for store: Wholesale (2)
2015-03-24T18:30:18+00:00 DEBUG (7): Starting Subscriber Opt-In process for store: Admin (0)
2015-03-24T18:30:18+00:00 DEBUG (7): Starting Subscriber Opt-In process for store: International (3)
2015-03-24T18:30:18+00:00 DEBUG (7): Starting Subscriber Opt-In process for store: Retail (1)
2015-03-24T18:30:18+00:00 INFO (6):   Adding Contact to list: Bloomingbath.com
2015-03-24T18:30:18+00:00 INFO (6):   Setting Contact (mz_lady06@yahoo.com) status to: active
2015-03-24T18:30:19+00:00 INFO (6):   Adding Contact to list: Bloomingbath.com
2015-03-24T18:30:19+00:00 INFO (6):   Setting Contact (lulu-luleta@hotmail.com) status to: active
2015-03-24T18:30:19+00:00 DEBUG (7): Starting Subscriber Opt-In process for store: Wholesale (2)
2015-03-24T18:45:23+00:00 DEBUG (7): Starting Subscriber Opt-In process for store: Admin (0)
2015-03-24T18:45:23+00:00 DEBUG (7): Starting Subscriber Opt-In process for store: International (3)
2015-03-24T18:45:23+00:00 DEBUG (7): Starting Subscriber Opt-In process for store: Retail (1)
2015-03-24T18:45:23+00:00 INFO (6):   Adding Contact to list: Bloomingbath.com
2015-03-24T18:45:23+00:00 INFO (6):   Setting Contact (sophieluckhurst1990@hotmail.co.uk) status to: active
2015-03-24T18:45:23+00:00 DEBUG (7): Starting Subscriber Opt-In process for store: Wholesale (2)
2015-03-24T19:00:13+00:00 DEBUG (7): Starting Subscriber Opt-In process for store: Admin (0)
2015-03-24T19:00:14+00:00 DEBUG (7): Starting Subscriber Opt-In process for store: International (3)
2015-03-24T19:00:14+00:00 DEBUG (7): Starting Subscriber Opt-In process for store: Retail (1)
2015-03-24T19:00:14+00:00 DEBUG (7): Starting Subscriber Opt-In process for store: Wholesale (2)
2015-03-24T19:15:02+00:00 DEBUG (7): Starting Subscriber Opt-In process for store: Admin (0)
2015-03-24T19:15:02+00:00 DEBUG (7): Starting Subscriber Opt-In process for store: International (3)
2015-03-24T19:15:02+00:00 DEBUG (7): Starting Subscriber Opt-In process for store: Retail (1)
2015-03-24T19:15:03+00:00 DEBUG (7): Starting Subscriber Opt-In process for store: Wholesale (2)
2015-03-24T19:30:04+00:00 DEBUG (7): Starting Subscriber Opt-In process for store: Admin (0)
2015-03-24T19:30:04+00:00 DEBUG (7): Starting Subscriber Opt-In process for store: International (3)
2015-03-24T19:30:04+00:00 DEBUG (7): Starting Subscriber Opt-In process for store: Retail (1)
2015-03-24T19:30:04+00:00 DEBUG (7): Starting Subscriber Opt-In process for store: Wholesale (2)
2015-03-24T19:45:02+00:00 DEBUG (7): Starting Subscriber Opt-In process for store: Admin (0)
2015-03-24T19:45:02+00:00 DEBUG (7): Starting Subscriber Opt-In process for store: International (3)
2015-03-24T19:45:02+00:00 DEBUG (7): Starting Subscriber Opt-In process for store: Retail (1)
2015-03-24T19:45:03+00:00 DEBUG (7): Starting Subscriber Opt-In process for store: Wholesale (2)
2015-03-24T19:55:17+00:00 DEBUG (7): No subscription status found in session.
2015-03-24T20:00:04+00:00 DEBUG (7): Starting Subscriber Opt-In process for store: Admin (0)
2015-03-24T20:00:04+00:00 DEBUG (7): Starting Subscriber Opt-In process for store: International (3)
2015-03-24T20:00:04+00:00 DEBUG (7): Starting Subscriber Opt-In process for store: Retail (1)
2015-03-24T20:00:04+00:00 INFO (6):   Adding Contact to list: Bloomingbath.com
2015-03-24T20:00:04+00:00 INFO (6):   Setting Contact (stakash@wvtiredisposal.com) status to: active
2015-03-24T20:00:04+00:00 DEBUG (7): Starting Subscriber Opt-In process for store: Wholesale (2)
2015-03-24T20:15:04+00:00 DEBUG (7): Starting Subscriber Opt-In process for store: Admin (0)
2015-03-24T20:15:04+00:00 DEBUG (7): Starting Subscriber Opt-In process for store: International (3)
2015-03-24T20:15:04+00:00 DEBUG (7): Starting Subscriber Opt-In process for store: Retail (1)
2015-03-24T20:15:04+00:00 DEBUG (7): Starting Subscriber Opt-In process for store: Wholesale (2)
2015-03-24T20:30:02+00:00 DEBUG (7): Starting Subscriber Opt-In process for store: Admin (0)
2015-03-24T20:30:02+00:00 DEBUG (7): Starting Subscriber Opt-In process for store: International (3)
2015-03-24T20:30:02+00:00 DEBUG (7): Starting Subscriber Opt-In process for store: Retail (1)
2015-03-24T20:30:03+00:00 DEBUG (7): Starting Subscriber Opt-In process for store: Wholesale (2)
2015-03-24T20:45:02+00:00 DEBUG (7): Starting Subscriber Opt-In process for store: Admin (0)
2015-03-24T20:45:02+00:00 DEBUG (7): Starting Subscriber Opt-In process for store: International (3)
2015-03-24T20:45:02+00:00 DEBUG (7): Starting Subscriber Opt-In process for store: Retail (1)
2015-03-24T20:45:03+00:00 DEBUG (7): Starting Subscriber Opt-In process for store: Wholesale (2)
2015-03-24T20:50:28+00:00 DEBUG (7): No subscription status found in session.
2015-03-24T21:05:04+00:00 DEBUG (7): Starting Subscriber Opt-In process for store: Admin (0)
2015-03-24T21:05:04+00:00 DEBUG (7): Starting Subscriber Opt-In process for store: International (3)
2015-03-24T21:05:04+00:00 DEBUG (7): Starting Subscriber Opt-In process for store: Retail (1)
2015-03-24T21:05:04+00:00 DEBUG (7): Starting Subscriber Opt-In process for store: Wholesale (2)
2015-03-24T21:15:02+00:00 DEBUG (7): Starting Subscriber Opt-In process for store: Admin (0)
2015-03-24T21:15:02+00:00 DEBUG (7): Starting Subscriber Opt-In process for store: International (3)
2015-03-24T21:15:02+00:00 DEBUG (7): Starting Subscriber Opt-In process for store: Retail (1)
2015-03-24T21:15:03+00:00 DEBUG (7): Starting Subscriber Opt-In process for store: Wholesale (2)
2015-03-24T21:30:16+00:00 DEBUG (7): Starting Subscriber Opt-In process for store: Admin (0)
2015-03-24T21:30:16+00:00 DEBUG (7): Starting Subscriber Opt-In process for store: International (3)
2015-03-24T21:30:16+00:00 DEBUG (7): Starting Subscriber Opt-In process for store: Retail (1)
2015-03-24T21:30:16+00:00 DEBUG (7): Starting Subscriber Opt-In process for store: Wholesale (2)
2015-03-24T21:45:16+00:00 DEBUG (7): Starting Subscriber Opt-In process for store: Admin (0)
2015-03-24T21:45:16+00:00 DEBUG (7): Starting Subscriber Opt-In process for store: International (3)
2015-03-24T21:45:16+00:00 DEBUG (7): Starting Subscriber Opt-In process for store: Retail (1)
2015-03-24T21:45:16+00:00 DEBUG (7): Starting Subscriber Opt-In process for store: Wholesale (2)
2015-03-24T22:00:06+00:00 DEBUG (7): Starting Subscriber Opt-In process for store: Admin (0)
2015-03-24T22:00:06+00:00 DEBUG (7): Starting Subscriber Opt-In process for store: International (3)
2015-03-24T22:00:06+00:00 DEBUG (7): Starting Subscriber Opt-In process for store: Retail (1)
2015-03-24T22:00:06+00:00 DEBUG (7): Starting Subscriber Opt-In process for store: Wholesale (2)
2015-03-24T22:15:02+00:00 DEBUG (7): Starting Subscriber Opt-In process for store: Admin (0)
2015-03-24T22:15:02+00:00 DEBUG (7): Starting Subscriber Opt-In process for store: International (3)
2015-03-24T22:15:02+00:00 DEBUG (7): Starting Subscriber Opt-In process for store: Retail (1)
2015-03-24T22:15:03+00:00 INFO (6):   Adding Contact to list: Bloomingbath.com
2015-03-24T22:15:03+00:00 INFO (6):   Setting Contact (debbiefay1962@yahoo.com) status to: active
2015-03-24T22:15:03+00:00 INFO (6):   Adding Contact to list: Bloomingbath.com
2015-03-24T22:15:03+00:00 INFO (6):   Setting Contact (beckyperez@hotnail.com) status to: active
2015-03-24T22:15:03+00:00 DEBUG (7): Starting Subscriber Opt-In process for store: Wholesale (2)
2015-03-24T22:30:02+00:00 DEBUG (7): Starting Subscriber Opt-In process for store: Admin (0)
2015-03-24T22:30:02+00:00 DEBUG (7): Starting Subscriber Opt-In process for store: International (3)
2015-03-24T22:30:02+00:00 DEBUG (7): Starting Subscriber Opt-In process for store: Retail (1)
2015-03-24T22:30:03+00:00 DEBUG (7): Starting Subscriber Opt-In process for store: Wholesale (2)
2015-03-24T22:32:17+00:00 DEBUG (7): No subscription status found in session.
2015-03-24T22:45:04+00:00 DEBUG (7): Starting Subscriber Opt-In process for store: Admin (0)
2015-03-24T22:45:04+00:00 DEBUG (7): Starting Subscriber Opt-In process for store: International (3)
2015-03-24T22:45:04+00:00 DEBUG (7): Starting Subscriber Opt-In process for store: Retail (1)
2015-03-24T22:45:04+00:00 INFO (6):   Adding Contact to list: Bloomingbath.com
2015-03-24T22:45:04+00:00 INFO (6):   Setting Contact (kayricks@yahoo.com) status to: active
2015-03-24T22:45:04+00:00 DEBUG (7): Starting Subscriber Opt-In process for store: Wholesale (2)
2015-03-24T23:00:02+00:00 DEBUG (7): Starting Subscriber Opt-In process for store: Admin (0)
2015-03-24T23:00:02+00:00 DEBUG (7): Starting Subscriber Opt-In process for store: International (3)
2015-03-24T23:00:02+00:00 DEBUG (7): Starting Subscriber Opt-In process for store: Retail (1)
2015-03-24T23:00:03+00:00 DEBUG (7): Starting Subscriber Opt-In process for store: Wholesale (2)
2015-03-24T23:06:02+00:00 DEBUG (7): No subscription status found in session.
2015-03-24T23:15:04+00:00 DEBUG (7): Starting Subscriber Opt-In process for store: Admin (0)
2015-03-24T23:15:04+00:00 DEBUG (7): Starting Subscriber Opt-In process for store: International (3)
2015-03-24T23:15:04+00:00 DEBUG (7): Starting Subscriber Opt-In process for store: Retail (1)
2015-03-24T23:15:04+00:00 DEBUG (7): Starting Subscriber Opt-In process for store: Wholesale (2)
2015-03-24T23:35:02+00:00 DEBUG (7): Starting Subscriber Opt-In process for store: Admin (0)
2015-03-24T23:35:02+00:00 DEBUG (7): Starting Subscriber Opt-In process for store: International (3)
2015-03-24T23:35:02+00:00 DEBUG (7): Starting Subscriber Opt-In process for store: Retail (1)
2015-03-24T23:35:03+00:00 INFO (6):   Adding Contact to list: Bloomingbath.com
2015-03-24T23:35:03+00:00 INFO (6):   Setting Contact (crystalmtz99@yahoo.com) status to: active
2015-03-24T23:35:03+00:00 INFO (6):   Adding Contact to list: Bloomingbath.com
2015-03-24T23:35:03+00:00 INFO (6):   Setting Contact (zhengruiyicppcc@gmail.com) status to: active
2015-03-24T23:35:03+00:00 DEBUG (7): Starting Subscriber Opt-In process for store: Wholesale (2)
2015-03-24T23:45:02+00:00 DEBUG (7): Starting Subscriber Opt-In process for store: Admin (0)
2015-03-24T23:45:02+00:00 DEBUG (7): Starting Subscriber Opt-In process for store: International (3)
2015-03-24T23:45:02+00:00 DEBUG (7): Starting Subscriber Opt-In process for store: Retail (1)
2015-03-24T23:45:03+00:00 DEBUG (7): Starting Subscriber Opt-In process for store: Wholesale (2)
