2015-04-01T00:05:02+00:00 DEBUG (7): Starting Subscriber Opt-In process for store: Admin (0)
2015-04-01T00:05:02+00:00 DEBUG (7): Starting Subscriber Opt-In process for store: International (3)
2015-04-01T00:05:02+00:00 DEBUG (7): Starting Subscriber Opt-In process for store: Retail (1)
2015-04-01T00:05:03+00:00 DEBUG (7): Starting Subscriber Opt-In process for store: Wholesale (2)
2015-04-01T00:15:02+00:00 DEBUG (7): Starting Subscriber Opt-In process for store: Admin (0)
2015-04-01T00:15:02+00:00 DEBUG (7): Starting Subscriber Opt-In process for store: International (3)
2015-04-01T00:15:02+00:00 DEBUG (7): Starting Subscriber Opt-In process for store: Retail (1)
2015-04-01T00:15:03+00:00 DEBUG (7): Starting Subscriber Opt-In process for store: Wholesale (2)
2015-04-01T00:30:02+00:00 DEBUG (7): Starting Subscriber Opt-In process for store: Admin (0)
2015-04-01T00:30:02+00:00 DEBUG (7): Starting Subscriber Opt-In process for store: International (3)
2015-04-01T00:30:02+00:00 DEBUG (7): Starting Subscriber Opt-In process for store: Retail (1)
2015-04-01T00:30:03+00:00 DEBUG (7): Starting Subscriber Opt-In process for store: Wholesale (2)
2015-04-01T00:45:02+00:00 DEBUG (7): Starting Subscriber Opt-In process for store: Admin (0)
2015-04-01T00:45:02+00:00 DEBUG (7): Starting Subscriber Opt-In process for store: International (3)
2015-04-01T00:45:02+00:00 DEBUG (7): Starting Subscriber Opt-In process for store: Retail (1)
2015-04-01T00:45:03+00:00 DEBUG (7): Starting Subscriber Opt-In process for store: Wholesale (2)
2015-04-01T01:00:02+00:00 DEBUG (7): Starting Subscriber Opt-In process for store: Admin (0)
2015-04-01T01:00:02+00:00 DEBUG (7): Starting Subscriber Opt-In process for store: International (3)
2015-04-01T01:00:02+00:00 DEBUG (7): Starting Subscriber Opt-In process for store: Retail (1)
2015-04-01T01:00:03+00:00 DEBUG (7): Starting Subscriber Opt-In process for store: Wholesale (2)
2015-04-01T01:15:02+00:00 DEBUG (7): Starting Subscriber Opt-In process for store: Admin (0)
2015-04-01T01:15:02+00:00 DEBUG (7): Starting Subscriber Opt-In process for store: International (3)
2015-04-01T01:15:02+00:00 DEBUG (7): Starting Subscriber Opt-In process for store: Retail (1)
2015-04-01T01:15:03+00:00 DEBUG (7): Starting Subscriber Opt-In process for store: Wholesale (2)
2015-04-01T01:23:31+00:00 DEBUG (7): No subscription status found in session.
2015-04-01T01:30:03+00:00 DEBUG (7): Starting Subscriber Opt-In process for store: Admin (0)
2015-04-01T01:30:03+00:00 DEBUG (7): Starting Subscriber Opt-In process for store: International (3)
2015-04-01T01:30:04+00:00 DEBUG (7): Starting Subscriber Opt-In process for store: Retail (1)
2015-04-01T01:30:04+00:00 INFO (6):   Adding Contact to list: Bloomingbath.com
2015-04-01T01:30:04+00:00 INFO (6):   Setting Contact (nischroeder@bvhealthsystem.org) status to: active
2015-04-01T01:30:04+00:00 DEBUG (7): Starting Subscriber Opt-In process for store: Wholesale (2)
2015-04-01T01:45:02+00:00 DEBUG (7): Starting Subscriber Opt-In process for store: Admin (0)
2015-04-01T01:45:02+00:00 DEBUG (7): Starting Subscriber Opt-In process for store: International (3)
2015-04-01T01:45:02+00:00 DEBUG (7): Starting Subscriber Opt-In process for store: Retail (1)
2015-04-01T01:45:02+00:00 DEBUG (7): Starting Subscriber Opt-In process for store: Wholesale (2)
2015-04-01T02:00:02+00:00 DEBUG (7): Starting Subscriber Opt-In process for store: Admin (0)
2015-04-01T02:00:02+00:00 DEBUG (7): Starting Subscriber Opt-In process for store: International (3)
2015-04-01T02:00:02+00:00 DEBUG (7): Starting Subscriber Opt-In process for store: Retail (1)
2015-04-01T02:00:03+00:00 DEBUG (7): Starting Subscriber Opt-In process for store: Wholesale (2)
2015-04-01T02:15:02+00:00 DEBUG (7): Starting Subscriber Opt-In process for store: Admin (0)
2015-04-01T02:15:02+00:00 DEBUG (7): Starting Subscriber Opt-In process for store: International (3)
2015-04-01T02:15:02+00:00 DEBUG (7): Starting Subscriber Opt-In process for store: Retail (1)
2015-04-01T02:15:03+00:00 DEBUG (7): Starting Subscriber Opt-In process for store: Wholesale (2)
2015-04-01T02:30:02+00:00 DEBUG (7): Starting Subscriber Opt-In process for store: Admin (0)
2015-04-01T02:30:02+00:00 DEBUG (7): Starting Subscriber Opt-In process for store: International (3)
2015-04-01T02:30:02+00:00 DEBUG (7): Starting Subscriber Opt-In process for store: Retail (1)
2015-04-01T02:30:03+00:00 DEBUG (7): Starting Subscriber Opt-In process for store: Wholesale (2)
2015-04-01T02:50:02+00:00 DEBUG (7): Starting Subscriber Opt-In process for store: Admin (0)
2015-04-01T02:50:02+00:00 DEBUG (7): Starting Subscriber Opt-In process for store: International (3)
2015-04-01T02:50:02+00:00 DEBUG (7): Starting Subscriber Opt-In process for store: Retail (1)
2015-04-01T02:50:03+00:00 DEBUG (7): Starting Subscriber Opt-In process for store: Wholesale (2)
2015-04-01T03:00:02+00:00 DEBUG (7): Starting Subscriber Opt-In process for store: Admin (0)
2015-04-01T03:00:02+00:00 DEBUG (7): Starting Subscriber Opt-In process for store: International (3)
2015-04-01T03:00:02+00:00 DEBUG (7): Starting Subscriber Opt-In process for store: Retail (1)
2015-04-01T03:00:03+00:00 DEBUG (7): Starting Subscriber Opt-In process for store: Wholesale (2)
2015-04-01T03:15:02+00:00 DEBUG (7): Starting Subscriber Opt-In process for store: Admin (0)
2015-04-01T03:15:02+00:00 DEBUG (7): Starting Subscriber Opt-In process for store: International (3)
2015-04-01T03:15:02+00:00 DEBUG (7): Starting Subscriber Opt-In process for store: Retail (1)
2015-04-01T03:15:03+00:00 DEBUG (7): Starting Subscriber Opt-In process for store: Wholesale (2)
2015-04-01T03:30:02+00:00 DEBUG (7): Starting Subscriber Opt-In process for store: Admin (0)
2015-04-01T03:30:02+00:00 DEBUG (7): Starting Subscriber Opt-In process for store: International (3)
2015-04-01T03:30:02+00:00 DEBUG (7): Starting Subscriber Opt-In process for store: Retail (1)
2015-04-01T03:30:03+00:00 DEBUG (7): Starting Subscriber Opt-In process for store: Wholesale (2)
2015-04-01T03:30:27+00:00 DEBUG (7): No subscription status found in session.
2015-04-01T03:45:05+00:00 DEBUG (7): Starting Subscriber Opt-In process for store: Admin (0)
2015-04-01T03:45:05+00:00 DEBUG (7): Starting Subscriber Opt-In process for store: International (3)
2015-04-01T03:45:05+00:00 DEBUG (7): Starting Subscriber Opt-In process for store: Retail (1)
2015-04-01T03:45:05+00:00 DEBUG (7): Starting Subscriber Opt-In process for store: Wholesale (2)
2015-04-01T04:00:03+00:00 DEBUG (7): Starting Subscriber Opt-In process for store: Admin (0)
2015-04-01T04:00:03+00:00 DEBUG (7): Starting Subscriber Opt-In process for store: International (3)
2015-04-01T04:00:03+00:00 DEBUG (7): Starting Subscriber Opt-In process for store: Retail (1)
2015-04-01T04:00:03+00:00 DEBUG (7): Starting Subscriber Opt-In process for store: Wholesale (2)
2015-04-01T04:15:02+00:00 DEBUG (7): Starting Subscriber Opt-In process for store: Admin (0)
2015-04-01T04:15:02+00:00 DEBUG (7): Starting Subscriber Opt-In process for store: International (3)
2015-04-01T04:15:02+00:00 DEBUG (7): Starting Subscriber Opt-In process for store: Retail (1)
2015-04-01T04:15:03+00:00 DEBUG (7): Starting Subscriber Opt-In process for store: Wholesale (2)
2015-04-01T04:30:02+00:00 DEBUG (7): Starting Subscriber Opt-In process for store: Admin (0)
2015-04-01T04:30:02+00:00 DEBUG (7): Starting Subscriber Opt-In process for store: International (3)
2015-04-01T04:30:02+00:00 DEBUG (7): Starting Subscriber Opt-In process for store: Retail (1)
2015-04-01T04:30:03+00:00 DEBUG (7): Starting Subscriber Opt-In process for store: Wholesale (2)
2015-04-01T04:45:02+00:00 DEBUG (7): Starting Subscriber Opt-In process for store: Admin (0)
2015-04-01T04:45:02+00:00 DEBUG (7): Starting Subscriber Opt-In process for store: International (3)
2015-04-01T04:45:02+00:00 DEBUG (7): Starting Subscriber Opt-In process for store: Retail (1)
2015-04-01T04:45:03+00:00 DEBUG (7): Starting Subscriber Opt-In process for store: Wholesale (2)
2015-04-01T04:58:49+00:00 DEBUG (7): No subscription status found in session.
2015-04-01T05:00:05+00:00 DEBUG (7): Starting Subscriber Opt-In process for store: Admin (0)
2015-04-01T05:00:05+00:00 DEBUG (7): Starting Subscriber Opt-In process for store: International (3)
2015-04-01T05:00:05+00:00 DEBUG (7): Starting Subscriber Opt-In process for store: Retail (1)
2015-04-01T05:00:05+00:00 DEBUG (7): Starting Subscriber Opt-In process for store: Wholesale (2)
2015-04-01T05:15:02+00:00 DEBUG (7): Starting Subscriber Opt-In process for store: Admin (0)
2015-04-01T05:15:02+00:00 DEBUG (7): Starting Subscriber Opt-In process for store: International (3)
2015-04-01T05:15:02+00:00 DEBUG (7): Starting Subscriber Opt-In process for store: Retail (1)
2015-04-01T05:15:03+00:00 DEBUG (7): Starting Subscriber Opt-In process for store: Wholesale (2)
2015-04-01T05:30:03+00:00 DEBUG (7): Starting Subscriber Opt-In process for store: Admin (0)
2015-04-01T05:30:03+00:00 DEBUG (7): Starting Subscriber Opt-In process for store: International (3)
2015-04-01T05:30:03+00:00 DEBUG (7): Starting Subscriber Opt-In process for store: Retail (1)
2015-04-01T05:30:04+00:00 DEBUG (7): Starting Subscriber Opt-In process for store: Wholesale (2)
2015-04-01T05:45:02+00:00 DEBUG (7): Starting Subscriber Opt-In process for store: Admin (0)
2015-04-01T05:45:02+00:00 DEBUG (7): Starting Subscriber Opt-In process for store: International (3)
2015-04-01T05:45:02+00:00 DEBUG (7): Starting Subscriber Opt-In process for store: Retail (1)
2015-04-01T05:45:03+00:00 DEBUG (7): Starting Subscriber Opt-In process for store: Wholesale (2)
2015-04-01T06:00:02+00:00 DEBUG (7): Starting Subscriber Opt-In process for store: Admin (0)
2015-04-01T06:00:02+00:00 DEBUG (7): Starting Subscriber Opt-In process for store: International (3)
2015-04-01T06:00:02+00:00 DEBUG (7): Starting Subscriber Opt-In process for store: Retail (1)
2015-04-01T06:00:03+00:00 DEBUG (7): Starting Subscriber Opt-In process for store: Wholesale (2)
2015-04-01T06:15:02+00:00 DEBUG (7): Starting Subscriber Opt-In process for store: Admin (0)
2015-04-01T06:15:02+00:00 DEBUG (7): Starting Subscriber Opt-In process for store: International (3)
2015-04-01T06:15:02+00:00 DEBUG (7): Starting Subscriber Opt-In process for store: Retail (1)
2015-04-01T06:15:03+00:00 DEBUG (7): Starting Subscriber Opt-In process for store: Wholesale (2)
2015-04-01T06:35:02+00:00 DEBUG (7): Starting Subscriber Opt-In process for store: Admin (0)
2015-04-01T06:35:02+00:00 DEBUG (7): Starting Subscriber Opt-In process for store: International (3)
2015-04-01T06:35:02+00:00 DEBUG (7): Starting Subscriber Opt-In process for store: Retail (1)
2015-04-01T06:35:03+00:00 INFO (6):   Adding Contact to list: Bloomingbath.com
2015-04-01T06:35:04+00:00 INFO (6):   Setting Contact (tmhepker@gmail.com) status to: active
2015-04-01T06:35:04+00:00 DEBUG (7): Starting Subscriber Opt-In process for store: Wholesale (2)
2015-04-01T06:45:02+00:00 DEBUG (7): Starting Subscriber Opt-In process for store: Admin (0)
2015-04-01T06:45:02+00:00 DEBUG (7): Starting Subscriber Opt-In process for store: International (3)
2015-04-01T06:45:02+00:00 DEBUG (7): Starting Subscriber Opt-In process for store: Retail (1)
2015-04-01T06:45:03+00:00 DEBUG (7): Starting Subscriber Opt-In process for store: Wholesale (2)
2015-04-01T07:05:12+00:00 DEBUG (7): Starting Subscriber Opt-In process for store: Admin (0)
2015-04-01T07:05:12+00:00 DEBUG (7): Starting Subscriber Opt-In process for store: International (3)
2015-04-01T07:05:12+00:00 DEBUG (7): Starting Subscriber Opt-In process for store: Retail (1)
2015-04-01T07:05:12+00:00 DEBUG (7): Starting Subscriber Opt-In process for store: Wholesale (2)
2015-04-01T07:15:02+00:00 DEBUG (7): Starting Subscriber Opt-In process for store: Admin (0)
2015-04-01T07:15:02+00:00 DEBUG (7): Starting Subscriber Opt-In process for store: International (3)
2015-04-01T07:15:02+00:00 DEBUG (7): Starting Subscriber Opt-In process for store: Retail (1)
2015-04-01T07:15:03+00:00 DEBUG (7): Starting Subscriber Opt-In process for store: Wholesale (2)
2015-04-01T07:30:02+00:00 DEBUG (7): Starting Subscriber Opt-In process for store: Admin (0)
2015-04-01T07:30:02+00:00 DEBUG (7): Starting Subscriber Opt-In process for store: International (3)
2015-04-01T07:30:02+00:00 DEBUG (7): Starting Subscriber Opt-In process for store: Retail (1)
2015-04-01T07:30:03+00:00 DEBUG (7): Starting Subscriber Opt-In process for store: Wholesale (2)
2015-04-01T07:50:02+00:00 DEBUG (7): Starting Subscriber Opt-In process for store: Admin (0)
2015-04-01T07:50:02+00:00 DEBUG (7): Starting Subscriber Opt-In process for store: International (3)
2015-04-01T07:50:02+00:00 DEBUG (7): Starting Subscriber Opt-In process for store: Retail (1)
2015-04-01T07:50:03+00:00 DEBUG (7): Starting Subscriber Opt-In process for store: Wholesale (2)
2015-04-01T08:00:33+00:00 DEBUG (7): Starting Subscriber Opt-In process for store: Admin (0)
2015-04-01T08:00:33+00:00 DEBUG (7): Starting Subscriber Opt-In process for store: International (3)
2015-04-01T08:00:33+00:00 DEBUG (7): Starting Subscriber Opt-In process for store: Retail (1)
2015-04-01T08:00:34+00:00 DEBUG (7): Starting Subscriber Opt-In process for store: Wholesale (2)
2015-04-01T08:15:02+00:00 DEBUG (7): Starting Subscriber Opt-In process for store: Admin (0)
2015-04-01T08:15:02+00:00 DEBUG (7): Starting Subscriber Opt-In process for store: International (3)
2015-04-01T08:15:02+00:00 DEBUG (7): Starting Subscriber Opt-In process for store: Retail (1)
2015-04-01T08:15:03+00:00 DEBUG (7): Starting Subscriber Opt-In process for store: Wholesale (2)
2015-04-01T08:30:02+00:00 DEBUG (7): Starting Subscriber Opt-In process for store: Admin (0)
2015-04-01T08:30:02+00:00 DEBUG (7): Starting Subscriber Opt-In process for store: International (3)
2015-04-01T08:30:02+00:00 DEBUG (7): Starting Subscriber Opt-In process for store: Retail (1)
2015-04-01T08:30:03+00:00 DEBUG (7): Starting Subscriber Opt-In process for store: Wholesale (2)
2015-04-01T08:45:02+00:00 DEBUG (7): Starting Subscriber Opt-In process for store: Admin (0)
2015-04-01T08:45:02+00:00 DEBUG (7): Starting Subscriber Opt-In process for store: International (3)
2015-04-01T08:45:02+00:00 DEBUG (7): Starting Subscriber Opt-In process for store: Retail (1)
2015-04-01T08:45:03+00:00 DEBUG (7): Starting Subscriber Opt-In process for store: Wholesale (2)
2015-04-01T09:00:07+00:00 DEBUG (7): Starting Subscriber Opt-In process for store: Admin (0)
2015-04-01T09:00:07+00:00 DEBUG (7): Starting Subscriber Opt-In process for store: International (3)
2015-04-01T09:00:07+00:00 DEBUG (7): Starting Subscriber Opt-In process for store: Retail (1)
2015-04-01T09:00:08+00:00 DEBUG (7): Starting Subscriber Opt-In process for store: Wholesale (2)
2015-04-01T09:15:02+00:00 DEBUG (7): Starting Subscriber Opt-In process for store: Admin (0)
2015-04-01T09:15:02+00:00 DEBUG (7): Starting Subscriber Opt-In process for store: International (3)
2015-04-01T09:15:02+00:00 DEBUG (7): Starting Subscriber Opt-In process for store: Retail (1)
2015-04-01T09:15:03+00:00 DEBUG (7): Starting Subscriber Opt-In process for store: Wholesale (2)
2015-04-01T09:30:02+00:00 DEBUG (7): Starting Subscriber Opt-In process for store: Admin (0)
2015-04-01T09:30:02+00:00 DEBUG (7): Starting Subscriber Opt-In process for store: International (3)
2015-04-01T09:30:02+00:00 DEBUG (7): Starting Subscriber Opt-In process for store: Retail (1)
2015-04-01T09:30:03+00:00 DEBUG (7): Starting Subscriber Opt-In process for store: Wholesale (2)
2015-04-01T09:45:02+00:00 DEBUG (7): Starting Subscriber Opt-In process for store: Admin (0)
2015-04-01T09:45:02+00:00 DEBUG (7): Starting Subscriber Opt-In process for store: International (3)
2015-04-01T09:45:02+00:00 DEBUG (7): Starting Subscriber Opt-In process for store: Retail (1)
2015-04-01T09:45:03+00:00 DEBUG (7): Starting Subscriber Opt-In process for store: Wholesale (2)
2015-04-01T10:05:03+00:00 DEBUG (7): Starting Subscriber Opt-In process for store: Admin (0)
2015-04-01T10:05:03+00:00 DEBUG (7): Starting Subscriber Opt-In process for store: International (3)
2015-04-01T10:05:03+00:00 DEBUG (7): Starting Subscriber Opt-In process for store: Retail (1)
2015-04-01T10:05:03+00:00 DEBUG (7): Starting Subscriber Opt-In process for store: Wholesale (2)
2015-04-01T10:15:02+00:00 DEBUG (7): Starting Subscriber Opt-In process for store: Admin (0)
2015-04-01T10:15:02+00:00 DEBUG (7): Starting Subscriber Opt-In process for store: International (3)
2015-04-01T10:15:02+00:00 DEBUG (7): Starting Subscriber Opt-In process for store: Retail (1)
2015-04-01T10:15:03+00:00 DEBUG (7): Starting Subscriber Opt-In process for store: Wholesale (2)
2015-04-01T10:30:03+00:00 DEBUG (7): Starting Subscriber Opt-In process for store: Admin (0)
2015-04-01T10:30:03+00:00 DEBUG (7): Starting Subscriber Opt-In process for store: International (3)
2015-04-01T10:30:03+00:00 DEBUG (7): Starting Subscriber Opt-In process for store: Retail (1)
2015-04-01T10:30:04+00:00 DEBUG (7): Starting Subscriber Opt-In process for store: Wholesale (2)
2015-04-01T10:45:02+00:00 DEBUG (7): Starting Subscriber Opt-In process for store: Admin (0)
2015-04-01T10:45:02+00:00 DEBUG (7): Starting Subscriber Opt-In process for store: International (3)
2015-04-01T10:45:02+00:00 DEBUG (7): Starting Subscriber Opt-In process for store: Retail (1)
2015-04-01T10:45:04+00:00 DEBUG (7): Starting Subscriber Opt-In process for store: Wholesale (2)
2015-04-01T11:00:02+00:00 DEBUG (7): Starting Subscriber Opt-In process for store: Admin (0)
2015-04-01T11:00:02+00:00 DEBUG (7): Starting Subscriber Opt-In process for store: International (3)
2015-04-01T11:00:02+00:00 DEBUG (7): Starting Subscriber Opt-In process for store: Retail (1)
2015-04-01T11:00:03+00:00 DEBUG (7): Starting Subscriber Opt-In process for store: Wholesale (2)
2015-04-01T11:15:02+00:00 DEBUG (7): Starting Subscriber Opt-In process for store: Admin (0)
2015-04-01T11:15:02+00:00 DEBUG (7): Starting Subscriber Opt-In process for store: International (3)
2015-04-01T11:15:02+00:00 DEBUG (7): Starting Subscriber Opt-In process for store: Retail (1)
2015-04-01T11:15:03+00:00 DEBUG (7): Starting Subscriber Opt-In process for store: Wholesale (2)
2015-04-01T11:30:02+00:00 DEBUG (7): Starting Subscriber Opt-In process for store: Admin (0)
2015-04-01T11:30:02+00:00 DEBUG (7): Starting Subscriber Opt-In process for store: International (3)
2015-04-01T11:30:02+00:00 DEBUG (7): Starting Subscriber Opt-In process for store: Retail (1)
2015-04-01T11:30:03+00:00 DEBUG (7): Starting Subscriber Opt-In process for store: Wholesale (2)
2015-04-01T11:45:02+00:00 DEBUG (7): Starting Subscriber Opt-In process for store: Admin (0)
2015-04-01T11:45:02+00:00 DEBUG (7): Starting Subscriber Opt-In process for store: International (3)
2015-04-01T11:45:02+00:00 DEBUG (7): Starting Subscriber Opt-In process for store: Retail (1)
2015-04-01T11:45:03+00:00 DEBUG (7): Starting Subscriber Opt-In process for store: Wholesale (2)
2015-04-01T12:00:03+00:00 DEBUG (7): Starting Subscriber Opt-In process for store: Admin (0)
2015-04-01T12:00:03+00:00 DEBUG (7): Starting Subscriber Opt-In process for store: International (3)
2015-04-01T12:00:03+00:00 DEBUG (7): Starting Subscriber Opt-In process for store: Retail (1)
2015-04-01T12:00:04+00:00 DEBUG (7): Starting Subscriber Opt-In process for store: Wholesale (2)
2015-04-01T12:15:03+00:00 DEBUG (7): Starting Subscriber Opt-In process for store: Admin (0)
2015-04-01T12:15:03+00:00 DEBUG (7): Starting Subscriber Opt-In process for store: International (3)
2015-04-01T12:15:03+00:00 DEBUG (7): Starting Subscriber Opt-In process for store: Retail (1)
2015-04-01T12:15:03+00:00 DEBUG (7): Starting Subscriber Opt-In process for store: Wholesale (2)
2015-04-01T12:30:02+00:00 DEBUG (7): Starting Subscriber Opt-In process for store: Admin (0)
2015-04-01T12:30:02+00:00 DEBUG (7): Starting Subscriber Opt-In process for store: International (3)
2015-04-01T12:30:02+00:00 DEBUG (7): Starting Subscriber Opt-In process for store: Retail (1)
2015-04-01T12:30:03+00:00 DEBUG (7): Starting Subscriber Opt-In process for store: Wholesale (2)
2015-04-01T12:45:02+00:00 DEBUG (7): Starting Subscriber Opt-In process for store: Admin (0)
2015-04-01T12:45:02+00:00 DEBUG (7): Starting Subscriber Opt-In process for store: International (3)
2015-04-01T12:45:02+00:00 DEBUG (7): Starting Subscriber Opt-In process for store: Retail (1)
2015-04-01T12:45:03+00:00 DEBUG (7): Starting Subscriber Opt-In process for store: Wholesale (2)
2015-04-01T13:00:02+00:00 DEBUG (7): Starting Subscriber Opt-In process for store: Admin (0)
2015-04-01T13:00:02+00:00 DEBUG (7): Starting Subscriber Opt-In process for store: International (3)
2015-04-01T13:00:02+00:00 DEBUG (7): Starting Subscriber Opt-In process for store: Retail (1)
2015-04-01T13:00:04+00:00 DEBUG (7): Starting Subscriber Opt-In process for store: Wholesale (2)
2015-04-01T13:20:02+00:00 DEBUG (7): Starting Subscriber Opt-In process for store: Admin (0)
2015-04-01T13:20:02+00:00 DEBUG (7): Starting Subscriber Opt-In process for store: International (3)
2015-04-01T13:20:02+00:00 DEBUG (7): Starting Subscriber Opt-In process for store: Retail (1)
2015-04-01T13:20:04+00:00 DEBUG (7): Starting Subscriber Opt-In process for store: Wholesale (2)
2015-04-01T13:30:02+00:00 DEBUG (7): Starting Subscriber Opt-In process for store: Admin (0)
2015-04-01T13:30:02+00:00 DEBUG (7): Starting Subscriber Opt-In process for store: International (3)
2015-04-01T13:30:02+00:00 DEBUG (7): Starting Subscriber Opt-In process for store: Retail (1)
2015-04-01T13:30:03+00:00 DEBUG (7): Starting Subscriber Opt-In process for store: Wholesale (2)
2015-04-01T13:45:02+00:00 DEBUG (7): Starting Subscriber Opt-In process for store: Admin (0)
2015-04-01T13:45:02+00:00 DEBUG (7): Starting Subscriber Opt-In process for store: International (3)
2015-04-01T13:45:02+00:00 DEBUG (7): Starting Subscriber Opt-In process for store: Retail (1)
2015-04-01T13:45:03+00:00 DEBUG (7): Starting Subscriber Opt-In process for store: Wholesale (2)
2015-04-01T13:47:43+00:00 DEBUG (7): No subscription status found in session.
2015-04-01T14:00:03+00:00 DEBUG (7): Starting Subscriber Opt-In process for store: Admin (0)
2015-04-01T14:00:03+00:00 DEBUG (7): Starting Subscriber Opt-In process for store: International (3)
2015-04-01T14:00:03+00:00 DEBUG (7): Starting Subscriber Opt-In process for store: Retail (1)
2015-04-01T14:00:04+00:00 DEBUG (7): Starting Subscriber Opt-In process for store: Wholesale (2)
2015-04-01T14:15:03+00:00 DEBUG (7): Starting Subscriber Opt-In process for store: Admin (0)
2015-04-01T14:15:03+00:00 DEBUG (7): Starting Subscriber Opt-In process for store: International (3)
2015-04-01T14:15:03+00:00 DEBUG (7): Starting Subscriber Opt-In process for store: Retail (1)
2015-04-01T14:15:04+00:00 DEBUG (7): Starting Subscriber Opt-In process for store: Wholesale (2)
2015-04-01T14:30:02+00:00 DEBUG (7): Starting Subscriber Opt-In process for store: Admin (0)
2015-04-01T14:30:02+00:00 DEBUG (7): Starting Subscriber Opt-In process for store: International (3)
2015-04-01T14:30:02+00:00 DEBUG (7): Starting Subscriber Opt-In process for store: Retail (1)
2015-04-01T14:30:03+00:00 DEBUG (7): Starting Subscriber Opt-In process for store: Wholesale (2)
2015-04-01T14:45:02+00:00 DEBUG (7): Starting Subscriber Opt-In process for store: Admin (0)
2015-04-01T14:45:02+00:00 DEBUG (7): Starting Subscriber Opt-In process for store: International (3)
2015-04-01T14:45:02+00:00 DEBUG (7): Starting Subscriber Opt-In process for store: Retail (1)
2015-04-01T14:45:04+00:00 DEBUG (7): Starting Subscriber Opt-In process for store: Wholesale (2)
2015-04-01T15:00:02+00:00 DEBUG (7): Starting Subscriber Opt-In process for store: Admin (0)
2015-04-01T15:00:02+00:00 DEBUG (7): Starting Subscriber Opt-In process for store: International (3)
2015-04-01T15:00:02+00:00 DEBUG (7): Starting Subscriber Opt-In process for store: Retail (1)
2015-04-01T15:00:03+00:00 INFO (6):   Adding Contact to list: Bloomingbath.com
2015-04-01T15:00:03+00:00 INFO (6):   Setting Contact (Shaikha.y@hotmail.com) status to: active
2015-04-01T15:00:04+00:00 DEBUG (7): Starting Subscriber Opt-In process for store: Wholesale (2)
2015-04-01T15:07:36+00:00 DEBUG (7): No subscription status found in session.
2015-04-01T15:15:16+00:00 DEBUG (7): Starting Subscriber Opt-In process for store: Admin (0)
2015-04-01T15:15:16+00:00 DEBUG (7): Starting Subscriber Opt-In process for store: International (3)
2015-04-01T15:15:16+00:00 DEBUG (7): Starting Subscriber Opt-In process for store: Retail (1)
2015-04-01T15:15:16+00:00 INFO (6):   Adding Contact to list: Bloomingbath.com
2015-04-01T15:15:16+00:00 INFO (6):   Setting Contact (shortstuff2011@yahoo.com) status to: active
2015-04-01T15:15:16+00:00 DEBUG (7): Starting Subscriber Opt-In process for store: Wholesale (2)
2015-04-01T15:24:02+00:00 DEBUG (7): No subscription status found in session.
2015-04-01T15:30:08+00:00 DEBUG (7): Starting Subscriber Opt-In process for store: Admin (0)
2015-04-01T15:30:08+00:00 DEBUG (7): Starting Subscriber Opt-In process for store: International (3)
2015-04-01T15:30:08+00:00 DEBUG (7): Starting Subscriber Opt-In process for store: Retail (1)
2015-04-01T15:30:08+00:00 DEBUG (7): Starting Subscriber Opt-In process for store: Wholesale (2)
2015-04-01T15:50:12+00:00 DEBUG (7): Starting Subscriber Opt-In process for store: Admin (0)
2015-04-01T15:50:12+00:00 DEBUG (7): Starting Subscriber Opt-In process for store: International (3)
2015-04-01T15:50:12+00:00 DEBUG (7): Starting Subscriber Opt-In process for store: Retail (1)
2015-04-01T15:50:13+00:00 INFO (6):   Adding Contact to list: Bloomingbath.com
2015-04-01T15:50:13+00:00 INFO (6):   Setting Contact (cmattiuz@hwdsb.on.ca) status to: active
2015-04-01T15:50:13+00:00 DEBUG (7): Starting Subscriber Opt-In process for store: Wholesale (2)
2015-04-01T15:52:44+00:00 DEBUG (7): No subscription status found in session.
2015-04-01T16:00:13+00:00 DEBUG (7): Starting Subscriber Opt-In process for store: Admin (0)
2015-04-01T16:00:13+00:00 DEBUG (7): Starting Subscriber Opt-In process for store: International (3)
2015-04-01T16:00:13+00:00 DEBUG (7): Starting Subscriber Opt-In process for store: Retail (1)
2015-04-01T16:00:13+00:00 INFO (6):   Adding Contact to list: Bloomingbath.com
2015-04-01T16:00:13+00:00 INFO (6):   Setting Contact (Rwdingey@aol.com) status to: active
2015-04-01T16:00:14+00:00 DEBUG (7): Starting Subscriber Opt-In process for store: Wholesale (2)
2015-04-01T16:15:02+00:00 DEBUG (7): Starting Subscriber Opt-In process for store: Admin (0)
2015-04-01T16:15:02+00:00 DEBUG (7): Starting Subscriber Opt-In process for store: International (3)
2015-04-01T16:15:02+00:00 DEBUG (7): Starting Subscriber Opt-In process for store: Retail (1)
2015-04-01T16:15:03+00:00 DEBUG (7): Starting Subscriber Opt-In process for store: Wholesale (2)
2015-04-01T16:30:07+00:00 DEBUG (7): Starting Subscriber Opt-In process for store: Admin (0)
2015-04-01T16:30:07+00:00 DEBUG (7): Starting Subscriber Opt-In process for store: International (3)
2015-04-01T16:30:07+00:00 DEBUG (7): Starting Subscriber Opt-In process for store: Retail (1)
2015-04-01T16:30:08+00:00 INFO (6):   Adding Contact to list: Bloomingbath.com
2015-04-01T16:30:08+00:00 INFO (6):   Setting Contact (j.shravani9@gmail.com) status to: active
2015-04-01T16:30:08+00:00 DEBUG (7): Starting Subscriber Opt-In process for store: Wholesale (2)
2015-04-01T16:36:13+00:00 DEBUG (7): No subscription status found in session.
2015-04-01T16:45:19+00:00 DEBUG (7): Starting Subscriber Opt-In process for store: Admin (0)
2015-04-01T16:45:19+00:00 DEBUG (7): Starting Subscriber Opt-In process for store: International (3)
2015-04-01T16:45:19+00:00 DEBUG (7): Starting Subscriber Opt-In process for store: Retail (1)
2015-04-01T16:45:19+00:00 DEBUG (7): Starting Subscriber Opt-In process for store: Wholesale (2)
2015-04-01T17:00:03+00:00 DEBUG (7): Starting Subscriber Opt-In process for store: Admin (0)
2015-04-01T17:00:03+00:00 DEBUG (7): Starting Subscriber Opt-In process for store: International (3)
2015-04-01T17:00:03+00:00 DEBUG (7): Starting Subscriber Opt-In process for store: Retail (1)
2015-04-01T17:00:04+00:00 DEBUG (7): Starting Subscriber Opt-In process for store: Wholesale (2)
2015-04-01T17:15:11+00:00 DEBUG (7): Starting Subscriber Opt-In process for store: Admin (0)
2015-04-01T17:15:11+00:00 DEBUG (7): Starting Subscriber Opt-In process for store: International (3)
2015-04-01T17:15:11+00:00 DEBUG (7): Starting Subscriber Opt-In process for store: Retail (1)
2015-04-01T17:15:11+00:00 INFO (6):   Adding Contact to list: Bloomingbath.com
2015-04-01T17:15:11+00:00 INFO (6):   Setting Contact (morgan.moffitt@icloud.com) status to: active
2015-04-01T17:15:12+00:00 DEBUG (7): Starting Subscriber Opt-In process for store: Wholesale (2)
2015-04-01T17:35:02+00:00 DEBUG (7): Starting Subscriber Opt-In process for store: Admin (0)
2015-04-01T17:35:02+00:00 DEBUG (7): Starting Subscriber Opt-In process for store: International (3)
2015-04-01T17:35:02+00:00 DEBUG (7): Starting Subscriber Opt-In process for store: Retail (1)
2015-04-01T17:35:03+00:00 DEBUG (7): Starting Subscriber Opt-In process for store: Wholesale (2)
2015-04-01T17:45:03+00:00 DEBUG (7): Starting Subscriber Opt-In process for store: Admin (0)
2015-04-01T17:45:03+00:00 DEBUG (7): Starting Subscriber Opt-In process for store: International (3)
2015-04-01T17:45:03+00:00 DEBUG (7): Starting Subscriber Opt-In process for store: Retail (1)
2015-04-01T17:45:03+00:00 DEBUG (7): Starting Subscriber Opt-In process for store: Wholesale (2)
2015-04-01T18:00:10+00:00 DEBUG (7): Starting Subscriber Opt-In process for store: Admin (0)
2015-04-01T18:00:10+00:00 DEBUG (7): Starting Subscriber Opt-In process for store: International (3)
2015-04-01T18:00:10+00:00 DEBUG (7): Starting Subscriber Opt-In process for store: Retail (1)
2015-04-01T18:00:10+00:00 DEBUG (7): Starting Subscriber Opt-In process for store: Wholesale (2)
2015-04-01T18:15:08+00:00 DEBUG (7): Starting Subscriber Opt-In process for store: Admin (0)
2015-04-01T18:15:08+00:00 DEBUG (7): Starting Subscriber Opt-In process for store: International (3)
2015-04-01T18:15:08+00:00 DEBUG (7): Starting Subscriber Opt-In process for store: Retail (1)
2015-04-01T18:15:09+00:00 DEBUG (7): Starting Subscriber Opt-In process for store: Wholesale (2)
2015-04-01T18:29:47+00:00 DEBUG (7): No subscription status found in session.
2015-04-01T18:30:04+00:00 DEBUG (7): Starting Subscriber Opt-In process for store: Admin (0)
2015-04-01T18:30:04+00:00 DEBUG (7): Starting Subscriber Opt-In process for store: International (3)
2015-04-01T18:30:04+00:00 DEBUG (7): Starting Subscriber Opt-In process for store: Retail (1)
2015-04-01T18:30:04+00:00 DEBUG (7): Starting Subscriber Opt-In process for store: Wholesale (2)
2015-04-01T18:45:06+00:00 DEBUG (7): Starting Subscriber Opt-In process for store: Admin (0)
2015-04-01T18:45:06+00:00 DEBUG (7): Starting Subscriber Opt-In process for store: International (3)
2015-04-01T18:45:06+00:00 DEBUG (7): Starting Subscriber Opt-In process for store: Retail (1)
2015-04-01T18:45:06+00:00 DEBUG (7): Starting Subscriber Opt-In process for store: Wholesale (2)
2015-04-01T19:00:02+00:00 DEBUG (7): Starting Subscriber Opt-In process for store: Admin (0)
2015-04-01T19:00:02+00:00 DEBUG (7): Starting Subscriber Opt-In process for store: International (3)
2015-04-01T19:00:02+00:00 DEBUG (7): Starting Subscriber Opt-In process for store: Retail (1)
2015-04-01T19:00:03+00:00 DEBUG (7): Starting Subscriber Opt-In process for store: Wholesale (2)
2015-04-01T19:20:02+00:00 DEBUG (7): Starting Subscriber Opt-In process for store: Admin (0)
2015-04-01T19:20:02+00:00 DEBUG (7): Starting Subscriber Opt-In process for store: International (3)
2015-04-01T19:20:02+00:00 DEBUG (7): Starting Subscriber Opt-In process for store: Retail (1)
2015-04-01T19:20:03+00:00 DEBUG (7): Starting Subscriber Opt-In process for store: Wholesale (2)
2015-04-01T19:30:02+00:00 DEBUG (7): Starting Subscriber Opt-In process for store: Admin (0)
2015-04-01T19:30:02+00:00 DEBUG (7): Starting Subscriber Opt-In process for store: International (3)
2015-04-01T19:30:02+00:00 DEBUG (7): Starting Subscriber Opt-In process for store: Retail (1)
2015-04-01T19:30:03+00:00 INFO (6):   Adding Contact to list: Bloomingbath.com
2015-04-01T19:30:03+00:00 INFO (6):   Setting Contact (josierdh@gmail.com) status to: active
2015-04-01T19:30:04+00:00 DEBUG (7): Starting Subscriber Opt-In process for store: Wholesale (2)
2015-04-01T19:45:02+00:00 DEBUG (7): Starting Subscriber Opt-In process for store: Admin (0)
2015-04-01T19:45:02+00:00 DEBUG (7): Starting Subscriber Opt-In process for store: International (3)
2015-04-01T19:45:02+00:00 DEBUG (7): Starting Subscriber Opt-In process for store: Retail (1)
2015-04-01T19:45:03+00:00 DEBUG (7): Starting Subscriber Opt-In process for store: Wholesale (2)
2015-04-01T19:53:46+00:00 DEBUG (7): No subscription status found in session.
2015-04-01T20:00:05+00:00 DEBUG (7): Starting Subscriber Opt-In process for store: Admin (0)
2015-04-01T20:00:05+00:00 DEBUG (7): Starting Subscriber Opt-In process for store: International (3)
2015-04-01T20:00:05+00:00 DEBUG (7): Starting Subscriber Opt-In process for store: Retail (1)
2015-04-01T20:00:05+00:00 INFO (6):   Adding Contact to list: Bloomingbath.com
2015-04-01T20:00:05+00:00 INFO (6):   Setting Contact (spdwife14@gmail.com) status to: active
2015-04-01T20:00:05+00:00 DEBUG (7): Starting Subscriber Opt-In process for store: Wholesale (2)
2015-04-01T20:15:02+00:00 DEBUG (7): Starting Subscriber Opt-In process for store: Admin (0)
2015-04-01T20:15:02+00:00 DEBUG (7): Starting Subscriber Opt-In process for store: International (3)
2015-04-01T20:15:02+00:00 DEBUG (7): Starting Subscriber Opt-In process for store: Retail (1)
2015-04-01T20:15:03+00:00 DEBUG (7): Starting Subscriber Opt-In process for store: Wholesale (2)
2015-04-01T20:30:05+00:00 DEBUG (7): Starting Subscriber Opt-In process for store: Admin (0)
2015-04-01T20:30:05+00:00 DEBUG (7): Starting Subscriber Opt-In process for store: International (3)
2015-04-01T20:30:05+00:00 DEBUG (7): Starting Subscriber Opt-In process for store: Retail (1)
2015-04-01T20:30:05+00:00 DEBUG (7): Starting Subscriber Opt-In process for store: Wholesale (2)
2015-04-01T20:45:04+00:00 DEBUG (7): Starting Subscriber Opt-In process for store: Admin (0)
2015-04-01T20:45:04+00:00 DEBUG (7): Starting Subscriber Opt-In process for store: International (3)
2015-04-01T20:45:04+00:00 DEBUG (7): Starting Subscriber Opt-In process for store: Retail (1)
2015-04-01T20:45:04+00:00 DEBUG (7): Starting Subscriber Opt-In process for store: Wholesale (2)
2015-04-01T21:00:02+00:00 DEBUG (7): Starting Subscriber Opt-In process for store: Admin (0)
2015-04-01T21:00:02+00:00 DEBUG (7): Starting Subscriber Opt-In process for store: International (3)
2015-04-01T21:00:02+00:00 DEBUG (7): Starting Subscriber Opt-In process for store: Retail (1)
2015-04-01T21:00:03+00:00 INFO (6):   Adding Contact to list: Bloomingbath.com
2015-04-01T21:00:03+00:00 INFO (6):   Setting Contact (stefespi@hotmail.com) status to: active
2015-04-01T21:00:04+00:00 INFO (6):   Adding Contact to list: Bloomingbath.com
2015-04-01T21:00:04+00:00 INFO (6):   Setting Contact (spazzy_hair@yahoo.com) status to: active
2015-04-01T21:00:04+00:00 DEBUG (7): Starting Subscriber Opt-In process for store: Wholesale (2)
2015-04-01T21:15:02+00:00 DEBUG (7): Starting Subscriber Opt-In process for store: Admin (0)
2015-04-01T21:15:02+00:00 DEBUG (7): Starting Subscriber Opt-In process for store: International (3)
2015-04-01T21:15:02+00:00 DEBUG (7): Starting Subscriber Opt-In process for store: Retail (1)
2015-04-01T21:15:03+00:00 DEBUG (7): Starting Subscriber Opt-In process for store: Wholesale (2)
2015-04-01T21:30:02+00:00 DEBUG (7): Starting Subscriber Opt-In process for store: Admin (0)
2015-04-01T21:30:02+00:00 DEBUG (7): Starting Subscriber Opt-In process for store: International (3)
2015-04-01T21:30:02+00:00 DEBUG (7): Starting Subscriber Opt-In process for store: Retail (1)
2015-04-01T21:30:03+00:00 DEBUG (7): Starting Subscriber Opt-In process for store: Wholesale (2)
2015-04-01T21:45:05+00:00 DEBUG (7): Starting Subscriber Opt-In process for store: Admin (0)
2015-04-01T21:45:05+00:00 DEBUG (7): Starting Subscriber Opt-In process for store: International (3)
2015-04-01T21:45:05+00:00 DEBUG (7): Starting Subscriber Opt-In process for store: Retail (1)
2015-04-01T21:45:05+00:00 DEBUG (7): Starting Subscriber Opt-In process for store: Wholesale (2)
2015-04-01T22:00:03+00:00 DEBUG (7): Starting Subscriber Opt-In process for store: Admin (0)
2015-04-01T22:00:03+00:00 DEBUG (7): Starting Subscriber Opt-In process for store: International (3)
2015-04-01T22:00:03+00:00 DEBUG (7): Starting Subscriber Opt-In process for store: Retail (1)
2015-04-01T22:00:03+00:00 DEBUG (7): Starting Subscriber Opt-In process for store: Wholesale (2)
2015-04-01T22:15:04+00:00 DEBUG (7): Starting Subscriber Opt-In process for store: Admin (0)
2015-04-01T22:15:04+00:00 DEBUG (7): Starting Subscriber Opt-In process for store: International (3)
2015-04-01T22:15:04+00:00 DEBUG (7): Starting Subscriber Opt-In process for store: Retail (1)
2015-04-01T22:15:05+00:00 DEBUG (7): Starting Subscriber Opt-In process for store: Wholesale (2)
2015-04-01T22:30:02+00:00 DEBUG (7): Starting Subscriber Opt-In process for store: Admin (0)
2015-04-01T22:30:02+00:00 DEBUG (7): Starting Subscriber Opt-In process for store: International (3)
2015-04-01T22:30:02+00:00 DEBUG (7): Starting Subscriber Opt-In process for store: Retail (1)
2015-04-01T22:30:03+00:00 DEBUG (7): Starting Subscriber Opt-In process for store: Wholesale (2)
2015-04-01T22:45:02+00:00 DEBUG (7): Starting Subscriber Opt-In process for store: Admin (0)
2015-04-01T22:45:02+00:00 DEBUG (7): Starting Subscriber Opt-In process for store: International (3)
2015-04-01T22:45:02+00:00 DEBUG (7): Starting Subscriber Opt-In process for store: Retail (1)
2015-04-01T22:45:03+00:00 DEBUG (7): Starting Subscriber Opt-In process for store: Wholesale (2)
2015-04-01T22:57:16+00:00 DEBUG (7): No subscription status found in session.
2015-04-01T23:00:04+00:00 DEBUG (7): Starting Subscriber Opt-In process for store: Admin (0)
2015-04-01T23:00:04+00:00 DEBUG (7): Starting Subscriber Opt-In process for store: International (3)
2015-04-01T23:00:04+00:00 DEBUG (7): Starting Subscriber Opt-In process for store: Retail (1)
2015-04-01T23:00:04+00:00 INFO (6):   Adding Contact to list: Bloomingbath.com
2015-04-01T23:00:04+00:00 INFO (6):   Setting Contact (jocelynvalerie@yahoo.com) status to: active
2015-04-01T23:00:05+00:00 INFO (6):   Adding Contact to list: Bloomingbath.com
2015-04-01T23:00:05+00:00 INFO (6):   Setting Contact (knkraiser@gmail.com) status to: active
2015-04-01T23:00:05+00:00 DEBUG (7): Starting Subscriber Opt-In process for store: Wholesale (2)
2015-04-01T23:05:14+00:00 DEBUG (7): No subscription status found in session.
2015-04-01T23:15:04+00:00 DEBUG (7): Starting Subscriber Opt-In process for store: Admin (0)
2015-04-01T23:15:04+00:00 DEBUG (7): Starting Subscriber Opt-In process for store: International (3)
2015-04-01T23:15:04+00:00 DEBUG (7): Starting Subscriber Opt-In process for store: Retail (1)
2015-04-01T23:15:04+00:00 DEBUG (7): Starting Subscriber Opt-In process for store: Wholesale (2)
2015-04-01T23:30:02+00:00 DEBUG (7): Starting Subscriber Opt-In process for store: Admin (0)
2015-04-01T23:30:02+00:00 DEBUG (7): Starting Subscriber Opt-In process for store: International (3)
2015-04-01T23:30:02+00:00 DEBUG (7): Starting Subscriber Opt-In process for store: Retail (1)
2015-04-01T23:30:03+00:00 DEBUG (7): Starting Subscriber Opt-In process for store: Wholesale (2)
2015-04-01T23:45:04+00:00 DEBUG (7): Starting Subscriber Opt-In process for store: Admin (0)
2015-04-01T23:45:04+00:00 DEBUG (7): Starting Subscriber Opt-In process for store: International (3)
2015-04-01T23:45:04+00:00 DEBUG (7): Starting Subscriber Opt-In process for store: Retail (1)
2015-04-01T23:45:04+00:00 DEBUG (7): Starting Subscriber Opt-In process for store: Wholesale (2)
