2015-04-23T00:00:02+00:00 DEBUG (7): Starting Subscriber Opt-In process for store: Admin (0)
2015-04-23T00:00:02+00:00 DEBUG (7): Starting Subscriber Opt-In process for store: International (3)
2015-04-23T00:00:02+00:00 DEBUG (7): Starting Subscriber Opt-In process for store: Retail (1)
2015-04-23T00:00:03+00:00 DEBUG (7): Starting Subscriber Opt-In process for store: Wholesale (2)
2015-04-23T00:15:04+00:00 DEBUG (7): Starting Subscriber Opt-In process for store: Admin (0)
2015-04-23T00:15:04+00:00 DEBUG (7): Starting Subscriber Opt-In process for store: International (3)
2015-04-23T00:15:04+00:00 DEBUG (7): Starting Subscriber Opt-In process for store: Retail (1)
2015-04-23T00:15:05+00:00 DEBUG (7): Starting Subscriber Opt-In process for store: Wholesale (2)
2015-04-23T00:30:02+00:00 DEBUG (7): Starting Subscriber Opt-In process for store: Admin (0)
2015-04-23T00:30:02+00:00 DEBUG (7): Starting Subscriber Opt-In process for store: International (3)
2015-04-23T00:30:02+00:00 DEBUG (7): Starting Subscriber Opt-In process for store: Retail (1)
2015-04-23T00:30:04+00:00 INFO (6):   Adding Contact to list: Bloomingbath.com
2015-04-23T00:30:04+00:00 INFO (6):   Setting Contact (dezareegonzales@ymail.com) status to: active
2015-04-23T00:30:04+00:00 DEBUG (7): Starting Subscriber Opt-In process for store: Wholesale (2)
2015-04-23T00:31:20+00:00 DEBUG (7): No subscription status found in session.
2015-04-23T00:45:12+00:00 DEBUG (7): Starting Subscriber Opt-In process for store: Admin (0)
2015-04-23T00:45:12+00:00 DEBUG (7): Starting Subscriber Opt-In process for store: International (3)
2015-04-23T00:45:12+00:00 DEBUG (7): Starting Subscriber Opt-In process for store: Retail (1)
2015-04-23T00:45:13+00:00 DEBUG (7): Starting Subscriber Opt-In process for store: Wholesale (2)
2015-04-23T00:47:27+00:00 DEBUG (7): No subscription status found in session.
2015-04-23T01:00:04+00:00 DEBUG (7): Starting Subscriber Opt-In process for store: Admin (0)
2015-04-23T01:00:04+00:00 DEBUG (7): Starting Subscriber Opt-In process for store: International (3)
2015-04-23T01:00:04+00:00 DEBUG (7): Starting Subscriber Opt-In process for store: Retail (1)
2015-04-23T01:00:05+00:00 INFO (6):   Adding Contact to list: Bloomingbath.com
2015-04-23T01:00:05+00:00 INFO (6):   Setting Contact (carvellnet@cimtel.net) status to: active
2015-04-23T01:00:05+00:00 DEBUG (7): Starting Subscriber Opt-In process for store: Wholesale (2)
2015-04-23T01:10:34+00:00 DEBUG (7): No subscription status found in session.
2015-04-23T01:15:04+00:00 DEBUG (7): Starting Subscriber Opt-In process for store: Admin (0)
2015-04-23T01:15:04+00:00 DEBUG (7): Starting Subscriber Opt-In process for store: International (3)
2015-04-23T01:15:04+00:00 DEBUG (7): Starting Subscriber Opt-In process for store: Retail (1)
2015-04-23T01:15:05+00:00 INFO (6):   Adding Contact to list: Bloomingbath.com
2015-04-23T01:15:05+00:00 INFO (6):   Setting Contact (Caseykay19@gmail.com) status to: active
2015-04-23T01:15:05+00:00 DEBUG (7): Starting Subscriber Opt-In process for store: Wholesale (2)
2015-04-23T01:26:11+00:00 DEBUG (7): No subscription status found in session.
2015-04-23T01:30:04+00:00 DEBUG (7): Starting Subscriber Opt-In process for store: Admin (0)
2015-04-23T01:30:04+00:00 DEBUG (7): Starting Subscriber Opt-In process for store: International (3)
2015-04-23T01:30:04+00:00 DEBUG (7): Starting Subscriber Opt-In process for store: Retail (1)
2015-04-23T01:30:04+00:00 INFO (6):   Adding Contact to list: Bloomingbath.com
2015-04-23T01:30:04+00:00 INFO (6):   Setting Contact (jurisprudence_law@yahoo.com) status to: active
2015-04-23T01:30:04+00:00 DEBUG (7): Starting Subscriber Opt-In process for store: Wholesale (2)
2015-04-23T01:45:02+00:00 DEBUG (7): Starting Subscriber Opt-In process for store: Admin (0)
2015-04-23T01:45:02+00:00 DEBUG (7): Starting Subscriber Opt-In process for store: International (3)
2015-04-23T01:45:02+00:00 DEBUG (7): Starting Subscriber Opt-In process for store: Retail (1)
2015-04-23T01:45:04+00:00 INFO (6):   Adding Contact to list: Bloomingbath.com
2015-04-23T01:45:04+00:00 INFO (6):   Setting Contact (bina1183@aol.com) status to: active
2015-04-23T01:45:04+00:00 DEBUG (7): Starting Subscriber Opt-In process for store: Wholesale (2)
2015-04-23T02:05:03+00:00 DEBUG (7): Starting Subscriber Opt-In process for store: Admin (0)
2015-04-23T02:05:03+00:00 DEBUG (7): Starting Subscriber Opt-In process for store: International (3)
2015-04-23T02:05:03+00:00 DEBUG (7): Starting Subscriber Opt-In process for store: Retail (1)
2015-04-23T02:05:04+00:00 INFO (6):   Adding Contact to list: Bloomingbath.com
2015-04-23T02:05:04+00:00 INFO (6):   Setting Contact (kristiarmour@yahoo.com) status to: active
2015-04-23T02:05:04+00:00 DEBUG (7): Starting Subscriber Opt-In process for store: Wholesale (2)
2015-04-23T02:15:08+00:00 DEBUG (7): Starting Subscriber Opt-In process for store: Admin (0)
2015-04-23T02:15:08+00:00 DEBUG (7): Starting Subscriber Opt-In process for store: International (3)
2015-04-23T02:15:08+00:00 DEBUG (7): Starting Subscriber Opt-In process for store: Retail (1)
2015-04-23T02:15:09+00:00 DEBUG (7): Starting Subscriber Opt-In process for store: Wholesale (2)
2015-04-23T02:19:45+00:00 DEBUG (7): No subscription status found in session.
2015-04-23T02:30:05+00:00 DEBUG (7): Starting Subscriber Opt-In process for store: Admin (0)
2015-04-23T02:30:05+00:00 DEBUG (7): Starting Subscriber Opt-In process for store: International (3)
2015-04-23T02:30:05+00:00 DEBUG (7): Starting Subscriber Opt-In process for store: Retail (1)
2015-04-23T02:30:05+00:00 DEBUG (7): Starting Subscriber Opt-In process for store: Wholesale (2)
2015-04-23T02:38:49+00:00 DEBUG (7): No subscription status found in session.
2015-04-23T02:45:05+00:00 DEBUG (7): Starting Subscriber Opt-In process for store: Admin (0)
2015-04-23T02:45:05+00:00 DEBUG (7): Starting Subscriber Opt-In process for store: International (3)
2015-04-23T02:45:05+00:00 DEBUG (7): Starting Subscriber Opt-In process for store: Retail (1)
2015-04-23T02:45:05+00:00 INFO (6):   Adding Contact to list: Bloomingbath.com
2015-04-23T02:45:05+00:00 INFO (6):   Setting Contact (candysutton9@gmail.com) status to: active
2015-04-23T02:45:06+00:00 INFO (6):   Adding Contact to list: Bloomingbath.com
2015-04-23T02:45:06+00:00 INFO (6):   Setting Contact (Mjkcornell@yahoo.com) status to: active
2015-04-23T02:45:06+00:00 DEBUG (7): Starting Subscriber Opt-In process for store: Wholesale (2)
2015-04-23T03:00:05+00:00 DEBUG (7): Starting Subscriber Opt-In process for store: Admin (0)
2015-04-23T03:00:05+00:00 DEBUG (7): Starting Subscriber Opt-In process for store: International (3)
2015-04-23T03:00:05+00:00 DEBUG (7): Starting Subscriber Opt-In process for store: Retail (1)
2015-04-23T03:00:05+00:00 DEBUG (7): Starting Subscriber Opt-In process for store: Wholesale (2)
2015-04-23T03:20:02+00:00 DEBUG (7): Starting Subscriber Opt-In process for store: Admin (0)
2015-04-23T03:20:02+00:00 DEBUG (7): Starting Subscriber Opt-In process for store: International (3)
2015-04-23T03:20:02+00:00 DEBUG (7): Starting Subscriber Opt-In process for store: Retail (1)
2015-04-23T03:20:06+00:00 INFO (6):   Adding Contact to list: Bloomingbath.com
2015-04-23T03:20:06+00:00 INFO (6):   Setting Contact (hannahbaylis91@gmail.com) status to: active
2015-04-23T03:20:06+00:00 DEBUG (7): Starting Subscriber Opt-In process for store: Wholesale (2)
2015-04-23T03:30:03+00:00 DEBUG (7): Starting Subscriber Opt-In process for store: Admin (0)
2015-04-23T03:30:03+00:00 DEBUG (7): Starting Subscriber Opt-In process for store: International (3)
2015-04-23T03:30:03+00:00 DEBUG (7): Starting Subscriber Opt-In process for store: Retail (1)
2015-04-23T03:30:06+00:00 DEBUG (7): Starting Subscriber Opt-In process for store: Wholesale (2)
2015-04-23T03:45:02+00:00 DEBUG (7): Starting Subscriber Opt-In process for store: Admin (0)
2015-04-23T03:45:02+00:00 DEBUG (7): Starting Subscriber Opt-In process for store: International (3)
2015-04-23T03:45:02+00:00 DEBUG (7): Starting Subscriber Opt-In process for store: Retail (1)
2015-04-23T03:45:03+00:00 INFO (6):   Adding Contact to list: Bloomingbath.com
2015-04-23T03:45:03+00:00 INFO (6):   Setting Contact (naughtonadams@gmail.com) status to: active
2015-04-23T03:45:03+00:00 INFO (6):   Adding Contact to list: Bloomingbath.com
2015-04-23T03:45:03+00:00 INFO (6):   Setting Contact (alycia.lacey@live.com.au) status to: active
2015-04-23T03:45:04+00:00 DEBUG (7): Starting Subscriber Opt-In process for store: Wholesale (2)
2015-04-23T04:00:02+00:00 DEBUG (7): Starting Subscriber Opt-In process for store: Admin (0)
2015-04-23T04:00:02+00:00 DEBUG (7): Starting Subscriber Opt-In process for store: International (3)
2015-04-23T04:00:02+00:00 DEBUG (7): Starting Subscriber Opt-In process for store: Retail (1)
2015-04-23T04:00:03+00:00 DEBUG (7): Starting Subscriber Opt-In process for store: Wholesale (2)
2015-04-23T04:07:15+00:00 DEBUG (7): No subscription status found in session.
2015-04-23T04:15:05+00:00 DEBUG (7): Starting Subscriber Opt-In process for store: Admin (0)
2015-04-23T04:15:05+00:00 DEBUG (7): Starting Subscriber Opt-In process for store: International (3)
2015-04-23T04:15:05+00:00 DEBUG (7): Starting Subscriber Opt-In process for store: Retail (1)
2015-04-23T04:15:05+00:00 DEBUG (7): Starting Subscriber Opt-In process for store: Wholesale (2)
2015-04-23T04:30:02+00:00 DEBUG (7): Starting Subscriber Opt-In process for store: Admin (0)
2015-04-23T04:30:02+00:00 DEBUG (7): Starting Subscriber Opt-In process for store: International (3)
2015-04-23T04:30:02+00:00 DEBUG (7): Starting Subscriber Opt-In process for store: Retail (1)
2015-04-23T04:30:03+00:00 DEBUG (7): Starting Subscriber Opt-In process for store: Wholesale (2)
2015-04-23T04:45:02+00:00 DEBUG (7): Starting Subscriber Opt-In process for store: Admin (0)
2015-04-23T04:45:02+00:00 DEBUG (7): Starting Subscriber Opt-In process for store: International (3)
2015-04-23T04:45:02+00:00 DEBUG (7): Starting Subscriber Opt-In process for store: Retail (1)
2015-04-23T04:45:03+00:00 DEBUG (7): Starting Subscriber Opt-In process for store: Wholesale (2)
2015-04-23T05:00:02+00:00 DEBUG (7): Starting Subscriber Opt-In process for store: Admin (0)
2015-04-23T05:00:02+00:00 DEBUG (7): Starting Subscriber Opt-In process for store: International (3)
2015-04-23T05:00:02+00:00 DEBUG (7): Starting Subscriber Opt-In process for store: Retail (1)
2015-04-23T05:00:04+00:00 DEBUG (7): Starting Subscriber Opt-In process for store: Wholesale (2)
2015-04-23T05:15:02+00:00 DEBUG (7): Starting Subscriber Opt-In process for store: Admin (0)
2015-04-23T05:15:02+00:00 DEBUG (7): Starting Subscriber Opt-In process for store: International (3)
2015-04-23T05:15:02+00:00 DEBUG (7): Starting Subscriber Opt-In process for store: Retail (1)
2015-04-23T05:15:03+00:00 DEBUG (7): Starting Subscriber Opt-In process for store: Wholesale (2)
2015-04-23T05:30:02+00:00 DEBUG (7): Starting Subscriber Opt-In process for store: Admin (0)
2015-04-23T05:30:02+00:00 DEBUG (7): Starting Subscriber Opt-In process for store: International (3)
2015-04-23T05:30:02+00:00 DEBUG (7): Starting Subscriber Opt-In process for store: Retail (1)
2015-04-23T05:30:03+00:00 DEBUG (7): Starting Subscriber Opt-In process for store: Wholesale (2)
2015-04-23T05:45:02+00:00 DEBUG (7): Starting Subscriber Opt-In process for store: Admin (0)
2015-04-23T05:45:02+00:00 DEBUG (7): Starting Subscriber Opt-In process for store: International (3)
2015-04-23T05:45:02+00:00 DEBUG (7): Starting Subscriber Opt-In process for store: Retail (1)
2015-04-23T05:45:03+00:00 DEBUG (7): Starting Subscriber Opt-In process for store: Wholesale (2)
2015-04-23T06:00:02+00:00 DEBUG (7): Starting Subscriber Opt-In process for store: Admin (0)
2015-04-23T06:00:02+00:00 DEBUG (7): Starting Subscriber Opt-In process for store: International (3)
2015-04-23T06:00:02+00:00 DEBUG (7): Starting Subscriber Opt-In process for store: Retail (1)
2015-04-23T06:00:03+00:00 DEBUG (7): Starting Subscriber Opt-In process for store: Wholesale (2)
2015-04-23T06:15:04+00:00 DEBUG (7): Starting Subscriber Opt-In process for store: Admin (0)
2015-04-23T06:15:04+00:00 DEBUG (7): Starting Subscriber Opt-In process for store: International (3)
2015-04-23T06:15:04+00:00 DEBUG (7): Starting Subscriber Opt-In process for store: Retail (1)
2015-04-23T06:15:07+00:00 DEBUG (7): Starting Subscriber Opt-In process for store: Wholesale (2)
2015-04-23T06:30:02+00:00 DEBUG (7): Starting Subscriber Opt-In process for store: Admin (0)
2015-04-23T06:30:02+00:00 DEBUG (7): Starting Subscriber Opt-In process for store: International (3)
2015-04-23T06:30:02+00:00 DEBUG (7): Starting Subscriber Opt-In process for store: Retail (1)
2015-04-23T06:30:03+00:00 DEBUG (7): Starting Subscriber Opt-In process for store: Wholesale (2)
2015-04-23T06:45:02+00:00 DEBUG (7): Starting Subscriber Opt-In process for store: Admin (0)
2015-04-23T06:45:02+00:00 DEBUG (7): Starting Subscriber Opt-In process for store: International (3)
2015-04-23T06:45:02+00:00 DEBUG (7): Starting Subscriber Opt-In process for store: Retail (1)
2015-04-23T06:45:04+00:00 DEBUG (7): Starting Subscriber Opt-In process for store: Wholesale (2)
2015-04-23T07:05:11+00:00 DEBUG (7): Starting Subscriber Opt-In process for store: Admin (0)
2015-04-23T07:05:11+00:00 DEBUG (7): Starting Subscriber Opt-In process for store: International (3)
2015-04-23T07:05:11+00:00 DEBUG (7): Starting Subscriber Opt-In process for store: Retail (1)
2015-04-23T07:05:12+00:00 DEBUG (7): Starting Subscriber Opt-In process for store: Wholesale (2)
2015-04-23T07:15:02+00:00 DEBUG (7): Starting Subscriber Opt-In process for store: Admin (0)
2015-04-23T07:15:02+00:00 DEBUG (7): Starting Subscriber Opt-In process for store: International (3)
2015-04-23T07:15:02+00:00 DEBUG (7): Starting Subscriber Opt-In process for store: Retail (1)
2015-04-23T07:15:03+00:00 DEBUG (7): Starting Subscriber Opt-In process for store: Wholesale (2)
2015-04-23T07:30:02+00:00 DEBUG (7): Starting Subscriber Opt-In process for store: Admin (0)
2015-04-23T07:30:02+00:00 DEBUG (7): Starting Subscriber Opt-In process for store: International (3)
2015-04-23T07:30:02+00:00 DEBUG (7): Starting Subscriber Opt-In process for store: Retail (1)
2015-04-23T07:30:05+00:00 DEBUG (7): Starting Subscriber Opt-In process for store: Wholesale (2)
2015-04-23T07:50:02+00:00 DEBUG (7): Starting Subscriber Opt-In process for store: Admin (0)
2015-04-23T07:50:02+00:00 DEBUG (7): Starting Subscriber Opt-In process for store: International (3)
2015-04-23T07:50:02+00:00 DEBUG (7): Starting Subscriber Opt-In process for store: Retail (1)
2015-04-23T07:50:03+00:00 DEBUG (7): Starting Subscriber Opt-In process for store: Wholesale (2)
2015-04-23T08:00:32+00:00 DEBUG (7): Starting Subscriber Opt-In process for store: Admin (0)
2015-04-23T08:00:32+00:00 DEBUG (7): Starting Subscriber Opt-In process for store: International (3)
2015-04-23T08:00:32+00:00 DEBUG (7): Starting Subscriber Opt-In process for store: Retail (1)
2015-04-23T08:00:33+00:00 DEBUG (7): Starting Subscriber Opt-In process for store: Wholesale (2)
2015-04-23T08:15:02+00:00 DEBUG (7): Starting Subscriber Opt-In process for store: Admin (0)
2015-04-23T08:15:02+00:00 DEBUG (7): Starting Subscriber Opt-In process for store: International (3)
2015-04-23T08:15:02+00:00 DEBUG (7): Starting Subscriber Opt-In process for store: Retail (1)
2015-04-23T08:15:03+00:00 DEBUG (7): Starting Subscriber Opt-In process for store: Wholesale (2)
2015-04-23T08:30:02+00:00 DEBUG (7): Starting Subscriber Opt-In process for store: Admin (0)
2015-04-23T08:30:02+00:00 DEBUG (7): Starting Subscriber Opt-In process for store: International (3)
2015-04-23T08:30:02+00:00 DEBUG (7): Starting Subscriber Opt-In process for store: Retail (1)
2015-04-23T08:30:03+00:00 DEBUG (7): Starting Subscriber Opt-In process for store: Wholesale (2)
2015-04-23T08:45:02+00:00 DEBUG (7): Starting Subscriber Opt-In process for store: Admin (0)
2015-04-23T08:45:02+00:00 DEBUG (7): Starting Subscriber Opt-In process for store: International (3)
2015-04-23T08:45:02+00:00 DEBUG (7): Starting Subscriber Opt-In process for store: Retail (1)
2015-04-23T08:45:03+00:00 INFO (6):   Adding Contact to list: Bloomingbath.com
2015-04-23T08:45:03+00:00 INFO (6):   Setting Contact (mehzree88@gmail.com) status to: active
2015-04-23T08:45:03+00:00 DEBUG (7): Starting Subscriber Opt-In process for store: Wholesale (2)
2015-04-23T09:00:07+00:00 DEBUG (7): Starting Subscriber Opt-In process for store: Admin (0)
2015-04-23T09:00:07+00:00 DEBUG (7): Starting Subscriber Opt-In process for store: International (3)
2015-04-23T09:00:07+00:00 DEBUG (7): Starting Subscriber Opt-In process for store: Retail (1)
2015-04-23T09:00:08+00:00 DEBUG (7): Starting Subscriber Opt-In process for store: Wholesale (2)
2015-04-23T09:15:02+00:00 DEBUG (7): Starting Subscriber Opt-In process for store: Admin (0)
2015-04-23T09:15:02+00:00 DEBUG (7): Starting Subscriber Opt-In process for store: International (3)
2015-04-23T09:15:02+00:00 DEBUG (7): Starting Subscriber Opt-In process for store: Retail (1)
2015-04-23T09:15:03+00:00 DEBUG (7): Starting Subscriber Opt-In process for store: Wholesale (2)
2015-04-23T09:30:02+00:00 DEBUG (7): Starting Subscriber Opt-In process for store: Admin (0)
2015-04-23T09:30:02+00:00 DEBUG (7): Starting Subscriber Opt-In process for store: International (3)
2015-04-23T09:30:02+00:00 DEBUG (7): Starting Subscriber Opt-In process for store: Retail (1)
2015-04-23T09:30:03+00:00 DEBUG (7): Starting Subscriber Opt-In process for store: Wholesale (2)
2015-04-23T09:45:02+00:00 DEBUG (7): Starting Subscriber Opt-In process for store: Admin (0)
2015-04-23T09:45:02+00:00 DEBUG (7): Starting Subscriber Opt-In process for store: International (3)
2015-04-23T09:45:02+00:00 DEBUG (7): Starting Subscriber Opt-In process for store: Retail (1)
2015-04-23T09:45:03+00:00 DEBUG (7): Starting Subscriber Opt-In process for store: Wholesale (2)
2015-04-23T09:59:19+00:00 DEBUG (7): No subscription status found in session.
2015-04-23T10:00:04+00:00 DEBUG (7): Starting Subscriber Opt-In process for store: Admin (0)
2015-04-23T10:00:04+00:00 DEBUG (7): Starting Subscriber Opt-In process for store: International (3)
2015-04-23T10:00:04+00:00 DEBUG (7): Starting Subscriber Opt-In process for store: Retail (1)
2015-04-23T10:00:04+00:00 DEBUG (7): Starting Subscriber Opt-In process for store: Wholesale (2)
2015-04-23T10:15:02+00:00 DEBUG (7): Starting Subscriber Opt-In process for store: Admin (0)
2015-04-23T10:15:02+00:00 DEBUG (7): Starting Subscriber Opt-In process for store: International (3)
2015-04-23T10:15:02+00:00 DEBUG (7): Starting Subscriber Opt-In process for store: Retail (1)
2015-04-23T10:15:06+00:00 DEBUG (7): Starting Subscriber Opt-In process for store: Wholesale (2)
2015-04-23T10:35:02+00:00 DEBUG (7): Starting Subscriber Opt-In process for store: Admin (0)
2015-04-23T10:35:02+00:00 DEBUG (7): Starting Subscriber Opt-In process for store: International (3)
2015-04-23T10:35:02+00:00 DEBUG (7): Starting Subscriber Opt-In process for store: Retail (1)
2015-04-23T10:35:03+00:00 DEBUG (7): Starting Subscriber Opt-In process for store: Wholesale (2)
2015-04-23T10:45:02+00:00 DEBUG (7): Starting Subscriber Opt-In process for store: Admin (0)
2015-04-23T10:45:02+00:00 DEBUG (7): Starting Subscriber Opt-In process for store: International (3)
2015-04-23T10:45:02+00:00 DEBUG (7): Starting Subscriber Opt-In process for store: Retail (1)
2015-04-23T10:45:03+00:00 DEBUG (7): Starting Subscriber Opt-In process for store: Wholesale (2)
2015-04-23T11:00:02+00:00 DEBUG (7): Starting Subscriber Opt-In process for store: Admin (0)
2015-04-23T11:00:02+00:00 DEBUG (7): Starting Subscriber Opt-In process for store: International (3)
2015-04-23T11:00:02+00:00 DEBUG (7): Starting Subscriber Opt-In process for store: Retail (1)
2015-04-23T11:00:03+00:00 DEBUG (7): Starting Subscriber Opt-In process for store: Wholesale (2)
2015-04-23T11:15:02+00:00 DEBUG (7): Starting Subscriber Opt-In process for store: Admin (0)
2015-04-23T11:15:02+00:00 DEBUG (7): Starting Subscriber Opt-In process for store: International (3)
2015-04-23T11:15:02+00:00 DEBUG (7): Starting Subscriber Opt-In process for store: Retail (1)
2015-04-23T11:15:03+00:00 DEBUG (7): Starting Subscriber Opt-In process for store: Wholesale (2)
2015-04-23T11:30:02+00:00 DEBUG (7): Starting Subscriber Opt-In process for store: Admin (0)
2015-04-23T11:30:02+00:00 DEBUG (7): Starting Subscriber Opt-In process for store: International (3)
2015-04-23T11:30:02+00:00 DEBUG (7): Starting Subscriber Opt-In process for store: Retail (1)
2015-04-23T11:30:14+00:00 DEBUG (7): Starting Subscriber Opt-In process for store: Wholesale (2)
2015-04-23T11:39:01+00:00 DEBUG (7): No subscription status found in session.
2015-04-23T11:45:04+00:00 DEBUG (7): Starting Subscriber Opt-In process for store: Admin (0)
2015-04-23T11:45:04+00:00 DEBUG (7): Starting Subscriber Opt-In process for store: International (3)
2015-04-23T11:45:04+00:00 DEBUG (7): Starting Subscriber Opt-In process for store: Retail (1)
2015-04-23T11:45:04+00:00 DEBUG (7): Starting Subscriber Opt-In process for store: Wholesale (2)
2015-04-23T12:00:03+00:00 DEBUG (7): Starting Subscriber Opt-In process for store: Admin (0)
2015-04-23T12:00:03+00:00 DEBUG (7): Starting Subscriber Opt-In process for store: International (3)
2015-04-23T12:00:03+00:00 DEBUG (7): Starting Subscriber Opt-In process for store: Retail (1)
2015-04-23T12:00:07+00:00 DEBUG (7): Starting Subscriber Opt-In process for store: Wholesale (2)
2015-04-23T12:20:02+00:00 DEBUG (7): Starting Subscriber Opt-In process for store: Admin (0)
2015-04-23T12:20:02+00:00 DEBUG (7): Starting Subscriber Opt-In process for store: International (3)
2015-04-23T12:20:02+00:00 DEBUG (7): Starting Subscriber Opt-In process for store: Retail (1)
2015-04-23T12:20:05+00:00 DEBUG (7): Starting Subscriber Opt-In process for store: Wholesale (2)
2015-04-23T12:30:03+00:00 DEBUG (7): Starting Subscriber Opt-In process for store: Admin (0)
2015-04-23T12:30:03+00:00 DEBUG (7): Starting Subscriber Opt-In process for store: International (3)
2015-04-23T12:30:03+00:00 DEBUG (7): Starting Subscriber Opt-In process for store: Retail (1)
2015-04-23T12:30:04+00:00 DEBUG (7): Starting Subscriber Opt-In process for store: Wholesale (2)
2015-04-23T12:45:02+00:00 DEBUG (7): Starting Subscriber Opt-In process for store: Admin (0)
2015-04-23T12:45:02+00:00 DEBUG (7): Starting Subscriber Opt-In process for store: International (3)
2015-04-23T12:45:02+00:00 DEBUG (7): Starting Subscriber Opt-In process for store: Retail (1)
2015-04-23T12:45:05+00:00 DEBUG (7): Starting Subscriber Opt-In process for store: Wholesale (2)
2015-04-23T13:00:02+00:00 DEBUG (7): Starting Subscriber Opt-In process for store: Admin (0)
2015-04-23T13:00:02+00:00 DEBUG (7): Starting Subscriber Opt-In process for store: International (3)
2015-04-23T13:00:02+00:00 DEBUG (7): Starting Subscriber Opt-In process for store: Retail (1)
2015-04-23T13:00:05+00:00 DEBUG (7): Starting Subscriber Opt-In process for store: Wholesale (2)
2015-04-23T13:15:02+00:00 DEBUG (7): Starting Subscriber Opt-In process for store: Admin (0)
2015-04-23T13:15:02+00:00 DEBUG (7): Starting Subscriber Opt-In process for store: International (3)
2015-04-23T13:15:02+00:00 DEBUG (7): Starting Subscriber Opt-In process for store: Retail (1)
2015-04-23T13:15:04+00:00 DEBUG (7): Starting Subscriber Opt-In process for store: Wholesale (2)
2015-04-23T13:30:02+00:00 DEBUG (7): Starting Subscriber Opt-In process for store: Admin (0)
2015-04-23T13:30:02+00:00 DEBUG (7): Starting Subscriber Opt-In process for store: International (3)
2015-04-23T13:30:02+00:00 DEBUG (7): Starting Subscriber Opt-In process for store: Retail (1)
2015-04-23T13:30:08+00:00 DEBUG (7): Starting Subscriber Opt-In process for store: Wholesale (2)
2015-04-23T13:45:02+00:00 DEBUG (7): Starting Subscriber Opt-In process for store: Admin (0)
2015-04-23T13:45:02+00:00 DEBUG (7): Starting Subscriber Opt-In process for store: International (3)
2015-04-23T13:45:02+00:00 DEBUG (7): Starting Subscriber Opt-In process for store: Retail (1)
2015-04-23T13:45:13+00:00 DEBUG (7): Starting Subscriber Opt-In process for store: Wholesale (2)
2015-04-23T13:50:23+00:00 DEBUG (7): No subscription status found in session.
2015-04-23T14:05:09+00:00 DEBUG (7): Starting Subscriber Opt-In process for store: Admin (0)
2015-04-23T14:05:09+00:00 DEBUG (7): Starting Subscriber Opt-In process for store: International (3)
2015-04-23T14:05:09+00:00 DEBUG (7): Starting Subscriber Opt-In process for store: Retail (1)
2015-04-23T14:05:09+00:00 DEBUG (7): Starting Subscriber Opt-In process for store: Wholesale (2)
2015-04-23T14:15:02+00:00 DEBUG (7): Starting Subscriber Opt-In process for store: Admin (0)
2015-04-23T14:15:02+00:00 DEBUG (7): Starting Subscriber Opt-In process for store: International (3)
2015-04-23T14:15:02+00:00 DEBUG (7): Starting Subscriber Opt-In process for store: Retail (1)
2015-04-23T14:15:04+00:00 DEBUG (7): Starting Subscriber Opt-In process for store: Wholesale (2)
2015-04-23T14:30:02+00:00 DEBUG (7): Starting Subscriber Opt-In process for store: Admin (0)
2015-04-23T14:30:02+00:00 DEBUG (7): Starting Subscriber Opt-In process for store: International (3)
2015-04-23T14:30:02+00:00 DEBUG (7): Starting Subscriber Opt-In process for store: Retail (1)
2015-04-23T14:30:03+00:00 DEBUG (7): Starting Subscriber Opt-In process for store: Wholesale (2)
2015-04-23T14:45:02+00:00 DEBUG (7): Starting Subscriber Opt-In process for store: Admin (0)
2015-04-23T14:45:02+00:00 DEBUG (7): Starting Subscriber Opt-In process for store: International (3)
2015-04-23T14:45:02+00:00 DEBUG (7): Starting Subscriber Opt-In process for store: Retail (1)
2015-04-23T14:45:07+00:00 INFO (6):   Adding Contact to list: Bloomingbath.com
2015-04-23T14:45:07+00:00 INFO (6):   Setting Contact (jordanpapa13@gmail.com) status to: active
2015-04-23T14:45:07+00:00 DEBUG (7): Starting Subscriber Opt-In process for store: Wholesale (2)
2015-04-23T15:00:03+00:00 DEBUG (7): Starting Subscriber Opt-In process for store: Admin (0)
2015-04-23T15:00:03+00:00 DEBUG (7): Starting Subscriber Opt-In process for store: International (3)
2015-04-23T15:00:03+00:00 DEBUG (7): Starting Subscriber Opt-In process for store: Retail (1)
2015-04-23T15:00:04+00:00 DEBUG (7): Starting Subscriber Opt-In process for store: Wholesale (2)
2015-04-23T15:15:06+00:00 DEBUG (7): Starting Subscriber Opt-In process for store: Admin (0)
2015-04-23T15:15:06+00:00 DEBUG (7): Starting Subscriber Opt-In process for store: International (3)
2015-04-23T15:15:06+00:00 DEBUG (7): Starting Subscriber Opt-In process for store: Retail (1)
2015-04-23T15:15:06+00:00 DEBUG (7): Starting Subscriber Opt-In process for store: Wholesale (2)
2015-04-23T15:27:23+00:00 DEBUG (7): No subscription status found in session.
2015-04-23T15:30:02+00:00 DEBUG (7): No subscription status found in session.
2015-04-23T15:30:06+00:00 DEBUG (7): Starting Subscriber Opt-In process for store: Admin (0)
2015-04-23T15:30:06+00:00 DEBUG (7): Starting Subscriber Opt-In process for store: International (3)
2015-04-23T15:30:06+00:00 DEBUG (7): Starting Subscriber Opt-In process for store: Retail (1)
2015-04-23T15:30:06+00:00 INFO (6):   Adding Contact to list: Bloomingbath.com
2015-04-23T15:30:06+00:00 INFO (6):   Setting Contact (bv_duggan@hotmail.com) status to: active
2015-04-23T15:30:07+00:00 INFO (6):   Adding Contact to list: Bloomingbath.com
2015-04-23T15:30:07+00:00 INFO (6):   Setting Contact (handy6@comcast.net) status to: active
2015-04-23T15:30:07+00:00 DEBUG (7): Starting Subscriber Opt-In process for store: Wholesale (2)
2015-04-23T15:45:04+00:00 DEBUG (7): Starting Subscriber Opt-In process for store: Admin (0)
2015-04-23T15:45:04+00:00 DEBUG (7): Starting Subscriber Opt-In process for store: International (3)
2015-04-23T15:45:04+00:00 DEBUG (7): Starting Subscriber Opt-In process for store: Retail (1)
2015-04-23T15:45:04+00:00 DEBUG (7): Starting Subscriber Opt-In process for store: Wholesale (2)
2015-04-23T15:59:43+00:00 DEBUG (7): No subscription status found in session.
2015-04-23T16:00:04+00:00 DEBUG (7): Starting Subscriber Opt-In process for store: Admin (0)
2015-04-23T16:00:04+00:00 DEBUG (7): Starting Subscriber Opt-In process for store: International (3)
2015-04-23T16:00:04+00:00 DEBUG (7): Starting Subscriber Opt-In process for store: Retail (1)
2015-04-23T16:00:05+00:00 DEBUG (7): Starting Subscriber Opt-In process for store: Wholesale (2)
2015-04-23T16:20:17+00:00 DEBUG (7): Starting Subscriber Opt-In process for store: Admin (0)
2015-04-23T16:20:17+00:00 DEBUG (7): Starting Subscriber Opt-In process for store: International (3)
2015-04-23T16:20:17+00:00 DEBUG (7): Starting Subscriber Opt-In process for store: Retail (1)
2015-04-23T16:20:18+00:00 INFO (6):   Adding Contact to list: Bloomingbath.com
2015-04-23T16:20:18+00:00 INFO (6):   Setting Contact (paisleismom@yahoo.com) status to: active
2015-04-23T16:20:18+00:00 INFO (6):   Adding Contact to list: Bloomingbath.com
2015-04-23T16:20:18+00:00 INFO (6):   Setting Contact (Naomi.lechtenberg@gmail.com) status to: active
2015-04-23T16:20:18+00:00 DEBUG (7): Starting Subscriber Opt-In process for store: Wholesale (2)
2015-04-23T16:30:08+00:00 DEBUG (7): Starting Subscriber Opt-In process for store: Admin (0)
2015-04-23T16:30:08+00:00 DEBUG (7): Starting Subscriber Opt-In process for store: International (3)
2015-04-23T16:30:08+00:00 DEBUG (7): Starting Subscriber Opt-In process for store: Retail (1)
2015-04-23T16:30:09+00:00 DEBUG (7): Starting Subscriber Opt-In process for store: Wholesale (2)
2015-04-23T16:31:19+00:00 DEBUG (7): No subscription status found in session.
2015-04-23T16:45:17+00:00 DEBUG (7): Starting Subscriber Opt-In process for store: Admin (0)
2015-04-23T16:45:17+00:00 DEBUG (7): Starting Subscriber Opt-In process for store: International (3)
2015-04-23T16:45:17+00:00 DEBUG (7): Starting Subscriber Opt-In process for store: Retail (1)
2015-04-23T16:45:17+00:00 DEBUG (7): Starting Subscriber Opt-In process for store: Wholesale (2)
2015-04-23T16:54:28+00:00 DEBUG (7): No subscription status found in session.
2015-04-23T16:55:58+00:00 DEBUG (7): No subscription status found in session.
2015-04-23T17:00:43+00:00 DEBUG (7): Starting Subscriber Opt-In process for store: Admin (0)
2015-04-23T17:00:43+00:00 DEBUG (7): Starting Subscriber Opt-In process for store: International (3)
2015-04-23T17:00:43+00:00 DEBUG (7): Starting Subscriber Opt-In process for store: Retail (1)
2015-04-23T17:00:43+00:00 INFO (6):   Adding Contact to list: Bloomingbath.com
2015-04-23T17:00:43+00:00 INFO (6):   Setting Contact (melody.martin72@yahoo.com) status to: active
2015-04-23T17:00:45+00:00 INFO (6):   Adding Contact to list: Bloomingbath.com
2015-04-23T17:00:45+00:00 INFO (6):   Setting Contact (robinagilchrist@gmail.com) status to: active
2015-04-23T17:00:45+00:00 DEBUG (7): Starting Subscriber Opt-In process for store: Wholesale (2)
2015-04-23T17:14:38+00:00 DEBUG (7): No subscription status found in session.
2015-04-23T17:20:34+00:00 DEBUG (7): Starting Subscriber Opt-In process for store: Admin (0)
2015-04-23T17:20:34+00:00 DEBUG (7): Starting Subscriber Opt-In process for store: International (3)
2015-04-23T17:20:34+00:00 DEBUG (7): Starting Subscriber Opt-In process for store: Retail (1)
2015-04-23T17:20:34+00:00 INFO (6):   Adding Contact to list: Bloomingbath.com
2015-04-23T17:20:35+00:00 INFO (6):   Setting Contact (falkumm@msn.com) status to: active
2015-04-23T17:20:35+00:00 INFO (6):   Adding Contact to list: Bloomingbath.com
2015-04-23T17:20:35+00:00 INFO (6):   Setting Contact (dreamyscents26@gmail.com) status to: active
2015-04-23T17:20:35+00:00 DEBUG (7): Starting Subscriber Opt-In process for store: Wholesale (2)
2015-04-23T17:30:05+00:00 DEBUG (7): Starting Subscriber Opt-In process for store: Admin (0)
2015-04-23T17:30:05+00:00 DEBUG (7): Starting Subscriber Opt-In process for store: International (3)
2015-04-23T17:30:05+00:00 DEBUG (7): Starting Subscriber Opt-In process for store: Retail (1)
2015-04-23T17:30:05+00:00 INFO (6):   Adding Contact to list: Bloomingbath.com
2015-04-23T17:30:05+00:00 INFO (6):   Setting Contact (ann_s_c@yahoo.com) status to: active
2015-04-23T17:30:06+00:00 DEBUG (7): Starting Subscriber Opt-In process for store: Wholesale (2)
2015-04-23T17:45:03+00:00 DEBUG (7): Starting Subscriber Opt-In process for store: Admin (0)
2015-04-23T17:45:03+00:00 DEBUG (7): Starting Subscriber Opt-In process for store: International (3)
2015-04-23T17:45:03+00:00 DEBUG (7): Starting Subscriber Opt-In process for store: Retail (1)
2015-04-23T17:45:03+00:00 DEBUG (7): Starting Subscriber Opt-In process for store: Wholesale (2)
2015-04-23T18:00:16+00:00 DEBUG (7): No subscription status found in session.
2015-04-23T18:00:18+00:00 DEBUG (7): Starting Subscriber Opt-In process for store: Admin (0)
2015-04-23T18:00:18+00:00 DEBUG (7): Starting Subscriber Opt-In process for store: International (3)
2015-04-23T18:00:18+00:00 DEBUG (7): Starting Subscriber Opt-In process for store: Retail (1)
2015-04-23T18:00:18+00:00 INFO (6):   Adding Contact to list: Bloomingbath.com
2015-04-23T18:00:18+00:00 INFO (6):   Setting Contact (lawspeegle@bellsouth.net) status to: active
2015-04-23T18:00:18+00:00 DEBUG (7): Starting Subscriber Opt-In process for store: Wholesale (2)
2015-04-23T18:09:12+00:00 DEBUG (7): No subscription status found in session.
2015-04-23T18:15:29+00:00 DEBUG (7): Starting Subscriber Opt-In process for store: Admin (0)
2015-04-23T18:15:29+00:00 DEBUG (7): Starting Subscriber Opt-In process for store: International (3)
2015-04-23T18:15:29+00:00 DEBUG (7): Starting Subscriber Opt-In process for store: Retail (1)
2015-04-23T18:15:29+00:00 INFO (6):   Adding Contact to list: Bloomingbath.com
2015-04-23T18:15:29+00:00 INFO (6):   Setting Contact (tesso1221@gmail.com) status to: active
2015-04-23T18:15:30+00:00 DEBUG (7): Starting Subscriber Opt-In process for store: Wholesale (2)
2015-04-23T18:22:48+00:00 DEBUG (7): No subscription status found in session.
2015-04-23T18:34:55+00:00 DEBUG (7): No subscription status found in session.
2015-04-23T18:35:10+00:00 DEBUG (7): Starting Subscriber Opt-In process for store: Admin (0)
2015-04-23T18:35:10+00:00 DEBUG (7): Starting Subscriber Opt-In process for store: International (3)
2015-04-23T18:35:10+00:00 DEBUG (7): Starting Subscriber Opt-In process for store: Retail (1)
2015-04-23T18:35:10+00:00 INFO (6):   Adding Contact to list: Bloomingbath.com
2015-04-23T18:35:10+00:00 INFO (6):   Setting Contact (mafjlf@gmail.com) status to: active
2015-04-23T18:35:10+00:00 DEBUG (7): Starting Subscriber Opt-In process for store: Wholesale (2)
2015-04-23T18:45:02+00:00 DEBUG (7): Starting Subscriber Opt-In process for store: Admin (0)
2015-04-23T18:45:02+00:00 DEBUG (7): Starting Subscriber Opt-In process for store: International (3)
2015-04-23T18:45:02+00:00 DEBUG (7): Starting Subscriber Opt-In process for store: Retail (1)
2015-04-23T18:45:03+00:00 DEBUG (7): Starting Subscriber Opt-In process for store: Wholesale (2)
2015-04-23T19:00:05+00:00 DEBUG (7): Starting Subscriber Opt-In process for store: Admin (0)
2015-04-23T19:00:05+00:00 DEBUG (7): Starting Subscriber Opt-In process for store: International (3)
2015-04-23T19:00:05+00:00 DEBUG (7): Starting Subscriber Opt-In process for store: Retail (1)
2015-04-23T19:00:05+00:00 INFO (6):   Adding Contact to list: Bloomingbath.com
2015-04-23T19:00:05+00:00 INFO (6):   Setting Contact (dipal.ratanji@gmail.com) status to: active
2015-04-23T19:00:05+00:00 DEBUG (7): Starting Subscriber Opt-In process for store: Wholesale (2)
2015-04-23T19:10:16+00:00 DEBUG (7): No subscription status found in session.
