2015-04-20T00:00:02+00:00 DEBUG (7): Starting Subscriber Opt-In process for store: Admin (0)
2015-04-20T00:00:02+00:00 DEBUG (7): Starting Subscriber Opt-In process for store: International (3)
2015-04-20T00:00:02+00:00 DEBUG (7): Starting Subscriber Opt-In process for store: Retail (1)
2015-04-20T00:00:03+00:00 DEBUG (7): Starting Subscriber Opt-In process for store: Wholesale (2)
2015-04-20T00:15:02+00:00 DEBUG (7): Starting Subscriber Opt-In process for store: Admin (0)
2015-04-20T00:15:02+00:00 DEBUG (7): Starting Subscriber Opt-In process for store: International (3)
2015-04-20T00:15:02+00:00 DEBUG (7): Starting Subscriber Opt-In process for store: Retail (1)
2015-04-20T00:15:03+00:00 DEBUG (7): Starting Subscriber Opt-In process for store: Wholesale (2)
2015-04-20T00:30:02+00:00 DEBUG (7): Starting Subscriber Opt-In process for store: Admin (0)
2015-04-20T00:30:02+00:00 DEBUG (7): Starting Subscriber Opt-In process for store: International (3)
2015-04-20T00:30:02+00:00 DEBUG (7): Starting Subscriber Opt-In process for store: Retail (1)
2015-04-20T00:30:04+00:00 DEBUG (7): Starting Subscriber Opt-In process for store: Wholesale (2)
2015-04-20T00:45:02+00:00 DEBUG (7): Starting Subscriber Opt-In process for store: Admin (0)
2015-04-20T00:45:02+00:00 DEBUG (7): Starting Subscriber Opt-In process for store: International (3)
2015-04-20T00:45:02+00:00 DEBUG (7): Starting Subscriber Opt-In process for store: Retail (1)
2015-04-20T00:45:03+00:00 DEBUG (7): Starting Subscriber Opt-In process for store: Wholesale (2)
2015-04-20T00:49:51+00:00 DEBUG (7): No subscription status found in session.
2015-04-20T01:06:28+00:00 DEBUG (7): Starting Subscriber Opt-In process for store: Admin (0)
2015-04-20T01:06:28+00:00 DEBUG (7): Starting Subscriber Opt-In process for store: International (3)
2015-04-20T01:06:28+00:00 DEBUG (7): Starting Subscriber Opt-In process for store: Retail (1)
2015-04-20T01:06:28+00:00 DEBUG (7): Starting Subscriber Opt-In process for store: Wholesale (2)
2015-04-20T01:15:02+00:00 DEBUG (7): Starting Subscriber Opt-In process for store: Admin (0)
2015-04-20T01:15:02+00:00 DEBUG (7): Starting Subscriber Opt-In process for store: International (3)
2015-04-20T01:15:02+00:00 DEBUG (7): Starting Subscriber Opt-In process for store: Retail (1)
2015-04-20T01:15:03+00:00 DEBUG (7): Starting Subscriber Opt-In process for store: Wholesale (2)
2015-04-20T01:30:04+00:00 DEBUG (7): Starting Subscriber Opt-In process for store: Admin (0)
2015-04-20T01:30:04+00:00 DEBUG (7): Starting Subscriber Opt-In process for store: International (3)
2015-04-20T01:30:04+00:00 DEBUG (7): Starting Subscriber Opt-In process for store: Retail (1)
2015-04-20T01:30:06+00:00 DEBUG (7): Starting Subscriber Opt-In process for store: Wholesale (2)
2015-04-20T01:38:56+00:00 DEBUG (7): No subscription status found in session.
2015-04-20T01:44:00+00:00 DEBUG (7): No subscription status found in session.
2015-04-20T01:46:34+00:00 DEBUG (7): Starting Subscriber Opt-In process for store: Admin (0)
2015-04-20T01:46:34+00:00 DEBUG (7): Starting Subscriber Opt-In process for store: International (3)
2015-04-20T01:46:34+00:00 DEBUG (7): Starting Subscriber Opt-In process for store: Retail (1)
2015-04-20T01:46:34+00:00 INFO (6):   Adding Contact to list: Bloomingbath.com
2015-04-20T01:46:35+00:00 INFO (6):   Setting Contact (michele.miller2406@gmail.com) status to: active
2015-04-20T01:46:35+00:00 DEBUG (7): Starting Subscriber Opt-In process for store: Wholesale (2)
2015-04-20T02:00:03+00:00 DEBUG (7): Starting Subscriber Opt-In process for store: Admin (0)
2015-04-20T02:00:03+00:00 DEBUG (7): Starting Subscriber Opt-In process for store: International (3)
2015-04-20T02:00:03+00:00 DEBUG (7): Starting Subscriber Opt-In process for store: Retail (1)
2015-04-20T02:00:04+00:00 DEBUG (7): Starting Subscriber Opt-In process for store: Wholesale (2)
2015-04-20T02:16:04+00:00 DEBUG (7): Starting Subscriber Opt-In process for store: Admin (0)
2015-04-20T02:16:04+00:00 DEBUG (7): Starting Subscriber Opt-In process for store: International (3)
2015-04-20T02:16:04+00:00 DEBUG (7): Starting Subscriber Opt-In process for store: Retail (1)
2015-04-20T02:16:07+00:00 DEBUG (7): Starting Subscriber Opt-In process for store: Wholesale (2)
2015-04-20T02:31:31+00:00 DEBUG (7): Starting Subscriber Opt-In process for store: Admin (0)
2015-04-20T02:31:31+00:00 DEBUG (7): Starting Subscriber Opt-In process for store: International (3)
2015-04-20T02:31:31+00:00 DEBUG (7): Starting Subscriber Opt-In process for store: Retail (1)
2015-04-20T02:31:32+00:00 DEBUG (7): Starting Subscriber Opt-In process for store: Wholesale (2)
2015-04-20T02:45:02+00:00 DEBUG (7): Starting Subscriber Opt-In process for store: Admin (0)
2015-04-20T02:45:02+00:00 DEBUG (7): Starting Subscriber Opt-In process for store: International (3)
2015-04-20T02:45:02+00:00 DEBUG (7): Starting Subscriber Opt-In process for store: Retail (1)
2015-04-20T02:45:03+00:00 DEBUG (7): Starting Subscriber Opt-In process for store: Wholesale (2)
2015-04-20T03:00:02+00:00 DEBUG (7): Starting Subscriber Opt-In process for store: Admin (0)
2015-04-20T03:00:02+00:00 DEBUG (7): Starting Subscriber Opt-In process for store: International (3)
2015-04-20T03:00:02+00:00 DEBUG (7): Starting Subscriber Opt-In process for store: Retail (1)
2015-04-20T03:00:04+00:00 DEBUG (7): Starting Subscriber Opt-In process for store: Wholesale (2)
2015-04-20T03:15:02+00:00 DEBUG (7): Starting Subscriber Opt-In process for store: Admin (0)
2015-04-20T03:15:02+00:00 DEBUG (7): Starting Subscriber Opt-In process for store: International (3)
2015-04-20T03:15:02+00:00 DEBUG (7): Starting Subscriber Opt-In process for store: Retail (1)
2015-04-20T03:15:03+00:00 INFO (6):   Adding Contact to list: Bloomingbath.com
2015-04-20T03:15:03+00:00 INFO (6):   Setting Contact (ahagan9186@gmail.com) status to: active
2015-04-20T03:15:03+00:00 DEBUG (7): Starting Subscriber Opt-In process for store: Wholesale (2)
2015-04-20T03:30:04+00:00 DEBUG (7): Starting Subscriber Opt-In process for store: Admin (0)
2015-04-20T03:30:04+00:00 DEBUG (7): Starting Subscriber Opt-In process for store: International (3)
2015-04-20T03:30:04+00:00 DEBUG (7): Starting Subscriber Opt-In process for store: Retail (1)
2015-04-20T03:30:05+00:00 INFO (6):   Adding Contact to list: Bloomingbath.com
2015-04-20T03:30:06+00:00 INFO (6):   Setting Contact (Dbsand@telus.net) status to: active
2015-04-20T03:30:06+00:00 DEBUG (7): No subscription status found in session.
2015-04-20T03:30:06+00:00 INFO (6):   Adding Contact to list: Bloomingbath.com
2015-04-20T03:30:06+00:00 INFO (6):   Setting Contact (pparnell94@aol.com) status to: active
2015-04-20T03:30:06+00:00 DEBUG (7): Starting Subscriber Opt-In process for store: Wholesale (2)
2015-04-20T03:46:16+00:00 DEBUG (7): No subscription status found in session.
2015-04-20T03:51:46+00:00 DEBUG (7): Starting Subscriber Opt-In process for store: Admin (0)
2015-04-20T03:51:46+00:00 DEBUG (7): Starting Subscriber Opt-In process for store: International (3)
2015-04-20T03:51:46+00:00 DEBUG (7): Starting Subscriber Opt-In process for store: Retail (1)
2015-04-20T03:51:46+00:00 INFO (6):   Adding Contact to list: Bloomingbath.com
2015-04-20T03:51:46+00:00 INFO (6):   Setting Contact (karenyoungberg@yahoo.com) status to: active
2015-04-20T03:51:46+00:00 DEBUG (7): Starting Subscriber Opt-In process for store: Wholesale (2)
2015-04-20T03:59:54+00:00 DEBUG (7): No subscription status found in session.
2015-04-20T04:00:05+00:00 DEBUG (7): Starting Subscriber Opt-In process for store: Admin (0)
2015-04-20T04:00:05+00:00 DEBUG (7): Starting Subscriber Opt-In process for store: International (3)
2015-04-20T04:00:05+00:00 DEBUG (7): Starting Subscriber Opt-In process for store: Retail (1)
2015-04-20T04:00:05+00:00 INFO (6):   Adding Contact to list: Bloomingbath.com
2015-04-20T04:00:05+00:00 INFO (6):   Setting Contact (lve913@msn.com) status to: active
2015-04-20T04:00:05+00:00 DEBUG (7): Starting Subscriber Opt-In process for store: Wholesale (2)
2015-04-20T04:15:02+00:00 DEBUG (7): Starting Subscriber Opt-In process for store: Admin (0)
2015-04-20T04:15:02+00:00 DEBUG (7): Starting Subscriber Opt-In process for store: International (3)
2015-04-20T04:15:02+00:00 DEBUG (7): Starting Subscriber Opt-In process for store: Retail (1)
2015-04-20T04:15:04+00:00 DEBUG (7): Starting Subscriber Opt-In process for store: Wholesale (2)
2015-04-20T04:30:03+00:00 DEBUG (7): Starting Subscriber Opt-In process for store: Admin (0)
2015-04-20T04:30:03+00:00 DEBUG (7): Starting Subscriber Opt-In process for store: International (3)
2015-04-20T04:30:03+00:00 DEBUG (7): Starting Subscriber Opt-In process for store: Retail (1)
2015-04-20T04:30:08+00:00 DEBUG (7): Starting Subscriber Opt-In process for store: Wholesale (2)
2015-04-20T04:45:03+00:00 DEBUG (7): Starting Subscriber Opt-In process for store: Admin (0)
2015-04-20T04:45:03+00:00 DEBUG (7): Starting Subscriber Opt-In process for store: International (3)
2015-04-20T04:45:03+00:00 DEBUG (7): Starting Subscriber Opt-In process for store: Retail (1)
2015-04-20T04:45:04+00:00 DEBUG (7): Starting Subscriber Opt-In process for store: Wholesale (2)
2015-04-20T05:00:02+00:00 DEBUG (7): Starting Subscriber Opt-In process for store: Admin (0)
2015-04-20T05:00:02+00:00 DEBUG (7): Starting Subscriber Opt-In process for store: International (3)
2015-04-20T05:00:02+00:00 DEBUG (7): Starting Subscriber Opt-In process for store: Retail (1)
2015-04-20T05:00:03+00:00 DEBUG (7): Starting Subscriber Opt-In process for store: Wholesale (2)
2015-04-20T05:15:02+00:00 DEBUG (7): Starting Subscriber Opt-In process for store: Admin (0)
2015-04-20T05:15:02+00:00 DEBUG (7): Starting Subscriber Opt-In process for store: International (3)
2015-04-20T05:15:02+00:00 DEBUG (7): Starting Subscriber Opt-In process for store: Retail (1)
2015-04-20T05:15:03+00:00 DEBUG (7): Starting Subscriber Opt-In process for store: Wholesale (2)
2015-04-20T05:35:03+00:00 DEBUG (7): Starting Subscriber Opt-In process for store: Admin (0)
2015-04-20T05:35:03+00:00 DEBUG (7): Starting Subscriber Opt-In process for store: International (3)
2015-04-20T05:35:03+00:00 DEBUG (7): Starting Subscriber Opt-In process for store: Retail (1)
2015-04-20T05:35:03+00:00 DEBUG (7): Starting Subscriber Opt-In process for store: Wholesale (2)
2015-04-20T05:45:02+00:00 DEBUG (7): Starting Subscriber Opt-In process for store: Admin (0)
2015-04-20T05:45:02+00:00 DEBUG (7): Starting Subscriber Opt-In process for store: International (3)
2015-04-20T05:45:02+00:00 DEBUG (7): Starting Subscriber Opt-In process for store: Retail (1)
2015-04-20T05:45:03+00:00 DEBUG (7): Starting Subscriber Opt-In process for store: Wholesale (2)
2015-04-20T06:00:03+00:00 DEBUG (7): Starting Subscriber Opt-In process for store: Admin (0)
2015-04-20T06:00:03+00:00 DEBUG (7): Starting Subscriber Opt-In process for store: International (3)
2015-04-20T06:00:03+00:00 DEBUG (7): Starting Subscriber Opt-In process for store: Retail (1)
2015-04-20T06:00:04+00:00 INFO (6):   Adding Contact to list: Bloomingbath.com
2015-04-20T06:00:04+00:00 INFO (6):   Setting Contact (cpagan1981@gmail.com) status to: active
2015-04-20T06:00:04+00:00 DEBUG (7): Starting Subscriber Opt-In process for store: Wholesale (2)
2015-04-20T06:15:02+00:00 DEBUG (7): Starting Subscriber Opt-In process for store: Admin (0)
2015-04-20T06:15:02+00:00 DEBUG (7): Starting Subscriber Opt-In process for store: International (3)
2015-04-20T06:15:02+00:00 DEBUG (7): Starting Subscriber Opt-In process for store: Retail (1)
2015-04-20T06:15:03+00:00 DEBUG (7): Starting Subscriber Opt-In process for store: Wholesale (2)
2015-04-20T06:30:03+00:00 DEBUG (7): Starting Subscriber Opt-In process for store: Admin (0)
2015-04-20T06:30:03+00:00 DEBUG (7): Starting Subscriber Opt-In process for store: International (3)
2015-04-20T06:30:03+00:00 DEBUG (7): Starting Subscriber Opt-In process for store: Retail (1)
2015-04-20T06:30:03+00:00 DEBUG (7): Starting Subscriber Opt-In process for store: Wholesale (2)
2015-04-20T06:45:02+00:00 DEBUG (7): Starting Subscriber Opt-In process for store: Admin (0)
2015-04-20T06:45:02+00:00 DEBUG (7): Starting Subscriber Opt-In process for store: International (3)
2015-04-20T06:45:02+00:00 DEBUG (7): Starting Subscriber Opt-In process for store: Retail (1)
2015-04-20T06:45:04+00:00 DEBUG (7): Starting Subscriber Opt-In process for store: Wholesale (2)
2015-04-20T06:45:49+00:00 DEBUG (7): No subscription status found in session.
2015-04-20T07:05:14+00:00 DEBUG (7): Starting Subscriber Opt-In process for store: Admin (0)
2015-04-20T07:05:14+00:00 DEBUG (7): Starting Subscriber Opt-In process for store: International (3)
2015-04-20T07:05:14+00:00 DEBUG (7): Starting Subscriber Opt-In process for store: Retail (1)
2015-04-20T07:05:14+00:00 INFO (6):   Adding Contact to list: Bloomingbath.com
2015-04-20T07:05:14+00:00 INFO (6):   Setting Contact (joyanuzt576@yahoo.com) status to: active
2015-04-20T07:05:15+00:00 INFO (6):   Adding Contact to list: Bloomingbath.com
2015-04-20T07:05:15+00:00 INFO (6):   Setting Contact (twinnysgirl@gmail.com) status to: active
2015-04-20T07:05:15+00:00 DEBUG (7): Starting Subscriber Opt-In process for store: Wholesale (2)
2015-04-20T07:15:02+00:00 DEBUG (7): Starting Subscriber Opt-In process for store: Admin (0)
2015-04-20T07:15:02+00:00 DEBUG (7): Starting Subscriber Opt-In process for store: International (3)
2015-04-20T07:15:02+00:00 DEBUG (7): Starting Subscriber Opt-In process for store: Retail (1)
2015-04-20T07:15:03+00:00 DEBUG (7): Starting Subscriber Opt-In process for store: Wholesale (2)
2015-04-20T07:35:02+00:00 DEBUG (7): Starting Subscriber Opt-In process for store: Admin (0)
2015-04-20T07:35:02+00:00 DEBUG (7): Starting Subscriber Opt-In process for store: International (3)
2015-04-20T07:35:02+00:00 DEBUG (7): Starting Subscriber Opt-In process for store: Retail (1)
2015-04-20T07:35:03+00:00 DEBUG (7): Starting Subscriber Opt-In process for store: Wholesale (2)
2015-04-20T07:45:02+00:00 DEBUG (7): Starting Subscriber Opt-In process for store: Admin (0)
2015-04-20T07:45:02+00:00 DEBUG (7): Starting Subscriber Opt-In process for store: International (3)
2015-04-20T07:45:02+00:00 DEBUG (7): Starting Subscriber Opt-In process for store: Retail (1)
2015-04-20T07:45:03+00:00 DEBUG (7): Starting Subscriber Opt-In process for store: Wholesale (2)
2015-04-20T07:49:56+00:00 DEBUG (7): No subscription status found in session.
2015-04-20T08:00:33+00:00 DEBUG (7): Starting Subscriber Opt-In process for store: Admin (0)
2015-04-20T08:00:33+00:00 DEBUG (7): Starting Subscriber Opt-In process for store: International (3)
2015-04-20T08:00:33+00:00 DEBUG (7): Starting Subscriber Opt-In process for store: Retail (1)
2015-04-20T08:00:33+00:00 DEBUG (7): Starting Subscriber Opt-In process for store: Wholesale (2)
2015-04-20T08:15:02+00:00 DEBUG (7): Starting Subscriber Opt-In process for store: Admin (0)
2015-04-20T08:15:02+00:00 DEBUG (7): Starting Subscriber Opt-In process for store: International (3)
2015-04-20T08:15:02+00:00 DEBUG (7): Starting Subscriber Opt-In process for store: Retail (1)
2015-04-20T08:15:03+00:00 DEBUG (7): Starting Subscriber Opt-In process for store: Wholesale (2)
2015-04-20T08:30:02+00:00 DEBUG (7): Starting Subscriber Opt-In process for store: Admin (0)
2015-04-20T08:30:02+00:00 DEBUG (7): Starting Subscriber Opt-In process for store: International (3)
2015-04-20T08:30:02+00:00 DEBUG (7): Starting Subscriber Opt-In process for store: Retail (1)
2015-04-20T08:30:03+00:00 DEBUG (7): Starting Subscriber Opt-In process for store: Wholesale (2)
2015-04-20T08:45:02+00:00 DEBUG (7): Starting Subscriber Opt-In process for store: Admin (0)
2015-04-20T08:45:02+00:00 DEBUG (7): Starting Subscriber Opt-In process for store: International (3)
2015-04-20T08:45:02+00:00 DEBUG (7): Starting Subscriber Opt-In process for store: Retail (1)
2015-04-20T08:45:02+00:00 DEBUG (7): Starting Subscriber Opt-In process for store: Wholesale (2)
2015-04-20T09:00:07+00:00 DEBUG (7): Starting Subscriber Opt-In process for store: Admin (0)
2015-04-20T09:00:07+00:00 DEBUG (7): Starting Subscriber Opt-In process for store: International (3)
2015-04-20T09:00:07+00:00 DEBUG (7): Starting Subscriber Opt-In process for store: Retail (1)
2015-04-20T09:00:08+00:00 DEBUG (7): Starting Subscriber Opt-In process for store: Wholesale (2)
2015-04-20T09:15:02+00:00 DEBUG (7): Starting Subscriber Opt-In process for store: Admin (0)
2015-04-20T09:15:02+00:00 DEBUG (7): Starting Subscriber Opt-In process for store: International (3)
2015-04-20T09:15:02+00:00 DEBUG (7): Starting Subscriber Opt-In process for store: Retail (1)
2015-04-20T09:15:03+00:00 DEBUG (7): Starting Subscriber Opt-In process for store: Wholesale (2)
2015-04-20T09:35:02+00:00 DEBUG (7): Starting Subscriber Opt-In process for store: Admin (0)
2015-04-20T09:35:02+00:00 DEBUG (7): Starting Subscriber Opt-In process for store: International (3)
2015-04-20T09:35:02+00:00 DEBUG (7): Starting Subscriber Opt-In process for store: Retail (1)
2015-04-20T09:35:04+00:00 DEBUG (7): Starting Subscriber Opt-In process for store: Wholesale (2)
2015-04-20T09:45:02+00:00 DEBUG (7): Starting Subscriber Opt-In process for store: Admin (0)
2015-04-20T09:45:02+00:00 DEBUG (7): Starting Subscriber Opt-In process for store: International (3)
2015-04-20T09:45:02+00:00 DEBUG (7): Starting Subscriber Opt-In process for store: Retail (1)
2015-04-20T09:45:03+00:00 DEBUG (7): Starting Subscriber Opt-In process for store: Wholesale (2)
2015-04-20T10:00:02+00:00 DEBUG (7): Starting Subscriber Opt-In process for store: Admin (0)
2015-04-20T10:00:02+00:00 DEBUG (7): Starting Subscriber Opt-In process for store: International (3)
2015-04-20T10:00:02+00:00 DEBUG (7): Starting Subscriber Opt-In process for store: Retail (1)
2015-04-20T10:00:03+00:00 DEBUG (7): Starting Subscriber Opt-In process for store: Wholesale (2)
2015-04-20T10:15:02+00:00 DEBUG (7): Starting Subscriber Opt-In process for store: Admin (0)
2015-04-20T10:15:02+00:00 DEBUG (7): Starting Subscriber Opt-In process for store: International (3)
2015-04-20T10:15:02+00:00 DEBUG (7): Starting Subscriber Opt-In process for store: Retail (1)
2015-04-20T10:15:03+00:00 DEBUG (7): Starting Subscriber Opt-In process for store: Wholesale (2)
2015-04-20T10:30:03+00:00 DEBUG (7): Starting Subscriber Opt-In process for store: Admin (0)
2015-04-20T10:30:03+00:00 DEBUG (7): Starting Subscriber Opt-In process for store: International (3)
2015-04-20T10:30:03+00:00 DEBUG (7): Starting Subscriber Opt-In process for store: Retail (1)
2015-04-20T10:30:04+00:00 DEBUG (7): Starting Subscriber Opt-In process for store: Wholesale (2)
2015-04-20T10:45:03+00:00 DEBUG (7): Starting Subscriber Opt-In process for store: Admin (0)
2015-04-20T10:45:03+00:00 DEBUG (7): Starting Subscriber Opt-In process for store: International (3)
2015-04-20T10:45:03+00:00 DEBUG (7): Starting Subscriber Opt-In process for store: Retail (1)
2015-04-20T10:45:03+00:00 DEBUG (7): Starting Subscriber Opt-In process for store: Wholesale (2)
2015-04-20T11:00:03+00:00 DEBUG (7): Starting Subscriber Opt-In process for store: Admin (0)
2015-04-20T11:00:03+00:00 DEBUG (7): Starting Subscriber Opt-In process for store: International (3)
2015-04-20T11:00:03+00:00 DEBUG (7): Starting Subscriber Opt-In process for store: Retail (1)
2015-04-20T11:00:03+00:00 DEBUG (7): Starting Subscriber Opt-In process for store: Wholesale (2)
2015-04-20T11:15:02+00:00 DEBUG (7): Starting Subscriber Opt-In process for store: Admin (0)
2015-04-20T11:15:02+00:00 DEBUG (7): Starting Subscriber Opt-In process for store: International (3)
2015-04-20T11:15:02+00:00 DEBUG (7): Starting Subscriber Opt-In process for store: Retail (1)
2015-04-20T11:15:03+00:00 DEBUG (7): Starting Subscriber Opt-In process for store: Wholesale (2)
2015-04-20T11:30:02+00:00 DEBUG (7): Starting Subscriber Opt-In process for store: Admin (0)
2015-04-20T11:30:02+00:00 DEBUG (7): Starting Subscriber Opt-In process for store: International (3)
2015-04-20T11:30:02+00:00 DEBUG (7): Starting Subscriber Opt-In process for store: Retail (1)
2015-04-20T11:30:04+00:00 DEBUG (7): Starting Subscriber Opt-In process for store: Wholesale (2)
2015-04-20T11:45:02+00:00 DEBUG (7): Starting Subscriber Opt-In process for store: Admin (0)
2015-04-20T11:45:02+00:00 DEBUG (7): Starting Subscriber Opt-In process for store: International (3)
2015-04-20T11:45:02+00:00 DEBUG (7): Starting Subscriber Opt-In process for store: Retail (1)
2015-04-20T11:45:03+00:00 INFO (6):   Adding Contact to list: Bloomingbath.com
2015-04-20T11:45:03+00:00 INFO (6):   Setting Contact (oscar_cutiepie@hotmail.com) status to: active
2015-04-20T11:45:07+00:00 DEBUG (7): Starting Subscriber Opt-In process for store: Wholesale (2)
2015-04-20T12:00:04+00:00 DEBUG (7): Starting Subscriber Opt-In process for store: Admin (0)
2015-04-20T12:00:04+00:00 DEBUG (7): Starting Subscriber Opt-In process for store: International (3)
2015-04-20T12:00:04+00:00 DEBUG (7): Starting Subscriber Opt-In process for store: Retail (1)
2015-04-20T12:00:05+00:00 DEBUG (7): Starting Subscriber Opt-In process for store: Wholesale (2)
2015-04-20T12:15:03+00:00 DEBUG (7): Starting Subscriber Opt-In process for store: Admin (0)
2015-04-20T12:15:03+00:00 DEBUG (7): Starting Subscriber Opt-In process for store: International (3)
2015-04-20T12:15:03+00:00 DEBUG (7): Starting Subscriber Opt-In process for store: Retail (1)
2015-04-20T12:15:03+00:00 DEBUG (7): Starting Subscriber Opt-In process for store: Wholesale (2)
2015-04-20T12:30:02+00:00 DEBUG (7): Starting Subscriber Opt-In process for store: Admin (0)
2015-04-20T12:30:02+00:00 DEBUG (7): Starting Subscriber Opt-In process for store: International (3)
2015-04-20T12:30:02+00:00 DEBUG (7): Starting Subscriber Opt-In process for store: Retail (1)
2015-04-20T12:30:04+00:00 DEBUG (7): Starting Subscriber Opt-In process for store: Wholesale (2)
2015-04-20T12:45:03+00:00 DEBUG (7): Starting Subscriber Opt-In process for store: Admin (0)
2015-04-20T12:45:03+00:00 DEBUG (7): Starting Subscriber Opt-In process for store: International (3)
2015-04-20T12:45:03+00:00 DEBUG (7): Starting Subscriber Opt-In process for store: Retail (1)
2015-04-20T12:45:05+00:00 DEBUG (7): Starting Subscriber Opt-In process for store: Wholesale (2)
2015-04-20T12:59:55+00:00 DEBUG (7): No subscription status found in session.
2015-04-20T13:00:04+00:00 DEBUG (7): Starting Subscriber Opt-In process for store: Admin (0)
2015-04-20T13:00:04+00:00 DEBUG (7): Starting Subscriber Opt-In process for store: International (3)
2015-04-20T13:00:04+00:00 DEBUG (7): Starting Subscriber Opt-In process for store: Retail (1)
2015-04-20T13:00:04+00:00 INFO (6):   Adding Contact to list: Bloomingbath.com
2015-04-20T13:00:04+00:00 INFO (6):   Setting Contact (malinsepa@yahoo.com) status to: active
2015-04-20T13:00:04+00:00 DEBUG (7): Starting Subscriber Opt-In process for store: Wholesale (2)
2015-04-20T13:15:04+00:00 DEBUG (7): Starting Subscriber Opt-In process for store: Admin (0)
2015-04-20T13:15:04+00:00 DEBUG (7): Starting Subscriber Opt-In process for store: International (3)
2015-04-20T13:15:04+00:00 DEBUG (7): Starting Subscriber Opt-In process for store: Retail (1)
2015-04-20T13:15:04+00:00 DEBUG (7): Starting Subscriber Opt-In process for store: Wholesale (2)
2015-04-20T13:30:02+00:00 DEBUG (7): Starting Subscriber Opt-In process for store: Admin (0)
2015-04-20T13:30:03+00:00 DEBUG (7): Starting Subscriber Opt-In process for store: International (3)
2015-04-20T13:30:03+00:00 DEBUG (7): Starting Subscriber Opt-In process for store: Retail (1)
2015-04-20T13:30:06+00:00 DEBUG (7): Starting Subscriber Opt-In process for store: Wholesale (2)
2015-04-20T13:45:02+00:00 DEBUG (7): Starting Subscriber Opt-In process for store: Admin (0)
2015-04-20T13:45:02+00:00 DEBUG (7): Starting Subscriber Opt-In process for store: International (3)
2015-04-20T13:45:02+00:00 DEBUG (7): Starting Subscriber Opt-In process for store: Retail (1)
2015-04-20T13:45:04+00:00 DEBUG (7): Starting Subscriber Opt-In process for store: Wholesale (2)
2015-04-20T14:00:03+00:00 DEBUG (7): Starting Subscriber Opt-In process for store: Admin (0)
2015-04-20T14:00:03+00:00 DEBUG (7): Starting Subscriber Opt-In process for store: International (3)
2015-04-20T14:00:03+00:00 DEBUG (7): Starting Subscriber Opt-In process for store: Retail (1)
2015-04-20T14:00:04+00:00 DEBUG (7): Starting Subscriber Opt-In process for store: Wholesale (2)
2015-04-20T14:15:02+00:00 DEBUG (7): Starting Subscriber Opt-In process for store: Admin (0)
2015-04-20T14:15:02+00:00 DEBUG (7): Starting Subscriber Opt-In process for store: International (3)
2015-04-20T14:15:02+00:00 DEBUG (7): Starting Subscriber Opt-In process for store: Retail (1)
2015-04-20T14:15:03+00:00 DEBUG (7): Starting Subscriber Opt-In process for store: Wholesale (2)
2015-04-20T14:30:02+00:00 DEBUG (7): Starting Subscriber Opt-In process for store: Admin (0)
2015-04-20T14:30:02+00:00 DEBUG (7): Starting Subscriber Opt-In process for store: International (3)
2015-04-20T14:30:02+00:00 DEBUG (7): Starting Subscriber Opt-In process for store: Retail (1)
2015-04-20T14:30:05+00:00 DEBUG (7): Starting Subscriber Opt-In process for store: Wholesale (2)
2015-04-20T14:50:02+00:00 DEBUG (7): Starting Subscriber Opt-In process for store: Admin (0)
2015-04-20T14:50:02+00:00 DEBUG (7): Starting Subscriber Opt-In process for store: International (3)
2015-04-20T14:50:02+00:00 DEBUG (7): Starting Subscriber Opt-In process for store: Retail (1)
2015-04-20T14:50:03+00:00 DEBUG (7): Starting Subscriber Opt-In process for store: Wholesale (2)
2015-04-20T15:00:02+00:00 DEBUG (7): Starting Subscriber Opt-In process for store: Admin (0)
2015-04-20T15:00:02+00:00 DEBUG (7): Starting Subscriber Opt-In process for store: International (3)
2015-04-20T15:00:02+00:00 DEBUG (7): Starting Subscriber Opt-In process for store: Retail (1)
2015-04-20T15:00:03+00:00 DEBUG (7): Starting Subscriber Opt-In process for store: Wholesale (2)
2015-04-20T15:16:02+00:00 DEBUG (7): Starting Subscriber Opt-In process for store: Admin (0)
2015-04-20T15:16:02+00:00 DEBUG (7): Starting Subscriber Opt-In process for store: International (3)
2015-04-20T15:16:02+00:00 DEBUG (7): Starting Subscriber Opt-In process for store: Retail (1)
2015-04-20T15:16:02+00:00 DEBUG (7): Starting Subscriber Opt-In process for store: Wholesale (2)
2015-04-20T15:30:04+00:00 DEBUG (7): Starting Subscriber Opt-In process for store: Admin (0)
2015-04-20T15:30:04+00:00 DEBUG (7): Starting Subscriber Opt-In process for store: International (3)
2015-04-20T15:30:04+00:00 DEBUG (7): Starting Subscriber Opt-In process for store: Retail (1)
2015-04-20T15:30:04+00:00 INFO (6):   Adding Contact to list: Bloomingbath.com
2015-04-20T15:30:05+00:00 INFO (6):   Setting Contact (debbie.brown@smithmoorelaw.com) status to: active
2015-04-20T15:30:05+00:00 DEBUG (7): Starting Subscriber Opt-In process for store: Wholesale (2)
2015-04-20T15:38:20+00:00 DEBUG (7): No subscription status found in session.
2015-04-20T15:45:06+00:00 DEBUG (7): Starting Subscriber Opt-In process for store: Admin (0)
2015-04-20T15:45:06+00:00 DEBUG (7): Starting Subscriber Opt-In process for store: International (3)
2015-04-20T15:45:06+00:00 DEBUG (7): Starting Subscriber Opt-In process for store: Retail (1)
2015-04-20T15:45:07+00:00 INFO (6):   Adding Contact to list: Bloomingbath.com
2015-04-20T15:45:07+00:00 INFO (6):   Setting Contact (pattisevans@aol.com) status to: active
2015-04-20T15:45:07+00:00 DEBUG (7): Starting Subscriber Opt-In process for store: Wholesale (2)
2015-04-20T16:00:11+00:00 DEBUG (7): Starting Subscriber Opt-In process for store: Admin (0)
2015-04-20T16:00:11+00:00 DEBUG (7): Starting Subscriber Opt-In process for store: International (3)
2015-04-20T16:00:11+00:00 DEBUG (7): Starting Subscriber Opt-In process for store: Retail (1)
2015-04-20T16:00:11+00:00 DEBUG (7): Starting Subscriber Opt-In process for store: Wholesale (2)
2015-04-20T16:15:02+00:00 DEBUG (7): Starting Subscriber Opt-In process for store: Admin (0)
2015-04-20T16:15:02+00:00 DEBUG (7): Starting Subscriber Opt-In process for store: International (3)
2015-04-20T16:15:02+00:00 DEBUG (7): Starting Subscriber Opt-In process for store: Retail (1)
2015-04-20T16:15:03+00:00 DEBUG (7): Starting Subscriber Opt-In process for store: Wholesale (2)
2015-04-20T16:30:13+00:00 DEBUG (7): Starting Subscriber Opt-In process for store: Admin (0)
2015-04-20T16:30:13+00:00 DEBUG (7): Starting Subscriber Opt-In process for store: International (3)
2015-04-20T16:30:13+00:00 DEBUG (7): Starting Subscriber Opt-In process for store: Retail (1)
2015-04-20T16:30:13+00:00 INFO (6):   Adding Contact to list: Bloomingbath.com
2015-04-20T16:30:13+00:00 INFO (6):   Setting Contact (megan_garcia_12@hotmail.com) status to: active
2015-04-20T16:30:13+00:00 DEBUG (7): Starting Subscriber Opt-In process for store: Wholesale (2)
2015-04-20T16:45:02+00:00 DEBUG (7): Starting Subscriber Opt-In process for store: Admin (0)
2015-04-20T16:45:02+00:00 DEBUG (7): Starting Subscriber Opt-In process for store: International (3)
2015-04-20T16:45:02+00:00 DEBUG (7): Starting Subscriber Opt-In process for store: Retail (1)
2015-04-20T16:45:03+00:00 DEBUG (7): Starting Subscriber Opt-In process for store: Wholesale (2)
2015-04-20T17:00:02+00:00 DEBUG (7): Starting Subscriber Opt-In process for store: Admin (0)
2015-04-20T17:00:02+00:00 DEBUG (7): Starting Subscriber Opt-In process for store: International (3)
2015-04-20T17:00:02+00:00 DEBUG (7): Starting Subscriber Opt-In process for store: Retail (1)
2015-04-20T17:00:03+00:00 DEBUG (7): Starting Subscriber Opt-In process for store: Wholesale (2)
2015-04-20T17:15:02+00:00 DEBUG (7): Starting Subscriber Opt-In process for store: Admin (0)
2015-04-20T17:15:02+00:00 DEBUG (7): Starting Subscriber Opt-In process for store: International (3)
2015-04-20T17:15:02+00:00 DEBUG (7): Starting Subscriber Opt-In process for store: Retail (1)
2015-04-20T17:15:03+00:00 INFO (6):   Adding Contact to list: Bloomingbath.com
2015-04-20T17:15:03+00:00 INFO (6):   Setting Contact (stephanie.brisebois1@hotmail.com) status to: active
2015-04-20T17:15:03+00:00 DEBUG (7): Starting Subscriber Opt-In process for store: Wholesale (2)
2015-04-20T17:28:19+00:00 DEBUG (7): No subscription status found in session.
2015-04-20T17:30:04+00:00 DEBUG (7): Starting Subscriber Opt-In process for store: Admin (0)
2015-04-20T17:30:04+00:00 DEBUG (7): Starting Subscriber Opt-In process for store: International (3)
2015-04-20T17:30:04+00:00 DEBUG (7): Starting Subscriber Opt-In process for store: Retail (1)
2015-04-20T17:30:04+00:00 DEBUG (7): Starting Subscriber Opt-In process for store: Wholesale (2)
2015-04-20T17:45:10+00:00 DEBUG (7): Starting Subscriber Opt-In process for store: Admin (0)
2015-04-20T17:45:10+00:00 DEBUG (7): Starting Subscriber Opt-In process for store: International (3)
2015-04-20T17:45:10+00:00 DEBUG (7): Starting Subscriber Opt-In process for store: Retail (1)
2015-04-20T17:45:10+00:00 DEBUG (7): Starting Subscriber Opt-In process for store: Wholesale (2)
2015-04-20T18:00:07+00:00 DEBUG (7): Starting Subscriber Opt-In process for store: Admin (0)
2015-04-20T18:00:07+00:00 DEBUG (7): Starting Subscriber Opt-In process for store: International (3)
2015-04-20T18:00:07+00:00 DEBUG (7): Starting Subscriber Opt-In process for store: Retail (1)
2015-04-20T18:00:07+00:00 INFO (6):   Adding Contact to list: Bloomingbath.com
2015-04-20T18:00:07+00:00 INFO (6):   Setting Contact (ronjill2012@gmail.com) status to: active
2015-04-20T18:00:07+00:00 DEBUG (7): Starting Subscriber Opt-In process for store: Wholesale (2)
2015-04-20T18:03:54+00:00 DEBUG (7): No subscription status found in session.
2015-04-20T18:15:15+00:00 DEBUG (7): Starting Subscriber Opt-In process for store: Admin (0)
2015-04-20T18:15:15+00:00 DEBUG (7): Starting Subscriber Opt-In process for store: International (3)
2015-04-20T18:15:15+00:00 DEBUG (7): Starting Subscriber Opt-In process for store: Retail (1)
2015-04-20T18:15:15+00:00 INFO (6):   Adding Contact to list: Bloomingbath.com
2015-04-20T18:15:15+00:00 INFO (6):   Setting Contact (deeloops@yahoo.com) status to: active
2015-04-20T18:15:15+00:00 DEBUG (7): Starting Subscriber Opt-In process for store: Wholesale (2)
2015-04-20T18:35:02+00:00 DEBUG (7): Starting Subscriber Opt-In process for store: Admin (0)
2015-04-20T18:35:02+00:00 DEBUG (7): Starting Subscriber Opt-In process for store: International (3)
2015-04-20T18:35:02+00:00 DEBUG (7): Starting Subscriber Opt-In process for store: Retail (1)
2015-04-20T18:35:03+00:00 INFO (6):   Adding Contact to list: Bloomingbath.com
2015-04-20T18:35:03+00:00 INFO (6):   Setting Contact (ghady.a.b@hotmail.com) status to: active
2015-04-20T18:35:03+00:00 DEBUG (7): Starting Subscriber Opt-In process for store: Wholesale (2)
2015-04-20T18:45:02+00:00 DEBUG (7): Starting Subscriber Opt-In process for store: Admin (0)
2015-04-20T18:45:02+00:00 DEBUG (7): Starting Subscriber Opt-In process for store: International (3)
2015-04-20T18:45:02+00:00 DEBUG (7): Starting Subscriber Opt-In process for store: Retail (1)
2015-04-20T18:45:05+00:00 DEBUG (7): Starting Subscriber Opt-In process for store: Wholesale (2)
2015-04-20T18:46:21+00:00 DEBUG (7): No subscription status found in session.
2015-04-20T19:00:06+00:00 DEBUG (7): Starting Subscriber Opt-In process for store: Admin (0)
2015-04-20T19:00:06+00:00 DEBUG (7): Starting Subscriber Opt-In process for store: International (3)
2015-04-20T19:00:06+00:00 DEBUG (7): Starting Subscriber Opt-In process for store: Retail (1)
2015-04-20T19:00:06+00:00 INFO (6):   Adding Contact to list: Bloomingbath.com
2015-04-20T19:00:06+00:00 INFO (6):   Setting Contact (Kdonegan@regionalinsurance.net) status to: active
2015-04-20T19:00:06+00:00 DEBUG (7): Starting Subscriber Opt-In process for store: Wholesale (2)
2015-04-20T19:15:00+00:00 DEBUG (7): No subscription status found in session.
2015-04-20T19:15:07+00:00 DEBUG (7): Starting Subscriber Opt-In process for store: Admin (0)
2015-04-20T19:15:07+00:00 DEBUG (7): Starting Subscriber Opt-In process for store: International (3)
2015-04-20T19:15:07+00:00 DEBUG (7): Starting Subscriber Opt-In process for store: Retail (1)
2015-04-20T19:15:07+00:00 INFO (6):   Adding Contact to list: Bloomingbath.com
2015-04-20T19:15:07+00:00 INFO (6):   Setting Contact (anshen@anshen-ny.com) status to: active
2015-04-20T19:15:07+00:00 INFO (6):   Adding Contact to list: Bloomingbath.com
2015-04-20T19:15:07+00:00 INFO (6):   Setting Contact (mbrown0253@yahoo.com) status to: active
2015-04-20T19:15:07+00:00 DEBUG (7): Starting Subscriber Opt-In process for store: Wholesale (2)
2015-04-20T19:30:05+00:00 DEBUG (7): Starting Subscriber Opt-In process for store: Admin (0)
2015-04-20T19:30:05+00:00 DEBUG (7): Starting Subscriber Opt-In process for store: International (3)
2015-04-20T19:30:05+00:00 DEBUG (7): Starting Subscriber Opt-In process for store: Retail (1)
2015-04-20T19:30:05+00:00 DEBUG (7): Starting Subscriber Opt-In process for store: Wholesale (2)
2015-04-20T19:45:03+00:00 DEBUG (7): Starting Subscriber Opt-In process for store: Admin (0)
2015-04-20T19:45:03+00:00 DEBUG (7): Starting Subscriber Opt-In process for store: International (3)
2015-04-20T19:45:03+00:00 DEBUG (7): Starting Subscriber Opt-In process for store: Retail (1)
2015-04-20T19:45:09+00:00 DEBUG (7): Starting Subscriber Opt-In process for store: Wholesale (2)
2015-04-20T20:00:02+00:00 DEBUG (7): Starting Subscriber Opt-In process for store: Admin (0)
2015-04-20T20:00:02+00:00 DEBUG (7): Starting Subscriber Opt-In process for store: International (3)
2015-04-20T20:00:02+00:00 DEBUG (7): Starting Subscriber Opt-In process for store: Retail (1)
2015-04-20T20:00:03+00:00 DEBUG (7): Starting Subscriber Opt-In process for store: Wholesale (2)
2015-04-20T20:15:03+00:00 DEBUG (7): Starting Subscriber Opt-In process for store: Admin (0)
2015-04-20T20:15:03+00:00 DEBUG (7): Starting Subscriber Opt-In process for store: International (3)
2015-04-20T20:15:03+00:00 DEBUG (7): Starting Subscriber Opt-In process for store: Retail (1)
2015-04-20T20:15:04+00:00 DEBUG (7): Starting Subscriber Opt-In process for store: Wholesale (2)
2015-04-20T20:30:02+00:00 DEBUG (7): Starting Subscriber Opt-In process for store: Admin (0)
2015-04-20T20:30:02+00:00 DEBUG (7): Starting Subscriber Opt-In process for store: International (3)
2015-04-20T20:30:02+00:00 DEBUG (7): Starting Subscriber Opt-In process for store: Retail (1)
2015-04-20T20:30:03+00:00 DEBUG (7): Starting Subscriber Opt-In process for store: Wholesale (2)
2015-04-20T20:45:04+00:00 DEBUG (7): Starting Subscriber Opt-In process for store: Admin (0)
2015-04-20T20:45:04+00:00 DEBUG (7): Starting Subscriber Opt-In process for store: International (3)
2015-04-20T20:45:04+00:00 DEBUG (7): Starting Subscriber Opt-In process for store: Retail (1)
2015-04-20T20:45:07+00:00 DEBUG (7): Starting Subscriber Opt-In process for store: Wholesale (2)
2015-04-20T21:00:02+00:00 DEBUG (7): Starting Subscriber Opt-In process for store: Admin (0)
2015-04-20T21:00:02+00:00 DEBUG (7): Starting Subscriber Opt-In process for store: International (3)
2015-04-20T21:00:02+00:00 DEBUG (7): Starting Subscriber Opt-In process for store: Retail (1)
2015-04-20T21:00:08+00:00 DEBUG (7): Starting Subscriber Opt-In process for store: Wholesale (2)
2015-04-20T21:21:34+00:00 DEBUG (7): Starting Subscriber Opt-In process for store: Admin (0)
2015-04-20T21:21:34+00:00 DEBUG (7): Starting Subscriber Opt-In process for store: International (3)
2015-04-20T21:21:34+00:00 DEBUG (7): Starting Subscriber Opt-In process for store: Retail (1)
2015-04-20T21:21:35+00:00 DEBUG (7): Starting Subscriber Opt-In process for store: Wholesale (2)
2015-04-20T21:30:02+00:00 DEBUG (7): Starting Subscriber Opt-In process for store: Admin (0)
2015-04-20T21:30:02+00:00 DEBUG (7): Starting Subscriber Opt-In process for store: International (3)
2015-04-20T21:30:02+00:00 DEBUG (7): Starting Subscriber Opt-In process for store: Retail (1)
2015-04-20T21:30:13+00:00 DEBUG (7): Starting Subscriber Opt-In process for store: Wholesale (2)
2015-04-20T21:45:02+00:00 DEBUG (7): Starting Subscriber Opt-In process for store: Admin (0)
2015-04-20T21:45:02+00:00 DEBUG (7): Starting Subscriber Opt-In process for store: International (3)
2015-04-20T21:45:02+00:00 DEBUG (7): Starting Subscriber Opt-In process for store: Retail (1)
2015-04-20T21:45:04+00:00 DEBUG (7): Starting Subscriber Opt-In process for store: Wholesale (2)
2015-04-20T22:00:02+00:00 DEBUG (7): Starting Subscriber Opt-In process for store: Admin (0)
2015-04-20T22:00:02+00:00 DEBUG (7): Starting Subscriber Opt-In process for store: International (3)
2015-04-20T22:00:02+00:00 DEBUG (7): Starting Subscriber Opt-In process for store: Retail (1)
2015-04-20T22:00:03+00:00 INFO (6):   Adding Contact to list: Bloomingbath.com
2015-04-20T22:00:03+00:00 INFO (6):   Setting Contact (josmithy3@hotmail.co.uk) status to: active
2015-04-20T22:00:04+00:00 DEBUG (7): Starting Subscriber Opt-In process for store: Wholesale (2)
2015-04-20T22:15:02+00:00 DEBUG (7): Starting Subscriber Opt-In process for store: Admin (0)
2015-04-20T22:15:02+00:00 DEBUG (7): Starting Subscriber Opt-In process for store: International (3)
2015-04-20T22:15:02+00:00 DEBUG (7): Starting Subscriber Opt-In process for store: Retail (1)
2015-04-20T22:15:03+00:00 DEBUG (7): Starting Subscriber Opt-In process for store: Wholesale (2)
2015-04-20T22:30:09+00:00 DEBUG (7): Starting Subscriber Opt-In process for store: Admin (0)
2015-04-20T22:30:09+00:00 DEBUG (7): Starting Subscriber Opt-In process for store: International (3)
2015-04-20T22:30:09+00:00 DEBUG (7): Starting Subscriber Opt-In process for store: Retail (1)
2015-04-20T22:30:09+00:00 DEBUG (7): Starting Subscriber Opt-In process for store: Wholesale (2)
2015-04-20T22:45:02+00:00 DEBUG (7): Starting Subscriber Opt-In process for store: Admin (0)
2015-04-20T22:45:02+00:00 DEBUG (7): Starting Subscriber Opt-In process for store: International (3)
2015-04-20T22:45:02+00:00 DEBUG (7): Starting Subscriber Opt-In process for store: Retail (1)
2015-04-20T22:45:04+00:00 DEBUG (7): Starting Subscriber Opt-In process for store: Wholesale (2)
2015-04-20T23:00:09+00:00 DEBUG (7): Starting Subscriber Opt-In process for store: Admin (0)
2015-04-20T23:00:09+00:00 DEBUG (7): Starting Subscriber Opt-In process for store: International (3)
2015-04-20T23:00:09+00:00 DEBUG (7): Starting Subscriber Opt-In process for store: Retail (1)
2015-04-20T23:00:10+00:00 INFO (6):   Adding Contact to list: Bloomingbath.com
2015-04-20T23:00:10+00:00 INFO (6):   Setting Contact (annbaumbach@yahoo.com) status to: active
2015-04-20T23:00:10+00:00 DEBUG (7): Starting Subscriber Opt-In process for store: Wholesale (2)
2015-04-20T23:11:04+00:00 DEBUG (7): No subscription status found in session.
2015-04-20T23:20:12+00:00 DEBUG (7): Starting Subscriber Opt-In process for store: Admin (0)
2015-04-20T23:20:12+00:00 DEBUG (7): Starting Subscriber Opt-In process for store: International (3)
2015-04-20T23:20:12+00:00 DEBUG (7): Starting Subscriber Opt-In process for store: Retail (1)
2015-04-20T23:20:12+00:00 DEBUG (7): Starting Subscriber Opt-In process for store: Wholesale (2)
2015-04-20T23:30:02+00:00 DEBUG (7): Starting Subscriber Opt-In process for store: Admin (0)
2015-04-20T23:30:02+00:00 DEBUG (7): Starting Subscriber Opt-In process for store: International (3)
2015-04-20T23:30:02+00:00 DEBUG (7): Starting Subscriber Opt-In process for store: Retail (1)
2015-04-20T23:30:03+00:00 DEBUG (7): Starting Subscriber Opt-In process for store: Wholesale (2)
2015-04-20T23:38:17+00:00 DEBUG (7): No subscription status found in session.
2015-04-20T23:45:05+00:00 DEBUG (7): Starting Subscriber Opt-In process for store: Admin (0)
2015-04-20T23:45:05+00:00 DEBUG (7): Starting Subscriber Opt-In process for store: International (3)
2015-04-20T23:45:05+00:00 DEBUG (7): Starting Subscriber Opt-In process for store: Retail (1)
2015-04-20T23:45:07+00:00 INFO (6):   Adding Contact to list: Bloomingbath.com
2015-04-20T23:45:07+00:00 INFO (6):   Setting Contact (danny2bass@hotmail.com) status to: active
2015-04-20T23:45:07+00:00 DEBUG (7): Starting Subscriber Opt-In process for store: Wholesale (2)
