2015-04-01T00:05:02+00:00 DEBUG (7): Starting Order Import process for store: Admin (0)
2015-04-01T00:05:02+00:00 DEBUG (7): Starting Order Import process for store: International (3)
2015-04-01T00:05:02+00:00 DEBUG (7): Starting Order Import process for store: Retail (1)
2015-04-01T00:05:02+00:00 DEBUG (7): Starting Order Import process for store: Wholesale (2)
2015-04-01T00:15:02+00:00 DEBUG (7): Starting Order Import process for store: Admin (0)
2015-04-01T00:15:02+00:00 DEBUG (7): Starting Order Import process for store: International (3)
2015-04-01T00:15:02+00:00 DEBUG (7): Starting Order Import process for store: Retail (1)
2015-04-01T00:15:02+00:00 DEBUG (7): Starting Order Import process for store: Wholesale (2)
2015-04-01T00:30:02+00:00 DEBUG (7): Starting Order Import process for store: Admin (0)
2015-04-01T00:30:02+00:00 DEBUG (7): Starting Order Import process for store: International (3)
2015-04-01T00:30:02+00:00 DEBUG (7): Starting Order Import process for store: Retail (1)
2015-04-01T00:30:02+00:00 DEBUG (7): Starting Order Import process for store: Wholesale (2)
2015-04-01T00:45:02+00:00 DEBUG (7): Starting Order Import process for store: Admin (0)
2015-04-01T00:45:02+00:00 DEBUG (7): Starting Order Import process for store: International (3)
2015-04-01T00:45:02+00:00 DEBUG (7): Starting Order Import process for store: Retail (1)
2015-04-01T00:45:02+00:00 DEBUG (7): Starting Order Import process for store: Wholesale (2)
2015-04-01T01:00:02+00:00 DEBUG (7): Starting Order Import process for store: Admin (0)
2015-04-01T01:00:02+00:00 DEBUG (7): Starting Order Import process for store: International (3)
2015-04-01T01:00:02+00:00 DEBUG (7): Starting Order Import process for store: Retail (1)
2015-04-01T01:00:02+00:00 DEBUG (7): Starting Order Import process for store: Wholesale (2)
2015-04-01T01:15:02+00:00 DEBUG (7): Starting Order Import process for store: Admin (0)
2015-04-01T01:15:02+00:00 DEBUG (7): Starting Order Import process for store: International (3)
2015-04-01T01:15:02+00:00 DEBUG (7): Starting Order Import process for store: Retail (1)
2015-04-01T01:15:02+00:00 DEBUG (7): Starting Order Import process for store: Wholesale (2)
2015-04-01T01:30:02+00:00 DEBUG (7): Starting Order Import process for store: Admin (0)
2015-04-01T01:30:02+00:00 DEBUG (7): Starting Order Import process for store: International (3)
2015-04-01T01:30:02+00:00 DEBUG (7): Starting Order Import process for store: Retail (1)
2015-04-01T01:30:02+00:00 DEBUG (7):  Importing: New, Pending Payment, Processing, Complete, Payment Review
2015-04-01T01:30:02+00:00 DEBUG (7):   Deleting: Closed, Canceled, On Hold
2015-04-01T01:30:02+00:00 DEBUG (7):   Processing Order ID: 41012 	 #200034005
2015-04-01T01:30:03+00:00 DEBUG (7):   Flush resulted in 1 orders processed
2015-04-01T01:30:03+00:00 DEBUG (7):   Success: 1
2015-04-01T01:30:03+00:00 DEBUG (7):   Error:   0
2015-04-01T01:30:03+00:00 DEBUG (7):   Total:   1
2015-04-01T01:30:03+00:00 DEBUG (7): Starting Order Import process for store: Wholesale (2)
2015-04-01T01:45:02+00:00 DEBUG (7): Starting Order Import process for store: Admin (0)
2015-04-01T01:45:02+00:00 DEBUG (7): Starting Order Import process for store: International (3)
2015-04-01T01:45:02+00:00 DEBUG (7): Starting Order Import process for store: Retail (1)
2015-04-01T01:45:02+00:00 DEBUG (7): Starting Order Import process for store: Wholesale (2)
2015-04-01T02:00:02+00:00 DEBUG (7): Starting Order Import process for store: Admin (0)
2015-04-01T02:00:02+00:00 DEBUG (7): Starting Order Import process for store: International (3)
2015-04-01T02:00:02+00:00 DEBUG (7): Starting Order Import process for store: Retail (1)
2015-04-01T02:00:02+00:00 DEBUG (7): Starting Order Import process for store: Wholesale (2)
2015-04-01T02:15:02+00:00 DEBUG (7): Starting Order Import process for store: Admin (0)
2015-04-01T02:15:02+00:00 DEBUG (7): Starting Order Import process for store: International (3)
2015-04-01T02:15:02+00:00 DEBUG (7): Starting Order Import process for store: Retail (1)
2015-04-01T02:15:02+00:00 DEBUG (7): Starting Order Import process for store: Wholesale (2)
2015-04-01T02:30:02+00:00 DEBUG (7): Starting Order Import process for store: Admin (0)
2015-04-01T02:30:02+00:00 DEBUG (7): Starting Order Import process for store: International (3)
2015-04-01T02:30:02+00:00 DEBUG (7): Starting Order Import process for store: Retail (1)
2015-04-01T02:30:02+00:00 DEBUG (7): Starting Order Import process for store: Wholesale (2)
2015-04-01T02:50:02+00:00 DEBUG (7): Starting Order Import process for store: Admin (0)
2015-04-01T02:50:02+00:00 DEBUG (7): Starting Order Import process for store: International (3)
2015-04-01T02:50:02+00:00 DEBUG (7): Starting Order Import process for store: Retail (1)
2015-04-01T02:50:02+00:00 DEBUG (7): Starting Order Import process for store: Wholesale (2)
2015-04-01T03:00:02+00:00 DEBUG (7): Starting Order Import process for store: Admin (0)
2015-04-01T03:00:02+00:00 DEBUG (7): Starting Order Import process for store: International (3)
2015-04-01T03:00:02+00:00 DEBUG (7): Starting Order Import process for store: Retail (1)
2015-04-01T03:00:02+00:00 DEBUG (7): Starting Order Import process for store: Wholesale (2)
2015-04-01T03:15:02+00:00 DEBUG (7): Starting Order Import process for store: Admin (0)
2015-04-01T03:15:02+00:00 DEBUG (7): Starting Order Import process for store: International (3)
2015-04-01T03:15:02+00:00 DEBUG (7): Starting Order Import process for store: Retail (1)
2015-04-01T03:15:02+00:00 DEBUG (7): Starting Order Import process for store: Wholesale (2)
2015-04-01T03:30:02+00:00 DEBUG (7): Starting Order Import process for store: Admin (0)
2015-04-01T03:30:02+00:00 DEBUG (7): Starting Order Import process for store: International (3)
2015-04-01T03:30:02+00:00 DEBUG (7): Starting Order Import process for store: Retail (1)
2015-04-01T03:30:02+00:00 DEBUG (7): Starting Order Import process for store: Wholesale (2)
2015-04-01T03:45:02+00:00 DEBUG (7): Starting Order Import process for store: Admin (0)
2015-04-01T03:45:02+00:00 DEBUG (7): Starting Order Import process for store: International (3)
2015-04-01T03:45:03+00:00 DEBUG (7): Starting Order Import process for store: Retail (1)
2015-04-01T03:45:03+00:00 DEBUG (7):  Importing: New, Pending Payment, Processing, Complete, Payment Review
2015-04-01T03:45:03+00:00 DEBUG (7):   Deleting: Closed, Canceled, On Hold
2015-04-01T03:45:03+00:00 DEBUG (7):   Processing Order ID: 41013 	 #200034006
2015-04-01T03:45:05+00:00 DEBUG (7):   Flush resulted in 1 orders processed
2015-04-01T03:45:05+00:00 DEBUG (7):   Success: 1
2015-04-01T03:45:05+00:00 DEBUG (7):   Error:   0
2015-04-01T03:45:05+00:00 DEBUG (7):   Total:   1
2015-04-01T03:45:05+00:00 DEBUG (7): Starting Order Import process for store: Wholesale (2)
2015-04-01T04:00:03+00:00 DEBUG (7): Starting Order Import process for store: Admin (0)
2015-04-01T04:00:03+00:00 DEBUG (7): Starting Order Import process for store: International (3)
2015-04-01T04:00:03+00:00 DEBUG (7): Starting Order Import process for store: Retail (1)
2015-04-01T04:00:03+00:00 DEBUG (7): Starting Order Import process for store: Wholesale (2)
2015-04-01T04:15:02+00:00 DEBUG (7): Starting Order Import process for store: Admin (0)
2015-04-01T04:15:02+00:00 DEBUG (7): Starting Order Import process for store: International (3)
2015-04-01T04:15:02+00:00 DEBUG (7): Starting Order Import process for store: Retail (1)
2015-04-01T04:15:02+00:00 DEBUG (7): Starting Order Import process for store: Wholesale (2)
2015-04-01T04:30:02+00:00 DEBUG (7): Starting Order Import process for store: Admin (0)
2015-04-01T04:30:02+00:00 DEBUG (7): Starting Order Import process for store: International (3)
2015-04-01T04:30:02+00:00 DEBUG (7): Starting Order Import process for store: Retail (1)
2015-04-01T04:30:02+00:00 DEBUG (7): Starting Order Import process for store: Wholesale (2)
2015-04-01T04:45:02+00:00 DEBUG (7): Starting Order Import process for store: Admin (0)
2015-04-01T04:45:02+00:00 DEBUG (7): Starting Order Import process for store: International (3)
2015-04-01T04:45:02+00:00 DEBUG (7): Starting Order Import process for store: Retail (1)
2015-04-01T04:45:02+00:00 DEBUG (7): Starting Order Import process for store: Wholesale (2)
2015-04-01T05:00:02+00:00 DEBUG (7): Starting Order Import process for store: Admin (0)
2015-04-01T05:00:02+00:00 DEBUG (7): Starting Order Import process for store: International (3)
2015-04-01T05:00:02+00:00 DEBUG (7): Starting Order Import process for store: Retail (1)
2015-04-01T05:00:02+00:00 DEBUG (7):  Importing: New, Pending Payment, Processing, Complete, Payment Review
2015-04-01T05:00:02+00:00 DEBUG (7):   Deleting: Closed, Canceled, On Hold
2015-04-01T05:00:02+00:00 DEBUG (7):   Processing Order ID: 41014 	 #200034007
2015-04-01T05:00:05+00:00 DEBUG (7):   Flush resulted in 1 orders processed
2015-04-01T05:00:05+00:00 DEBUG (7):   Success: 1
2015-04-01T05:00:05+00:00 DEBUG (7):   Error:   0
2015-04-01T05:00:05+00:00 DEBUG (7):   Total:   1
2015-04-01T05:00:05+00:00 DEBUG (7): Starting Order Import process for store: Wholesale (2)
2015-04-01T05:15:02+00:00 DEBUG (7): Starting Order Import process for store: Admin (0)
2015-04-01T05:15:02+00:00 DEBUG (7): Starting Order Import process for store: International (3)
2015-04-01T05:15:02+00:00 DEBUG (7): Starting Order Import process for store: Retail (1)
2015-04-01T05:15:02+00:00 DEBUG (7): Starting Order Import process for store: Wholesale (2)
2015-04-01T05:30:03+00:00 DEBUG (7): Starting Order Import process for store: Admin (0)
2015-04-01T05:30:03+00:00 DEBUG (7): Starting Order Import process for store: International (3)
2015-04-01T05:30:03+00:00 DEBUG (7): Starting Order Import process for store: Retail (1)
2015-04-01T05:30:03+00:00 DEBUG (7): Starting Order Import process for store: Wholesale (2)
2015-04-01T05:45:02+00:00 DEBUG (7): Starting Order Import process for store: Admin (0)
2015-04-01T05:45:02+00:00 DEBUG (7): Starting Order Import process for store: International (3)
2015-04-01T05:45:02+00:00 DEBUG (7): Starting Order Import process for store: Retail (1)
2015-04-01T05:45:02+00:00 DEBUG (7): Starting Order Import process for store: Wholesale (2)
2015-04-01T06:00:02+00:00 DEBUG (7): Starting Order Import process for store: Admin (0)
2015-04-01T06:00:02+00:00 DEBUG (7): Starting Order Import process for store: International (3)
2015-04-01T06:00:02+00:00 DEBUG (7): Starting Order Import process for store: Retail (1)
2015-04-01T06:00:02+00:00 DEBUG (7): Starting Order Import process for store: Wholesale (2)
2015-04-01T06:15:02+00:00 DEBUG (7): Starting Order Import process for store: Admin (0)
2015-04-01T06:15:02+00:00 DEBUG (7): Starting Order Import process for store: International (3)
2015-04-01T06:15:02+00:00 DEBUG (7): Starting Order Import process for store: Retail (1)
2015-04-01T06:15:02+00:00 DEBUG (7): Starting Order Import process for store: Wholesale (2)
2015-04-01T06:35:02+00:00 DEBUG (7): Starting Order Import process for store: Admin (0)
2015-04-01T06:35:02+00:00 DEBUG (7): Starting Order Import process for store: International (3)
2015-04-01T06:35:02+00:00 DEBUG (7): Starting Order Import process for store: Retail (1)
2015-04-01T06:35:02+00:00 DEBUG (7): Starting Order Import process for store: Wholesale (2)
2015-04-01T06:45:02+00:00 DEBUG (7): Starting Order Import process for store: Admin (0)
2015-04-01T06:45:02+00:00 DEBUG (7): Starting Order Import process for store: International (3)
2015-04-01T06:45:02+00:00 DEBUG (7): Starting Order Import process for store: Retail (1)
2015-04-01T06:45:02+00:00 DEBUG (7): Starting Order Import process for store: Wholesale (2)
2015-04-01T07:05:12+00:00 DEBUG (7): Starting Order Import process for store: Admin (0)
2015-04-01T07:05:12+00:00 DEBUG (7): Starting Order Import process for store: International (3)
2015-04-01T07:05:12+00:00 DEBUG (7): Starting Order Import process for store: Retail (1)
2015-04-01T07:05:12+00:00 DEBUG (7): Starting Order Import process for store: Wholesale (2)
2015-04-01T07:15:02+00:00 DEBUG (7): Starting Order Import process for store: Admin (0)
2015-04-01T07:15:02+00:00 DEBUG (7): Starting Order Import process for store: International (3)
2015-04-01T07:15:02+00:00 DEBUG (7): Starting Order Import process for store: Retail (1)
2015-04-01T07:15:02+00:00 DEBUG (7): Starting Order Import process for store: Wholesale (2)
2015-04-01T07:30:02+00:00 DEBUG (7): Starting Order Import process for store: Admin (0)
2015-04-01T07:30:02+00:00 DEBUG (7): Starting Order Import process for store: International (3)
2015-04-01T07:30:02+00:00 DEBUG (7): Starting Order Import process for store: Retail (1)
2015-04-01T07:30:02+00:00 DEBUG (7): Starting Order Import process for store: Wholesale (2)
2015-04-01T07:50:02+00:00 DEBUG (7): Starting Order Import process for store: Admin (0)
2015-04-01T07:50:02+00:00 DEBUG (7): Starting Order Import process for store: International (3)
2015-04-01T07:50:02+00:00 DEBUG (7): Starting Order Import process for store: Retail (1)
2015-04-01T07:50:02+00:00 DEBUG (7): Starting Order Import process for store: Wholesale (2)
2015-04-01T08:00:33+00:00 DEBUG (7): Starting Order Import process for store: Admin (0)
2015-04-01T08:00:33+00:00 DEBUG (7): Starting Order Import process for store: International (3)
2015-04-01T08:00:33+00:00 DEBUG (7): Starting Order Import process for store: Retail (1)
2015-04-01T08:00:33+00:00 DEBUG (7): Starting Order Import process for store: Wholesale (2)
2015-04-01T08:15:02+00:00 DEBUG (7): Starting Order Import process for store: Admin (0)
2015-04-01T08:15:02+00:00 DEBUG (7): Starting Order Import process for store: International (3)
2015-04-01T08:15:02+00:00 DEBUG (7): Starting Order Import process for store: Retail (1)
2015-04-01T08:15:02+00:00 DEBUG (7): Starting Order Import process for store: Wholesale (2)
2015-04-01T08:30:02+00:00 DEBUG (7): Starting Order Import process for store: Admin (0)
2015-04-01T08:30:02+00:00 DEBUG (7): Starting Order Import process for store: International (3)
2015-04-01T08:30:02+00:00 DEBUG (7): Starting Order Import process for store: Retail (1)
2015-04-01T08:30:02+00:00 DEBUG (7): Starting Order Import process for store: Wholesale (2)
2015-04-01T08:45:02+00:00 DEBUG (7): Starting Order Import process for store: Admin (0)
2015-04-01T08:45:02+00:00 DEBUG (7): Starting Order Import process for store: International (3)
2015-04-01T08:45:02+00:00 DEBUG (7): Starting Order Import process for store: Retail (1)
2015-04-01T08:45:02+00:00 DEBUG (7): Starting Order Import process for store: Wholesale (2)
2015-04-01T09:00:07+00:00 DEBUG (7): Starting Order Import process for store: Admin (0)
2015-04-01T09:00:07+00:00 DEBUG (7): Starting Order Import process for store: International (3)
2015-04-01T09:00:07+00:00 DEBUG (7): Starting Order Import process for store: Retail (1)
2015-04-01T09:00:07+00:00 DEBUG (7): Starting Order Import process for store: Wholesale (2)
2015-04-01T09:15:02+00:00 DEBUG (7): Starting Order Import process for store: Admin (0)
2015-04-01T09:15:02+00:00 DEBUG (7): Starting Order Import process for store: International (3)
2015-04-01T09:15:02+00:00 DEBUG (7): Starting Order Import process for store: Retail (1)
2015-04-01T09:15:02+00:00 DEBUG (7): Starting Order Import process for store: Wholesale (2)
2015-04-01T09:30:02+00:00 DEBUG (7): Starting Order Import process for store: Admin (0)
2015-04-01T09:30:02+00:00 DEBUG (7): Starting Order Import process for store: International (3)
2015-04-01T09:30:02+00:00 DEBUG (7): Starting Order Import process for store: Retail (1)
2015-04-01T09:30:02+00:00 DEBUG (7): Starting Order Import process for store: Wholesale (2)
2015-04-01T09:45:02+00:00 DEBUG (7): Starting Order Import process for store: Admin (0)
2015-04-01T09:45:02+00:00 DEBUG (7): Starting Order Import process for store: International (3)
2015-04-01T09:45:02+00:00 DEBUG (7): Starting Order Import process for store: Retail (1)
2015-04-01T09:45:02+00:00 DEBUG (7): Starting Order Import process for store: Wholesale (2)
2015-04-01T10:05:03+00:00 DEBUG (7): Starting Order Import process for store: Admin (0)
2015-04-01T10:05:03+00:00 DEBUG (7): Starting Order Import process for store: International (3)
2015-04-01T10:05:03+00:00 DEBUG (7): Starting Order Import process for store: Retail (1)
2015-04-01T10:05:03+00:00 DEBUG (7): Starting Order Import process for store: Wholesale (2)
2015-04-01T10:15:02+00:00 DEBUG (7): Starting Order Import process for store: Admin (0)
2015-04-01T10:15:02+00:00 DEBUG (7): Starting Order Import process for store: International (3)
2015-04-01T10:15:02+00:00 DEBUG (7): Starting Order Import process for store: Retail (1)
2015-04-01T10:15:02+00:00 DEBUG (7): Starting Order Import process for store: Wholesale (2)
2015-04-01T10:30:03+00:00 DEBUG (7): Starting Order Import process for store: Admin (0)
2015-04-01T10:30:03+00:00 DEBUG (7): Starting Order Import process for store: International (3)
2015-04-01T10:30:03+00:00 DEBUG (7): Starting Order Import process for store: Retail (1)
2015-04-01T10:30:03+00:00 DEBUG (7): Starting Order Import process for store: Wholesale (2)
2015-04-01T10:45:02+00:00 DEBUG (7): Starting Order Import process for store: Admin (0)
2015-04-01T10:45:02+00:00 DEBUG (7): Starting Order Import process for store: International (3)
2015-04-01T10:45:02+00:00 DEBUG (7): Starting Order Import process for store: Retail (1)
2015-04-01T10:45:02+00:00 DEBUG (7): Starting Order Import process for store: Wholesale (2)
2015-04-01T11:00:02+00:00 DEBUG (7): Starting Order Import process for store: Admin (0)
2015-04-01T11:00:02+00:00 DEBUG (7): Starting Order Import process for store: International (3)
2015-04-01T11:00:02+00:00 DEBUG (7): Starting Order Import process for store: Retail (1)
2015-04-01T11:00:02+00:00 DEBUG (7): Starting Order Import process for store: Wholesale (2)
2015-04-01T11:15:02+00:00 DEBUG (7): Starting Order Import process for store: Admin (0)
2015-04-01T11:15:02+00:00 DEBUG (7): Starting Order Import process for store: International (3)
2015-04-01T11:15:02+00:00 DEBUG (7): Starting Order Import process for store: Retail (1)
2015-04-01T11:15:02+00:00 DEBUG (7): Starting Order Import process for store: Wholesale (2)
2015-04-01T11:30:02+00:00 DEBUG (7): Starting Order Import process for store: Admin (0)
2015-04-01T11:30:02+00:00 DEBUG (7): Starting Order Import process for store: International (3)
2015-04-01T11:30:02+00:00 DEBUG (7): Starting Order Import process for store: Retail (1)
2015-04-01T11:30:02+00:00 DEBUG (7): Starting Order Import process for store: Wholesale (2)
2015-04-01T11:45:02+00:00 DEBUG (7): Starting Order Import process for store: Admin (0)
2015-04-01T11:45:02+00:00 DEBUG (7): Starting Order Import process for store: International (3)
2015-04-01T11:45:02+00:00 DEBUG (7): Starting Order Import process for store: Retail (1)
2015-04-01T11:45:02+00:00 DEBUG (7): Starting Order Import process for store: Wholesale (2)
2015-04-01T12:00:03+00:00 DEBUG (7): Starting Order Import process for store: Admin (0)
2015-04-01T12:00:03+00:00 DEBUG (7): Starting Order Import process for store: International (3)
2015-04-01T12:00:03+00:00 DEBUG (7): Starting Order Import process for store: Retail (1)
2015-04-01T12:00:03+00:00 DEBUG (7): Starting Order Import process for store: Wholesale (2)
2015-04-01T12:15:03+00:00 DEBUG (7): Starting Order Import process for store: Admin (0)
2015-04-01T12:15:03+00:00 DEBUG (7): Starting Order Import process for store: International (3)
2015-04-01T12:15:03+00:00 DEBUG (7): Starting Order Import process for store: Retail (1)
2015-04-01T12:15:03+00:00 DEBUG (7): Starting Order Import process for store: Wholesale (2)
2015-04-01T12:30:02+00:00 DEBUG (7): Starting Order Import process for store: Admin (0)
2015-04-01T12:30:02+00:00 DEBUG (7): Starting Order Import process for store: International (3)
2015-04-01T12:30:02+00:00 DEBUG (7): Starting Order Import process for store: Retail (1)
2015-04-01T12:30:02+00:00 DEBUG (7): Starting Order Import process for store: Wholesale (2)
2015-04-01T12:45:02+00:00 DEBUG (7): Starting Order Import process for store: Admin (0)
2015-04-01T12:45:02+00:00 DEBUG (7): Starting Order Import process for store: International (3)
2015-04-01T12:45:02+00:00 DEBUG (7): Starting Order Import process for store: Retail (1)
2015-04-01T12:45:02+00:00 DEBUG (7): Starting Order Import process for store: Wholesale (2)
2015-04-01T13:00:02+00:00 DEBUG (7): Starting Order Import process for store: Admin (0)
2015-04-01T13:00:02+00:00 DEBUG (7): Starting Order Import process for store: International (3)
2015-04-01T13:00:02+00:00 DEBUG (7): Starting Order Import process for store: Retail (1)
2015-04-01T13:00:02+00:00 DEBUG (7): Starting Order Import process for store: Wholesale (2)
2015-04-01T13:20:02+00:00 DEBUG (7): Starting Order Import process for store: Admin (0)
2015-04-01T13:20:02+00:00 DEBUG (7): Starting Order Import process for store: International (3)
2015-04-01T13:20:02+00:00 DEBUG (7): Starting Order Import process for store: Retail (1)
2015-04-01T13:20:02+00:00 DEBUG (7): Starting Order Import process for store: Wholesale (2)
2015-04-01T13:30:02+00:00 DEBUG (7): Starting Order Import process for store: Admin (0)
2015-04-01T13:30:02+00:00 DEBUG (7): Starting Order Import process for store: International (3)
2015-04-01T13:30:02+00:00 DEBUG (7): Starting Order Import process for store: Retail (1)
2015-04-01T13:30:02+00:00 DEBUG (7): Starting Order Import process for store: Wholesale (2)
2015-04-01T13:45:02+00:00 DEBUG (7): Starting Order Import process for store: Admin (0)
2015-04-01T13:45:02+00:00 DEBUG (7): Starting Order Import process for store: International (3)
2015-04-01T13:45:02+00:00 DEBUG (7): Starting Order Import process for store: Retail (1)
2015-04-01T13:45:02+00:00 DEBUG (7): Starting Order Import process for store: Wholesale (2)
2015-04-01T14:00:02+00:00 DEBUG (7): Starting Order Import process for store: Admin (0)
2015-04-01T14:00:02+00:00 DEBUG (7): Starting Order Import process for store: International (3)
2015-04-01T14:00:02+00:00 DEBUG (7): Starting Order Import process for store: Retail (1)
2015-04-01T14:00:02+00:00 DEBUG (7):  Importing: New, Pending Payment, Processing, Complete, Payment Review
2015-04-01T14:00:02+00:00 DEBUG (7):   Deleting: Closed, Canceled, On Hold
2015-04-01T14:00:02+00:00 DEBUG (7):   Processing Order ID: 41015 	 #200034008
2015-04-01T14:00:03+00:00 DEBUG (7):   Flush resulted in 1 orders processed
2015-04-01T14:00:03+00:00 DEBUG (7):   Success: 1
2015-04-01T14:00:03+00:00 DEBUG (7):   Error:   0
2015-04-01T14:00:03+00:00 DEBUG (7):   Total:   1
2015-04-01T14:00:03+00:00 DEBUG (7): Starting Order Import process for store: Wholesale (2)
2015-04-01T14:15:03+00:00 DEBUG (7): Starting Order Import process for store: Admin (0)
2015-04-01T14:15:03+00:00 DEBUG (7): Starting Order Import process for store: International (3)
2015-04-01T14:15:03+00:00 DEBUG (7): Starting Order Import process for store: Retail (1)
2015-04-01T14:15:03+00:00 DEBUG (7): Starting Order Import process for store: Wholesale (2)
2015-04-01T14:30:02+00:00 DEBUG (7): Starting Order Import process for store: Admin (0)
2015-04-01T14:30:02+00:00 DEBUG (7): Starting Order Import process for store: International (3)
2015-04-01T14:30:02+00:00 DEBUG (7): Starting Order Import process for store: Retail (1)
2015-04-01T14:30:02+00:00 DEBUG (7): Starting Order Import process for store: Wholesale (2)
2015-04-01T14:45:02+00:00 DEBUG (7): Starting Order Import process for store: Admin (0)
2015-04-01T14:45:02+00:00 DEBUG (7): Starting Order Import process for store: International (3)
2015-04-01T14:45:02+00:00 DEBUG (7): Starting Order Import process for store: Retail (1)
2015-04-01T14:45:02+00:00 DEBUG (7): Starting Order Import process for store: Wholesale (2)
2015-04-01T15:00:02+00:00 DEBUG (7): Starting Order Import process for store: Admin (0)
2015-04-01T15:00:02+00:00 DEBUG (7): Starting Order Import process for store: International (3)
2015-04-01T15:00:02+00:00 DEBUG (7): Starting Order Import process for store: Retail (1)
2015-04-01T15:00:02+00:00 DEBUG (7): Starting Order Import process for store: Wholesale (2)
2015-04-01T15:15:02+00:00 DEBUG (7): Starting Order Import process for store: Admin (0)
2015-04-01T15:15:02+00:00 DEBUG (7): Starting Order Import process for store: International (3)
2015-04-01T15:15:02+00:00 DEBUG (7): Starting Order Import process for store: Retail (1)
2015-04-01T15:15:02+00:00 DEBUG (7):  Importing: New, Pending Payment, Processing, Complete, Payment Review
2015-04-01T15:15:02+00:00 DEBUG (7):   Deleting: Closed, Canceled, On Hold
2015-04-01T15:15:02+00:00 DEBUG (7):   Processing Order ID: 41029 	 #200034010
2015-04-01T15:15:05+00:00 DEBUG (7):   Flush resulted in 1 orders processed
2015-04-01T15:15:05+00:00 DEBUG (7):   Success: 1
2015-04-01T15:15:05+00:00 DEBUG (7):   Error:   0
2015-04-01T15:15:05+00:00 DEBUG (7):   Total:   1
2015-04-01T15:15:05+00:00 DEBUG (7): Starting Order Import process for store: Wholesale (2)
2015-04-01T15:15:05+00:00 DEBUG (7):  Importing: New, Pending Payment, Processing, Complete, Payment Review
2015-04-01T15:15:05+00:00 DEBUG (7):   Deleting: Closed, Canceled, On Hold
2015-04-01T15:15:05+00:00 DEBUG (7):   Processing Order ID: 41028 	 #250007369
2015-04-01T15:15:05+00:00 DEBUG (7):   Processing Order ID: 41026 	 #250007367
2015-04-01T15:15:05+00:00 DEBUG (7):   Processing Order ID: 41027 	 #250007368
2015-04-01T15:15:05+00:00 DEBUG (7):   Processing Order ID: 41024 	 #250007365
2015-04-01T15:15:05+00:00 DEBUG (7):   Processing Order ID: 41025 	 #250007366
2015-04-01T15:15:05+00:00 DEBUG (7):   Processing Order ID: 41022 	 #250007363
2015-04-01T15:15:05+00:00 DEBUG (7):   Processing Order ID: 41023 	 #250007364
2015-04-01T15:15:05+00:00 DEBUG (7):   Processing Order ID: 41020 	 #250007361
2015-04-01T15:15:05+00:00 DEBUG (7):   Processing Order ID: 41021 	 #250007362
2015-04-01T15:15:05+00:00 DEBUG (7):   Processing Order ID: 41018 	 #250007359
2015-04-01T15:15:05+00:00 DEBUG (7):   Processing Order ID: 41019 	 #250007360
2015-04-01T15:15:16+00:00 DEBUG (7):   Flush resulted in 11 orders processed
2015-04-01T15:15:16+00:00 DEBUG (7):   Success: 11
2015-04-01T15:15:16+00:00 DEBUG (7):   Error:   0
2015-04-01T15:15:16+00:00 DEBUG (7):   Total:   11
2015-04-01T15:30:02+00:00 DEBUG (7): Starting Order Import process for store: Admin (0)
2015-04-01T15:30:02+00:00 DEBUG (7): Starting Order Import process for store: International (3)
2015-04-01T15:30:02+00:00 DEBUG (7): Starting Order Import process for store: Retail (1)
2015-04-01T15:30:02+00:00 DEBUG (7):  Importing: New, Pending Payment, Processing, Complete, Payment Review
2015-04-01T15:30:02+00:00 DEBUG (7):   Deleting: Closed, Canceled, On Hold
2015-04-01T15:30:02+00:00 DEBUG (7):   Processing Order ID: 41035 	 #200034011
2015-04-01T15:30:07+00:00 DEBUG (7):   Flush resulted in 1 orders processed
2015-04-01T15:30:07+00:00 DEBUG (7):   Success: 1
2015-04-01T15:30:07+00:00 DEBUG (7):   Error:   0
2015-04-01T15:30:07+00:00 DEBUG (7):   Total:   1
2015-04-01T15:30:07+00:00 DEBUG (7): Starting Order Import process for store: Wholesale (2)
2015-04-01T15:30:07+00:00 DEBUG (7):  Importing: New, Pending Payment, Processing, Complete, Payment Review
2015-04-01T15:30:07+00:00 DEBUG (7):   Deleting: Closed, Canceled, On Hold
2015-04-01T15:30:07+00:00 DEBUG (7):   Processing Order ID: 41031 	 #250007370
2015-04-01T15:30:08+00:00 DEBUG (7):   Flush resulted in 1 orders processed
2015-04-01T15:30:08+00:00 DEBUG (7):   Success: 1
2015-04-01T15:30:08+00:00 DEBUG (7):   Error:   0
2015-04-01T15:30:08+00:00 DEBUG (7):   Total:   1
2015-04-01T15:50:02+00:00 DEBUG (7): Starting Order Import process for store: Admin (0)
2015-04-01T15:50:02+00:00 DEBUG (7): Starting Order Import process for store: International (3)
2015-04-01T15:50:02+00:00 DEBUG (7): Starting Order Import process for store: Retail (1)
2015-04-01T15:50:02+00:00 DEBUG (7):  Importing: New, Pending Payment, Processing, Complete, Payment Review
2015-04-01T15:50:02+00:00 DEBUG (7):   Deleting: Closed, Canceled, On Hold
2015-04-01T15:50:02+00:00 DEBUG (7):   Processing Order ID: 41008 	 #200034001
2015-04-01T15:50:04+00:00 DEBUG (7):   Flush resulted in 1 orders processed
2015-04-01T15:50:04+00:00 DEBUG (7):   Success: 1
2015-04-01T15:50:04+00:00 DEBUG (7):   Error:   0
2015-04-01T15:50:04+00:00 DEBUG (7):   Total:   1
2015-04-01T15:50:04+00:00 DEBUG (7): Starting Order Import process for store: Wholesale (2)
2015-04-01T15:50:04+00:00 DEBUG (7):  Importing: New, Pending Payment, Processing, Complete, Payment Review
2015-04-01T15:50:04+00:00 DEBUG (7):   Deleting: Closed, Canceled, On Hold
2015-04-01T15:50:04+00:00 DEBUG (7):   Processing Order ID: 40406 	 #250007146
2015-04-01T15:50:04+00:00 DEBUG (7):   Processing Order ID: 40409 	 #250007149
2015-04-01T15:50:04+00:00 DEBUG (7):   Processing Order ID: 40412 	 #250007152
2015-04-01T15:50:04+00:00 DEBUG (7):   Processing Order ID: 40941 	 #250007317
2015-04-01T15:50:04+00:00 DEBUG (7):   Processing Order ID: 40965 	 #250007320
2015-04-01T15:50:04+00:00 DEBUG (7):   Processing Order ID: 40964 	 #250007319
2015-04-01T15:50:04+00:00 DEBUG (7):   Processing Order ID: 40967 	 #250007322
2015-04-01T15:50:04+00:00 DEBUG (7):   Processing Order ID: 40968 	 #250007323
2015-04-01T15:50:04+00:00 DEBUG (7):   Processing Order ID: 40966 	 #250007321
2015-04-01T15:50:04+00:00 DEBUG (7):   Processing Order ID: 40970 	 #250007325
2015-04-01T15:50:04+00:00 DEBUG (7):   Processing Order ID: 40969 	 #250007324
2015-04-01T15:50:04+00:00 DEBUG (7):   Processing Order ID: 40972 	 #250007327
2015-04-01T15:50:04+00:00 DEBUG (7):   Processing Order ID: 40971 	 #250007326
2015-04-01T15:50:04+00:00 DEBUG (7):   Processing Order ID: 40973 	 #250007328
2015-04-01T15:50:12+00:00 DEBUG (7):   Flush resulted in 14 orders processed
2015-04-01T15:50:12+00:00 DEBUG (7):   Success: 14
2015-04-01T15:50:12+00:00 DEBUG (7):   Error:   0
2015-04-01T15:50:12+00:00 DEBUG (7):   Total:   14
2015-04-01T16:00:02+00:00 DEBUG (7): Starting Order Import process for store: Admin (0)
2015-04-01T16:00:02+00:00 DEBUG (7): Starting Order Import process for store: International (3)
2015-04-01T16:00:02+00:00 DEBUG (7): Starting Order Import process for store: Retail (1)
2015-04-01T16:00:02+00:00 DEBUG (7):  Importing: New, Pending Payment, Processing, Complete, Payment Review
2015-04-01T16:00:02+00:00 DEBUG (7):   Deleting: Closed, Canceled, On Hold
2015-04-01T16:00:02+00:00 DEBUG (7):   Processing Order ID: 41036 	 #200034012
2015-04-01T16:00:02+00:00 DEBUG (7):   Processing Order ID: 41014 	 #200034007
2015-04-01T16:00:02+00:00 DEBUG (7):   Processing Order ID: 41013 	 #200034006
2015-04-01T16:00:02+00:00 DEBUG (7):   Processing Order ID: 41012 	 #200034005
2015-04-01T16:00:02+00:00 DEBUG (7):   Processing Order ID: 41011 	 #200034003
2015-04-01T16:00:02+00:00 DEBUG (7):   Processing Order ID: 41007 	 #200034000
2015-04-01T16:00:06+00:00 DEBUG (7):   Flush resulted in 6 orders processed
2015-04-01T16:00:06+00:00 DEBUG (7):   Success: 6
2015-04-01T16:00:06+00:00 DEBUG (7):   Error:   0
2015-04-01T16:00:06+00:00 DEBUG (7):   Total:   6
2015-04-01T16:00:06+00:00 DEBUG (7): Starting Order Import process for store: Wholesale (2)
2015-04-01T16:00:06+00:00 DEBUG (7):  Importing: New, Pending Payment, Processing, Complete, Payment Review
2015-04-01T16:00:06+00:00 DEBUG (7):   Deleting: Closed, Canceled, On Hold
2015-04-01T16:00:06+00:00 DEBUG (7):   Processing Order ID: 41006 	 #250007357
2015-04-01T16:00:13+00:00 DEBUG (7):   Flush resulted in 1 orders processed
2015-04-01T16:00:13+00:00 DEBUG (7):   Success: 1
2015-04-01T16:00:13+00:00 DEBUG (7):   Error:   0
2015-04-01T16:00:13+00:00 DEBUG (7):   Total:   1
2015-04-01T16:15:02+00:00 DEBUG (7): Starting Order Import process for store: Admin (0)
2015-04-01T16:15:02+00:00 DEBUG (7): Starting Order Import process for store: International (3)
2015-04-01T16:15:02+00:00 DEBUG (7): Starting Order Import process for store: Retail (1)
2015-04-01T16:15:02+00:00 DEBUG (7): Starting Order Import process for store: Wholesale (2)
2015-04-01T16:30:02+00:00 DEBUG (7): Starting Order Import process for store: Admin (0)
2015-04-01T16:30:02+00:00 DEBUG (7): Starting Order Import process for store: International (3)
2015-04-01T16:30:02+00:00 DEBUG (7): Starting Order Import process for store: Retail (1)
2015-04-01T16:30:02+00:00 DEBUG (7):  Importing: New, Pending Payment, Processing, Complete, Payment Review
2015-04-01T16:30:02+00:00 DEBUG (7):   Deleting: Closed, Canceled, On Hold
2015-04-01T16:30:02+00:00 DEBUG (7):   Processing Order ID: 41035 	 #200034011
2015-04-01T16:30:02+00:00 DEBUG (7):   Processing Order ID: 41029 	 #200034010
2015-04-01T16:30:05+00:00 DEBUG (7):   Flush resulted in 2 orders processed
2015-04-01T16:30:05+00:00 DEBUG (7):   Success: 2
2015-04-01T16:30:05+00:00 DEBUG (7):   Error:   0
2015-04-01T16:30:05+00:00 DEBUG (7):   Total:   2
2015-04-01T16:30:05+00:00 DEBUG (7): Starting Order Import process for store: Wholesale (2)
2015-04-01T16:30:05+00:00 DEBUG (7):  Importing: New, Pending Payment, Processing, Complete, Payment Review
2015-04-01T16:30:05+00:00 DEBUG (7):   Deleting: Closed, Canceled, On Hold
2015-04-01T16:30:05+00:00 DEBUG (7):   Processing Order ID: 41031 	 #250007370
2015-04-01T16:30:05+00:00 DEBUG (7):   Processing Order ID: 40405 	 #250007145
2015-04-01T16:30:05+00:00 DEBUG (7):   Processing Order ID: 40404 	 #250007144
2015-04-01T16:30:07+00:00 DEBUG (7):   Flush resulted in 3 orders processed
2015-04-01T16:30:07+00:00 DEBUG (7):   Success: 3
2015-04-01T16:30:07+00:00 DEBUG (7):   Error:   0
2015-04-01T16:30:07+00:00 DEBUG (7):   Total:   3
2015-04-01T16:45:02+00:00 DEBUG (7): Starting Order Import process for store: Admin (0)
2015-04-01T16:45:02+00:00 DEBUG (7): Starting Order Import process for store: International (3)
2015-04-01T16:45:02+00:00 DEBUG (7): Starting Order Import process for store: Retail (1)
2015-04-01T16:45:02+00:00 DEBUG (7):  Importing: New, Pending Payment, Processing, Complete, Payment Review
2015-04-01T16:45:02+00:00 DEBUG (7):   Deleting: Closed, Canceled, On Hold
2015-04-01T16:45:02+00:00 DEBUG (7):   Processing Order ID: 41036 	 #200034012
2015-04-01T16:45:03+00:00 DEBUG (7):   Processing Order ID: 41015 	 #200034008
2015-04-01T16:45:03+00:00 DEBUG (7):   Processing Order ID: 41037 	 #200034013
2015-04-01T16:45:06+00:00 DEBUG (7):   Flush resulted in 3 orders processed
2015-04-01T16:45:06+00:00 DEBUG (7):   Success: 3
2015-04-01T16:45:06+00:00 DEBUG (7):   Error:   0
2015-04-01T16:45:06+00:00 DEBUG (7):   Total:   3
2015-04-01T16:45:06+00:00 DEBUG (7): Starting Order Import process for store: Wholesale (2)
2015-04-01T16:45:06+00:00 DEBUG (7):  Importing: New, Pending Payment, Processing, Complete, Payment Review
2015-04-01T16:45:06+00:00 DEBUG (7):   Deleting: Closed, Canceled, On Hold
2015-04-01T16:45:06+00:00 DEBUG (7):   Processing Order ID: 41028 	 #250007369
2015-04-01T16:45:06+00:00 DEBUG (7):   Processing Order ID: 41026 	 #250007367
2015-04-01T16:45:06+00:00 DEBUG (7):   Processing Order ID: 41027 	 #250007368
2015-04-01T16:45:06+00:00 DEBUG (7):   Processing Order ID: 41024 	 #250007365
2015-04-01T16:45:06+00:00 DEBUG (7):   Processing Order ID: 41025 	 #250007366
2015-04-01T16:45:06+00:00 DEBUG (7):   Processing Order ID: 41022 	 #250007363
2015-04-01T16:45:06+00:00 DEBUG (7):   Processing Order ID: 41023 	 #250007364
2015-04-01T16:45:06+00:00 DEBUG (7):   Processing Order ID: 41020 	 #250007361
2015-04-01T16:45:06+00:00 DEBUG (7):   Processing Order ID: 41021 	 #250007362
2015-04-01T16:45:06+00:00 DEBUG (7):   Processing Order ID: 41018 	 #250007359
2015-04-01T16:45:06+00:00 DEBUG (7):   Processing Order ID: 41019 	 #250007360
2015-04-01T16:45:19+00:00 DEBUG (7):   Flush resulted in 11 orders processed
2015-04-01T16:45:19+00:00 DEBUG (7):   Success: 11
2015-04-01T16:45:19+00:00 DEBUG (7):   Error:   0
2015-04-01T16:45:19+00:00 DEBUG (7):   Total:   11
2015-04-01T17:00:03+00:00 DEBUG (7): Starting Order Import process for store: Admin (0)
2015-04-01T17:00:03+00:00 DEBUG (7): Starting Order Import process for store: International (3)
2015-04-01T17:00:03+00:00 DEBUG (7): Starting Order Import process for store: Retail (1)
2015-04-01T17:00:03+00:00 DEBUG (7): Starting Order Import process for store: Wholesale (2)
2015-04-01T17:15:09+00:00 DEBUG (7): Starting Order Import process for store: Admin (0)
2015-04-01T17:15:09+00:00 DEBUG (7): Starting Order Import process for store: International (3)
2015-04-01T17:15:09+00:00 DEBUG (7): Starting Order Import process for store: Retail (1)
2015-04-01T17:15:09+00:00 DEBUG (7):  Importing: New, Pending Payment, Processing, Complete, Payment Review
2015-04-01T17:15:09+00:00 DEBUG (7):   Deleting: Closed, Canceled, On Hold
2015-04-01T17:15:09+00:00 DEBUG (7):   Processing Order ID: 41008 	 #200034001
2015-04-01T17:15:11+00:00 DEBUG (7):   Flush resulted in 1 orders processed
2015-04-01T17:15:11+00:00 DEBUG (7):   Success: 1
2015-04-01T17:15:11+00:00 DEBUG (7):   Error:   0
2015-04-01T17:15:11+00:00 DEBUG (7):   Total:   1
2015-04-01T17:15:11+00:00 DEBUG (7): Starting Order Import process for store: Wholesale (2)
2015-04-01T17:35:02+00:00 DEBUG (7): Starting Order Import process for store: Admin (0)
2015-04-01T17:35:02+00:00 DEBUG (7): Starting Order Import process for store: International (3)
2015-04-01T17:35:02+00:00 DEBUG (7): Starting Order Import process for store: Retail (1)
2015-04-01T17:35:02+00:00 DEBUG (7): Starting Order Import process for store: Wholesale (2)
2015-04-01T17:45:03+00:00 DEBUG (7): Starting Order Import process for store: Admin (0)
2015-04-01T17:45:03+00:00 DEBUG (7): Starting Order Import process for store: International (3)
2015-04-01T17:45:03+00:00 DEBUG (7): Starting Order Import process for store: Retail (1)
2015-04-01T17:45:03+00:00 DEBUG (7): Starting Order Import process for store: Wholesale (2)
2015-04-01T18:00:02+00:00 DEBUG (7): Starting Order Import process for store: Admin (0)
2015-04-01T18:00:02+00:00 DEBUG (7): Starting Order Import process for store: International (3)
2015-04-01T18:00:02+00:00 DEBUG (7): Starting Order Import process for store: Retail (1)
2015-04-01T18:00:03+00:00 DEBUG (7): Starting Order Import process for store: Wholesale (2)
2015-04-01T18:00:03+00:00 DEBUG (7):  Importing: New, Pending Payment, Processing, Complete, Payment Review
2015-04-01T18:00:03+00:00 DEBUG (7):   Deleting: Closed, Canceled, On Hold
2015-04-01T18:00:03+00:00 DEBUG (7):   Processing Order ID: 41020 	 #250007361
2015-04-01T18:00:03+00:00 DEBUG (7):   Processing Order ID: 41026 	 #250007367
2015-04-01T18:00:03+00:00 DEBUG (7):   Processing Order ID: 41022 	 #250007363
2015-04-01T18:00:03+00:00 DEBUG (7):   Processing Order ID: 41019 	 #250007360
2015-04-01T18:00:03+00:00 DEBUG (7):   Processing Order ID: 41027 	 #250007368
2015-04-01T18:00:03+00:00 DEBUG (7):   Processing Order ID: 41024 	 #250007365
2015-04-01T18:00:10+00:00 DEBUG (7):   Flush resulted in 6 orders processed
2015-04-01T18:00:10+00:00 DEBUG (7):   Success: 6
2015-04-01T18:00:10+00:00 DEBUG (7):   Error:   0
2015-04-01T18:00:10+00:00 DEBUG (7):   Total:   6
2015-04-01T18:15:02+00:00 DEBUG (7): Starting Order Import process for store: Admin (0)
2015-04-01T18:15:02+00:00 DEBUG (7): Starting Order Import process for store: International (3)
2015-04-01T18:15:02+00:00 DEBUG (7): Starting Order Import process for store: Retail (1)
2015-04-01T18:15:02+00:00 DEBUG (7):  Importing: New, Pending Payment, Processing, Complete, Payment Review
2015-04-01T18:15:02+00:00 DEBUG (7):   Deleting: Closed, Canceled, On Hold
2015-04-01T18:15:02+00:00 DEBUG (7):   Processing Order ID: 41037 	 #200034013
2015-04-01T18:15:04+00:00 DEBUG (7):   Flush resulted in 1 orders processed
2015-04-01T18:15:04+00:00 DEBUG (7):   Success: 1
2015-04-01T18:15:04+00:00 DEBUG (7):   Error:   0
2015-04-01T18:15:04+00:00 DEBUG (7):   Total:   1
2015-04-01T18:15:04+00:00 DEBUG (7): Starting Order Import process for store: Wholesale (2)
2015-04-01T18:15:04+00:00 DEBUG (7):  Importing: New, Pending Payment, Processing, Complete, Payment Review
2015-04-01T18:15:04+00:00 DEBUG (7):   Deleting: Closed, Canceled, On Hold
2015-04-01T18:15:04+00:00 DEBUG (7):   Processing Order ID: 41021 	 #250007362
2015-04-01T18:15:05+00:00 DEBUG (7):   Processing Order ID: 41018 	 #250007359
2015-04-01T18:15:05+00:00 DEBUG (7):   Processing Order ID: 41023 	 #250007364
2015-04-01T18:15:05+00:00 DEBUG (7):   Processing Order ID: 41028 	 #250007369
2015-04-01T18:15:05+00:00 DEBUG (7):   Processing Order ID: 41025 	 #250007366
2015-04-01T18:15:08+00:00 DEBUG (7):   Flush resulted in 5 orders processed
2015-04-01T18:15:08+00:00 DEBUG (7):   Success: 5
2015-04-01T18:15:08+00:00 DEBUG (7):   Error:   0
2015-04-01T18:15:08+00:00 DEBUG (7):   Total:   5
2015-04-01T18:30:02+00:00 DEBUG (7): Starting Order Import process for store: Admin (0)
2015-04-01T18:30:02+00:00 DEBUG (7): Starting Order Import process for store: International (3)
2015-04-01T18:30:02+00:00 DEBUG (7): Starting Order Import process for store: Retail (1)
2015-04-01T18:30:02+00:00 DEBUG (7): Starting Order Import process for store: Wholesale (2)
2015-04-01T18:30:02+00:00 DEBUG (7):  Importing: New, Pending Payment, Processing, Complete, Payment Review
2015-04-01T18:30:02+00:00 DEBUG (7):   Deleting: Closed, Canceled, On Hold
2015-04-01T18:30:02+00:00 DEBUG (7):   Processing Order ID: 41038 	 #250007371
2015-04-01T18:30:04+00:00 DEBUG (7):   Flush resulted in 1 orders processed
2015-04-01T18:30:04+00:00 DEBUG (7):   Success: 1
2015-04-01T18:30:04+00:00 DEBUG (7):   Error:   0
2015-04-01T18:30:04+00:00 DEBUG (7):   Total:   1
2015-04-01T18:45:04+00:00 DEBUG (7): Starting Order Import process for store: Admin (0)
2015-04-01T18:45:04+00:00 DEBUG (7): Starting Order Import process for store: International (3)
2015-04-01T18:45:04+00:00 DEBUG (7): Starting Order Import process for store: Retail (1)
2015-04-01T18:45:04+00:00 DEBUG (7): Starting Order Import process for store: Wholesale (2)
2015-04-01T18:45:04+00:00 DEBUG (7):  Importing: New, Pending Payment, Processing, Complete, Payment Review
2015-04-01T18:45:04+00:00 DEBUG (7):   Deleting: Closed, Canceled, On Hold
2015-04-01T18:45:04+00:00 DEBUG (7):   Processing Order ID: 41038 	 #250007371
2015-04-01T18:45:06+00:00 DEBUG (7):   Flush resulted in 1 orders processed
2015-04-01T18:45:06+00:00 DEBUG (7):   Success: 1
2015-04-01T18:45:06+00:00 DEBUG (7):   Error:   0
2015-04-01T18:45:06+00:00 DEBUG (7):   Total:   1
2015-04-01T19:00:02+00:00 DEBUG (7): Starting Order Import process for store: Admin (0)
2015-04-01T19:00:02+00:00 DEBUG (7): Starting Order Import process for store: International (3)
2015-04-01T19:00:02+00:00 DEBUG (7): Starting Order Import process for store: Retail (1)
2015-04-01T19:00:02+00:00 DEBUG (7): Starting Order Import process for store: Wholesale (2)
2015-04-01T19:20:02+00:00 DEBUG (7): Starting Order Import process for store: Admin (0)
2015-04-01T19:20:02+00:00 DEBUG (7): Starting Order Import process for store: International (3)
2015-04-01T19:20:02+00:00 DEBUG (7): Starting Order Import process for store: Retail (1)
2015-04-01T19:20:02+00:00 DEBUG (7): Starting Order Import process for store: Wholesale (2)
2015-04-01T19:30:02+00:00 DEBUG (7): Starting Order Import process for store: Admin (0)
2015-04-01T19:30:02+00:00 DEBUG (7): Starting Order Import process for store: International (3)
2015-04-01T19:30:02+00:00 DEBUG (7): Starting Order Import process for store: Retail (1)
2015-04-01T19:30:02+00:00 DEBUG (7): Starting Order Import process for store: Wholesale (2)
2015-04-01T19:45:02+00:00 DEBUG (7): Starting Order Import process for store: Admin (0)
2015-04-01T19:45:02+00:00 DEBUG (7): Starting Order Import process for store: International (3)
2015-04-01T19:45:02+00:00 DEBUG (7): Starting Order Import process for store: Retail (1)
2015-04-01T19:45:02+00:00 DEBUG (7): Starting Order Import process for store: Wholesale (2)
2015-04-01T20:00:02+00:00 DEBUG (7): Starting Order Import process for store: Admin (0)
2015-04-01T20:00:02+00:00 DEBUG (7): Starting Order Import process for store: International (3)
2015-04-01T20:00:02+00:00 DEBUG (7): Starting Order Import process for store: Retail (1)
2015-04-01T20:00:02+00:00 DEBUG (7):  Importing: New, Pending Payment, Processing, Complete, Payment Review
2015-04-01T20:00:02+00:00 DEBUG (7):   Deleting: Closed, Canceled, On Hold
2015-04-01T20:00:02+00:00 DEBUG (7):   Processing Order ID: 41039 	 #200034014
2015-04-01T20:00:04+00:00 DEBUG (7):   Flush resulted in 1 orders processed
2015-04-01T20:00:04+00:00 DEBUG (7):   Success: 1
2015-04-01T20:00:04+00:00 DEBUG (7):   Error:   0
2015-04-01T20:00:04+00:00 DEBUG (7):   Total:   1
2015-04-01T20:00:04+00:00 DEBUG (7): Starting Order Import process for store: Wholesale (2)
2015-04-01T20:00:04+00:00 DEBUG (7):  Importing: New, Pending Payment, Processing, Complete, Payment Review
2015-04-01T20:00:04+00:00 DEBUG (7):   Deleting: Closed, Canceled, On Hold
2015-04-01T20:00:04+00:00 DEBUG (7):   Processing Order ID: 41038 	 #250007371
2015-04-01T20:00:05+00:00 DEBUG (7):   Flush resulted in 1 orders processed
2015-04-01T20:00:05+00:00 DEBUG (7):   Success: 1
2015-04-01T20:00:05+00:00 DEBUG (7):   Error:   0
2015-04-01T20:00:05+00:00 DEBUG (7):   Total:   1
2015-04-01T20:15:02+00:00 DEBUG (7): Starting Order Import process for store: Admin (0)
2015-04-01T20:15:02+00:00 DEBUG (7): Starting Order Import process for store: International (3)
2015-04-01T20:15:02+00:00 DEBUG (7): Starting Order Import process for store: Retail (1)
2015-04-01T20:15:02+00:00 DEBUG (7): Starting Order Import process for store: Wholesale (2)
2015-04-01T20:30:02+00:00 DEBUG (7): Starting Order Import process for store: Admin (0)
2015-04-01T20:30:02+00:00 DEBUG (7): Starting Order Import process for store: International (3)
2015-04-01T20:30:02+00:00 DEBUG (7): Starting Order Import process for store: Retail (1)
2015-04-01T20:30:02+00:00 DEBUG (7):  Importing: New, Pending Payment, Processing, Complete, Payment Review
2015-04-01T20:30:02+00:00 DEBUG (7):   Deleting: Closed, Canceled, On Hold
2015-04-01T20:30:02+00:00 DEBUG (7):   Processing Order ID: 41039 	 #200034014
2015-04-01T20:30:04+00:00 DEBUG (7):   Flush resulted in 1 orders processed
2015-04-01T20:30:04+00:00 DEBUG (7):   Success: 1
2015-04-01T20:30:04+00:00 DEBUG (7):   Error:   0
2015-04-01T20:30:04+00:00 DEBUG (7):   Total:   1
2015-04-01T20:30:04+00:00 DEBUG (7): Starting Order Import process for store: Wholesale (2)
2015-04-01T20:30:04+00:00 DEBUG (7):  Importing: New, Pending Payment, Processing, Complete, Payment Review
2015-04-01T20:30:04+00:00 DEBUG (7):   Deleting: Closed, Canceled, On Hold
2015-04-01T20:30:04+00:00 DEBUG (7):   Processing Order ID: 41038 	 #250007371
2015-04-01T20:30:05+00:00 DEBUG (7):   Flush resulted in 1 orders processed
2015-04-01T20:30:05+00:00 DEBUG (7):   Success: 1
2015-04-01T20:30:05+00:00 DEBUG (7):   Error:   0
2015-04-01T20:30:05+00:00 DEBUG (7):   Total:   1
2015-04-01T20:45:02+00:00 DEBUG (7): Starting Order Import process for store: Admin (0)
2015-04-01T20:45:02+00:00 DEBUG (7): Starting Order Import process for store: International (3)
2015-04-01T20:45:02+00:00 DEBUG (7): Starting Order Import process for store: Retail (1)
2015-04-01T20:45:02+00:00 DEBUG (7):  Importing: New, Pending Payment, Processing, Complete, Payment Review
2015-04-01T20:45:02+00:00 DEBUG (7):   Deleting: Closed, Canceled, On Hold
2015-04-01T20:45:02+00:00 DEBUG (7):   Processing Order ID: 41040 	 #200034015
2015-04-01T20:45:04+00:00 DEBUG (7):   Flush resulted in 1 orders processed
2015-04-01T20:45:04+00:00 DEBUG (7):   Success: 1
2015-04-01T20:45:04+00:00 DEBUG (7):   Error:   0
2015-04-01T20:45:04+00:00 DEBUG (7):   Total:   1
2015-04-01T20:45:04+00:00 DEBUG (7): Starting Order Import process for store: Wholesale (2)
2015-04-01T21:00:02+00:00 DEBUG (7): Starting Order Import process for store: Admin (0)
2015-04-01T21:00:02+00:00 DEBUG (7): Starting Order Import process for store: International (3)
2015-04-01T21:00:02+00:00 DEBUG (7): Starting Order Import process for store: Retail (1)
2015-04-01T21:00:02+00:00 DEBUG (7): Starting Order Import process for store: Wholesale (2)
2015-04-01T21:15:02+00:00 DEBUG (7): Starting Order Import process for store: Admin (0)
2015-04-01T21:15:02+00:00 DEBUG (7): Starting Order Import process for store: International (3)
2015-04-01T21:15:02+00:00 DEBUG (7): Starting Order Import process for store: Retail (1)
2015-04-01T21:15:02+00:00 DEBUG (7): Starting Order Import process for store: Wholesale (2)
2015-04-01T21:30:02+00:00 DEBUG (7): Starting Order Import process for store: Admin (0)
2015-04-01T21:30:02+00:00 DEBUG (7): Starting Order Import process for store: International (3)
2015-04-01T21:30:02+00:00 DEBUG (7): Starting Order Import process for store: Retail (1)
2015-04-01T21:30:02+00:00 DEBUG (7): Starting Order Import process for store: Wholesale (2)
2015-04-01T21:45:02+00:00 DEBUG (7): Starting Order Import process for store: Admin (0)
2015-04-01T21:45:02+00:00 DEBUG (7): Starting Order Import process for store: International (3)
2015-04-01T21:45:02+00:00 DEBUG (7): Starting Order Import process for store: Retail (1)
2015-04-01T21:45:02+00:00 DEBUG (7):  Importing: New, Pending Payment, Processing, Complete, Payment Review
2015-04-01T21:45:02+00:00 DEBUG (7):   Deleting: Closed, Canceled, On Hold
2015-04-01T21:45:02+00:00 DEBUG (7):   Processing Order ID: 41041 	 #200034016
2015-04-01T21:45:04+00:00 DEBUG (7):   Flush resulted in 1 orders processed
2015-04-01T21:45:04+00:00 DEBUG (7):   Success: 1
2015-04-01T21:45:04+00:00 DEBUG (7):   Error:   0
2015-04-01T21:45:04+00:00 DEBUG (7):   Total:   1
2015-04-01T21:45:04+00:00 DEBUG (7): Starting Order Import process for store: Wholesale (2)
2015-04-01T21:45:04+00:00 DEBUG (7):  Importing: New, Pending Payment, Processing, Complete, Payment Review
2015-04-01T21:45:04+00:00 DEBUG (7):   Deleting: Closed, Canceled, On Hold
2015-04-01T21:45:04+00:00 DEBUG (7):   Processing Order ID: 41001 	 #250007355
2015-04-01T21:45:04+00:00 DEBUG (7):   Processing Order ID: 41002 	 #250007356
2015-04-01T21:45:05+00:00 DEBUG (7):   Flush resulted in 2 orders processed
2015-04-01T21:45:05+00:00 DEBUG (7):   Success: 2
2015-04-01T21:45:05+00:00 DEBUG (7):   Error:   0
2015-04-01T21:45:05+00:00 DEBUG (7):   Total:   2
2015-04-01T22:00:02+00:00 DEBUG (7): Starting Order Import process for store: Admin (0)
2015-04-01T22:00:02+00:00 DEBUG (7): Starting Order Import process for store: International (3)
2015-04-01T22:00:02+00:00 DEBUG (7): Starting Order Import process for store: Retail (1)
2015-04-01T22:00:03+00:00 DEBUG (7): Starting Order Import process for store: Wholesale (2)
2015-04-01T22:15:04+00:00 DEBUG (7): Starting Order Import process for store: Admin (0)
2015-04-01T22:15:04+00:00 DEBUG (7): Starting Order Import process for store: International (3)
2015-04-01T22:15:04+00:00 DEBUG (7): Starting Order Import process for store: Retail (1)
2015-04-01T22:15:04+00:00 DEBUG (7): Starting Order Import process for store: Wholesale (2)
2015-04-01T22:30:02+00:00 DEBUG (7): Starting Order Import process for store: Admin (0)
2015-04-01T22:30:02+00:00 DEBUG (7): Starting Order Import process for store: International (3)
2015-04-01T22:30:02+00:00 DEBUG (7): Starting Order Import process for store: Retail (1)
2015-04-01T22:30:02+00:00 DEBUG (7): Starting Order Import process for store: Wholesale (2)
2015-04-01T22:45:02+00:00 DEBUG (7): Starting Order Import process for store: Admin (0)
2015-04-01T22:45:02+00:00 DEBUG (7): Starting Order Import process for store: International (3)
2015-04-01T22:45:02+00:00 DEBUG (7): Starting Order Import process for store: Retail (1)
2015-04-01T22:45:02+00:00 DEBUG (7): Starting Order Import process for store: Wholesale (2)
2015-04-01T23:00:02+00:00 DEBUG (7): Starting Order Import process for store: Admin (0)
2015-04-01T23:00:02+00:00 DEBUG (7): Starting Order Import process for store: International (3)
2015-04-01T23:00:02+00:00 DEBUG (7): Starting Order Import process for store: Retail (1)
2015-04-01T23:00:02+00:00 DEBUG (7):  Importing: New, Pending Payment, Processing, Complete, Payment Review
2015-04-01T23:00:02+00:00 DEBUG (7):   Deleting: Closed, Canceled, On Hold
2015-04-01T23:00:02+00:00 DEBUG (7):   Processing Order ID: 41042 	 #200034017
2015-04-01T23:00:04+00:00 DEBUG (7):   Flush resulted in 1 orders processed
2015-04-01T23:00:04+00:00 DEBUG (7):   Success: 1
2015-04-01T23:00:04+00:00 DEBUG (7):   Error:   0
2015-04-01T23:00:04+00:00 DEBUG (7):   Total:   1
2015-04-01T23:00:04+00:00 DEBUG (7): Starting Order Import process for store: Wholesale (2)
2015-04-01T23:15:02+00:00 DEBUG (7): Starting Order Import process for store: Admin (0)
2015-04-01T23:15:02+00:00 DEBUG (7): Starting Order Import process for store: International (3)
2015-04-01T23:15:02+00:00 DEBUG (7): Starting Order Import process for store: Retail (1)
2015-04-01T23:15:02+00:00 DEBUG (7):  Importing: New, Pending Payment, Processing, Complete, Payment Review
2015-04-01T23:15:02+00:00 DEBUG (7):   Deleting: Closed, Canceled, On Hold
2015-04-01T23:15:02+00:00 DEBUG (7):   Processing Order ID: 41044 	 #200034019
2015-04-01T23:15:03+00:00 DEBUG (7):   Processing Order ID: 41043 	 #200034018
2015-04-01T23:15:04+00:00 DEBUG (7):   Flush resulted in 2 orders processed
2015-04-01T23:15:04+00:00 DEBUG (7):   Success: 2
2015-04-01T23:15:04+00:00 DEBUG (7):   Error:   0
2015-04-01T23:15:04+00:00 DEBUG (7):   Total:   2
2015-04-01T23:15:04+00:00 DEBUG (7): Starting Order Import process for store: Wholesale (2)
2015-04-01T23:30:02+00:00 DEBUG (7): Starting Order Import process for store: Admin (0)
2015-04-01T23:30:02+00:00 DEBUG (7): Starting Order Import process for store: International (3)
2015-04-01T23:30:02+00:00 DEBUG (7): Starting Order Import process for store: Retail (1)
2015-04-01T23:30:02+00:00 DEBUG (7): Starting Order Import process for store: Wholesale (2)
2015-04-01T23:45:02+00:00 DEBUG (7): Starting Order Import process for store: Admin (0)
2015-04-01T23:45:02+00:00 DEBUG (7): Starting Order Import process for store: International (3)
2015-04-01T23:45:02+00:00 DEBUG (7): Starting Order Import process for store: Retail (1)
2015-04-01T23:45:02+00:00 DEBUG (7):  Importing: New, Pending Payment, Processing, Complete, Payment Review
2015-04-01T23:45:02+00:00 DEBUG (7):   Deleting: Closed, Canceled, On Hold
2015-04-01T23:45:02+00:00 DEBUG (7):   Processing Order ID: 41045 	 #200034020
2015-04-01T23:45:04+00:00 DEBUG (7):   Flush resulted in 1 orders processed
2015-04-01T23:45:04+00:00 DEBUG (7):   Success: 1
2015-04-01T23:45:04+00:00 DEBUG (7):   Error:   0
2015-04-01T23:45:04+00:00 DEBUG (7):   Total:   1
2015-04-01T23:45:04+00:00 DEBUG (7): Starting Order Import process for store: Wholesale (2)
2015-04-01T23:45:04+00:00 DEBUG (7):  Importing: New, Pending Payment, Processing, Complete, Payment Review
2015-04-01T23:45:04+00:00 DEBUG (7):   Deleting: Closed, Canceled, On Hold
2015-04-01T23:45:04+00:00 DEBUG (7):   Processing Order ID: 39228 	 #250006788
2015-04-01T23:45:04+00:00 DEBUG (7):   Flush resulted in 1 orders processed
2015-04-01T23:45:04+00:00 DEBUG (7):   Success: 1
2015-04-01T23:45:04+00:00 DEBUG (7):   Error:   0
2015-04-01T23:45:04+00:00 DEBUG (7):   Total:   1
