2015-04-07T00:00:02+00:00 DEBUG (7): Starting Order Import process for store: Admin (0)
2015-04-07T00:00:02+00:00 DEBUG (7): Starting Order Import process for store: International (3)
2015-04-07T00:00:02+00:00 DEBUG (7): Starting Order Import process for store: Retail (1)
2015-04-07T00:00:02+00:00 DEBUG (7): Starting Order Import process for store: Wholesale (2)
2015-04-07T00:15:03+00:00 DEBUG (7): Starting Order Import process for store: Admin (0)
2015-04-07T00:15:03+00:00 DEBUG (7): Starting Order Import process for store: International (3)
2015-04-07T00:15:03+00:00 DEBUG (7): Starting Order Import process for store: Retail (1)
2015-04-07T00:15:03+00:00 DEBUG (7): Starting Order Import process for store: Wholesale (2)
2015-04-07T00:30:02+00:00 DEBUG (7): Starting Order Import process for store: Admin (0)
2015-04-07T00:30:02+00:00 DEBUG (7): Starting Order Import process for store: International (3)
2015-04-07T00:30:02+00:00 DEBUG (7): Starting Order Import process for store: Retail (1)
2015-04-07T00:30:02+00:00 DEBUG (7): Starting Order Import process for store: Wholesale (2)
2015-04-07T00:45:02+00:00 DEBUG (7): Starting Order Import process for store: Admin (0)
2015-04-07T00:45:02+00:00 DEBUG (7): Starting Order Import process for store: International (3)
2015-04-07T00:45:02+00:00 DEBUG (7): Starting Order Import process for store: Retail (1)
2015-04-07T00:45:02+00:00 DEBUG (7): Starting Order Import process for store: Wholesale (2)
2015-04-07T01:05:02+00:00 DEBUG (7): Starting Order Import process for store: Admin (0)
2015-04-07T01:05:02+00:00 DEBUG (7): Starting Order Import process for store: International (3)
2015-04-07T01:05:02+00:00 DEBUG (7): Starting Order Import process for store: Retail (1)
2015-04-07T01:05:02+00:00 DEBUG (7):  Importing: New, Pending Payment, Processing, Complete, Payment Review
2015-04-07T01:05:02+00:00 DEBUG (7):   Deleting: Closed, Canceled, On Hold
2015-04-07T01:05:02+00:00 DEBUG (7):   Processing Order ID: 41140 	 #200034081
2015-04-07T01:05:06+00:00 DEBUG (7):   Flush resulted in 1 orders processed
2015-04-07T01:05:06+00:00 DEBUG (7):   Success: 1
2015-04-07T01:05:06+00:00 DEBUG (7):   Error:   0
2015-04-07T01:05:06+00:00 DEBUG (7):   Total:   1
2015-04-07T01:05:06+00:00 DEBUG (7): Starting Order Import process for store: Wholesale (2)
2015-04-07T01:15:02+00:00 DEBUG (7): Starting Order Import process for store: Admin (0)
2015-04-07T01:15:02+00:00 DEBUG (7): Starting Order Import process for store: International (3)
2015-04-07T01:15:02+00:00 DEBUG (7): Starting Order Import process for store: Retail (1)
2015-04-07T01:15:02+00:00 DEBUG (7): Starting Order Import process for store: Wholesale (2)
2015-04-07T01:30:02+00:00 DEBUG (7): Starting Order Import process for store: Admin (0)
2015-04-07T01:30:02+00:00 DEBUG (7): Starting Order Import process for store: International (3)
2015-04-07T01:30:02+00:00 DEBUG (7): Starting Order Import process for store: Retail (1)
2015-04-07T01:30:02+00:00 DEBUG (7): Starting Order Import process for store: Wholesale (2)
2015-04-07T01:45:02+00:00 DEBUG (7): Starting Order Import process for store: Admin (0)
2015-04-07T01:45:02+00:00 DEBUG (7): Starting Order Import process for store: International (3)
2015-04-07T01:45:02+00:00 DEBUG (7): Starting Order Import process for store: Retail (1)
2015-04-07T01:45:02+00:00 DEBUG (7): Starting Order Import process for store: Wholesale (2)
2015-04-07T02:00:02+00:00 DEBUG (7): Starting Order Import process for store: Admin (0)
2015-04-07T02:00:02+00:00 DEBUG (7): Starting Order Import process for store: International (3)
2015-04-07T02:00:02+00:00 DEBUG (7): Starting Order Import process for store: Retail (1)
2015-04-07T02:00:02+00:00 DEBUG (7): Starting Order Import process for store: Wholesale (2)
2015-04-07T02:15:02+00:00 DEBUG (7): Starting Order Import process for store: Admin (0)
2015-04-07T02:15:03+00:00 DEBUG (7): Starting Order Import process for store: International (3)
2015-04-07T02:15:03+00:00 DEBUG (7): Starting Order Import process for store: Retail (1)
2015-04-07T02:15:03+00:00 DEBUG (7): Starting Order Import process for store: Wholesale (2)
2015-04-07T02:30:02+00:00 DEBUG (7): Starting Order Import process for store: Admin (0)
2015-04-07T02:30:02+00:00 DEBUG (7): Starting Order Import process for store: International (3)
2015-04-07T02:30:02+00:00 DEBUG (7): Starting Order Import process for store: Retail (1)
2015-04-07T02:30:02+00:00 DEBUG (7): Starting Order Import process for store: Wholesale (2)
2015-04-07T02:45:02+00:00 DEBUG (7): Starting Order Import process for store: Admin (0)
2015-04-07T02:45:02+00:00 DEBUG (7): Starting Order Import process for store: International (3)
2015-04-07T02:45:02+00:00 DEBUG (7): Starting Order Import process for store: Retail (1)
2015-04-07T02:45:02+00:00 DEBUG (7): Starting Order Import process for store: Wholesale (2)
2015-04-07T03:00:02+00:00 DEBUG (7): Starting Order Import process for store: Admin (0)
2015-04-07T03:00:02+00:00 DEBUG (7): Starting Order Import process for store: International (3)
2015-04-07T03:00:02+00:00 DEBUG (7): Starting Order Import process for store: Retail (1)
2015-04-07T03:00:02+00:00 DEBUG (7): Starting Order Import process for store: Wholesale (2)
2015-04-07T03:15:02+00:00 DEBUG (7): Starting Order Import process for store: Admin (0)
2015-04-07T03:15:02+00:00 DEBUG (7): Starting Order Import process for store: International (3)
2015-04-07T03:15:02+00:00 DEBUG (7): Starting Order Import process for store: Retail (1)
2015-04-07T03:15:02+00:00 DEBUG (7): Starting Order Import process for store: Wholesale (2)
2015-04-07T03:35:03+00:00 DEBUG (7): Starting Order Import process for store: Admin (0)
2015-04-07T03:35:03+00:00 DEBUG (7): Starting Order Import process for store: International (3)
2015-04-07T03:35:03+00:00 DEBUG (7): Starting Order Import process for store: Retail (1)
2015-04-07T03:35:03+00:00 DEBUG (7): Starting Order Import process for store: Wholesale (2)
2015-04-07T03:45:02+00:00 DEBUG (7): Starting Order Import process for store: Admin (0)
2015-04-07T03:45:02+00:00 DEBUG (7): Starting Order Import process for store: International (3)
2015-04-07T03:45:02+00:00 DEBUG (7): Starting Order Import process for store: Retail (1)
2015-04-07T03:45:02+00:00 DEBUG (7): Starting Order Import process for store: Wholesale (2)
2015-04-07T04:00:02+00:00 DEBUG (7): Starting Order Import process for store: Admin (0)
2015-04-07T04:00:02+00:00 DEBUG (7): Starting Order Import process for store: International (3)
2015-04-07T04:00:02+00:00 DEBUG (7): Starting Order Import process for store: Retail (1)
2015-04-07T04:00:02+00:00 DEBUG (7): Starting Order Import process for store: Wholesale (2)
2015-04-07T04:15:02+00:00 DEBUG (7): Starting Order Import process for store: Admin (0)
2015-04-07T04:15:02+00:00 DEBUG (7): Starting Order Import process for store: International (3)
2015-04-07T04:15:02+00:00 DEBUG (7): Starting Order Import process for store: Retail (1)
2015-04-07T04:15:02+00:00 DEBUG (7): Starting Order Import process for store: Wholesale (2)
2015-04-07T04:30:03+00:00 DEBUG (7): Starting Order Import process for store: Admin (0)
2015-04-07T04:30:03+00:00 DEBUG (7): Starting Order Import process for store: International (3)
2015-04-07T04:30:03+00:00 DEBUG (7): Starting Order Import process for store: Retail (1)
2015-04-07T04:30:03+00:00 DEBUG (7): Starting Order Import process for store: Wholesale (2)
2015-04-07T04:45:02+00:00 DEBUG (7): Starting Order Import process for store: Admin (0)
2015-04-07T04:45:02+00:00 DEBUG (7): Starting Order Import process for store: International (3)
2015-04-07T04:45:02+00:00 DEBUG (7): Starting Order Import process for store: Retail (1)
2015-04-07T04:45:02+00:00 DEBUG (7): Starting Order Import process for store: Wholesale (2)
2015-04-07T05:00:02+00:00 DEBUG (7): Starting Order Import process for store: Admin (0)
2015-04-07T05:00:02+00:00 DEBUG (7): Starting Order Import process for store: International (3)
2015-04-07T05:00:02+00:00 DEBUG (7): Starting Order Import process for store: Retail (1)
2015-04-07T05:00:02+00:00 DEBUG (7): Starting Order Import process for store: Wholesale (2)
2015-04-07T05:15:02+00:00 DEBUG (7): Starting Order Import process for store: Admin (0)
2015-04-07T05:15:02+00:00 DEBUG (7): Starting Order Import process for store: International (3)
2015-04-07T05:15:02+00:00 DEBUG (7): Starting Order Import process for store: Retail (1)
2015-04-07T05:15:02+00:00 DEBUG (7): Starting Order Import process for store: Wholesale (2)
2015-04-07T05:30:02+00:00 DEBUG (7): Starting Order Import process for store: Admin (0)
2015-04-07T05:30:02+00:00 DEBUG (7): Starting Order Import process for store: International (3)
2015-04-07T05:30:02+00:00 DEBUG (7): Starting Order Import process for store: Retail (1)
2015-04-07T05:30:02+00:00 DEBUG (7): Starting Order Import process for store: Wholesale (2)
2015-04-07T05:45:02+00:00 DEBUG (7): Starting Order Import process for store: Admin (0)
2015-04-07T05:45:02+00:00 DEBUG (7): Starting Order Import process for store: International (3)
2015-04-07T05:45:02+00:00 DEBUG (7): Starting Order Import process for store: Retail (1)
2015-04-07T05:45:02+00:00 DEBUG (7): Starting Order Import process for store: Wholesale (2)
2015-04-07T06:00:02+00:00 DEBUG (7): Starting Order Import process for store: Admin (0)
2015-04-07T06:00:02+00:00 DEBUG (7): Starting Order Import process for store: International (3)
2015-04-07T06:00:02+00:00 DEBUG (7): Starting Order Import process for store: Retail (1)
2015-04-07T06:00:02+00:00 DEBUG (7): Starting Order Import process for store: Wholesale (2)
2015-04-07T06:15:02+00:00 DEBUG (7): Starting Order Import process for store: Admin (0)
2015-04-07T06:15:02+00:00 DEBUG (7): Starting Order Import process for store: International (3)
2015-04-07T06:15:02+00:00 DEBUG (7): Starting Order Import process for store: Retail (1)
2015-04-07T06:15:02+00:00 DEBUG (7): Starting Order Import process for store: Wholesale (2)
2015-04-07T06:30:02+00:00 DEBUG (7): Starting Order Import process for store: Admin (0)
2015-04-07T06:30:02+00:00 DEBUG (7): Starting Order Import process for store: International (3)
2015-04-07T06:30:02+00:00 DEBUG (7): Starting Order Import process for store: Retail (1)
2015-04-07T06:30:02+00:00 DEBUG (7): Starting Order Import process for store: Wholesale (2)
2015-04-07T06:45:02+00:00 DEBUG (7): Starting Order Import process for store: Admin (0)
2015-04-07T06:45:02+00:00 DEBUG (7): Starting Order Import process for store: International (3)
2015-04-07T06:45:02+00:00 DEBUG (7): Starting Order Import process for store: Retail (1)
2015-04-07T06:45:02+00:00 DEBUG (7): Starting Order Import process for store: Wholesale (2)
2015-04-07T07:05:11+00:00 DEBUG (7): Starting Order Import process for store: Admin (0)
2015-04-07T07:05:11+00:00 DEBUG (7): Starting Order Import process for store: International (3)
2015-04-07T07:05:11+00:00 DEBUG (7): Starting Order Import process for store: Retail (1)
2015-04-07T07:05:11+00:00 DEBUG (7): Starting Order Import process for store: Wholesale (2)
2015-04-07T07:15:02+00:00 DEBUG (7): Starting Order Import process for store: Admin (0)
2015-04-07T07:15:02+00:00 DEBUG (7): Starting Order Import process for store: International (3)
2015-04-07T07:15:02+00:00 DEBUG (7): Starting Order Import process for store: Retail (1)
2015-04-07T07:15:02+00:00 DEBUG (7): Starting Order Import process for store: Wholesale (2)
2015-04-07T07:30:02+00:00 DEBUG (7): Starting Order Import process for store: Admin (0)
2015-04-07T07:30:02+00:00 DEBUG (7): Starting Order Import process for store: International (3)
2015-04-07T07:30:02+00:00 DEBUG (7): Starting Order Import process for store: Retail (1)
2015-04-07T07:30:02+00:00 DEBUG (7): Starting Order Import process for store: Wholesale (2)
2015-04-07T07:50:02+00:00 DEBUG (7): Starting Order Import process for store: Admin (0)
2015-04-07T07:50:02+00:00 DEBUG (7): Starting Order Import process for store: International (3)
2015-04-07T07:50:02+00:00 DEBUG (7): Starting Order Import process for store: Retail (1)
2015-04-07T07:50:02+00:00 DEBUG (7): Starting Order Import process for store: Wholesale (2)
2015-04-07T08:00:35+00:00 DEBUG (7): Starting Order Import process for store: Admin (0)
2015-04-07T08:00:35+00:00 DEBUG (7): Starting Order Import process for store: International (3)
2015-04-07T08:00:35+00:00 DEBUG (7): Starting Order Import process for store: Retail (1)
2015-04-07T08:00:35+00:00 DEBUG (7): Starting Order Import process for store: Wholesale (2)
2015-04-07T08:15:02+00:00 DEBUG (7): Starting Order Import process for store: Admin (0)
2015-04-07T08:15:02+00:00 DEBUG (7): Starting Order Import process for store: International (3)
2015-04-07T08:15:02+00:00 DEBUG (7): Starting Order Import process for store: Retail (1)
2015-04-07T08:15:02+00:00 DEBUG (7): Starting Order Import process for store: Wholesale (2)
2015-04-07T08:30:02+00:00 DEBUG (7): Starting Order Import process for store: Admin (0)
2015-04-07T08:30:02+00:00 DEBUG (7): Starting Order Import process for store: International (3)
2015-04-07T08:30:02+00:00 DEBUG (7): Starting Order Import process for store: Retail (1)
2015-04-07T08:30:02+00:00 DEBUG (7): Starting Order Import process for store: Wholesale (2)
2015-04-07T08:45:02+00:00 DEBUG (7): Starting Order Import process for store: Admin (0)
2015-04-07T08:45:02+00:00 DEBUG (7): Starting Order Import process for store: International (3)
2015-04-07T08:45:02+00:00 DEBUG (7): Starting Order Import process for store: Retail (1)
2015-04-07T08:45:02+00:00 DEBUG (7): Starting Order Import process for store: Wholesale (2)
2015-04-07T09:00:07+00:00 DEBUG (7): Starting Order Import process for store: Admin (0)
2015-04-07T09:00:07+00:00 DEBUG (7): Starting Order Import process for store: International (3)
2015-04-07T09:00:07+00:00 DEBUG (7): Starting Order Import process for store: Retail (1)
2015-04-07T09:00:07+00:00 DEBUG (7): Starting Order Import process for store: Wholesale (2)
2015-04-07T09:15:04+00:00 DEBUG (7): Starting Order Import process for store: Admin (0)
2015-04-07T09:15:04+00:00 DEBUG (7): Starting Order Import process for store: International (3)
2015-04-07T09:15:04+00:00 DEBUG (7): Starting Order Import process for store: Retail (1)
2015-04-07T09:15:04+00:00 DEBUG (7): Starting Order Import process for store: Wholesale (2)
2015-04-07T09:30:02+00:00 DEBUG (7): Starting Order Import process for store: Admin (0)
2015-04-07T09:30:02+00:00 DEBUG (7): Starting Order Import process for store: International (3)
2015-04-07T09:30:02+00:00 DEBUG (7): Starting Order Import process for store: Retail (1)
2015-04-07T09:30:02+00:00 DEBUG (7): Starting Order Import process for store: Wholesale (2)
2015-04-07T09:50:02+00:00 DEBUG (7): Starting Order Import process for store: Admin (0)
2015-04-07T09:50:02+00:00 DEBUG (7): Starting Order Import process for store: International (3)
2015-04-07T09:50:02+00:00 DEBUG (7): Starting Order Import process for store: Retail (1)
2015-04-07T09:50:02+00:00 DEBUG (7): Starting Order Import process for store: Wholesale (2)
2015-04-07T10:00:02+00:00 DEBUG (7): Starting Order Import process for store: Admin (0)
2015-04-07T10:00:03+00:00 DEBUG (7): Starting Order Import process for store: International (3)
2015-04-07T10:00:03+00:00 DEBUG (7): Starting Order Import process for store: Retail (1)
2015-04-07T10:00:03+00:00 DEBUG (7): Starting Order Import process for store: Wholesale (2)
2015-04-07T10:15:02+00:00 DEBUG (7): Starting Order Import process for store: Admin (0)
2015-04-07T10:15:02+00:00 DEBUG (7): Starting Order Import process for store: International (3)
2015-04-07T10:15:02+00:00 DEBUG (7): Starting Order Import process for store: Retail (1)
2015-04-07T10:15:02+00:00 DEBUG (7): Starting Order Import process for store: Wholesale (2)
2015-04-07T10:30:03+00:00 DEBUG (7): Starting Order Import process for store: Admin (0)
2015-04-07T10:30:03+00:00 DEBUG (7): Starting Order Import process for store: International (3)
2015-04-07T10:30:03+00:00 DEBUG (7): Starting Order Import process for store: Retail (1)
2015-04-07T10:30:03+00:00 DEBUG (7): Starting Order Import process for store: Wholesale (2)
2015-04-07T10:45:02+00:00 DEBUG (7): Starting Order Import process for store: Admin (0)
2015-04-07T10:45:02+00:00 DEBUG (7): Starting Order Import process for store: International (3)
2015-04-07T10:45:02+00:00 DEBUG (7): Starting Order Import process for store: Retail (1)
2015-04-07T10:45:02+00:00 DEBUG (7): Starting Order Import process for store: Wholesale (2)
2015-04-07T11:00:02+00:00 DEBUG (7): Starting Order Import process for store: Admin (0)
2015-04-07T11:00:02+00:00 DEBUG (7): Starting Order Import process for store: International (3)
2015-04-07T11:00:02+00:00 DEBUG (7): Starting Order Import process for store: Retail (1)
2015-04-07T11:00:02+00:00 DEBUG (7): Starting Order Import process for store: Wholesale (2)
2015-04-07T11:15:02+00:00 DEBUG (7): Starting Order Import process for store: Admin (0)
2015-04-07T11:15:02+00:00 DEBUG (7): Starting Order Import process for store: International (3)
2015-04-07T11:15:02+00:00 DEBUG (7): Starting Order Import process for store: Retail (1)
2015-04-07T11:15:02+00:00 DEBUG (7): Starting Order Import process for store: Wholesale (2)
2015-04-07T11:30:02+00:00 DEBUG (7): Starting Order Import process for store: Admin (0)
2015-04-07T11:30:02+00:00 DEBUG (7): Starting Order Import process for store: International (3)
2015-04-07T11:30:02+00:00 DEBUG (7): Starting Order Import process for store: Retail (1)
2015-04-07T11:30:02+00:00 DEBUG (7): Starting Order Import process for store: Wholesale (2)
2015-04-07T11:45:02+00:00 DEBUG (7): Starting Order Import process for store: Admin (0)
2015-04-07T11:45:02+00:00 DEBUG (7): Starting Order Import process for store: International (3)
2015-04-07T11:45:02+00:00 DEBUG (7): Starting Order Import process for store: Retail (1)
2015-04-07T11:45:02+00:00 DEBUG (7): Starting Order Import process for store: Wholesale (2)
2015-04-07T12:00:03+00:00 DEBUG (7): Starting Order Import process for store: Admin (0)
2015-04-07T12:00:03+00:00 DEBUG (7): Starting Order Import process for store: International (3)
2015-04-07T12:00:03+00:00 DEBUG (7): Starting Order Import process for store: Retail (1)
2015-04-07T12:00:03+00:00 DEBUG (7):  Importing: New, Pending Payment, Processing, Complete, Payment Review
2015-04-07T12:00:03+00:00 DEBUG (7):   Deleting: Closed, Canceled, On Hold
2015-04-07T12:00:03+00:00 DEBUG (7):   Processing Order ID: 41141 	 #200034083
2015-04-07T12:00:05+00:00 DEBUG (7):   Flush resulted in 1 orders processed
2015-04-07T12:00:05+00:00 DEBUG (7):   Success: 1
2015-04-07T12:00:05+00:00 DEBUG (7):   Error:   0
2015-04-07T12:00:05+00:00 DEBUG (7):   Total:   1
2015-04-07T12:00:05+00:00 DEBUG (7): Starting Order Import process for store: Wholesale (2)
2015-04-07T12:15:02+00:00 DEBUG (7): Starting Order Import process for store: Admin (0)
2015-04-07T12:15:02+00:00 DEBUG (7): Starting Order Import process for store: International (3)
2015-04-07T12:15:02+00:00 DEBUG (7): Starting Order Import process for store: Retail (1)
2015-04-07T12:15:02+00:00 DEBUG (7): Starting Order Import process for store: Wholesale (2)
2015-04-07T12:35:02+00:00 DEBUG (7): Starting Order Import process for store: Admin (0)
2015-04-07T12:35:02+00:00 DEBUG (7): Starting Order Import process for store: International (3)
2015-04-07T12:35:02+00:00 DEBUG (7): Starting Order Import process for store: Retail (1)
2015-04-07T12:35:02+00:00 DEBUG (7): Starting Order Import process for store: Wholesale (2)
2015-04-07T12:45:02+00:00 DEBUG (7): Starting Order Import process for store: Admin (0)
2015-04-07T12:45:02+00:00 DEBUG (7): Starting Order Import process for store: International (3)
2015-04-07T12:45:02+00:00 DEBUG (7): Starting Order Import process for store: Retail (1)
2015-04-07T12:45:02+00:00 DEBUG (7): Starting Order Import process for store: Wholesale (2)
2015-04-07T13:00:03+00:00 DEBUG (7): Starting Order Import process for store: Admin (0)
2015-04-07T13:00:03+00:00 DEBUG (7): Starting Order Import process for store: International (3)
2015-04-07T13:00:03+00:00 DEBUG (7): Starting Order Import process for store: Retail (1)
2015-04-07T13:00:03+00:00 DEBUG (7): Starting Order Import process for store: Wholesale (2)
2015-04-07T13:15:03+00:00 DEBUG (7): Starting Order Import process for store: Admin (0)
2015-04-07T13:15:03+00:00 DEBUG (7): Starting Order Import process for store: International (3)
2015-04-07T13:15:03+00:00 DEBUG (7): Starting Order Import process for store: Retail (1)
2015-04-07T13:15:03+00:00 DEBUG (7): Starting Order Import process for store: Wholesale (2)
2015-04-07T13:30:02+00:00 DEBUG (7): Starting Order Import process for store: Admin (0)
2015-04-07T13:30:02+00:00 DEBUG (7): Starting Order Import process for store: International (3)
2015-04-07T13:30:02+00:00 DEBUG (7): Starting Order Import process for store: Retail (1)
2015-04-07T13:30:02+00:00 DEBUG (7): Starting Order Import process for store: Wholesale (2)
2015-04-07T13:45:02+00:00 DEBUG (7): Starting Order Import process for store: Admin (0)
2015-04-07T13:45:02+00:00 DEBUG (7): Starting Order Import process for store: International (3)
2015-04-07T13:45:02+00:00 DEBUG (7): Starting Order Import process for store: Retail (1)
2015-04-07T13:45:02+00:00 DEBUG (7): Starting Order Import process for store: Wholesale (2)
2015-04-07T14:00:03+00:00 DEBUG (7): Starting Order Import process for store: Admin (0)
2015-04-07T14:00:03+00:00 DEBUG (7): Starting Order Import process for store: International (3)
2015-04-07T14:00:03+00:00 DEBUG (7): Starting Order Import process for store: Retail (1)
2015-04-07T14:00:03+00:00 DEBUG (7): Starting Order Import process for store: Wholesale (2)
2015-04-07T14:15:02+00:00 DEBUG (7): Starting Order Import process for store: Admin (0)
2015-04-07T14:15:02+00:00 DEBUG (7): Starting Order Import process for store: International (3)
2015-04-07T14:15:02+00:00 DEBUG (7): Starting Order Import process for store: Retail (1)
2015-04-07T14:15:02+00:00 DEBUG (7):  Importing: New, Pending Payment, Processing, Complete, Payment Review
2015-04-07T14:15:02+00:00 DEBUG (7):   Deleting: Closed, Canceled, On Hold
2015-04-07T14:15:02+00:00 DEBUG (7):   Processing Order ID: 41142 	 #200034084
2015-04-07T14:15:04+00:00 DEBUG (7):   Flush resulted in 1 orders processed
2015-04-07T14:15:04+00:00 DEBUG (7):   Success: 1
2015-04-07T14:15:04+00:00 DEBUG (7):   Error:   0
2015-04-07T14:15:04+00:00 DEBUG (7):   Total:   1
2015-04-07T14:15:04+00:00 DEBUG (7): Starting Order Import process for store: Wholesale (2)
2015-04-07T14:30:02+00:00 DEBUG (7): Starting Order Import process for store: Admin (0)
2015-04-07T14:30:02+00:00 DEBUG (7): Starting Order Import process for store: International (3)
2015-04-07T14:30:02+00:00 DEBUG (7): Starting Order Import process for store: Retail (1)
2015-04-07T14:30:02+00:00 DEBUG (7): Starting Order Import process for store: Wholesale (2)
2015-04-07T14:45:02+00:00 DEBUG (7): Starting Order Import process for store: Admin (0)
2015-04-07T14:45:02+00:00 DEBUG (7): Starting Order Import process for store: International (3)
2015-04-07T14:45:02+00:00 DEBUG (7): Starting Order Import process for store: Retail (1)
2015-04-07T14:45:02+00:00 DEBUG (7): Starting Order Import process for store: Wholesale (2)
2015-04-07T15:00:02+00:00 DEBUG (7): Starting Order Import process for store: Admin (0)
2015-04-07T15:00:02+00:00 DEBUG (7): Starting Order Import process for store: International (3)
2015-04-07T15:00:02+00:00 DEBUG (7): Starting Order Import process for store: Retail (1)
2015-04-07T15:00:02+00:00 DEBUG (7): Starting Order Import process for store: Wholesale (2)
2015-04-07T15:00:02+00:00 DEBUG (7):  Importing: New, Pending Payment, Processing, Complete, Payment Review
2015-04-07T15:00:02+00:00 DEBUG (7):   Deleting: Closed, Canceled, On Hold
2015-04-07T15:00:02+00:00 DEBUG (7):   Processing Order ID: 41143 	 #250007408
2015-04-07T15:00:04+00:00 DEBUG (7):   Flush resulted in 1 orders processed
2015-04-07T15:00:04+00:00 DEBUG (7):   Success: 1
2015-04-07T15:00:04+00:00 DEBUG (7):   Error:   0
2015-04-07T15:00:04+00:00 DEBUG (7):   Total:   1
2015-04-07T15:15:02+00:00 DEBUG (7): Starting Order Import process for store: Admin (0)
2015-04-07T15:15:02+00:00 DEBUG (7): Starting Order Import process for store: International (3)
2015-04-07T15:15:02+00:00 DEBUG (7): Starting Order Import process for store: Retail (1)
2015-04-07T15:15:02+00:00 DEBUG (7): Starting Order Import process for store: Wholesale (2)
2015-04-07T15:15:02+00:00 DEBUG (7):  Importing: New, Pending Payment, Processing, Complete, Payment Review
2015-04-07T15:15:02+00:00 DEBUG (7):   Deleting: Closed, Canceled, On Hold
2015-04-07T15:15:02+00:00 DEBUG (7):   Processing Order ID: 41146 	 #250007411
2015-04-07T15:15:02+00:00 DEBUG (7):   Processing Order ID: 41145 	 #250007410
2015-04-07T15:15:02+00:00 DEBUG (7):   Processing Order ID: 41144 	 #250007409
2015-04-07T15:15:06+00:00 DEBUG (7):   Flush resulted in 3 orders processed
2015-04-07T15:15:06+00:00 DEBUG (7):   Success: 3
2015-04-07T15:15:06+00:00 DEBUG (7):   Error:   0
2015-04-07T15:15:06+00:00 DEBUG (7):   Total:   3
2015-04-07T15:30:02+00:00 DEBUG (7): Starting Order Import process for store: Admin (0)
2015-04-07T15:30:02+00:00 DEBUG (7): Starting Order Import process for store: International (3)
2015-04-07T15:30:02+00:00 DEBUG (7): Starting Order Import process for store: Retail (1)
2015-04-07T15:30:02+00:00 DEBUG (7):  Importing: New, Pending Payment, Processing, Complete, Payment Review
2015-04-07T15:30:02+00:00 DEBUG (7):   Deleting: Closed, Canceled, On Hold
2015-04-07T15:30:02+00:00 DEBUG (7):   Processing Order ID: 41139 	 #200034080
2015-04-07T15:30:02+00:00 DEBUG (7):   Processing Order ID: 41138 	 #200034079
2015-04-07T15:30:02+00:00 DEBUG (7):   Processing Order ID: 41136 	 #200034077
2015-04-07T15:30:02+00:00 DEBUG (7):   Processing Order ID: 41142 	 #200034084
2015-04-07T15:30:02+00:00 DEBUG (7):   Processing Order ID: 41140 	 #200034081
2015-04-07T15:30:08+00:00 DEBUG (7):   Flush resulted in 5 orders processed
2015-04-07T15:30:08+00:00 DEBUG (7):   Success: 5
2015-04-07T15:30:08+00:00 DEBUG (7):   Error:   0
2015-04-07T15:30:08+00:00 DEBUG (7):   Total:   5
2015-04-07T15:30:08+00:00 DEBUG (7): Starting Order Import process for store: Wholesale (2)
2015-04-07T15:30:08+00:00 DEBUG (7):  Importing: New, Pending Payment, Processing, Complete, Payment Review
2015-04-07T15:30:08+00:00 DEBUG (7):   Deleting: Closed, Canceled, On Hold
2015-04-07T15:30:08+00:00 DEBUG (7):   Processing Order ID: 41143 	 #250007408
2015-04-07T15:30:10+00:00 DEBUG (7):   Flush resulted in 1 orders processed
2015-04-07T15:30:10+00:00 DEBUG (7):   Success: 1
2015-04-07T15:30:10+00:00 DEBUG (7):   Error:   0
2015-04-07T15:30:10+00:00 DEBUG (7):   Total:   1
2015-04-07T15:45:02+00:00 DEBUG (7): Starting Order Import process for store: Admin (0)
2015-04-07T15:45:02+00:00 DEBUG (7): Starting Order Import process for store: International (3)
2015-04-07T15:45:02+00:00 DEBUG (7): Starting Order Import process for store: Retail (1)
2015-04-07T15:45:02+00:00 DEBUG (7): Starting Order Import process for store: Wholesale (2)
2015-04-07T15:45:02+00:00 DEBUG (7):  Importing: New, Pending Payment, Processing, Complete, Payment Review
2015-04-07T15:45:02+00:00 DEBUG (7):   Deleting: Closed, Canceled, On Hold
2015-04-07T15:45:02+00:00 DEBUG (7):   Processing Order ID: 41146 	 #250007411
2015-04-07T15:45:02+00:00 DEBUG (7):   Processing Order ID: 41145 	 #250007410
2015-04-07T15:45:02+00:00 DEBUG (7):   Processing Order ID: 41144 	 #250007409
2015-04-07T15:45:06+00:00 DEBUG (7):   Flush resulted in 3 orders processed
2015-04-07T15:45:06+00:00 DEBUG (7):   Success: 3
2015-04-07T15:45:06+00:00 DEBUG (7):   Error:   0
2015-04-07T15:45:06+00:00 DEBUG (7):   Total:   3
2015-04-07T16:00:02+00:00 DEBUG (7): Starting Order Import process for store: Admin (0)
2015-04-07T16:00:02+00:00 DEBUG (7): Starting Order Import process for store: International (3)
2015-04-07T16:00:02+00:00 DEBUG (7): Starting Order Import process for store: Retail (1)
2015-04-07T16:00:02+00:00 DEBUG (7): Starting Order Import process for store: Wholesale (2)
2015-04-07T16:15:04+00:00 DEBUG (7): Starting Order Import process for store: Admin (0)
2015-04-07T16:15:04+00:00 DEBUG (7): Starting Order Import process for store: International (3)
2015-04-07T16:15:04+00:00 DEBUG (7): Starting Order Import process for store: Retail (1)
2015-04-07T16:15:04+00:00 DEBUG (7): Starting Order Import process for store: Wholesale (2)
2015-04-07T16:30:02+00:00 DEBUG (7): Starting Order Import process for store: Admin (0)
2015-04-07T16:30:02+00:00 DEBUG (7): Starting Order Import process for store: International (3)
2015-04-07T16:30:02+00:00 DEBUG (7): Starting Order Import process for store: Retail (1)
2015-04-07T16:30:02+00:00 DEBUG (7):  Importing: New, Pending Payment, Processing, Complete, Payment Review
2015-04-07T16:30:02+00:00 DEBUG (7):   Deleting: Closed, Canceled, On Hold
2015-04-07T16:30:02+00:00 DEBUG (7):   Processing Order ID: 41147 	 #200034085
2015-04-07T16:30:04+00:00 DEBUG (7):   Flush resulted in 1 orders processed
2015-04-07T16:30:04+00:00 DEBUG (7):   Success: 1
2015-04-07T16:30:04+00:00 DEBUG (7):   Error:   0
2015-04-07T16:30:04+00:00 DEBUG (7):   Total:   1
2015-04-07T16:30:04+00:00 DEBUG (7): Starting Order Import process for store: Wholesale (2)
2015-04-07T16:30:04+00:00 DEBUG (7):  Importing: New, Pending Payment, Processing, Complete, Payment Review
2015-04-07T16:30:04+00:00 DEBUG (7):   Deleting: Closed, Canceled, On Hold
2015-04-07T16:30:04+00:00 DEBUG (7):   Processing Order ID: 41146 	 #250007411
2015-04-07T16:30:04+00:00 DEBUG (7):   Processing Order ID: 41145 	 #250007410
2015-04-07T16:30:04+00:00 DEBUG (7):   Processing Order ID: 41144 	 #250007409
2015-04-07T16:30:06+00:00 DEBUG (7):   Flush resulted in 3 orders processed
2015-04-07T16:30:06+00:00 DEBUG (7):   Success: 3
2015-04-07T16:30:06+00:00 DEBUG (7):   Error:   0
2015-04-07T16:30:06+00:00 DEBUG (7):   Total:   3
2015-04-07T16:45:02+00:00 DEBUG (7): Starting Order Import process for store: Admin (0)
2015-04-07T16:45:02+00:00 DEBUG (7): Starting Order Import process for store: International (3)
2015-04-07T16:45:02+00:00 DEBUG (7): Starting Order Import process for store: Retail (1)
2015-04-07T16:45:02+00:00 DEBUG (7):  Importing: New, Pending Payment, Processing, Complete, Payment Review
2015-04-07T16:45:02+00:00 DEBUG (7):   Deleting: Closed, Canceled, On Hold
2015-04-07T16:45:02+00:00 DEBUG (7):   Processing Order ID: 41137 	 #200034078
2015-04-07T16:45:05+00:00 DEBUG (7):   Flush resulted in 1 orders processed
2015-04-07T16:45:05+00:00 DEBUG (7):   Success: 1
2015-04-07T16:45:05+00:00 DEBUG (7):   Error:   0
2015-04-07T16:45:05+00:00 DEBUG (7):   Total:   1
2015-04-07T16:45:05+00:00 DEBUG (7): Starting Order Import process for store: Wholesale (2)
2015-04-07T17:05:02+00:00 DEBUG (7): Starting Order Import process for store: Admin (0)
2015-04-07T17:05:02+00:00 DEBUG (7): Starting Order Import process for store: International (3)
2015-04-07T17:05:02+00:00 DEBUG (7):  Importing: New, Pending Payment, Processing, Complete, Payment Review
2015-04-07T17:05:02+00:00 DEBUG (7):   Deleting: Closed, Canceled, On Hold
2015-04-07T17:05:02+00:00 DEBUG (7):   Processing Order ID: 41148 	 #300000268
2015-04-07T17:05:05+00:00 DEBUG (7):   Flush resulted in 1 orders processed
2015-04-07T17:05:05+00:00 DEBUG (7):   Success: 1
2015-04-07T17:05:05+00:00 DEBUG (7):   Error:   0
2015-04-07T17:05:05+00:00 DEBUG (7):   Total:   1
2015-04-07T17:05:05+00:00 DEBUG (7): Starting Order Import process for store: Retail (1)
2015-04-07T17:05:05+00:00 DEBUG (7):  Importing: New, Pending Payment, Processing, Complete, Payment Review
2015-04-07T17:05:05+00:00 DEBUG (7):   Deleting: Closed, Canceled, On Hold
2015-04-07T17:05:05+00:00 DEBUG (7):   Processing Order ID: 41137 	 #200034078
2015-04-07T17:05:06+00:00 DEBUG (7):   Flush resulted in 1 orders processed
2015-04-07T17:05:06+00:00 DEBUG (7):   Success: 1
2015-04-07T17:05:06+00:00 DEBUG (7):   Error:   0
2015-04-07T17:05:06+00:00 DEBUG (7):   Total:   1
2015-04-07T17:05:06+00:00 DEBUG (7): Starting Order Import process for store: Wholesale (2)
2015-04-07T17:15:02+00:00 DEBUG (7): Starting Order Import process for store: Admin (0)
2015-04-07T17:15:02+00:00 DEBUG (7): Starting Order Import process for store: International (3)
2015-04-07T17:15:02+00:00 DEBUG (7): Starting Order Import process for store: Retail (1)
2015-04-07T17:15:02+00:00 DEBUG (7): Starting Order Import process for store: Wholesale (2)
2015-04-07T17:30:02+00:00 DEBUG (7): Starting Order Import process for store: Admin (0)
2015-04-07T17:30:02+00:00 DEBUG (7): Starting Order Import process for store: International (3)
2015-04-07T17:30:02+00:00 DEBUG (7): Starting Order Import process for store: Retail (1)
2015-04-07T17:30:02+00:00 DEBUG (7):  Importing: New, Pending Payment, Processing, Complete, Payment Review
2015-04-07T17:30:02+00:00 DEBUG (7):   Deleting: Closed, Canceled, On Hold
2015-04-07T17:30:02+00:00 DEBUG (7):   Processing Order ID: 41147 	 #200034085
2015-04-07T17:30:04+00:00 DEBUG (7):   Flush resulted in 1 orders processed
2015-04-07T17:30:04+00:00 DEBUG (7):   Success: 1
2015-04-07T17:30:04+00:00 DEBUG (7):   Error:   0
2015-04-07T17:30:04+00:00 DEBUG (7):   Total:   1
2015-04-07T17:30:04+00:00 DEBUG (7): Starting Order Import process for store: Wholesale (2)
2015-04-07T17:45:02+00:00 DEBUG (7): Starting Order Import process for store: Admin (0)
2015-04-07T17:45:02+00:00 DEBUG (7): Starting Order Import process for store: International (3)
2015-04-07T17:45:02+00:00 DEBUG (7): Starting Order Import process for store: Retail (1)
2015-04-07T17:45:02+00:00 DEBUG (7): Starting Order Import process for store: Wholesale (2)
2015-04-07T18:00:02+00:00 DEBUG (7): Starting Order Import process for store: Admin (0)
2015-04-07T18:00:02+00:00 DEBUG (7): Starting Order Import process for store: International (3)
2015-04-07T18:00:02+00:00 DEBUG (7): Starting Order Import process for store: Retail (1)
2015-04-07T18:00:02+00:00 DEBUG (7):  Importing: New, Pending Payment, Processing, Complete, Payment Review
2015-04-07T18:00:02+00:00 DEBUG (7):   Deleting: Closed, Canceled, On Hold
2015-04-07T18:00:02+00:00 DEBUG (7):   Processing Order ID: 41149 	 #200034086
2015-04-07T18:00:04+00:00 DEBUG (7):   Flush resulted in 1 orders processed
2015-04-07T18:00:04+00:00 DEBUG (7):   Success: 1
2015-04-07T18:00:04+00:00 DEBUG (7):   Error:   0
2015-04-07T18:00:04+00:00 DEBUG (7):   Total:   1
2015-04-07T18:00:04+00:00 DEBUG (7): Starting Order Import process for store: Wholesale (2)
2015-04-07T18:15:02+00:00 DEBUG (7): Starting Order Import process for store: Admin (0)
2015-04-07T18:15:02+00:00 DEBUG (7): Starting Order Import process for store: International (3)
2015-04-07T18:15:02+00:00 DEBUG (7): Starting Order Import process for store: Retail (1)
2015-04-07T18:15:02+00:00 DEBUG (7): Starting Order Import process for store: Wholesale (2)
2015-04-07T18:30:02+00:00 DEBUG (7): Starting Order Import process for store: Admin (0)
2015-04-07T18:30:02+00:00 DEBUG (7): Starting Order Import process for store: International (3)
2015-04-07T18:30:02+00:00 DEBUG (7): Starting Order Import process for store: Retail (1)
2015-04-07T18:30:02+00:00 DEBUG (7):  Importing: New, Pending Payment, Processing, Complete, Payment Review
2015-04-07T18:30:02+00:00 DEBUG (7):   Deleting: Closed, Canceled, On Hold
2015-04-07T18:30:02+00:00 DEBUG (7):   Processing Order ID: 41149 	 #200034086
2015-04-07T18:30:04+00:00 DEBUG (7):   Flush resulted in 1 orders processed
2015-04-07T18:30:04+00:00 DEBUG (7):   Success: 1
2015-04-07T18:30:04+00:00 DEBUG (7):   Error:   0
2015-04-07T18:30:04+00:00 DEBUG (7):   Total:   1
2015-04-07T18:30:04+00:00 DEBUG (7): Starting Order Import process for store: Wholesale (2)
2015-04-07T18:45:02+00:00 DEBUG (7): Starting Order Import process for store: Admin (0)
2015-04-07T18:45:02+00:00 DEBUG (7): Starting Order Import process for store: International (3)
2015-04-07T18:45:02+00:00 DEBUG (7):  Importing: New, Pending Payment, Processing, Complete, Payment Review
2015-04-07T18:45:02+00:00 DEBUG (7):   Deleting: Closed, Canceled, On Hold
2015-04-07T18:45:02+00:00 DEBUG (7):   Processing Order ID: 41151 	 #300000269
2015-04-07T18:45:04+00:00 DEBUG (7):   Flush resulted in 1 orders processed
2015-04-07T18:45:04+00:00 DEBUG (7):   Success: 1
2015-04-07T18:45:04+00:00 DEBUG (7):   Error:   0
2015-04-07T18:45:04+00:00 DEBUG (7):   Total:   1
2015-04-07T18:45:04+00:00 DEBUG (7): Starting Order Import process for store: Retail (1)
2015-04-07T18:45:04+00:00 DEBUG (7):  Importing: New, Pending Payment, Processing, Complete, Payment Review
2015-04-07T18:45:04+00:00 DEBUG (7):   Deleting: Closed, Canceled, On Hold
2015-04-07T18:45:04+00:00 DEBUG (7):   Processing Order ID: 41150 	 #200034087
2015-04-07T18:45:06+00:00 DEBUG (7):   Flush resulted in 1 orders processed
2015-04-07T18:45:06+00:00 DEBUG (7):   Success: 1
2015-04-07T18:45:06+00:00 DEBUG (7):   Error:   0
2015-04-07T18:45:06+00:00 DEBUG (7):   Total:   1
2015-04-07T18:45:06+00:00 DEBUG (7): Starting Order Import process for store: Wholesale (2)
2015-04-07T19:00:02+00:00 DEBUG (7): Starting Order Import process for store: Admin (0)
2015-04-07T19:00:02+00:00 DEBUG (7): Starting Order Import process for store: International (3)
2015-04-07T19:00:02+00:00 DEBUG (7): Starting Order Import process for store: Retail (1)
2015-04-07T19:00:02+00:00 DEBUG (7): Starting Order Import process for store: Wholesale (2)
2015-04-07T19:00:02+00:00 DEBUG (7):  Importing: New, Pending Payment, Processing, Complete, Payment Review
2015-04-07T19:00:02+00:00 DEBUG (7):   Deleting: Closed, Canceled, On Hold
2015-04-07T19:00:02+00:00 DEBUG (7):   Processing Order ID: 41152 	 #250007412
2015-04-07T19:00:03+00:00 DEBUG (7):   Flush resulted in 1 orders processed
2015-04-07T19:00:03+00:00 DEBUG (7):   Success: 1
2015-04-07T19:00:03+00:00 DEBUG (7):   Error:   0
2015-04-07T19:00:03+00:00 DEBUG (7):   Total:   1
2015-04-07T19:15:02+00:00 DEBUG (7): Starting Order Import process for store: Admin (0)
2015-04-07T19:15:02+00:00 DEBUG (7): Starting Order Import process for store: International (3)
2015-04-07T19:15:02+00:00 DEBUG (7): Starting Order Import process for store: Retail (1)
2015-04-07T19:15:02+00:00 DEBUG (7):  Importing: New, Pending Payment, Processing, Complete, Payment Review
2015-04-07T19:15:02+00:00 DEBUG (7):   Deleting: Closed, Canceled, On Hold
2015-04-07T19:15:02+00:00 DEBUG (7):   Processing Order ID: 41150 	 #200034087
2015-04-07T19:15:04+00:00 DEBUG (7):   Flush resulted in 1 orders processed
2015-04-07T19:15:04+00:00 DEBUG (7):   Success: 1
2015-04-07T19:15:04+00:00 DEBUG (7):   Error:   0
2015-04-07T19:15:04+00:00 DEBUG (7):   Total:   1
2015-04-07T19:15:04+00:00 DEBUG (7): Starting Order Import process for store: Wholesale (2)
2015-04-07T19:15:04+00:00 DEBUG (7):  Importing: New, Pending Payment, Processing, Complete, Payment Review
2015-04-07T19:15:04+00:00 DEBUG (7):   Deleting: Closed, Canceled, On Hold
2015-04-07T19:15:04+00:00 DEBUG (7):   Processing Order ID: 41152 	 #250007412
2015-04-07T19:15:05+00:00 DEBUG (7):   Flush resulted in 1 orders processed
2015-04-07T19:15:05+00:00 DEBUG (7):   Success: 1
2015-04-07T19:15:05+00:00 DEBUG (7):   Error:   0
2015-04-07T19:15:05+00:00 DEBUG (7):   Total:   1
2015-04-07T19:30:02+00:00 DEBUG (7): Starting Order Import process for store: Admin (0)
2015-04-07T19:30:02+00:00 DEBUG (7): Starting Order Import process for store: International (3)
2015-04-07T19:30:02+00:00 DEBUG (7): Starting Order Import process for store: Retail (1)
2015-04-07T19:30:02+00:00 DEBUG (7): Starting Order Import process for store: Wholesale (2)
2015-04-07T19:45:02+00:00 DEBUG (7): Starting Order Import process for store: Admin (0)
2015-04-07T19:45:02+00:00 DEBUG (7): Starting Order Import process for store: International (3)
2015-04-07T19:45:02+00:00 DEBUG (7): Starting Order Import process for store: Retail (1)
2015-04-07T19:45:02+00:00 DEBUG (7): Starting Order Import process for store: Wholesale (2)
2015-04-07T20:00:02+00:00 DEBUG (7): Starting Order Import process for store: Admin (0)
2015-04-07T20:00:02+00:00 DEBUG (7): Starting Order Import process for store: International (3)
2015-04-07T20:00:02+00:00 DEBUG (7): Starting Order Import process for store: Retail (1)
2015-04-07T20:00:02+00:00 DEBUG (7): Starting Order Import process for store: Wholesale (2)
2015-04-07T20:15:02+00:00 DEBUG (7): Starting Order Import process for store: Admin (0)
2015-04-07T20:15:02+00:00 DEBUG (7): Starting Order Import process for store: International (3)
2015-04-07T20:15:02+00:00 DEBUG (7): Starting Order Import process for store: Retail (1)
2015-04-07T20:15:02+00:00 DEBUG (7): Starting Order Import process for store: Wholesale (2)
2015-04-07T20:30:03+00:00 DEBUG (7): Starting Order Import process for store: Admin (0)
2015-04-07T20:30:03+00:00 DEBUG (7): Starting Order Import process for store: International (3)
2015-04-07T20:30:03+00:00 DEBUG (7): Starting Order Import process for store: Retail (1)
2015-04-07T20:30:03+00:00 DEBUG (7):  Importing: New, Pending Payment, Processing, Complete, Payment Review
2015-04-07T20:30:03+00:00 DEBUG (7):   Deleting: Closed, Canceled, On Hold
2015-04-07T20:30:03+00:00 DEBUG (7):   Processing Order ID: 41153 	 #200034088
2015-04-07T20:30:05+00:00 DEBUG (7):   Flush resulted in 1 orders processed
2015-04-07T20:30:05+00:00 DEBUG (7):   Success: 1
2015-04-07T20:30:05+00:00 DEBUG (7):   Error:   0
2015-04-07T20:30:05+00:00 DEBUG (7):   Total:   1
2015-04-07T20:30:05+00:00 DEBUG (7): Starting Order Import process for store: Wholesale (2)
2015-04-07T20:30:05+00:00 DEBUG (7):  Importing: New, Pending Payment, Processing, Complete, Payment Review
2015-04-07T20:30:05+00:00 DEBUG (7):   Deleting: Closed, Canceled, On Hold
2015-04-07T20:30:05+00:00 DEBUG (7):   Processing Order ID: 41179 	 #250007438
2015-04-07T20:30:05+00:00 DEBUG (7):   Successfully deleted order...
2015-04-07T20:30:05+00:00 DEBUG (7):   Processing Order ID: 41180 	 #250007439
2015-04-07T20:30:05+00:00 DEBUG (7):   Successfully deleted order...
2015-04-07T20:30:05+00:00 DEBUG (7):   Processing Order ID: 41176 	 #250007435
2015-04-07T20:30:05+00:00 DEBUG (7):   Successfully deleted order...
2015-04-07T20:30:05+00:00 DEBUG (7):   Processing Order ID: 41177 	 #250007436
2015-04-07T20:30:05+00:00 DEBUG (7):   Successfully deleted order...
2015-04-07T20:30:05+00:00 DEBUG (7):   Processing Order ID: 41178 	 #250007437
2015-04-07T20:30:06+00:00 DEBUG (7):   Successfully deleted order...
2015-04-07T20:30:06+00:00 DEBUG (7):   Processing Order ID: 41172 	 #250007431
2015-04-07T20:30:06+00:00 DEBUG (7):   Successfully deleted order...
2015-04-07T20:30:06+00:00 DEBUG (7):   Processing Order ID: 41173 	 #250007432
2015-04-07T20:30:06+00:00 DEBUG (7):   Successfully deleted order...
2015-04-07T20:30:06+00:00 DEBUG (7):   Processing Order ID: 41174 	 #250007433
2015-04-07T20:30:06+00:00 DEBUG (7):   Successfully deleted order...
2015-04-07T20:30:06+00:00 DEBUG (7):   Processing Order ID: 41175 	 #250007434
2015-04-07T20:30:06+00:00 DEBUG (7):   Successfully deleted order...
2015-04-07T20:30:06+00:00 DEBUG (7):   Processing Order ID: 41169 	 #250007428
2015-04-07T20:30:06+00:00 DEBUG (7):   Successfully deleted order...
2015-04-07T20:30:06+00:00 DEBUG (7):   Processing Order ID: 41170 	 #250007429
2015-04-07T20:30:07+00:00 DEBUG (7):   Successfully deleted order...
2015-04-07T20:30:07+00:00 DEBUG (7):   Processing Order ID: 41171 	 #250007430
2015-04-07T20:30:07+00:00 DEBUG (7):   Successfully deleted order...
2015-04-07T20:30:07+00:00 DEBUG (7):   Processing Order ID: 41165 	 #250007424
2015-04-07T20:30:07+00:00 DEBUG (7):   Successfully deleted order...
2015-04-07T20:30:07+00:00 DEBUG (7):   Processing Order ID: 41166 	 #250007425
2015-04-07T20:30:07+00:00 DEBUG (7):   Successfully deleted order...
2015-04-07T20:30:07+00:00 DEBUG (7):   Processing Order ID: 41167 	 #250007426
2015-04-07T20:30:07+00:00 DEBUG (7):   Successfully deleted order...
2015-04-07T20:30:07+00:00 DEBUG (7):   Processing Order ID: 41168 	 #250007427
2015-04-07T20:30:07+00:00 DEBUG (7):   Successfully deleted order...
2015-04-07T20:30:07+00:00 DEBUG (7):   Processing Order ID: 41162 	 #250007421
2015-04-07T20:30:08+00:00 DEBUG (7):   Successfully deleted order...
2015-04-07T20:30:08+00:00 DEBUG (7):   Processing Order ID: 41163 	 #250007422
2015-04-07T20:30:08+00:00 DEBUG (7):   Successfully deleted order...
2015-04-07T20:30:08+00:00 DEBUG (7):   Processing Order ID: 41164 	 #250007423
2015-04-07T20:30:08+00:00 DEBUG (7):   Successfully deleted order...
2015-04-07T20:30:08+00:00 DEBUG (7):   Processing Order ID: 41157 	 #250007416
2015-04-07T20:30:08+00:00 DEBUG (7):   Successfully deleted order...
2015-04-07T20:30:08+00:00 DEBUG (7):   Processing Order ID: 41158 	 #250007417
2015-04-07T20:30:08+00:00 DEBUG (7):   Successfully deleted order...
2015-04-07T20:30:08+00:00 DEBUG (7):   Processing Order ID: 41159 	 #250007418
2015-04-07T20:30:08+00:00 DEBUG (7):   Successfully deleted order...
2015-04-07T20:30:08+00:00 DEBUG (7):   Processing Order ID: 41160 	 #250007419
2015-04-07T20:30:08+00:00 DEBUG (7):   Successfully deleted order...
2015-04-07T20:30:08+00:00 DEBUG (7):   Processing Order ID: 41161 	 #250007420
2015-04-07T20:30:09+00:00 DEBUG (7):   Successfully deleted order...
2015-04-07T20:30:09+00:00 DEBUG (7):   Processing Order ID: 41154 	 #250007413
2015-04-07T20:30:09+00:00 DEBUG (7):   Successfully deleted order...
2015-04-07T20:30:09+00:00 DEBUG (7):   Processing Order ID: 41155 	 #250007414
2015-04-07T20:30:09+00:00 DEBUG (7):   Successfully deleted order...
2015-04-07T20:30:09+00:00 DEBUG (7):   Processing Order ID: 41156 	 #250007415
2015-04-07T20:30:09+00:00 DEBUG (7):   Successfully deleted order...
2015-04-07T20:30:09+00:00 DEBUG (7):   Success: 27
2015-04-07T20:30:09+00:00 DEBUG (7):   Error:   0
2015-04-07T20:30:09+00:00 DEBUG (7):   Total:   27
2015-04-07T20:50:02+00:00 DEBUG (7): Starting Order Import process for store: Admin (0)
2015-04-07T20:50:02+00:00 DEBUG (7): Starting Order Import process for store: International (3)
2015-04-07T20:50:02+00:00 DEBUG (7): Starting Order Import process for store: Retail (1)
2015-04-07T20:50:02+00:00 DEBUG (7):  Importing: New, Pending Payment, Processing, Complete, Payment Review
2015-04-07T20:50:02+00:00 DEBUG (7):   Deleting: Closed, Canceled, On Hold
2015-04-07T20:50:02+00:00 DEBUG (7):   Processing Order ID: 41153 	 #200034088
2015-04-07T20:50:03+00:00 DEBUG (7):   Flush resulted in 1 orders processed
2015-04-07T20:50:03+00:00 DEBUG (7):   Success: 1
2015-04-07T20:50:03+00:00 DEBUG (7):   Error:   0
2015-04-07T20:50:03+00:00 DEBUG (7):   Total:   1
2015-04-07T20:50:03+00:00 DEBUG (7): Starting Order Import process for store: Wholesale (2)
2015-04-07T21:00:02+00:00 DEBUG (7): Starting Order Import process for store: Admin (0)
2015-04-07T21:00:02+00:00 DEBUG (7): Starting Order Import process for store: International (3)
2015-04-07T21:00:02+00:00 DEBUG (7): Starting Order Import process for store: Retail (1)
2015-04-07T21:00:02+00:00 DEBUG (7): Starting Order Import process for store: Wholesale (2)
2015-04-07T21:15:02+00:00 DEBUG (7): Starting Order Import process for store: Admin (0)
2015-04-07T21:15:02+00:00 DEBUG (7): Starting Order Import process for store: International (3)
2015-04-07T21:15:02+00:00 DEBUG (7): Starting Order Import process for store: Retail (1)
2015-04-07T21:15:02+00:00 DEBUG (7):  Importing: New, Pending Payment, Processing, Complete, Payment Review
2015-04-07T21:15:02+00:00 DEBUG (7):   Deleting: Closed, Canceled, On Hold
2015-04-07T21:15:02+00:00 DEBUG (7):   Processing Order ID: 41181 	 #200034089
2015-04-07T21:15:04+00:00 DEBUG (7):   Flush resulted in 1 orders processed
2015-04-07T21:15:04+00:00 DEBUG (7):   Success: 1
2015-04-07T21:15:04+00:00 DEBUG (7):   Error:   0
2015-04-07T21:15:04+00:00 DEBUG (7):   Total:   1
2015-04-07T21:15:04+00:00 DEBUG (7): Starting Order Import process for store: Wholesale (2)
2015-04-07T21:30:02+00:00 DEBUG (7): Starting Order Import process for store: Admin (0)
2015-04-07T21:30:02+00:00 DEBUG (7): Starting Order Import process for store: International (3)
2015-04-07T21:30:02+00:00 DEBUG (7): Starting Order Import process for store: Retail (1)
2015-04-07T21:30:02+00:00 DEBUG (7):  Importing: New, Pending Payment, Processing, Complete, Payment Review
2015-04-07T21:30:02+00:00 DEBUG (7):   Deleting: Closed, Canceled, On Hold
2015-04-07T21:30:02+00:00 DEBUG (7):   Processing Order ID: 41183 	 #200034090
2015-04-07T21:30:05+00:00 DEBUG (7):   Flush resulted in 1 orders processed
2015-04-07T21:30:05+00:00 DEBUG (7):   Success: 1
2015-04-07T21:30:05+00:00 DEBUG (7):   Error:   0
2015-04-07T21:30:05+00:00 DEBUG (7):   Total:   1
2015-04-07T21:30:05+00:00 DEBUG (7): Starting Order Import process for store: Wholesale (2)
2015-04-07T21:30:05+00:00 DEBUG (7):  Importing: New, Pending Payment, Processing, Complete, Payment Review
2015-04-07T21:30:05+00:00 DEBUG (7):   Deleting: Closed, Canceled, On Hold
2015-04-07T21:30:05+00:00 DEBUG (7):   Processing Order ID: 41182 	 #250007440
2015-04-07T21:30:06+00:00 DEBUG (7):   Flush resulted in 1 orders processed
2015-04-07T21:30:06+00:00 DEBUG (7):   Success: 1
2015-04-07T21:30:06+00:00 DEBUG (7):   Error:   0
2015-04-07T21:30:06+00:00 DEBUG (7):   Total:   1
2015-04-07T21:45:02+00:00 DEBUG (7): Starting Order Import process for store: Admin (0)
2015-04-07T21:45:02+00:00 DEBUG (7): Starting Order Import process for store: International (3)
2015-04-07T21:45:02+00:00 DEBUG (7): Starting Order Import process for store: Retail (1)
2015-04-07T21:45:02+00:00 DEBUG (7):  Importing: New, Pending Payment, Processing, Complete, Payment Review
2015-04-07T21:45:02+00:00 DEBUG (7):   Deleting: Closed, Canceled, On Hold
2015-04-07T21:45:02+00:00 DEBUG (7):   Processing Order ID: 41184 	 #200034091
2015-04-07T21:45:02+00:00 DEBUG (7):   Processing Order ID: 41183 	 #200034090
2015-04-07T21:45:02+00:00 DEBUG (7):   Processing Order ID: 41181 	 #200034089
2015-04-07T21:45:05+00:00 DEBUG (7):   Flush resulted in 3 orders processed
2015-04-07T21:45:05+00:00 DEBUG (7):   Success: 3
2015-04-07T21:45:05+00:00 DEBUG (7):   Error:   0
2015-04-07T21:45:05+00:00 DEBUG (7):   Total:   3
2015-04-07T21:45:05+00:00 DEBUG (7): Starting Order Import process for store: Wholesale (2)
2015-04-07T21:45:05+00:00 DEBUG (7):  Importing: New, Pending Payment, Processing, Complete, Payment Review
2015-04-07T21:45:05+00:00 DEBUG (7):   Deleting: Closed, Canceled, On Hold
2015-04-07T21:45:05+00:00 DEBUG (7):   Processing Order ID: 41182 	 #250007440
2015-04-07T21:45:06+00:00 DEBUG (7):   Flush resulted in 1 orders processed
2015-04-07T21:45:06+00:00 DEBUG (7):   Success: 1
2015-04-07T21:45:06+00:00 DEBUG (7):   Error:   0
2015-04-07T21:45:06+00:00 DEBUG (7):   Total:   1
2015-04-07T22:00:02+00:00 DEBUG (7): Starting Order Import process for store: Admin (0)
2015-04-07T22:00:02+00:00 DEBUG (7): Starting Order Import process for store: International (3)
2015-04-07T22:00:02+00:00 DEBUG (7): Starting Order Import process for store: Retail (1)
2015-04-07T22:00:02+00:00 DEBUG (7): Starting Order Import process for store: Wholesale (2)
2015-04-07T22:15:02+00:00 DEBUG (7): Starting Order Import process for store: Admin (0)
2015-04-07T22:15:02+00:00 DEBUG (7): Starting Order Import process for store: International (3)
2015-04-07T22:15:02+00:00 DEBUG (7): Starting Order Import process for store: Retail (1)
2015-04-07T22:15:02+00:00 DEBUG (7):  Importing: New, Pending Payment, Processing, Complete, Payment Review
2015-04-07T22:15:02+00:00 DEBUG (7):   Deleting: Closed, Canceled, On Hold
2015-04-07T22:15:02+00:00 DEBUG (7):   Processing Order ID: 41184 	 #200034091
2015-04-07T22:15:05+00:00 DEBUG (7):   Flush resulted in 1 orders processed
2015-04-07T22:15:05+00:00 DEBUG (7):   Success: 1
2015-04-07T22:15:05+00:00 DEBUG (7):   Error:   0
2015-04-07T22:15:05+00:00 DEBUG (7):   Total:   1
2015-04-07T22:15:05+00:00 DEBUG (7): Starting Order Import process for store: Wholesale (2)
2015-04-07T22:35:02+00:00 DEBUG (7): Starting Order Import process for store: Admin (0)
2015-04-07T22:35:02+00:00 DEBUG (7): Starting Order Import process for store: International (3)
2015-04-07T22:35:02+00:00 DEBUG (7): Starting Order Import process for store: Retail (1)
2015-04-07T22:35:02+00:00 DEBUG (7): Starting Order Import process for store: Wholesale (2)
2015-04-07T22:35:02+00:00 DEBUG (7):  Importing: New, Pending Payment, Processing, Complete, Payment Review
2015-04-07T22:35:02+00:00 DEBUG (7):   Deleting: Closed, Canceled, On Hold
2015-04-07T22:35:02+00:00 DEBUG (7):   Processing Order ID: 41185 	 #250007441
2015-04-07T22:35:04+00:00 DEBUG (7):   Flush resulted in 1 orders processed
2015-04-07T22:35:04+00:00 DEBUG (7):   Success: 1
2015-04-07T22:35:04+00:00 DEBUG (7):   Error:   0
2015-04-07T22:35:04+00:00 DEBUG (7):   Total:   1
2015-04-07T22:45:02+00:00 DEBUG (7): Starting Order Import process for store: Admin (0)
2015-04-07T22:45:02+00:00 DEBUG (7): Starting Order Import process for store: International (3)
2015-04-07T22:45:02+00:00 DEBUG (7): Starting Order Import process for store: Retail (1)
2015-04-07T22:45:02+00:00 DEBUG (7): Starting Order Import process for store: Wholesale (2)
2015-04-07T22:45:02+00:00 DEBUG (7):  Importing: New, Pending Payment, Processing, Complete, Payment Review
2015-04-07T22:45:02+00:00 DEBUG (7):   Deleting: Closed, Canceled, On Hold
2015-04-07T22:45:02+00:00 DEBUG (7):   Processing Order ID: 41084 	 #250007390
2015-04-07T22:45:04+00:00 DEBUG (7):   Flush resulted in 1 orders processed
2015-04-07T22:45:04+00:00 DEBUG (7):   Success: 1
2015-04-07T22:45:04+00:00 DEBUG (7):   Error:   0
2015-04-07T22:45:04+00:00 DEBUG (7):   Total:   1
2015-04-07T23:00:02+00:00 DEBUG (7): Starting Order Import process for store: Admin (0)
2015-04-07T23:00:02+00:00 DEBUG (7): Starting Order Import process for store: International (3)
2015-04-07T23:00:02+00:00 DEBUG (7): Starting Order Import process for store: Retail (1)
2015-04-07T23:00:02+00:00 DEBUG (7): Starting Order Import process for store: Wholesale (2)
2015-04-07T23:00:02+00:00 DEBUG (7):  Importing: New, Pending Payment, Processing, Complete, Payment Review
2015-04-07T23:00:02+00:00 DEBUG (7):   Deleting: Closed, Canceled, On Hold
2015-04-07T23:00:02+00:00 DEBUG (7):   Processing Order ID: 41185 	 #250007441
2015-04-07T23:00:04+00:00 DEBUG (7):   Flush resulted in 1 orders processed
2015-04-07T23:00:04+00:00 DEBUG (7):   Success: 1
2015-04-07T23:00:04+00:00 DEBUG (7):   Error:   0
2015-04-07T23:00:04+00:00 DEBUG (7):   Total:   1
2015-04-07T23:15:02+00:00 DEBUG (7): Starting Order Import process for store: Admin (0)
2015-04-07T23:15:02+00:00 DEBUG (7): Starting Order Import process for store: International (3)
2015-04-07T23:15:02+00:00 DEBUG (7): Starting Order Import process for store: Retail (1)
2015-04-07T23:15:02+00:00 DEBUG (7):  Importing: New, Pending Payment, Processing, Complete, Payment Review
2015-04-07T23:15:02+00:00 DEBUG (7):   Deleting: Closed, Canceled, On Hold
2015-04-07T23:15:02+00:00 DEBUG (7):   Processing Order ID: 41186 	 #200034092
2015-04-07T23:15:04+00:00 DEBUG (7):   Flush resulted in 1 orders processed
2015-04-07T23:15:04+00:00 DEBUG (7):   Success: 1
2015-04-07T23:15:04+00:00 DEBUG (7):   Error:   0
2015-04-07T23:15:04+00:00 DEBUG (7):   Total:   1
2015-04-07T23:15:04+00:00 DEBUG (7): Starting Order Import process for store: Wholesale (2)
2015-04-07T23:30:02+00:00 DEBUG (7): Starting Order Import process for store: Admin (0)
2015-04-07T23:30:02+00:00 DEBUG (7): Starting Order Import process for store: International (3)
2015-04-07T23:30:02+00:00 DEBUG (7): Starting Order Import process for store: Retail (1)
2015-04-07T23:30:02+00:00 DEBUG (7): Starting Order Import process for store: Wholesale (2)
2015-04-07T23:45:02+00:00 DEBUG (7): Starting Order Import process for store: Admin (0)
2015-04-07T23:45:02+00:00 DEBUG (7): Starting Order Import process for store: International (3)
2015-04-07T23:45:02+00:00 DEBUG (7): Starting Order Import process for store: Retail (1)
2015-04-07T23:45:03+00:00 DEBUG (7):  Importing: New, Pending Payment, Processing, Complete, Payment Review
2015-04-07T23:45:03+00:00 DEBUG (7):   Deleting: Closed, Canceled, On Hold
2015-04-07T23:45:03+00:00 DEBUG (7):   Processing Order ID: 41186 	 #200034092
2015-04-07T23:45:04+00:00 DEBUG (7):   Flush resulted in 1 orders processed
2015-04-07T23:45:04+00:00 DEBUG (7):   Success: 1
2015-04-07T23:45:04+00:00 DEBUG (7):   Error:   0
2015-04-07T23:45:04+00:00 DEBUG (7):   Total:   1
2015-04-07T23:45:04+00:00 DEBUG (7): Starting Order Import process for store: Wholesale (2)
