2015-03-29T00:00:02+00:00 DEBUG (7): Starting Order Import process for store: Admin (0)
2015-03-29T00:00:02+00:00 DEBUG (7): Starting Order Import process for store: International (3)
2015-03-29T00:00:02+00:00 DEBUG (7): Starting Order Import process for store: Retail (1)
2015-03-29T00:00:02+00:00 DEBUG (7): Starting Order Import process for store: Wholesale (2)
2015-03-29T00:15:02+00:00 DEBUG (7): Starting Order Import process for store: Admin (0)
2015-03-29T00:15:02+00:00 DEBUG (7): Starting Order Import process for store: International (3)
2015-03-29T00:15:02+00:00 DEBUG (7): Starting Order Import process for store: Retail (1)
2015-03-29T00:15:02+00:00 DEBUG (7): Starting Order Import process for store: Wholesale (2)
2015-03-29T00:30:02+00:00 DEBUG (7): Starting Order Import process for store: Admin (0)
2015-03-29T00:30:02+00:00 DEBUG (7): Starting Order Import process for store: International (3)
2015-03-29T00:30:02+00:00 DEBUG (7): Starting Order Import process for store: Retail (1)
2015-03-29T00:30:02+00:00 DEBUG (7): Starting Order Import process for store: Wholesale (2)
2015-03-29T00:45:02+00:00 DEBUG (7): Starting Order Import process for store: Admin (0)
2015-03-29T00:45:02+00:00 DEBUG (7): Starting Order Import process for store: International (3)
2015-03-29T00:45:02+00:00 DEBUG (7): Starting Order Import process for store: Retail (1)
2015-03-29T00:45:02+00:00 DEBUG (7): Starting Order Import process for store: Wholesale (2)
2015-03-29T01:00:03+00:00 DEBUG (7): Starting Order Import process for store: Admin (0)
2015-03-29T01:00:03+00:00 DEBUG (7): Starting Order Import process for store: International (3)
2015-03-29T01:00:03+00:00 DEBUG (7): Starting Order Import process for store: Retail (1)
2015-03-29T01:00:03+00:00 DEBUG (7): Starting Order Import process for store: Wholesale (2)
2015-03-29T01:15:02+00:00 DEBUG (7): Starting Order Import process for store: Admin (0)
2015-03-29T01:15:02+00:00 DEBUG (7): Starting Order Import process for store: International (3)
2015-03-29T01:15:02+00:00 DEBUG (7): Starting Order Import process for store: Retail (1)
2015-03-29T01:15:02+00:00 DEBUG (7): Starting Order Import process for store: Wholesale (2)
2015-03-29T01:30:02+00:00 DEBUG (7): Starting Order Import process for store: Admin (0)
2015-03-29T01:30:02+00:00 DEBUG (7): Starting Order Import process for store: International (3)
2015-03-29T01:30:02+00:00 DEBUG (7): Starting Order Import process for store: Retail (1)
2015-03-29T01:30:02+00:00 DEBUG (7): Starting Order Import process for store: Wholesale (2)
2015-03-29T01:45:02+00:00 DEBUG (7): Starting Order Import process for store: Admin (0)
2015-03-29T01:45:02+00:00 DEBUG (7): Starting Order Import process for store: International (3)
2015-03-29T01:45:02+00:00 DEBUG (7): Starting Order Import process for store: Retail (1)
2015-03-29T01:45:02+00:00 DEBUG (7): Starting Order Import process for store: Wholesale (2)
2015-03-29T02:00:02+00:00 DEBUG (7): Starting Order Import process for store: Admin (0)
2015-03-29T02:00:02+00:00 DEBUG (7): Starting Order Import process for store: International (3)
2015-03-29T02:00:02+00:00 DEBUG (7): Starting Order Import process for store: Retail (1)
2015-03-29T02:00:02+00:00 DEBUG (7): Starting Order Import process for store: Wholesale (2)
2015-03-29T02:15:02+00:00 DEBUG (7): Starting Order Import process for store: Admin (0)
2015-03-29T02:15:02+00:00 DEBUG (7): Starting Order Import process for store: International (3)
2015-03-29T02:15:02+00:00 DEBUG (7): Starting Order Import process for store: Retail (1)
2015-03-29T02:15:02+00:00 DEBUG (7): Starting Order Import process for store: Wholesale (2)
2015-03-29T02:35:02+00:00 DEBUG (7): Starting Order Import process for store: Admin (0)
2015-03-29T02:35:02+00:00 DEBUG (7): Starting Order Import process for store: International (3)
2015-03-29T02:35:02+00:00 DEBUG (7): Starting Order Import process for store: Retail (1)
2015-03-29T02:35:02+00:00 DEBUG (7): Starting Order Import process for store: Wholesale (2)
2015-03-29T02:45:02+00:00 DEBUG (7): Starting Order Import process for store: Admin (0)
2015-03-29T02:45:02+00:00 DEBUG (7): Starting Order Import process for store: International (3)
2015-03-29T02:45:02+00:00 DEBUG (7): Starting Order Import process for store: Retail (1)
2015-03-29T02:45:02+00:00 DEBUG (7): Starting Order Import process for store: Wholesale (2)
2015-03-29T03:00:02+00:00 DEBUG (7): Starting Order Import process for store: Admin (0)
2015-03-29T03:00:02+00:00 DEBUG (7): Starting Order Import process for store: International (3)
2015-03-29T03:00:02+00:00 DEBUG (7): Starting Order Import process for store: Retail (1)
2015-03-29T03:00:02+00:00 DEBUG (7): Starting Order Import process for store: Wholesale (2)
2015-03-29T03:15:02+00:00 DEBUG (7): Starting Order Import process for store: Admin (0)
2015-03-29T03:15:02+00:00 DEBUG (7): Starting Order Import process for store: International (3)
2015-03-29T03:15:02+00:00 DEBUG (7): Starting Order Import process for store: Retail (1)
2015-03-29T03:15:02+00:00 DEBUG (7): Starting Order Import process for store: Wholesale (2)
2015-03-29T03:30:02+00:00 DEBUG (7): Starting Order Import process for store: Admin (0)
2015-03-29T03:30:02+00:00 DEBUG (7): Starting Order Import process for store: International (3)
2015-03-29T03:30:02+00:00 DEBUG (7): Starting Order Import process for store: Retail (1)
2015-03-29T03:30:02+00:00 DEBUG (7): Starting Order Import process for store: Wholesale (2)
2015-03-29T03:45:02+00:00 DEBUG (7): Starting Order Import process for store: Admin (0)
2015-03-29T03:45:02+00:00 DEBUG (7): Starting Order Import process for store: International (3)
2015-03-29T03:45:02+00:00 DEBUG (7): Starting Order Import process for store: Retail (1)
2015-03-29T03:45:02+00:00 DEBUG (7): Starting Order Import process for store: Wholesale (2)
2015-03-29T04:00:02+00:00 DEBUG (7): Starting Order Import process for store: Admin (0)
2015-03-29T04:00:02+00:00 DEBUG (7): Starting Order Import process for store: International (3)
2015-03-29T04:00:02+00:00 DEBUG (7): Starting Order Import process for store: Retail (1)
2015-03-29T04:00:02+00:00 DEBUG (7): Starting Order Import process for store: Wholesale (2)
2015-03-29T04:15:02+00:00 DEBUG (7): Starting Order Import process for store: Admin (0)
2015-03-29T04:15:02+00:00 DEBUG (7): Starting Order Import process for store: International (3)
2015-03-29T04:15:02+00:00 DEBUG (7): Starting Order Import process for store: Retail (1)
2015-03-29T04:15:02+00:00 DEBUG (7):  Importing: New, Pending Payment, Processing, Complete, Payment Review
2015-03-29T04:15:02+00:00 DEBUG (7):   Deleting: Closed, Canceled, On Hold
2015-03-29T04:15:02+00:00 DEBUG (7):   Processing Order ID: 40923 	 #200033958
2015-03-29T04:15:07+00:00 DEBUG (7):   Flush resulted in 1 orders processed
2015-03-29T04:15:07+00:00 DEBUG (7):   Success: 1
2015-03-29T04:15:07+00:00 DEBUG (7):   Error:   0
2015-03-29T04:15:07+00:00 DEBUG (7):   Total:   1
2015-03-29T04:15:07+00:00 DEBUG (7): Starting Order Import process for store: Wholesale (2)
2015-03-29T04:30:02+00:00 DEBUG (7): Starting Order Import process for store: Admin (0)
2015-03-29T04:30:02+00:00 DEBUG (7): Starting Order Import process for store: International (3)
2015-03-29T04:30:02+00:00 DEBUG (7): Starting Order Import process for store: Retail (1)
2015-03-29T04:30:02+00:00 DEBUG (7): Starting Order Import process for store: Wholesale (2)
2015-03-29T04:45:02+00:00 DEBUG (7): Starting Order Import process for store: Admin (0)
2015-03-29T04:45:02+00:00 DEBUG (7): Starting Order Import process for store: International (3)
2015-03-29T04:45:02+00:00 DEBUG (7): Starting Order Import process for store: Retail (1)
2015-03-29T04:45:02+00:00 DEBUG (7): Starting Order Import process for store: Wholesale (2)
2015-03-29T05:05:02+00:00 DEBUG (7): Starting Order Import process for store: Admin (0)
2015-03-29T05:05:02+00:00 DEBUG (7): Starting Order Import process for store: International (3)
2015-03-29T05:05:02+00:00 DEBUG (7): Starting Order Import process for store: Retail (1)
2015-03-29T05:05:02+00:00 DEBUG (7): Starting Order Import process for store: Wholesale (2)
2015-03-29T05:15:02+00:00 DEBUG (7): Starting Order Import process for store: Admin (0)
2015-03-29T05:15:02+00:00 DEBUG (7): Starting Order Import process for store: International (3)
2015-03-29T05:15:02+00:00 DEBUG (7): Starting Order Import process for store: Retail (1)
2015-03-29T05:15:02+00:00 DEBUG (7): Starting Order Import process for store: Wholesale (2)
2015-03-29T05:30:03+00:00 DEBUG (7): Starting Order Import process for store: Admin (0)
2015-03-29T05:30:03+00:00 DEBUG (7): Starting Order Import process for store: International (3)
2015-03-29T05:30:03+00:00 DEBUG (7): Starting Order Import process for store: Retail (1)
2015-03-29T05:30:03+00:00 DEBUG (7): Starting Order Import process for store: Wholesale (2)
2015-03-29T05:45:02+00:00 DEBUG (7): Starting Order Import process for store: Admin (0)
2015-03-29T05:45:02+00:00 DEBUG (7): Starting Order Import process for store: International (3)
2015-03-29T05:45:02+00:00 DEBUG (7): Starting Order Import process for store: Retail (1)
2015-03-29T05:45:02+00:00 DEBUG (7): Starting Order Import process for store: Wholesale (2)
2015-03-29T06:00:02+00:00 DEBUG (7): Starting Order Import process for store: Admin (0)
2015-03-29T06:00:02+00:00 DEBUG (7): Starting Order Import process for store: International (3)
2015-03-29T06:00:02+00:00 DEBUG (7): Starting Order Import process for store: Retail (1)
2015-03-29T06:00:02+00:00 DEBUG (7): Starting Order Import process for store: Wholesale (2)
2015-03-29T06:15:02+00:00 DEBUG (7): Starting Order Import process for store: Admin (0)
2015-03-29T06:15:02+00:00 DEBUG (7): Starting Order Import process for store: International (3)
2015-03-29T06:15:02+00:00 DEBUG (7): Starting Order Import process for store: Retail (1)
2015-03-29T06:15:02+00:00 DEBUG (7): Starting Order Import process for store: Wholesale (2)
2015-03-29T06:30:02+00:00 DEBUG (7): Starting Order Import process for store: Admin (0)
2015-03-29T06:30:02+00:00 DEBUG (7): Starting Order Import process for store: International (3)
2015-03-29T06:30:02+00:00 DEBUG (7): Starting Order Import process for store: Retail (1)
2015-03-29T06:30:02+00:00 DEBUG (7): Starting Order Import process for store: Wholesale (2)
2015-03-29T06:45:02+00:00 DEBUG (7): Starting Order Import process for store: Admin (0)
2015-03-29T06:45:02+00:00 DEBUG (7): Starting Order Import process for store: International (3)
2015-03-29T06:45:02+00:00 DEBUG (7): Starting Order Import process for store: Retail (1)
2015-03-29T06:45:02+00:00 DEBUG (7): Starting Order Import process for store: Wholesale (2)
2015-03-29T07:05:11+00:00 DEBUG (7): Starting Order Import process for store: Admin (0)
2015-03-29T07:05:11+00:00 DEBUG (7): Starting Order Import process for store: International (3)
2015-03-29T07:05:11+00:00 DEBUG (7): Starting Order Import process for store: Retail (1)
2015-03-29T07:05:11+00:00 DEBUG (7): Starting Order Import process for store: Wholesale (2)
2015-03-29T07:15:44+00:00 DEBUG (7): Starting Order Import process for store: Admin (0)
2015-03-29T07:15:44+00:00 DEBUG (7): Starting Order Import process for store: International (3)
2015-03-29T07:15:44+00:00 DEBUG (7): Starting Order Import process for store: Retail (1)
2015-03-29T07:15:44+00:00 DEBUG (7):  Importing: New, Pending Payment, Processing, Complete, Payment Review
2015-03-29T07:15:44+00:00 DEBUG (7):   Deleting: Closed, Canceled, On Hold
2015-03-29T07:15:44+00:00 DEBUG (7):   Processing Order ID: 40924 	 #200033959
2015-03-29T07:15:46+00:00 DEBUG (7):   Flush resulted in 1 orders processed
2015-03-29T07:15:46+00:00 DEBUG (7):   Success: 1
2015-03-29T07:15:46+00:00 DEBUG (7):   Error:   0
2015-03-29T07:15:46+00:00 DEBUG (7):   Total:   1
2015-03-29T07:15:46+00:00 DEBUG (7): Starting Order Import process for store: Wholesale (2)
2015-03-29T07:30:02+00:00 DEBUG (7): Starting Order Import process for store: Admin (0)
2015-03-29T07:30:02+00:00 DEBUG (7): Starting Order Import process for store: International (3)
2015-03-29T07:30:02+00:00 DEBUG (7): Starting Order Import process for store: Retail (1)
2015-03-29T07:30:02+00:00 DEBUG (7): Starting Order Import process for store: Wholesale (2)
2015-03-29T07:50:02+00:00 DEBUG (7): Starting Order Import process for store: Admin (0)
2015-03-29T07:50:02+00:00 DEBUG (7): Starting Order Import process for store: International (3)
2015-03-29T07:50:02+00:00 DEBUG (7): Starting Order Import process for store: Retail (1)
2015-03-29T07:50:02+00:00 DEBUG (7): Starting Order Import process for store: Wholesale (2)
2015-03-29T08:00:31+00:00 DEBUG (7): Starting Order Import process for store: Admin (0)
2015-03-29T08:00:31+00:00 DEBUG (7): Starting Order Import process for store: International (3)
2015-03-29T08:00:31+00:00 DEBUG (7): Starting Order Import process for store: Retail (1)
2015-03-29T08:00:31+00:00 DEBUG (7): Starting Order Import process for store: Wholesale (2)
2015-03-29T08:15:02+00:00 DEBUG (7): Starting Order Import process for store: Admin (0)
2015-03-29T08:15:02+00:00 DEBUG (7): Starting Order Import process for store: International (3)
2015-03-29T08:15:02+00:00 DEBUG (7): Starting Order Import process for store: Retail (1)
2015-03-29T08:15:02+00:00 DEBUG (7): Starting Order Import process for store: Wholesale (2)
2015-03-29T08:30:02+00:00 DEBUG (7): Starting Order Import process for store: Admin (0)
2015-03-29T08:30:02+00:00 DEBUG (7): Starting Order Import process for store: International (3)
2015-03-29T08:30:02+00:00 DEBUG (7): Starting Order Import process for store: Retail (1)
2015-03-29T08:30:02+00:00 DEBUG (7): Starting Order Import process for store: Wholesale (2)
2015-03-29T08:45:03+00:00 DEBUG (7): Starting Order Import process for store: Admin (0)
2015-03-29T08:45:03+00:00 DEBUG (7): Starting Order Import process for store: International (3)
2015-03-29T08:45:03+00:00 DEBUG (7): Starting Order Import process for store: Retail (1)
2015-03-29T08:45:03+00:00 DEBUG (7): Starting Order Import process for store: Wholesale (2)
2015-03-29T09:00:07+00:00 DEBUG (7): Starting Order Import process for store: Admin (0)
2015-03-29T09:00:07+00:00 DEBUG (7): Starting Order Import process for store: International (3)
2015-03-29T09:00:07+00:00 DEBUG (7): Starting Order Import process for store: Retail (1)
2015-03-29T09:00:07+00:00 DEBUG (7): Starting Order Import process for store: Wholesale (2)
2015-03-29T09:15:02+00:00 DEBUG (7): Starting Order Import process for store: Admin (0)
2015-03-29T09:15:02+00:00 DEBUG (7): Starting Order Import process for store: International (3)
2015-03-29T09:15:02+00:00 DEBUG (7): Starting Order Import process for store: Retail (1)
2015-03-29T09:15:02+00:00 DEBUG (7): Starting Order Import process for store: Wholesale (2)
2015-03-29T09:30:02+00:00 DEBUG (7): Starting Order Import process for store: Admin (0)
2015-03-29T09:30:02+00:00 DEBUG (7): Starting Order Import process for store: International (3)
2015-03-29T09:30:02+00:00 DEBUG (7): Starting Order Import process for store: Retail (1)
2015-03-29T09:30:02+00:00 DEBUG (7): Starting Order Import process for store: Wholesale (2)
2015-03-29T09:45:02+00:00 DEBUG (7): Starting Order Import process for store: Admin (0)
2015-03-29T09:45:02+00:00 DEBUG (7): Starting Order Import process for store: International (3)
2015-03-29T09:45:02+00:00 DEBUG (7): Starting Order Import process for store: Retail (1)
2015-03-29T09:45:02+00:00 DEBUG (7): Starting Order Import process for store: Wholesale (2)
2015-03-29T10:00:02+00:00 DEBUG (7): Starting Order Import process for store: Admin (0)
2015-03-29T10:00:02+00:00 DEBUG (7): Starting Order Import process for store: International (3)
2015-03-29T10:00:02+00:00 DEBUG (7): Starting Order Import process for store: Retail (1)
2015-03-29T10:00:02+00:00 DEBUG (7): Starting Order Import process for store: Wholesale (2)
2015-03-29T10:20:02+00:00 DEBUG (7): Starting Order Import process for store: Admin (0)
2015-03-29T10:20:02+00:00 DEBUG (7): Starting Order Import process for store: International (3)
2015-03-29T10:20:02+00:00 DEBUG (7): Starting Order Import process for store: Retail (1)
2015-03-29T10:20:02+00:00 DEBUG (7): Starting Order Import process for store: Wholesale (2)
2015-03-29T10:30:02+00:00 DEBUG (7): Starting Order Import process for store: Admin (0)
2015-03-29T10:30:02+00:00 DEBUG (7): Starting Order Import process for store: International (3)
2015-03-29T10:30:02+00:00 DEBUG (7): Starting Order Import process for store: Retail (1)
2015-03-29T10:30:02+00:00 DEBUG (7): Starting Order Import process for store: Wholesale (2)
2015-03-29T10:45:02+00:00 DEBUG (7): Starting Order Import process for store: Admin (0)
2015-03-29T10:45:02+00:00 DEBUG (7): Starting Order Import process for store: International (3)
2015-03-29T10:45:02+00:00 DEBUG (7): Starting Order Import process for store: Retail (1)
2015-03-29T10:45:02+00:00 DEBUG (7): Starting Order Import process for store: Wholesale (2)
2015-03-29T11:00:02+00:00 DEBUG (7): Starting Order Import process for store: Admin (0)
2015-03-29T11:00:02+00:00 DEBUG (7): Starting Order Import process for store: International (3)
2015-03-29T11:00:02+00:00 DEBUG (7): Starting Order Import process for store: Retail (1)
2015-03-29T11:00:02+00:00 DEBUG (7): Starting Order Import process for store: Wholesale (2)
2015-03-29T11:15:02+00:00 DEBUG (7): Starting Order Import process for store: Admin (0)
2015-03-29T11:15:02+00:00 DEBUG (7): Starting Order Import process for store: International (3)
2015-03-29T11:15:02+00:00 DEBUG (7): Starting Order Import process for store: Retail (1)
2015-03-29T11:15:02+00:00 DEBUG (7): Starting Order Import process for store: Wholesale (2)
2015-03-29T11:30:02+00:00 DEBUG (7): Starting Order Import process for store: Admin (0)
2015-03-29T11:30:02+00:00 DEBUG (7): Starting Order Import process for store: International (3)
2015-03-29T11:30:02+00:00 DEBUG (7): Starting Order Import process for store: Retail (1)
2015-03-29T11:30:02+00:00 DEBUG (7): Starting Order Import process for store: Wholesale (2)
2015-03-29T11:45:02+00:00 DEBUG (7): Starting Order Import process for store: Admin (0)
2015-03-29T11:45:02+00:00 DEBUG (7): Starting Order Import process for store: International (3)
2015-03-29T11:45:02+00:00 DEBUG (7): Starting Order Import process for store: Retail (1)
2015-03-29T11:45:02+00:00 DEBUG (7): Starting Order Import process for store: Wholesale (2)
2015-03-29T12:00:03+00:00 DEBUG (7): Starting Order Import process for store: Admin (0)
2015-03-29T12:00:03+00:00 DEBUG (7): Starting Order Import process for store: International (3)
2015-03-29T12:00:03+00:00 DEBUG (7): Starting Order Import process for store: Retail (1)
2015-03-29T12:00:03+00:00 DEBUG (7): Starting Order Import process for store: Wholesale (2)
2015-03-29T12:15:02+00:00 DEBUG (7): Starting Order Import process for store: Admin (0)
2015-03-29T12:15:02+00:00 DEBUG (7): Starting Order Import process for store: International (3)
2015-03-29T12:15:02+00:00 DEBUG (7): Starting Order Import process for store: Retail (1)
2015-03-29T12:15:02+00:00 DEBUG (7): Starting Order Import process for store: Wholesale (2)
2015-03-29T12:30:02+00:00 DEBUG (7): Starting Order Import process for store: Admin (0)
2015-03-29T12:30:02+00:00 DEBUG (7): Starting Order Import process for store: International (3)
2015-03-29T12:30:02+00:00 DEBUG (7): Starting Order Import process for store: Retail (1)
2015-03-29T12:30:02+00:00 DEBUG (7):  Importing: New, Pending Payment, Processing, Complete, Payment Review
2015-03-29T12:30:02+00:00 DEBUG (7):   Deleting: Closed, Canceled, On Hold
2015-03-29T12:30:02+00:00 DEBUG (7):   Processing Order ID: 40925 	 #200033960
2015-03-29T12:30:04+00:00 DEBUG (7):   Flush resulted in 1 orders processed
2015-03-29T12:30:04+00:00 DEBUG (7):   Success: 1
2015-03-29T12:30:04+00:00 DEBUG (7):   Error:   0
2015-03-29T12:30:04+00:00 DEBUG (7):   Total:   1
2015-03-29T12:30:04+00:00 DEBUG (7): Starting Order Import process for store: Wholesale (2)
2015-03-29T12:45:02+00:00 DEBUG (7): Starting Order Import process for store: Admin (0)
2015-03-29T12:45:02+00:00 DEBUG (7): Starting Order Import process for store: International (3)
2015-03-29T12:45:02+00:00 DEBUG (7): Starting Order Import process for store: Retail (1)
2015-03-29T12:45:02+00:00 DEBUG (7): Starting Order Import process for store: Wholesale (2)
2015-03-29T13:05:02+00:00 DEBUG (7): Starting Order Import process for store: Admin (0)
2015-03-29T13:05:02+00:00 DEBUG (7): Starting Order Import process for store: International (3)
2015-03-29T13:05:02+00:00 DEBUG (7): Starting Order Import process for store: Retail (1)
2015-03-29T13:05:02+00:00 DEBUG (7): Starting Order Import process for store: Wholesale (2)
2015-03-29T13:15:02+00:00 DEBUG (7): Starting Order Import process for store: Admin (0)
2015-03-29T13:15:03+00:00 DEBUG (7): Starting Order Import process for store: International (3)
2015-03-29T13:15:03+00:00 DEBUG (7): Starting Order Import process for store: Retail (1)
2015-03-29T13:15:03+00:00 DEBUG (7): Starting Order Import process for store: Wholesale (2)
2015-03-29T13:30:02+00:00 DEBUG (7): Starting Order Import process for store: Admin (0)
2015-03-29T13:30:02+00:00 DEBUG (7): Starting Order Import process for store: International (3)
2015-03-29T13:30:02+00:00 DEBUG (7): Starting Order Import process for store: Retail (1)
2015-03-29T13:30:02+00:00 DEBUG (7): Starting Order Import process for store: Wholesale (2)
2015-03-29T13:45:02+00:00 DEBUG (7): Starting Order Import process for store: Admin (0)
2015-03-29T13:45:02+00:00 DEBUG (7): Starting Order Import process for store: International (3)
2015-03-29T13:45:02+00:00 DEBUG (7): Starting Order Import process for store: Retail (1)
2015-03-29T13:45:02+00:00 DEBUG (7): Starting Order Import process for store: Wholesale (2)
2015-03-29T14:00:02+00:00 DEBUG (7): Starting Order Import process for store: Admin (0)
2015-03-29T14:00:02+00:00 DEBUG (7): Starting Order Import process for store: International (3)
2015-03-29T14:00:02+00:00 DEBUG (7): Starting Order Import process for store: Retail (1)
2015-03-29T14:00:02+00:00 DEBUG (7): Starting Order Import process for store: Wholesale (2)
2015-03-29T14:15:02+00:00 DEBUG (7): Starting Order Import process for store: Admin (0)
2015-03-29T14:15:02+00:00 DEBUG (7): Starting Order Import process for store: International (3)
2015-03-29T14:15:02+00:00 DEBUG (7): Starting Order Import process for store: Retail (1)
2015-03-29T14:15:02+00:00 DEBUG (7): Starting Order Import process for store: Wholesale (2)
2015-03-29T14:30:02+00:00 DEBUG (7): Starting Order Import process for store: Admin (0)
2015-03-29T14:30:02+00:00 DEBUG (7): Starting Order Import process for store: International (3)
2015-03-29T14:30:02+00:00 DEBUG (7): Starting Order Import process for store: Retail (1)
2015-03-29T14:30:02+00:00 DEBUG (7):  Importing: New, Pending Payment, Processing, Complete, Payment Review
2015-03-29T14:30:02+00:00 DEBUG (7):   Deleting: Closed, Canceled, On Hold
2015-03-29T14:30:02+00:00 DEBUG (7):   Processing Order ID: 40926 	 #200033961
2015-03-29T14:30:04+00:00 DEBUG (7):   Flush resulted in 1 orders processed
2015-03-29T14:30:04+00:00 DEBUG (7):   Success: 1
2015-03-29T14:30:04+00:00 DEBUG (7):   Error:   0
2015-03-29T14:30:04+00:00 DEBUG (7):   Total:   1
2015-03-29T14:30:04+00:00 DEBUG (7): Starting Order Import process for store: Wholesale (2)
2015-03-29T14:45:02+00:00 DEBUG (7): Starting Order Import process for store: Admin (0)
2015-03-29T14:45:02+00:00 DEBUG (7): Starting Order Import process for store: International (3)
2015-03-29T14:45:02+00:00 DEBUG (7): Starting Order Import process for store: Retail (1)
2015-03-29T14:45:02+00:00 DEBUG (7): Starting Order Import process for store: Wholesale (2)
2015-03-29T15:00:03+00:00 DEBUG (7): Starting Order Import process for store: Admin (0)
2015-03-29T15:00:03+00:00 DEBUG (7): Starting Order Import process for store: International (3)
2015-03-29T15:00:03+00:00 DEBUG (7): Starting Order Import process for store: Retail (1)
2015-03-29T15:00:03+00:00 DEBUG (7): Starting Order Import process for store: Wholesale (2)
2015-03-29T15:15:02+00:00 DEBUG (7): Starting Order Import process for store: Admin (0)
2015-03-29T15:15:02+00:00 DEBUG (7): Starting Order Import process for store: International (3)
2015-03-29T15:15:02+00:00 DEBUG (7): Starting Order Import process for store: Retail (1)
2015-03-29T15:15:02+00:00 DEBUG (7): Starting Order Import process for store: Wholesale (2)
2015-03-29T15:30:02+00:00 DEBUG (7): Starting Order Import process for store: Admin (0)
2015-03-29T15:30:02+00:00 DEBUG (7): Starting Order Import process for store: International (3)
2015-03-29T15:30:02+00:00 DEBUG (7): Starting Order Import process for store: Retail (1)
2015-03-29T15:30:02+00:00 DEBUG (7): Starting Order Import process for store: Wholesale (2)
2015-03-29T15:45:02+00:00 DEBUG (7): Starting Order Import process for store: Admin (0)
2015-03-29T15:45:02+00:00 DEBUG (7): Starting Order Import process for store: International (3)
2015-03-29T15:45:02+00:00 DEBUG (7): Starting Order Import process for store: Retail (1)
2015-03-29T15:45:02+00:00 DEBUG (7): Starting Order Import process for store: Wholesale (2)
2015-03-29T16:05:02+00:00 DEBUG (7): Starting Order Import process for store: Admin (0)
2015-03-29T16:05:02+00:00 DEBUG (7): Starting Order Import process for store: International (3)
2015-03-29T16:05:02+00:00 DEBUG (7): Starting Order Import process for store: Retail (1)
2015-03-29T16:05:02+00:00 DEBUG (7):  Importing: New, Pending Payment, Processing, Complete, Payment Review
2015-03-29T16:05:02+00:00 DEBUG (7):   Deleting: Closed, Canceled, On Hold
2015-03-29T16:05:02+00:00 DEBUG (7):   Processing Order ID: 40927 	 #200033962
2015-03-29T16:05:03+00:00 DEBUG (7):   Flush resulted in 1 orders processed
2015-03-29T16:05:03+00:00 DEBUG (7):   Success: 1
2015-03-29T16:05:03+00:00 DEBUG (7):   Error:   0
2015-03-29T16:05:03+00:00 DEBUG (7):   Total:   1
2015-03-29T16:05:03+00:00 DEBUG (7): Starting Order Import process for store: Wholesale (2)
2015-03-29T16:15:02+00:00 DEBUG (7): Starting Order Import process for store: Admin (0)
2015-03-29T16:15:02+00:00 DEBUG (7): Starting Order Import process for store: International (3)
2015-03-29T16:15:02+00:00 DEBUG (7): Starting Order Import process for store: Retail (1)
2015-03-29T16:15:02+00:00 DEBUG (7): Starting Order Import process for store: Wholesale (2)
2015-03-29T16:30:04+00:00 DEBUG (7): Starting Order Import process for store: Admin (0)
2015-03-29T16:30:04+00:00 DEBUG (7): Starting Order Import process for store: International (3)
2015-03-29T16:30:04+00:00 DEBUG (7): Starting Order Import process for store: Retail (1)
2015-03-29T16:30:04+00:00 DEBUG (7): Starting Order Import process for store: Wholesale (2)
2015-03-29T16:45:02+00:00 DEBUG (7): Starting Order Import process for store: Admin (0)
2015-03-29T16:45:02+00:00 DEBUG (7): Starting Order Import process for store: International (3)
2015-03-29T16:45:02+00:00 DEBUG (7): Starting Order Import process for store: Retail (1)
2015-03-29T16:45:02+00:00 DEBUG (7):  Importing: New, Pending Payment, Processing, Complete, Payment Review
2015-03-29T16:45:02+00:00 DEBUG (7):   Deleting: Closed, Canceled, On Hold
2015-03-29T16:45:02+00:00 DEBUG (7):   Processing Order ID: 40928 	 #200033963
2015-03-29T16:45:04+00:00 DEBUG (7):   Flush resulted in 1 orders processed
2015-03-29T16:45:04+00:00 DEBUG (7):   Success: 1
2015-03-29T16:45:04+00:00 DEBUG (7):   Error:   0
2015-03-29T16:45:04+00:00 DEBUG (7):   Total:   1
2015-03-29T16:45:04+00:00 DEBUG (7): Starting Order Import process for store: Wholesale (2)
2015-03-29T17:00:02+00:00 DEBUG (7): Starting Order Import process for store: Admin (0)
2015-03-29T17:00:02+00:00 DEBUG (7): Starting Order Import process for store: International (3)
2015-03-29T17:00:02+00:00 DEBUG (7): Starting Order Import process for store: Retail (1)
2015-03-29T17:00:02+00:00 DEBUG (7): Starting Order Import process for store: Wholesale (2)
2015-03-29T17:15:02+00:00 DEBUG (7): Starting Order Import process for store: Admin (0)
2015-03-29T17:15:02+00:00 DEBUG (7): Starting Order Import process for store: International (3)
2015-03-29T17:15:02+00:00 DEBUG (7): Starting Order Import process for store: Retail (1)
2015-03-29T17:15:02+00:00 DEBUG (7): Starting Order Import process for store: Wholesale (2)
2015-03-29T17:30:02+00:00 DEBUG (7): Starting Order Import process for store: Admin (0)
2015-03-29T17:30:02+00:00 DEBUG (7): Starting Order Import process for store: International (3)
2015-03-29T17:30:02+00:00 DEBUG (7): Starting Order Import process for store: Retail (1)
2015-03-29T17:30:02+00:00 DEBUG (7): Starting Order Import process for store: Wholesale (2)
2015-03-29T17:45:02+00:00 DEBUG (7): Starting Order Import process for store: Admin (0)
2015-03-29T17:45:02+00:00 DEBUG (7): Starting Order Import process for store: International (3)
2015-03-29T17:45:02+00:00 DEBUG (7): Starting Order Import process for store: Retail (1)
2015-03-29T17:45:02+00:00 DEBUG (7): Starting Order Import process for store: Wholesale (2)
2015-03-29T18:00:02+00:00 DEBUG (7): Starting Order Import process for store: Admin (0)
2015-03-29T18:00:02+00:00 DEBUG (7): Starting Order Import process for store: International (3)
2015-03-29T18:00:02+00:00 DEBUG (7): Starting Order Import process for store: Retail (1)
2015-03-29T18:00:02+00:00 DEBUG (7): Starting Order Import process for store: Wholesale (2)
2015-03-29T18:15:02+00:00 DEBUG (7): Starting Order Import process for store: Admin (0)
2015-03-29T18:15:02+00:00 DEBUG (7): Starting Order Import process for store: International (3)
2015-03-29T18:15:02+00:00 DEBUG (7): Starting Order Import process for store: Retail (1)
2015-03-29T18:15:02+00:00 DEBUG (7): Starting Order Import process for store: Wholesale (2)
2015-03-29T18:30:02+00:00 DEBUG (7): Starting Order Import process for store: Admin (0)
2015-03-29T18:30:02+00:00 DEBUG (7): Starting Order Import process for store: International (3)
2015-03-29T18:30:02+00:00 DEBUG (7): Starting Order Import process for store: Retail (1)
2015-03-29T18:30:02+00:00 DEBUG (7): Starting Order Import process for store: Wholesale (2)
2015-03-29T18:50:02+00:00 DEBUG (7): Starting Order Import process for store: Admin (0)
2015-03-29T18:50:03+00:00 DEBUG (7): Starting Order Import process for store: International (3)
2015-03-29T18:50:03+00:00 DEBUG (7): Starting Order Import process for store: Retail (1)
2015-03-29T18:50:03+00:00 DEBUG (7): Starting Order Import process for store: Wholesale (2)
2015-03-29T19:00:02+00:00 DEBUG (7): Starting Order Import process for store: Admin (0)
2015-03-29T19:00:02+00:00 DEBUG (7): Starting Order Import process for store: International (3)
2015-03-29T19:00:02+00:00 DEBUG (7): Starting Order Import process for store: Retail (1)
2015-03-29T19:00:02+00:00 DEBUG (7): Starting Order Import process for store: Wholesale (2)
2015-03-29T19:15:02+00:00 DEBUG (7): Starting Order Import process for store: Admin (0)
2015-03-29T19:15:02+00:00 DEBUG (7): Starting Order Import process for store: International (3)
2015-03-29T19:15:02+00:00 DEBUG (7): Starting Order Import process for store: Retail (1)
2015-03-29T19:15:02+00:00 DEBUG (7): Starting Order Import process for store: Wholesale (2)
2015-03-29T19:30:02+00:00 DEBUG (7): Starting Order Import process for store: Admin (0)
2015-03-29T19:30:02+00:00 DEBUG (7): Starting Order Import process for store: International (3)
2015-03-29T19:30:02+00:00 DEBUG (7): Starting Order Import process for store: Retail (1)
2015-03-29T19:30:02+00:00 DEBUG (7): Starting Order Import process for store: Wholesale (2)
2015-03-29T19:45:02+00:00 DEBUG (7): Starting Order Import process for store: Admin (0)
2015-03-29T19:45:03+00:00 DEBUG (7): Starting Order Import process for store: International (3)
2015-03-29T19:45:03+00:00 DEBUG (7): Starting Order Import process for store: Retail (1)
2015-03-29T19:45:03+00:00 DEBUG (7): Starting Order Import process for store: Wholesale (2)
2015-03-29T20:00:02+00:00 DEBUG (7): Starting Order Import process for store: Admin (0)
2015-03-29T20:00:02+00:00 DEBUG (7): Starting Order Import process for store: International (3)
2015-03-29T20:00:02+00:00 DEBUG (7): Starting Order Import process for store: Retail (1)
2015-03-29T20:00:02+00:00 DEBUG (7): Starting Order Import process for store: Wholesale (2)
2015-03-29T20:15:02+00:00 DEBUG (7): Starting Order Import process for store: Admin (0)
2015-03-29T20:15:02+00:00 DEBUG (7): Starting Order Import process for store: International (3)
2015-03-29T20:15:02+00:00 DEBUG (7): Starting Order Import process for store: Retail (1)
2015-03-29T20:15:02+00:00 DEBUG (7): Starting Order Import process for store: Wholesale (2)
2015-03-29T20:30:02+00:00 DEBUG (7): Starting Order Import process for store: Admin (0)
2015-03-29T20:30:02+00:00 DEBUG (7): Starting Order Import process for store: International (3)
2015-03-29T20:30:02+00:00 DEBUG (7): Starting Order Import process for store: Retail (1)
2015-03-29T20:30:02+00:00 DEBUG (7): Starting Order Import process for store: Wholesale (2)
2015-03-29T20:45:02+00:00 DEBUG (7): Starting Order Import process for store: Admin (0)
2015-03-29T20:45:02+00:00 DEBUG (7): Starting Order Import process for store: International (3)
2015-03-29T20:45:02+00:00 DEBUG (7): Starting Order Import process for store: Retail (1)
2015-03-29T20:45:02+00:00 DEBUG (7): Starting Order Import process for store: Wholesale (2)
2015-03-29T21:00:02+00:00 DEBUG (7): Starting Order Import process for store: Admin (0)
2015-03-29T21:00:02+00:00 DEBUG (7): Starting Order Import process for store: International (3)
2015-03-29T21:00:02+00:00 DEBUG (7): Starting Order Import process for store: Retail (1)
2015-03-29T21:00:02+00:00 DEBUG (7): Starting Order Import process for store: Wholesale (2)
2015-03-29T21:15:02+00:00 DEBUG (7): Starting Order Import process for store: Admin (0)
2015-03-29T21:15:02+00:00 DEBUG (7): Starting Order Import process for store: International (3)
2015-03-29T21:15:02+00:00 DEBUG (7): Starting Order Import process for store: Retail (1)
2015-03-29T21:15:02+00:00 DEBUG (7): Starting Order Import process for store: Wholesale (2)
2015-03-29T21:30:02+00:00 DEBUG (7): Starting Order Import process for store: Admin (0)
2015-03-29T21:30:02+00:00 DEBUG (7): Starting Order Import process for store: International (3)
2015-03-29T21:30:02+00:00 DEBUG (7): Starting Order Import process for store: Retail (1)
2015-03-29T21:30:02+00:00 DEBUG (7): Starting Order Import process for store: Wholesale (2)
2015-03-29T21:45:02+00:00 DEBUG (7): Starting Order Import process for store: Admin (0)
2015-03-29T21:45:02+00:00 DEBUG (7): Starting Order Import process for store: International (3)
2015-03-29T21:45:02+00:00 DEBUG (7): Starting Order Import process for store: Retail (1)
2015-03-29T21:45:02+00:00 DEBUG (7): Starting Order Import process for store: Wholesale (2)
2015-03-29T22:00:02+00:00 DEBUG (7): Starting Order Import process for store: Admin (0)
2015-03-29T22:00:02+00:00 DEBUG (7): Starting Order Import process for store: International (3)
2015-03-29T22:00:02+00:00 DEBUG (7): Starting Order Import process for store: Retail (1)
2015-03-29T22:00:02+00:00 DEBUG (7): Starting Order Import process for store: Wholesale (2)
2015-03-29T22:15:02+00:00 DEBUG (7): Starting Order Import process for store: Admin (0)
2015-03-29T22:15:02+00:00 DEBUG (7): Starting Order Import process for store: International (3)
2015-03-29T22:15:02+00:00 DEBUG (7): Starting Order Import process for store: Retail (1)
2015-03-29T22:15:02+00:00 DEBUG (7): Starting Order Import process for store: Wholesale (2)
2015-03-29T22:35:02+00:00 DEBUG (7): Starting Order Import process for store: Admin (0)
2015-03-29T22:35:02+00:00 DEBUG (7): Starting Order Import process for store: International (3)
2015-03-29T22:35:02+00:00 DEBUG (7): Starting Order Import process for store: Retail (1)
2015-03-29T22:35:02+00:00 DEBUG (7): Starting Order Import process for store: Wholesale (2)
2015-03-29T22:45:02+00:00 DEBUG (7): Starting Order Import process for store: Admin (0)
2015-03-29T22:45:02+00:00 DEBUG (7): Starting Order Import process for store: International (3)
2015-03-29T22:45:02+00:00 DEBUG (7): Starting Order Import process for store: Retail (1)
2015-03-29T22:45:02+00:00 DEBUG (7): Starting Order Import process for store: Wholesale (2)
2015-03-29T23:00:02+00:00 DEBUG (7): Starting Order Import process for store: Admin (0)
2015-03-29T23:00:02+00:00 DEBUG (7): Starting Order Import process for store: International (3)
2015-03-29T23:00:02+00:00 DEBUG (7): Starting Order Import process for store: Retail (1)
2015-03-29T23:00:02+00:00 DEBUG (7): Starting Order Import process for store: Wholesale (2)
2015-03-29T23:15:02+00:00 DEBUG (7): Starting Order Import process for store: Admin (0)
2015-03-29T23:15:02+00:00 DEBUG (7): Starting Order Import process for store: International (3)
2015-03-29T23:15:02+00:00 DEBUG (7): Starting Order Import process for store: Retail (1)
2015-03-29T23:15:02+00:00 DEBUG (7): Starting Order Import process for store: Wholesale (2)
2015-03-29T23:30:02+00:00 DEBUG (7): Starting Order Import process for store: Admin (0)
2015-03-29T23:30:02+00:00 DEBUG (7): Starting Order Import process for store: International (3)
2015-03-29T23:30:02+00:00 DEBUG (7): Starting Order Import process for store: Retail (1)
2015-03-29T23:30:02+00:00 DEBUG (7):  Importing: New, Pending Payment, Processing, Complete, Payment Review
2015-03-29T23:30:02+00:00 DEBUG (7):   Deleting: Closed, Canceled, On Hold
2015-03-29T23:30:02+00:00 DEBUG (7):   Processing Order ID: 40929 	 #200033964
2015-03-29T23:30:04+00:00 DEBUG (7):   Flush resulted in 1 orders processed
2015-03-29T23:30:04+00:00 DEBUG (7):   Success: 1
2015-03-29T23:30:04+00:00 DEBUG (7):   Error:   0
2015-03-29T23:30:04+00:00 DEBUG (7):   Total:   1
2015-03-29T23:30:04+00:00 DEBUG (7): Starting Order Import process for store: Wholesale (2)
2015-03-29T23:45:02+00:00 DEBUG (7): Starting Order Import process for store: Admin (0)
2015-03-29T23:45:02+00:00 DEBUG (7): Starting Order Import process for store: International (3)
2015-03-29T23:45:02+00:00 DEBUG (7): Starting Order Import process for store: Retail (1)
2015-03-29T23:45:02+00:00 DEBUG (7): Starting Order Import process for store: Wholesale (2)
