2015-03-27T00:00:02+00:00 DEBUG (7): Starting Order Import process for store: Admin (0)
2015-03-27T00:00:02+00:00 DEBUG (7): Starting Order Import process for store: International (3)
2015-03-27T00:00:02+00:00 DEBUG (7): Starting Order Import process for store: Retail (1)
2015-03-27T00:00:03+00:00 DEBUG (7):  Importing: New, Pending Payment, Processing, Complete, Payment Review
2015-03-27T00:00:03+00:00 DEBUG (7):   Deleting: Closed, Canceled, On Hold
2015-03-27T00:00:03+00:00 DEBUG (7):   Processing Order ID: 40885 	 #200033919
2015-03-27T00:00:04+00:00 DEBUG (7):   Flush resulted in 1 orders processed
2015-03-27T00:00:04+00:00 DEBUG (7):   Success: 1
2015-03-27T00:00:04+00:00 DEBUG (7):   Error:   0
2015-03-27T00:00:04+00:00 DEBUG (7):   Total:   1
2015-03-27T00:00:04+00:00 DEBUG (7): Starting Order Import process for store: Wholesale (2)
2015-03-27T00:15:02+00:00 DEBUG (7): Starting Order Import process for store: Admin (0)
2015-03-27T00:15:02+00:00 DEBUG (7): Starting Order Import process for store: International (3)
2015-03-27T00:15:02+00:00 DEBUG (7): Starting Order Import process for store: Retail (1)
2015-03-27T00:15:02+00:00 DEBUG (7):  Importing: New, Pending Payment, Processing, Complete, Payment Review
2015-03-27T00:15:02+00:00 DEBUG (7):   Deleting: Closed, Canceled, On Hold
2015-03-27T00:15:02+00:00 DEBUG (7):   Processing Order ID: 40886 	 #200033920
2015-03-27T00:15:04+00:00 DEBUG (7):   Flush resulted in 1 orders processed
2015-03-27T00:15:04+00:00 DEBUG (7):   Success: 1
2015-03-27T00:15:04+00:00 DEBUG (7):   Error:   0
2015-03-27T00:15:04+00:00 DEBUG (7):   Total:   1
2015-03-27T00:15:04+00:00 DEBUG (7): Starting Order Import process for store: Wholesale (2)
2015-03-27T00:30:02+00:00 DEBUG (7): Starting Order Import process for store: Admin (0)
2015-03-27T00:30:02+00:00 DEBUG (7): Starting Order Import process for store: International (3)
2015-03-27T00:30:02+00:00 DEBUG (7): Starting Order Import process for store: Retail (1)
2015-03-27T00:30:02+00:00 DEBUG (7): Starting Order Import process for store: Wholesale (2)
2015-03-27T00:45:02+00:00 DEBUG (7): Starting Order Import process for store: Admin (0)
2015-03-27T00:45:02+00:00 DEBUG (7): Starting Order Import process for store: International (3)
2015-03-27T00:45:02+00:00 DEBUG (7): Starting Order Import process for store: Retail (1)
2015-03-27T00:45:02+00:00 DEBUG (7): Starting Order Import process for store: Wholesale (2)
2015-03-27T01:05:02+00:00 DEBUG (7): Starting Order Import process for store: Admin (0)
2015-03-27T01:05:02+00:00 DEBUG (7): Starting Order Import process for store: International (3)
2015-03-27T01:05:02+00:00 DEBUG (7): Starting Order Import process for store: Retail (1)
2015-03-27T01:05:02+00:00 DEBUG (7): Starting Order Import process for store: Wholesale (2)
2015-03-27T01:15:02+00:00 DEBUG (7): Starting Order Import process for store: Admin (0)
2015-03-27T01:15:02+00:00 DEBUG (7): Starting Order Import process for store: International (3)
2015-03-27T01:15:02+00:00 DEBUG (7): Starting Order Import process for store: Retail (1)
2015-03-27T01:15:02+00:00 DEBUG (7): Starting Order Import process for store: Wholesale (2)
2015-03-27T01:30:02+00:00 DEBUG (7): Starting Order Import process for store: Admin (0)
2015-03-27T01:30:02+00:00 DEBUG (7): Starting Order Import process for store: International (3)
2015-03-27T01:30:02+00:00 DEBUG (7): Starting Order Import process for store: Retail (1)
2015-03-27T01:30:02+00:00 DEBUG (7):  Importing: New, Pending Payment, Processing, Complete, Payment Review
2015-03-27T01:30:02+00:00 DEBUG (7):   Deleting: Closed, Canceled, On Hold
2015-03-27T01:30:02+00:00 DEBUG (7):   Processing Order ID: 40887 	 #200033921
2015-03-27T01:30:04+00:00 DEBUG (7):   Flush resulted in 1 orders processed
2015-03-27T01:30:04+00:00 DEBUG (7):   Success: 1
2015-03-27T01:30:04+00:00 DEBUG (7):   Error:   0
2015-03-27T01:30:04+00:00 DEBUG (7):   Total:   1
2015-03-27T01:30:04+00:00 DEBUG (7): Starting Order Import process for store: Wholesale (2)
2015-03-27T01:45:02+00:00 DEBUG (7): Starting Order Import process for store: Admin (0)
2015-03-27T01:45:02+00:00 DEBUG (7): Starting Order Import process for store: International (3)
2015-03-27T01:45:02+00:00 DEBUG (7): Starting Order Import process for store: Retail (1)
2015-03-27T01:45:02+00:00 DEBUG (7): Starting Order Import process for store: Wholesale (2)
2015-03-27T02:00:02+00:00 DEBUG (7): Starting Order Import process for store: Admin (0)
2015-03-27T02:00:02+00:00 DEBUG (7): Starting Order Import process for store: International (3)
2015-03-27T02:00:02+00:00 DEBUG (7): Starting Order Import process for store: Retail (1)
2015-03-27T02:00:02+00:00 DEBUG (7): Starting Order Import process for store: Wholesale (2)
2015-03-27T02:15:02+00:00 DEBUG (7): Starting Order Import process for store: Admin (0)
2015-03-27T02:15:02+00:00 DEBUG (7): Starting Order Import process for store: International (3)
2015-03-27T02:15:02+00:00 DEBUG (7): Starting Order Import process for store: Retail (1)
2015-03-27T02:15:02+00:00 DEBUG (7): Starting Order Import process for store: Wholesale (2)
2015-03-27T02:30:02+00:00 DEBUG (7): Starting Order Import process for store: Admin (0)
2015-03-27T02:30:02+00:00 DEBUG (7): Starting Order Import process for store: International (3)
2015-03-27T02:30:02+00:00 DEBUG (7): Starting Order Import process for store: Retail (1)
2015-03-27T02:30:02+00:00 DEBUG (7): Starting Order Import process for store: Wholesale (2)
2015-03-27T02:45:02+00:00 DEBUG (7): Starting Order Import process for store: Admin (0)
2015-03-27T02:45:02+00:00 DEBUG (7): Starting Order Import process for store: International (3)
2015-03-27T02:45:02+00:00 DEBUG (7): Starting Order Import process for store: Retail (1)
2015-03-27T02:45:02+00:00 DEBUG (7): Starting Order Import process for store: Wholesale (2)
2015-03-27T03:05:03+00:00 DEBUG (7): Starting Order Import process for store: Admin (0)
2015-03-27T03:05:03+00:00 DEBUG (7): Starting Order Import process for store: International (3)
2015-03-27T03:05:03+00:00 DEBUG (7): Starting Order Import process for store: Retail (1)
2015-03-27T03:05:03+00:00 DEBUG (7): Starting Order Import process for store: Wholesale (2)
2015-03-27T03:15:02+00:00 DEBUG (7): Starting Order Import process for store: Admin (0)
2015-03-27T03:15:02+00:00 DEBUG (7): Starting Order Import process for store: International (3)
2015-03-27T03:15:02+00:00 DEBUG (7): Starting Order Import process for store: Retail (1)
2015-03-27T03:15:02+00:00 DEBUG (7): Starting Order Import process for store: Wholesale (2)
2015-03-27T03:30:02+00:00 DEBUG (7): Starting Order Import process for store: Admin (0)
2015-03-27T03:30:02+00:00 DEBUG (7): Starting Order Import process for store: International (3)
2015-03-27T03:30:02+00:00 DEBUG (7): Starting Order Import process for store: Retail (1)
2015-03-27T03:30:02+00:00 DEBUG (7): Starting Order Import process for store: Wholesale (2)
2015-03-27T03:45:03+00:00 DEBUG (7): Starting Order Import process for store: Admin (0)
2015-03-27T03:45:03+00:00 DEBUG (7): Starting Order Import process for store: International (3)
2015-03-27T03:45:03+00:00 DEBUG (7): Starting Order Import process for store: Retail (1)
2015-03-27T03:45:03+00:00 DEBUG (7): Starting Order Import process for store: Wholesale (2)
2015-03-27T04:00:02+00:00 DEBUG (7): Starting Order Import process for store: Admin (0)
2015-03-27T04:00:02+00:00 DEBUG (7): Starting Order Import process for store: International (3)
2015-03-27T04:00:02+00:00 DEBUG (7): Starting Order Import process for store: Retail (1)
2015-03-27T04:00:02+00:00 DEBUG (7): Starting Order Import process for store: Wholesale (2)
2015-03-27T04:15:02+00:00 DEBUG (7): Starting Order Import process for store: Admin (0)
2015-03-27T04:15:02+00:00 DEBUG (7): Starting Order Import process for store: International (3)
2015-03-27T04:15:02+00:00 DEBUG (7): Starting Order Import process for store: Retail (1)
2015-03-27T04:15:02+00:00 DEBUG (7): Starting Order Import process for store: Wholesale (2)
2015-03-27T04:30:02+00:00 DEBUG (7): Starting Order Import process for store: Admin (0)
2015-03-27T04:30:02+00:00 DEBUG (7): Starting Order Import process for store: International (3)
2015-03-27T04:30:02+00:00 DEBUG (7): Starting Order Import process for store: Retail (1)
2015-03-27T04:30:02+00:00 DEBUG (7): Starting Order Import process for store: Wholesale (2)
2015-03-27T04:45:02+00:00 DEBUG (7): Starting Order Import process for store: Admin (0)
2015-03-27T04:45:02+00:00 DEBUG (7): Starting Order Import process for store: International (3)
2015-03-27T04:45:02+00:00 DEBUG (7): Starting Order Import process for store: Retail (1)
2015-03-27T04:45:02+00:00 DEBUG (7): Starting Order Import process for store: Wholesale (2)
2015-03-27T05:00:02+00:00 DEBUG (7): Starting Order Import process for store: Admin (0)
2015-03-27T05:00:02+00:00 DEBUG (7): Starting Order Import process for store: International (3)
2015-03-27T05:00:02+00:00 DEBUG (7): Starting Order Import process for store: Retail (1)
2015-03-27T05:00:02+00:00 DEBUG (7): Starting Order Import process for store: Wholesale (2)
2015-03-27T05:20:02+00:00 DEBUG (7): Starting Order Import process for store: Admin (0)
2015-03-27T05:20:02+00:00 DEBUG (7): Starting Order Import process for store: International (3)
2015-03-27T05:20:02+00:00 DEBUG (7): Starting Order Import process for store: Retail (1)
2015-03-27T05:20:02+00:00 DEBUG (7): Starting Order Import process for store: Wholesale (2)
2015-03-27T05:30:02+00:00 DEBUG (7): Starting Order Import process for store: Admin (0)
2015-03-27T05:30:02+00:00 DEBUG (7): Starting Order Import process for store: International (3)
2015-03-27T05:30:02+00:00 DEBUG (7): Starting Order Import process for store: Retail (1)
2015-03-27T05:30:02+00:00 DEBUG (7): Starting Order Import process for store: Wholesale (2)
2015-03-27T05:45:02+00:00 DEBUG (7): Starting Order Import process for store: Admin (0)
2015-03-27T05:45:02+00:00 DEBUG (7): Starting Order Import process for store: International (3)
2015-03-27T05:45:02+00:00 DEBUG (7): Starting Order Import process for store: Retail (1)
2015-03-27T05:45:02+00:00 DEBUG (7): Starting Order Import process for store: Wholesale (2)
2015-03-27T06:00:02+00:00 DEBUG (7): Starting Order Import process for store: Admin (0)
2015-03-27T06:00:02+00:00 DEBUG (7): Starting Order Import process for store: International (3)
2015-03-27T06:00:02+00:00 DEBUG (7): Starting Order Import process for store: Retail (1)
2015-03-27T06:00:02+00:00 DEBUG (7): Starting Order Import process for store: Wholesale (2)
2015-03-27T06:15:02+00:00 DEBUG (7): Starting Order Import process for store: Admin (0)
2015-03-27T06:15:02+00:00 DEBUG (7): Starting Order Import process for store: International (3)
2015-03-27T06:15:02+00:00 DEBUG (7): Starting Order Import process for store: Retail (1)
2015-03-27T06:15:02+00:00 DEBUG (7): Starting Order Import process for store: Wholesale (2)
2015-03-27T06:30:02+00:00 DEBUG (7): Starting Order Import process for store: Admin (0)
2015-03-27T06:30:02+00:00 DEBUG (7): Starting Order Import process for store: International (3)
2015-03-27T06:30:02+00:00 DEBUG (7): Starting Order Import process for store: Retail (1)
2015-03-27T06:30:02+00:00 DEBUG (7): Starting Order Import process for store: Wholesale (2)
2015-03-27T06:45:02+00:00 DEBUG (7): Starting Order Import process for store: Admin (0)
2015-03-27T06:45:02+00:00 DEBUG (7): Starting Order Import process for store: International (3)
2015-03-27T06:45:02+00:00 DEBUG (7): Starting Order Import process for store: Retail (1)
2015-03-27T06:45:02+00:00 DEBUG (7): Starting Order Import process for store: Wholesale (2)
2015-03-27T07:05:12+00:00 DEBUG (7): Starting Order Import process for store: Admin (0)
2015-03-27T07:05:12+00:00 DEBUG (7): Starting Order Import process for store: International (3)
2015-03-27T07:05:12+00:00 DEBUG (7): Starting Order Import process for store: Retail (1)
2015-03-27T07:05:12+00:00 DEBUG (7): Starting Order Import process for store: Wholesale (2)
2015-03-27T07:15:02+00:00 DEBUG (7): Starting Order Import process for store: Admin (0)
2015-03-27T07:15:02+00:00 DEBUG (7): Starting Order Import process for store: International (3)
2015-03-27T07:15:02+00:00 DEBUG (7): Starting Order Import process for store: Retail (1)
2015-03-27T07:15:02+00:00 DEBUG (7): Starting Order Import process for store: Wholesale (2)
2015-03-27T07:30:03+00:00 DEBUG (7): Starting Order Import process for store: Admin (0)
2015-03-27T07:30:03+00:00 DEBUG (7): Starting Order Import process for store: International (3)
2015-03-27T07:30:03+00:00 DEBUG (7): Starting Order Import process for store: Retail (1)
2015-03-27T07:30:03+00:00 DEBUG (7): Starting Order Import process for store: Wholesale (2)
2015-03-27T07:45:03+00:00 DEBUG (7): Starting Order Import process for store: Admin (0)
2015-03-27T07:45:03+00:00 DEBUG (7): Starting Order Import process for store: International (3)
2015-03-27T07:45:03+00:00 DEBUG (7): Starting Order Import process for store: Retail (1)
2015-03-27T07:45:03+00:00 DEBUG (7): Starting Order Import process for store: Wholesale (2)
2015-03-27T08:00:30+00:00 DEBUG (7): Starting Order Import process for store: Admin (0)
2015-03-27T08:00:30+00:00 DEBUG (7): Starting Order Import process for store: International (3)
2015-03-27T08:00:30+00:00 DEBUG (7): Starting Order Import process for store: Retail (1)
2015-03-27T08:00:30+00:00 DEBUG (7): Starting Order Import process for store: Wholesale (2)
2015-03-27T08:15:02+00:00 DEBUG (7): Starting Order Import process for store: Admin (0)
2015-03-27T08:15:02+00:00 DEBUG (7): Starting Order Import process for store: International (3)
2015-03-27T08:15:03+00:00 DEBUG (7): Starting Order Import process for store: Retail (1)
2015-03-27T08:15:03+00:00 DEBUG (7): Starting Order Import process for store: Wholesale (2)
2015-03-27T08:30:02+00:00 DEBUG (7): Starting Order Import process for store: Admin (0)
2015-03-27T08:30:02+00:00 DEBUG (7): Starting Order Import process for store: International (3)
2015-03-27T08:30:02+00:00 DEBUG (7): Starting Order Import process for store: Retail (1)
2015-03-27T08:30:02+00:00 DEBUG (7):  Importing: New, Pending Payment, Processing, Complete, Payment Review
2015-03-27T08:30:02+00:00 DEBUG (7):   Deleting: Closed, Canceled, On Hold
2015-03-27T08:30:02+00:00 DEBUG (7):   Processing Order ID: 40888 	 #200033924
2015-03-27T08:30:04+00:00 DEBUG (7):   Flush resulted in 1 orders processed
2015-03-27T08:30:04+00:00 DEBUG (7):   Success: 1
2015-03-27T08:30:04+00:00 DEBUG (7):   Error:   0
2015-03-27T08:30:04+00:00 DEBUG (7):   Total:   1
2015-03-27T08:30:04+00:00 DEBUG (7): Starting Order Import process for store: Wholesale (2)
2015-03-27T08:45:02+00:00 DEBUG (7): Starting Order Import process for store: Admin (0)
2015-03-27T08:45:02+00:00 DEBUG (7): Starting Order Import process for store: International (3)
2015-03-27T08:45:02+00:00 DEBUG (7): Starting Order Import process for store: Retail (1)
2015-03-27T08:45:02+00:00 DEBUG (7): Starting Order Import process for store: Wholesale (2)
2015-03-27T09:05:07+00:00 DEBUG (7): Starting Order Import process for store: Admin (0)
2015-03-27T09:05:07+00:00 DEBUG (7): Starting Order Import process for store: International (3)
2015-03-27T09:05:07+00:00 DEBUG (7): Starting Order Import process for store: Retail (1)
2015-03-27T09:05:07+00:00 DEBUG (7): Starting Order Import process for store: Wholesale (2)
2015-03-27T09:15:02+00:00 DEBUG (7): Starting Order Import process for store: Admin (0)
2015-03-27T09:15:02+00:00 DEBUG (7): Starting Order Import process for store: International (3)
2015-03-27T09:15:02+00:00 DEBUG (7): Starting Order Import process for store: Retail (1)
2015-03-27T09:15:02+00:00 DEBUG (7): Starting Order Import process for store: Wholesale (2)
2015-03-27T09:30:02+00:00 DEBUG (7): Starting Order Import process for store: Admin (0)
2015-03-27T09:30:02+00:00 DEBUG (7): Starting Order Import process for store: International (3)
2015-03-27T09:30:02+00:00 DEBUG (7): Starting Order Import process for store: Retail (1)
2015-03-27T09:30:02+00:00 DEBUG (7): Starting Order Import process for store: Wholesale (2)
2015-03-27T09:45:02+00:00 DEBUG (7): Starting Order Import process for store: Admin (0)
2015-03-27T09:45:02+00:00 DEBUG (7): Starting Order Import process for store: International (3)
2015-03-27T09:45:02+00:00 DEBUG (7): Starting Order Import process for store: Retail (1)
2015-03-27T09:45:02+00:00 DEBUG (7): Starting Order Import process for store: Wholesale (2)
2015-03-27T10:00:02+00:00 DEBUG (7): Starting Order Import process for store: Admin (0)
2015-03-27T10:00:02+00:00 DEBUG (7): Starting Order Import process for store: International (3)
2015-03-27T10:00:02+00:00 DEBUG (7): Starting Order Import process for store: Retail (1)
2015-03-27T10:00:02+00:00 DEBUG (7): Starting Order Import process for store: Wholesale (2)
2015-03-27T10:15:02+00:00 DEBUG (7): Starting Order Import process for store: Admin (0)
2015-03-27T10:15:02+00:00 DEBUG (7): Starting Order Import process for store: International (3)
2015-03-27T10:15:02+00:00 DEBUG (7): Starting Order Import process for store: Retail (1)
2015-03-27T10:15:02+00:00 DEBUG (7): Starting Order Import process for store: Wholesale (2)
2015-03-27T10:30:02+00:00 DEBUG (7): Starting Order Import process for store: Admin (0)
2015-03-27T10:30:02+00:00 DEBUG (7): Starting Order Import process for store: International (3)
2015-03-27T10:30:02+00:00 DEBUG (7): Starting Order Import process for store: Retail (1)
2015-03-27T10:30:02+00:00 DEBUG (7):  Importing: New, Pending Payment, Processing, Complete, Payment Review
2015-03-27T10:30:02+00:00 DEBUG (7):   Deleting: Closed, Canceled, On Hold
2015-03-27T10:30:02+00:00 DEBUG (7):   Processing Order ID: 40889 	 #200033925
2015-03-27T10:30:04+00:00 DEBUG (7):   Flush resulted in 1 orders processed
2015-03-27T10:30:04+00:00 DEBUG (7):   Success: 1
2015-03-27T10:30:04+00:00 DEBUG (7):   Error:   0
2015-03-27T10:30:04+00:00 DEBUG (7):   Total:   1
2015-03-27T10:30:04+00:00 DEBUG (7): Starting Order Import process for store: Wholesale (2)
2015-03-27T10:45:02+00:00 DEBUG (7): Starting Order Import process for store: Admin (0)
2015-03-27T10:45:02+00:00 DEBUG (7): Starting Order Import process for store: International (3)
2015-03-27T10:45:02+00:00 DEBUG (7): Starting Order Import process for store: Retail (1)
2015-03-27T10:45:02+00:00 DEBUG (7): Starting Order Import process for store: Wholesale (2)
2015-03-27T11:00:03+00:00 DEBUG (7): Starting Order Import process for store: Admin (0)
2015-03-27T11:00:03+00:00 DEBUG (7): Starting Order Import process for store: International (3)
2015-03-27T11:00:03+00:00 DEBUG (7): Starting Order Import process for store: Retail (1)
2015-03-27T11:00:03+00:00 DEBUG (7): Starting Order Import process for store: Wholesale (2)
2015-03-27T11:15:02+00:00 DEBUG (7): Starting Order Import process for store: Admin (0)
2015-03-27T11:15:02+00:00 DEBUG (7): Starting Order Import process for store: International (3)
2015-03-27T11:15:02+00:00 DEBUG (7): Starting Order Import process for store: Retail (1)
2015-03-27T11:15:02+00:00 DEBUG (7): Starting Order Import process for store: Wholesale (2)
2015-03-27T11:30:02+00:00 DEBUG (7): Starting Order Import process for store: Admin (0)
2015-03-27T11:30:02+00:00 DEBUG (7): Starting Order Import process for store: International (3)
2015-03-27T11:30:02+00:00 DEBUG (7): Starting Order Import process for store: Retail (1)
2015-03-27T11:30:02+00:00 DEBUG (7): Starting Order Import process for store: Wholesale (2)
2015-03-27T11:45:02+00:00 DEBUG (7): Starting Order Import process for store: Admin (0)
2015-03-27T11:45:02+00:00 DEBUG (7): Starting Order Import process for store: International (3)
2015-03-27T11:45:02+00:00 DEBUG (7): Starting Order Import process for store: Retail (1)
2015-03-27T11:45:02+00:00 DEBUG (7): Starting Order Import process for store: Wholesale (2)
2015-03-27T12:00:04+00:00 DEBUG (7): Starting Order Import process for store: Admin (0)
2015-03-27T12:00:04+00:00 DEBUG (7): Starting Order Import process for store: International (3)
2015-03-27T12:00:04+00:00 DEBUG (7): Starting Order Import process for store: Retail (1)
2015-03-27T12:00:04+00:00 DEBUG (7): Starting Order Import process for store: Wholesale (2)
2015-03-27T12:15:02+00:00 DEBUG (7): Starting Order Import process for store: Admin (0)
2015-03-27T12:15:02+00:00 DEBUG (7): Starting Order Import process for store: International (3)
2015-03-27T12:15:02+00:00 DEBUG (7): Starting Order Import process for store: Retail (1)
2015-03-27T12:15:02+00:00 DEBUG (7): Starting Order Import process for store: Wholesale (2)
2015-03-27T12:35:02+00:00 DEBUG (7): Starting Order Import process for store: Admin (0)
2015-03-27T12:35:02+00:00 DEBUG (7): Starting Order Import process for store: International (3)
2015-03-27T12:35:02+00:00 DEBUG (7): Starting Order Import process for store: Retail (1)
2015-03-27T12:35:02+00:00 DEBUG (7): Starting Order Import process for store: Wholesale (2)
2015-03-27T12:45:02+00:00 DEBUG (7): Starting Order Import process for store: Admin (0)
2015-03-27T12:45:03+00:00 DEBUG (7): Starting Order Import process for store: International (3)
2015-03-27T12:45:03+00:00 DEBUG (7): Starting Order Import process for store: Retail (1)
2015-03-27T12:45:03+00:00 DEBUG (7): Starting Order Import process for store: Wholesale (2)
2015-03-27T13:00:02+00:00 DEBUG (7): Starting Order Import process for store: Admin (0)
2015-03-27T13:00:02+00:00 DEBUG (7): Starting Order Import process for store: International (3)
2015-03-27T13:00:02+00:00 DEBUG (7): Starting Order Import process for store: Retail (1)
2015-03-27T13:00:02+00:00 DEBUG (7): Starting Order Import process for store: Wholesale (2)
2015-03-27T13:15:02+00:00 DEBUG (7): Starting Order Import process for store: Admin (0)
2015-03-27T13:15:02+00:00 DEBUG (7): Starting Order Import process for store: International (3)
2015-03-27T13:15:02+00:00 DEBUG (7): Starting Order Import process for store: Retail (1)
2015-03-27T13:15:02+00:00 DEBUG (7): Starting Order Import process for store: Wholesale (2)
2015-03-27T13:30:02+00:00 DEBUG (7): Starting Order Import process for store: Admin (0)
2015-03-27T13:30:02+00:00 DEBUG (7): Starting Order Import process for store: International (3)
2015-03-27T13:30:02+00:00 DEBUG (7): Starting Order Import process for store: Retail (1)
2015-03-27T13:30:02+00:00 DEBUG (7): Starting Order Import process for store: Wholesale (2)
2015-03-27T13:45:02+00:00 DEBUG (7): Starting Order Import process for store: Admin (0)
2015-03-27T13:45:02+00:00 DEBUG (7): Starting Order Import process for store: International (3)
2015-03-27T13:45:02+00:00 DEBUG (7): Starting Order Import process for store: Retail (1)
2015-03-27T13:45:02+00:00 DEBUG (7): Starting Order Import process for store: Wholesale (2)
2015-03-27T14:00:02+00:00 DEBUG (7): Starting Order Import process for store: Admin (0)
2015-03-27T14:00:02+00:00 DEBUG (7): Starting Order Import process for store: International (3)
2015-03-27T14:00:02+00:00 DEBUG (7): Starting Order Import process for store: Retail (1)
2015-03-27T14:00:02+00:00 DEBUG (7): Starting Order Import process for store: Wholesale (2)
2015-03-27T14:15:02+00:00 DEBUG (7): Starting Order Import process for store: Admin (0)
2015-03-27T14:15:02+00:00 DEBUG (7): Starting Order Import process for store: International (3)
2015-03-27T14:15:02+00:00 DEBUG (7): Starting Order Import process for store: Retail (1)
2015-03-27T14:15:02+00:00 DEBUG (7): Starting Order Import process for store: Wholesale (2)
2015-03-27T14:30:03+00:00 DEBUG (7): Starting Order Import process for store: Admin (0)
2015-03-27T14:30:03+00:00 DEBUG (7): Starting Order Import process for store: International (3)
2015-03-27T14:30:03+00:00 DEBUG (7): Starting Order Import process for store: Retail (1)
2015-03-27T14:30:03+00:00 DEBUG (7): Starting Order Import process for store: Wholesale (2)
2015-03-27T14:45:02+00:00 DEBUG (7): Starting Order Import process for store: Admin (0)
2015-03-27T14:45:02+00:00 DEBUG (7): Starting Order Import process for store: International (3)
2015-03-27T14:45:02+00:00 DEBUG (7): Starting Order Import process for store: Retail (1)
2015-03-27T14:45:02+00:00 DEBUG (7): Starting Order Import process for store: Wholesale (2)
2015-03-27T15:00:02+00:00 DEBUG (7): Starting Order Import process for store: Admin (0)
2015-03-27T15:00:02+00:00 DEBUG (7): Starting Order Import process for store: International (3)
2015-03-27T15:00:02+00:00 DEBUG (7): Starting Order Import process for store: Retail (1)
2015-03-27T15:00:02+00:00 DEBUG (7): Starting Order Import process for store: Wholesale (2)
2015-03-27T15:15:03+00:00 DEBUG (7): Starting Order Import process for store: Admin (0)
2015-03-27T15:15:03+00:00 DEBUG (7): Starting Order Import process for store: International (3)
2015-03-27T15:15:03+00:00 DEBUG (7): Starting Order Import process for store: Retail (1)
2015-03-27T15:15:03+00:00 DEBUG (7):  Importing: New, Pending Payment, Processing, Complete, Payment Review
2015-03-27T15:15:03+00:00 DEBUG (7):   Deleting: Closed, Canceled, On Hold
2015-03-27T15:15:03+00:00 DEBUG (7):   Processing Order ID: 40890 	 #200033926
2015-03-27T15:15:05+00:00 DEBUG (7):   Flush resulted in 1 orders processed
2015-03-27T15:15:05+00:00 DEBUG (7):   Success: 1
2015-03-27T15:15:05+00:00 DEBUG (7):   Error:   0
2015-03-27T15:15:05+00:00 DEBUG (7):   Total:   1
2015-03-27T15:15:05+00:00 DEBUG (7): Starting Order Import process for store: Wholesale (2)
2015-03-27T15:30:02+00:00 DEBUG (7): Starting Order Import process for store: Admin (0)
2015-03-27T15:30:02+00:00 DEBUG (7): Starting Order Import process for store: International (3)
2015-03-27T15:30:02+00:00 DEBUG (7): Starting Order Import process for store: Retail (1)
2015-03-27T15:30:03+00:00 DEBUG (7): Starting Order Import process for store: Wholesale (2)
2015-03-27T15:30:03+00:00 DEBUG (7):  Importing: New, Pending Payment, Processing, Complete, Payment Review
2015-03-27T15:30:03+00:00 DEBUG (7):   Deleting: Closed, Canceled, On Hold
2015-03-27T15:30:03+00:00 DEBUG (7):   Processing Order ID: 40894 	 #250007311
2015-03-27T15:30:03+00:00 DEBUG (7):   Processing Order ID: 40893 	 #250007310
2015-03-27T15:30:03+00:00 DEBUG (7):   Processing Order ID: 40891 	 #250007308
2015-03-27T15:30:03+00:00 DEBUG (7):   Processing Order ID: 40892 	 #250007309
2015-03-27T15:30:05+00:00 DEBUG (7):   Flush resulted in 4 orders processed
2015-03-27T15:30:05+00:00 DEBUG (7):   Success: 4
2015-03-27T15:30:05+00:00 DEBUG (7):   Error:   0
2015-03-27T15:30:05+00:00 DEBUG (7):   Total:   4
2015-03-27T15:45:02+00:00 DEBUG (7): Starting Order Import process for store: Admin (0)
2015-03-27T15:45:02+00:00 DEBUG (7): Starting Order Import process for store: International (3)
2015-03-27T15:45:02+00:00 DEBUG (7): Starting Order Import process for store: Retail (1)
2015-03-27T15:45:02+00:00 DEBUG (7): Starting Order Import process for store: Wholesale (2)
2015-03-27T16:05:02+00:00 DEBUG (7): Starting Order Import process for store: Admin (0)
2015-03-27T16:05:02+00:00 DEBUG (7): Starting Order Import process for store: International (3)
2015-03-27T16:05:02+00:00 DEBUG (7): Starting Order Import process for store: Retail (1)
2015-03-27T16:05:02+00:00 DEBUG (7):  Importing: New, Pending Payment, Processing, Complete, Payment Review
2015-03-27T16:05:02+00:00 DEBUG (7):   Deleting: Closed, Canceled, On Hold
2015-03-27T16:05:02+00:00 DEBUG (7):   Processing Order ID: 40897 	 #200033929
2015-03-27T16:05:03+00:00 DEBUG (7):   Processing Order ID: 40896 	 #200033928
2015-03-27T16:05:03+00:00 DEBUG (7):   Processing Order ID: 40895 	 #200033927
2015-03-27T16:05:08+00:00 DEBUG (7):   Flush resulted in 3 orders processed
2015-03-27T16:05:08+00:00 DEBUG (7):   Success: 3
2015-03-27T16:05:08+00:00 DEBUG (7):   Error:   0
2015-03-27T16:05:08+00:00 DEBUG (7):   Total:   3
2015-03-27T16:05:08+00:00 DEBUG (7): Starting Order Import process for store: Wholesale (2)
2015-03-27T16:05:08+00:00 DEBUG (7):  Importing: New, Pending Payment, Processing, Complete, Payment Review
2015-03-27T16:05:08+00:00 DEBUG (7):   Deleting: Closed, Canceled, On Hold
2015-03-27T16:05:08+00:00 DEBUG (7):   Processing Order ID: 40411 	 #250007151
2015-03-27T16:05:08+00:00 DEBUG (7):   Processing Order ID: 40892 	 #250007309
2015-03-27T16:05:09+00:00 DEBUG (7):   Successfully deleted order...
2015-03-27T16:05:09+00:00 DEBUG (7):   Processing Order ID: 40893 	 #250007310
2015-03-27T16:05:09+00:00 DEBUG (7):   Successfully deleted order...
2015-03-27T16:05:10+00:00 DEBUG (7):   Flush resulted in 1 orders processed
2015-03-27T16:05:10+00:00 DEBUG (7):   Success: 3
2015-03-27T16:05:10+00:00 DEBUG (7):   Error:   0
2015-03-27T16:05:10+00:00 DEBUG (7):   Total:   3
2015-03-27T16:15:02+00:00 DEBUG (7): Starting Order Import process for store: Admin (0)
2015-03-27T16:15:02+00:00 DEBUG (7): Starting Order Import process for store: International (3)
2015-03-27T16:15:02+00:00 DEBUG (7): Starting Order Import process for store: Retail (1)
2015-03-27T16:15:02+00:00 DEBUG (7): Starting Order Import process for store: Wholesale (2)
2015-03-27T16:30:02+00:00 DEBUG (7): Starting Order Import process for store: Admin (0)
2015-03-27T16:30:02+00:00 DEBUG (7): Starting Order Import process for store: International (3)
2015-03-27T16:30:02+00:00 DEBUG (7): Starting Order Import process for store: Retail (1)
2015-03-27T16:30:02+00:00 DEBUG (7): Starting Order Import process for store: Wholesale (2)
2015-03-27T16:45:02+00:00 DEBUG (7): Starting Order Import process for store: Admin (0)
2015-03-27T16:45:02+00:00 DEBUG (7): Starting Order Import process for store: International (3)
2015-03-27T16:45:02+00:00 DEBUG (7): Starting Order Import process for store: Retail (1)
2015-03-27T16:45:02+00:00 DEBUG (7): Starting Order Import process for store: Wholesale (2)
2015-03-27T17:00:03+00:00 DEBUG (7): Starting Order Import process for store: Admin (0)
2015-03-27T17:00:03+00:00 DEBUG (7): Starting Order Import process for store: International (3)
2015-03-27T17:00:03+00:00 DEBUG (7): Starting Order Import process for store: Retail (1)
2015-03-27T17:00:03+00:00 DEBUG (7):  Importing: New, Pending Payment, Processing, Complete, Payment Review
2015-03-27T17:00:03+00:00 DEBUG (7):   Deleting: Closed, Canceled, On Hold
2015-03-27T17:00:03+00:00 DEBUG (7):   Processing Order ID: 40898 	 #200033930
2015-03-27T17:00:05+00:00 DEBUG (7):   Flush resulted in 1 orders processed
2015-03-27T17:00:05+00:00 DEBUG (7):   Success: 1
2015-03-27T17:00:05+00:00 DEBUG (7):   Error:   0
2015-03-27T17:00:05+00:00 DEBUG (7):   Total:   1
2015-03-27T17:00:05+00:00 DEBUG (7): Starting Order Import process for store: Wholesale (2)
2015-03-27T17:15:02+00:00 DEBUG (7): Starting Order Import process for store: Admin (0)
2015-03-27T17:15:02+00:00 DEBUG (7): Starting Order Import process for store: International (3)
2015-03-27T17:15:02+00:00 DEBUG (7): Starting Order Import process for store: Retail (1)
2015-03-27T17:15:02+00:00 DEBUG (7): Starting Order Import process for store: Wholesale (2)
2015-03-27T17:30:02+00:00 DEBUG (7): Starting Order Import process for store: Admin (0)
2015-03-27T17:30:02+00:00 DEBUG (7): Starting Order Import process for store: International (3)
2015-03-27T17:30:02+00:00 DEBUG (7): Starting Order Import process for store: Retail (1)
2015-03-27T17:30:02+00:00 DEBUG (7): Starting Order Import process for store: Wholesale (2)
2015-03-27T17:45:02+00:00 DEBUG (7): Starting Order Import process for store: Admin (0)
2015-03-27T17:45:02+00:00 DEBUG (7): Starting Order Import process for store: International (3)
2015-03-27T17:45:02+00:00 DEBUG (7): Starting Order Import process for store: Retail (1)
2015-03-27T17:45:02+00:00 DEBUG (7): Starting Order Import process for store: Wholesale (2)
2015-03-27T17:45:02+00:00 DEBUG (7):  Importing: New, Pending Payment, Processing, Complete, Payment Review
2015-03-27T17:45:02+00:00 DEBUG (7):   Deleting: Closed, Canceled, On Hold
2015-03-27T17:45:02+00:00 DEBUG (7):   Processing Order ID: 40894 	 #250007311
2015-03-27T17:45:02+00:00 DEBUG (7):   Processing Order ID: 40891 	 #250007308
2015-03-27T17:45:08+00:00 DEBUG (7):   Flush resulted in 2 orders processed
2015-03-27T17:45:08+00:00 DEBUG (7):   Success: 2
2015-03-27T17:45:08+00:00 DEBUG (7):   Error:   0
2015-03-27T17:45:08+00:00 DEBUG (7):   Total:   2
2015-03-27T18:00:02+00:00 DEBUG (7): Starting Order Import process for store: Admin (0)
2015-03-27T18:00:02+00:00 DEBUG (7): Starting Order Import process for store: International (3)
2015-03-27T18:00:02+00:00 DEBUG (7): Starting Order Import process for store: Retail (1)
2015-03-27T18:00:02+00:00 DEBUG (7): Starting Order Import process for store: Wholesale (2)
2015-03-27T18:00:02+00:00 DEBUG (7):  Importing: New, Pending Payment, Processing, Complete, Payment Review
2015-03-27T18:00:02+00:00 DEBUG (7):   Deleting: Closed, Canceled, On Hold
2015-03-27T18:00:02+00:00 DEBUG (7):   Processing Order ID: 40412 	 #250007152
2015-03-27T18:00:03+00:00 DEBUG (7):   Flush resulted in 1 orders processed
2015-03-27T18:00:03+00:00 DEBUG (7):   Success: 1
2015-03-27T18:00:03+00:00 DEBUG (7):   Error:   0
2015-03-27T18:00:03+00:00 DEBUG (7):   Total:   1
2015-03-27T18:15:04+00:00 DEBUG (7): Starting Order Import process for store: Admin (0)
2015-03-27T18:15:04+00:00 DEBUG (7): Starting Order Import process for store: International (3)
2015-03-27T18:15:04+00:00 DEBUG (7): Starting Order Import process for store: Retail (1)
2015-03-27T18:15:04+00:00 DEBUG (7):  Importing: New, Pending Payment, Processing, Complete, Payment Review
2015-03-27T18:15:04+00:00 DEBUG (7):   Deleting: Closed, Canceled, On Hold
2015-03-27T18:15:04+00:00 DEBUG (7):   Processing Order ID: 40899 	 #200033931
2015-03-27T18:15:06+00:00 DEBUG (7):   Flush resulted in 1 orders processed
2015-03-27T18:15:06+00:00 DEBUG (7):   Success: 1
2015-03-27T18:15:06+00:00 DEBUG (7):   Error:   0
2015-03-27T18:15:06+00:00 DEBUG (7):   Total:   1
2015-03-27T18:15:06+00:00 DEBUG (7): Starting Order Import process for store: Wholesale (2)
2015-03-27T18:35:03+00:00 DEBUG (7): Starting Order Import process for store: Admin (0)
2015-03-27T18:35:03+00:00 DEBUG (7): Starting Order Import process for store: International (3)
2015-03-27T18:35:03+00:00 DEBUG (7): Starting Order Import process for store: Retail (1)
2015-03-27T18:35:03+00:00 DEBUG (7):  Importing: New, Pending Payment, Processing, Complete, Payment Review
2015-03-27T18:35:03+00:00 DEBUG (7):   Deleting: Closed, Canceled, On Hold
2015-03-27T18:35:03+00:00 DEBUG (7):   Processing Order ID: 40897 	 #200033929
2015-03-27T18:35:03+00:00 DEBUG (7):   Processing Order ID: 40896 	 #200033928
2015-03-27T18:35:03+00:00 DEBUG (7):   Processing Order ID: 40895 	 #200033927
2015-03-27T18:35:03+00:00 DEBUG (7):   Processing Order ID: 40890 	 #200033926
2015-03-27T18:35:03+00:00 DEBUG (7):   Processing Order ID: 40888 	 #200033924
2015-03-27T18:35:03+00:00 DEBUG (7):   Processing Order ID: 40887 	 #200033921
2015-03-27T18:35:03+00:00 DEBUG (7):   Processing Order ID: 40886 	 #200033920
2015-03-27T18:35:03+00:00 DEBUG (7):   Processing Order ID: 40885 	 #200033919
2015-03-27T18:35:03+00:00 DEBUG (7):   Processing Order ID: 40884 	 #200033917
2015-03-27T18:35:03+00:00 DEBUG (7):   Processing Order ID: 40883 	 #200033916
2015-03-27T18:35:03+00:00 DEBUG (7):   Processing Order ID: 40882 	 #200033915
2015-03-27T18:35:09+00:00 DEBUG (7):   Flush resulted in 11 orders processed
2015-03-27T18:35:09+00:00 DEBUG (7):   Success: 11
2015-03-27T18:35:09+00:00 DEBUG (7):   Error:   0
2015-03-27T18:35:09+00:00 DEBUG (7):   Total:   11
2015-03-27T18:35:09+00:00 DEBUG (7): Starting Order Import process for store: Wholesale (2)
2015-03-27T18:35:09+00:00 DEBUG (7):  Importing: New, Pending Payment, Processing, Complete, Payment Review
2015-03-27T18:35:09+00:00 DEBUG (7):   Deleting: Closed, Canceled, On Hold
2015-03-27T18:35:09+00:00 DEBUG (7):   Processing Order ID: 40787 	 #250007273
2015-03-27T18:35:09+00:00 DEBUG (7):   Processing Order ID: 40786 	 #250007272
2015-03-27T18:35:09+00:00 DEBUG (7):   Processing Order ID: 40790 	 #250007276
2015-03-27T18:35:09+00:00 DEBUG (7):   Processing Order ID: 40789 	 #250007275
2015-03-27T18:35:10+00:00 DEBUG (7):   Processing Order ID: 40788 	 #250007274
2015-03-27T18:35:10+00:00 DEBUG (7):   Processing Order ID: 40795 	 #250007281
2015-03-27T18:35:10+00:00 DEBUG (7):   Processing Order ID: 40794 	 #250007280
2015-03-27T18:35:10+00:00 DEBUG (7):   Processing Order ID: 40793 	 #250007279
2015-03-27T18:35:10+00:00 DEBUG (7):   Processing Order ID: 40792 	 #250007278
2015-03-27T18:35:10+00:00 DEBUG (7):   Processing Order ID: 40791 	 #250007277
2015-03-27T18:35:10+00:00 DEBUG (7):   Processing Order ID: 40797 	 #250007283
2015-03-27T18:35:10+00:00 DEBUG (7):   Processing Order ID: 40796 	 #250007282
2015-03-27T18:35:10+00:00 DEBUG (7):   Processing Order ID: 40800 	 #250007286
2015-03-27T18:35:10+00:00 DEBUG (7):   Processing Order ID: 40799 	 #250007285
2015-03-27T18:35:10+00:00 DEBUG (7):   Processing Order ID: 40798 	 #250007284
2015-03-27T18:35:10+00:00 DEBUG (7):   Processing Order ID: 40803 	 #250007289
2015-03-27T18:35:10+00:00 DEBUG (7):   Processing Order ID: 40802 	 #250007288
2015-03-27T18:35:10+00:00 DEBUG (7):   Processing Order ID: 40801 	 #250007287
2015-03-27T18:35:10+00:00 DEBUG (7):   Processing Order ID: 40806 	 #250007292
2015-03-27T18:35:10+00:00 DEBUG (7):   Processing Order ID: 40805 	 #250007291
2015-03-27T18:35:10+00:00 DEBUG (7):   Processing Order ID: 40804 	 #250007290
2015-03-27T18:35:10+00:00 DEBUG (7):   Processing Order ID: 40808 	 #250007294
2015-03-27T18:35:10+00:00 DEBUG (7):   Processing Order ID: 40807 	 #250007293
2015-03-27T18:35:10+00:00 DEBUG (7):   Processing Order ID: 40811 	 #250007297
2015-03-27T18:35:10+00:00 DEBUG (7):   Processing Order ID: 40810 	 #250007296
2015-03-27T18:35:10+00:00 DEBUG (7):   Processing Order ID: 40809 	 #250007295
2015-03-27T18:35:10+00:00 DEBUG (7):   Processing Order ID: 40894 	 #250007311
2015-03-27T18:35:10+00:00 DEBUG (7):   Processing Order ID: 40891 	 #250007308
2015-03-27T18:35:20+00:00 DEBUG (7):   Flush resulted in 28 orders processed
2015-03-27T18:35:20+00:00 DEBUG (7):   Success: 28
2015-03-27T18:35:20+00:00 DEBUG (7):   Error:   0
2015-03-27T18:35:20+00:00 DEBUG (7):   Total:   28
2015-03-27T18:45:02+00:00 DEBUG (7): Starting Order Import process for store: Admin (0)
2015-03-27T18:45:02+00:00 DEBUG (7): Starting Order Import process for store: International (3)
2015-03-27T18:45:02+00:00 DEBUG (7): Starting Order Import process for store: Retail (1)
2015-03-27T18:45:02+00:00 DEBUG (7): Starting Order Import process for store: Wholesale (2)
2015-03-27T19:00:02+00:00 DEBUG (7): Starting Order Import process for store: Admin (0)
2015-03-27T19:00:02+00:00 DEBUG (7): Starting Order Import process for store: International (3)
2015-03-27T19:00:02+00:00 DEBUG (7): Starting Order Import process for store: Retail (1)
2015-03-27T19:00:02+00:00 DEBUG (7): Starting Order Import process for store: Wholesale (2)
2015-03-27T19:15:02+00:00 DEBUG (7): Starting Order Import process for store: Admin (0)
2015-03-27T19:15:02+00:00 DEBUG (7): Starting Order Import process for store: International (3)
2015-03-27T19:15:02+00:00 DEBUG (7): Starting Order Import process for store: Retail (1)
2015-03-27T19:15:02+00:00 DEBUG (7):  Importing: New, Pending Payment, Processing, Complete, Payment Review
2015-03-27T19:15:02+00:00 DEBUG (7):   Deleting: Closed, Canceled, On Hold
2015-03-27T19:15:02+00:00 DEBUG (7):   Processing Order ID: 40899 	 #200033931
2015-03-27T19:15:02+00:00 DEBUG (7):   Processing Order ID: 40898 	 #200033930
2015-03-27T19:15:02+00:00 DEBUG (7):   Processing Order ID: 40889 	 #200033925
2015-03-27T19:15:05+00:00 DEBUG (7):   Flush resulted in 3 orders processed
2015-03-27T19:15:05+00:00 DEBUG (7):   Success: 3
2015-03-27T19:15:05+00:00 DEBUG (7):   Error:   0
2015-03-27T19:15:05+00:00 DEBUG (7):   Total:   3
2015-03-27T19:15:05+00:00 DEBUG (7): Starting Order Import process for store: Wholesale (2)
2015-03-27T19:30:02+00:00 DEBUG (7): Starting Order Import process for store: Admin (0)
2015-03-27T19:30:02+00:00 DEBUG (7): Starting Order Import process for store: International (3)
2015-03-27T19:30:02+00:00 DEBUG (7): Starting Order Import process for store: Retail (1)
2015-03-27T19:30:02+00:00 DEBUG (7): Starting Order Import process for store: Wholesale (2)
2015-03-27T19:45:02+00:00 DEBUG (7): Starting Order Import process for store: Admin (0)
2015-03-27T19:45:02+00:00 DEBUG (7): Starting Order Import process for store: International (3)
2015-03-27T19:45:02+00:00 DEBUG (7): Starting Order Import process for store: Retail (1)
2015-03-27T19:45:02+00:00 DEBUG (7): Starting Order Import process for store: Wholesale (2)
2015-03-27T20:00:02+00:00 DEBUG (7): Starting Order Import process for store: Admin (0)
2015-03-27T20:00:02+00:00 DEBUG (7): Starting Order Import process for store: International (3)
2015-03-27T20:00:02+00:00 DEBUG (7): Starting Order Import process for store: Retail (1)
2015-03-27T20:00:02+00:00 DEBUG (7): Starting Order Import process for store: Wholesale (2)
2015-03-27T20:15:02+00:00 DEBUG (7): Starting Order Import process for store: Admin (0)
2015-03-27T20:15:02+00:00 DEBUG (7): Starting Order Import process for store: International (3)
2015-03-27T20:15:02+00:00 DEBUG (7): Starting Order Import process for store: Retail (1)
2015-03-27T20:15:02+00:00 DEBUG (7): Starting Order Import process for store: Wholesale (2)
2015-03-27T20:30:02+00:00 DEBUG (7): Starting Order Import process for store: Admin (0)
2015-03-27T20:30:02+00:00 DEBUG (7): Starting Order Import process for store: International (3)
2015-03-27T20:30:02+00:00 DEBUG (7): Starting Order Import process for store: Retail (1)
2015-03-27T20:30:02+00:00 DEBUG (7): Starting Order Import process for store: Wholesale (2)
2015-03-27T20:45:02+00:00 DEBUG (7): Starting Order Import process for store: Admin (0)
2015-03-27T20:45:02+00:00 DEBUG (7): Starting Order Import process for store: International (3)
2015-03-27T20:45:02+00:00 DEBUG (7): Starting Order Import process for store: Retail (1)
2015-03-27T20:45:02+00:00 DEBUG (7): Starting Order Import process for store: Wholesale (2)
2015-03-27T21:00:02+00:00 DEBUG (7): Starting Order Import process for store: Admin (0)
2015-03-27T21:00:02+00:00 DEBUG (7): Starting Order Import process for store: International (3)
2015-03-27T21:00:02+00:00 DEBUG (7): Starting Order Import process for store: Retail (1)
2015-03-27T21:00:02+00:00 DEBUG (7): Starting Order Import process for store: Wholesale (2)
2015-03-27T21:20:02+00:00 DEBUG (7): Starting Order Import process for store: Admin (0)
2015-03-27T21:20:02+00:00 DEBUG (7): Starting Order Import process for store: International (3)
2015-03-27T21:20:02+00:00 DEBUG (7): Starting Order Import process for store: Retail (1)
2015-03-27T21:20:02+00:00 DEBUG (7): Starting Order Import process for store: Wholesale (2)
2015-03-27T21:30:03+00:00 DEBUG (7): Starting Order Import process for store: Admin (0)
2015-03-27T21:30:03+00:00 DEBUG (7): Starting Order Import process for store: International (3)
2015-03-27T21:30:03+00:00 DEBUG (7): Starting Order Import process for store: Retail (1)
2015-03-27T21:30:03+00:00 DEBUG (7): Starting Order Import process for store: Wholesale (2)
2015-03-27T21:45:02+00:00 DEBUG (7): Starting Order Import process for store: Admin (0)
2015-03-27T21:45:02+00:00 DEBUG (7): Starting Order Import process for store: International (3)
2015-03-27T21:45:02+00:00 DEBUG (7): Starting Order Import process for store: Retail (1)
2015-03-27T21:45:02+00:00 DEBUG (7): Starting Order Import process for store: Wholesale (2)
2015-03-27T22:00:02+00:00 DEBUG (7): Starting Order Import process for store: Admin (0)
2015-03-27T22:00:02+00:00 DEBUG (7): Starting Order Import process for store: International (3)
2015-03-27T22:00:02+00:00 DEBUG (7): Starting Order Import process for store: Retail (1)
2015-03-27T22:00:02+00:00 DEBUG (7):  Importing: New, Pending Payment, Processing, Complete, Payment Review
2015-03-27T22:00:02+00:00 DEBUG (7):   Deleting: Closed, Canceled, On Hold
2015-03-27T22:00:02+00:00 DEBUG (7):   Processing Order ID: 40900 	 #200033933
2015-03-27T22:00:04+00:00 DEBUG (7):   Flush resulted in 1 orders processed
2015-03-27T22:00:04+00:00 DEBUG (7):   Success: 1
2015-03-27T22:00:04+00:00 DEBUG (7):   Error:   0
2015-03-27T22:00:04+00:00 DEBUG (7):   Total:   1
2015-03-27T22:00:04+00:00 DEBUG (7): Starting Order Import process for store: Wholesale (2)
2015-03-27T22:15:02+00:00 DEBUG (7): Starting Order Import process for store: Admin (0)
2015-03-27T22:15:02+00:00 DEBUG (7): Starting Order Import process for store: International (3)
2015-03-27T22:15:02+00:00 DEBUG (7): Starting Order Import process for store: Retail (1)
2015-03-27T22:15:02+00:00 DEBUG (7): Starting Order Import process for store: Wholesale (2)
2015-03-27T22:30:02+00:00 DEBUG (7): Starting Order Import process for store: Admin (0)
2015-03-27T22:30:02+00:00 DEBUG (7): Starting Order Import process for store: International (3)
2015-03-27T22:30:02+00:00 DEBUG (7): Starting Order Import process for store: Retail (1)
2015-03-27T22:30:02+00:00 DEBUG (7):  Importing: New, Pending Payment, Processing, Complete, Payment Review
2015-03-27T22:30:02+00:00 DEBUG (7):   Deleting: Closed, Canceled, On Hold
2015-03-27T22:30:02+00:00 DEBUG (7):   Processing Order ID: 40901 	 #200033934
2015-03-27T22:30:04+00:00 DEBUG (7):   Flush resulted in 1 orders processed
2015-03-27T22:30:04+00:00 DEBUG (7):   Success: 1
2015-03-27T22:30:04+00:00 DEBUG (7):   Error:   0
2015-03-27T22:30:04+00:00 DEBUG (7):   Total:   1
2015-03-27T22:30:04+00:00 DEBUG (7): Starting Order Import process for store: Wholesale (2)
2015-03-27T22:45:02+00:00 DEBUG (7): Starting Order Import process for store: Admin (0)
2015-03-27T22:45:02+00:00 DEBUG (7): Starting Order Import process for store: International (3)
2015-03-27T22:45:02+00:00 DEBUG (7): Starting Order Import process for store: Retail (1)
2015-03-27T22:45:02+00:00 DEBUG (7): Starting Order Import process for store: Wholesale (2)
2015-03-27T23:00:02+00:00 DEBUG (7): Starting Order Import process for store: Admin (0)
2015-03-27T23:00:02+00:00 DEBUG (7): Starting Order Import process for store: International (3)
2015-03-27T23:00:02+00:00 DEBUG (7): Starting Order Import process for store: Retail (1)
2015-03-27T23:00:02+00:00 DEBUG (7):  Importing: New, Pending Payment, Processing, Complete, Payment Review
2015-03-27T23:00:02+00:00 DEBUG (7):   Deleting: Closed, Canceled, On Hold
2015-03-27T23:00:02+00:00 DEBUG (7):   Processing Order ID: 40902 	 #200033935
2015-03-27T23:00:04+00:00 DEBUG (7):   Flush resulted in 1 orders processed
2015-03-27T23:00:04+00:00 DEBUG (7):   Success: 1
2015-03-27T23:00:04+00:00 DEBUG (7):   Error:   0
2015-03-27T23:00:04+00:00 DEBUG (7):   Total:   1
2015-03-27T23:00:04+00:00 DEBUG (7): Starting Order Import process for store: Wholesale (2)
2015-03-27T23:15:02+00:00 DEBUG (7): Starting Order Import process for store: Admin (0)
2015-03-27T23:15:02+00:00 DEBUG (7): Starting Order Import process for store: International (3)
2015-03-27T23:15:02+00:00 DEBUG (7): Starting Order Import process for store: Retail (1)
2015-03-27T23:15:02+00:00 DEBUG (7):  Importing: New, Pending Payment, Processing, Complete, Payment Review
2015-03-27T23:15:02+00:00 DEBUG (7):   Deleting: Closed, Canceled, On Hold
2015-03-27T23:15:02+00:00 DEBUG (7):   Processing Order ID: 40903 	 #200033936
2015-03-27T23:15:02+00:00 DEBUG (7):   Processing Order ID: 40901 	 #200033934
2015-03-27T23:15:04+00:00 DEBUG (7):   Flush resulted in 2 orders processed
2015-03-27T23:15:04+00:00 DEBUG (7):   Success: 2
2015-03-27T23:15:04+00:00 DEBUG (7):   Error:   0
2015-03-27T23:15:04+00:00 DEBUG (7):   Total:   2
2015-03-27T23:15:04+00:00 DEBUG (7): Starting Order Import process for store: Wholesale (2)
2015-03-27T23:35:02+00:00 DEBUG (7): Starting Order Import process for store: Admin (0)
2015-03-27T23:35:02+00:00 DEBUG (7): Starting Order Import process for store: International (3)
2015-03-27T23:35:02+00:00 DEBUG (7): Starting Order Import process for store: Retail (1)
2015-03-27T23:35:02+00:00 DEBUG (7): Starting Order Import process for store: Wholesale (2)
2015-03-27T23:35:02+00:00 DEBUG (7):  Importing: New, Pending Payment, Processing, Complete, Payment Review
2015-03-27T23:35:02+00:00 DEBUG (7):   Deleting: Closed, Canceled, On Hold
2015-03-27T23:35:02+00:00 DEBUG (7):   Processing Order ID: 40409 	 #250007149
2015-03-27T23:35:04+00:00 DEBUG (7):   Flush resulted in 1 orders processed
2015-03-27T23:35:04+00:00 DEBUG (7):   Success: 1
2015-03-27T23:35:04+00:00 DEBUG (7):   Error:   0
2015-03-27T23:35:04+00:00 DEBUG (7):   Total:   1
2015-03-27T23:45:02+00:00 DEBUG (7): Starting Order Import process for store: Admin (0)
2015-03-27T23:45:02+00:00 DEBUG (7): Starting Order Import process for store: International (3)
2015-03-27T23:45:02+00:00 DEBUG (7): Starting Order Import process for store: Retail (1)
2015-03-27T23:45:02+00:00 DEBUG (7):  Importing: New, Pending Payment, Processing, Complete, Payment Review
2015-03-27T23:45:02+00:00 DEBUG (7):   Deleting: Closed, Canceled, On Hold
2015-03-27T23:45:02+00:00 DEBUG (7):   Processing Order ID: 40904 	 #200033937
2015-03-27T23:45:04+00:00 DEBUG (7):   Flush resulted in 1 orders processed
2015-03-27T23:45:04+00:00 DEBUG (7):   Success: 1
2015-03-27T23:45:04+00:00 DEBUG (7):   Error:   0
2015-03-27T23:45:04+00:00 DEBUG (7):   Total:   1
2015-03-27T23:45:04+00:00 DEBUG (7): Starting Order Import process for store: Wholesale (2)
