2015-04-22T00:05:02+00:00 DEBUG (7): Starting Order Import process for store: Admin (0)
2015-04-22T00:05:02+00:00 DEBUG (7): Starting Order Import process for store: International (3)
2015-04-22T00:05:02+00:00 DEBUG (7): Starting Order Import process for store: Retail (1)
2015-04-22T00:05:02+00:00 DEBUG (7): Starting Order Import process for store: Wholesale (2)
2015-04-22T00:15:02+00:00 DEBUG (7): Starting Order Import process for store: Admin (0)
2015-04-22T00:15:02+00:00 DEBUG (7): Starting Order Import process for store: International (3)
2015-04-22T00:15:02+00:00 DEBUG (7): Starting Order Import process for store: Retail (1)
2015-04-22T00:15:02+00:00 DEBUG (7): Starting Order Import process for store: Wholesale (2)
2015-04-22T00:30:02+00:00 DEBUG (7): Starting Order Import process for store: Admin (0)
2015-04-22T00:30:02+00:00 DEBUG (7): Starting Order Import process for store: International (3)
2015-04-22T00:30:02+00:00 DEBUG (7): Starting Order Import process for store: Retail (1)
2015-04-22T00:30:02+00:00 DEBUG (7): Starting Order Import process for store: Wholesale (2)
2015-04-22T00:45:02+00:00 DEBUG (7): Starting Order Import process for store: Admin (0)
2015-04-22T00:45:02+00:00 DEBUG (7): Starting Order Import process for store: International (3)
2015-04-22T00:45:02+00:00 DEBUG (7): Starting Order Import process for store: Retail (1)
2015-04-22T00:45:02+00:00 DEBUG (7): Starting Order Import process for store: Wholesale (2)
2015-04-22T01:00:03+00:00 DEBUG (7): Starting Order Import process for store: Admin (0)
2015-04-22T01:00:03+00:00 DEBUG (7): Starting Order Import process for store: International (3)
2015-04-22T01:00:03+00:00 DEBUG (7): Starting Order Import process for store: Retail (1)
2015-04-22T01:00:03+00:00 DEBUG (7): Starting Order Import process for store: Wholesale (2)
2015-04-22T01:15:02+00:00 DEBUG (7): Starting Order Import process for store: Admin (0)
2015-04-22T01:15:02+00:00 DEBUG (7): Starting Order Import process for store: International (3)
2015-04-22T01:15:02+00:00 DEBUG (7): Starting Order Import process for store: Retail (1)
2015-04-22T01:15:02+00:00 DEBUG (7): Starting Order Import process for store: Wholesale (2)
2015-04-22T01:30:03+00:00 DEBUG (7): Starting Order Import process for store: Admin (0)
2015-04-22T01:30:03+00:00 DEBUG (7): Starting Order Import process for store: International (3)
2015-04-22T01:30:03+00:00 DEBUG (7): Starting Order Import process for store: Retail (1)
2015-04-22T01:30:03+00:00 DEBUG (7): Starting Order Import process for store: Wholesale (2)
2015-04-22T01:45:02+00:00 DEBUG (7): Starting Order Import process for store: Admin (0)
2015-04-22T01:45:02+00:00 DEBUG (7): Starting Order Import process for store: International (3)
2015-04-22T01:45:02+00:00 DEBUG (7): Starting Order Import process for store: Retail (1)
2015-04-22T01:45:02+00:00 DEBUG (7): Starting Order Import process for store: Wholesale (2)
2015-04-22T02:00:02+00:00 DEBUG (7): Starting Order Import process for store: Admin (0)
2015-04-22T02:00:02+00:00 DEBUG (7): Starting Order Import process for store: International (3)
2015-04-22T02:00:02+00:00 DEBUG (7): Starting Order Import process for store: Retail (1)
2015-04-22T02:00:02+00:00 DEBUG (7): Starting Order Import process for store: Wholesale (2)
2015-04-22T02:15:02+00:00 DEBUG (7): Starting Order Import process for store: Admin (0)
2015-04-22T02:15:02+00:00 DEBUG (7): Starting Order Import process for store: International (3)
2015-04-22T02:15:02+00:00 DEBUG (7): Starting Order Import process for store: Retail (1)
2015-04-22T02:15:02+00:00 DEBUG (7): Starting Order Import process for store: Wholesale (2)
2015-04-22T02:30:02+00:00 DEBUG (7): Starting Order Import process for store: Admin (0)
2015-04-22T02:30:02+00:00 DEBUG (7): Starting Order Import process for store: International (3)
2015-04-22T02:30:02+00:00 DEBUG (7): Starting Order Import process for store: Retail (1)
2015-04-22T02:30:02+00:00 DEBUG (7): Starting Order Import process for store: Wholesale (2)
2015-04-22T02:50:02+00:00 DEBUG (7): Starting Order Import process for store: Admin (0)
2015-04-22T02:50:02+00:00 DEBUG (7): Starting Order Import process for store: International (3)
2015-04-22T02:50:02+00:00 DEBUG (7): Starting Order Import process for store: Retail (1)
2015-04-22T02:50:02+00:00 DEBUG (7):  Importing: New, Pending Payment, Processing, Complete, Payment Review
2015-04-22T02:50:02+00:00 DEBUG (7):   Deleting: Closed, Canceled, On Hold
2015-04-22T02:50:02+00:00 DEBUG (7):   Processing Order ID: 41529 	 #200034320
2015-04-22T02:50:06+00:00 DEBUG (7):   Flush resulted in 1 orders processed
2015-04-22T02:50:06+00:00 DEBUG (7):   Success: 1
2015-04-22T02:50:06+00:00 DEBUG (7):   Error:   0
2015-04-22T02:50:06+00:00 DEBUG (7):   Total:   1
2015-04-22T02:50:06+00:00 DEBUG (7): Starting Order Import process for store: Wholesale (2)
2015-04-22T03:00:02+00:00 DEBUG (7): Starting Order Import process for store: Admin (0)
2015-04-22T03:00:02+00:00 DEBUG (7): Starting Order Import process for store: International (3)
2015-04-22T03:00:02+00:00 DEBUG (7): Starting Order Import process for store: Retail (1)
2015-04-22T03:00:02+00:00 DEBUG (7): Starting Order Import process for store: Wholesale (2)
2015-04-22T03:15:02+00:00 DEBUG (7): Starting Order Import process for store: Admin (0)
2015-04-22T03:15:02+00:00 DEBUG (7): Starting Order Import process for store: International (3)
2015-04-22T03:15:02+00:00 DEBUG (7): Starting Order Import process for store: Retail (1)
2015-04-22T03:15:02+00:00 DEBUG (7): Starting Order Import process for store: Wholesale (2)
2015-04-22T03:30:02+00:00 DEBUG (7): Starting Order Import process for store: Admin (0)
2015-04-22T03:30:02+00:00 DEBUG (7): Starting Order Import process for store: International (3)
2015-04-22T03:30:02+00:00 DEBUG (7): Starting Order Import process for store: Retail (1)
2015-04-22T03:30:02+00:00 DEBUG (7): Starting Order Import process for store: Wholesale (2)
2015-04-22T03:45:02+00:00 DEBUG (7): Starting Order Import process for store: Admin (0)
2015-04-22T03:45:02+00:00 DEBUG (7): Starting Order Import process for store: International (3)
2015-04-22T03:45:02+00:00 DEBUG (7): Starting Order Import process for store: Retail (1)
2015-04-22T03:45:02+00:00 DEBUG (7): Starting Order Import process for store: Wholesale (2)
2015-04-22T04:00:02+00:00 DEBUG (7): Starting Order Import process for store: Admin (0)
2015-04-22T04:00:03+00:00 DEBUG (7): Starting Order Import process for store: International (3)
2015-04-22T04:00:03+00:00 DEBUG (7): Starting Order Import process for store: Retail (1)
2015-04-22T04:00:03+00:00 DEBUG (7): Starting Order Import process for store: Wholesale (2)
2015-04-22T04:15:02+00:00 DEBUG (7): Starting Order Import process for store: Admin (0)
2015-04-22T04:15:02+00:00 DEBUG (7): Starting Order Import process for store: International (3)
2015-04-22T04:15:02+00:00 DEBUG (7): Starting Order Import process for store: Retail (1)
2015-04-22T04:15:02+00:00 DEBUG (7): Starting Order Import process for store: Wholesale (2)
2015-04-22T04:30:02+00:00 DEBUG (7): Starting Order Import process for store: Admin (0)
2015-04-22T04:30:02+00:00 DEBUG (7): Starting Order Import process for store: International (3)
2015-04-22T04:30:02+00:00 DEBUG (7): Starting Order Import process for store: Retail (1)
2015-04-22T04:30:02+00:00 DEBUG (7): Starting Order Import process for store: Wholesale (2)
2015-04-22T04:50:02+00:00 DEBUG (7): Starting Order Import process for store: Admin (0)
2015-04-22T04:50:02+00:00 DEBUG (7): Starting Order Import process for store: International (3)
2015-04-22T04:50:02+00:00 DEBUG (7): Starting Order Import process for store: Retail (1)
2015-04-22T04:50:02+00:00 DEBUG (7): Starting Order Import process for store: Wholesale (2)
2015-04-22T05:00:02+00:00 DEBUG (7): Starting Order Import process for store: Admin (0)
2015-04-22T05:00:02+00:00 DEBUG (7): Starting Order Import process for store: International (3)
2015-04-22T05:00:02+00:00 DEBUG (7): Starting Order Import process for store: Retail (1)
2015-04-22T05:00:02+00:00 DEBUG (7): Starting Order Import process for store: Wholesale (2)
2015-04-22T05:15:02+00:00 DEBUG (7): Starting Order Import process for store: Admin (0)
2015-04-22T05:15:02+00:00 DEBUG (7): Starting Order Import process for store: International (3)
2015-04-22T05:15:02+00:00 DEBUG (7): Starting Order Import process for store: Retail (1)
2015-04-22T05:15:02+00:00 DEBUG (7): Starting Order Import process for store: Wholesale (2)
2015-04-22T05:30:02+00:00 DEBUG (7): Starting Order Import process for store: Admin (0)
2015-04-22T05:30:02+00:00 DEBUG (7): Starting Order Import process for store: International (3)
2015-04-22T05:30:02+00:00 DEBUG (7): Starting Order Import process for store: Retail (1)
2015-04-22T05:30:02+00:00 DEBUG (7): Starting Order Import process for store: Wholesale (2)
2015-04-22T05:45:02+00:00 DEBUG (7): Starting Order Import process for store: Admin (0)
2015-04-22T05:45:02+00:00 DEBUG (7): Starting Order Import process for store: International (3)
2015-04-22T05:45:02+00:00 DEBUG (7): Starting Order Import process for store: Retail (1)
2015-04-22T05:45:02+00:00 DEBUG (7): Starting Order Import process for store: Wholesale (2)
2015-04-22T06:00:02+00:00 DEBUG (7): Starting Order Import process for store: Admin (0)
2015-04-22T06:00:02+00:00 DEBUG (7): Starting Order Import process for store: International (3)
2015-04-22T06:00:02+00:00 DEBUG (7): Starting Order Import process for store: Retail (1)
2015-04-22T06:00:02+00:00 DEBUG (7): Starting Order Import process for store: Wholesale (2)
2015-04-22T06:15:02+00:00 DEBUG (7): Starting Order Import process for store: Admin (0)
2015-04-22T06:15:02+00:00 DEBUG (7): Starting Order Import process for store: International (3)
2015-04-22T06:15:02+00:00 DEBUG (7): Starting Order Import process for store: Retail (1)
2015-04-22T06:15:02+00:00 DEBUG (7): Starting Order Import process for store: Wholesale (2)
2015-04-22T06:30:02+00:00 DEBUG (7): Starting Order Import process for store: Admin (0)
2015-04-22T06:30:02+00:00 DEBUG (7): Starting Order Import process for store: International (3)
2015-04-22T06:30:02+00:00 DEBUG (7): Starting Order Import process for store: Retail (1)
2015-04-22T06:30:02+00:00 DEBUG (7): Starting Order Import process for store: Wholesale (2)
2015-04-22T06:45:02+00:00 DEBUG (7): Starting Order Import process for store: Admin (0)
2015-04-22T06:45:02+00:00 DEBUG (7): Starting Order Import process for store: International (3)
2015-04-22T06:45:02+00:00 DEBUG (7): Starting Order Import process for store: Retail (1)
2015-04-22T06:45:02+00:00 DEBUG (7): Starting Order Import process for store: Wholesale (2)
2015-04-22T07:05:12+00:00 DEBUG (7): Starting Order Import process for store: Admin (0)
2015-04-22T07:05:12+00:00 DEBUG (7): Starting Order Import process for store: International (3)
2015-04-22T07:05:12+00:00 DEBUG (7): Starting Order Import process for store: Retail (1)
2015-04-22T07:05:12+00:00 DEBUG (7): Starting Order Import process for store: Wholesale (2)
2015-04-22T07:15:07+00:00 DEBUG (7): Starting Order Import process for store: Admin (0)
2015-04-22T07:15:07+00:00 DEBUG (7): Starting Order Import process for store: International (3)
2015-04-22T07:15:07+00:00 DEBUG (7): Starting Order Import process for store: Retail (1)
2015-04-22T07:15:07+00:00 DEBUG (7): Starting Order Import process for store: Wholesale (2)
2015-04-22T07:30:02+00:00 DEBUG (7): Starting Order Import process for store: Admin (0)
2015-04-22T07:30:02+00:00 DEBUG (7): Starting Order Import process for store: International (3)
2015-04-22T07:30:02+00:00 DEBUG (7): Starting Order Import process for store: Retail (1)
2015-04-22T07:30:02+00:00 DEBUG (7): Starting Order Import process for store: Wholesale (2)
2015-04-22T07:45:02+00:00 DEBUG (7): Starting Order Import process for store: Admin (0)
2015-04-22T07:45:02+00:00 DEBUG (7): Starting Order Import process for store: International (3)
2015-04-22T07:45:02+00:00 DEBUG (7): Starting Order Import process for store: Retail (1)
2015-04-22T07:45:02+00:00 DEBUG (7): Starting Order Import process for store: Wholesale (2)
2015-04-22T08:00:31+00:00 DEBUG (7): Starting Order Import process for store: Admin (0)
2015-04-22T08:00:31+00:00 DEBUG (7): Starting Order Import process for store: International (3)
2015-04-22T08:00:31+00:00 DEBUG (7): Starting Order Import process for store: Retail (1)
2015-04-22T08:00:31+00:00 DEBUG (7): Starting Order Import process for store: Wholesale (2)
2015-04-22T08:15:02+00:00 DEBUG (7): Starting Order Import process for store: Admin (0)
2015-04-22T08:15:02+00:00 DEBUG (7): Starting Order Import process for store: International (3)
2015-04-22T08:15:02+00:00 DEBUG (7): Starting Order Import process for store: Retail (1)
2015-04-22T08:15:02+00:00 DEBUG (7): Starting Order Import process for store: Wholesale (2)
2015-04-22T08:30:02+00:00 DEBUG (7): Starting Order Import process for store: Admin (0)
2015-04-22T08:30:02+00:00 DEBUG (7): Starting Order Import process for store: International (3)
2015-04-22T08:30:02+00:00 DEBUG (7): Starting Order Import process for store: Retail (1)
2015-04-22T08:30:02+00:00 DEBUG (7): Starting Order Import process for store: Wholesale (2)
2015-04-22T08:50:02+00:00 DEBUG (7): Starting Order Import process for store: Admin (0)
2015-04-22T08:50:02+00:00 DEBUG (7): Starting Order Import process for store: International (3)
2015-04-22T08:50:02+00:00 DEBUG (7): Starting Order Import process for store: Retail (1)
2015-04-22T08:50:02+00:00 DEBUG (7): Starting Order Import process for store: Wholesale (2)
2015-04-22T09:00:07+00:00 DEBUG (7): Starting Order Import process for store: Admin (0)
2015-04-22T09:00:07+00:00 DEBUG (7): Starting Order Import process for store: International (3)
2015-04-22T09:00:07+00:00 DEBUG (7): Starting Order Import process for store: Retail (1)
2015-04-22T09:00:07+00:00 DEBUG (7): Starting Order Import process for store: Wholesale (2)
2015-04-22T09:15:02+00:00 DEBUG (7): Starting Order Import process for store: Admin (0)
2015-04-22T09:15:02+00:00 DEBUG (7): Starting Order Import process for store: International (3)
2015-04-22T09:15:02+00:00 DEBUG (7): Starting Order Import process for store: Retail (1)
2015-04-22T09:15:02+00:00 DEBUG (7): Starting Order Import process for store: Wholesale (2)
2015-04-22T09:30:02+00:00 DEBUG (7): Starting Order Import process for store: Admin (0)
2015-04-22T09:30:02+00:00 DEBUG (7): Starting Order Import process for store: International (3)
2015-04-22T09:30:02+00:00 DEBUG (7): Starting Order Import process for store: Retail (1)
2015-04-22T09:30:02+00:00 DEBUG (7): Starting Order Import process for store: Wholesale (2)
2015-04-22T09:45:03+00:00 DEBUG (7): Starting Order Import process for store: Admin (0)
2015-04-22T09:45:03+00:00 DEBUG (7): Starting Order Import process for store: International (3)
2015-04-22T09:45:03+00:00 DEBUG (7): Starting Order Import process for store: Retail (1)
2015-04-22T09:45:03+00:00 DEBUG (7): Starting Order Import process for store: Wholesale (2)
2015-04-22T10:00:03+00:00 DEBUG (7): Starting Order Import process for store: Admin (0)
2015-04-22T10:00:03+00:00 DEBUG (7): Starting Order Import process for store: International (3)
2015-04-22T10:00:03+00:00 DEBUG (7): Starting Order Import process for store: Retail (1)
2015-04-22T10:00:03+00:00 DEBUG (7): Starting Order Import process for store: Wholesale (2)
2015-04-22T10:20:02+00:00 DEBUG (7): Starting Order Import process for store: Admin (0)
2015-04-22T10:20:02+00:00 DEBUG (7): Starting Order Import process for store: International (3)
2015-04-22T10:20:02+00:00 DEBUG (7): Starting Order Import process for store: Retail (1)
2015-04-22T10:20:02+00:00 DEBUG (7): Starting Order Import process for store: Wholesale (2)
2015-04-22T10:30:02+00:00 DEBUG (7): Starting Order Import process for store: Admin (0)
2015-04-22T10:30:02+00:00 DEBUG (7): Starting Order Import process for store: International (3)
2015-04-22T10:30:02+00:00 DEBUG (7): Starting Order Import process for store: Retail (1)
2015-04-22T10:30:02+00:00 DEBUG (7): Starting Order Import process for store: Wholesale (2)
2015-04-22T10:45:02+00:00 DEBUG (7): Starting Order Import process for store: Admin (0)
2015-04-22T10:45:02+00:00 DEBUG (7): Starting Order Import process for store: International (3)
2015-04-22T10:45:02+00:00 DEBUG (7): Starting Order Import process for store: Retail (1)
2015-04-22T10:45:02+00:00 DEBUG (7): Starting Order Import process for store: Wholesale (2)
2015-04-22T11:00:02+00:00 DEBUG (7): Starting Order Import process for store: Admin (0)
2015-04-22T11:00:02+00:00 DEBUG (7): Starting Order Import process for store: International (3)
2015-04-22T11:00:02+00:00 DEBUG (7): Starting Order Import process for store: Retail (1)
2015-04-22T11:00:02+00:00 DEBUG (7): Starting Order Import process for store: Wholesale (2)
2015-04-22T11:15:02+00:00 DEBUG (7): Starting Order Import process for store: Admin (0)
2015-04-22T11:15:02+00:00 DEBUG (7): Starting Order Import process for store: International (3)
2015-04-22T11:15:02+00:00 DEBUG (7): Starting Order Import process for store: Retail (1)
2015-04-22T11:15:02+00:00 DEBUG (7): Starting Order Import process for store: Wholesale (2)
2015-04-22T11:30:02+00:00 DEBUG (7): Starting Order Import process for store: Admin (0)
2015-04-22T11:30:02+00:00 DEBUG (7): Starting Order Import process for store: International (3)
2015-04-22T11:30:02+00:00 DEBUG (7): Starting Order Import process for store: Retail (1)
2015-04-22T11:30:02+00:00 DEBUG (7): Starting Order Import process for store: Wholesale (2)
2015-04-22T11:45:02+00:00 DEBUG (7): Starting Order Import process for store: Admin (0)
2015-04-22T11:45:02+00:00 DEBUG (7): Starting Order Import process for store: International (3)
2015-04-22T11:45:02+00:00 DEBUG (7): Starting Order Import process for store: Retail (1)
2015-04-22T11:45:02+00:00 DEBUG (7): Starting Order Import process for store: Wholesale (2)
2015-04-22T12:00:04+00:00 DEBUG (7): Starting Order Import process for store: Admin (0)
2015-04-22T12:00:04+00:00 DEBUG (7): Starting Order Import process for store: International (3)
2015-04-22T12:00:04+00:00 DEBUG (7): Starting Order Import process for store: Retail (1)
2015-04-22T12:00:04+00:00 DEBUG (7): Starting Order Import process for store: Wholesale (2)
2015-04-22T12:15:03+00:00 DEBUG (7): Starting Order Import process for store: Admin (0)
2015-04-22T12:15:03+00:00 DEBUG (7): Starting Order Import process for store: International (3)
2015-04-22T12:15:03+00:00 DEBUG (7): Starting Order Import process for store: Retail (1)
2015-04-22T12:15:03+00:00 DEBUG (7): Starting Order Import process for store: Wholesale (2)
2015-04-22T12:30:02+00:00 DEBUG (7): Starting Order Import process for store: Admin (0)
2015-04-22T12:30:02+00:00 DEBUG (7): Starting Order Import process for store: International (3)
2015-04-22T12:30:02+00:00 DEBUG (7): Starting Order Import process for store: Retail (1)
2015-04-22T12:30:02+00:00 DEBUG (7): Starting Order Import process for store: Wholesale (2)
2015-04-22T12:45:02+00:00 DEBUG (7): Starting Order Import process for store: Admin (0)
2015-04-22T12:45:02+00:00 DEBUG (7): Starting Order Import process for store: International (3)
2015-04-22T12:45:02+00:00 DEBUG (7): Starting Order Import process for store: Retail (1)
2015-04-22T12:45:02+00:00 DEBUG (7):  Importing: New, Pending Payment, Processing, Complete, Payment Review
2015-04-22T12:45:02+00:00 DEBUG (7):   Deleting: Closed, Canceled, On Hold
2015-04-22T12:45:02+00:00 DEBUG (7):   Processing Order ID: 41530 	 #200034322
2015-04-22T12:45:07+00:00 DEBUG (7):   Flush resulted in 1 orders processed
2015-04-22T12:45:07+00:00 DEBUG (7):   Success: 1
2015-04-22T12:45:07+00:00 DEBUG (7):   Error:   0
2015-04-22T12:45:07+00:00 DEBUG (7):   Total:   1
2015-04-22T12:45:07+00:00 DEBUG (7): Starting Order Import process for store: Wholesale (2)
2015-04-22T13:00:02+00:00 DEBUG (7): Starting Order Import process for store: Admin (0)
2015-04-22T13:00:02+00:00 DEBUG (7): Starting Order Import process for store: International (3)
2015-04-22T13:00:02+00:00 DEBUG (7): Starting Order Import process for store: Retail (1)
2015-04-22T13:00:02+00:00 DEBUG (7): Starting Order Import process for store: Wholesale (2)
2015-04-22T13:15:02+00:00 DEBUG (7): Starting Order Import process for store: Admin (0)
2015-04-22T13:15:02+00:00 DEBUG (7): Starting Order Import process for store: International (3)
2015-04-22T13:15:02+00:00 DEBUG (7): Starting Order Import process for store: Retail (1)
2015-04-22T13:15:02+00:00 DEBUG (7): Starting Order Import process for store: Wholesale (2)
2015-04-22T13:30:03+00:00 DEBUG (7): Starting Order Import process for store: Admin (0)
2015-04-22T13:30:03+00:00 DEBUG (7): Starting Order Import process for store: International (3)
2015-04-22T13:30:03+00:00 DEBUG (7): Starting Order Import process for store: Retail (1)
2015-04-22T13:30:03+00:00 DEBUG (7): Starting Order Import process for store: Wholesale (2)
2015-04-22T13:45:02+00:00 DEBUG (7): Starting Order Import process for store: Admin (0)
2015-04-22T13:45:02+00:00 DEBUG (7): Starting Order Import process for store: International (3)
2015-04-22T13:45:02+00:00 DEBUG (7): Starting Order Import process for store: Retail (1)
2015-04-22T13:45:02+00:00 DEBUG (7): Starting Order Import process for store: Wholesale (2)
2015-04-22T14:00:03+00:00 DEBUG (7): Starting Order Import process for store: Admin (0)
2015-04-22T14:00:03+00:00 DEBUG (7): Starting Order Import process for store: International (3)
2015-04-22T14:00:03+00:00 DEBUG (7): Starting Order Import process for store: Retail (1)
2015-04-22T14:00:03+00:00 DEBUG (7): Starting Order Import process for store: Wholesale (2)
2015-04-22T14:15:03+00:00 DEBUG (7): Starting Order Import process for store: Admin (0)
2015-04-22T14:15:03+00:00 DEBUG (7): Starting Order Import process for store: International (3)
2015-04-22T14:15:03+00:00 DEBUG (7): Starting Order Import process for store: Retail (1)
2015-04-22T14:15:03+00:00 DEBUG (7): Starting Order Import process for store: Wholesale (2)
2015-04-22T14:30:02+00:00 DEBUG (7): Starting Order Import process for store: Admin (0)
2015-04-22T14:30:02+00:00 DEBUG (7): Starting Order Import process for store: International (3)
2015-04-22T14:30:02+00:00 DEBUG (7): Starting Order Import process for store: Retail (1)
2015-04-22T14:30:02+00:00 DEBUG (7): Starting Order Import process for store: Wholesale (2)
2015-04-22T14:45:02+00:00 DEBUG (7): Starting Order Import process for store: Admin (0)
2015-04-22T14:45:02+00:00 DEBUG (7): Starting Order Import process for store: International (3)
2015-04-22T14:45:02+00:00 DEBUG (7): Starting Order Import process for store: Retail (1)
2015-04-22T14:45:02+00:00 DEBUG (7): Starting Order Import process for store: Wholesale (2)
2015-04-22T15:00:03+00:00 DEBUG (7): Starting Order Import process for store: Admin (0)
2015-04-22T15:00:03+00:00 DEBUG (7): Starting Order Import process for store: International (3)
2015-04-22T15:00:03+00:00 DEBUG (7): Starting Order Import process for store: Retail (1)
2015-04-22T15:00:03+00:00 DEBUG (7): Starting Order Import process for store: Wholesale (2)
2015-04-22T15:15:05+00:00 DEBUG (7): Starting Order Import process for store: Admin (0)
2015-04-22T15:15:05+00:00 DEBUG (7): Starting Order Import process for store: International (3)
2015-04-22T15:15:05+00:00 DEBUG (7): Starting Order Import process for store: Retail (1)
2015-04-22T15:15:05+00:00 DEBUG (7): Starting Order Import process for store: Wholesale (2)
2015-04-22T15:15:05+00:00 DEBUG (7):  Importing: New, Pending Payment, Processing, Complete, Payment Review
2015-04-22T15:15:05+00:00 DEBUG (7):   Deleting: Closed, Canceled, On Hold
2015-04-22T15:15:05+00:00 DEBUG (7):   Processing Order ID: 41531 	 #250007550
2015-04-22T15:15:08+00:00 DEBUG (7):   Flush resulted in 1 orders processed
2015-04-22T15:15:08+00:00 DEBUG (7):   Success: 1
2015-04-22T15:15:08+00:00 DEBUG (7):   Error:   0
2015-04-22T15:15:08+00:00 DEBUG (7):   Total:   1
2015-04-22T15:30:02+00:00 DEBUG (7): Starting Order Import process for store: Admin (0)
2015-04-22T15:30:02+00:00 DEBUG (7): Starting Order Import process for store: International (3)
2015-04-22T15:30:02+00:00 DEBUG (7): Starting Order Import process for store: Retail (1)
2015-04-22T15:30:02+00:00 DEBUG (7): Starting Order Import process for store: Wholesale (2)
2015-04-22T15:50:02+00:00 DEBUG (7): Starting Order Import process for store: Admin (0)
2015-04-22T15:50:02+00:00 DEBUG (7): Starting Order Import process for store: International (3)
2015-04-22T15:50:02+00:00 DEBUG (7): Starting Order Import process for store: Retail (1)
2015-04-22T15:50:02+00:00 DEBUG (7): Starting Order Import process for store: Wholesale (2)
2015-04-22T16:00:02+00:00 DEBUG (7): Starting Order Import process for store: Admin (0)
2015-04-22T16:00:02+00:00 DEBUG (7): Starting Order Import process for store: International (3)
2015-04-22T16:00:02+00:00 DEBUG (7): Starting Order Import process for store: Retail (1)
2015-04-22T16:00:02+00:00 DEBUG (7): Starting Order Import process for store: Wholesale (2)
2015-04-22T16:15:03+00:00 DEBUG (7): Starting Order Import process for store: Admin (0)
2015-04-22T16:15:03+00:00 DEBUG (7): Starting Order Import process for store: International (3)
2015-04-22T16:15:03+00:00 DEBUG (7): Starting Order Import process for store: Retail (1)
2015-04-22T16:15:03+00:00 DEBUG (7):  Importing: New, Pending Payment, Processing, Complete, Payment Review
2015-04-22T16:15:03+00:00 DEBUG (7):   Deleting: Closed, Canceled, On Hold
2015-04-22T16:15:03+00:00 DEBUG (7):   Processing Order ID: 41523 	 #200034318
2015-04-22T16:15:04+00:00 DEBUG (7):   Processing Order ID: 41522 	 #200034317
2015-04-22T16:15:04+00:00 DEBUG (7):   Processing Order ID: 41521 	 #200034316
2015-04-22T16:15:11+00:00 DEBUG (7):   Flush resulted in 3 orders processed
2015-04-22T16:15:11+00:00 DEBUG (7):   Success: 3
2015-04-22T16:15:11+00:00 DEBUG (7):   Error:   0
2015-04-22T16:15:11+00:00 DEBUG (7):   Total:   3
2015-04-22T16:15:11+00:00 DEBUG (7): Starting Order Import process for store: Wholesale (2)
2015-04-22T16:15:11+00:00 DEBUG (7):  Importing: New, Pending Payment, Processing, Complete, Payment Review
2015-04-22T16:15:11+00:00 DEBUG (7):   Deleting: Closed, Canceled, On Hold
2015-04-22T16:15:11+00:00 DEBUG (7):   Processing Order ID: 41457 	 #250007515
2015-04-22T16:15:11+00:00 DEBUG (7):   Processing Order ID: 41458 	 #250007516
2015-04-22T16:15:11+00:00 DEBUG (7):   Processing Order ID: 41459 	 #250007517
2015-04-22T16:15:11+00:00 DEBUG (7):   Processing Order ID: 41460 	 #250007518
2015-04-22T16:15:18+00:00 DEBUG (7):   Flush resulted in 4 orders processed
2015-04-22T16:15:18+00:00 DEBUG (7):   Success: 4
2015-04-22T16:15:18+00:00 DEBUG (7):   Error:   0
2015-04-22T16:15:18+00:00 DEBUG (7):   Total:   4
2015-04-22T16:30:03+00:00 DEBUG (7): Starting Order Import process for store: Admin (0)
2015-04-22T16:30:03+00:00 DEBUG (7): Starting Order Import process for store: International (3)
2015-04-22T16:30:03+00:00 DEBUG (7): Starting Order Import process for store: Retail (1)
2015-04-22T16:30:03+00:00 DEBUG (7): Starting Order Import process for store: Wholesale (2)
2015-04-22T16:30:03+00:00 DEBUG (7):  Importing: New, Pending Payment, Processing, Complete, Payment Review
2015-04-22T16:30:03+00:00 DEBUG (7):   Deleting: Closed, Canceled, On Hold
2015-04-22T16:30:03+00:00 DEBUG (7):   Processing Order ID: 41531 	 #250007550
2015-04-22T16:30:03+00:00 DEBUG (7):   Processing Order ID: 41524 	 #250007548
2015-04-22T16:30:03+00:00 DEBUG (7):   Processing Order ID: 41456 	 #250007514
2015-04-22T16:30:08+00:00 DEBUG (7):   Flush resulted in 3 orders processed
2015-04-22T16:30:08+00:00 DEBUG (7):   Success: 3
2015-04-22T16:30:08+00:00 DEBUG (7):   Error:   0
2015-04-22T16:30:08+00:00 DEBUG (7):   Total:   3
2015-04-22T16:45:02+00:00 DEBUG (7): Starting Order Import process for store: Admin (0)
2015-04-22T16:45:02+00:00 DEBUG (7): Starting Order Import process for store: International (3)
2015-04-22T16:45:02+00:00 DEBUG (7): Starting Order Import process for store: Retail (1)
2015-04-22T16:45:02+00:00 DEBUG (7):  Importing: New, Pending Payment, Processing, Complete, Payment Review
2015-04-22T16:45:02+00:00 DEBUG (7):   Deleting: Closed, Canceled, On Hold
2015-04-22T16:45:02+00:00 DEBUG (7):   Processing Order ID: 41530 	 #200034322
2015-04-22T16:45:02+00:00 DEBUG (7):   Processing Order ID: 41529 	 #200034320
2015-04-22T16:45:04+00:00 DEBUG (7):   Flush resulted in 2 orders processed
2015-04-22T16:45:04+00:00 DEBUG (7):   Success: 2
2015-04-22T16:45:04+00:00 DEBUG (7):   Error:   0
2015-04-22T16:45:04+00:00 DEBUG (7):   Total:   2
2015-04-22T16:45:04+00:00 DEBUG (7): Starting Order Import process for store: Wholesale (2)
2015-04-22T16:45:04+00:00 DEBUG (7):  Importing: New, Pending Payment, Processing, Complete, Payment Review
2015-04-22T16:45:04+00:00 DEBUG (7):   Deleting: Closed, Canceled, On Hold
2015-04-22T16:45:04+00:00 DEBUG (7):   Processing Order ID: 41520 	 #250007547
2015-04-22T16:45:04+00:00 DEBUG (7):   Processing Order ID: 41525 	 #250007549
2015-04-22T16:45:04+00:00 DEBUG (7):   Processing Order ID: 41456 	 #250007514
2015-04-22T16:45:05+00:00 DEBUG (7):   Processing Order ID: 41524 	 #250007548
2015-04-22T16:45:05+00:00 DEBUG (7):   Processing Order ID: 41531 	 #250007550
2015-04-22T16:45:09+00:00 DEBUG (7):   Flush resulted in 5 orders processed
2015-04-22T16:45:09+00:00 DEBUG (7):   Success: 5
2015-04-22T16:45:09+00:00 DEBUG (7):   Error:   0
2015-04-22T16:45:09+00:00 DEBUG (7):   Total:   5
2015-04-22T17:00:02+00:00 DEBUG (7): Starting Order Import process for store: Admin (0)
2015-04-22T17:00:02+00:00 DEBUG (7): Starting Order Import process for store: International (3)
2015-04-22T17:00:02+00:00 DEBUG (7): Starting Order Import process for store: Retail (1)
2015-04-22T17:00:02+00:00 DEBUG (7):  Importing: New, Pending Payment, Processing, Complete, Payment Review
2015-04-22T17:00:02+00:00 DEBUG (7):   Deleting: Closed, Canceled, On Hold
2015-04-22T17:00:02+00:00 DEBUG (7):   Processing Order ID: 41530 	 #200034322
2015-04-22T17:00:03+00:00 DEBUG (7):   Processing Order ID: 41529 	 #200034320
2015-04-22T17:00:06+00:00 DEBUG (7):   Flush resulted in 2 orders processed
2015-04-22T17:00:06+00:00 DEBUG (7):   Success: 2
2015-04-22T17:00:06+00:00 DEBUG (7):   Error:   0
2015-04-22T17:00:06+00:00 DEBUG (7):   Total:   2
2015-04-22T17:00:06+00:00 DEBUG (7): Starting Order Import process for store: Wholesale (2)
2015-04-22T17:00:06+00:00 DEBUG (7):  Importing: New, Pending Payment, Processing, Complete, Payment Review
2015-04-22T17:00:06+00:00 DEBUG (7):   Deleting: Closed, Canceled, On Hold
2015-04-22T17:00:06+00:00 DEBUG (7):   Processing Order ID: 41532 	 #250007551
2015-04-22T17:00:07+00:00 DEBUG (7):   Flush resulted in 1 orders processed
2015-04-22T17:00:07+00:00 DEBUG (7):   Success: 1
2015-04-22T17:00:07+00:00 DEBUG (7):   Error:   0
2015-04-22T17:00:07+00:00 DEBUG (7):   Total:   1
2015-04-22T17:15:06+00:00 DEBUG (7): Starting Order Import process for store: Admin (0)
2015-04-22T17:15:06+00:00 DEBUG (7): Starting Order Import process for store: International (3)
2015-04-22T17:15:06+00:00 DEBUG (7): Starting Order Import process for store: Retail (1)
2015-04-22T17:15:06+00:00 DEBUG (7): Starting Order Import process for store: Wholesale (2)
2015-04-22T17:30:02+00:00 DEBUG (7): Starting Order Import process for store: Admin (0)
2015-04-22T17:30:02+00:00 DEBUG (7): Starting Order Import process for store: International (3)
2015-04-22T17:30:02+00:00 DEBUG (7): Starting Order Import process for store: Retail (1)
2015-04-22T17:30:02+00:00 DEBUG (7): Starting Order Import process for store: Wholesale (2)
2015-04-22T17:45:02+00:00 DEBUG (7): Starting Order Import process for store: Admin (0)
2015-04-22T17:45:02+00:00 DEBUG (7): Starting Order Import process for store: International (3)
2015-04-22T17:45:02+00:00 DEBUG (7): Starting Order Import process for store: Retail (1)
2015-04-22T17:45:02+00:00 DEBUG (7):  Importing: New, Pending Payment, Processing, Complete, Payment Review
2015-04-22T17:45:02+00:00 DEBUG (7):   Deleting: Closed, Canceled, On Hold
2015-04-22T17:45:02+00:00 DEBUG (7):   Processing Order ID: 41534 	 #200034324
2015-04-22T17:45:02+00:00 DEBUG (7):   Processing Order ID: 41533 	 #200034323
2015-04-22T17:45:07+00:00 DEBUG (7):   Flush resulted in 2 orders processed
2015-04-22T17:45:07+00:00 DEBUG (7):   Success: 2
2015-04-22T17:45:07+00:00 DEBUG (7):   Error:   0
2015-04-22T17:45:07+00:00 DEBUG (7):   Total:   2
2015-04-22T17:45:07+00:00 DEBUG (7): Starting Order Import process for store: Wholesale (2)
2015-04-22T18:00:02+00:00 DEBUG (7): Starting Order Import process for store: Admin (0)
2015-04-22T18:00:02+00:00 DEBUG (7): Starting Order Import process for store: International (3)
2015-04-22T18:00:02+00:00 DEBUG (7): Starting Order Import process for store: Retail (1)
2015-04-22T18:00:02+00:00 DEBUG (7): Starting Order Import process for store: Wholesale (2)
2015-04-22T18:15:02+00:00 DEBUG (7): Starting Order Import process for store: Admin (0)
2015-04-22T18:15:02+00:00 DEBUG (7): Starting Order Import process for store: International (3)
2015-04-22T18:15:02+00:00 DEBUG (7): Starting Order Import process for store: Retail (1)
2015-04-22T18:15:02+00:00 DEBUG (7): Starting Order Import process for store: Wholesale (2)
2015-04-22T18:35:02+00:00 DEBUG (7): Starting Order Import process for store: Admin (0)
2015-04-22T18:35:02+00:00 DEBUG (7): Starting Order Import process for store: International (3)
2015-04-22T18:35:02+00:00 DEBUG (7): Starting Order Import process for store: Retail (1)
2015-04-22T18:35:02+00:00 DEBUG (7):  Importing: New, Pending Payment, Processing, Complete, Payment Review
2015-04-22T18:35:02+00:00 DEBUG (7):   Deleting: Closed, Canceled, On Hold
2015-04-22T18:35:02+00:00 DEBUG (7):   Processing Order ID: 41530 	 #200034322
2015-04-22T18:35:03+00:00 DEBUG (7):   Processing Order ID: 41529 	 #200034320
2015-04-22T18:35:04+00:00 DEBUG (7):   Flush resulted in 2 orders processed
2015-04-22T18:35:04+00:00 DEBUG (7):   Success: 2
2015-04-22T18:35:04+00:00 DEBUG (7):   Error:   0
2015-04-22T18:35:04+00:00 DEBUG (7):   Total:   2
2015-04-22T18:35:04+00:00 DEBUG (7): Starting Order Import process for store: Wholesale (2)
2015-04-22T18:35:04+00:00 DEBUG (7):  Importing: New, Pending Payment, Processing, Complete, Payment Review
2015-04-22T18:35:04+00:00 DEBUG (7):   Deleting: Closed, Canceled, On Hold
2015-04-22T18:35:04+00:00 DEBUG (7):   Processing Order ID: 41456 	 #250007514
2015-04-22T18:35:04+00:00 DEBUG (7):   Processing Order ID: 41524 	 #250007548
2015-04-22T18:35:04+00:00 DEBUG (7):   Processing Order ID: 41531 	 #250007550
2015-04-22T18:35:06+00:00 DEBUG (7):   Flush resulted in 3 orders processed
2015-04-22T18:35:06+00:00 DEBUG (7):   Success: 3
2015-04-22T18:35:06+00:00 DEBUG (7):   Error:   0
2015-04-22T18:35:06+00:00 DEBUG (7):   Total:   3
2015-04-22T18:45:02+00:00 DEBUG (7): Starting Order Import process for store: Admin (0)
2015-04-22T18:45:02+00:00 DEBUG (7): Starting Order Import process for store: International (3)
2015-04-22T18:45:02+00:00 DEBUG (7): Starting Order Import process for store: Retail (1)
2015-04-22T18:45:02+00:00 DEBUG (7): Starting Order Import process for store: Wholesale (2)
2015-04-22T18:45:02+00:00 DEBUG (7):  Importing: New, Pending Payment, Processing, Complete, Payment Review
2015-04-22T18:45:02+00:00 DEBUG (7):   Deleting: Closed, Canceled, On Hold
2015-04-22T18:45:02+00:00 DEBUG (7):   Processing Order ID: 41532 	 #250007551
2015-04-22T18:45:06+00:00 DEBUG (7):   Flush resulted in 1 orders processed
2015-04-22T18:45:06+00:00 DEBUG (7):   Success: 1
2015-04-22T18:45:06+00:00 DEBUG (7):   Error:   0
2015-04-22T18:45:06+00:00 DEBUG (7):   Total:   1
2015-04-22T19:00:02+00:00 DEBUG (7): Starting Order Import process for store: Admin (0)
2015-04-22T19:00:02+00:00 DEBUG (7): Starting Order Import process for store: International (3)
2015-04-22T19:00:02+00:00 DEBUG (7): Starting Order Import process for store: Retail (1)
2015-04-22T19:00:02+00:00 DEBUG (7): Starting Order Import process for store: Wholesale (2)
2015-04-22T19:15:02+00:00 DEBUG (7): Starting Order Import process for store: Admin (0)
2015-04-22T19:15:02+00:00 DEBUG (7): Starting Order Import process for store: International (3)
2015-04-22T19:15:02+00:00 DEBUG (7): Starting Order Import process for store: Retail (1)
2015-04-22T19:15:02+00:00 DEBUG (7): Starting Order Import process for store: Wholesale (2)
2015-04-22T19:30:02+00:00 DEBUG (7): Starting Order Import process for store: Admin (0)
2015-04-22T19:30:02+00:00 DEBUG (7): Starting Order Import process for store: International (3)
2015-04-22T19:30:02+00:00 DEBUG (7): Starting Order Import process for store: Retail (1)
2015-04-22T19:30:02+00:00 DEBUG (7): Starting Order Import process for store: Wholesale (2)
2015-04-22T19:45:02+00:00 DEBUG (7): Starting Order Import process for store: Admin (0)
2015-04-22T19:45:02+00:00 DEBUG (7): Starting Order Import process for store: International (3)
2015-04-22T19:45:02+00:00 DEBUG (7): Starting Order Import process for store: Retail (1)
2015-04-22T19:45:02+00:00 DEBUG (7):  Importing: New, Pending Payment, Processing, Complete, Payment Review
2015-04-22T19:45:02+00:00 DEBUG (7):   Deleting: Closed, Canceled, On Hold
2015-04-22T19:45:02+00:00 DEBUG (7):   Processing Order ID: 41536 	 #200034326
2015-04-22T19:45:02+00:00 DEBUG (7):   Processing Order ID: 41535 	 #200034325
2015-04-22T19:45:04+00:00 DEBUG (7):   Flush resulted in 2 orders processed
2015-04-22T19:45:04+00:00 DEBUG (7):   Success: 2
2015-04-22T19:45:04+00:00 DEBUG (7):   Error:   0
2015-04-22T19:45:04+00:00 DEBUG (7):   Total:   2
2015-04-22T19:45:04+00:00 DEBUG (7): Starting Order Import process for store: Wholesale (2)
2015-04-22T20:00:02+00:00 DEBUG (7): Starting Order Import process for store: Admin (0)
2015-04-22T20:00:02+00:00 DEBUG (7): Starting Order Import process for store: International (3)
2015-04-22T20:00:02+00:00 DEBUG (7): Starting Order Import process for store: Retail (1)
2015-04-22T20:00:02+00:00 DEBUG (7): Starting Order Import process for store: Wholesale (2)
2015-04-22T20:15:02+00:00 DEBUG (7): Starting Order Import process for store: Admin (0)
2015-04-22T20:15:02+00:00 DEBUG (7): Starting Order Import process for store: International (3)
2015-04-22T20:15:02+00:00 DEBUG (7): Starting Order Import process for store: Retail (1)
2015-04-22T20:15:02+00:00 DEBUG (7): Starting Order Import process for store: Wholesale (2)
2015-04-22T20:15:02+00:00 DEBUG (7):  Importing: New, Pending Payment, Processing, Complete, Payment Review
2015-04-22T20:15:02+00:00 DEBUG (7):   Deleting: Closed, Canceled, On Hold
2015-04-22T20:15:02+00:00 DEBUG (7):   Processing Order ID: 41537 	 #250007552
2015-04-22T20:15:04+00:00 DEBUG (7):   Flush resulted in 1 orders processed
2015-04-22T20:15:04+00:00 DEBUG (7):   Success: 1
2015-04-22T20:15:04+00:00 DEBUG (7):   Error:   0
2015-04-22T20:15:04+00:00 DEBUG (7):   Total:   1
2015-04-22T20:35:03+00:00 DEBUG (7): Starting Order Import process for store: Admin (0)
2015-04-22T20:35:03+00:00 DEBUG (7): Starting Order Import process for store: International (3)
2015-04-22T20:35:03+00:00 DEBUG (7): Starting Order Import process for store: Retail (1)
2015-04-22T20:35:03+00:00 DEBUG (7): Starting Order Import process for store: Wholesale (2)
2015-04-22T20:45:02+00:00 DEBUG (7): Starting Order Import process for store: Admin (0)
2015-04-22T20:45:02+00:00 DEBUG (7): Starting Order Import process for store: International (3)
2015-04-22T20:45:02+00:00 DEBUG (7): Starting Order Import process for store: Retail (1)
2015-04-22T20:45:02+00:00 DEBUG (7): Starting Order Import process for store: Wholesale (2)
2015-04-22T21:00:03+00:00 DEBUG (7): Starting Order Import process for store: Admin (0)
2015-04-22T21:00:03+00:00 DEBUG (7): Starting Order Import process for store: International (3)
2015-04-22T21:00:03+00:00 DEBUG (7): Starting Order Import process for store: Retail (1)
2015-04-22T21:00:03+00:00 DEBUG (7): Starting Order Import process for store: Wholesale (2)
2015-04-22T21:15:03+00:00 DEBUG (7): Starting Order Import process for store: Admin (0)
2015-04-22T21:15:03+00:00 DEBUG (7): Starting Order Import process for store: International (3)
2015-04-22T21:15:03+00:00 DEBUG (7): Starting Order Import process for store: Retail (1)
2015-04-22T21:15:03+00:00 DEBUG (7):  Importing: New, Pending Payment, Processing, Complete, Payment Review
2015-04-22T21:15:03+00:00 DEBUG (7):   Deleting: Closed, Canceled, On Hold
2015-04-22T21:15:03+00:00 DEBUG (7):   Processing Order ID: 41538 	 #200034328
2015-04-22T21:15:04+00:00 DEBUG (7):   Flush resulted in 1 orders processed
2015-04-22T21:15:04+00:00 DEBUG (7):   Success: 1
2015-04-22T21:15:04+00:00 DEBUG (7):   Error:   0
2015-04-22T21:15:04+00:00 DEBUG (7):   Total:   1
2015-04-22T21:15:04+00:00 DEBUG (7): Starting Order Import process for store: Wholesale (2)
2015-04-22T21:30:02+00:00 DEBUG (7): Starting Order Import process for store: Admin (0)
2015-04-22T21:30:02+00:00 DEBUG (7): Starting Order Import process for store: International (3)
2015-04-22T21:30:02+00:00 DEBUG (7): Starting Order Import process for store: Retail (1)
2015-04-22T21:30:02+00:00 DEBUG (7): Starting Order Import process for store: Wholesale (2)
2015-04-22T21:45:02+00:00 DEBUG (7): Starting Order Import process for store: Admin (0)
2015-04-22T21:45:02+00:00 DEBUG (7): Starting Order Import process for store: International (3)
2015-04-22T21:45:02+00:00 DEBUG (7): Starting Order Import process for store: Retail (1)
2015-04-22T21:45:02+00:00 DEBUG (7):  Importing: New, Pending Payment, Processing, Complete, Payment Review
2015-04-22T21:45:02+00:00 DEBUG (7):   Deleting: Closed, Canceled, On Hold
2015-04-22T21:45:02+00:00 DEBUG (7):   Processing Order ID: 41533 	 #200034323
2015-04-22T21:45:03+00:00 DEBUG (7):   Processing Order ID: 41534 	 #200034324
2015-04-22T21:45:03+00:00 DEBUG (7):   Processing Order ID: 41539 	 #200034329
2015-04-22T21:45:05+00:00 DEBUG (7):   Flush resulted in 3 orders processed
2015-04-22T21:45:05+00:00 DEBUG (7):   Success: 3
2015-04-22T21:45:05+00:00 DEBUG (7):   Error:   0
2015-04-22T21:45:05+00:00 DEBUG (7):   Total:   3
2015-04-22T21:45:05+00:00 DEBUG (7): Starting Order Import process for store: Wholesale (2)
2015-04-22T22:00:03+00:00 DEBUG (7): Starting Order Import process for store: Admin (0)
2015-04-22T22:00:03+00:00 DEBUG (7): Starting Order Import process for store: International (3)
2015-04-22T22:00:03+00:00 DEBUG (7): Starting Order Import process for store: Retail (1)
2015-04-22T22:00:03+00:00 DEBUG (7): Starting Order Import process for store: Wholesale (2)
2015-04-22T22:15:02+00:00 DEBUG (7): Starting Order Import process for store: Admin (0)
2015-04-22T22:15:02+00:00 DEBUG (7): Starting Order Import process for store: International (3)
2015-04-22T22:15:02+00:00 DEBUG (7): Starting Order Import process for store: Retail (1)
2015-04-22T22:15:02+00:00 DEBUG (7): Starting Order Import process for store: Wholesale (2)
2015-04-22T22:15:02+00:00 DEBUG (7):  Importing: New, Pending Payment, Processing, Complete, Payment Review
2015-04-22T22:15:02+00:00 DEBUG (7):   Deleting: Closed, Canceled, On Hold
2015-04-22T22:15:02+00:00 DEBUG (7):   Processing Order ID: 41540 	 #250007553
2015-04-22T22:15:02+00:00 DEBUG (7):   Processing Order ID: 41474 	 #250007523
2015-04-22T22:15:02+00:00 DEBUG (7):   Processing Order ID: 41473 	 #250007522
2015-04-22T22:15:02+00:00 DEBUG (7):   Processing Order ID: 41472 	 #250007521
2015-04-22T22:15:02+00:00 DEBUG (7):   Processing Order ID: 41471 	 #250007520
2015-04-22T22:15:02+00:00 DEBUG (7):   Processing Order ID: 41478 	 #250007527
2015-04-22T22:15:02+00:00 DEBUG (7):   Processing Order ID: 41477 	 #250007526
2015-04-22T22:15:02+00:00 DEBUG (7):   Processing Order ID: 41476 	 #250007525
2015-04-22T22:15:02+00:00 DEBUG (7):   Processing Order ID: 41475 	 #250007524
2015-04-22T22:15:02+00:00 DEBUG (7):   Processing Order ID: 41481 	 #250007530
2015-04-22T22:15:02+00:00 DEBUG (7):   Processing Order ID: 41480 	 #250007529
2015-04-22T22:15:02+00:00 DEBUG (7):   Processing Order ID: 41479 	 #250007528
2015-04-22T22:15:02+00:00 DEBUG (7):   Processing Order ID: 41484 	 #250007533
2015-04-22T22:15:02+00:00 DEBUG (7):   Processing Order ID: 41483 	 #250007532
2015-04-22T22:15:02+00:00 DEBUG (7):   Processing Order ID: 41482 	 #250007531
2015-04-22T22:15:02+00:00 DEBUG (7):   Processing Order ID: 41487 	 #250007536
2015-04-22T22:15:02+00:00 DEBUG (7):   Processing Order ID: 41486 	 #250007535
2015-04-22T22:15:02+00:00 DEBUG (7):   Processing Order ID: 41485 	 #250007534
2015-04-22T22:15:03+00:00 DEBUG (7):   Processing Order ID: 41490 	 #250007539
2015-04-22T22:15:03+00:00 DEBUG (7):   Processing Order ID: 41489 	 #250007538
2015-04-22T22:15:03+00:00 DEBUG (7):   Processing Order ID: 41488 	 #250007537
2015-04-22T22:15:03+00:00 DEBUG (7):   Processing Order ID: 41493 	 #250007542
2015-04-22T22:15:03+00:00 DEBUG (7):   Processing Order ID: 41492 	 #250007541
2015-04-22T22:15:03+00:00 DEBUG (7):   Processing Order ID: 41491 	 #250007540
2015-04-22T22:15:03+00:00 DEBUG (7):   Processing Order ID: 41494 	 #250007543
2015-04-22T22:15:14+00:00 DEBUG (7):   Flush resulted in 25 orders processed
2015-04-22T22:15:14+00:00 DEBUG (7):   Success: 25
2015-04-22T22:15:14+00:00 DEBUG (7):   Error:   0
2015-04-22T22:15:14+00:00 DEBUG (7):   Total:   25
2015-04-22T22:30:02+00:00 DEBUG (7): Starting Order Import process for store: Admin (0)
2015-04-22T22:30:02+00:00 DEBUG (7): Starting Order Import process for store: International (3)
2015-04-22T22:30:02+00:00 DEBUG (7): Starting Order Import process for store: Retail (1)
2015-04-22T22:30:02+00:00 DEBUG (7):  Importing: New, Pending Payment, Processing, Complete, Payment Review
2015-04-22T22:30:02+00:00 DEBUG (7):   Deleting: Closed, Canceled, On Hold
2015-04-22T22:30:02+00:00 DEBUG (7):   Processing Order ID: 41541 	 #200034330
2015-04-22T22:30:04+00:00 DEBUG (7):   Flush resulted in 1 orders processed
2015-04-22T22:30:04+00:00 DEBUG (7):   Success: 1
2015-04-22T22:30:04+00:00 DEBUG (7):   Error:   0
2015-04-22T22:30:04+00:00 DEBUG (7):   Total:   1
2015-04-22T22:30:04+00:00 DEBUG (7): Starting Order Import process for store: Wholesale (2)
2015-04-22T22:45:27+00:00 DEBUG (7): Starting Order Import process for store: Admin (0)
2015-04-22T22:45:27+00:00 DEBUG (7): Starting Order Import process for store: International (3)
2015-04-22T22:45:27+00:00 DEBUG (7): Starting Order Import process for store: Retail (1)
2015-04-22T22:45:27+00:00 DEBUG (7):  Importing: New, Pending Payment, Processing, Complete, Payment Review
2015-04-22T22:45:27+00:00 DEBUG (7):   Deleting: Closed, Canceled, On Hold
2015-04-22T22:45:27+00:00 DEBUG (7):   Processing Order ID: 41542 	 #200034331
2015-04-22T22:45:27+00:00 DEBUG (7):   Processing Order ID: 41536 	 #200034326
2015-04-22T22:45:30+00:00 DEBUG (7):   Flush resulted in 2 orders processed
2015-04-22T22:45:30+00:00 DEBUG (7):   Success: 2
2015-04-22T22:45:30+00:00 DEBUG (7):   Error:   0
2015-04-22T22:45:30+00:00 DEBUG (7):   Total:   2
2015-04-22T22:45:30+00:00 DEBUG (7): Starting Order Import process for store: Wholesale (2)
2015-04-22T23:00:03+00:00 DEBUG (7): Starting Order Import process for store: Admin (0)
2015-04-22T23:00:03+00:00 DEBUG (7): Starting Order Import process for store: International (3)
2015-04-22T23:00:03+00:00 DEBUG (7): Starting Order Import process for store: Retail (1)
2015-04-22T23:00:03+00:00 DEBUG (7): Starting Order Import process for store: Wholesale (2)
2015-04-22T23:15:02+00:00 DEBUG (7): Starting Order Import process for store: Admin (0)
2015-04-22T23:15:02+00:00 DEBUG (7): Starting Order Import process for store: International (3)
2015-04-22T23:15:02+00:00 DEBUG (7): Starting Order Import process for store: Retail (1)
2015-04-22T23:15:02+00:00 DEBUG (7):  Importing: New, Pending Payment, Processing, Complete, Payment Review
2015-04-22T23:15:02+00:00 DEBUG (7):   Deleting: Closed, Canceled, On Hold
2015-04-22T23:15:02+00:00 DEBUG (7):   Processing Order ID: 41545 	 #200034333
2015-04-22T23:15:04+00:00 DEBUG (7):   Flush resulted in 1 orders processed
2015-04-22T23:15:04+00:00 DEBUG (7):   Success: 1
2015-04-22T23:15:04+00:00 DEBUG (7):   Error:   0
2015-04-22T23:15:04+00:00 DEBUG (7):   Total:   1
2015-04-22T23:15:04+00:00 DEBUG (7): Starting Order Import process for store: Wholesale (2)
2015-04-22T23:35:02+00:00 DEBUG (7): Starting Order Import process for store: Admin (0)
2015-04-22T23:35:02+00:00 DEBUG (7): Starting Order Import process for store: International (3)
2015-04-22T23:35:02+00:00 DEBUG (7): Starting Order Import process for store: Retail (1)
2015-04-22T23:35:02+00:00 DEBUG (7):  Importing: New, Pending Payment, Processing, Complete, Payment Review
2015-04-22T23:35:02+00:00 DEBUG (7):   Deleting: Closed, Canceled, On Hold
2015-04-22T23:35:02+00:00 DEBUG (7):   Processing Order ID: 41548 	 #200034336
2015-04-22T23:35:02+00:00 DEBUG (7):   Processing Order ID: 41547 	 #200034335
2015-04-22T23:35:03+00:00 DEBUG (7):   Processing Order ID: 41546 	 #200034334
2015-04-22T23:35:04+00:00 DEBUG (7):   Flush resulted in 3 orders processed
2015-04-22T23:35:04+00:00 DEBUG (7):   Success: 3
2015-04-22T23:35:04+00:00 DEBUG (7):   Error:   0
2015-04-22T23:35:04+00:00 DEBUG (7):   Total:   3
2015-04-22T23:35:04+00:00 DEBUG (7): Starting Order Import process for store: Wholesale (2)
2015-04-22T23:45:02+00:00 DEBUG (7): Starting Order Import process for store: Admin (0)
2015-04-22T23:45:02+00:00 DEBUG (7): Starting Order Import process for store: International (3)
2015-04-22T23:45:02+00:00 DEBUG (7): Starting Order Import process for store: Retail (1)
2015-04-22T23:45:02+00:00 DEBUG (7): Starting Order Import process for store: Wholesale (2)
