2015-04-21T00:00:03+00:00 DEBUG (7): Starting Order Import process for store: Admin (0)
2015-04-21T00:00:03+00:00 DEBUG (7): Starting Order Import process for store: International (3)
2015-04-21T00:00:03+00:00 DEBUG (7): Starting Order Import process for store: Retail (1)
2015-04-21T00:00:03+00:00 DEBUG (7):  Importing: New, Pending Payment, Processing, Complete, Payment Review
2015-04-21T00:00:03+00:00 DEBUG (7):   Deleting: Closed, Canceled, On Hold
2015-04-21T00:00:03+00:00 DEBUG (7):   Processing Order ID: 41497 	 #200034298
2015-04-21T00:00:04+00:00 DEBUG (7):   Flush resulted in 1 orders processed
2015-04-21T00:00:04+00:00 DEBUG (7):   Success: 1
2015-04-21T00:00:04+00:00 DEBUG (7):   Error:   0
2015-04-21T00:00:04+00:00 DEBUG (7):   Total:   1
2015-04-21T00:00:04+00:00 DEBUG (7): Starting Order Import process for store: Wholesale (2)
2015-04-21T00:15:03+00:00 DEBUG (7): Starting Order Import process for store: Admin (0)
2015-04-21T00:15:03+00:00 DEBUG (7): Starting Order Import process for store: International (3)
2015-04-21T00:15:03+00:00 DEBUG (7): Starting Order Import process for store: Retail (1)
2015-04-21T00:15:03+00:00 DEBUG (7): Starting Order Import process for store: Wholesale (2)
2015-04-21T00:30:02+00:00 DEBUG (7): Starting Order Import process for store: Admin (0)
2015-04-21T00:30:02+00:00 DEBUG (7): Starting Order Import process for store: International (3)
2015-04-21T00:30:02+00:00 DEBUG (7): Starting Order Import process for store: Retail (1)
2015-04-21T00:30:02+00:00 DEBUG (7): Starting Order Import process for store: Wholesale (2)
2015-04-21T00:45:02+00:00 DEBUG (7): Starting Order Import process for store: Admin (0)
2015-04-21T00:45:02+00:00 DEBUG (7): Starting Order Import process for store: International (3)
2015-04-21T00:45:02+00:00 DEBUG (7): Starting Order Import process for store: Retail (1)
2015-04-21T00:45:02+00:00 DEBUG (7): Starting Order Import process for store: Wholesale (2)
2015-04-21T01:00:02+00:00 DEBUG (7): Starting Order Import process for store: Admin (0)
2015-04-21T01:00:02+00:00 DEBUG (7): Starting Order Import process for store: International (3)
2015-04-21T01:00:02+00:00 DEBUG (7): Starting Order Import process for store: Retail (1)
2015-04-21T01:00:02+00:00 DEBUG (7): Starting Order Import process for store: Wholesale (2)
2015-04-21T01:15:02+00:00 DEBUG (7): Starting Order Import process for store: Admin (0)
2015-04-21T01:15:02+00:00 DEBUG (7): Starting Order Import process for store: International (3)
2015-04-21T01:15:02+00:00 DEBUG (7): Starting Order Import process for store: Retail (1)
2015-04-21T01:15:02+00:00 DEBUG (7): Starting Order Import process for store: Wholesale (2)
2015-04-21T01:35:02+00:00 DEBUG (7): Starting Order Import process for store: Admin (0)
2015-04-21T01:35:03+00:00 DEBUG (7): Starting Order Import process for store: International (3)
2015-04-21T01:35:03+00:00 DEBUG (7): Starting Order Import process for store: Retail (1)
2015-04-21T01:35:03+00:00 DEBUG (7): Starting Order Import process for store: Wholesale (2)
2015-04-21T01:45:02+00:00 DEBUG (7): Starting Order Import process for store: Admin (0)
2015-04-21T01:45:02+00:00 DEBUG (7): Starting Order Import process for store: International (3)
2015-04-21T01:45:02+00:00 DEBUG (7): Starting Order Import process for store: Retail (1)
2015-04-21T01:45:02+00:00 DEBUG (7):  Importing: New, Pending Payment, Processing, Complete, Payment Review
2015-04-21T01:45:02+00:00 DEBUG (7):   Deleting: Closed, Canceled, On Hold
2015-04-21T01:45:02+00:00 DEBUG (7):   Processing Order ID: 41498 	 #200034299
2015-04-21T01:45:04+00:00 DEBUG (7):   Flush resulted in 1 orders processed
2015-04-21T01:45:04+00:00 DEBUG (7):   Success: 1
2015-04-21T01:45:04+00:00 DEBUG (7):   Error:   0
2015-04-21T01:45:04+00:00 DEBUG (7):   Total:   1
2015-04-21T01:45:04+00:00 DEBUG (7): Starting Order Import process for store: Wholesale (2)
2015-04-21T02:00:02+00:00 DEBUG (7): Starting Order Import process for store: Admin (0)
2015-04-21T02:00:02+00:00 DEBUG (7): Starting Order Import process for store: International (3)
2015-04-21T02:00:02+00:00 DEBUG (7): Starting Order Import process for store: Retail (1)
2015-04-21T02:00:02+00:00 DEBUG (7): Starting Order Import process for store: Wholesale (2)
2015-04-21T02:15:03+00:00 DEBUG (7): Starting Order Import process for store: Admin (0)
2015-04-21T02:15:03+00:00 DEBUG (7): Starting Order Import process for store: International (3)
2015-04-21T02:15:03+00:00 DEBUG (7): Starting Order Import process for store: Retail (1)
2015-04-21T02:15:03+00:00 DEBUG (7): Starting Order Import process for store: Wholesale (2)
2015-04-21T02:30:02+00:00 DEBUG (7): Starting Order Import process for store: Admin (0)
2015-04-21T02:30:02+00:00 DEBUG (7): Starting Order Import process for store: International (3)
2015-04-21T02:30:02+00:00 DEBUG (7): Starting Order Import process for store: Retail (1)
2015-04-21T02:30:02+00:00 DEBUG (7): Starting Order Import process for store: Wholesale (2)
2015-04-21T02:50:02+00:00 DEBUG (7): Starting Order Import process for store: Admin (0)
2015-04-21T02:50:02+00:00 DEBUG (7): Starting Order Import process for store: International (3)
2015-04-21T02:50:02+00:00 DEBUG (7): Starting Order Import process for store: Retail (1)
2015-04-21T02:50:02+00:00 DEBUG (7):  Importing: New, Pending Payment, Processing, Complete, Payment Review
2015-04-21T02:50:02+00:00 DEBUG (7):   Deleting: Closed, Canceled, On Hold
2015-04-21T02:50:02+00:00 DEBUG (7):   Processing Order ID: 41499 	 #200034300
2015-04-21T02:50:06+00:00 DEBUG (7):   Flush resulted in 1 orders processed
2015-04-21T02:50:06+00:00 DEBUG (7):   Success: 1
2015-04-21T02:50:06+00:00 DEBUG (7):   Error:   0
2015-04-21T02:50:06+00:00 DEBUG (7):   Total:   1
2015-04-21T02:50:06+00:00 DEBUG (7): Starting Order Import process for store: Wholesale (2)
2015-04-21T03:00:02+00:00 DEBUG (7): Starting Order Import process for store: Admin (0)
2015-04-21T03:00:02+00:00 DEBUG (7): Starting Order Import process for store: International (3)
2015-04-21T03:00:02+00:00 DEBUG (7): Starting Order Import process for store: Retail (1)
2015-04-21T03:00:02+00:00 DEBUG (7): Starting Order Import process for store: Wholesale (2)
2015-04-21T03:15:02+00:00 DEBUG (7): Starting Order Import process for store: Admin (0)
2015-04-21T03:15:02+00:00 DEBUG (7): Starting Order Import process for store: International (3)
2015-04-21T03:15:02+00:00 DEBUG (7): Starting Order Import process for store: Retail (1)
2015-04-21T03:15:02+00:00 DEBUG (7): Starting Order Import process for store: Wholesale (2)
2015-04-21T03:30:03+00:00 DEBUG (7): Starting Order Import process for store: Admin (0)
2015-04-21T03:30:03+00:00 DEBUG (7): Starting Order Import process for store: International (3)
2015-04-21T03:30:03+00:00 DEBUG (7): Starting Order Import process for store: Retail (1)
2015-04-21T03:30:03+00:00 DEBUG (7): Starting Order Import process for store: Wholesale (2)
2015-04-21T03:45:02+00:00 DEBUG (7): Starting Order Import process for store: Admin (0)
2015-04-21T03:45:02+00:00 DEBUG (7): Starting Order Import process for store: International (3)
2015-04-21T03:45:02+00:00 DEBUG (7): Starting Order Import process for store: Retail (1)
2015-04-21T03:45:02+00:00 DEBUG (7): Starting Order Import process for store: Wholesale (2)
2015-04-21T04:00:02+00:00 DEBUG (7): Starting Order Import process for store: Admin (0)
2015-04-21T04:00:02+00:00 DEBUG (7): Starting Order Import process for store: International (3)
2015-04-21T04:00:02+00:00 DEBUG (7): Starting Order Import process for store: Retail (1)
2015-04-21T04:00:02+00:00 DEBUG (7): Starting Order Import process for store: Wholesale (2)
2015-04-21T04:15:02+00:00 DEBUG (7): Starting Order Import process for store: Admin (0)
2015-04-21T04:15:02+00:00 DEBUG (7): Starting Order Import process for store: International (3)
2015-04-21T04:15:02+00:00 DEBUG (7): Starting Order Import process for store: Retail (1)
2015-04-21T04:15:02+00:00 DEBUG (7): Starting Order Import process for store: Wholesale (2)
2015-04-21T04:30:03+00:00 DEBUG (7): Starting Order Import process for store: Admin (0)
2015-04-21T04:30:03+00:00 DEBUG (7): Starting Order Import process for store: International (3)
2015-04-21T04:30:03+00:00 DEBUG (7): Starting Order Import process for store: Retail (1)
2015-04-21T04:30:03+00:00 DEBUG (7): Starting Order Import process for store: Wholesale (2)
2015-04-21T04:45:02+00:00 DEBUG (7): Starting Order Import process for store: Admin (0)
2015-04-21T04:45:02+00:00 DEBUG (7): Starting Order Import process for store: International (3)
2015-04-21T04:45:02+00:00 DEBUG (7): Starting Order Import process for store: Retail (1)
2015-04-21T04:45:02+00:00 DEBUG (7): Starting Order Import process for store: Wholesale (2)
2015-04-21T05:05:03+00:00 DEBUG (7): Starting Order Import process for store: Admin (0)
2015-04-21T05:05:03+00:00 DEBUG (7): Starting Order Import process for store: International (3)
2015-04-21T05:05:03+00:00 DEBUG (7): Starting Order Import process for store: Retail (1)
2015-04-21T05:05:03+00:00 DEBUG (7): Starting Order Import process for store: Wholesale (2)
2015-04-21T05:15:02+00:00 DEBUG (7): Starting Order Import process for store: Admin (0)
2015-04-21T05:15:02+00:00 DEBUG (7): Starting Order Import process for store: International (3)
2015-04-21T05:15:02+00:00 DEBUG (7): Starting Order Import process for store: Retail (1)
2015-04-21T05:15:02+00:00 DEBUG (7): Starting Order Import process for store: Wholesale (2)
2015-04-21T05:30:02+00:00 DEBUG (7): Starting Order Import process for store: Admin (0)
2015-04-21T05:30:02+00:00 DEBUG (7): Starting Order Import process for store: International (3)
2015-04-21T05:30:02+00:00 DEBUG (7): Starting Order Import process for store: Retail (1)
2015-04-21T05:30:02+00:00 DEBUG (7): Starting Order Import process for store: Wholesale (2)
2015-04-21T05:45:02+00:00 DEBUG (7): Starting Order Import process for store: Admin (0)
2015-04-21T05:45:02+00:00 DEBUG (7): Starting Order Import process for store: International (3)
2015-04-21T05:45:02+00:00 DEBUG (7): Starting Order Import process for store: Retail (1)
2015-04-21T05:45:02+00:00 DEBUG (7): Starting Order Import process for store: Wholesale (2)
2015-04-21T06:00:02+00:00 DEBUG (7): Starting Order Import process for store: Admin (0)
2015-04-21T06:00:02+00:00 DEBUG (7): Starting Order Import process for store: International (3)
2015-04-21T06:00:02+00:00 DEBUG (7): Starting Order Import process for store: Retail (1)
2015-04-21T06:00:02+00:00 DEBUG (7): Starting Order Import process for store: Wholesale (2)
2015-04-21T06:15:05+00:00 DEBUG (7): Starting Order Import process for store: Admin (0)
2015-04-21T06:15:05+00:00 DEBUG (7): Starting Order Import process for store: International (3)
2015-04-21T06:15:05+00:00 DEBUG (7): Starting Order Import process for store: Retail (1)
2015-04-21T06:15:05+00:00 DEBUG (7): Starting Order Import process for store: Wholesale (2)
2015-04-21T06:30:02+00:00 DEBUG (7): Starting Order Import process for store: Admin (0)
2015-04-21T06:30:02+00:00 DEBUG (7): Starting Order Import process for store: International (3)
2015-04-21T06:30:02+00:00 DEBUG (7): Starting Order Import process for store: Retail (1)
2015-04-21T06:30:02+00:00 DEBUG (7): Starting Order Import process for store: Wholesale (2)
2015-04-21T06:45:02+00:00 DEBUG (7): Starting Order Import process for store: Admin (0)
2015-04-21T06:45:02+00:00 DEBUG (7): Starting Order Import process for store: International (3)
2015-04-21T06:45:02+00:00 DEBUG (7): Starting Order Import process for store: Retail (1)
2015-04-21T06:45:02+00:00 DEBUG (7): Starting Order Import process for store: Wholesale (2)
2015-04-21T07:05:12+00:00 DEBUG (7): Starting Order Import process for store: Admin (0)
2015-04-21T07:05:12+00:00 DEBUG (7): Starting Order Import process for store: International (3)
2015-04-21T07:05:12+00:00 DEBUG (7): Starting Order Import process for store: Retail (1)
2015-04-21T07:05:12+00:00 DEBUG (7): Starting Order Import process for store: Wholesale (2)
2015-04-21T07:15:03+00:00 DEBUG (7): Starting Order Import process for store: Admin (0)
2015-04-21T07:15:03+00:00 DEBUG (7): Starting Order Import process for store: International (3)
2015-04-21T07:15:03+00:00 DEBUG (7): Starting Order Import process for store: Retail (1)
2015-04-21T07:15:03+00:00 DEBUG (7): Starting Order Import process for store: Wholesale (2)
2015-04-21T07:30:02+00:00 DEBUG (7): Starting Order Import process for store: Admin (0)
2015-04-21T07:30:02+00:00 DEBUG (7): Starting Order Import process for store: International (3)
2015-04-21T07:30:02+00:00 DEBUG (7): Starting Order Import process for store: Retail (1)
2015-04-21T07:30:02+00:00 DEBUG (7): Starting Order Import process for store: Wholesale (2)
2015-04-21T07:45:02+00:00 DEBUG (7): Starting Order Import process for store: Admin (0)
2015-04-21T07:45:02+00:00 DEBUG (7): Starting Order Import process for store: International (3)
2015-04-21T07:45:02+00:00 DEBUG (7): Starting Order Import process for store: Retail (1)
2015-04-21T07:45:02+00:00 DEBUG (7): Starting Order Import process for store: Wholesale (2)
2015-04-21T08:00:34+00:00 DEBUG (7): Starting Order Import process for store: Admin (0)
2015-04-21T08:00:34+00:00 DEBUG (7): Starting Order Import process for store: International (3)
2015-04-21T08:00:34+00:00 DEBUG (7): Starting Order Import process for store: Retail (1)
2015-04-21T08:00:34+00:00 DEBUG (7): Starting Order Import process for store: Wholesale (2)
2015-04-21T08:20:02+00:00 DEBUG (7): Starting Order Import process for store: Admin (0)
2015-04-21T08:20:02+00:00 DEBUG (7): Starting Order Import process for store: International (3)
2015-04-21T08:20:02+00:00 DEBUG (7): Starting Order Import process for store: Retail (1)
2015-04-21T08:20:02+00:00 DEBUG (7):  Importing: New, Pending Payment, Processing, Complete, Payment Review
2015-04-21T08:20:02+00:00 DEBUG (7):   Deleting: Closed, Canceled, On Hold
2015-04-21T08:20:02+00:00 DEBUG (7):   Processing Order ID: 41500 	 #200034301
2015-04-21T08:20:04+00:00 DEBUG (7):   Flush resulted in 1 orders processed
2015-04-21T08:20:05+00:00 DEBUG (7):   Success: 1
2015-04-21T08:20:05+00:00 DEBUG (7):   Error:   0
2015-04-21T08:20:05+00:00 DEBUG (7):   Total:   1
2015-04-21T08:20:05+00:00 DEBUG (7): Starting Order Import process for store: Wholesale (2)
2015-04-21T08:30:02+00:00 DEBUG (7): Starting Order Import process for store: Admin (0)
2015-04-21T08:30:02+00:00 DEBUG (7): Starting Order Import process for store: International (3)
2015-04-21T08:30:02+00:00 DEBUG (7): Starting Order Import process for store: Retail (1)
2015-04-21T08:30:02+00:00 DEBUG (7): Starting Order Import process for store: Wholesale (2)
2015-04-21T08:45:02+00:00 DEBUG (7): Starting Order Import process for store: Admin (0)
2015-04-21T08:45:02+00:00 DEBUG (7): Starting Order Import process for store: International (3)
2015-04-21T08:45:02+00:00 DEBUG (7): Starting Order Import process for store: Retail (1)
2015-04-21T08:45:02+00:00 DEBUG (7): Starting Order Import process for store: Wholesale (2)
2015-04-21T09:00:07+00:00 DEBUG (7): Starting Order Import process for store: Admin (0)
2015-04-21T09:00:07+00:00 DEBUG (7): Starting Order Import process for store: International (3)
2015-04-21T09:00:07+00:00 DEBUG (7): Starting Order Import process for store: Retail (1)
2015-04-21T09:00:07+00:00 DEBUG (7): Starting Order Import process for store: Wholesale (2)
2015-04-21T09:15:02+00:00 DEBUG (7): Starting Order Import process for store: Admin (0)
2015-04-21T09:15:02+00:00 DEBUG (7): Starting Order Import process for store: International (3)
2015-04-21T09:15:02+00:00 DEBUG (7): Starting Order Import process for store: Retail (1)
2015-04-21T09:15:02+00:00 DEBUG (7): Starting Order Import process for store: Wholesale (2)
2015-04-21T09:30:02+00:00 DEBUG (7): Starting Order Import process for store: Admin (0)
2015-04-21T09:30:02+00:00 DEBUG (7): Starting Order Import process for store: International (3)
2015-04-21T09:30:02+00:00 DEBUG (7): Starting Order Import process for store: Retail (1)
2015-04-21T09:30:02+00:00 DEBUG (7): Starting Order Import process for store: Wholesale (2)
2015-04-21T09:45:02+00:00 DEBUG (7): Starting Order Import process for store: Admin (0)
2015-04-21T09:45:02+00:00 DEBUG (7): Starting Order Import process for store: International (3)
2015-04-21T09:45:02+00:00 DEBUG (7): Starting Order Import process for store: Retail (1)
2015-04-21T09:45:02+00:00 DEBUG (7): Starting Order Import process for store: Wholesale (2)
2015-04-21T10:00:02+00:00 DEBUG (7): Starting Order Import process for store: Admin (0)
2015-04-21T10:00:02+00:00 DEBUG (7): Starting Order Import process for store: International (3)
2015-04-21T10:00:02+00:00 DEBUG (7): Starting Order Import process for store: Retail (1)
2015-04-21T10:00:02+00:00 DEBUG (7): Starting Order Import process for store: Wholesale (2)
2015-04-21T10:20:02+00:00 DEBUG (7): Starting Order Import process for store: Admin (0)
2015-04-21T10:20:02+00:00 DEBUG (7): Starting Order Import process for store: International (3)
2015-04-21T10:20:02+00:00 DEBUG (7): Starting Order Import process for store: Retail (1)
2015-04-21T10:20:02+00:00 DEBUG (7): Starting Order Import process for store: Wholesale (2)
2015-04-21T10:30:02+00:00 DEBUG (7): Starting Order Import process for store: Admin (0)
2015-04-21T10:30:02+00:00 DEBUG (7): Starting Order Import process for store: International (3)
2015-04-21T10:30:02+00:00 DEBUG (7): Starting Order Import process for store: Retail (1)
2015-04-21T10:30:02+00:00 DEBUG (7):  Importing: New, Pending Payment, Processing, Complete, Payment Review
2015-04-21T10:30:02+00:00 DEBUG (7):   Deleting: Closed, Canceled, On Hold
2015-04-21T10:30:02+00:00 DEBUG (7):   Processing Order ID: 41501 	 #200034302
2015-04-21T10:30:04+00:00 DEBUG (7):   Flush resulted in 1 orders processed
2015-04-21T10:30:04+00:00 DEBUG (7):   Success: 1
2015-04-21T10:30:04+00:00 DEBUG (7):   Error:   0
2015-04-21T10:30:04+00:00 DEBUG (7):   Total:   1
2015-04-21T10:30:04+00:00 DEBUG (7): Starting Order Import process for store: Wholesale (2)
2015-04-21T10:45:02+00:00 DEBUG (7): Starting Order Import process for store: Admin (0)
2015-04-21T10:45:02+00:00 DEBUG (7): Starting Order Import process for store: International (3)
2015-04-21T10:45:02+00:00 DEBUG (7): Starting Order Import process for store: Retail (1)
2015-04-21T10:45:02+00:00 DEBUG (7): Starting Order Import process for store: Wholesale (2)
2015-04-21T11:00:02+00:00 DEBUG (7): Starting Order Import process for store: Admin (0)
2015-04-21T11:00:02+00:00 DEBUG (7): Starting Order Import process for store: International (3)
2015-04-21T11:00:02+00:00 DEBUG (7): Starting Order Import process for store: Retail (1)
2015-04-21T11:00:02+00:00 DEBUG (7): Starting Order Import process for store: Wholesale (2)
2015-04-21T11:15:02+00:00 DEBUG (7): Starting Order Import process for store: Admin (0)
2015-04-21T11:15:02+00:00 DEBUG (7): Starting Order Import process for store: International (3)
2015-04-21T11:15:02+00:00 DEBUG (7): Starting Order Import process for store: Retail (1)
2015-04-21T11:15:02+00:00 DEBUG (7): Starting Order Import process for store: Wholesale (2)
2015-04-21T11:30:02+00:00 DEBUG (7): Starting Order Import process for store: Admin (0)
2015-04-21T11:30:02+00:00 DEBUG (7): Starting Order Import process for store: International (3)
2015-04-21T11:30:02+00:00 DEBUG (7): Starting Order Import process for store: Retail (1)
2015-04-21T11:30:02+00:00 DEBUG (7): Starting Order Import process for store: Wholesale (2)
2015-04-21T11:45:02+00:00 DEBUG (7): Starting Order Import process for store: Admin (0)
2015-04-21T11:45:02+00:00 DEBUG (7): Starting Order Import process for store: International (3)
2015-04-21T11:45:02+00:00 DEBUG (7): Starting Order Import process for store: Retail (1)
2015-04-21T11:45:02+00:00 DEBUG (7): Starting Order Import process for store: Wholesale (2)
2015-04-21T12:05:04+00:00 DEBUG (7): Starting Order Import process for store: Admin (0)
2015-04-21T12:05:04+00:00 DEBUG (7): Starting Order Import process for store: International (3)
2015-04-21T12:05:04+00:00 DEBUG (7): Starting Order Import process for store: Retail (1)
2015-04-21T12:05:04+00:00 DEBUG (7): Starting Order Import process for store: Wholesale (2)
2015-04-21T12:15:02+00:00 DEBUG (7): Starting Order Import process for store: Admin (0)
2015-04-21T12:15:02+00:00 DEBUG (7): Starting Order Import process for store: International (3)
2015-04-21T12:15:02+00:00 DEBUG (7): Starting Order Import process for store: Retail (1)
2015-04-21T12:15:02+00:00 DEBUG (7): Starting Order Import process for store: Wholesale (2)
2015-04-21T12:30:02+00:00 DEBUG (7): Starting Order Import process for store: Admin (0)
2015-04-21T12:30:02+00:00 DEBUG (7): Starting Order Import process for store: International (3)
2015-04-21T12:30:02+00:00 DEBUG (7): Starting Order Import process for store: Retail (1)
2015-04-21T12:30:02+00:00 DEBUG (7):  Importing: New, Pending Payment, Processing, Complete, Payment Review
2015-04-21T12:30:02+00:00 DEBUG (7):   Deleting: Closed, Canceled, On Hold
2015-04-21T12:30:02+00:00 DEBUG (7):   Processing Order ID: 41502 	 #200034303
2015-04-21T12:30:04+00:00 DEBUG (7):   Flush resulted in 1 orders processed
2015-04-21T12:30:04+00:00 DEBUG (7):   Success: 1
2015-04-21T12:30:04+00:00 DEBUG (7):   Error:   0
2015-04-21T12:30:04+00:00 DEBUG (7):   Total:   1
2015-04-21T12:30:04+00:00 DEBUG (7): Starting Order Import process for store: Wholesale (2)
2015-04-21T12:45:02+00:00 DEBUG (7): Starting Order Import process for store: Admin (0)
2015-04-21T12:45:02+00:00 DEBUG (7): Starting Order Import process for store: International (3)
2015-04-21T12:45:02+00:00 DEBUG (7): Starting Order Import process for store: Retail (1)
2015-04-21T12:45:02+00:00 DEBUG (7): Starting Order Import process for store: Wholesale (2)
2015-04-21T13:00:02+00:00 DEBUG (7): Starting Order Import process for store: Admin (0)
2015-04-21T13:00:02+00:00 DEBUG (7): Starting Order Import process for store: International (3)
2015-04-21T13:00:02+00:00 DEBUG (7): Starting Order Import process for store: Retail (1)
2015-04-21T13:00:02+00:00 DEBUG (7): Starting Order Import process for store: Wholesale (2)
2015-04-21T13:15:02+00:00 DEBUG (7): Starting Order Import process for store: Admin (0)
2015-04-21T13:15:02+00:00 DEBUG (7): Starting Order Import process for store: International (3)
2015-04-21T13:15:02+00:00 DEBUG (7): Starting Order Import process for store: Retail (1)
2015-04-21T13:15:02+00:00 DEBUG (7): Starting Order Import process for store: Wholesale (2)
2015-04-21T13:30:02+00:00 DEBUG (7): Starting Order Import process for store: Admin (0)
2015-04-21T13:30:02+00:00 DEBUG (7): Starting Order Import process for store: International (3)
2015-04-21T13:30:02+00:00 DEBUG (7): Starting Order Import process for store: Retail (1)
2015-04-21T13:30:02+00:00 DEBUG (7): Starting Order Import process for store: Wholesale (2)
2015-04-21T13:45:02+00:00 DEBUG (7): Starting Order Import process for store: Admin (0)
2015-04-21T13:45:02+00:00 DEBUG (7): Starting Order Import process for store: International (3)
2015-04-21T13:45:02+00:00 DEBUG (7): Starting Order Import process for store: Retail (1)
2015-04-21T13:45:02+00:00 DEBUG (7):  Importing: New, Pending Payment, Processing, Complete, Payment Review
2015-04-21T13:45:02+00:00 DEBUG (7):   Deleting: Closed, Canceled, On Hold
2015-04-21T13:45:02+00:00 DEBUG (7):   Processing Order ID: 41503 	 #200034304
2015-04-21T13:45:04+00:00 DEBUG (7):   Flush resulted in 1 orders processed
2015-04-21T13:45:04+00:00 DEBUG (7):   Success: 1
2015-04-21T13:45:04+00:00 DEBUG (7):   Error:   0
2015-04-21T13:45:04+00:00 DEBUG (7):   Total:   1
2015-04-21T13:45:04+00:00 DEBUG (7): Starting Order Import process for store: Wholesale (2)
2015-04-21T14:00:03+00:00 DEBUG (7): Starting Order Import process for store: Admin (0)
2015-04-21T14:00:03+00:00 DEBUG (7): Starting Order Import process for store: International (3)
2015-04-21T14:00:03+00:00 DEBUG (7): Starting Order Import process for store: Retail (1)
2015-04-21T14:00:03+00:00 DEBUG (7): Starting Order Import process for store: Wholesale (2)
2015-04-21T14:15:02+00:00 DEBUG (7): Starting Order Import process for store: Admin (0)
2015-04-21T14:15:02+00:00 DEBUG (7): Starting Order Import process for store: International (3)
2015-04-21T14:15:02+00:00 DEBUG (7): Starting Order Import process for store: Retail (1)
2015-04-21T14:15:02+00:00 DEBUG (7): Starting Order Import process for store: Wholesale (2)
2015-04-21T14:30:02+00:00 DEBUG (7): Starting Order Import process for store: Admin (0)
2015-04-21T14:30:02+00:00 DEBUG (7): Starting Order Import process for store: International (3)
2015-04-21T14:30:02+00:00 DEBUG (7): Starting Order Import process for store: Retail (1)
2015-04-21T14:30:02+00:00 DEBUG (7): Starting Order Import process for store: Wholesale (2)
2015-04-21T14:50:02+00:00 DEBUG (7): Starting Order Import process for store: Admin (0)
2015-04-21T14:50:02+00:00 DEBUG (7): Starting Order Import process for store: International (3)
2015-04-21T14:50:02+00:00 DEBUG (7): Starting Order Import process for store: Retail (1)
2015-04-21T14:50:02+00:00 DEBUG (7): Starting Order Import process for store: Wholesale (2)
2015-04-21T15:00:02+00:00 DEBUG (7): Starting Order Import process for store: Admin (0)
2015-04-21T15:00:02+00:00 DEBUG (7): Starting Order Import process for store: International (3)
2015-04-21T15:00:02+00:00 DEBUG (7): Starting Order Import process for store: Retail (1)
2015-04-21T15:00:02+00:00 DEBUG (7):  Importing: New, Pending Payment, Processing, Complete, Payment Review
2015-04-21T15:00:02+00:00 DEBUG (7):   Deleting: Closed, Canceled, On Hold
2015-04-21T15:00:03+00:00 DEBUG (7):   Processing Order ID: 41504 	 #200034305
2015-04-21T15:00:05+00:00 DEBUG (7):   Flush resulted in 1 orders processed
2015-04-21T15:00:05+00:00 DEBUG (7):   Success: 1
2015-04-21T15:00:05+00:00 DEBUG (7):   Error:   0
2015-04-21T15:00:05+00:00 DEBUG (7):   Total:   1
2015-04-21T15:00:05+00:00 DEBUG (7): Starting Order Import process for store: Wholesale (2)
2015-04-21T15:15:03+00:00 DEBUG (7): Starting Order Import process for store: Admin (0)
2015-04-21T15:15:03+00:00 DEBUG (7): Starting Order Import process for store: International (3)
2015-04-21T15:15:03+00:00 DEBUG (7): Starting Order Import process for store: Retail (1)
2015-04-21T15:15:03+00:00 DEBUG (7):  Importing: New, Pending Payment, Processing, Complete, Payment Review
2015-04-21T15:15:03+00:00 DEBUG (7):   Deleting: Closed, Canceled, On Hold
2015-04-21T15:15:03+00:00 DEBUG (7):   Processing Order ID: 41505 	 #200034306
2015-04-21T15:15:05+00:00 DEBUG (7):   Flush resulted in 1 orders processed
2015-04-21T15:15:05+00:00 DEBUG (7):   Success: 1
2015-04-21T15:15:05+00:00 DEBUG (7):   Error:   0
2015-04-21T15:15:05+00:00 DEBUG (7):   Total:   1
2015-04-21T15:15:05+00:00 DEBUG (7): Starting Order Import process for store: Wholesale (2)
2015-04-21T15:30:02+00:00 DEBUG (7): Starting Order Import process for store: Admin (0)
2015-04-21T15:30:02+00:00 DEBUG (7): Starting Order Import process for store: International (3)
2015-04-21T15:30:02+00:00 DEBUG (7): Starting Order Import process for store: Retail (1)
2015-04-21T15:30:02+00:00 DEBUG (7):  Importing: New, Pending Payment, Processing, Complete, Payment Review
2015-04-21T15:30:02+00:00 DEBUG (7):   Deleting: Closed, Canceled, On Hold
2015-04-21T15:30:02+00:00 DEBUG (7):   Processing Order ID: 41506 	 #200034307
2015-04-21T15:30:04+00:00 DEBUG (7):   Flush resulted in 1 orders processed
2015-04-21T15:30:04+00:00 DEBUG (7):   Success: 1
2015-04-21T15:30:04+00:00 DEBUG (7):   Error:   0
2015-04-21T15:30:04+00:00 DEBUG (7):   Total:   1
2015-04-21T15:30:04+00:00 DEBUG (7): Starting Order Import process for store: Wholesale (2)
2015-04-21T15:45:02+00:00 DEBUG (7): Starting Order Import process for store: Admin (0)
2015-04-21T15:45:02+00:00 DEBUG (7): Starting Order Import process for store: International (3)
2015-04-21T15:45:02+00:00 DEBUG (7): Starting Order Import process for store: Retail (1)
2015-04-21T15:45:02+00:00 DEBUG (7): Starting Order Import process for store: Wholesale (2)
2015-04-21T15:45:02+00:00 DEBUG (7):  Importing: New, Pending Payment, Processing, Complete, Payment Review
2015-04-21T15:45:02+00:00 DEBUG (7):   Deleting: Closed, Canceled, On Hold
2015-04-21T15:45:02+00:00 DEBUG (7):   Processing Order ID: 41225 	 #250007451
2015-04-21T15:45:02+00:00 DEBUG (7):   Processing Order ID: 41507 	 #250007544
2015-04-21T15:45:04+00:00 DEBUG (7):   Successfully deleted order...
2015-04-21T15:45:04+00:00 DEBUG (7):   Processing Order ID: 41508 	 #250007545
2015-04-21T15:45:04+00:00 DEBUG (7):   Successfully deleted order...
2015-04-21T15:45:06+00:00 DEBUG (7):   Flush resulted in 1 orders processed
2015-04-21T15:45:06+00:00 DEBUG (7):   Success: 3
2015-04-21T15:45:06+00:00 DEBUG (7):   Error:   0
2015-04-21T15:45:06+00:00 DEBUG (7):   Total:   3
2015-04-21T16:00:02+00:00 DEBUG (7): Starting Order Import process for store: Admin (0)
2015-04-21T16:00:02+00:00 DEBUG (7): Starting Order Import process for store: International (3)
2015-04-21T16:00:02+00:00 DEBUG (7): Starting Order Import process for store: Retail (1)
2015-04-21T16:00:02+00:00 DEBUG (7): Starting Order Import process for store: Wholesale (2)
2015-04-21T16:00:02+00:00 DEBUG (7):  Importing: New, Pending Payment, Processing, Complete, Payment Review
2015-04-21T16:00:02+00:00 DEBUG (7):   Deleting: Closed, Canceled, On Hold
2015-04-21T16:00:02+00:00 DEBUG (7):   Processing Order ID: 41226 	 #250007452
2015-04-21T16:00:03+00:00 DEBUG (7):   Processing Order ID: 41225 	 #250007451
2015-04-21T16:00:05+00:00 DEBUG (7):   Flush resulted in 2 orders processed
2015-04-21T16:00:05+00:00 DEBUG (7):   Success: 2
2015-04-21T16:00:05+00:00 DEBUG (7):   Error:   0
2015-04-21T16:00:05+00:00 DEBUG (7):   Total:   2
2015-04-21T16:20:05+00:00 DEBUG (7): Starting Order Import process for store: Admin (0)
2015-04-21T16:20:05+00:00 DEBUG (7): Starting Order Import process for store: International (3)
2015-04-21T16:20:05+00:00 DEBUG (7): Starting Order Import process for store: Retail (1)
2015-04-21T16:20:05+00:00 DEBUG (7):  Importing: New, Pending Payment, Processing, Complete, Payment Review
2015-04-21T16:20:05+00:00 DEBUG (7):   Deleting: Closed, Canceled, On Hold
2015-04-21T16:20:05+00:00 DEBUG (7):   Processing Order ID: 41506 	 #200034307
2015-04-21T16:20:05+00:00 DEBUG (7):   Processing Order ID: 41505 	 #200034306
2015-04-21T16:20:05+00:00 DEBUG (7):   Processing Order ID: 41504 	 #200034305
2015-04-21T16:20:05+00:00 DEBUG (7):   Processing Order ID: 41503 	 #200034304
2015-04-21T16:20:05+00:00 DEBUG (7):   Processing Order ID: 41502 	 #200034303
2015-04-21T16:20:05+00:00 DEBUG (7):   Processing Order ID: 41498 	 #200034299
2015-04-21T16:20:05+00:00 DEBUG (7):   Processing Order ID: 41497 	 #200034298
2015-04-21T16:20:06+00:00 DEBUG (7):   Processing Order ID: 41495 	 #200034296
2015-04-21T16:20:06+00:00 DEBUG (7):   Processing Order ID: 41464 	 #200034290
2015-04-21T16:20:06+00:00 DEBUG (7):   Processing Order ID: 41509 	 #200034308
2015-04-21T16:20:16+00:00 DEBUG (7):   Flush resulted in 10 orders processed
2015-04-21T16:20:16+00:00 DEBUG (7):   Success: 10
2015-04-21T16:20:16+00:00 DEBUG (7):   Error:   0
2015-04-21T16:20:16+00:00 DEBUG (7):   Total:   10
2015-04-21T16:20:16+00:00 DEBUG (7): Starting Order Import process for store: Wholesale (2)
2015-04-21T16:30:02+00:00 DEBUG (7): Starting Order Import process for store: Admin (0)
2015-04-21T16:30:02+00:00 DEBUG (7): Starting Order Import process for store: International (3)
2015-04-21T16:30:02+00:00 DEBUG (7): Starting Order Import process for store: Retail (1)
2015-04-21T16:30:02+00:00 DEBUG (7):  Importing: New, Pending Payment, Processing, Complete, Payment Review
2015-04-21T16:30:02+00:00 DEBUG (7):   Deleting: Closed, Canceled, On Hold
2015-04-21T16:30:02+00:00 DEBUG (7):   Processing Order ID: 41511 	 #200034310
2015-04-21T16:30:02+00:00 DEBUG (7):   Processing Order ID: 41510 	 #200034309
2015-04-21T16:30:03+00:00 DEBUG (7):   Processing Order ID: 41467 	 #200034292
2015-04-21T16:30:03+00:00 DEBUG (7):   Processing Order ID: 41501 	 #200034302
2015-04-21T16:30:03+00:00 DEBUG (7):   Processing Order ID: 41500 	 #200034301
2015-04-21T16:30:03+00:00 DEBUG (7):   Processing Order ID: 41499 	 #200034300
2015-04-21T16:30:03+00:00 DEBUG (7):   Processing Order ID: 41496 	 #200034297
2015-04-21T16:30:03+00:00 DEBUG (7):   Processing Order ID: 41470 	 #200034295
2015-04-21T16:30:03+00:00 DEBUG (7):   Processing Order ID: 41468 	 #200034293
2015-04-21T16:30:09+00:00 DEBUG (7):   Flush resulted in 9 orders processed
2015-04-21T16:30:09+00:00 DEBUG (7):   Success: 9
2015-04-21T16:30:09+00:00 DEBUG (7):   Error:   0
2015-04-21T16:30:09+00:00 DEBUG (7):   Total:   9
2015-04-21T16:30:09+00:00 DEBUG (7): Starting Order Import process for store: Wholesale (2)
2015-04-21T16:30:09+00:00 DEBUG (7):  Importing: New, Pending Payment, Processing, Complete, Payment Review
2015-04-21T16:30:09+00:00 DEBUG (7):   Deleting: Closed, Canceled, On Hold
2015-04-21T16:30:09+00:00 DEBUG (7):   Processing Order ID: 41460 	 #250007518
2015-04-21T16:30:09+00:00 DEBUG (7):   Processing Order ID: 41459 	 #250007517
2015-04-21T16:30:09+00:00 DEBUG (7):   Processing Order ID: 41458 	 #250007516
2015-04-21T16:30:09+00:00 DEBUG (7):   Processing Order ID: 41457 	 #250007515
2015-04-21T16:30:09+00:00 DEBUG (7):   Processing Order ID: 41322 	 #250007479
2015-04-21T16:30:09+00:00 DEBUG (7):   Processing Order ID: 41321 	 #250007478
2015-04-21T16:30:09+00:00 DEBUG (7):   Processing Order ID: 41320 	 #250007477
2015-04-21T16:30:09+00:00 DEBUG (7):   Processing Order ID: 41319 	 #250007476
2015-04-21T16:30:09+00:00 DEBUG (7):   Processing Order ID: 41318 	 #250007475
2015-04-21T16:30:09+00:00 DEBUG (7):   Processing Order ID: 41326 	 #250007483
2015-04-21T16:30:09+00:00 DEBUG (7):   Processing Order ID: 41325 	 #250007482
2015-04-21T16:30:10+00:00 DEBUG (7):   Processing Order ID: 41324 	 #250007481
2015-04-21T16:30:10+00:00 DEBUG (7):   Processing Order ID: 41323 	 #250007480
2015-04-21T16:30:10+00:00 DEBUG (7):   Processing Order ID: 41330 	 #250007487
2015-04-21T16:30:10+00:00 DEBUG (7):   Processing Order ID: 41329 	 #250007486
2015-04-21T16:30:10+00:00 DEBUG (7):   Processing Order ID: 41328 	 #250007485
2015-04-21T16:30:10+00:00 DEBUG (7):   Processing Order ID: 41327 	 #250007484
2015-04-21T16:30:10+00:00 DEBUG (7):   Processing Order ID: 41333 	 #250007490
2015-04-21T16:30:10+00:00 DEBUG (7):   Processing Order ID: 41332 	 #250007489
2015-04-21T16:30:10+00:00 DEBUG (7):   Processing Order ID: 41331 	 #250007488
2015-04-21T16:30:10+00:00 DEBUG (7):   Processing Order ID: 41336 	 #250007493
2015-04-21T16:30:10+00:00 DEBUG (7):   Processing Order ID: 41335 	 #250007492
2015-04-21T16:30:10+00:00 DEBUG (7):   Processing Order ID: 41334 	 #250007491
2015-04-21T16:30:10+00:00 DEBUG (7):   Processing Order ID: 41339 	 #250007496
2015-04-21T16:30:10+00:00 DEBUG (7):   Processing Order ID: 41340 	 #250007497
2015-04-21T16:30:10+00:00 DEBUG (7):   Processing Order ID: 41338 	 #250007495
2015-04-21T16:30:10+00:00 DEBUG (7):   Processing Order ID: 41337 	 #250007494
2015-04-21T16:30:10+00:00 DEBUG (7):   Processing Order ID: 41342 	 #250007499
2015-04-21T16:30:10+00:00 DEBUG (7):   Processing Order ID: 41341 	 #250007498
2015-04-21T16:30:10+00:00 DEBUG (7):   Processing Order ID: 41358 	 #250007502
2015-04-21T16:30:10+00:00 DEBUG (7):   Processing Order ID: 41359 	 #250007503
2015-04-21T16:30:27+00:00 DEBUG (7):   Flush resulted in 31 orders processed
2015-04-21T16:30:27+00:00 DEBUG (7):   Success: 31
2015-04-21T16:30:27+00:00 DEBUG (7):   Error:   0
2015-04-21T16:30:27+00:00 DEBUG (7):   Total:   31
2015-04-21T16:45:02+00:00 DEBUG (7): Starting Order Import process for store: Admin (0)
2015-04-21T16:45:02+00:00 DEBUG (7): Starting Order Import process for store: International (3)
2015-04-21T16:45:02+00:00 DEBUG (7): Starting Order Import process for store: Retail (1)
2015-04-21T16:45:02+00:00 DEBUG (7): Starting Order Import process for store: Wholesale (2)
2015-04-21T17:00:05+00:00 DEBUG (7): Starting Order Import process for store: Admin (0)
2015-04-21T17:00:05+00:00 DEBUG (7): Starting Order Import process for store: International (3)
2015-04-21T17:00:05+00:00 DEBUG (7): Starting Order Import process for store: Retail (1)
2015-04-21T17:00:05+00:00 DEBUG (7):  Importing: New, Pending Payment, Processing, Complete, Payment Review
2015-04-21T17:00:05+00:00 DEBUG (7):   Deleting: Closed, Canceled, On Hold
2015-04-21T17:00:05+00:00 DEBUG (7):   Processing Order ID: 41513 	 #200034312
2015-04-21T17:00:08+00:00 DEBUG (7):   Flush resulted in 1 orders processed
2015-04-21T17:00:08+00:00 DEBUG (7):   Success: 1
2015-04-21T17:00:08+00:00 DEBUG (7):   Error:   0
2015-04-21T17:00:08+00:00 DEBUG (7):   Total:   1
2015-04-21T17:00:08+00:00 DEBUG (7): Starting Order Import process for store: Wholesale (2)
2015-04-21T17:15:02+00:00 DEBUG (7): Starting Order Import process for store: Admin (0)
2015-04-21T17:15:02+00:00 DEBUG (7): Starting Order Import process for store: International (3)
2015-04-21T17:15:02+00:00 DEBUG (7): Starting Order Import process for store: Retail (1)
2015-04-21T17:15:02+00:00 DEBUG (7):  Importing: New, Pending Payment, Processing, Complete, Payment Review
2015-04-21T17:15:02+00:00 DEBUG (7):   Deleting: Closed, Canceled, On Hold
2015-04-21T17:15:02+00:00 DEBUG (7):   Processing Order ID: 41518 	 #200034314
2015-04-21T17:15:02+00:00 DEBUG (7):   Processing Order ID: 41517 	 #200034313
2015-04-21T17:15:04+00:00 DEBUG (7):   Flush resulted in 2 orders processed
2015-04-21T17:15:07+00:00 DEBUG (7):   Success: 2
2015-04-21T17:15:07+00:00 DEBUG (7):   Error:   0
2015-04-21T17:15:07+00:00 DEBUG (7):   Total:   2
2015-04-21T17:15:07+00:00 DEBUG (7): Starting Order Import process for store: Wholesale (2)
2015-04-21T17:15:07+00:00 DEBUG (7):  Importing: New, Pending Payment, Processing, Complete, Payment Review
2015-04-21T17:15:07+00:00 DEBUG (7):   Deleting: Closed, Canceled, On Hold
2015-04-21T17:15:07+00:00 DEBUG (7):   Processing Order ID: 41516 	 #250007546
2015-04-21T17:15:09+00:00 DEBUG (7):   Flush resulted in 1 orders processed
2015-04-21T17:15:09+00:00 DEBUG (7):   Success: 1
2015-04-21T17:15:09+00:00 DEBUG (7):   Error:   0
2015-04-21T17:15:09+00:00 DEBUG (7):   Total:   1
2015-04-21T17:35:02+00:00 DEBUG (7): Starting Order Import process for store: Admin (0)
2015-04-21T17:35:02+00:00 DEBUG (7): Starting Order Import process for store: International (3)
2015-04-21T17:35:02+00:00 DEBUG (7): Starting Order Import process for store: Retail (1)
2015-04-21T17:35:02+00:00 DEBUG (7):  Importing: New, Pending Payment, Processing, Complete, Payment Review
2015-04-21T17:35:02+00:00 DEBUG (7):   Deleting: Closed, Canceled, On Hold
2015-04-21T17:35:02+00:00 DEBUG (7):   Processing Order ID: 41511 	 #200034310
2015-04-21T17:35:02+00:00 DEBUG (7):   Processing Order ID: 41510 	 #200034309
2015-04-21T17:35:02+00:00 DEBUG (7):   Processing Order ID: 41509 	 #200034308
2015-04-21T17:35:06+00:00 DEBUG (7):   Flush resulted in 3 orders processed
2015-04-21T17:35:06+00:00 DEBUG (7):   Success: 3
2015-04-21T17:35:06+00:00 DEBUG (7):   Error:   0
2015-04-21T17:35:06+00:00 DEBUG (7):   Total:   3
2015-04-21T17:35:06+00:00 DEBUG (7): Starting Order Import process for store: Wholesale (2)
2015-04-21T17:45:02+00:00 DEBUG (7): Starting Order Import process for store: Admin (0)
2015-04-21T17:45:02+00:00 DEBUG (7): Starting Order Import process for store: International (3)
2015-04-21T17:45:02+00:00 DEBUG (7): Starting Order Import process for store: Retail (1)
2015-04-21T17:45:02+00:00 DEBUG (7):  Importing: New, Pending Payment, Processing, Complete, Payment Review
2015-04-21T17:45:02+00:00 DEBUG (7):   Deleting: Closed, Canceled, On Hold
2015-04-21T17:45:02+00:00 DEBUG (7):   Processing Order ID: 41519 	 #200034315
2015-04-21T17:45:03+00:00 DEBUG (7):   Flush resulted in 1 orders processed
2015-04-21T17:45:03+00:00 DEBUG (7):   Success: 1
2015-04-21T17:45:03+00:00 DEBUG (7):   Error:   0
2015-04-21T17:45:03+00:00 DEBUG (7):   Total:   1
2015-04-21T17:45:03+00:00 DEBUG (7): Starting Order Import process for store: Wholesale (2)
2015-04-21T18:00:02+00:00 DEBUG (7): Starting Order Import process for store: Admin (0)
2015-04-21T18:00:02+00:00 DEBUG (7): Starting Order Import process for store: International (3)
2015-04-21T18:00:02+00:00 DEBUG (7): Starting Order Import process for store: Retail (1)
2015-04-21T18:00:02+00:00 DEBUG (7): Starting Order Import process for store: Wholesale (2)
2015-04-21T18:00:02+00:00 DEBUG (7):  Importing: New, Pending Payment, Processing, Complete, Payment Review
2015-04-21T18:00:02+00:00 DEBUG (7):   Deleting: Closed, Canceled, On Hold
2015-04-21T18:00:02+00:00 DEBUG (7):   Processing Order ID: 41520 	 #250007547
2015-04-21T18:00:04+00:00 DEBUG (7):   Flush resulted in 1 orders processed
2015-04-21T18:00:04+00:00 DEBUG (7):   Success: 1
2015-04-21T18:00:04+00:00 DEBUG (7):   Error:   0
2015-04-21T18:00:04+00:00 DEBUG (7):   Total:   1
2015-04-21T18:15:02+00:00 DEBUG (7): Starting Order Import process for store: Admin (0)
2015-04-21T18:15:02+00:00 DEBUG (7): Starting Order Import process for store: International (3)
2015-04-21T18:15:02+00:00 DEBUG (7): Starting Order Import process for store: Retail (1)
2015-04-21T18:15:02+00:00 DEBUG (7): Starting Order Import process for store: Wholesale (2)
2015-04-21T18:30:02+00:00 DEBUG (7): Starting Order Import process for store: Admin (0)
2015-04-21T18:30:02+00:00 DEBUG (7): Starting Order Import process for store: International (3)
2015-04-21T18:30:02+00:00 DEBUG (7): Starting Order Import process for store: Retail (1)
2015-04-21T18:30:02+00:00 DEBUG (7): Starting Order Import process for store: Wholesale (2)
2015-04-21T18:45:02+00:00 DEBUG (7): Starting Order Import process for store: Admin (0)
2015-04-21T18:45:02+00:00 DEBUG (7): Starting Order Import process for store: International (3)
2015-04-21T18:45:02+00:00 DEBUG (7): Starting Order Import process for store: Retail (1)
2015-04-21T18:45:02+00:00 DEBUG (7): Starting Order Import process for store: Wholesale (2)
2015-04-21T19:00:04+00:00 DEBUG (7): Starting Order Import process for store: Admin (0)
2015-04-21T19:00:04+00:00 DEBUG (7): Starting Order Import process for store: International (3)
2015-04-21T19:00:04+00:00 DEBUG (7): Starting Order Import process for store: Retail (1)
2015-04-21T19:00:04+00:00 DEBUG (7):  Importing: New, Pending Payment, Processing, Complete, Payment Review
2015-04-21T19:00:04+00:00 DEBUG (7):   Deleting: Closed, Canceled, On Hold
2015-04-21T19:00:04+00:00 DEBUG (7):   Processing Order ID: 41521 	 #200034316
2015-04-21T19:00:06+00:00 DEBUG (7):   Flush resulted in 1 orders processed
2015-04-21T19:00:06+00:00 DEBUG (7):   Success: 1
2015-04-21T19:00:06+00:00 DEBUG (7):   Error:   0
2015-04-21T19:00:06+00:00 DEBUG (7):   Total:   1
2015-04-21T19:00:06+00:00 DEBUG (7): Starting Order Import process for store: Wholesale (2)
2015-04-21T19:15:02+00:00 DEBUG (7): Starting Order Import process for store: Admin (0)
2015-04-21T19:15:02+00:00 DEBUG (7): Starting Order Import process for store: International (3)
2015-04-21T19:15:02+00:00 DEBUG (7): Starting Order Import process for store: Retail (1)
2015-04-21T19:15:02+00:00 DEBUG (7): Starting Order Import process for store: Wholesale (2)
2015-04-21T19:30:04+00:00 DEBUG (7): Starting Order Import process for store: Admin (0)
2015-04-21T19:30:04+00:00 DEBUG (7): Starting Order Import process for store: International (3)
2015-04-21T19:30:04+00:00 DEBUG (7): Starting Order Import process for store: Retail (1)
2015-04-21T19:30:04+00:00 DEBUG (7):  Importing: New, Pending Payment, Processing, Complete, Payment Review
2015-04-21T19:30:04+00:00 DEBUG (7):   Deleting: Closed, Canceled, On Hold
2015-04-21T19:30:04+00:00 DEBUG (7):   Processing Order ID: 41517 	 #200034313
2015-04-21T19:30:04+00:00 DEBUG (7):   Processing Order ID: 41513 	 #200034312
2015-04-21T19:30:06+00:00 DEBUG (7):   Flush resulted in 2 orders processed
2015-04-21T19:30:06+00:00 DEBUG (7):   Success: 2
2015-04-21T19:30:06+00:00 DEBUG (7):   Error:   0
2015-04-21T19:30:06+00:00 DEBUG (7):   Total:   2
2015-04-21T19:30:06+00:00 DEBUG (7): Starting Order Import process for store: Wholesale (2)
2015-04-21T19:30:06+00:00 DEBUG (7):  Importing: New, Pending Payment, Processing, Complete, Payment Review
2015-04-21T19:30:06+00:00 DEBUG (7):   Deleting: Closed, Canceled, On Hold
2015-04-21T19:30:06+00:00 DEBUG (7):   Processing Order ID: 41516 	 #250007546
2015-04-21T19:30:09+00:00 DEBUG (7):   Flush resulted in 1 orders processed
2015-04-21T19:30:09+00:00 DEBUG (7):   Success: 1
2015-04-21T19:30:09+00:00 DEBUG (7):   Error:   0
2015-04-21T19:30:09+00:00 DEBUG (7):   Total:   1
2015-04-21T19:45:02+00:00 DEBUG (7): Starting Order Import process for store: Admin (0)
2015-04-21T19:45:02+00:00 DEBUG (7): Starting Order Import process for store: International (3)
2015-04-21T19:45:02+00:00 DEBUG (7): Starting Order Import process for store: Retail (1)
2015-04-21T19:45:02+00:00 DEBUG (7): Starting Order Import process for store: Wholesale (2)
2015-04-21T20:00:02+00:00 DEBUG (7): Starting Order Import process for store: Admin (0)
2015-04-21T20:00:02+00:00 DEBUG (7): Starting Order Import process for store: International (3)
2015-04-21T20:00:02+00:00 DEBUG (7): Starting Order Import process for store: Retail (1)
2015-04-21T20:00:02+00:00 DEBUG (7): Starting Order Import process for store: Wholesale (2)
2015-04-21T20:15:02+00:00 DEBUG (7): Starting Order Import process for store: Admin (0)
2015-04-21T20:15:02+00:00 DEBUG (7): Starting Order Import process for store: International (3)
2015-04-21T20:15:02+00:00 DEBUG (7): Starting Order Import process for store: Retail (1)
2015-04-21T20:15:02+00:00 DEBUG (7): Starting Order Import process for store: Wholesale (2)
2015-04-21T20:30:02+00:00 DEBUG (7): Starting Order Import process for store: Admin (0)
2015-04-21T20:30:02+00:00 DEBUG (7): Starting Order Import process for store: International (3)
2015-04-21T20:30:02+00:00 DEBUG (7): Starting Order Import process for store: Retail (1)
2015-04-21T20:30:02+00:00 DEBUG (7):  Importing: New, Pending Payment, Processing, Complete, Payment Review
2015-04-21T20:30:02+00:00 DEBUG (7):   Deleting: Closed, Canceled, On Hold
2015-04-21T20:30:02+00:00 DEBUG (7):   Processing Order ID: 41522 	 #200034317
2015-04-21T20:30:04+00:00 DEBUG (7):   Flush resulted in 1 orders processed
2015-04-21T20:30:04+00:00 DEBUG (7):   Success: 1
2015-04-21T20:30:04+00:00 DEBUG (7):   Error:   0
2015-04-21T20:30:04+00:00 DEBUG (7):   Total:   1
2015-04-21T20:30:04+00:00 DEBUG (7): Starting Order Import process for store: Wholesale (2)
2015-04-21T20:50:02+00:00 DEBUG (7): Starting Order Import process for store: Admin (0)
2015-04-21T20:50:02+00:00 DEBUG (7): Starting Order Import process for store: International (3)
2015-04-21T20:50:02+00:00 DEBUG (7): Starting Order Import process for store: Retail (1)
2015-04-21T20:50:02+00:00 DEBUG (7): Starting Order Import process for store: Wholesale (2)
2015-04-21T21:00:02+00:00 DEBUG (7): Starting Order Import process for store: Admin (0)
2015-04-21T21:00:02+00:00 DEBUG (7): Starting Order Import process for store: International (3)
2015-04-21T21:00:02+00:00 DEBUG (7): Starting Order Import process for store: Retail (1)
2015-04-21T21:00:02+00:00 DEBUG (7): Starting Order Import process for store: Wholesale (2)
2015-04-21T21:15:02+00:00 DEBUG (7): Starting Order Import process for store: Admin (0)
2015-04-21T21:15:02+00:00 DEBUG (7): Starting Order Import process for store: International (3)
2015-04-21T21:15:02+00:00 DEBUG (7): Starting Order Import process for store: Retail (1)
2015-04-21T21:15:03+00:00 DEBUG (7):  Importing: New, Pending Payment, Processing, Complete, Payment Review
2015-04-21T21:15:03+00:00 DEBUG (7):   Deleting: Closed, Canceled, On Hold
2015-04-21T21:15:03+00:00 DEBUG (7):   Processing Order ID: 41519 	 #200034315
2015-04-21T21:15:03+00:00 DEBUG (7):   Processing Order ID: 41518 	 #200034314
2015-04-21T21:15:06+00:00 DEBUG (7):   Flush resulted in 2 orders processed
2015-04-21T21:15:06+00:00 DEBUG (7):   Success: 2
2015-04-21T21:15:06+00:00 DEBUG (7):   Error:   0
2015-04-21T21:15:06+00:00 DEBUG (7):   Total:   2
2015-04-21T21:15:06+00:00 DEBUG (7): Starting Order Import process for store: Wholesale (2)
2015-04-21T21:30:02+00:00 DEBUG (7): Starting Order Import process for store: Admin (0)
2015-04-21T21:30:02+00:00 DEBUG (7): Starting Order Import process for store: International (3)
2015-04-21T21:30:02+00:00 DEBUG (7): Starting Order Import process for store: Retail (1)
2015-04-21T21:30:02+00:00 DEBUG (7):  Importing: New, Pending Payment, Processing, Complete, Payment Review
2015-04-21T21:30:02+00:00 DEBUG (7):   Deleting: Closed, Canceled, On Hold
2015-04-21T21:30:02+00:00 DEBUG (7):   Processing Order ID: 41523 	 #200034318
2015-04-21T21:30:04+00:00 DEBUG (7):   Flush resulted in 1 orders processed
2015-04-21T21:30:04+00:00 DEBUG (7):   Success: 1
2015-04-21T21:30:04+00:00 DEBUG (7):   Error:   0
2015-04-21T21:30:04+00:00 DEBUG (7):   Total:   1
2015-04-21T21:30:04+00:00 DEBUG (7): Starting Order Import process for store: Wholesale (2)
2015-04-21T21:45:02+00:00 DEBUG (7): Starting Order Import process for store: Admin (0)
2015-04-21T21:45:02+00:00 DEBUG (7): Starting Order Import process for store: International (3)
2015-04-21T21:45:02+00:00 DEBUG (7): Starting Order Import process for store: Retail (1)
2015-04-21T21:45:02+00:00 DEBUG (7): Starting Order Import process for store: Wholesale (2)
2015-04-21T21:45:02+00:00 DEBUG (7):  Importing: New, Pending Payment, Processing, Complete, Payment Review
2015-04-21T21:45:02+00:00 DEBUG (7):   Deleting: Closed, Canceled, On Hold
2015-04-21T21:45:02+00:00 DEBUG (7):   Processing Order ID: 41507 	 #250007544
2015-04-21T21:45:02+00:00 DEBUG (7):   Processing Order ID: 41508 	 #250007545
2015-04-21T21:45:04+00:00 DEBUG (7):   Flush resulted in 2 orders processed
2015-04-21T21:45:04+00:00 DEBUG (7):   Success: 2
2015-04-21T21:45:04+00:00 DEBUG (7):   Error:   0
2015-04-21T21:45:04+00:00 DEBUG (7):   Total:   2
2015-04-21T22:00:02+00:00 DEBUG (7): Starting Order Import process for store: Admin (0)
2015-04-21T22:00:02+00:00 DEBUG (7): Starting Order Import process for store: International (3)
2015-04-21T22:00:02+00:00 DEBUG (7): Starting Order Import process for store: Retail (1)
2015-04-21T22:00:02+00:00 DEBUG (7): Starting Order Import process for store: Wholesale (2)
2015-04-21T22:00:02+00:00 DEBUG (7):  Importing: New, Pending Payment, Processing, Complete, Payment Review
2015-04-21T22:00:02+00:00 DEBUG (7):   Deleting: Closed, Canceled, On Hold
2015-04-21T22:00:02+00:00 DEBUG (7):   Processing Order ID: 41466 	 #250007519
2015-04-21T22:00:04+00:00 DEBUG (7):   Flush resulted in 1 orders processed
2015-04-21T22:00:04+00:00 DEBUG (7):   Success: 1
2015-04-21T22:00:04+00:00 DEBUG (7):   Error:   0
2015-04-21T22:00:04+00:00 DEBUG (7):   Total:   1
2015-04-21T22:15:04+00:00 DEBUG (7): Starting Order Import process for store: Admin (0)
2015-04-21T22:15:04+00:00 DEBUG (7): Starting Order Import process for store: International (3)
2015-04-21T22:15:04+00:00 DEBUG (7): Starting Order Import process for store: Retail (1)
2015-04-21T22:15:05+00:00 DEBUG (7):  Importing: New, Pending Payment, Processing, Complete, Payment Review
2015-04-21T22:15:05+00:00 DEBUG (7):   Deleting: Closed, Canceled, On Hold
2015-04-21T22:15:05+00:00 DEBUG (7):   Processing Order ID: 41523 	 #200034318
2015-04-21T22:15:05+00:00 DEBUG (7):   Processing Order ID: 41522 	 #200034317
2015-04-21T22:15:05+00:00 DEBUG (7):   Processing Order ID: 41521 	 #200034316
2015-04-21T22:15:08+00:00 DEBUG (7):   Flush resulted in 3 orders processed
2015-04-21T22:15:08+00:00 DEBUG (7):   Success: 3
2015-04-21T22:15:08+00:00 DEBUG (7):   Error:   0
2015-04-21T22:15:08+00:00 DEBUG (7):   Total:   3
2015-04-21T22:15:08+00:00 DEBUG (7): Starting Order Import process for store: Wholesale (2)
2015-04-21T22:30:03+00:00 DEBUG (7): Starting Order Import process for store: Admin (0)
2015-04-21T22:30:03+00:00 DEBUG (7): Starting Order Import process for store: International (3)
2015-04-21T22:30:03+00:00 DEBUG (7): Starting Order Import process for store: Retail (1)
2015-04-21T22:30:03+00:00 DEBUG (7): Starting Order Import process for store: Wholesale (2)
2015-04-21T22:30:03+00:00 DEBUG (7):  Importing: New, Pending Payment, Processing, Complete, Payment Review
2015-04-21T22:30:03+00:00 DEBUG (7):   Deleting: Closed, Canceled, On Hold
2015-04-21T22:30:03+00:00 DEBUG (7):   Processing Order ID: 41524 	 #250007548
2015-04-21T22:30:04+00:00 DEBUG (7):   Flush resulted in 1 orders processed
2015-04-21T22:30:04+00:00 DEBUG (7):   Success: 1
2015-04-21T22:30:04+00:00 DEBUG (7):   Error:   0
2015-04-21T22:30:04+00:00 DEBUG (7):   Total:   1
2015-04-21T22:45:02+00:00 DEBUG (7): Starting Order Import process for store: Admin (0)
2015-04-21T22:45:02+00:00 DEBUG (7): Starting Order Import process for store: International (3)
2015-04-21T22:45:02+00:00 DEBUG (7): Starting Order Import process for store: Retail (1)
2015-04-21T22:45:02+00:00 DEBUG (7): Starting Order Import process for store: Wholesale (2)
2015-04-21T22:45:02+00:00 DEBUG (7):  Importing: New, Pending Payment, Processing, Complete, Payment Review
2015-04-21T22:45:02+00:00 DEBUG (7):   Deleting: Closed, Canceled, On Hold
2015-04-21T22:45:02+00:00 DEBUG (7):   Processing Order ID: 40283 	 #250007092
2015-04-21T22:45:04+00:00 DEBUG (7):   Flush resulted in 1 orders processed
2015-04-21T22:45:04+00:00 DEBUG (7):   Success: 1
2015-04-21T22:45:04+00:00 DEBUG (7):   Error:   0
2015-04-21T22:45:04+00:00 DEBUG (7):   Total:   1
2015-04-21T23:00:02+00:00 DEBUG (7): Starting Order Import process for store: Admin (0)
2015-04-21T23:00:02+00:00 DEBUG (7): Starting Order Import process for store: International (3)
2015-04-21T23:00:02+00:00 DEBUG (7): Starting Order Import process for store: Retail (1)
2015-04-21T23:00:02+00:00 DEBUG (7): Starting Order Import process for store: Wholesale (2)
2015-04-21T23:15:02+00:00 DEBUG (7): Starting Order Import process for store: Admin (0)
2015-04-21T23:15:02+00:00 DEBUG (7): Starting Order Import process for store: International (3)
2015-04-21T23:15:02+00:00 DEBUG (7): Starting Order Import process for store: Retail (1)
2015-04-21T23:15:02+00:00 DEBUG (7): Starting Order Import process for store: Wholesale (2)
2015-04-21T23:15:02+00:00 DEBUG (7):  Importing: New, Pending Payment, Processing, Complete, Payment Review
2015-04-21T23:15:02+00:00 DEBUG (7):   Deleting: Closed, Canceled, On Hold
2015-04-21T23:15:02+00:00 DEBUG (7):   Processing Order ID: 41525 	 #250007549
2015-04-21T23:15:08+00:00 DEBUG (7):   Flush resulted in 1 orders processed
2015-04-21T23:15:08+00:00 DEBUG (7):   Success: 1
2015-04-21T23:15:08+00:00 DEBUG (7):   Error:   0
2015-04-21T23:15:08+00:00 DEBUG (7):   Total:   1
2015-04-21T23:30:02+00:00 DEBUG (7): Starting Order Import process for store: Admin (0)
2015-04-21T23:30:02+00:00 DEBUG (7): Starting Order Import process for store: International (3)
2015-04-21T23:30:02+00:00 DEBUG (7): Starting Order Import process for store: Retail (1)
2015-04-21T23:30:02+00:00 DEBUG (7): Starting Order Import process for store: Wholesale (2)
2015-04-21T23:45:02+00:00 DEBUG (7): Starting Order Import process for store: Admin (0)
2015-04-21T23:45:02+00:00 DEBUG (7): Starting Order Import process for store: International (3)
2015-04-21T23:45:02+00:00 DEBUG (7): Starting Order Import process for store: Retail (1)
2015-04-21T23:45:02+00:00 DEBUG (7): Starting Order Import process for store: Wholesale (2)
