2015-04-05T00:00:02+00:00 DEBUG (7): Starting Order Import process for store: Admin (0)
2015-04-05T00:00:02+00:00 DEBUG (7): Starting Order Import process for store: International (3)
2015-04-05T00:00:02+00:00 DEBUG (7): Starting Order Import process for store: Retail (1)
2015-04-05T00:00:02+00:00 DEBUG (7): Starting Order Import process for store: Wholesale (2)
2015-04-05T00:15:02+00:00 DEBUG (7): Starting Order Import process for store: Admin (0)
2015-04-05T00:15:02+00:00 DEBUG (7): Starting Order Import process for store: International (3)
2015-04-05T00:15:02+00:00 DEBUG (7): Starting Order Import process for store: Retail (1)
2015-04-05T00:15:02+00:00 DEBUG (7): Starting Order Import process for store: Wholesale (2)
2015-04-05T00:30:02+00:00 DEBUG (7): Starting Order Import process for store: Admin (0)
2015-04-05T00:30:02+00:00 DEBUG (7): Starting Order Import process for store: International (3)
2015-04-05T00:30:02+00:00 DEBUG (7): Starting Order Import process for store: Retail (1)
2015-04-05T00:30:02+00:00 DEBUG (7): Starting Order Import process for store: Wholesale (2)
2015-04-05T00:45:02+00:00 DEBUG (7): Starting Order Import process for store: Admin (0)
2015-04-05T00:45:02+00:00 DEBUG (7): Starting Order Import process for store: International (3)
2015-04-05T00:45:02+00:00 DEBUG (7): Starting Order Import process for store: Retail (1)
2015-04-05T00:45:02+00:00 DEBUG (7): Starting Order Import process for store: Wholesale (2)
2015-04-05T01:05:02+00:00 DEBUG (7): Starting Order Import process for store: Admin (0)
2015-04-05T01:05:02+00:00 DEBUG (7): Starting Order Import process for store: International (3)
2015-04-05T01:05:02+00:00 DEBUG (7): Starting Order Import process for store: Retail (1)
2015-04-05T01:05:02+00:00 DEBUG (7): Starting Order Import process for store: Wholesale (2)
2015-04-05T01:15:02+00:00 DEBUG (7): Starting Order Import process for store: Admin (0)
2015-04-05T01:15:02+00:00 DEBUG (7): Starting Order Import process for store: International (3)
2015-04-05T01:15:02+00:00 DEBUG (7): Starting Order Import process for store: Retail (1)
2015-04-05T01:15:02+00:00 DEBUG (7): Starting Order Import process for store: Wholesale (2)
2015-04-05T01:30:02+00:00 DEBUG (7): Starting Order Import process for store: Admin (0)
2015-04-05T01:30:02+00:00 DEBUG (7): Starting Order Import process for store: International (3)
2015-04-05T01:30:02+00:00 DEBUG (7): Starting Order Import process for store: Retail (1)
2015-04-05T01:30:02+00:00 DEBUG (7): Starting Order Import process for store: Wholesale (2)
2015-04-05T01:45:02+00:00 DEBUG (7): Starting Order Import process for store: Admin (0)
2015-04-05T01:45:02+00:00 DEBUG (7): Starting Order Import process for store: International (3)
2015-04-05T01:45:02+00:00 DEBUG (7): Starting Order Import process for store: Retail (1)
2015-04-05T01:45:02+00:00 DEBUG (7):  Importing: New, Pending Payment, Processing, Complete, Payment Review
2015-04-05T01:45:02+00:00 DEBUG (7):   Deleting: Closed, Canceled, On Hold
2015-04-05T01:45:02+00:00 DEBUG (7):   Processing Order ID: 41098 	 #200034051
2015-04-05T01:45:07+00:00 DEBUG (7):   Flush resulted in 1 orders processed
2015-04-05T01:45:07+00:00 DEBUG (7):   Success: 1
2015-04-05T01:45:07+00:00 DEBUG (7):   Error:   0
2015-04-05T01:45:07+00:00 DEBUG (7):   Total:   1
2015-04-05T01:45:07+00:00 DEBUG (7): Starting Order Import process for store: Wholesale (2)
2015-04-05T02:00:02+00:00 DEBUG (7): Starting Order Import process for store: Admin (0)
2015-04-05T02:00:02+00:00 DEBUG (7): Starting Order Import process for store: International (3)
2015-04-05T02:00:02+00:00 DEBUG (7): Starting Order Import process for store: Retail (1)
2015-04-05T02:00:02+00:00 DEBUG (7): Starting Order Import process for store: Wholesale (2)
2015-04-05T02:15:02+00:00 DEBUG (7): Starting Order Import process for store: Admin (0)
2015-04-05T02:15:02+00:00 DEBUG (7): Starting Order Import process for store: International (3)
2015-04-05T02:15:02+00:00 DEBUG (7): Starting Order Import process for store: Retail (1)
2015-04-05T02:15:02+00:00 DEBUG (7): Starting Order Import process for store: Wholesale (2)
2015-04-05T02:30:02+00:00 DEBUG (7): Starting Order Import process for store: Admin (0)
2015-04-05T02:30:02+00:00 DEBUG (7): Starting Order Import process for store: International (3)
2015-04-05T02:30:02+00:00 DEBUG (7): Starting Order Import process for store: Retail (1)
2015-04-05T02:30:02+00:00 DEBUG (7): Starting Order Import process for store: Wholesale (2)
2015-04-05T02:45:02+00:00 DEBUG (7): Starting Order Import process for store: Admin (0)
2015-04-05T02:45:02+00:00 DEBUG (7): Starting Order Import process for store: International (3)
2015-04-05T02:45:02+00:00 DEBUG (7): Starting Order Import process for store: Retail (1)
2015-04-05T02:45:02+00:00 DEBUG (7): Starting Order Import process for store: Wholesale (2)
2015-04-05T03:05:02+00:00 DEBUG (7): Starting Order Import process for store: Admin (0)
2015-04-05T03:05:02+00:00 DEBUG (7): Starting Order Import process for store: International (3)
2015-04-05T03:05:02+00:00 DEBUG (7): Starting Order Import process for store: Retail (1)
2015-04-05T03:05:02+00:00 DEBUG (7): Starting Order Import process for store: Wholesale (2)
2015-04-05T03:15:02+00:00 DEBUG (7): Starting Order Import process for store: Admin (0)
2015-04-05T03:15:02+00:00 DEBUG (7): Starting Order Import process for store: International (3)
2015-04-05T03:15:02+00:00 DEBUG (7): Starting Order Import process for store: Retail (1)
2015-04-05T03:15:02+00:00 DEBUG (7): Starting Order Import process for store: Wholesale (2)
2015-04-05T03:30:02+00:00 DEBUG (7): Starting Order Import process for store: Admin (0)
2015-04-05T03:30:02+00:00 DEBUG (7): Starting Order Import process for store: International (3)
2015-04-05T03:30:02+00:00 DEBUG (7): Starting Order Import process for store: Retail (1)
2015-04-05T03:30:02+00:00 DEBUG (7): Starting Order Import process for store: Wholesale (2)
2015-04-05T03:45:02+00:00 DEBUG (7): Starting Order Import process for store: Admin (0)
2015-04-05T03:45:02+00:00 DEBUG (7): Starting Order Import process for store: International (3)
2015-04-05T03:45:02+00:00 DEBUG (7): Starting Order Import process for store: Retail (1)
2015-04-05T03:45:02+00:00 DEBUG (7): Starting Order Import process for store: Wholesale (2)
2015-04-05T04:00:02+00:00 DEBUG (7): Starting Order Import process for store: Admin (0)
2015-04-05T04:00:02+00:00 DEBUG (7): Starting Order Import process for store: International (3)
2015-04-05T04:00:02+00:00 DEBUG (7): Starting Order Import process for store: Retail (1)
2015-04-05T04:00:02+00:00 DEBUG (7): Starting Order Import process for store: Wholesale (2)
2015-04-05T04:15:02+00:00 DEBUG (7): Starting Order Import process for store: Admin (0)
2015-04-05T04:15:02+00:00 DEBUG (7): Starting Order Import process for store: International (3)
2015-04-05T04:15:02+00:00 DEBUG (7): Starting Order Import process for store: Retail (1)
2015-04-05T04:15:02+00:00 DEBUG (7): Starting Order Import process for store: Wholesale (2)
2015-04-05T04:30:02+00:00 DEBUG (7): Starting Order Import process for store: Admin (0)
2015-04-05T04:30:02+00:00 DEBUG (7): Starting Order Import process for store: International (3)
2015-04-05T04:30:02+00:00 DEBUG (7): Starting Order Import process for store: Retail (1)
2015-04-05T04:30:02+00:00 DEBUG (7): Starting Order Import process for store: Wholesale (2)
2015-04-05T04:45:02+00:00 DEBUG (7): Starting Order Import process for store: Admin (0)
2015-04-05T04:45:02+00:00 DEBUG (7): Starting Order Import process for store: International (3)
2015-04-05T04:45:02+00:00 DEBUG (7): Starting Order Import process for store: Retail (1)
2015-04-05T04:45:02+00:00 DEBUG (7): Starting Order Import process for store: Wholesale (2)
2015-04-05T05:00:02+00:00 DEBUG (7): Starting Order Import process for store: Admin (0)
2015-04-05T05:00:02+00:00 DEBUG (7): Starting Order Import process for store: International (3)
2015-04-05T05:00:02+00:00 DEBUG (7): Starting Order Import process for store: Retail (1)
2015-04-05T05:00:02+00:00 DEBUG (7): Starting Order Import process for store: Wholesale (2)
2015-04-05T05:20:02+00:00 DEBUG (7): Starting Order Import process for store: Admin (0)
2015-04-05T05:20:02+00:00 DEBUG (7): Starting Order Import process for store: International (3)
2015-04-05T05:20:02+00:00 DEBUG (7): Starting Order Import process for store: Retail (1)
2015-04-05T05:20:02+00:00 DEBUG (7): Starting Order Import process for store: Wholesale (2)
2015-04-05T05:30:02+00:00 DEBUG (7): Starting Order Import process for store: Admin (0)
2015-04-05T05:30:02+00:00 DEBUG (7): Starting Order Import process for store: International (3)
2015-04-05T05:30:02+00:00 DEBUG (7): Starting Order Import process for store: Retail (1)
2015-04-05T05:30:02+00:00 DEBUG (7): Starting Order Import process for store: Wholesale (2)
2015-04-05T05:45:02+00:00 DEBUG (7): Starting Order Import process for store: Admin (0)
2015-04-05T05:45:02+00:00 DEBUG (7): Starting Order Import process for store: International (3)
2015-04-05T05:45:02+00:00 DEBUG (7): Starting Order Import process for store: Retail (1)
2015-04-05T05:45:02+00:00 DEBUG (7): Starting Order Import process for store: Wholesale (2)
2015-04-05T06:00:02+00:00 DEBUG (7): Starting Order Import process for store: Admin (0)
2015-04-05T06:00:02+00:00 DEBUG (7): Starting Order Import process for store: International (3)
2015-04-05T06:00:02+00:00 DEBUG (7): Starting Order Import process for store: Retail (1)
2015-04-05T06:00:02+00:00 DEBUG (7): Starting Order Import process for store: Wholesale (2)
2015-04-05T06:15:02+00:00 DEBUG (7): Starting Order Import process for store: Admin (0)
2015-04-05T06:15:02+00:00 DEBUG (7): Starting Order Import process for store: International (3)
2015-04-05T06:15:02+00:00 DEBUG (7): Starting Order Import process for store: Retail (1)
2015-04-05T06:15:02+00:00 DEBUG (7): Starting Order Import process for store: Wholesale (2)
2015-04-05T06:30:02+00:00 DEBUG (7): Starting Order Import process for store: Admin (0)
2015-04-05T06:30:02+00:00 DEBUG (7): Starting Order Import process for store: International (3)
2015-04-05T06:30:02+00:00 DEBUG (7): Starting Order Import process for store: Retail (1)
2015-04-05T06:30:02+00:00 DEBUG (7): Starting Order Import process for store: Wholesale (2)
2015-04-05T06:45:02+00:00 DEBUG (7): Starting Order Import process for store: Admin (0)
2015-04-05T06:45:02+00:00 DEBUG (7): Starting Order Import process for store: International (3)
2015-04-05T06:45:02+00:00 DEBUG (7): Starting Order Import process for store: Retail (1)
2015-04-05T06:45:02+00:00 DEBUG (7): Starting Order Import process for store: Wholesale (2)
2015-04-05T07:05:12+00:00 DEBUG (7): Starting Order Import process for store: Admin (0)
2015-04-05T07:05:12+00:00 DEBUG (7): Starting Order Import process for store: International (3)
2015-04-05T07:05:12+00:00 DEBUG (7): Starting Order Import process for store: Retail (1)
2015-04-05T07:05:12+00:00 DEBUG (7): Starting Order Import process for store: Wholesale (2)
2015-04-05T07:20:02+00:00 DEBUG (7): Starting Order Import process for store: Admin (0)
2015-04-05T07:20:02+00:00 DEBUG (7): Starting Order Import process for store: International (3)
2015-04-05T07:20:02+00:00 DEBUG (7): Starting Order Import process for store: Retail (1)
2015-04-05T07:20:02+00:00 DEBUG (7): Starting Order Import process for store: Wholesale (2)
2015-04-05T07:30:02+00:00 DEBUG (7): Starting Order Import process for store: Admin (0)
2015-04-05T07:30:02+00:00 DEBUG (7): Starting Order Import process for store: International (3)
2015-04-05T07:30:02+00:00 DEBUG (7): Starting Order Import process for store: Retail (1)
2015-04-05T07:30:02+00:00 DEBUG (7): Starting Order Import process for store: Wholesale (2)
2015-04-05T07:45:02+00:00 DEBUG (7): Starting Order Import process for store: Admin (0)
2015-04-05T07:45:02+00:00 DEBUG (7): Starting Order Import process for store: International (3)
2015-04-05T07:45:02+00:00 DEBUG (7): Starting Order Import process for store: Retail (1)
2015-04-05T07:45:02+00:00 DEBUG (7): Starting Order Import process for store: Wholesale (2)
2015-04-05T08:00:32+00:00 DEBUG (7): Starting Order Import process for store: Admin (0)
2015-04-05T08:00:32+00:00 DEBUG (7): Starting Order Import process for store: International (3)
2015-04-05T08:00:32+00:00 DEBUG (7): Starting Order Import process for store: Retail (1)
2015-04-05T08:00:32+00:00 DEBUG (7): Starting Order Import process for store: Wholesale (2)
2015-04-05T08:15:02+00:00 DEBUG (7): Starting Order Import process for store: Admin (0)
2015-04-05T08:15:02+00:00 DEBUG (7): Starting Order Import process for store: International (3)
2015-04-05T08:15:02+00:00 DEBUG (7): Starting Order Import process for store: Retail (1)
2015-04-05T08:15:02+00:00 DEBUG (7): Starting Order Import process for store: Wholesale (2)
2015-04-05T08:30:02+00:00 DEBUG (7): Starting Order Import process for store: Admin (0)
2015-04-05T08:30:02+00:00 DEBUG (7): Starting Order Import process for store: International (3)
2015-04-05T08:30:02+00:00 DEBUG (7): Starting Order Import process for store: Retail (1)
2015-04-05T08:30:02+00:00 DEBUG (7): Starting Order Import process for store: Wholesale (2)
2015-04-05T08:45:02+00:00 DEBUG (7): Starting Order Import process for store: Admin (0)
2015-04-05T08:45:02+00:00 DEBUG (7): Starting Order Import process for store: International (3)
2015-04-05T08:45:02+00:00 DEBUG (7): Starting Order Import process for store: Retail (1)
2015-04-05T08:45:02+00:00 DEBUG (7): Starting Order Import process for store: Wholesale (2)
2015-04-05T09:05:06+00:00 DEBUG (7): Starting Order Import process for store: Admin (0)
2015-04-05T09:05:06+00:00 DEBUG (7): Starting Order Import process for store: International (3)
2015-04-05T09:05:06+00:00 DEBUG (7): Starting Order Import process for store: Retail (1)
2015-04-05T09:05:06+00:00 DEBUG (7): Starting Order Import process for store: Wholesale (2)
2015-04-05T09:15:02+00:00 DEBUG (7): Starting Order Import process for store: Admin (0)
2015-04-05T09:15:02+00:00 DEBUG (7): Starting Order Import process for store: International (3)
2015-04-05T09:15:02+00:00 DEBUG (7): Starting Order Import process for store: Retail (1)
2015-04-05T09:15:02+00:00 DEBUG (7): Starting Order Import process for store: Wholesale (2)
2015-04-05T09:30:02+00:00 DEBUG (7): Starting Order Import process for store: Admin (0)
2015-04-05T09:30:02+00:00 DEBUG (7): Starting Order Import process for store: International (3)
2015-04-05T09:30:02+00:00 DEBUG (7): Starting Order Import process for store: Retail (1)
2015-04-05T09:30:02+00:00 DEBUG (7):  Importing: New, Pending Payment, Processing, Complete, Payment Review
2015-04-05T09:30:02+00:00 DEBUG (7):   Deleting: Closed, Canceled, On Hold
2015-04-05T09:30:02+00:00 DEBUG (7):   Processing Order ID: 41099 	 #200034052
2015-04-05T09:30:03+00:00 DEBUG (7):   Flush resulted in 1 orders processed
2015-04-05T09:30:03+00:00 DEBUG (7):   Success: 1
2015-04-05T09:30:03+00:00 DEBUG (7):   Error:   0
2015-04-05T09:30:03+00:00 DEBUG (7):   Total:   1
2015-04-05T09:30:03+00:00 DEBUG (7): Starting Order Import process for store: Wholesale (2)
2015-04-05T09:45:02+00:00 DEBUG (7): Starting Order Import process for store: Admin (0)
2015-04-05T09:45:02+00:00 DEBUG (7): Starting Order Import process for store: International (3)
2015-04-05T09:45:02+00:00 DEBUG (7): Starting Order Import process for store: Retail (1)
2015-04-05T09:45:02+00:00 DEBUG (7): Starting Order Import process for store: Wholesale (2)
2015-04-05T10:00:02+00:00 DEBUG (7): Starting Order Import process for store: Admin (0)
2015-04-05T10:00:02+00:00 DEBUG (7): Starting Order Import process for store: International (3)
2015-04-05T10:00:02+00:00 DEBUG (7): Starting Order Import process for store: Retail (1)
2015-04-05T10:00:02+00:00 DEBUG (7): Starting Order Import process for store: Wholesale (2)
2015-04-05T10:15:02+00:00 DEBUG (7): Starting Order Import process for store: Admin (0)
2015-04-05T10:15:02+00:00 DEBUG (7): Starting Order Import process for store: International (3)
2015-04-05T10:15:02+00:00 DEBUG (7): Starting Order Import process for store: Retail (1)
2015-04-05T10:15:02+00:00 DEBUG (7): Starting Order Import process for store: Wholesale (2)
2015-04-05T10:30:02+00:00 DEBUG (7): Starting Order Import process for store: Admin (0)
2015-04-05T10:30:02+00:00 DEBUG (7): Starting Order Import process for store: International (3)
2015-04-05T10:30:02+00:00 DEBUG (7): Starting Order Import process for store: Retail (1)
2015-04-05T10:30:02+00:00 DEBUG (7): Starting Order Import process for store: Wholesale (2)
2015-04-05T10:50:02+00:00 DEBUG (7): Starting Order Import process for store: Admin (0)
2015-04-05T10:50:02+00:00 DEBUG (7): Starting Order Import process for store: International (3)
2015-04-05T10:50:02+00:00 DEBUG (7): Starting Order Import process for store: Retail (1)
2015-04-05T10:50:02+00:00 DEBUG (7): Starting Order Import process for store: Wholesale (2)
2015-04-05T11:00:02+00:00 DEBUG (7): Starting Order Import process for store: Admin (0)
2015-04-05T11:00:02+00:00 DEBUG (7): Starting Order Import process for store: International (3)
2015-04-05T11:00:02+00:00 DEBUG (7): Starting Order Import process for store: Retail (1)
2015-04-05T11:00:02+00:00 DEBUG (7): Starting Order Import process for store: Wholesale (2)
2015-04-05T11:15:02+00:00 DEBUG (7): Starting Order Import process for store: Admin (0)
2015-04-05T11:15:03+00:00 DEBUG (7): Starting Order Import process for store: International (3)
2015-04-05T11:15:03+00:00 DEBUG (7): Starting Order Import process for store: Retail (1)
2015-04-05T11:15:03+00:00 DEBUG (7): Starting Order Import process for store: Wholesale (2)
2015-04-05T11:30:02+00:00 DEBUG (7): Starting Order Import process for store: Admin (0)
2015-04-05T11:30:02+00:00 DEBUG (7): Starting Order Import process for store: International (3)
2015-04-05T11:30:02+00:00 DEBUG (7): Starting Order Import process for store: Retail (1)
2015-04-05T11:30:02+00:00 DEBUG (7): Starting Order Import process for store: Wholesale (2)
2015-04-05T11:45:02+00:00 DEBUG (7): Starting Order Import process for store: Admin (0)
2015-04-05T11:45:02+00:00 DEBUG (7): Starting Order Import process for store: International (3)
2015-04-05T11:45:02+00:00 DEBUG (7): Starting Order Import process for store: Retail (1)
2015-04-05T11:45:02+00:00 DEBUG (7): Starting Order Import process for store: Wholesale (2)
2015-04-05T12:00:05+00:00 DEBUG (7): Starting Order Import process for store: Admin (0)
2015-04-05T12:00:05+00:00 DEBUG (7): Starting Order Import process for store: International (3)
2015-04-05T12:00:05+00:00 DEBUG (7): Starting Order Import process for store: Retail (1)
2015-04-05T12:00:05+00:00 DEBUG (7): Starting Order Import process for store: Wholesale (2)
2015-04-05T12:15:02+00:00 DEBUG (7): Starting Order Import process for store: Admin (0)
2015-04-05T12:15:02+00:00 DEBUG (7): Starting Order Import process for store: International (3)
2015-04-05T12:15:02+00:00 DEBUG (7): Starting Order Import process for store: Retail (1)
2015-04-05T12:15:02+00:00 DEBUG (7): Starting Order Import process for store: Wholesale (2)
2015-04-05T12:30:02+00:00 DEBUG (7): Starting Order Import process for store: Admin (0)
2015-04-05T12:30:02+00:00 DEBUG (7): Starting Order Import process for store: International (3)
2015-04-05T12:30:02+00:00 DEBUG (7): Starting Order Import process for store: Retail (1)
2015-04-05T12:30:02+00:00 DEBUG (7): Starting Order Import process for store: Wholesale (2)
2015-04-05T12:45:02+00:00 DEBUG (7): Starting Order Import process for store: Admin (0)
2015-04-05T12:45:02+00:00 DEBUG (7): Starting Order Import process for store: International (3)
2015-04-05T12:45:02+00:00 DEBUG (7): Starting Order Import process for store: Retail (1)
2015-04-05T12:45:02+00:00 DEBUG (7): Starting Order Import process for store: Wholesale (2)
2015-04-05T13:00:02+00:00 DEBUG (7): Starting Order Import process for store: Admin (0)
2015-04-05T13:00:02+00:00 DEBUG (7): Starting Order Import process for store: International (3)
2015-04-05T13:00:02+00:00 DEBUG (7): Starting Order Import process for store: Retail (1)
2015-04-05T13:00:02+00:00 DEBUG (7): Starting Order Import process for store: Wholesale (2)
2015-04-05T13:15:02+00:00 DEBUG (7): Starting Order Import process for store: Admin (0)
2015-04-05T13:15:02+00:00 DEBUG (7): Starting Order Import process for store: International (3)
2015-04-05T13:15:02+00:00 DEBUG (7): Starting Order Import process for store: Retail (1)
2015-04-05T13:15:02+00:00 DEBUG (7): Starting Order Import process for store: Wholesale (2)
2015-04-05T13:30:02+00:00 DEBUG (7): Starting Order Import process for store: Admin (0)
2015-04-05T13:30:02+00:00 DEBUG (7): Starting Order Import process for store: International (3)
2015-04-05T13:30:02+00:00 DEBUG (7): Starting Order Import process for store: Retail (1)
2015-04-05T13:30:02+00:00 DEBUG (7): Starting Order Import process for store: Wholesale (2)
2015-04-05T13:45:02+00:00 DEBUG (7): Starting Order Import process for store: Admin (0)
2015-04-05T13:45:02+00:00 DEBUG (7): Starting Order Import process for store: International (3)
2015-04-05T13:45:02+00:00 DEBUG (7): Starting Order Import process for store: Retail (1)
2015-04-05T13:45:02+00:00 DEBUG (7): Starting Order Import process for store: Wholesale (2)
2015-04-05T14:05:02+00:00 DEBUG (7): Starting Order Import process for store: Admin (0)
2015-04-05T14:05:02+00:00 DEBUG (7): Starting Order Import process for store: International (3)
2015-04-05T14:05:02+00:00 DEBUG (7): Starting Order Import process for store: Retail (1)
2015-04-05T14:05:02+00:00 DEBUG (7): Starting Order Import process for store: Wholesale (2)
2015-04-05T14:15:02+00:00 DEBUG (7): Starting Order Import process for store: Admin (0)
2015-04-05T14:15:02+00:00 DEBUG (7): Starting Order Import process for store: International (3)
2015-04-05T14:15:02+00:00 DEBUG (7): Starting Order Import process for store: Retail (1)
2015-04-05T14:15:02+00:00 DEBUG (7): Starting Order Import process for store: Wholesale (2)
2015-04-05T14:30:03+00:00 DEBUG (7): Starting Order Import process for store: Admin (0)
2015-04-05T14:30:03+00:00 DEBUG (7): Starting Order Import process for store: International (3)
2015-04-05T14:30:03+00:00 DEBUG (7): Starting Order Import process for store: Retail (1)
2015-04-05T14:30:03+00:00 DEBUG (7): Starting Order Import process for store: Wholesale (2)
2015-04-05T14:45:02+00:00 DEBUG (7): Starting Order Import process for store: Admin (0)
2015-04-05T14:45:02+00:00 DEBUG (7): Starting Order Import process for store: International (3)
2015-04-05T14:45:02+00:00 DEBUG (7): Starting Order Import process for store: Retail (1)
2015-04-05T14:45:02+00:00 DEBUG (7): Starting Order Import process for store: Wholesale (2)
2015-04-05T15:00:02+00:00 DEBUG (7): Starting Order Import process for store: Admin (0)
2015-04-05T15:00:02+00:00 DEBUG (7): Starting Order Import process for store: International (3)
2015-04-05T15:00:02+00:00 DEBUG (7): Starting Order Import process for store: Retail (1)
2015-04-05T15:00:02+00:00 DEBUG (7):  Importing: New, Pending Payment, Processing, Complete, Payment Review
2015-04-05T15:00:02+00:00 DEBUG (7):   Deleting: Closed, Canceled, On Hold
2015-04-05T15:00:02+00:00 DEBUG (7):   Processing Order ID: 41100 	 #200034053
2015-04-05T15:00:04+00:00 DEBUG (7):   Flush resulted in 1 orders processed
2015-04-05T15:00:04+00:00 DEBUG (7):   Success: 1
2015-04-05T15:00:04+00:00 DEBUG (7):   Error:   0
2015-04-05T15:00:04+00:00 DEBUG (7):   Total:   1
2015-04-05T15:00:04+00:00 DEBUG (7): Starting Order Import process for store: Wholesale (2)
2015-04-05T15:15:02+00:00 DEBUG (7): Starting Order Import process for store: Admin (0)
2015-04-05T15:15:02+00:00 DEBUG (7): Starting Order Import process for store: International (3)
2015-04-05T15:15:02+00:00 DEBUG (7): Starting Order Import process for store: Retail (1)
2015-04-05T15:15:02+00:00 DEBUG (7): Starting Order Import process for store: Wholesale (2)
2015-04-05T15:30:02+00:00 DEBUG (7): Starting Order Import process for store: Admin (0)
2015-04-05T15:30:02+00:00 DEBUG (7): Starting Order Import process for store: International (3)
2015-04-05T15:30:02+00:00 DEBUG (7): Starting Order Import process for store: Retail (1)
2015-04-05T15:30:02+00:00 DEBUG (7): Starting Order Import process for store: Wholesale (2)
2015-04-05T15:45:02+00:00 DEBUG (7): Starting Order Import process for store: Admin (0)
2015-04-05T15:45:02+00:00 DEBUG (7): Starting Order Import process for store: International (3)
2015-04-05T15:45:02+00:00 DEBUG (7): Starting Order Import process for store: Retail (1)
2015-04-05T15:45:02+00:00 DEBUG (7): Starting Order Import process for store: Wholesale (2)
2015-04-05T16:05:02+00:00 DEBUG (7): Starting Order Import process for store: Admin (0)
2015-04-05T16:05:02+00:00 DEBUG (7): Starting Order Import process for store: International (3)
2015-04-05T16:05:02+00:00 DEBUG (7): Starting Order Import process for store: Retail (1)
2015-04-05T16:05:02+00:00 DEBUG (7): Starting Order Import process for store: Wholesale (2)
2015-04-05T16:15:02+00:00 DEBUG (7): Starting Order Import process for store: Admin (0)
2015-04-05T16:15:02+00:00 DEBUG (7): Starting Order Import process for store: International (3)
2015-04-05T16:15:02+00:00 DEBUG (7): Starting Order Import process for store: Retail (1)
2015-04-05T16:15:02+00:00 DEBUG (7): Starting Order Import process for store: Wholesale (2)
2015-04-05T16:30:03+00:00 DEBUG (7): Starting Order Import process for store: Admin (0)
2015-04-05T16:30:03+00:00 DEBUG (7): Starting Order Import process for store: International (3)
2015-04-05T16:30:03+00:00 DEBUG (7): Starting Order Import process for store: Retail (1)
2015-04-05T16:30:03+00:00 DEBUG (7): Starting Order Import process for store: Wholesale (2)
2015-04-05T16:45:02+00:00 DEBUG (7): Starting Order Import process for store: Admin (0)
2015-04-05T16:45:02+00:00 DEBUG (7): Starting Order Import process for store: International (3)
2015-04-05T16:45:02+00:00 DEBUG (7): Starting Order Import process for store: Retail (1)
2015-04-05T16:45:02+00:00 DEBUG (7):  Importing: New, Pending Payment, Processing, Complete, Payment Review
2015-04-05T16:45:02+00:00 DEBUG (7):   Deleting: Closed, Canceled, On Hold
2015-04-05T16:45:02+00:00 DEBUG (7):   Processing Order ID: 41101 	 #200034054
2015-04-05T16:45:04+00:00 DEBUG (7):   Flush resulted in 1 orders processed
2015-04-05T16:45:04+00:00 DEBUG (7):   Success: 1
2015-04-05T16:45:04+00:00 DEBUG (7):   Error:   0
2015-04-05T16:45:04+00:00 DEBUG (7):   Total:   1
2015-04-05T16:45:04+00:00 DEBUG (7): Starting Order Import process for store: Wholesale (2)
2015-04-05T17:00:02+00:00 DEBUG (7): Starting Order Import process for store: Admin (0)
2015-04-05T17:00:02+00:00 DEBUG (7): Starting Order Import process for store: International (3)
2015-04-05T17:00:02+00:00 DEBUG (7): Starting Order Import process for store: Retail (1)
2015-04-05T17:00:02+00:00 DEBUG (7): Starting Order Import process for store: Wholesale (2)
2015-04-05T17:15:02+00:00 DEBUG (7): Starting Order Import process for store: Admin (0)
2015-04-05T17:15:02+00:00 DEBUG (7): Starting Order Import process for store: International (3)
2015-04-05T17:15:02+00:00 DEBUG (7): Starting Order Import process for store: Retail (1)
2015-04-05T17:15:02+00:00 DEBUG (7):  Importing: New, Pending Payment, Processing, Complete, Payment Review
2015-04-05T17:15:02+00:00 DEBUG (7):   Deleting: Closed, Canceled, On Hold
2015-04-05T17:15:02+00:00 DEBUG (7):   Processing Order ID: 41102 	 #200034055
2015-04-05T17:15:04+00:00 DEBUG (7):   Flush resulted in 1 orders processed
2015-04-05T17:15:04+00:00 DEBUG (7):   Success: 1
2015-04-05T17:15:04+00:00 DEBUG (7):   Error:   0
2015-04-05T17:15:04+00:00 DEBUG (7):   Total:   1
2015-04-05T17:15:04+00:00 DEBUG (7): Starting Order Import process for store: Wholesale (2)
2015-04-05T17:30:02+00:00 DEBUG (7): Starting Order Import process for store: Admin (0)
2015-04-05T17:30:02+00:00 DEBUG (7): Starting Order Import process for store: International (3)
2015-04-05T17:30:02+00:00 DEBUG (7): Starting Order Import process for store: Retail (1)
2015-04-05T17:30:03+00:00 DEBUG (7): Starting Order Import process for store: Wholesale (2)
2015-04-05T17:45:02+00:00 DEBUG (7): Starting Order Import process for store: Admin (0)
2015-04-05T17:45:02+00:00 DEBUG (7): Starting Order Import process for store: International (3)
2015-04-05T17:45:02+00:00 DEBUG (7): Starting Order Import process for store: Retail (1)
2015-04-05T17:45:02+00:00 DEBUG (7): Starting Order Import process for store: Wholesale (2)
2015-04-05T18:00:02+00:00 DEBUG (7): Starting Order Import process for store: Admin (0)
2015-04-05T18:00:02+00:00 DEBUG (7): Starting Order Import process for store: International (3)
2015-04-05T18:00:02+00:00 DEBUG (7): Starting Order Import process for store: Retail (1)
2015-04-05T18:00:02+00:00 DEBUG (7): Starting Order Import process for store: Wholesale (2)
2015-04-05T18:15:02+00:00 DEBUG (7): Starting Order Import process for store: Admin (0)
2015-04-05T18:15:02+00:00 DEBUG (7): Starting Order Import process for store: International (3)
2015-04-05T18:15:02+00:00 DEBUG (7): Starting Order Import process for store: Retail (1)
2015-04-05T18:15:02+00:00 DEBUG (7):  Importing: New, Pending Payment, Processing, Complete, Payment Review
2015-04-05T18:15:02+00:00 DEBUG (7):   Deleting: Closed, Canceled, On Hold
2015-04-05T18:15:02+00:00 DEBUG (7):   Processing Order ID: 41103 	 #200034056
2015-04-05T18:15:04+00:00 DEBUG (7):   Flush resulted in 1 orders processed
2015-04-05T18:15:04+00:00 DEBUG (7):   Success: 1
2015-04-05T18:15:04+00:00 DEBUG (7):   Error:   0
2015-04-05T18:15:04+00:00 DEBUG (7):   Total:   1
2015-04-05T18:15:04+00:00 DEBUG (7): Starting Order Import process for store: Wholesale (2)
2015-04-05T18:35:02+00:00 DEBUG (7): Starting Order Import process for store: Admin (0)
2015-04-05T18:35:02+00:00 DEBUG (7): Starting Order Import process for store: International (3)
2015-04-05T18:35:02+00:00 DEBUG (7): Starting Order Import process for store: Retail (1)
2015-04-05T18:35:02+00:00 DEBUG (7): Starting Order Import process for store: Wholesale (2)
2015-04-05T18:45:02+00:00 DEBUG (7): Starting Order Import process for store: Admin (0)
2015-04-05T18:45:02+00:00 DEBUG (7): Starting Order Import process for store: International (3)
2015-04-05T18:45:02+00:00 DEBUG (7): Starting Order Import process for store: Retail (1)
2015-04-05T18:45:02+00:00 DEBUG (7): Starting Order Import process for store: Wholesale (2)
2015-04-05T19:00:02+00:00 DEBUG (7): Starting Order Import process for store: Admin (0)
2015-04-05T19:00:02+00:00 DEBUG (7): Starting Order Import process for store: International (3)
2015-04-05T19:00:02+00:00 DEBUG (7): Starting Order Import process for store: Retail (1)
2015-04-05T19:00:02+00:00 DEBUG (7): Starting Order Import process for store: Wholesale (2)
2015-04-05T19:15:02+00:00 DEBUG (7): Starting Order Import process for store: Admin (0)
2015-04-05T19:15:02+00:00 DEBUG (7): Starting Order Import process for store: International (3)
2015-04-05T19:15:02+00:00 DEBUG (7): Starting Order Import process for store: Retail (1)
2015-04-05T19:15:02+00:00 DEBUG (7): Starting Order Import process for store: Wholesale (2)
2015-04-05T19:30:02+00:00 DEBUG (7): Starting Order Import process for store: Admin (0)
2015-04-05T19:30:02+00:00 DEBUG (7): Starting Order Import process for store: International (3)
2015-04-05T19:30:02+00:00 DEBUG (7): Starting Order Import process for store: Retail (1)
2015-04-05T19:30:02+00:00 DEBUG (7): Starting Order Import process for store: Wholesale (2)
2015-04-05T19:45:02+00:00 DEBUG (7): Starting Order Import process for store: Admin (0)
2015-04-05T19:45:02+00:00 DEBUG (7): Starting Order Import process for store: International (3)
2015-04-05T19:45:02+00:00 DEBUG (7): Starting Order Import process for store: Retail (1)
2015-04-05T19:45:02+00:00 DEBUG (7):  Importing: New, Pending Payment, Processing, Complete, Payment Review
2015-04-05T19:45:02+00:00 DEBUG (7):   Deleting: Closed, Canceled, On Hold
2015-04-05T19:45:02+00:00 DEBUG (7):   Processing Order ID: 41104 	 #200034057
2015-04-05T19:45:04+00:00 DEBUG (7):   Flush resulted in 1 orders processed
2015-04-05T19:45:04+00:00 DEBUG (7):   Success: 1
2015-04-05T19:45:04+00:00 DEBUG (7):   Error:   0
2015-04-05T19:45:04+00:00 DEBUG (7):   Total:   1
2015-04-05T19:45:04+00:00 DEBUG (7): Starting Order Import process for store: Wholesale (2)
2015-04-05T20:00:02+00:00 DEBUG (7): Starting Order Import process for store: Admin (0)
2015-04-05T20:00:02+00:00 DEBUG (7): Starting Order Import process for store: International (3)
2015-04-05T20:00:02+00:00 DEBUG (7): Starting Order Import process for store: Retail (1)
2015-04-05T20:00:02+00:00 DEBUG (7): Starting Order Import process for store: Wholesale (2)
2015-04-05T20:15:02+00:00 DEBUG (7): Starting Order Import process for store: Admin (0)
2015-04-05T20:15:02+00:00 DEBUG (7): Starting Order Import process for store: International (3)
2015-04-05T20:15:02+00:00 DEBUG (7): Starting Order Import process for store: Retail (1)
2015-04-05T20:15:02+00:00 DEBUG (7): Starting Order Import process for store: Wholesale (2)
2015-04-05T20:30:02+00:00 DEBUG (7): Starting Order Import process for store: Admin (0)
2015-04-05T20:30:02+00:00 DEBUG (7): Starting Order Import process for store: International (3)
2015-04-05T20:30:02+00:00 DEBUG (7): Starting Order Import process for store: Retail (1)
2015-04-05T20:30:02+00:00 DEBUG (7): Starting Order Import process for store: Wholesale (2)
2015-04-05T20:45:02+00:00 DEBUG (7): Starting Order Import process for store: Admin (0)
2015-04-05T20:45:02+00:00 DEBUG (7): Starting Order Import process for store: International (3)
2015-04-05T20:45:02+00:00 DEBUG (7): Starting Order Import process for store: Retail (1)
2015-04-05T20:45:02+00:00 DEBUG (7): Starting Order Import process for store: Wholesale (2)
2015-04-05T21:00:02+00:00 DEBUG (7): Starting Order Import process for store: Admin (0)
2015-04-05T21:00:02+00:00 DEBUG (7): Starting Order Import process for store: International (3)
2015-04-05T21:00:02+00:00 DEBUG (7): Starting Order Import process for store: Retail (1)
2015-04-05T21:00:02+00:00 DEBUG (7):  Importing: New, Pending Payment, Processing, Complete, Payment Review
2015-04-05T21:00:02+00:00 DEBUG (7):   Deleting: Closed, Canceled, On Hold
2015-04-05T21:00:02+00:00 DEBUG (7):   Processing Order ID: 41105 	 #200034058
2015-04-05T21:00:03+00:00 DEBUG (7):   Flush resulted in 1 orders processed
2015-04-05T21:00:03+00:00 DEBUG (7):   Success: 1
2015-04-05T21:00:03+00:00 DEBUG (7):   Error:   0
2015-04-05T21:00:03+00:00 DEBUG (7):   Total:   1
2015-04-05T21:00:03+00:00 DEBUG (7): Starting Order Import process for store: Wholesale (2)
2015-04-05T21:15:02+00:00 DEBUG (7): Starting Order Import process for store: Admin (0)
2015-04-05T21:15:02+00:00 DEBUG (7): Starting Order Import process for store: International (3)
2015-04-05T21:15:02+00:00 DEBUG (7): Starting Order Import process for store: Retail (1)
2015-04-05T21:15:02+00:00 DEBUG (7): Starting Order Import process for store: Wholesale (2)
2015-04-05T21:35:02+00:00 DEBUG (7): Starting Order Import process for store: Admin (0)
2015-04-05T21:35:02+00:00 DEBUG (7): Starting Order Import process for store: International (3)
2015-04-05T21:35:02+00:00 DEBUG (7): Starting Order Import process for store: Retail (1)
2015-04-05T21:35:02+00:00 DEBUG (7): Starting Order Import process for store: Wholesale (2)
2015-04-05T21:45:02+00:00 DEBUG (7): Starting Order Import process for store: Admin (0)
2015-04-05T21:45:02+00:00 DEBUG (7): Starting Order Import process for store: International (3)
2015-04-05T21:45:02+00:00 DEBUG (7): Starting Order Import process for store: Retail (1)
2015-04-05T21:45:02+00:00 DEBUG (7): Starting Order Import process for store: Wholesale (2)
2015-04-05T22:00:02+00:00 DEBUG (7): Starting Order Import process for store: Admin (0)
2015-04-05T22:00:02+00:00 DEBUG (7): Starting Order Import process for store: International (3)
2015-04-05T22:00:02+00:00 DEBUG (7): Starting Order Import process for store: Retail (1)
2015-04-05T22:00:02+00:00 DEBUG (7): Starting Order Import process for store: Wholesale (2)
2015-04-05T22:15:02+00:00 DEBUG (7): Starting Order Import process for store: Admin (0)
2015-04-05T22:15:02+00:00 DEBUG (7): Starting Order Import process for store: International (3)
2015-04-05T22:15:02+00:00 DEBUG (7): Starting Order Import process for store: Retail (1)
2015-04-05T22:15:02+00:00 DEBUG (7): Starting Order Import process for store: Wholesale (2)
2015-04-05T22:30:02+00:00 DEBUG (7): Starting Order Import process for store: Admin (0)
2015-04-05T22:30:02+00:00 DEBUG (7): Starting Order Import process for store: International (3)
2015-04-05T22:30:02+00:00 DEBUG (7): Starting Order Import process for store: Retail (1)
2015-04-05T22:30:02+00:00 DEBUG (7): Starting Order Import process for store: Wholesale (2)
2015-04-05T22:45:02+00:00 DEBUG (7): Starting Order Import process for store: Admin (0)
2015-04-05T22:45:02+00:00 DEBUG (7): Starting Order Import process for store: International (3)
2015-04-05T22:45:02+00:00 DEBUG (7): Starting Order Import process for store: Retail (1)
2015-04-05T22:45:02+00:00 DEBUG (7):  Importing: New, Pending Payment, Processing, Complete, Payment Review
2015-04-05T22:45:02+00:00 DEBUG (7):   Deleting: Closed, Canceled, On Hold
2015-04-05T22:45:02+00:00 DEBUG (7):   Processing Order ID: 41106 	 #200034059
2015-04-05T22:45:04+00:00 DEBUG (7):   Flush resulted in 1 orders processed
2015-04-05T22:45:04+00:00 DEBUG (7):   Success: 1
2015-04-05T22:45:04+00:00 DEBUG (7):   Error:   0
2015-04-05T22:45:04+00:00 DEBUG (7):   Total:   1
2015-04-05T22:45:04+00:00 DEBUG (7): Starting Order Import process for store: Wholesale (2)
2015-04-05T23:00:02+00:00 DEBUG (7): Starting Order Import process for store: Admin (0)
2015-04-05T23:00:02+00:00 DEBUG (7): Starting Order Import process for store: International (3)
2015-04-05T23:00:02+00:00 DEBUG (7): Starting Order Import process for store: Retail (1)
2015-04-05T23:00:02+00:00 DEBUG (7): Starting Order Import process for store: Wholesale (2)
2015-04-05T23:15:02+00:00 DEBUG (7): Starting Order Import process for store: Admin (0)
2015-04-05T23:15:02+00:00 DEBUG (7): Starting Order Import process for store: International (3)
2015-04-05T23:15:02+00:00 DEBUG (7): Starting Order Import process for store: Retail (1)
2015-04-05T23:15:02+00:00 DEBUG (7): Starting Order Import process for store: Wholesale (2)
2015-04-05T23:30:02+00:00 DEBUG (7): Starting Order Import process for store: Admin (0)
2015-04-05T23:30:02+00:00 DEBUG (7): Starting Order Import process for store: International (3)
2015-04-05T23:30:02+00:00 DEBUG (7): Starting Order Import process for store: Retail (1)
2015-04-05T23:30:02+00:00 DEBUG (7): Starting Order Import process for store: Wholesale (2)
2015-04-05T23:45:02+00:00 DEBUG (7): Starting Order Import process for store: Admin (0)
2015-04-05T23:45:02+00:00 DEBUG (7): Starting Order Import process for store: International (3)
2015-04-05T23:45:02+00:00 DEBUG (7): Starting Order Import process for store: Retail (1)
2015-04-05T23:45:02+00:00 DEBUG (7): Starting Order Import process for store: Wholesale (2)
