2015-03-30T00:00:02+00:00 DEBUG (7): Starting Order Import process for store: Admin (0)
2015-03-30T00:00:02+00:00 DEBUG (7): Starting Order Import process for store: International (3)
2015-03-30T00:00:02+00:00 DEBUG (7): Starting Order Import process for store: Retail (1)
2015-03-30T00:00:02+00:00 DEBUG (7): Starting Order Import process for store: Wholesale (2)
2015-03-30T00:15:02+00:00 DEBUG (7): Starting Order Import process for store: Admin (0)
2015-03-30T00:15:02+00:00 DEBUG (7): Starting Order Import process for store: International (3)
2015-03-30T00:15:02+00:00 DEBUG (7): Starting Order Import process for store: Retail (1)
2015-03-30T00:15:02+00:00 DEBUG (7): Starting Order Import process for store: Wholesale (2)
2015-03-30T00:30:02+00:00 DEBUG (7): Starting Order Import process for store: Admin (0)
2015-03-30T00:30:02+00:00 DEBUG (7): Starting Order Import process for store: International (3)
2015-03-30T00:30:02+00:00 DEBUG (7): Starting Order Import process for store: Retail (1)
2015-03-30T00:30:02+00:00 DEBUG (7): Starting Order Import process for store: Wholesale (2)
2015-03-30T00:45:02+00:00 DEBUG (7): Starting Order Import process for store: Admin (0)
2015-03-30T00:45:02+00:00 DEBUG (7): Starting Order Import process for store: International (3)
2015-03-30T00:45:02+00:00 DEBUG (7): Starting Order Import process for store: Retail (1)
2015-03-30T00:45:02+00:00 DEBUG (7): Starting Order Import process for store: Wholesale (2)
2015-03-30T01:05:02+00:00 DEBUG (7): Starting Order Import process for store: Admin (0)
2015-03-30T01:05:02+00:00 DEBUG (7): Starting Order Import process for store: International (3)
2015-03-30T01:05:02+00:00 DEBUG (7): Starting Order Import process for store: Retail (1)
2015-03-30T01:05:02+00:00 DEBUG (7):  Importing: New, Pending Payment, Processing, Complete, Payment Review
2015-03-30T01:05:02+00:00 DEBUG (7):   Deleting: Closed, Canceled, On Hold
2015-03-30T01:05:02+00:00 DEBUG (7):   Processing Order ID: 40931 	 #200033966
2015-03-30T01:05:02+00:00 DEBUG (7):   Processing Order ID: 40930 	 #200033965
2015-03-30T01:05:04+00:00 DEBUG (7):   Flush resulted in 2 orders processed
2015-03-30T01:05:04+00:00 DEBUG (7):   Success: 2
2015-03-30T01:05:04+00:00 DEBUG (7):   Error:   0
2015-03-30T01:05:04+00:00 DEBUG (7):   Total:   2
2015-03-30T01:05:04+00:00 DEBUG (7): Starting Order Import process for store: Wholesale (2)
2015-03-30T01:15:02+00:00 DEBUG (7): Starting Order Import process for store: Admin (0)
2015-03-30T01:15:02+00:00 DEBUG (7): Starting Order Import process for store: International (3)
2015-03-30T01:15:02+00:00 DEBUG (7): Starting Order Import process for store: Retail (1)
2015-03-30T01:15:02+00:00 DEBUG (7): Starting Order Import process for store: Wholesale (2)
2015-03-30T01:31:37+00:00 DEBUG (7): Starting Order Import process for store: Admin (0)
2015-03-30T01:31:37+00:00 DEBUG (7): Starting Order Import process for store: International (3)
2015-03-30T01:31:37+00:00 DEBUG (7): Starting Order Import process for store: Retail (1)
2015-03-30T01:31:37+00:00 DEBUG (7): Starting Order Import process for store: Wholesale (2)
2015-03-30T01:45:02+00:00 DEBUG (7): Starting Order Import process for store: Admin (0)
2015-03-30T01:45:02+00:00 DEBUG (7): Starting Order Import process for store: International (3)
2015-03-30T01:45:02+00:00 DEBUG (7): Starting Order Import process for store: Retail (1)
2015-03-30T01:45:02+00:00 DEBUG (7): Starting Order Import process for store: Wholesale (2)
2015-03-30T02:00:02+00:00 DEBUG (7): Starting Order Import process for store: Admin (0)
2015-03-30T02:00:02+00:00 DEBUG (7): Starting Order Import process for store: International (3)
2015-03-30T02:00:02+00:00 DEBUG (7): Starting Order Import process for store: Retail (1)
2015-03-30T02:00:02+00:00 DEBUG (7): Starting Order Import process for store: Wholesale (2)
2015-03-30T02:15:02+00:00 DEBUG (7): Starting Order Import process for store: Admin (0)
2015-03-30T02:15:02+00:00 DEBUG (7): Starting Order Import process for store: International (3)
2015-03-30T02:15:02+00:00 DEBUG (7): Starting Order Import process for store: Retail (1)
2015-03-30T02:15:02+00:00 DEBUG (7): Starting Order Import process for store: Wholesale (2)
2015-03-30T02:30:02+00:00 DEBUG (7): Starting Order Import process for store: Admin (0)
2015-03-30T02:30:02+00:00 DEBUG (7): Starting Order Import process for store: International (3)
2015-03-30T02:30:02+00:00 DEBUG (7): Starting Order Import process for store: Retail (1)
2015-03-30T02:30:02+00:00 DEBUG (7):  Importing: New, Pending Payment, Processing, Complete, Payment Review
2015-03-30T02:30:02+00:00 DEBUG (7):   Deleting: Closed, Canceled, On Hold
2015-03-30T02:30:02+00:00 DEBUG (7):   Processing Order ID: 40933 	 #200033968
2015-03-30T02:30:02+00:00 DEBUG (7):   Processing Order ID: 40932 	 #200033967
2015-03-30T02:30:18+00:00 DEBUG (7):   Flush resulted in 2 orders processed
2015-03-30T02:30:18+00:00 DEBUG (7):   Success: 2
2015-03-30T02:30:18+00:00 DEBUG (7):   Error:   0
2015-03-30T02:30:18+00:00 DEBUG (7):   Total:   2
2015-03-30T02:30:18+00:00 DEBUG (7): Starting Order Import process for store: Wholesale (2)
2015-03-30T02:45:02+00:00 DEBUG (7): Starting Order Import process for store: Admin (0)
2015-03-30T02:45:02+00:00 DEBUG (7): Starting Order Import process for store: International (3)
2015-03-30T02:45:02+00:00 DEBUG (7): Starting Order Import process for store: Retail (1)
2015-03-30T02:45:02+00:00 DEBUG (7):  Importing: New, Pending Payment, Processing, Complete, Payment Review
2015-03-30T02:45:02+00:00 DEBUG (7):   Deleting: Closed, Canceled, On Hold
2015-03-30T02:45:02+00:00 DEBUG (7):   Processing Order ID: 40934 	 #200033969
2015-03-30T02:45:05+00:00 DEBUG (7):   Flush resulted in 1 orders processed
2015-03-30T02:45:05+00:00 DEBUG (7):   Success: 1
2015-03-30T02:45:05+00:00 DEBUG (7):   Error:   0
2015-03-30T02:45:05+00:00 DEBUG (7):   Total:   1
2015-03-30T02:45:05+00:00 DEBUG (7): Starting Order Import process for store: Wholesale (2)
2015-03-30T03:00:02+00:00 DEBUG (7): Starting Order Import process for store: Admin (0)
2015-03-30T03:00:02+00:00 DEBUG (7): Starting Order Import process for store: International (3)
2015-03-30T03:00:02+00:00 DEBUG (7): Starting Order Import process for store: Retail (1)
2015-03-30T03:00:02+00:00 DEBUG (7): Starting Order Import process for store: Wholesale (2)
2015-03-30T03:20:02+00:00 DEBUG (7): Starting Order Import process for store: Admin (0)
2015-03-30T03:20:02+00:00 DEBUG (7): Starting Order Import process for store: International (3)
2015-03-30T03:20:02+00:00 DEBUG (7): Starting Order Import process for store: Retail (1)
2015-03-30T03:20:02+00:00 DEBUG (7): Starting Order Import process for store: Wholesale (2)
2015-03-30T03:30:02+00:00 DEBUG (7): Starting Order Import process for store: Admin (0)
2015-03-30T03:30:02+00:00 DEBUG (7): Starting Order Import process for store: International (3)
2015-03-30T03:30:02+00:00 DEBUG (7): Starting Order Import process for store: Retail (1)
2015-03-30T03:30:02+00:00 DEBUG (7): Starting Order Import process for store: Wholesale (2)
2015-03-30T03:45:02+00:00 DEBUG (7): Starting Order Import process for store: Admin (0)
2015-03-30T03:45:02+00:00 DEBUG (7): Starting Order Import process for store: International (3)
2015-03-30T03:45:02+00:00 DEBUG (7): Starting Order Import process for store: Retail (1)
2015-03-30T03:45:02+00:00 DEBUG (7): Starting Order Import process for store: Wholesale (2)
2015-03-30T04:00:02+00:00 DEBUG (7): Starting Order Import process for store: Admin (0)
2015-03-30T04:00:02+00:00 DEBUG (7): Starting Order Import process for store: International (3)
2015-03-30T04:00:02+00:00 DEBUG (7): Starting Order Import process for store: Retail (1)
2015-03-30T04:00:02+00:00 DEBUG (7): Starting Order Import process for store: Wholesale (2)
2015-03-30T04:15:02+00:00 DEBUG (7): Starting Order Import process for store: Admin (0)
2015-03-30T04:15:02+00:00 DEBUG (7): Starting Order Import process for store: International (3)
2015-03-30T04:15:02+00:00 DEBUG (7): Starting Order Import process for store: Retail (1)
2015-03-30T04:15:02+00:00 DEBUG (7): Starting Order Import process for store: Wholesale (2)
2015-03-30T04:30:02+00:00 DEBUG (7): Starting Order Import process for store: Admin (0)
2015-03-30T04:30:02+00:00 DEBUG (7): Starting Order Import process for store: International (3)
2015-03-30T04:30:02+00:00 DEBUG (7): Starting Order Import process for store: Retail (1)
2015-03-30T04:30:02+00:00 DEBUG (7):  Importing: New, Pending Payment, Processing, Complete, Payment Review
2015-03-30T04:30:02+00:00 DEBUG (7):   Deleting: Closed, Canceled, On Hold
2015-03-30T04:30:02+00:00 DEBUG (7):   Processing Order ID: 40935 	 #200033970
2015-03-30T04:30:04+00:00 DEBUG (7):   Flush resulted in 1 orders processed
2015-03-30T04:30:04+00:00 DEBUG (7):   Success: 1
2015-03-30T04:30:04+00:00 DEBUG (7):   Error:   0
2015-03-30T04:30:04+00:00 DEBUG (7):   Total:   1
2015-03-30T04:30:04+00:00 DEBUG (7): Starting Order Import process for store: Wholesale (2)
2015-03-30T04:45:02+00:00 DEBUG (7): Starting Order Import process for store: Admin (0)
2015-03-30T04:45:02+00:00 DEBUG (7): Starting Order Import process for store: International (3)
2015-03-30T04:45:02+00:00 DEBUG (7): Starting Order Import process for store: Retail (1)
2015-03-30T04:45:02+00:00 DEBUG (7): Starting Order Import process for store: Wholesale (2)
2015-03-30T05:00:02+00:00 DEBUG (7): Starting Order Import process for store: Admin (0)
2015-03-30T05:00:02+00:00 DEBUG (7): Starting Order Import process for store: International (3)
2015-03-30T05:00:02+00:00 DEBUG (7): Starting Order Import process for store: Retail (1)
2015-03-30T05:00:02+00:00 DEBUG (7): Starting Order Import process for store: Wholesale (2)
2015-03-30T05:15:02+00:00 DEBUG (7): Starting Order Import process for store: Admin (0)
2015-03-30T05:15:02+00:00 DEBUG (7): Starting Order Import process for store: International (3)
2015-03-30T05:15:02+00:00 DEBUG (7): Starting Order Import process for store: Retail (1)
2015-03-30T05:15:02+00:00 DEBUG (7):  Importing: New, Pending Payment, Processing, Complete, Payment Review
2015-03-30T05:15:02+00:00 DEBUG (7):   Deleting: Closed, Canceled, On Hold
2015-03-30T05:15:02+00:00 DEBUG (7):   Processing Order ID: 40936 	 #200033971
2015-03-30T05:15:04+00:00 DEBUG (7):   Flush resulted in 1 orders processed
2015-03-30T05:15:04+00:00 DEBUG (7):   Success: 1
2015-03-30T05:15:04+00:00 DEBUG (7):   Error:   0
2015-03-30T05:15:04+00:00 DEBUG (7):   Total:   1
2015-03-30T05:15:04+00:00 DEBUG (7): Starting Order Import process for store: Wholesale (2)
2015-03-30T05:30:03+00:00 DEBUG (7): Starting Order Import process for store: Admin (0)
2015-03-30T05:30:03+00:00 DEBUG (7): Starting Order Import process for store: International (3)
2015-03-30T05:30:03+00:00 DEBUG (7): Starting Order Import process for store: Retail (1)
2015-03-30T05:30:03+00:00 DEBUG (7): Starting Order Import process for store: Wholesale (2)
2015-03-30T05:45:02+00:00 DEBUG (7): Starting Order Import process for store: Admin (0)
2015-03-30T05:45:02+00:00 DEBUG (7): Starting Order Import process for store: International (3)
2015-03-30T05:45:02+00:00 DEBUG (7): Starting Order Import process for store: Retail (1)
2015-03-30T05:45:02+00:00 DEBUG (7): Starting Order Import process for store: Wholesale (2)
2015-03-30T06:00:02+00:00 DEBUG (7): Starting Order Import process for store: Admin (0)
2015-03-30T06:00:02+00:00 DEBUG (7): Starting Order Import process for store: International (3)
2015-03-30T06:00:02+00:00 DEBUG (7): Starting Order Import process for store: Retail (1)
2015-03-30T06:00:02+00:00 DEBUG (7): Starting Order Import process for store: Wholesale (2)
2015-03-30T06:15:02+00:00 DEBUG (7): Starting Order Import process for store: Admin (0)
2015-03-30T06:15:02+00:00 DEBUG (7): Starting Order Import process for store: International (3)
2015-03-30T06:15:02+00:00 DEBUG (7): Starting Order Import process for store: Retail (1)
2015-03-30T06:15:02+00:00 DEBUG (7): Starting Order Import process for store: Wholesale (2)
2015-03-30T06:30:02+00:00 DEBUG (7): Starting Order Import process for store: Admin (0)
2015-03-30T06:30:02+00:00 DEBUG (7): Starting Order Import process for store: International (3)
2015-03-30T06:30:02+00:00 DEBUG (7): Starting Order Import process for store: Retail (1)
2015-03-30T06:30:02+00:00 DEBUG (7): Starting Order Import process for store: Wholesale (2)
2015-03-30T06:45:02+00:00 DEBUG (7): Starting Order Import process for store: Admin (0)
2015-03-30T06:45:02+00:00 DEBUG (7): Starting Order Import process for store: International (3)
2015-03-30T06:45:02+00:00 DEBUG (7): Starting Order Import process for store: Retail (1)
2015-03-30T06:45:02+00:00 DEBUG (7): Starting Order Import process for store: Wholesale (2)
2015-03-30T07:05:11+00:00 DEBUG (7): Starting Order Import process for store: Admin (0)
2015-03-30T07:05:11+00:00 DEBUG (7): Starting Order Import process for store: International (3)
2015-03-30T07:05:11+00:00 DEBUG (7): Starting Order Import process for store: Retail (1)
2015-03-30T07:05:11+00:00 DEBUG (7): Starting Order Import process for store: Wholesale (2)
2015-03-30T07:15:02+00:00 DEBUG (7): Starting Order Import process for store: Admin (0)
2015-03-30T07:15:02+00:00 DEBUG (7): Starting Order Import process for store: International (3)
2015-03-30T07:15:02+00:00 DEBUG (7): Starting Order Import process for store: Retail (1)
2015-03-30T07:15:02+00:00 DEBUG (7): Starting Order Import process for store: Wholesale (2)
2015-03-30T07:30:02+00:00 DEBUG (7): Starting Order Import process for store: Admin (0)
2015-03-30T07:30:02+00:00 DEBUG (7): Starting Order Import process for store: International (3)
2015-03-30T07:30:02+00:00 DEBUG (7): Starting Order Import process for store: Retail (1)
2015-03-30T07:30:02+00:00 DEBUG (7): Starting Order Import process for store: Wholesale (2)
2015-03-30T07:45:02+00:00 DEBUG (7): Starting Order Import process for store: Admin (0)
2015-03-30T07:45:02+00:00 DEBUG (7): Starting Order Import process for store: International (3)
2015-03-30T07:45:02+00:00 DEBUG (7): Starting Order Import process for store: Retail (1)
2015-03-30T07:45:02+00:00 DEBUG (7): Starting Order Import process for store: Wholesale (2)
2015-03-30T08:05:02+00:00 DEBUG (7): Starting Order Import process for store: Admin (0)
2015-03-30T08:05:02+00:00 DEBUG (7): Starting Order Import process for store: International (3)
2015-03-30T08:05:02+00:00 DEBUG (7): Starting Order Import process for store: Retail (1)
2015-03-30T08:05:02+00:00 DEBUG (7): Starting Order Import process for store: Wholesale (2)
2015-03-30T08:15:02+00:00 DEBUG (7): Starting Order Import process for store: Admin (0)
2015-03-30T08:15:02+00:00 DEBUG (7): Starting Order Import process for store: International (3)
2015-03-30T08:15:02+00:00 DEBUG (7): Starting Order Import process for store: Retail (1)
2015-03-30T08:15:03+00:00 DEBUG (7):  Importing: New, Pending Payment, Processing, Complete, Payment Review
2015-03-30T08:15:03+00:00 DEBUG (7):   Deleting: Closed, Canceled, On Hold
2015-03-30T08:15:03+00:00 DEBUG (7):   Processing Order ID: 40938 	 #200033973
2015-03-30T08:15:04+00:00 DEBUG (7):   Flush resulted in 1 orders processed
2015-03-30T08:15:04+00:00 DEBUG (7):   Success: 1
2015-03-30T08:15:04+00:00 DEBUG (7):   Error:   0
2015-03-30T08:15:04+00:00 DEBUG (7):   Total:   1
2015-03-30T08:15:04+00:00 DEBUG (7): Starting Order Import process for store: Wholesale (2)
2015-03-30T08:30:02+00:00 DEBUG (7): Starting Order Import process for store: Admin (0)
2015-03-30T08:30:02+00:00 DEBUG (7): Starting Order Import process for store: International (3)
2015-03-30T08:30:02+00:00 DEBUG (7): Starting Order Import process for store: Retail (1)
2015-03-30T08:30:02+00:00 DEBUG (7): Starting Order Import process for store: Wholesale (2)
2015-03-30T08:45:02+00:00 DEBUG (7): Starting Order Import process for store: Admin (0)
2015-03-30T08:45:02+00:00 DEBUG (7): Starting Order Import process for store: International (3)
2015-03-30T08:45:02+00:00 DEBUG (7): Starting Order Import process for store: Retail (1)
2015-03-30T08:45:02+00:00 DEBUG (7): Starting Order Import process for store: Wholesale (2)
2015-03-30T09:00:07+00:00 DEBUG (7): Starting Order Import process for store: Admin (0)
2015-03-30T09:00:07+00:00 DEBUG (7): Starting Order Import process for store: International (3)
2015-03-30T09:00:07+00:00 DEBUG (7): Starting Order Import process for store: Retail (1)
2015-03-30T09:00:07+00:00 DEBUG (7): Starting Order Import process for store: Wholesale (2)
2015-03-30T09:15:02+00:00 DEBUG (7): Starting Order Import process for store: Admin (0)
2015-03-30T09:15:02+00:00 DEBUG (7): Starting Order Import process for store: International (3)
2015-03-30T09:15:02+00:00 DEBUG (7): Starting Order Import process for store: Retail (1)
2015-03-30T09:15:02+00:00 DEBUG (7): Starting Order Import process for store: Wholesale (2)
2015-03-30T09:35:02+00:00 DEBUG (7): Starting Order Import process for store: Admin (0)
2015-03-30T09:35:02+00:00 DEBUG (7): Starting Order Import process for store: International (3)
2015-03-30T09:35:02+00:00 DEBUG (7): Starting Order Import process for store: Retail (1)
2015-03-30T09:35:02+00:00 DEBUG (7): Starting Order Import process for store: Wholesale (2)
2015-03-30T09:45:02+00:00 DEBUG (7): Starting Order Import process for store: Admin (0)
2015-03-30T09:45:02+00:00 DEBUG (7): Starting Order Import process for store: International (3)
2015-03-30T09:45:02+00:00 DEBUG (7): Starting Order Import process for store: Retail (1)
2015-03-30T09:45:02+00:00 DEBUG (7): Starting Order Import process for store: Wholesale (2)
2015-03-30T10:00:02+00:00 DEBUG (7): Starting Order Import process for store: Admin (0)
2015-03-30T10:00:02+00:00 DEBUG (7): Starting Order Import process for store: International (3)
2015-03-30T10:00:02+00:00 DEBUG (7): Starting Order Import process for store: Retail (1)
2015-03-30T10:00:02+00:00 DEBUG (7): Starting Order Import process for store: Wholesale (2)
2015-03-30T10:15:02+00:00 DEBUG (7): Starting Order Import process for store: Admin (0)
2015-03-30T10:15:02+00:00 DEBUG (7): Starting Order Import process for store: International (3)
2015-03-30T10:15:02+00:00 DEBUG (7): Starting Order Import process for store: Retail (1)
2015-03-30T10:15:02+00:00 DEBUG (7): Starting Order Import process for store: Wholesale (2)
2015-03-30T10:30:02+00:00 DEBUG (7): Starting Order Import process for store: Admin (0)
2015-03-30T10:30:02+00:00 DEBUG (7): Starting Order Import process for store: International (3)
2015-03-30T10:30:02+00:00 DEBUG (7): Starting Order Import process for store: Retail (1)
2015-03-30T10:30:02+00:00 DEBUG (7): Starting Order Import process for store: Wholesale (2)
2015-03-30T10:45:02+00:00 DEBUG (7): Starting Order Import process for store: Admin (0)
2015-03-30T10:45:02+00:00 DEBUG (7): Starting Order Import process for store: International (3)
2015-03-30T10:45:02+00:00 DEBUG (7): Starting Order Import process for store: Retail (1)
2015-03-30T10:45:02+00:00 DEBUG (7): Starting Order Import process for store: Wholesale (2)
2015-03-30T11:00:02+00:00 DEBUG (7): Starting Order Import process for store: Admin (0)
2015-03-30T11:00:02+00:00 DEBUG (7): Starting Order Import process for store: International (3)
2015-03-30T11:00:02+00:00 DEBUG (7): Starting Order Import process for store: Retail (1)
2015-03-30T11:00:02+00:00 DEBUG (7): Starting Order Import process for store: Wholesale (2)
2015-03-30T11:15:02+00:00 DEBUG (7): Starting Order Import process for store: Admin (0)
2015-03-30T11:15:02+00:00 DEBUG (7): Starting Order Import process for store: International (3)
2015-03-30T11:15:02+00:00 DEBUG (7): Starting Order Import process for store: Retail (1)
2015-03-30T11:15:02+00:00 DEBUG (7): Starting Order Import process for store: Wholesale (2)
2015-03-30T11:30:02+00:00 DEBUG (7): Starting Order Import process for store: Admin (0)
2015-03-30T11:30:02+00:00 DEBUG (7): Starting Order Import process for store: International (3)
2015-03-30T11:30:02+00:00 DEBUG (7): Starting Order Import process for store: Retail (1)
2015-03-30T11:30:02+00:00 DEBUG (7): Starting Order Import process for store: Wholesale (2)
2015-03-30T11:45:02+00:00 DEBUG (7): Starting Order Import process for store: Admin (0)
2015-03-30T11:45:02+00:00 DEBUG (7): Starting Order Import process for store: International (3)
2015-03-30T11:45:02+00:00 DEBUG (7): Starting Order Import process for store: Retail (1)
2015-03-30T11:45:02+00:00 DEBUG (7): Starting Order Import process for store: Wholesale (2)
2015-03-30T12:00:04+00:00 DEBUG (7): Starting Order Import process for store: Admin (0)
2015-03-30T12:00:04+00:00 DEBUG (7): Starting Order Import process for store: International (3)
2015-03-30T12:00:04+00:00 DEBUG (7): Starting Order Import process for store: Retail (1)
2015-03-30T12:00:04+00:00 DEBUG (7): Starting Order Import process for store: Wholesale (2)
2015-03-30T12:15:02+00:00 DEBUG (7): Starting Order Import process for store: Admin (0)
2015-03-30T12:15:02+00:00 DEBUG (7): Starting Order Import process for store: International (3)
2015-03-30T12:15:02+00:00 DEBUG (7): Starting Order Import process for store: Retail (1)
2015-03-30T12:15:02+00:00 DEBUG (7): Starting Order Import process for store: Wholesale (2)
2015-03-30T12:35:03+00:00 DEBUG (7): Starting Order Import process for store: Admin (0)
2015-03-30T12:35:03+00:00 DEBUG (7): Starting Order Import process for store: International (3)
2015-03-30T12:35:03+00:00 DEBUG (7): Starting Order Import process for store: Retail (1)
2015-03-30T12:35:03+00:00 DEBUG (7): Starting Order Import process for store: Wholesale (2)
2015-03-30T12:45:02+00:00 DEBUG (7): Starting Order Import process for store: Admin (0)
2015-03-30T12:45:02+00:00 DEBUG (7): Starting Order Import process for store: International (3)
2015-03-30T12:45:02+00:00 DEBUG (7): Starting Order Import process for store: Retail (1)
2015-03-30T12:45:02+00:00 DEBUG (7): Starting Order Import process for store: Wholesale (2)
2015-03-30T13:00:03+00:00 DEBUG (7): Starting Order Import process for store: Admin (0)
2015-03-30T13:00:03+00:00 DEBUG (7): Starting Order Import process for store: International (3)
2015-03-30T13:00:03+00:00 DEBUG (7): Starting Order Import process for store: Retail (1)
2015-03-30T13:00:03+00:00 DEBUG (7): Starting Order Import process for store: Wholesale (2)
2015-03-30T13:15:02+00:00 DEBUG (7): Starting Order Import process for store: Admin (0)
2015-03-30T13:15:02+00:00 DEBUG (7): Starting Order Import process for store: International (3)
2015-03-30T13:15:02+00:00 DEBUG (7): Starting Order Import process for store: Retail (1)
2015-03-30T13:15:02+00:00 DEBUG (7): Starting Order Import process for store: Wholesale (2)
2015-03-30T13:30:02+00:00 DEBUG (7): Starting Order Import process for store: Admin (0)
2015-03-30T13:30:02+00:00 DEBUG (7): Starting Order Import process for store: International (3)
2015-03-30T13:30:02+00:00 DEBUG (7): Starting Order Import process for store: Retail (1)
2015-03-30T13:30:02+00:00 DEBUG (7): Starting Order Import process for store: Wholesale (2)
2015-03-30T13:30:02+00:00 DEBUG (7):  Importing: New, Pending Payment, Processing, Complete, Payment Review
2015-03-30T13:30:02+00:00 DEBUG (7):   Deleting: Closed, Canceled, On Hold
2015-03-30T13:30:02+00:00 DEBUG (7):   Processing Order ID: 40939 	 #250007315
2015-03-30T13:30:04+00:00 DEBUG (7):   Flush resulted in 1 orders processed
2015-03-30T13:30:04+00:00 DEBUG (7):   Success: 1
2015-03-30T13:30:04+00:00 DEBUG (7):   Error:   0
2015-03-30T13:30:04+00:00 DEBUG (7):   Total:   1
2015-03-30T13:45:02+00:00 DEBUG (7): Starting Order Import process for store: Admin (0)
2015-03-30T13:45:02+00:00 DEBUG (7): Starting Order Import process for store: International (3)
2015-03-30T13:45:02+00:00 DEBUG (7): Starting Order Import process for store: Retail (1)
2015-03-30T13:45:02+00:00 DEBUG (7): Starting Order Import process for store: Wholesale (2)
2015-03-30T14:00:03+00:00 DEBUG (7): Starting Order Import process for store: Admin (0)
2015-03-30T14:00:03+00:00 DEBUG (7): Starting Order Import process for store: International (3)
2015-03-30T14:00:03+00:00 DEBUG (7): Starting Order Import process for store: Retail (1)
2015-03-30T14:00:03+00:00 DEBUG (7): Starting Order Import process for store: Wholesale (2)
2015-03-30T14:00:03+00:00 DEBUG (7):  Importing: New, Pending Payment, Processing, Complete, Payment Review
2015-03-30T14:00:03+00:00 DEBUG (7):   Deleting: Closed, Canceled, On Hold
2015-03-30T14:00:03+00:00 DEBUG (7):   Processing Order ID: 40940 	 #250007316
2015-03-30T14:00:04+00:00 DEBUG (7):   Flush resulted in 1 orders processed
2015-03-30T14:00:04+00:00 DEBUG (7):   Success: 1
2015-03-30T14:00:04+00:00 DEBUG (7):   Error:   0
2015-03-30T14:00:04+00:00 DEBUG (7):   Total:   1
2015-03-30T14:15:02+00:00 DEBUG (7): Starting Order Import process for store: Admin (0)
2015-03-30T14:15:02+00:00 DEBUG (7): Starting Order Import process for store: International (3)
2015-03-30T14:15:02+00:00 DEBUG (7): Starting Order Import process for store: Retail (1)
2015-03-30T14:15:02+00:00 DEBUG (7): Starting Order Import process for store: Wholesale (2)
2015-03-30T14:30:02+00:00 DEBUG (7): Starting Order Import process for store: Admin (0)
2015-03-30T14:30:02+00:00 DEBUG (7): Starting Order Import process for store: International (3)
2015-03-30T14:30:02+00:00 DEBUG (7): Starting Order Import process for store: Retail (1)
2015-03-30T14:30:02+00:00 DEBUG (7): Starting Order Import process for store: Wholesale (2)
2015-03-30T14:50:02+00:00 DEBUG (7): Starting Order Import process for store: Admin (0)
2015-03-30T14:50:02+00:00 DEBUG (7): Starting Order Import process for store: International (3)
2015-03-30T14:50:02+00:00 DEBUG (7): Starting Order Import process for store: Retail (1)
2015-03-30T14:50:02+00:00 DEBUG (7): Starting Order Import process for store: Wholesale (2)
2015-03-30T15:00:02+00:00 DEBUG (7): Starting Order Import process for store: Admin (0)
2015-03-30T15:00:02+00:00 DEBUG (7): Starting Order Import process for store: International (3)
2015-03-30T15:00:02+00:00 DEBUG (7): Starting Order Import process for store: Retail (1)
2015-03-30T15:00:02+00:00 DEBUG (7): Starting Order Import process for store: Wholesale (2)
2015-03-30T15:15:02+00:00 DEBUG (7): Starting Order Import process for store: Admin (0)
2015-03-30T15:15:02+00:00 DEBUG (7): Starting Order Import process for store: International (3)
2015-03-30T15:15:02+00:00 DEBUG (7): Starting Order Import process for store: Retail (1)
2015-03-30T15:15:02+00:00 DEBUG (7): Starting Order Import process for store: Wholesale (2)
2015-03-30T15:30:02+00:00 DEBUG (7): Starting Order Import process for store: Admin (0)
2015-03-30T15:30:02+00:00 DEBUG (7): Starting Order Import process for store: International (3)
2015-03-30T15:30:02+00:00 DEBUG (7): Starting Order Import process for store: Retail (1)
2015-03-30T15:30:02+00:00 DEBUG (7):  Importing: New, Pending Payment, Processing, Complete, Payment Review
2015-03-30T15:30:02+00:00 DEBUG (7):   Deleting: Closed, Canceled, On Hold
2015-03-30T15:30:02+00:00 DEBUG (7):   Processing Order ID: 40933 	 #200033968
2015-03-30T15:30:02+00:00 DEBUG (7):   Processing Order ID: 40927 	 #200033962
2015-03-30T15:30:02+00:00 DEBUG (7):   Processing Order ID: 40918 	 #200033952
2015-03-30T15:30:02+00:00 DEBUG (7):   Processing Order ID: 40914 	 #200033948
2015-03-30T15:30:02+00:00 DEBUG (7):   Processing Order ID: 40910 	 #200033944
2015-03-30T15:30:02+00:00 DEBUG (7):   Processing Order ID: 40907 	 #200033940
2015-03-30T15:30:02+00:00 DEBUG (7):   Processing Order ID: 40903 	 #200033936
2015-03-30T15:30:02+00:00 DEBUG (7):   Processing Order ID: 40900 	 #200033933
2015-03-30T15:30:07+00:00 DEBUG (7):   Flush resulted in 8 orders processed
2015-03-30T15:30:07+00:00 DEBUG (7):   Success: 8
2015-03-30T15:30:07+00:00 DEBUG (7):   Error:   0
2015-03-30T15:30:07+00:00 DEBUG (7):   Total:   8
2015-03-30T15:30:07+00:00 DEBUG (7): Starting Order Import process for store: Wholesale (2)
2015-03-30T15:30:07+00:00 DEBUG (7):  Importing: New, Pending Payment, Processing, Complete, Payment Review
2015-03-30T15:30:07+00:00 DEBUG (7):   Deleting: Closed, Canceled, On Hold
2015-03-30T15:30:07+00:00 DEBUG (7):   Processing Order ID: 40940 	 #250007316
2015-03-30T15:30:08+00:00 DEBUG (7):   Flush resulted in 1 orders processed
2015-03-30T15:30:08+00:00 DEBUG (7):   Success: 1
2015-03-30T15:30:08+00:00 DEBUG (7):   Error:   0
2015-03-30T15:30:08+00:00 DEBUG (7):   Total:   1
2015-03-30T15:45:02+00:00 DEBUG (7): Starting Order Import process for store: Admin (0)
2015-03-30T15:45:02+00:00 DEBUG (7): Starting Order Import process for store: International (3)
2015-03-30T15:45:02+00:00 DEBUG (7): Starting Order Import process for store: Retail (1)
2015-03-30T15:45:02+00:00 DEBUG (7):  Importing: New, Pending Payment, Processing, Complete, Payment Review
2015-03-30T15:45:02+00:00 DEBUG (7):   Deleting: Closed, Canceled, On Hold
2015-03-30T15:45:02+00:00 DEBUG (7):   Processing Order ID: 40926 	 #200033961
2015-03-30T15:45:02+00:00 DEBUG (7):   Processing Order ID: 40925 	 #200033960
2015-03-30T15:45:02+00:00 DEBUG (7):   Processing Order ID: 40921 	 #200033955
2015-03-30T15:45:02+00:00 DEBUG (7):   Processing Order ID: 40905 	 #200033938
2015-03-30T15:45:02+00:00 DEBUG (7):   Processing Order ID: 40931 	 #200033966
2015-03-30T15:45:02+00:00 DEBUG (7):   Processing Order ID: 40924 	 #200033959
2015-03-30T15:45:02+00:00 DEBUG (7):   Processing Order ID: 40919 	 #200033954
2015-03-30T15:45:02+00:00 DEBUG (7):   Processing Order ID: 40911 	 #200033945
2015-03-30T15:45:02+00:00 DEBUG (7):   Processing Order ID: 40908 	 #200033942
2015-03-30T15:45:02+00:00 DEBUG (7):   Processing Order ID: 40906 	 #200033939
2015-03-30T15:45:08+00:00 DEBUG (7):   Flush resulted in 10 orders processed
2015-03-30T15:45:08+00:00 DEBUG (7):   Success: 10
2015-03-30T15:45:08+00:00 DEBUG (7):   Error:   0
2015-03-30T15:45:08+00:00 DEBUG (7):   Total:   10
2015-03-30T15:45:08+00:00 DEBUG (7): Starting Order Import process for store: Wholesale (2)
2015-03-30T15:45:08+00:00 DEBUG (7):  Importing: New, Pending Payment, Processing, Complete, Payment Review
2015-03-30T15:45:08+00:00 DEBUG (7):   Deleting: Closed, Canceled, On Hold
2015-03-30T15:45:08+00:00 DEBUG (7):   Processing Order ID: 40941 	 #250007317
2015-03-30T15:45:09+00:00 DEBUG (7):   Flush resulted in 1 orders processed
2015-03-30T15:45:09+00:00 DEBUG (7):   Success: 1
2015-03-30T15:45:09+00:00 DEBUG (7):   Error:   0
2015-03-30T15:45:09+00:00 DEBUG (7):   Total:   1
2015-03-30T16:00:02+00:00 DEBUG (7): Starting Order Import process for store: Admin (0)
2015-03-30T16:00:02+00:00 DEBUG (7): Starting Order Import process for store: International (3)
2015-03-30T16:00:02+00:00 DEBUG (7): Starting Order Import process for store: Retail (1)
2015-03-30T16:00:02+00:00 DEBUG (7): Starting Order Import process for store: Wholesale (2)
2015-03-30T16:15:02+00:00 DEBUG (7): Starting Order Import process for store: Admin (0)
2015-03-30T16:15:02+00:00 DEBUG (7): Starting Order Import process for store: International (3)
2015-03-30T16:15:02+00:00 DEBUG (7): Starting Order Import process for store: Retail (1)
2015-03-30T16:15:02+00:00 DEBUG (7):  Importing: New, Pending Payment, Processing, Complete, Payment Review
2015-03-30T16:15:02+00:00 DEBUG (7):   Deleting: Closed, Canceled, On Hold
2015-03-30T16:15:02+00:00 DEBUG (7):   Processing Order ID: 40936 	 #200033971
2015-03-30T16:15:02+00:00 DEBUG (7):   Processing Order ID: 40934 	 #200033969
2015-03-30T16:15:02+00:00 DEBUG (7):   Processing Order ID: 40929 	 #200033964
2015-03-30T16:15:02+00:00 DEBUG (7):   Processing Order ID: 40928 	 #200033963
2015-03-30T16:15:02+00:00 DEBUG (7):   Processing Order ID: 40922 	 #200033956
2015-03-30T16:15:03+00:00 DEBUG (7):   Processing Order ID: 40920 	 #200033953
2015-03-30T16:15:03+00:00 DEBUG (7):   Processing Order ID: 40917 	 #200033951
2015-03-30T16:15:03+00:00 DEBUG (7):   Processing Order ID: 40915 	 #200033949
2015-03-30T16:15:03+00:00 DEBUG (7):   Processing Order ID: 40909 	 #200033943
2015-03-30T16:15:03+00:00 DEBUG (7):   Processing Order ID: 40904 	 #200033937
2015-03-30T16:15:03+00:00 DEBUG (7):   Processing Order ID: 40902 	 #200033935
2015-03-30T16:15:12+00:00 DEBUG (7):   Flush resulted in 11 orders processed
2015-03-30T16:15:12+00:00 DEBUG (7):   Success: 11
2015-03-30T16:15:12+00:00 DEBUG (7):   Error:   0
2015-03-30T16:15:12+00:00 DEBUG (7):   Total:   11
2015-03-30T16:15:12+00:00 DEBUG (7): Starting Order Import process for store: Wholesale (2)
2015-03-30T16:15:12+00:00 DEBUG (7):  Importing: New, Pending Payment, Processing, Complete, Payment Review
2015-03-30T16:15:12+00:00 DEBUG (7):   Deleting: Closed, Canceled, On Hold
2015-03-30T16:15:12+00:00 DEBUG (7):   Processing Order ID: 40941 	 #250007317
2015-03-30T16:15:12+00:00 DEBUG (7):   Processing Order ID: 40939 	 #250007315
2015-03-30T16:15:15+00:00 DEBUG (7):   Flush resulted in 2 orders processed
2015-03-30T16:15:15+00:00 DEBUG (7):   Success: 2
2015-03-30T16:15:15+00:00 DEBUG (7):   Error:   0
2015-03-30T16:15:15+00:00 DEBUG (7):   Total:   2
2015-03-30T16:30:02+00:00 DEBUG (7): Starting Order Import process for store: Admin (0)
2015-03-30T16:30:02+00:00 DEBUG (7): Starting Order Import process for store: International (3)
2015-03-30T16:30:02+00:00 DEBUG (7): Starting Order Import process for store: Retail (1)
2015-03-30T16:30:02+00:00 DEBUG (7): Starting Order Import process for store: Wholesale (2)
2015-03-30T16:50:03+00:00 DEBUG (7): Starting Order Import process for store: Admin (0)
2015-03-30T16:50:03+00:00 DEBUG (7): Starting Order Import process for store: International (3)
2015-03-30T16:50:03+00:00 DEBUG (7): Starting Order Import process for store: Retail (1)
2015-03-30T16:50:03+00:00 DEBUG (7):  Importing: New, Pending Payment, Processing, Complete, Payment Review
2015-03-30T16:50:03+00:00 DEBUG (7):   Deleting: Closed, Canceled, On Hold
2015-03-30T16:50:03+00:00 DEBUG (7):   Processing Order ID: 40938 	 #200033973
2015-03-30T16:50:03+00:00 DEBUG (7):   Processing Order ID: 40935 	 #200033970
2015-03-30T16:50:03+00:00 DEBUG (7):   Processing Order ID: 40932 	 #200033967
2015-03-30T16:50:04+00:00 DEBUG (7):   Processing Order ID: 40930 	 #200033965
2015-03-30T16:50:04+00:00 DEBUG (7):   Processing Order ID: 40923 	 #200033958
2015-03-30T16:50:04+00:00 DEBUG (7):   Processing Order ID: 40916 	 #200033950
2015-03-30T16:50:04+00:00 DEBUG (7):   Processing Order ID: 40913 	 #200033947
2015-03-30T16:50:04+00:00 DEBUG (7):   Processing Order ID: 40912 	 #200033946
2015-03-30T16:50:09+00:00 DEBUG (7):   Flush resulted in 8 orders processed
2015-03-30T16:50:09+00:00 DEBUG (7):   Success: 8
2015-03-30T16:50:09+00:00 DEBUG (7):   Error:   0
2015-03-30T16:50:09+00:00 DEBUG (7):   Total:   8
2015-03-30T16:50:09+00:00 DEBUG (7): Starting Order Import process for store: Wholesale (2)
2015-03-30T17:00:02+00:00 DEBUG (7): Starting Order Import process for store: Admin (0)
2015-03-30T17:00:02+00:00 DEBUG (7): Starting Order Import process for store: International (3)
2015-03-30T17:00:02+00:00 DEBUG (7): Starting Order Import process for store: Retail (1)
2015-03-30T17:00:02+00:00 DEBUG (7):  Importing: New, Pending Payment, Processing, Complete, Payment Review
2015-03-30T17:00:02+00:00 DEBUG (7):   Deleting: Closed, Canceled, On Hold
2015-03-30T17:00:02+00:00 DEBUG (7):   Processing Order ID: 40942 	 #200033974
2015-03-30T17:00:04+00:00 DEBUG (7):   Flush resulted in 1 orders processed
2015-03-30T17:00:04+00:00 DEBUG (7):   Success: 1
2015-03-30T17:00:04+00:00 DEBUG (7):   Error:   0
2015-03-30T17:00:04+00:00 DEBUG (7):   Total:   1
2015-03-30T17:00:04+00:00 DEBUG (7): Starting Order Import process for store: Wholesale (2)
2015-03-30T17:15:02+00:00 DEBUG (7): Starting Order Import process for store: Admin (0)
2015-03-30T17:15:02+00:00 DEBUG (7): Starting Order Import process for store: International (3)
2015-03-30T17:15:02+00:00 DEBUG (7): Starting Order Import process for store: Retail (1)
2015-03-30T17:15:02+00:00 DEBUG (7):  Importing: New, Pending Payment, Processing, Complete, Payment Review
2015-03-30T17:15:02+00:00 DEBUG (7):   Deleting: Closed, Canceled, On Hold
2015-03-30T17:15:02+00:00 DEBUG (7):   Processing Order ID: 40942 	 #200033974
2015-03-30T17:15:08+00:00 DEBUG (7):   Flush resulted in 1 orders processed
2015-03-30T17:15:08+00:00 DEBUG (7):   Success: 1
2015-03-30T17:15:08+00:00 DEBUG (7):   Error:   0
2015-03-30T17:15:08+00:00 DEBUG (7):   Total:   1
2015-03-30T17:15:08+00:00 DEBUG (7): Starting Order Import process for store: Wholesale (2)
2015-03-30T17:15:08+00:00 DEBUG (7):  Importing: New, Pending Payment, Processing, Complete, Payment Review
2015-03-30T17:15:08+00:00 DEBUG (7):   Deleting: Closed, Canceled, On Hold
2015-03-30T17:15:08+00:00 DEBUG (7):   Processing Order ID: 40411 	 #250007151
2015-03-30T17:15:08+00:00 DEBUG (7):   Processing Order ID: 40786 	 #250007272
2015-03-30T17:15:08+00:00 DEBUG (7):   Processing Order ID: 40787 	 #250007273
2015-03-30T17:15:08+00:00 DEBUG (7):   Processing Order ID: 40790 	 #250007276
2015-03-30T17:15:08+00:00 DEBUG (7):   Processing Order ID: 40789 	 #250007275
2015-03-30T17:15:08+00:00 DEBUG (7):   Processing Order ID: 40788 	 #250007274
2015-03-30T17:15:08+00:00 DEBUG (7):   Processing Order ID: 40794 	 #250007280
2015-03-30T17:15:08+00:00 DEBUG (7):   Processing Order ID: 40795 	 #250007281
2015-03-30T17:15:08+00:00 DEBUG (7):   Processing Order ID: 40793 	 #250007279
2015-03-30T17:15:08+00:00 DEBUG (7):   Processing Order ID: 40792 	 #250007278
2015-03-30T17:15:08+00:00 DEBUG (7):   Processing Order ID: 40791 	 #250007277
2015-03-30T17:15:08+00:00 DEBUG (7):   Processing Order ID: 40797 	 #250007283
2015-03-30T17:15:08+00:00 DEBUG (7):   Processing Order ID: 40796 	 #250007282
2015-03-30T17:15:08+00:00 DEBUG (7):   Processing Order ID: 40800 	 #250007286
2015-03-30T17:15:08+00:00 DEBUG (7):   Processing Order ID: 40799 	 #250007285
2015-03-30T17:15:08+00:00 DEBUG (7):   Processing Order ID: 40798 	 #250007284
2015-03-30T17:15:08+00:00 DEBUG (7):   Processing Order ID: 40802 	 #250007288
2015-03-30T17:15:08+00:00 DEBUG (7):   Processing Order ID: 40803 	 #250007289
2015-03-30T17:15:08+00:00 DEBUG (7):   Processing Order ID: 40801 	 #250007287
2015-03-30T17:15:08+00:00 DEBUG (7):   Processing Order ID: 40806 	 #250007292
2015-03-30T17:15:08+00:00 DEBUG (7):   Processing Order ID: 40805 	 #250007291
2015-03-30T17:15:09+00:00 DEBUG (7):   Processing Order ID: 40804 	 #250007290
2015-03-30T17:15:09+00:00 DEBUG (7):   Processing Order ID: 40807 	 #250007293
2015-03-30T17:15:09+00:00 DEBUG (7):   Processing Order ID: 40808 	 #250007294
2015-03-30T17:15:09+00:00 DEBUG (7):   Processing Order ID: 40811 	 #250007297
2015-03-30T17:15:09+00:00 DEBUG (7):   Processing Order ID: 40810 	 #250007296
2015-03-30T17:15:09+00:00 DEBUG (7):   Processing Order ID: 40809 	 #250007295
2015-03-30T17:15:09+00:00 DEBUG (7):   Processing Order ID: 40891 	 #250007308
2015-03-30T17:15:09+00:00 DEBUG (7):   Processing Order ID: 40894 	 #250007311
2015-03-30T17:15:09+00:00 DEBUG (7):   Processing Order ID: 40943 	 #250007318
2015-03-30T17:15:09+00:00 DEBUG (7):   Processing Order ID: 40941 	 #250007317
2015-03-30T17:15:23+00:00 DEBUG (7):   Flush resulted in 31 orders processed
2015-03-30T17:15:23+00:00 DEBUG (7):   Success: 31
2015-03-30T17:15:23+00:00 DEBUG (7):   Error:   0
2015-03-30T17:15:23+00:00 DEBUG (7):   Total:   31
2015-03-30T17:30:02+00:00 DEBUG (7): Starting Order Import process for store: Admin (0)
2015-03-30T17:30:02+00:00 DEBUG (7): Starting Order Import process for store: International (3)
2015-03-30T17:30:02+00:00 DEBUG (7): Starting Order Import process for store: Retail (1)
2015-03-30T17:30:02+00:00 DEBUG (7): Starting Order Import process for store: Wholesale (2)
2015-03-30T17:30:02+00:00 DEBUG (7):  Importing: New, Pending Payment, Processing, Complete, Payment Review
2015-03-30T17:30:02+00:00 DEBUG (7):   Deleting: Closed, Canceled, On Hold
2015-03-30T17:30:02+00:00 DEBUG (7):   Processing Order ID: 40943 	 #250007318
2015-03-30T17:30:05+00:00 DEBUG (7):   Flush resulted in 1 orders processed
2015-03-30T17:30:05+00:00 DEBUG (7):   Success: 1
2015-03-30T17:30:05+00:00 DEBUG (7):   Error:   0
2015-03-30T17:30:05+00:00 DEBUG (7):   Total:   1
2015-03-30T17:45:02+00:00 DEBUG (7): Starting Order Import process for store: Admin (0)
2015-03-30T17:45:02+00:00 DEBUG (7): Starting Order Import process for store: International (3)
2015-03-30T17:45:02+00:00 DEBUG (7): Starting Order Import process for store: Retail (1)
2015-03-30T17:45:02+00:00 DEBUG (7): Starting Order Import process for store: Wholesale (2)
2015-03-30T17:45:02+00:00 DEBUG (7):  Importing: New, Pending Payment, Processing, Complete, Payment Review
2015-03-30T17:45:02+00:00 DEBUG (7):   Deleting: Closed, Canceled, On Hold
2015-03-30T17:45:02+00:00 DEBUG (7):   Processing Order ID: 40943 	 #250007318
2015-03-30T17:45:04+00:00 DEBUG (7):   Flush resulted in 1 orders processed
2015-03-30T17:45:04+00:00 DEBUG (7):   Success: 1
2015-03-30T17:45:04+00:00 DEBUG (7):   Error:   0
2015-03-30T17:45:04+00:00 DEBUG (7):   Total:   1
2015-03-30T18:00:02+00:00 DEBUG (7): Starting Order Import process for store: Admin (0)
2015-03-30T18:00:02+00:00 DEBUG (7): Starting Order Import process for store: International (3)
2015-03-30T18:00:02+00:00 DEBUG (7): Starting Order Import process for store: Retail (1)
2015-03-30T18:00:02+00:00 DEBUG (7): Starting Order Import process for store: Wholesale (2)
2015-03-30T18:15:02+00:00 DEBUG (7): Starting Order Import process for store: Admin (0)
2015-03-30T18:15:02+00:00 DEBUG (7): Starting Order Import process for store: International (3)
2015-03-30T18:15:02+00:00 DEBUG (7): Starting Order Import process for store: Retail (1)
2015-03-30T18:15:02+00:00 DEBUG (7): Starting Order Import process for store: Wholesale (2)
2015-03-30T18:15:02+00:00 DEBUG (7):  Importing: New, Pending Payment, Processing, Complete, Payment Review
2015-03-30T18:15:02+00:00 DEBUG (7):   Deleting: Closed, Canceled, On Hold
2015-03-30T18:15:02+00:00 DEBUG (7):   Processing Order ID: 40406 	 #250007146
2015-03-30T18:15:04+00:00 DEBUG (7):   Flush resulted in 1 orders processed
2015-03-30T18:15:04+00:00 DEBUG (7):   Success: 1
2015-03-30T18:15:04+00:00 DEBUG (7):   Error:   0
2015-03-30T18:15:04+00:00 DEBUG (7):   Total:   1
2015-03-30T18:30:02+00:00 DEBUG (7): Starting Order Import process for store: Admin (0)
2015-03-30T18:30:02+00:00 DEBUG (7): Starting Order Import process for store: International (3)
2015-03-30T18:30:02+00:00 DEBUG (7): Starting Order Import process for store: Retail (1)
2015-03-30T18:30:02+00:00 DEBUG (7): Starting Order Import process for store: Wholesale (2)
2015-03-30T18:45:03+00:00 DEBUG (7): Starting Order Import process for store: Admin (0)
2015-03-30T18:45:03+00:00 DEBUG (7): Starting Order Import process for store: International (3)
2015-03-30T18:45:03+00:00 DEBUG (7): Starting Order Import process for store: Retail (1)
2015-03-30T18:45:03+00:00 DEBUG (7):  Importing: New, Pending Payment, Processing, Complete, Payment Review
2015-03-30T18:45:03+00:00 DEBUG (7):   Deleting: Closed, Canceled, On Hold
2015-03-30T18:45:03+00:00 DEBUG (7):   Processing Order ID: 40944 	 #200033975
2015-03-30T18:45:06+00:00 DEBUG (7):   Flush resulted in 1 orders processed
2015-03-30T18:45:06+00:00 DEBUG (7):   Success: 1
2015-03-30T18:45:06+00:00 DEBUG (7):   Error:   0
2015-03-30T18:45:06+00:00 DEBUG (7):   Total:   1
2015-03-30T18:45:06+00:00 DEBUG (7): Starting Order Import process for store: Wholesale (2)
2015-03-30T19:00:02+00:00 DEBUG (7): Starting Order Import process for store: Admin (0)
2015-03-30T19:00:02+00:00 DEBUG (7): Starting Order Import process for store: International (3)
2015-03-30T19:00:02+00:00 DEBUG (7): Starting Order Import process for store: Retail (1)
2015-03-30T19:00:02+00:00 DEBUG (7): Starting Order Import process for store: Wholesale (2)
2015-03-30T19:20:02+00:00 DEBUG (7): Starting Order Import process for store: Admin (0)
2015-03-30T19:20:02+00:00 DEBUG (7): Starting Order Import process for store: International (3)
2015-03-30T19:20:02+00:00 DEBUG (7): Starting Order Import process for store: Retail (1)
2015-03-30T19:20:02+00:00 DEBUG (7): Starting Order Import process for store: Wholesale (2)
2015-03-30T19:30:02+00:00 DEBUG (7): Starting Order Import process for store: Admin (0)
2015-03-30T19:30:02+00:00 DEBUG (7): Starting Order Import process for store: International (3)
2015-03-30T19:30:02+00:00 DEBUG (7): Starting Order Import process for store: Retail (1)
2015-03-30T19:30:02+00:00 DEBUG (7):  Importing: New, Pending Payment, Processing, Complete, Payment Review
2015-03-30T19:30:02+00:00 DEBUG (7):   Deleting: Closed, Canceled, On Hold
2015-03-30T19:30:02+00:00 DEBUG (7):   Processing Order ID: 40945 	 #200033976
2015-03-30T19:30:04+00:00 DEBUG (7):   Flush resulted in 1 orders processed
2015-03-30T19:30:04+00:00 DEBUG (7):   Success: 1
2015-03-30T19:30:04+00:00 DEBUG (7):   Error:   0
2015-03-30T19:30:04+00:00 DEBUG (7):   Total:   1
2015-03-30T19:30:04+00:00 DEBUG (7): Starting Order Import process for store: Wholesale (2)
2015-03-30T19:45:02+00:00 DEBUG (7): Starting Order Import process for store: Admin (0)
2015-03-30T19:45:02+00:00 DEBUG (7): Starting Order Import process for store: International (3)
2015-03-30T19:45:02+00:00 DEBUG (7): Starting Order Import process for store: Retail (1)
2015-03-30T19:45:02+00:00 DEBUG (7):  Importing: New, Pending Payment, Processing, Complete, Payment Review
2015-03-30T19:45:02+00:00 DEBUG (7):   Deleting: Closed, Canceled, On Hold
2015-03-30T19:45:02+00:00 DEBUG (7):   Processing Order ID: 40945 	 #200033976
2015-03-30T19:45:02+00:00 DEBUG (7):   Processing Order ID: 40944 	 #200033975
2015-03-30T19:45:04+00:00 DEBUG (7):   Flush resulted in 2 orders processed
2015-03-30T19:45:04+00:00 DEBUG (7):   Success: 2
2015-03-30T19:45:04+00:00 DEBUG (7):   Error:   0
2015-03-30T19:45:04+00:00 DEBUG (7):   Total:   2
2015-03-30T19:45:04+00:00 DEBUG (7): Starting Order Import process for store: Wholesale (2)
2015-03-30T20:00:02+00:00 DEBUG (7): Starting Order Import process for store: Admin (0)
2015-03-30T20:00:02+00:00 DEBUG (7): Starting Order Import process for store: International (3)
2015-03-30T20:00:02+00:00 DEBUG (7): Starting Order Import process for store: Retail (1)
2015-03-30T20:00:02+00:00 DEBUG (7):  Importing: New, Pending Payment, Processing, Complete, Payment Review
2015-03-30T20:00:02+00:00 DEBUG (7):   Deleting: Closed, Canceled, On Hold
2015-03-30T20:00:02+00:00 DEBUG (7):   Processing Order ID: 40946 	 #200033977
2015-03-30T20:00:04+00:00 DEBUG (7):   Flush resulted in 1 orders processed
2015-03-30T20:00:04+00:00 DEBUG (7):   Success: 1
2015-03-30T20:00:04+00:00 DEBUG (7):   Error:   0
2015-03-30T20:00:04+00:00 DEBUG (7):   Total:   1
2015-03-30T20:00:04+00:00 DEBUG (7): Starting Order Import process for store: Wholesale (2)
2015-03-30T20:15:02+00:00 DEBUG (7): Starting Order Import process for store: Admin (0)
2015-03-30T20:15:02+00:00 DEBUG (7): Starting Order Import process for store: International (3)
2015-03-30T20:15:02+00:00 DEBUG (7): Starting Order Import process for store: Retail (1)
2015-03-30T20:15:02+00:00 DEBUG (7): Starting Order Import process for store: Wholesale (2)
2015-03-30T20:30:02+00:00 DEBUG (7): Starting Order Import process for store: Admin (0)
2015-03-30T20:30:02+00:00 DEBUG (7): Starting Order Import process for store: International (3)
2015-03-30T20:30:02+00:00 DEBUG (7): Starting Order Import process for store: Retail (1)
2015-03-30T20:30:02+00:00 DEBUG (7): Starting Order Import process for store: Wholesale (2)
2015-03-30T20:45:02+00:00 DEBUG (7): Starting Order Import process for store: Admin (0)
2015-03-30T20:45:02+00:00 DEBUG (7): Starting Order Import process for store: International (3)
2015-03-30T20:45:02+00:00 DEBUG (7): Starting Order Import process for store: Retail (1)
2015-03-30T20:45:02+00:00 DEBUG (7): Starting Order Import process for store: Wholesale (2)
2015-03-30T21:00:02+00:00 DEBUG (7): Starting Order Import process for store: Admin (0)
2015-03-30T21:00:02+00:00 DEBUG (7): Starting Order Import process for store: International (3)
2015-03-30T21:00:02+00:00 DEBUG (7): Starting Order Import process for store: Retail (1)
2015-03-30T21:00:02+00:00 DEBUG (7): Starting Order Import process for store: Wholesale (2)
2015-03-30T21:15:02+00:00 DEBUG (7): Starting Order Import process for store: Admin (0)
2015-03-30T21:15:02+00:00 DEBUG (7): Starting Order Import process for store: International (3)
2015-03-30T21:15:02+00:00 DEBUG (7): Starting Order Import process for store: Retail (1)
2015-03-30T21:15:02+00:00 DEBUG (7):  Importing: New, Pending Payment, Processing, Complete, Payment Review
2015-03-30T21:15:02+00:00 DEBUG (7):   Deleting: Closed, Canceled, On Hold
2015-03-30T21:15:02+00:00 DEBUG (7):   Processing Order ID: 40947 	 #200033978
2015-03-30T21:15:04+00:00 DEBUG (7):   Flush resulted in 1 orders processed
2015-03-30T21:15:04+00:00 DEBUG (7):   Success: 1
2015-03-30T21:15:04+00:00 DEBUG (7):   Error:   0
2015-03-30T21:15:04+00:00 DEBUG (7):   Total:   1
2015-03-30T21:15:04+00:00 DEBUG (7): Starting Order Import process for store: Wholesale (2)
2015-03-30T21:30:03+00:00 DEBUG (7): Starting Order Import process for store: Admin (0)
2015-03-30T21:30:03+00:00 DEBUG (7): Starting Order Import process for store: International (3)
2015-03-30T21:30:03+00:00 DEBUG (7): Starting Order Import process for store: Retail (1)
2015-03-30T21:30:03+00:00 DEBUG (7): Starting Order Import process for store: Wholesale (2)
2015-03-30T21:45:03+00:00 DEBUG (7): Starting Order Import process for store: Admin (0)
2015-03-30T21:45:03+00:00 DEBUG (7): Starting Order Import process for store: International (3)
2015-03-30T21:45:03+00:00 DEBUG (7): Starting Order Import process for store: Retail (1)
2015-03-30T21:45:03+00:00 DEBUG (7):  Importing: New, Pending Payment, Processing, Complete, Payment Review
2015-03-30T21:45:03+00:00 DEBUG (7):   Deleting: Closed, Canceled, On Hold
2015-03-30T21:45:03+00:00 DEBUG (7):   Processing Order ID: 40949 	 #200033980
2015-03-30T21:45:03+00:00 DEBUG (7):   Processing Order ID: 40948 	 #200033979
2015-03-30T21:45:05+00:00 DEBUG (7):   Flush resulted in 2 orders processed
2015-03-30T21:45:05+00:00 DEBUG (7):   Success: 2
2015-03-30T21:45:05+00:00 DEBUG (7):   Error:   0
2015-03-30T21:45:05+00:00 DEBUG (7):   Total:   2
2015-03-30T21:45:05+00:00 DEBUG (7): Starting Order Import process for store: Wholesale (2)
2015-03-30T22:00:02+00:00 DEBUG (7): Starting Order Import process for store: Admin (0)
2015-03-30T22:00:02+00:00 DEBUG (7): Starting Order Import process for store: International (3)
2015-03-30T22:00:02+00:00 DEBUG (7): Starting Order Import process for store: Retail (1)
2015-03-30T22:00:02+00:00 DEBUG (7):  Importing: New, Pending Payment, Processing, Complete, Payment Review
2015-03-30T22:00:02+00:00 DEBUG (7):   Deleting: Closed, Canceled, On Hold
2015-03-30T22:00:02+00:00 DEBUG (7):   Processing Order ID: 40950 	 #200033981
2015-03-30T22:00:04+00:00 DEBUG (7):   Flush resulted in 1 orders processed
2015-03-30T22:00:04+00:00 DEBUG (7):   Success: 1
2015-03-30T22:00:04+00:00 DEBUG (7):   Error:   0
2015-03-30T22:00:04+00:00 DEBUG (7):   Total:   1
2015-03-30T22:00:04+00:00 DEBUG (7): Starting Order Import process for store: Wholesale (2)
2015-03-30T22:15:02+00:00 DEBUG (7): Starting Order Import process for store: Admin (0)
2015-03-30T22:15:02+00:00 DEBUG (7): Starting Order Import process for store: International (3)
2015-03-30T22:15:02+00:00 DEBUG (7): Starting Order Import process for store: Retail (1)
2015-03-30T22:15:02+00:00 DEBUG (7): Starting Order Import process for store: Wholesale (2)
2015-03-30T22:15:02+00:00 DEBUG (7):  Importing: New, Pending Payment, Processing, Complete, Payment Review
2015-03-30T22:15:02+00:00 DEBUG (7):   Deleting: Closed, Canceled, On Hold
2015-03-30T22:15:02+00:00 DEBUG (7):   Processing Order ID: 40892 	 #250007309
2015-03-30T22:15:02+00:00 DEBUG (7):   Processing Order ID: 40893 	 #250007310
2015-03-30T22:15:04+00:00 DEBUG (7):   Flush resulted in 2 orders processed
2015-03-30T22:15:04+00:00 DEBUG (7):   Success: 2
2015-03-30T22:15:04+00:00 DEBUG (7):   Error:   0
2015-03-30T22:15:04+00:00 DEBUG (7):   Total:   2
2015-03-30T22:30:03+00:00 DEBUG (7): Starting Order Import process for store: Admin (0)
2015-03-30T22:30:03+00:00 DEBUG (7): Starting Order Import process for store: International (3)
2015-03-30T22:30:03+00:00 DEBUG (7): Starting Order Import process for store: Retail (1)
2015-03-30T22:30:03+00:00 DEBUG (7): Starting Order Import process for store: Wholesale (2)
2015-03-30T22:45:04+00:00 DEBUG (7): Starting Order Import process for store: Admin (0)
2015-03-30T22:45:04+00:00 DEBUG (7): Starting Order Import process for store: International (3)
2015-03-30T22:45:04+00:00 DEBUG (7): Starting Order Import process for store: Retail (1)
2015-03-30T22:45:04+00:00 DEBUG (7): Starting Order Import process for store: Wholesale (2)
2015-03-30T23:00:03+00:00 DEBUG (7): Starting Order Import process for store: Admin (0)
2015-03-30T23:00:03+00:00 DEBUG (7): Starting Order Import process for store: International (3)
2015-03-30T23:00:03+00:00 DEBUG (7): Starting Order Import process for store: Retail (1)
2015-03-30T23:00:03+00:00 DEBUG (7): Starting Order Import process for store: Wholesale (2)
2015-03-30T23:15:02+00:00 DEBUG (7): Starting Order Import process for store: Admin (0)
2015-03-30T23:15:02+00:00 DEBUG (7): Starting Order Import process for store: International (3)
2015-03-30T23:15:02+00:00 DEBUG (7): Starting Order Import process for store: Retail (1)
2015-03-30T23:15:02+00:00 DEBUG (7): Starting Order Import process for store: Wholesale (2)
2015-03-30T23:30:02+00:00 DEBUG (7): Starting Order Import process for store: Admin (0)
2015-03-30T23:30:02+00:00 DEBUG (7): Starting Order Import process for store: International (3)
2015-03-30T23:30:02+00:00 DEBUG (7): Starting Order Import process for store: Retail (1)
2015-03-30T23:30:02+00:00 DEBUG (7): Starting Order Import process for store: Wholesale (2)
2015-03-30T23:45:02+00:00 DEBUG (7): Starting Order Import process for store: Admin (0)
2015-03-30T23:45:02+00:00 DEBUG (7): Starting Order Import process for store: International (3)
2015-03-30T23:45:02+00:00 DEBUG (7): Starting Order Import process for store: Retail (1)
2015-03-30T23:45:02+00:00 DEBUG (7): Starting Order Import process for store: Wholesale (2)
