2015-03-31T00:00:02+00:00 DEBUG (7): Starting Order Import process for store: Admin (0)
2015-03-31T00:00:02+00:00 DEBUG (7): Starting Order Import process for store: International (3)
2015-03-31T00:00:02+00:00 DEBUG (7): Starting Order Import process for store: Retail (1)
2015-03-31T00:00:02+00:00 DEBUG (7): Starting Order Import process for store: Wholesale (2)
2015-03-31T00:15:02+00:00 DEBUG (7): Starting Order Import process for store: Admin (0)
2015-03-31T00:15:02+00:00 DEBUG (7): Starting Order Import process for store: International (3)
2015-03-31T00:15:02+00:00 DEBUG (7): Starting Order Import process for store: Retail (1)
2015-03-31T00:15:02+00:00 DEBUG (7): Starting Order Import process for store: Wholesale (2)
2015-03-31T00:30:03+00:00 DEBUG (7): Starting Order Import process for store: Admin (0)
2015-03-31T00:30:03+00:00 DEBUG (7): Starting Order Import process for store: International (3)
2015-03-31T00:30:03+00:00 DEBUG (7): Starting Order Import process for store: Retail (1)
2015-03-31T00:30:03+00:00 DEBUG (7): Starting Order Import process for store: Wholesale (2)
2015-03-31T00:45:02+00:00 DEBUG (7): Starting Order Import process for store: Admin (0)
2015-03-31T00:45:02+00:00 DEBUG (7): Starting Order Import process for store: International (3)
2015-03-31T00:45:02+00:00 DEBUG (7): Starting Order Import process for store: Retail (1)
2015-03-31T00:45:02+00:00 DEBUG (7): Starting Order Import process for store: Wholesale (2)
2015-03-31T01:00:02+00:00 DEBUG (7): Starting Order Import process for store: Admin (0)
2015-03-31T01:00:02+00:00 DEBUG (7): Starting Order Import process for store: International (3)
2015-03-31T01:00:02+00:00 DEBUG (7): Starting Order Import process for store: Retail (1)
2015-03-31T01:00:02+00:00 DEBUG (7): Starting Order Import process for store: Wholesale (2)
2015-03-31T01:15:02+00:00 DEBUG (7): Starting Order Import process for store: Admin (0)
2015-03-31T01:15:02+00:00 DEBUG (7): Starting Order Import process for store: International (3)
2015-03-31T01:15:02+00:00 DEBUG (7): Starting Order Import process for store: Retail (1)
2015-03-31T01:15:02+00:00 DEBUG (7):  Importing: New, Pending Payment, Processing, Complete, Payment Review
2015-03-31T01:15:02+00:00 DEBUG (7):   Deleting: Closed, Canceled, On Hold
2015-03-31T01:15:02+00:00 DEBUG (7):   Processing Order ID: 40952 	 #200033983
2015-03-31T01:15:02+00:00 DEBUG (7):   Processing Order ID: 40951 	 #200033982
2015-03-31T01:15:05+00:00 DEBUG (7):   Flush resulted in 2 orders processed
2015-03-31T01:15:05+00:00 DEBUG (7):   Success: 2
2015-03-31T01:15:05+00:00 DEBUG (7):   Error:   0
2015-03-31T01:15:05+00:00 DEBUG (7):   Total:   2
2015-03-31T01:15:05+00:00 DEBUG (7): Starting Order Import process for store: Wholesale (2)
2015-03-31T01:30:02+00:00 DEBUG (7): Starting Order Import process for store: Admin (0)
2015-03-31T01:30:02+00:00 DEBUG (7): Starting Order Import process for store: International (3)
2015-03-31T01:30:02+00:00 DEBUG (7): Starting Order Import process for store: Retail (1)
2015-03-31T01:30:02+00:00 DEBUG (7):  Importing: New, Pending Payment, Processing, Complete, Payment Review
2015-03-31T01:30:02+00:00 DEBUG (7):   Deleting: Closed, Canceled, On Hold
2015-03-31T01:30:02+00:00 DEBUG (7):   Processing Order ID: 40953 	 #200033984
2015-03-31T01:30:05+00:00 DEBUG (7):   Flush resulted in 1 orders processed
2015-03-31T01:30:05+00:00 DEBUG (7):   Success: 1
2015-03-31T01:30:05+00:00 DEBUG (7):   Error:   0
2015-03-31T01:30:05+00:00 DEBUG (7):   Total:   1
2015-03-31T01:30:05+00:00 DEBUG (7): Starting Order Import process for store: Wholesale (2)
2015-03-31T01:45:02+00:00 DEBUG (7): Starting Order Import process for store: Admin (0)
2015-03-31T01:45:02+00:00 DEBUG (7): Starting Order Import process for store: International (3)
2015-03-31T01:45:02+00:00 DEBUG (7): Starting Order Import process for store: Retail (1)
2015-03-31T01:45:02+00:00 DEBUG (7):  Importing: New, Pending Payment, Processing, Complete, Payment Review
2015-03-31T01:45:02+00:00 DEBUG (7):   Deleting: Closed, Canceled, On Hold
2015-03-31T01:45:02+00:00 DEBUG (7):   Processing Order ID: 40954 	 #200033985
2015-03-31T01:45:04+00:00 DEBUG (7):   Flush resulted in 1 orders processed
2015-03-31T01:45:04+00:00 DEBUG (7):   Success: 1
2015-03-31T01:45:04+00:00 DEBUG (7):   Error:   0
2015-03-31T01:45:04+00:00 DEBUG (7):   Total:   1
2015-03-31T01:45:04+00:00 DEBUG (7): Starting Order Import process for store: Wholesale (2)
2015-03-31T02:00:02+00:00 DEBUG (7): Starting Order Import process for store: Admin (0)
2015-03-31T02:00:02+00:00 DEBUG (7): Starting Order Import process for store: International (3)
2015-03-31T02:00:02+00:00 DEBUG (7): Starting Order Import process for store: Retail (1)
2015-03-31T02:00:02+00:00 DEBUG (7):  Importing: New, Pending Payment, Processing, Complete, Payment Review
2015-03-31T02:00:02+00:00 DEBUG (7):   Deleting: Closed, Canceled, On Hold
2015-03-31T02:00:02+00:00 DEBUG (7):   Processing Order ID: 40955 	 #200033986
2015-03-31T02:00:04+00:00 DEBUG (7):   Flush resulted in 1 orders processed
2015-03-31T02:00:04+00:00 DEBUG (7):   Success: 1
2015-03-31T02:00:04+00:00 DEBUG (7):   Error:   0
2015-03-31T02:00:04+00:00 DEBUG (7):   Total:   1
2015-03-31T02:00:04+00:00 DEBUG (7): Starting Order Import process for store: Wholesale (2)
2015-03-31T02:15:02+00:00 DEBUG (7): Starting Order Import process for store: Admin (0)
2015-03-31T02:15:02+00:00 DEBUG (7): Starting Order Import process for store: International (3)
2015-03-31T02:15:02+00:00 DEBUG (7): Starting Order Import process for store: Retail (1)
2015-03-31T02:15:02+00:00 DEBUG (7): Starting Order Import process for store: Wholesale (2)
2015-03-31T02:35:02+00:00 DEBUG (7): Starting Order Import process for store: Admin (0)
2015-03-31T02:35:02+00:00 DEBUG (7): Starting Order Import process for store: International (3)
2015-03-31T02:35:02+00:00 DEBUG (7): Starting Order Import process for store: Retail (1)
2015-03-31T02:35:02+00:00 DEBUG (7): Starting Order Import process for store: Wholesale (2)
2015-03-31T02:45:02+00:00 DEBUG (7): Starting Order Import process for store: Admin (0)
2015-03-31T02:45:02+00:00 DEBUG (7): Starting Order Import process for store: International (3)
2015-03-31T02:45:02+00:00 DEBUG (7): Starting Order Import process for store: Retail (1)
2015-03-31T02:45:02+00:00 DEBUG (7): Starting Order Import process for store: Wholesale (2)
2015-03-31T03:00:02+00:00 DEBUG (7): Starting Order Import process for store: Admin (0)
2015-03-31T03:00:02+00:00 DEBUG (7): Starting Order Import process for store: International (3)
2015-03-31T03:00:02+00:00 DEBUG (7): Starting Order Import process for store: Retail (1)
2015-03-31T03:00:02+00:00 DEBUG (7):  Importing: New, Pending Payment, Processing, Complete, Payment Review
2015-03-31T03:00:02+00:00 DEBUG (7):   Deleting: Closed, Canceled, On Hold
2015-03-31T03:00:02+00:00 DEBUG (7):   Processing Order ID: 40956 	 #200033987
2015-03-31T03:00:07+00:00 DEBUG (7):   Flush resulted in 1 orders processed
2015-03-31T03:00:07+00:00 DEBUG (7):   Success: 1
2015-03-31T03:00:07+00:00 DEBUG (7):   Error:   0
2015-03-31T03:00:07+00:00 DEBUG (7):   Total:   1
2015-03-31T03:00:07+00:00 DEBUG (7): Starting Order Import process for store: Wholesale (2)
2015-03-31T03:15:03+00:00 DEBUG (7): Starting Order Import process for store: Admin (0)
2015-03-31T03:15:03+00:00 DEBUG (7): Starting Order Import process for store: International (3)
2015-03-31T03:15:03+00:00 DEBUG (7): Starting Order Import process for store: Retail (1)
2015-03-31T03:15:03+00:00 DEBUG (7): Starting Order Import process for store: Wholesale (2)
2015-03-31T03:30:02+00:00 DEBUG (7): Starting Order Import process for store: Admin (0)
2015-03-31T03:30:02+00:00 DEBUG (7): Starting Order Import process for store: International (3)
2015-03-31T03:30:02+00:00 DEBUG (7): Starting Order Import process for store: Retail (1)
2015-03-31T03:30:02+00:00 DEBUG (7):  Importing: New, Pending Payment, Processing, Complete, Payment Review
2015-03-31T03:30:02+00:00 DEBUG (7):   Deleting: Closed, Canceled, On Hold
2015-03-31T03:30:02+00:00 DEBUG (7):   Processing Order ID: 40957 	 #200033988
2015-03-31T03:30:04+00:00 DEBUG (7):   Flush resulted in 1 orders processed
2015-03-31T03:30:04+00:00 DEBUG (7):   Success: 1
2015-03-31T03:30:04+00:00 DEBUG (7):   Error:   0
2015-03-31T03:30:04+00:00 DEBUG (7):   Total:   1
2015-03-31T03:30:04+00:00 DEBUG (7): Starting Order Import process for store: Wholesale (2)
2015-03-31T03:45:02+00:00 DEBUG (7): Starting Order Import process for store: Admin (0)
2015-03-31T03:45:02+00:00 DEBUG (7): Starting Order Import process for store: International (3)
2015-03-31T03:45:02+00:00 DEBUG (7): Starting Order Import process for store: Retail (1)
2015-03-31T03:45:02+00:00 DEBUG (7): Starting Order Import process for store: Wholesale (2)
2015-03-31T04:00:02+00:00 DEBUG (7): Starting Order Import process for store: Admin (0)
2015-03-31T04:00:02+00:00 DEBUG (7): Starting Order Import process for store: International (3)
2015-03-31T04:00:02+00:00 DEBUG (7): Starting Order Import process for store: Retail (1)
2015-03-31T04:00:02+00:00 DEBUG (7): Starting Order Import process for store: Wholesale (2)
2015-03-31T04:15:02+00:00 DEBUG (7): Starting Order Import process for store: Admin (0)
2015-03-31T04:15:02+00:00 DEBUG (7): Starting Order Import process for store: International (3)
2015-03-31T04:15:02+00:00 DEBUG (7): Starting Order Import process for store: Retail (1)
2015-03-31T04:15:02+00:00 DEBUG (7): Starting Order Import process for store: Wholesale (2)
2015-03-31T04:30:03+00:00 DEBUG (7): Starting Order Import process for store: Admin (0)
2015-03-31T04:30:03+00:00 DEBUG (7): Starting Order Import process for store: International (3)
2015-03-31T04:30:03+00:00 DEBUG (7): Starting Order Import process for store: Retail (1)
2015-03-31T04:30:03+00:00 DEBUG (7): Starting Order Import process for store: Wholesale (2)
2015-03-31T04:45:02+00:00 DEBUG (7): Starting Order Import process for store: Admin (0)
2015-03-31T04:45:02+00:00 DEBUG (7): Starting Order Import process for store: International (3)
2015-03-31T04:45:02+00:00 DEBUG (7): Starting Order Import process for store: Retail (1)
2015-03-31T04:45:02+00:00 DEBUG (7):  Importing: New, Pending Payment, Processing, Complete, Payment Review
2015-03-31T04:45:02+00:00 DEBUG (7):   Deleting: Closed, Canceled, On Hold
2015-03-31T04:45:02+00:00 DEBUG (7):   Processing Order ID: 40958 	 #200033989
2015-03-31T04:45:09+00:00 DEBUG (7):   Flush resulted in 1 orders processed
2015-03-31T04:45:09+00:00 DEBUG (7):   Success: 1
2015-03-31T04:45:09+00:00 DEBUG (7):   Error:   0
2015-03-31T04:45:09+00:00 DEBUG (7):   Total:   1
2015-03-31T04:45:09+00:00 DEBUG (7): Starting Order Import process for store: Wholesale (2)
2015-03-31T05:00:02+00:00 DEBUG (7): Starting Order Import process for store: Admin (0)
2015-03-31T05:00:02+00:00 DEBUG (7): Starting Order Import process for store: International (3)
2015-03-31T05:00:02+00:00 DEBUG (7): Starting Order Import process for store: Retail (1)
2015-03-31T05:00:02+00:00 DEBUG (7): Starting Order Import process for store: Wholesale (2)
2015-03-31T05:15:02+00:00 DEBUG (7): Starting Order Import process for store: Admin (0)
2015-03-31T05:15:02+00:00 DEBUG (7): Starting Order Import process for store: International (3)
2015-03-31T05:15:02+00:00 DEBUG (7): Starting Order Import process for store: Retail (1)
2015-03-31T05:15:02+00:00 DEBUG (7): Starting Order Import process for store: Wholesale (2)
2015-03-31T05:35:03+00:00 DEBUG (7): Starting Order Import process for store: Admin (0)
2015-03-31T05:35:03+00:00 DEBUG (7): Starting Order Import process for store: International (3)
2015-03-31T05:35:03+00:00 DEBUG (7): Starting Order Import process for store: Retail (1)
2015-03-31T05:35:03+00:00 DEBUG (7): Starting Order Import process for store: Wholesale (2)
2015-03-31T05:45:02+00:00 DEBUG (7): Starting Order Import process for store: Admin (0)
2015-03-31T05:45:02+00:00 DEBUG (7): Starting Order Import process for store: International (3)
2015-03-31T05:45:02+00:00 DEBUG (7): Starting Order Import process for store: Retail (1)
2015-03-31T05:45:02+00:00 DEBUG (7): Starting Order Import process for store: Wholesale (2)
2015-03-31T06:00:02+00:00 DEBUG (7): Starting Order Import process for store: Admin (0)
2015-03-31T06:00:02+00:00 DEBUG (7): Starting Order Import process for store: International (3)
2015-03-31T06:00:02+00:00 DEBUG (7): Starting Order Import process for store: Retail (1)
2015-03-31T06:00:02+00:00 DEBUG (7): Starting Order Import process for store: Wholesale (2)
2015-03-31T06:15:02+00:00 DEBUG (7): Starting Order Import process for store: Admin (0)
2015-03-31T06:15:02+00:00 DEBUG (7): Starting Order Import process for store: International (3)
2015-03-31T06:15:02+00:00 DEBUG (7): Starting Order Import process for store: Retail (1)
2015-03-31T06:15:02+00:00 DEBUG (7): Starting Order Import process for store: Wholesale (2)
2015-03-31T06:30:02+00:00 DEBUG (7): Starting Order Import process for store: Admin (0)
2015-03-31T06:30:02+00:00 DEBUG (7): Starting Order Import process for store: International (3)
2015-03-31T06:30:02+00:00 DEBUG (7): Starting Order Import process for store: Retail (1)
2015-03-31T06:30:02+00:00 DEBUG (7): Starting Order Import process for store: Wholesale (2)
2015-03-31T06:45:02+00:00 DEBUG (7): Starting Order Import process for store: Admin (0)
2015-03-31T06:45:02+00:00 DEBUG (7): Starting Order Import process for store: International (3)
2015-03-31T06:45:02+00:00 DEBUG (7): Starting Order Import process for store: Retail (1)
2015-03-31T06:45:02+00:00 DEBUG (7): Starting Order Import process for store: Wholesale (2)
2015-03-31T07:05:12+00:00 DEBUG (7): Starting Order Import process for store: Admin (0)
2015-03-31T07:05:12+00:00 DEBUG (7): Starting Order Import process for store: International (3)
2015-03-31T07:05:12+00:00 DEBUG (7): Starting Order Import process for store: Retail (1)
2015-03-31T07:05:12+00:00 DEBUG (7): Starting Order Import process for store: Wholesale (2)
2015-03-31T07:15:02+00:00 DEBUG (7): Starting Order Import process for store: Admin (0)
2015-03-31T07:15:02+00:00 DEBUG (7): Starting Order Import process for store: International (3)
2015-03-31T07:15:02+00:00 DEBUG (7): Starting Order Import process for store: Retail (1)
2015-03-31T07:15:02+00:00 DEBUG (7): Starting Order Import process for store: Wholesale (2)
2015-03-31T07:30:02+00:00 DEBUG (7): Starting Order Import process for store: Admin (0)
2015-03-31T07:30:02+00:00 DEBUG (7): Starting Order Import process for store: International (3)
2015-03-31T07:30:02+00:00 DEBUG (7): Starting Order Import process for store: Retail (1)
2015-03-31T07:30:02+00:00 DEBUG (7): Starting Order Import process for store: Wholesale (2)
2015-03-31T07:45:02+00:00 DEBUG (7): Starting Order Import process for store: Admin (0)
2015-03-31T07:45:02+00:00 DEBUG (7): Starting Order Import process for store: International (3)
2015-03-31T07:45:02+00:00 DEBUG (7): Starting Order Import process for store: Retail (1)
2015-03-31T07:45:02+00:00 DEBUG (7): Starting Order Import process for store: Wholesale (2)
2015-03-31T08:00:33+00:00 DEBUG (7): Starting Order Import process for store: Admin (0)
2015-03-31T08:00:33+00:00 DEBUG (7): Starting Order Import process for store: International (3)
2015-03-31T08:00:33+00:00 DEBUG (7): Starting Order Import process for store: Retail (1)
2015-03-31T08:00:33+00:00 DEBUG (7): Starting Order Import process for store: Wholesale (2)
2015-03-31T08:15:02+00:00 DEBUG (7): Starting Order Import process for store: Admin (0)
2015-03-31T08:15:02+00:00 DEBUG (7): Starting Order Import process for store: International (3)
2015-03-31T08:15:02+00:00 DEBUG (7): Starting Order Import process for store: Retail (1)
2015-03-31T08:15:02+00:00 DEBUG (7): Starting Order Import process for store: Wholesale (2)
2015-03-31T08:30:02+00:00 DEBUG (7): Starting Order Import process for store: Admin (0)
2015-03-31T08:30:02+00:00 DEBUG (7): Starting Order Import process for store: International (3)
2015-03-31T08:30:02+00:00 DEBUG (7): Starting Order Import process for store: Retail (1)
2015-03-31T08:30:02+00:00 DEBUG (7): Starting Order Import process for store: Wholesale (2)
2015-03-31T08:50:02+00:00 DEBUG (7): Starting Order Import process for store: Admin (0)
2015-03-31T08:50:02+00:00 DEBUG (7): Starting Order Import process for store: International (3)
2015-03-31T08:50:02+00:00 DEBUG (7): Starting Order Import process for store: Retail (1)
2015-03-31T08:50:02+00:00 DEBUG (7): Starting Order Import process for store: Wholesale (2)
2015-03-31T09:00:07+00:00 DEBUG (7): Starting Order Import process for store: Admin (0)
2015-03-31T09:00:07+00:00 DEBUG (7): Starting Order Import process for store: International (3)
2015-03-31T09:00:07+00:00 DEBUG (7): Starting Order Import process for store: Retail (1)
2015-03-31T09:00:07+00:00 DEBUG (7): Starting Order Import process for store: Wholesale (2)
2015-03-31T09:15:02+00:00 DEBUG (7): Starting Order Import process for store: Admin (0)
2015-03-31T09:15:02+00:00 DEBUG (7): Starting Order Import process for store: International (3)
2015-03-31T09:15:02+00:00 DEBUG (7): Starting Order Import process for store: Retail (1)
2015-03-31T09:15:02+00:00 DEBUG (7): Starting Order Import process for store: Wholesale (2)
2015-03-31T09:30:02+00:00 DEBUG (7): Starting Order Import process for store: Admin (0)
2015-03-31T09:30:02+00:00 DEBUG (7): Starting Order Import process for store: International (3)
2015-03-31T09:30:02+00:00 DEBUG (7): Starting Order Import process for store: Retail (1)
2015-03-31T09:30:02+00:00 DEBUG (7): Starting Order Import process for store: Wholesale (2)
2015-03-31T09:45:02+00:00 DEBUG (7): Starting Order Import process for store: Admin (0)
2015-03-31T09:45:02+00:00 DEBUG (7): Starting Order Import process for store: International (3)
2015-03-31T09:45:02+00:00 DEBUG (7): Starting Order Import process for store: Retail (1)
2015-03-31T09:45:02+00:00 DEBUG (7): Starting Order Import process for store: Wholesale (2)
2015-03-31T10:00:02+00:00 DEBUG (7): Starting Order Import process for store: Admin (0)
2015-03-31T10:00:02+00:00 DEBUG (7): Starting Order Import process for store: International (3)
2015-03-31T10:00:02+00:00 DEBUG (7): Starting Order Import process for store: Retail (1)
2015-03-31T10:00:02+00:00 DEBUG (7): Starting Order Import process for store: Wholesale (2)
2015-03-31T10:15:02+00:00 DEBUG (7): Starting Order Import process for store: Admin (0)
2015-03-31T10:15:02+00:00 DEBUG (7): Starting Order Import process for store: International (3)
2015-03-31T10:15:02+00:00 DEBUG (7): Starting Order Import process for store: Retail (1)
2015-03-31T10:15:02+00:00 DEBUG (7): Starting Order Import process for store: Wholesale (2)
2015-03-31T10:30:02+00:00 DEBUG (7): Starting Order Import process for store: Admin (0)
2015-03-31T10:30:02+00:00 DEBUG (7): Starting Order Import process for store: International (3)
2015-03-31T10:30:02+00:00 DEBUG (7): Starting Order Import process for store: Retail (1)
2015-03-31T10:30:02+00:00 DEBUG (7): Starting Order Import process for store: Wholesale (2)
2015-03-31T10:50:02+00:00 DEBUG (7): Starting Order Import process for store: Admin (0)
2015-03-31T10:50:02+00:00 DEBUG (7): Starting Order Import process for store: International (3)
2015-03-31T10:50:02+00:00 DEBUG (7): Starting Order Import process for store: Retail (1)
2015-03-31T10:50:02+00:00 DEBUG (7): Starting Order Import process for store: Wholesale (2)
2015-03-31T11:00:02+00:00 DEBUG (7): Starting Order Import process for store: Admin (0)
2015-03-31T11:00:02+00:00 DEBUG (7): Starting Order Import process for store: International (3)
2015-03-31T11:00:03+00:00 DEBUG (7): Starting Order Import process for store: Retail (1)
2015-03-31T11:00:03+00:00 DEBUG (7): Starting Order Import process for store: Wholesale (2)
2015-03-31T11:15:02+00:00 DEBUG (7): Starting Order Import process for store: Admin (0)
2015-03-31T11:15:02+00:00 DEBUG (7): Starting Order Import process for store: International (3)
2015-03-31T11:15:02+00:00 DEBUG (7): Starting Order Import process for store: Retail (1)
2015-03-31T11:15:02+00:00 DEBUG (7): Starting Order Import process for store: Wholesale (2)
2015-03-31T11:30:02+00:00 DEBUG (7): Starting Order Import process for store: Admin (0)
2015-03-31T11:30:02+00:00 DEBUG (7): Starting Order Import process for store: International (3)
2015-03-31T11:30:02+00:00 DEBUG (7): Starting Order Import process for store: Retail (1)
2015-03-31T11:30:03+00:00 DEBUG (7): Starting Order Import process for store: Wholesale (2)
2015-03-31T11:45:02+00:00 DEBUG (7): Starting Order Import process for store: Admin (0)
2015-03-31T11:45:02+00:00 DEBUG (7): Starting Order Import process for store: International (3)
2015-03-31T11:45:02+00:00 DEBUG (7): Starting Order Import process for store: Retail (1)
2015-03-31T11:45:02+00:00 DEBUG (7): Starting Order Import process for store: Wholesale (2)
2015-03-31T12:00:03+00:00 DEBUG (7): Starting Order Import process for store: Admin (0)
2015-03-31T12:00:03+00:00 DEBUG (7): Starting Order Import process for store: International (3)
2015-03-31T12:00:03+00:00 DEBUG (7): Starting Order Import process for store: Retail (1)
2015-03-31T12:00:03+00:00 DEBUG (7): Starting Order Import process for store: Wholesale (2)
2015-03-31T12:15:02+00:00 DEBUG (7): Starting Order Import process for store: Admin (0)
2015-03-31T12:15:02+00:00 DEBUG (7): Starting Order Import process for store: International (3)
2015-03-31T12:15:02+00:00 DEBUG (7): Starting Order Import process for store: Retail (1)
2015-03-31T12:15:02+00:00 DEBUG (7):  Importing: New, Pending Payment, Processing, Complete, Payment Review
2015-03-31T12:15:02+00:00 DEBUG (7):   Deleting: Closed, Canceled, On Hold
2015-03-31T12:15:02+00:00 DEBUG (7):   Processing Order ID: 40959 	 #200033990
2015-03-31T12:15:04+00:00 DEBUG (7):   Flush resulted in 1 orders processed
2015-03-31T12:15:04+00:00 DEBUG (7):   Success: 1
2015-03-31T12:15:04+00:00 DEBUG (7):   Error:   0
2015-03-31T12:15:04+00:00 DEBUG (7):   Total:   1
2015-03-31T12:15:04+00:00 DEBUG (7): Starting Order Import process for store: Wholesale (2)
2015-03-31T12:30:02+00:00 DEBUG (7): Starting Order Import process for store: Admin (0)
2015-03-31T12:30:02+00:00 DEBUG (7): Starting Order Import process for store: International (3)
2015-03-31T12:30:02+00:00 DEBUG (7): Starting Order Import process for store: Retail (1)
2015-03-31T12:30:02+00:00 DEBUG (7): Starting Order Import process for store: Wholesale (2)
2015-03-31T12:45:02+00:00 DEBUG (7): Starting Order Import process for store: Admin (0)
2015-03-31T12:45:02+00:00 DEBUG (7): Starting Order Import process for store: International (3)
2015-03-31T12:45:02+00:00 DEBUG (7): Starting Order Import process for store: Retail (1)
2015-03-31T12:45:02+00:00 DEBUG (7): Starting Order Import process for store: Wholesale (2)
2015-03-31T13:00:02+00:00 DEBUG (7): Starting Order Import process for store: Admin (0)
2015-03-31T13:00:02+00:00 DEBUG (7): Starting Order Import process for store: International (3)
2015-03-31T13:00:02+00:00 DEBUG (7): Starting Order Import process for store: Retail (1)
2015-03-31T13:00:02+00:00 DEBUG (7): Starting Order Import process for store: Wholesale (2)
2015-03-31T13:15:02+00:00 DEBUG (7): Starting Order Import process for store: Admin (0)
2015-03-31T13:15:02+00:00 DEBUG (7): Starting Order Import process for store: International (3)
2015-03-31T13:15:02+00:00 DEBUG (7): Starting Order Import process for store: Retail (1)
2015-03-31T13:15:02+00:00 DEBUG (7): Starting Order Import process for store: Wholesale (2)
2015-03-31T13:30:03+00:00 DEBUG (7): Starting Order Import process for store: Admin (0)
2015-03-31T13:30:03+00:00 DEBUG (7): Starting Order Import process for store: International (3)
2015-03-31T13:30:03+00:00 DEBUG (7): Starting Order Import process for store: Retail (1)
2015-03-31T13:30:03+00:00 DEBUG (7):  Importing: New, Pending Payment, Processing, Complete, Payment Review
2015-03-31T13:30:03+00:00 DEBUG (7):   Deleting: Closed, Canceled, On Hold
2015-03-31T13:30:03+00:00 DEBUG (7):   Processing Order ID: 40960 	 #200033991
2015-03-31T13:30:04+00:00 DEBUG (7):   Flush resulted in 1 orders processed
2015-03-31T13:30:04+00:00 DEBUG (7):   Success: 1
2015-03-31T13:30:04+00:00 DEBUG (7):   Error:   0
2015-03-31T13:30:04+00:00 DEBUG (7):   Total:   1
2015-03-31T13:30:04+00:00 DEBUG (7): Starting Order Import process for store: Wholesale (2)
2015-03-31T13:45:02+00:00 DEBUG (7): Starting Order Import process for store: Admin (0)
2015-03-31T13:45:02+00:00 DEBUG (7): Starting Order Import process for store: International (3)
2015-03-31T13:45:02+00:00 DEBUG (7): Starting Order Import process for store: Retail (1)
2015-03-31T13:45:02+00:00 DEBUG (7): Starting Order Import process for store: Wholesale (2)
2015-03-31T14:05:03+00:00 DEBUG (7): Starting Order Import process for store: Admin (0)
2015-03-31T14:05:03+00:00 DEBUG (7): Starting Order Import process for store: International (3)
2015-03-31T14:05:03+00:00 DEBUG (7): Starting Order Import process for store: Retail (1)
2015-03-31T14:05:03+00:00 DEBUG (7):  Importing: New, Pending Payment, Processing, Complete, Payment Review
2015-03-31T14:05:03+00:00 DEBUG (7):   Deleting: Closed, Canceled, On Hold
2015-03-31T14:05:03+00:00 DEBUG (7):   Processing Order ID: 40961 	 #200033992
2015-03-31T14:05:04+00:00 DEBUG (7):   Flush resulted in 1 orders processed
2015-03-31T14:05:04+00:00 DEBUG (7):   Success: 1
2015-03-31T14:05:04+00:00 DEBUG (7):   Error:   0
2015-03-31T14:05:04+00:00 DEBUG (7):   Total:   1
2015-03-31T14:05:04+00:00 DEBUG (7): Starting Order Import process for store: Wholesale (2)
2015-03-31T14:15:03+00:00 DEBUG (7): Starting Order Import process for store: Admin (0)
2015-03-31T14:15:03+00:00 DEBUG (7): Starting Order Import process for store: International (3)
2015-03-31T14:15:03+00:00 DEBUG (7): Starting Order Import process for store: Retail (1)
2015-03-31T14:15:03+00:00 DEBUG (7): Starting Order Import process for store: Wholesale (2)
2015-03-31T14:30:02+00:00 DEBUG (7): Starting Order Import process for store: Admin (0)
2015-03-31T14:30:02+00:00 DEBUG (7): Starting Order Import process for store: International (3)
2015-03-31T14:30:02+00:00 DEBUG (7): Starting Order Import process for store: Retail (1)
2015-03-31T14:30:02+00:00 DEBUG (7): Starting Order Import process for store: Wholesale (2)
2015-03-31T14:45:03+00:00 DEBUG (7): Starting Order Import process for store: Admin (0)
2015-03-31T14:45:03+00:00 DEBUG (7): Starting Order Import process for store: International (3)
2015-03-31T14:45:03+00:00 DEBUG (7): Starting Order Import process for store: Retail (1)
2015-03-31T14:45:03+00:00 DEBUG (7):  Importing: New, Pending Payment, Processing, Complete, Payment Review
2015-03-31T14:45:03+00:00 DEBUG (7):   Deleting: Closed, Canceled, On Hold
2015-03-31T14:45:03+00:00 DEBUG (7):   Processing Order ID: 40962 	 #200033993
2015-03-31T14:45:06+00:00 DEBUG (7):   Flush resulted in 1 orders processed
2015-03-31T14:45:06+00:00 DEBUG (7):   Success: 1
2015-03-31T14:45:06+00:00 DEBUG (7):   Error:   0
2015-03-31T14:45:06+00:00 DEBUG (7):   Total:   1
2015-03-31T14:45:06+00:00 DEBUG (7): Starting Order Import process for store: Wholesale (2)
2015-03-31T15:00:02+00:00 DEBUG (7): Starting Order Import process for store: Admin (0)
2015-03-31T15:00:02+00:00 DEBUG (7): Starting Order Import process for store: International (3)
2015-03-31T15:00:02+00:00 DEBUG (7): Starting Order Import process for store: Retail (1)
2015-03-31T15:00:03+00:00 DEBUG (7):  Importing: New, Pending Payment, Processing, Complete, Payment Review
2015-03-31T15:00:03+00:00 DEBUG (7):   Deleting: Closed, Canceled, On Hold
2015-03-31T15:00:03+00:00 DEBUG (7):   Processing Order ID: 40963 	 #200033994
2015-03-31T15:00:05+00:00 DEBUG (7):   Flush resulted in 1 orders processed
2015-03-31T15:00:05+00:00 DEBUG (7):   Success: 1
2015-03-31T15:00:05+00:00 DEBUG (7):   Error:   0
2015-03-31T15:00:05+00:00 DEBUG (7):   Total:   1
2015-03-31T15:00:05+00:00 DEBUG (7): Starting Order Import process for store: Wholesale (2)
2015-03-31T15:15:02+00:00 DEBUG (7): Starting Order Import process for store: Admin (0)
2015-03-31T15:15:02+00:00 DEBUG (7): Starting Order Import process for store: International (3)
2015-03-31T15:15:02+00:00 DEBUG (7): Starting Order Import process for store: Retail (1)
2015-03-31T15:15:02+00:00 DEBUG (7): Starting Order Import process for store: Wholesale (2)
2015-03-31T15:15:02+00:00 DEBUG (7):  Importing: New, Pending Payment, Processing, Complete, Payment Review
2015-03-31T15:15:02+00:00 DEBUG (7):   Deleting: Closed, Canceled, On Hold
2015-03-31T15:15:02+00:00 DEBUG (7):   Processing Order ID: 40968 	 #250007323
2015-03-31T15:15:02+00:00 DEBUG (7):   Processing Order ID: 40973 	 #250007328
2015-03-31T15:15:02+00:00 DEBUG (7):   Processing Order ID: 40971 	 #250007326
2015-03-31T15:15:02+00:00 DEBUG (7):   Processing Order ID: 40972 	 #250007327
2015-03-31T15:15:02+00:00 DEBUG (7):   Processing Order ID: 40969 	 #250007324
2015-03-31T15:15:02+00:00 DEBUG (7):   Processing Order ID: 40970 	 #250007325
2015-03-31T15:15:02+00:00 DEBUG (7):   Processing Order ID: 40966 	 #250007321
2015-03-31T15:15:02+00:00 DEBUG (7):   Processing Order ID: 40967 	 #250007322
2015-03-31T15:15:02+00:00 DEBUG (7):   Processing Order ID: 40964 	 #250007319
2015-03-31T15:15:02+00:00 DEBUG (7):   Processing Order ID: 40965 	 #250007320
2015-03-31T15:15:08+00:00 DEBUG (7):   Flush resulted in 10 orders processed
2015-03-31T15:15:08+00:00 DEBUG (7):   Success: 10
2015-03-31T15:15:08+00:00 DEBUG (7):   Error:   0
2015-03-31T15:15:08+00:00 DEBUG (7):   Total:   10
2015-03-31T15:35:02+00:00 DEBUG (7): Starting Order Import process for store: Admin (0)
2015-03-31T15:35:02+00:00 DEBUG (7): Starting Order Import process for store: International (3)
2015-03-31T15:35:02+00:00 DEBUG (7): Starting Order Import process for store: Retail (1)
2015-03-31T15:35:02+00:00 DEBUG (7): Starting Order Import process for store: Wholesale (2)
2015-03-31T15:45:02+00:00 DEBUG (7): Starting Order Import process for store: Admin (0)
2015-03-31T15:45:02+00:00 DEBUG (7): Starting Order Import process for store: International (3)
2015-03-31T15:45:02+00:00 DEBUG (7): Starting Order Import process for store: Retail (1)
2015-03-31T15:45:02+00:00 DEBUG (7): Starting Order Import process for store: Wholesale (2)
2015-03-31T16:00:03+00:00 DEBUG (7): Starting Order Import process for store: Admin (0)
2015-03-31T16:00:03+00:00 DEBUG (7): Starting Order Import process for store: International (3)
2015-03-31T16:00:03+00:00 DEBUG (7): Starting Order Import process for store: Retail (1)
2015-03-31T16:00:03+00:00 DEBUG (7): Starting Order Import process for store: Wholesale (2)
2015-03-31T16:15:03+00:00 DEBUG (7): Starting Order Import process for store: Admin (0)
2015-03-31T16:15:03+00:00 DEBUG (7): Starting Order Import process for store: International (3)
2015-03-31T16:15:03+00:00 DEBUG (7): Starting Order Import process for store: Retail (1)
2015-03-31T16:15:03+00:00 DEBUG (7):  Importing: New, Pending Payment, Processing, Complete, Payment Review
2015-03-31T16:15:03+00:00 DEBUG (7):   Deleting: Closed, Canceled, On Hold
2015-03-31T16:15:03+00:00 DEBUG (7):   Processing Order ID: 40974 	 #200033996
2015-03-31T16:15:05+00:00 DEBUG (7):   Flush resulted in 1 orders processed
2015-03-31T16:15:05+00:00 DEBUG (7):   Success: 1
2015-03-31T16:15:05+00:00 DEBUG (7):   Error:   0
2015-03-31T16:15:05+00:00 DEBUG (7):   Total:   1
2015-03-31T16:15:05+00:00 DEBUG (7): Starting Order Import process for store: Wholesale (2)
2015-03-31T16:30:02+00:00 DEBUG (7): Starting Order Import process for store: Admin (0)
2015-03-31T16:30:02+00:00 DEBUG (7): Starting Order Import process for store: International (3)
2015-03-31T16:30:02+00:00 DEBUG (7): Starting Order Import process for store: Retail (1)
2015-03-31T16:30:02+00:00 DEBUG (7): Starting Order Import process for store: Wholesale (2)
2015-03-31T16:45:02+00:00 DEBUG (7): Starting Order Import process for store: Admin (0)
2015-03-31T16:45:02+00:00 DEBUG (7): Starting Order Import process for store: International (3)
2015-03-31T16:45:02+00:00 DEBUG (7): Starting Order Import process for store: Retail (1)
2015-03-31T16:45:02+00:00 DEBUG (7): Starting Order Import process for store: Wholesale (2)
2015-03-31T16:45:02+00:00 DEBUG (7):  Importing: New, Pending Payment, Processing, Complete, Payment Review
2015-03-31T16:45:02+00:00 DEBUG (7):   Deleting: Closed, Canceled, On Hold
2015-03-31T16:45:02+00:00 DEBUG (7):   Processing Order ID: 41001 	 #250007355
2015-03-31T16:45:04+00:00 DEBUG (7):   Successfully deleted order...
2015-03-31T16:45:04+00:00 DEBUG (7):   Processing Order ID: 41002 	 #250007356
2015-03-31T16:45:04+00:00 DEBUG (7):   Successfully deleted order...
2015-03-31T16:45:04+00:00 DEBUG (7):   Processing Order ID: 40998 	 #250007352
2015-03-31T16:45:05+00:00 DEBUG (7):   Successfully deleted order...
2015-03-31T16:45:05+00:00 DEBUG (7):   Processing Order ID: 40999 	 #250007353
2015-03-31T16:45:05+00:00 DEBUG (7):   Successfully deleted order...
2015-03-31T16:45:05+00:00 DEBUG (7):   Processing Order ID: 41000 	 #250007354
2015-03-31T16:45:05+00:00 DEBUG (7):   Successfully deleted order...
2015-03-31T16:45:05+00:00 DEBUG (7):   Processing Order ID: 40995 	 #250007349
2015-03-31T16:45:05+00:00 DEBUG (7):   Successfully deleted order...
2015-03-31T16:45:05+00:00 DEBUG (7):   Processing Order ID: 40996 	 #250007350
2015-03-31T16:45:05+00:00 DEBUG (7):   Successfully deleted order...
2015-03-31T16:45:05+00:00 DEBUG (7):   Processing Order ID: 40997 	 #250007351
2015-03-31T16:45:05+00:00 DEBUG (7):   Successfully deleted order...
2015-03-31T16:45:05+00:00 DEBUG (7):   Processing Order ID: 40992 	 #250007346
2015-03-31T16:45:06+00:00 DEBUG (7):   Successfully deleted order...
2015-03-31T16:45:06+00:00 DEBUG (7):   Processing Order ID: 40993 	 #250007347
2015-03-31T16:45:06+00:00 DEBUG (7):   Successfully deleted order...
2015-03-31T16:45:06+00:00 DEBUG (7):   Processing Order ID: 40994 	 #250007348
2015-03-31T16:45:06+00:00 DEBUG (7):   Successfully deleted order...
2015-03-31T16:45:06+00:00 DEBUG (7):   Processing Order ID: 40989 	 #250007343
2015-03-31T16:45:06+00:00 DEBUG (7):   Successfully deleted order...
2015-03-31T16:45:06+00:00 DEBUG (7):   Processing Order ID: 40990 	 #250007344
2015-03-31T16:45:06+00:00 DEBUG (7):   Successfully deleted order...
2015-03-31T16:45:06+00:00 DEBUG (7):   Processing Order ID: 40991 	 #250007345
2015-03-31T16:45:06+00:00 DEBUG (7):   Successfully deleted order...
2015-03-31T16:45:06+00:00 DEBUG (7):   Processing Order ID: 40985 	 #250007339
2015-03-31T16:45:06+00:00 DEBUG (7):   Successfully deleted order...
2015-03-31T16:45:06+00:00 DEBUG (7):   Processing Order ID: 40986 	 #250007340
2015-03-31T16:45:07+00:00 DEBUG (7):   Successfully deleted order...
2015-03-31T16:45:07+00:00 DEBUG (7):   Processing Order ID: 40987 	 #250007341
2015-03-31T16:45:07+00:00 DEBUG (7):   Successfully deleted order...
2015-03-31T16:45:07+00:00 DEBUG (7):   Processing Order ID: 40988 	 #250007342
2015-03-31T16:45:07+00:00 DEBUG (7):   Successfully deleted order...
2015-03-31T16:45:07+00:00 DEBUG (7):   Processing Order ID: 40982 	 #250007336
2015-03-31T16:45:07+00:00 DEBUG (7):   Successfully deleted order...
2015-03-31T16:45:07+00:00 DEBUG (7):   Processing Order ID: 40983 	 #250007337
2015-03-31T16:45:07+00:00 DEBUG (7):   Successfully deleted order...
2015-03-31T16:45:07+00:00 DEBUG (7):   Processing Order ID: 40984 	 #250007338
2015-03-31T16:45:07+00:00 DEBUG (7):   Successfully deleted order...
2015-03-31T16:45:07+00:00 DEBUG (7):   Processing Order ID: 40979 	 #250007333
2015-03-31T16:45:07+00:00 DEBUG (7):   Successfully deleted order...
2015-03-31T16:45:07+00:00 DEBUG (7):   Processing Order ID: 40980 	 #250007334
2015-03-31T16:45:08+00:00 DEBUG (7):   Successfully deleted order...
2015-03-31T16:45:08+00:00 DEBUG (7):   Processing Order ID: 40981 	 #250007335
2015-03-31T16:45:08+00:00 DEBUG (7):   Successfully deleted order...
2015-03-31T16:45:08+00:00 DEBUG (7):   Processing Order ID: 40975 	 #250007329
2015-03-31T16:45:08+00:00 DEBUG (7):   Successfully deleted order...
2015-03-31T16:45:08+00:00 DEBUG (7):   Processing Order ID: 40976 	 #250007330
2015-03-31T16:45:08+00:00 DEBUG (7):   Successfully deleted order...
2015-03-31T16:45:08+00:00 DEBUG (7):   Processing Order ID: 40977 	 #250007331
2015-03-31T16:45:08+00:00 DEBUG (7):   Successfully deleted order...
2015-03-31T16:45:08+00:00 DEBUG (7):   Processing Order ID: 40978 	 #250007332
2015-03-31T16:45:09+00:00 DEBUG (7):   Successfully deleted order...
2015-03-31T16:45:09+00:00 DEBUG (7):   Success: 28
2015-03-31T16:45:09+00:00 DEBUG (7):   Error:   0
2015-03-31T16:45:09+00:00 DEBUG (7):   Total:   28
2015-03-31T17:00:02+00:00 DEBUG (7): Starting Order Import process for store: Admin (0)
2015-03-31T17:00:02+00:00 DEBUG (7): Starting Order Import process for store: International (3)
2015-03-31T17:00:02+00:00 DEBUG (7): Starting Order Import process for store: Retail (1)
2015-03-31T17:00:02+00:00 DEBUG (7): Starting Order Import process for store: Wholesale (2)
2015-03-31T17:15:03+00:00 DEBUG (7): Starting Order Import process for store: Admin (0)
2015-03-31T17:15:03+00:00 DEBUG (7): Starting Order Import process for store: International (3)
2015-03-31T17:15:03+00:00 DEBUG (7): Starting Order Import process for store: Retail (1)
2015-03-31T17:15:03+00:00 DEBUG (7): Starting Order Import process for store: Wholesale (2)
2015-03-31T17:30:02+00:00 DEBUG (7): Starting Order Import process for store: Admin (0)
2015-03-31T17:30:02+00:00 DEBUG (7): Starting Order Import process for store: International (3)
2015-03-31T17:30:02+00:00 DEBUG (7): Starting Order Import process for store: Retail (1)
2015-03-31T17:30:02+00:00 DEBUG (7):  Importing: New, Pending Payment, Processing, Complete, Payment Review
2015-03-31T17:30:02+00:00 DEBUG (7):   Deleting: Closed, Canceled, On Hold
2015-03-31T17:30:02+00:00 DEBUG (7):   Processing Order ID: 41003 	 #200033997
2015-03-31T17:30:08+00:00 DEBUG (7):   Flush resulted in 1 orders processed
2015-03-31T17:30:08+00:00 DEBUG (7):   Success: 1
2015-03-31T17:30:08+00:00 DEBUG (7):   Error:   0
2015-03-31T17:30:08+00:00 DEBUG (7):   Total:   1
2015-03-31T17:30:08+00:00 DEBUG (7): Starting Order Import process for store: Wholesale (2)
2015-03-31T17:50:02+00:00 DEBUG (7): Starting Order Import process for store: Admin (0)
2015-03-31T17:50:02+00:00 DEBUG (7): Starting Order Import process for store: International (3)
2015-03-31T17:50:02+00:00 DEBUG (7):  Importing: New, Pending Payment, Processing, Complete, Payment Review
2015-03-31T17:50:02+00:00 DEBUG (7):   Deleting: Closed, Canceled, On Hold
2015-03-31T17:50:02+00:00 DEBUG (7):   Processing Order ID: 40878 	 #300000267
2015-03-31T17:50:05+00:00 DEBUG (7):   Flush resulted in 1 orders processed
2015-03-31T17:50:05+00:00 DEBUG (7):   Success: 1
2015-03-31T17:50:05+00:00 DEBUG (7):   Error:   0
2015-03-31T17:50:05+00:00 DEBUG (7):   Total:   1
2015-03-31T17:50:05+00:00 DEBUG (7): Starting Order Import process for store: Retail (1)
2015-03-31T17:50:05+00:00 DEBUG (7):  Importing: New, Pending Payment, Processing, Complete, Payment Review
2015-03-31T17:50:05+00:00 DEBUG (7):   Deleting: Closed, Canceled, On Hold
2015-03-31T17:50:05+00:00 DEBUG (7):   Processing Order ID: 41004 	 #200033998
2015-03-31T17:50:06+00:00 DEBUG (7):   Flush resulted in 1 orders processed
2015-03-31T17:50:06+00:00 DEBUG (7):   Success: 1
2015-03-31T17:50:06+00:00 DEBUG (7):   Error:   0
2015-03-31T17:50:06+00:00 DEBUG (7):   Total:   1
2015-03-31T17:50:06+00:00 DEBUG (7): Starting Order Import process for store: Wholesale (2)
2015-03-31T18:00:02+00:00 DEBUG (7): Starting Order Import process for store: Admin (0)
2015-03-31T18:00:02+00:00 DEBUG (7): Starting Order Import process for store: International (3)
2015-03-31T18:00:02+00:00 DEBUG (7): Starting Order Import process for store: Retail (1)
2015-03-31T18:00:02+00:00 DEBUG (7): Starting Order Import process for store: Wholesale (2)
2015-03-31T18:15:02+00:00 DEBUG (7): Starting Order Import process for store: Admin (0)
2015-03-31T18:15:02+00:00 DEBUG (7): Starting Order Import process for store: International (3)
2015-03-31T18:15:02+00:00 DEBUG (7): Starting Order Import process for store: Retail (1)
2015-03-31T18:15:02+00:00 DEBUG (7): Starting Order Import process for store: Wholesale (2)
2015-03-31T18:15:02+00:00 DEBUG (7):  Importing: New, Pending Payment, Processing, Complete, Payment Review
2015-03-31T18:15:02+00:00 DEBUG (7):   Deleting: Closed, Canceled, On Hold
2015-03-31T18:15:02+00:00 DEBUG (7):   Processing Order ID: 40964 	 #250007319
2015-03-31T18:15:02+00:00 DEBUG (7):   Processing Order ID: 40965 	 #250007320
2015-03-31T18:15:02+00:00 DEBUG (7):   Processing Order ID: 40968 	 #250007323
2015-03-31T18:15:02+00:00 DEBUG (7):   Processing Order ID: 40967 	 #250007322
2015-03-31T18:15:02+00:00 DEBUG (7):   Processing Order ID: 40966 	 #250007321
2015-03-31T18:15:02+00:00 DEBUG (7):   Processing Order ID: 40970 	 #250007325
2015-03-31T18:15:02+00:00 DEBUG (7):   Processing Order ID: 40969 	 #250007324
2015-03-31T18:15:02+00:00 DEBUG (7):   Processing Order ID: 40971 	 #250007326
2015-03-31T18:15:02+00:00 DEBUG (7):   Processing Order ID: 40972 	 #250007327
2015-03-31T18:15:02+00:00 DEBUG (7):   Processing Order ID: 40973 	 #250007328
2015-03-31T18:15:09+00:00 DEBUG (7):   Flush resulted in 10 orders processed
2015-03-31T18:15:09+00:00 DEBUG (7):   Success: 10
2015-03-31T18:15:09+00:00 DEBUG (7):   Error:   0
2015-03-31T18:15:09+00:00 DEBUG (7):   Total:   10
2015-03-31T18:30:02+00:00 DEBUG (7): Starting Order Import process for store: Admin (0)
2015-03-31T18:30:02+00:00 DEBUG (7): Starting Order Import process for store: International (3)
2015-03-31T18:30:02+00:00 DEBUG (7): Starting Order Import process for store: Retail (1)
2015-03-31T18:30:02+00:00 DEBUG (7):  Importing: New, Pending Payment, Processing, Complete, Payment Review
2015-03-31T18:30:02+00:00 DEBUG (7):   Deleting: Closed, Canceled, On Hold
2015-03-31T18:30:02+00:00 DEBUG (7):   Processing Order ID: 40960 	 #200033991
2015-03-31T18:30:03+00:00 DEBUG (7):   Processing Order ID: 40959 	 #200033990
2015-03-31T18:30:03+00:00 DEBUG (7):   Processing Order ID: 40958 	 #200033989
2015-03-31T18:30:03+00:00 DEBUG (7):   Processing Order ID: 40957 	 #200033988
2015-03-31T18:30:03+00:00 DEBUG (7):   Processing Order ID: 40956 	 #200033987
2015-03-31T18:30:03+00:00 DEBUG (7):   Processing Order ID: 40954 	 #200033985
2015-03-31T18:30:03+00:00 DEBUG (7):   Processing Order ID: 40947 	 #200033978
2015-03-31T18:30:06+00:00 DEBUG (7):   Flush resulted in 7 orders processed
2015-03-31T18:30:06+00:00 DEBUG (7):   Success: 7
2015-03-31T18:30:06+00:00 DEBUG (7):   Error:   0
2015-03-31T18:30:06+00:00 DEBUG (7):   Total:   7
2015-03-31T18:30:06+00:00 DEBUG (7): Starting Order Import process for store: Wholesale (2)
2015-03-31T18:45:09+00:00 DEBUG (7): Starting Order Import process for store: Admin (0)
2015-03-31T18:45:09+00:00 DEBUG (7): Starting Order Import process for store: International (3)
2015-03-31T18:45:09+00:00 DEBUG (7): Starting Order Import process for store: Retail (1)
2015-03-31T18:45:09+00:00 DEBUG (7):  Importing: New, Pending Payment, Processing, Complete, Payment Review
2015-03-31T18:45:09+00:00 DEBUG (7):   Deleting: Closed, Canceled, On Hold
2015-03-31T18:45:09+00:00 DEBUG (7):   Processing Order ID: 41003 	 #200033997
2015-03-31T18:45:09+00:00 DEBUG (7):   Processing Order ID: 40963 	 #200033994
2015-03-31T18:45:09+00:00 DEBUG (7):   Processing Order ID: 40962 	 #200033993
2015-03-31T18:45:09+00:00 DEBUG (7):   Processing Order ID: 40961 	 #200033992
2015-03-31T18:45:09+00:00 DEBUG (7):   Processing Order ID: 40952 	 #200033983
2015-03-31T18:45:09+00:00 DEBUG (7):   Processing Order ID: 40951 	 #200033982
2015-03-31T18:45:09+00:00 DEBUG (7):   Processing Order ID: 40950 	 #200033981
2015-03-31T18:45:09+00:00 DEBUG (7):   Processing Order ID: 40946 	 #200033977
2015-03-31T18:45:15+00:00 DEBUG (7):   Flush resulted in 8 orders processed
2015-03-31T18:45:15+00:00 DEBUG (7):   Success: 8
2015-03-31T18:45:15+00:00 DEBUG (7):   Error:   0
2015-03-31T18:45:15+00:00 DEBUG (7):   Total:   8
2015-03-31T18:45:15+00:00 DEBUG (7): Starting Order Import process for store: Wholesale (2)
2015-03-31T19:00:02+00:00 DEBUG (7): Starting Order Import process for store: Admin (0)
2015-03-31T19:00:02+00:00 DEBUG (7): Starting Order Import process for store: International (3)
2015-03-31T19:00:02+00:00 DEBUG (7): Starting Order Import process for store: Retail (1)
2015-03-31T19:00:02+00:00 DEBUG (7): Starting Order Import process for store: Wholesale (2)
2015-03-31T19:15:02+00:00 DEBUG (7): Starting Order Import process for store: Admin (0)
2015-03-31T19:15:02+00:00 DEBUG (7): Starting Order Import process for store: International (3)
2015-03-31T19:15:02+00:00 DEBUG (7): Starting Order Import process for store: Retail (1)
2015-03-31T19:15:02+00:00 DEBUG (7): Starting Order Import process for store: Wholesale (2)
2015-03-31T19:30:02+00:00 DEBUG (7): Starting Order Import process for store: Admin (0)
2015-03-31T19:30:02+00:00 DEBUG (7): Starting Order Import process for store: International (3)
2015-03-31T19:30:02+00:00 DEBUG (7): Starting Order Import process for store: Retail (1)
2015-03-31T19:30:02+00:00 DEBUG (7):  Importing: New, Pending Payment, Processing, Complete, Payment Review
2015-03-31T19:30:02+00:00 DEBUG (7):   Deleting: Closed, Canceled, On Hold
2015-03-31T19:30:02+00:00 DEBUG (7):   Processing Order ID: 40974 	 #200033996
2015-03-31T19:30:02+00:00 DEBUG (7):   Processing Order ID: 40955 	 #200033986
2015-03-31T19:30:02+00:00 DEBUG (7):   Processing Order ID: 40953 	 #200033984
2015-03-31T19:30:02+00:00 DEBUG (7):   Processing Order ID: 40948 	 #200033979
2015-03-31T19:30:06+00:00 DEBUG (7):   Flush resulted in 4 orders processed
2015-03-31T19:30:07+00:00 DEBUG (7):   Success: 4
2015-03-31T19:30:07+00:00 DEBUG (7):   Error:   0
2015-03-31T19:30:07+00:00 DEBUG (7):   Total:   4
2015-03-31T19:30:07+00:00 DEBUG (7): Starting Order Import process for store: Wholesale (2)
2015-03-31T19:30:07+00:00 DEBUG (7):  Importing: New, Pending Payment, Processing, Complete, Payment Review
2015-03-31T19:30:07+00:00 DEBUG (7):   Deleting: Closed, Canceled, On Hold
2015-03-31T19:30:07+00:00 DEBUG (7):   Processing Order ID: 40973 	 #250007328
2015-03-31T19:30:07+00:00 DEBUG (7):   Processing Order ID: 40971 	 #250007326
2015-03-31T19:30:07+00:00 DEBUG (7):   Processing Order ID: 40969 	 #250007324
2015-03-31T19:30:07+00:00 DEBUG (7):   Processing Order ID: 40972 	 #250007327
2015-03-31T19:30:07+00:00 DEBUG (7):   Processing Order ID: 40970 	 #250007325
2015-03-31T19:30:07+00:00 DEBUG (7):   Processing Order ID: 40966 	 #250007321
2015-03-31T19:30:07+00:00 DEBUG (7):   Processing Order ID: 40967 	 #250007322
2015-03-31T19:30:07+00:00 DEBUG (7):   Processing Order ID: 40968 	 #250007323
2015-03-31T19:30:07+00:00 DEBUG (7):   Processing Order ID: 40964 	 #250007319
2015-03-31T19:30:07+00:00 DEBUG (7):   Processing Order ID: 40965 	 #250007320
2015-03-31T19:30:15+00:00 DEBUG (7):   Flush resulted in 10 orders processed
2015-03-31T19:30:15+00:00 DEBUG (7):   Success: 10
2015-03-31T19:30:15+00:00 DEBUG (7):   Error:   0
2015-03-31T19:30:15+00:00 DEBUG (7):   Total:   10
2015-03-31T19:45:02+00:00 DEBUG (7): Starting Order Import process for store: Admin (0)
2015-03-31T19:45:02+00:00 DEBUG (7): Starting Order Import process for store: International (3)
2015-03-31T19:45:02+00:00 DEBUG (7): Starting Order Import process for store: Retail (1)
2015-03-31T19:45:02+00:00 DEBUG (7):  Importing: New, Pending Payment, Processing, Complete, Payment Review
2015-03-31T19:45:02+00:00 DEBUG (7):   Deleting: Closed, Canceled, On Hold
2015-03-31T19:45:02+00:00 DEBUG (7):   Processing Order ID: 41005 	 #200033999
2015-03-31T19:45:04+00:00 DEBUG (7):   Flush resulted in 1 orders processed
2015-03-31T19:45:04+00:00 DEBUG (7):   Success: 1
2015-03-31T19:45:04+00:00 DEBUG (7):   Error:   0
2015-03-31T19:45:04+00:00 DEBUG (7):   Total:   1
2015-03-31T19:45:04+00:00 DEBUG (7): Starting Order Import process for store: Wholesale (2)
2015-03-31T20:00:02+00:00 DEBUG (7): Starting Order Import process for store: Admin (0)
2015-03-31T20:00:02+00:00 DEBUG (7): Starting Order Import process for store: International (3)
2015-03-31T20:00:02+00:00 DEBUG (7): Starting Order Import process for store: Retail (1)
2015-03-31T20:00:02+00:00 DEBUG (7): Starting Order Import process for store: Wholesale (2)
2015-03-31T20:15:02+00:00 DEBUG (7): Starting Order Import process for store: Admin (0)
2015-03-31T20:15:02+00:00 DEBUG (7): Starting Order Import process for store: International (3)
2015-03-31T20:15:02+00:00 DEBUG (7): Starting Order Import process for store: Retail (1)
2015-03-31T20:15:02+00:00 DEBUG (7): Starting Order Import process for store: Wholesale (2)
2015-03-31T20:30:03+00:00 DEBUG (7): Starting Order Import process for store: Admin (0)
2015-03-31T20:30:03+00:00 DEBUG (7): Starting Order Import process for store: International (3)
2015-03-31T20:30:03+00:00 DEBUG (7): Starting Order Import process for store: Retail (1)
2015-03-31T20:30:03+00:00 DEBUG (7): Starting Order Import process for store: Wholesale (2)
2015-03-31T20:30:03+00:00 DEBUG (7):  Importing: New, Pending Payment, Processing, Complete, Payment Review
2015-03-31T20:30:03+00:00 DEBUG (7):   Deleting: Closed, Canceled, On Hold
2015-03-31T20:30:03+00:00 DEBUG (7):   Processing Order ID: 40409 	 #250007149
2015-03-31T20:30:03+00:00 DEBUG (7):   Processing Order ID: 40406 	 #250007146
2015-03-31T20:30:03+00:00 DEBUG (7):   Processing Order ID: 40412 	 #250007152
2015-03-31T20:30:05+00:00 DEBUG (7):   Flush resulted in 3 orders processed
2015-03-31T20:30:05+00:00 DEBUG (7):   Success: 3
2015-03-31T20:30:05+00:00 DEBUG (7):   Error:   0
2015-03-31T20:30:05+00:00 DEBUG (7):   Total:   3
2015-03-31T20:45:02+00:00 DEBUG (7): Starting Order Import process for store: Admin (0)
2015-03-31T20:45:02+00:00 DEBUG (7): Starting Order Import process for store: International (3)
2015-03-31T20:45:02+00:00 DEBUG (7): Starting Order Import process for store: Retail (1)
2015-03-31T20:45:02+00:00 DEBUG (7): Starting Order Import process for store: Wholesale (2)
2015-03-31T20:45:02+00:00 DEBUG (7):  Importing: New, Pending Payment, Processing, Complete, Payment Review
2015-03-31T20:45:02+00:00 DEBUG (7):   Deleting: Closed, Canceled, On Hold
2015-03-31T20:45:02+00:00 DEBUG (7):   Processing Order ID: 41006 	 #250007357
2015-03-31T20:45:04+00:00 DEBUG (7):   Flush resulted in 1 orders processed
2015-03-31T20:45:04+00:00 DEBUG (7):   Success: 1
2015-03-31T20:45:04+00:00 DEBUG (7):   Error:   0
2015-03-31T20:45:04+00:00 DEBUG (7):   Total:   1
2015-03-31T21:00:02+00:00 DEBUG (7): Starting Order Import process for store: Admin (0)
2015-03-31T21:00:02+00:00 DEBUG (7): Starting Order Import process for store: International (3)
2015-03-31T21:00:02+00:00 DEBUG (7):  Importing: New, Pending Payment, Processing, Complete, Payment Review
2015-03-31T21:00:02+00:00 DEBUG (7):   Deleting: Closed, Canceled, On Hold
2015-03-31T21:00:02+00:00 DEBUG (7):   Processing Order ID: 40878 	 #300000267
2015-03-31T21:00:04+00:00 DEBUG (7):   Flush resulted in 1 orders processed
2015-03-31T21:00:04+00:00 DEBUG (7):   Success: 1
2015-03-31T21:00:04+00:00 DEBUG (7):   Error:   0
2015-03-31T21:00:04+00:00 DEBUG (7):   Total:   1
2015-03-31T21:00:04+00:00 DEBUG (7): Starting Order Import process for store: Retail (1)
2015-03-31T21:00:04+00:00 DEBUG (7): Starting Order Import process for store: Wholesale (2)
2015-03-31T21:15:02+00:00 DEBUG (7): Starting Order Import process for store: Admin (0)
2015-03-31T21:15:02+00:00 DEBUG (7): Starting Order Import process for store: International (3)
2015-03-31T21:15:02+00:00 DEBUG (7): Starting Order Import process for store: Retail (1)
2015-03-31T21:15:02+00:00 DEBUG (7): Starting Order Import process for store: Wholesale (2)
2015-03-31T21:30:02+00:00 DEBUG (7): Starting Order Import process for store: Admin (0)
2015-03-31T21:30:02+00:00 DEBUG (7): Starting Order Import process for store: International (3)
2015-03-31T21:30:02+00:00 DEBUG (7): Starting Order Import process for store: Retail (1)
2015-03-31T21:30:02+00:00 DEBUG (7):  Importing: New, Pending Payment, Processing, Complete, Payment Review
2015-03-31T21:30:02+00:00 DEBUG (7):   Deleting: Closed, Canceled, On Hold
2015-03-31T21:30:02+00:00 DEBUG (7):   Processing Order ID: 41007 	 #200034000
2015-03-31T21:30:02+00:00 DEBUG (7):   Processing Order ID: 40949 	 #200033980
2015-03-31T21:30:03+00:00 DEBUG (7):   Processing Order ID: 41004 	 #200033998
2015-03-31T21:30:03+00:00 DEBUG (7):   Processing Order ID: 41005 	 #200033999
2015-03-31T21:30:06+00:00 DEBUG (7):   Flush resulted in 4 orders processed
2015-03-31T21:30:06+00:00 DEBUG (7):   Success: 4
2015-03-31T21:30:06+00:00 DEBUG (7):   Error:   0
2015-03-31T21:30:06+00:00 DEBUG (7):   Total:   4
2015-03-31T21:30:06+00:00 DEBUG (7): Starting Order Import process for store: Wholesale (2)
2015-03-31T21:50:02+00:00 DEBUG (7): Starting Order Import process for store: Admin (0)
2015-03-31T21:50:02+00:00 DEBUG (7): Starting Order Import process for store: International (3)
2015-03-31T21:50:02+00:00 DEBUG (7): Starting Order Import process for store: Retail (1)
2015-03-31T21:50:02+00:00 DEBUG (7): Starting Order Import process for store: Wholesale (2)
2015-03-31T22:00:02+00:00 DEBUG (7): Starting Order Import process for store: Admin (0)
2015-03-31T22:00:02+00:00 DEBUG (7): Starting Order Import process for store: International (3)
2015-03-31T22:00:02+00:00 DEBUG (7): Starting Order Import process for store: Retail (1)
2015-03-31T22:00:02+00:00 DEBUG (7): Starting Order Import process for store: Wholesale (2)
2015-03-31T22:15:03+00:00 DEBUG (7): Starting Order Import process for store: Admin (0)
2015-03-31T22:15:03+00:00 DEBUG (7): Starting Order Import process for store: International (3)
2015-03-31T22:15:03+00:00 DEBUG (7): Starting Order Import process for store: Retail (1)
2015-03-31T22:15:03+00:00 DEBUG (7): Starting Order Import process for store: Wholesale (2)
2015-03-31T22:30:03+00:00 DEBUG (7): Starting Order Import process for store: Admin (0)
2015-03-31T22:30:03+00:00 DEBUG (7): Starting Order Import process for store: International (3)
2015-03-31T22:30:03+00:00 DEBUG (7): Starting Order Import process for store: Retail (1)
2015-03-31T22:30:03+00:00 DEBUG (7): Starting Order Import process for store: Wholesale (2)
2015-03-31T22:45:02+00:00 DEBUG (7): Starting Order Import process for store: Admin (0)
2015-03-31T22:45:02+00:00 DEBUG (7): Starting Order Import process for store: International (3)
2015-03-31T22:45:02+00:00 DEBUG (7): Starting Order Import process for store: Retail (1)
2015-03-31T22:45:02+00:00 DEBUG (7):  Importing: New, Pending Payment, Processing, Complete, Payment Review
2015-03-31T22:45:02+00:00 DEBUG (7):   Deleting: Closed, Canceled, On Hold
2015-03-31T22:45:02+00:00 DEBUG (7):   Processing Order ID: 41008 	 #200034001
2015-03-31T22:45:04+00:00 DEBUG (7):   Flush resulted in 1 orders processed
2015-03-31T22:45:04+00:00 DEBUG (7):   Success: 1
2015-03-31T22:45:04+00:00 DEBUG (7):   Error:   0
2015-03-31T22:45:04+00:00 DEBUG (7):   Total:   1
2015-03-31T22:45:04+00:00 DEBUG (7): Starting Order Import process for store: Wholesale (2)
2015-03-31T23:00:02+00:00 DEBUG (7): Starting Order Import process for store: Admin (0)
2015-03-31T23:00:02+00:00 DEBUG (7): Starting Order Import process for store: International (3)
2015-03-31T23:00:02+00:00 DEBUG (7): Starting Order Import process for store: Retail (1)
2015-03-31T23:00:02+00:00 DEBUG (7): Starting Order Import process for store: Wholesale (2)
2015-03-31T23:15:03+00:00 DEBUG (7): Starting Order Import process for store: Admin (0)
2015-03-31T23:15:03+00:00 DEBUG (7): Starting Order Import process for store: International (3)
2015-03-31T23:15:03+00:00 DEBUG (7): Starting Order Import process for store: Retail (1)
2015-03-31T23:15:03+00:00 DEBUG (7): Starting Order Import process for store: Wholesale (2)
2015-03-31T23:30:03+00:00 DEBUG (7): Starting Order Import process for store: Admin (0)
2015-03-31T23:30:03+00:00 DEBUG (7): Starting Order Import process for store: International (3)
2015-03-31T23:30:03+00:00 DEBUG (7): Starting Order Import process for store: Retail (1)
2015-03-31T23:30:03+00:00 DEBUG (7):  Importing: New, Pending Payment, Processing, Complete, Payment Review
2015-03-31T23:30:03+00:00 DEBUG (7):   Deleting: Closed, Canceled, On Hold
2015-03-31T23:30:03+00:00 DEBUG (7):   Processing Order ID: 40949 	 #200033980
2015-03-31T23:30:06+00:00 DEBUG (7):   Flush resulted in 1 orders processed
2015-03-31T23:30:06+00:00 DEBUG (7):   Success: 1
2015-03-31T23:30:06+00:00 DEBUG (7):   Error:   0
2015-03-31T23:30:06+00:00 DEBUG (7):   Total:   1
2015-03-31T23:30:06+00:00 DEBUG (7): Starting Order Import process for store: Wholesale (2)
2015-03-31T23:30:06+00:00 DEBUG (7):  Importing: New, Pending Payment, Processing, Complete, Payment Review
2015-03-31T23:30:06+00:00 DEBUG (7):   Deleting: Closed, Canceled, On Hold
2015-03-31T23:30:06+00:00 DEBUG (7):   Processing Order ID: 41009 	 #250007358
2015-03-31T23:30:06+00:00 DEBUG (7):   Flush resulted in 1 orders processed
2015-03-31T23:30:06+00:00 DEBUG (7):   Success: 1
2015-03-31T23:30:06+00:00 DEBUG (7):   Error:   0
2015-03-31T23:30:06+00:00 DEBUG (7):   Total:   1
2015-03-31T23:45:02+00:00 DEBUG (7): Starting Order Import process for store: Admin (0)
2015-03-31T23:45:02+00:00 DEBUG (7): Starting Order Import process for store: International (3)
2015-03-31T23:45:02+00:00 DEBUG (7): Starting Order Import process for store: Retail (1)
2015-03-31T23:45:02+00:00 DEBUG (7):  Importing: New, Pending Payment, Processing, Complete, Payment Review
2015-03-31T23:45:02+00:00 DEBUG (7):   Deleting: Closed, Canceled, On Hold
2015-03-31T23:45:02+00:00 DEBUG (7):   Processing Order ID: 41011 	 #200034003
2015-03-31T23:45:02+00:00 DEBUG (7):   Processing Order ID: 41010 	 #200034004
2015-03-31T23:45:11+00:00 DEBUG (7):   Flush resulted in 2 orders processed
2015-03-31T23:45:11+00:00 DEBUG (7):   Success: 2
2015-03-31T23:45:11+00:00 DEBUG (7):   Error:   0
2015-03-31T23:45:11+00:00 DEBUG (7):   Total:   2
2015-03-31T23:45:11+00:00 DEBUG (7): Starting Order Import process for store: Wholesale (2)
