2015-04-04T00:00:03+00:00 DEBUG (7): Starting Order Import process for store: Admin (0)
2015-04-04T00:00:03+00:00 DEBUG (7): Starting Order Import process for store: International (3)
2015-04-04T00:00:03+00:00 DEBUG (7): Starting Order Import process for store: Retail (1)
2015-04-04T00:00:03+00:00 DEBUG (7): Starting Order Import process for store: Wholesale (2)
2015-04-04T00:15:02+00:00 DEBUG (7): Starting Order Import process for store: Admin (0)
2015-04-04T00:15:02+00:00 DEBUG (7): Starting Order Import process for store: International (3)
2015-04-04T00:15:02+00:00 DEBUG (7): Starting Order Import process for store: Retail (1)
2015-04-04T00:15:02+00:00 DEBUG (7): Starting Order Import process for store: Wholesale (2)
2015-04-04T00:30:02+00:00 DEBUG (7): Starting Order Import process for store: Admin (0)
2015-04-04T00:30:02+00:00 DEBUG (7): Starting Order Import process for store: International (3)
2015-04-04T00:30:02+00:00 DEBUG (7): Starting Order Import process for store: Retail (1)
2015-04-04T00:30:02+00:00 DEBUG (7): Starting Order Import process for store: Wholesale (2)
2015-04-04T00:45:02+00:00 DEBUG (7): Starting Order Import process for store: Admin (0)
2015-04-04T00:45:02+00:00 DEBUG (7): Starting Order Import process for store: International (3)
2015-04-04T00:45:02+00:00 DEBUG (7): Starting Order Import process for store: Retail (1)
2015-04-04T00:45:02+00:00 DEBUG (7): Starting Order Import process for store: Wholesale (2)
2015-04-04T01:00:02+00:00 DEBUG (7): Starting Order Import process for store: Admin (0)
2015-04-04T01:00:02+00:00 DEBUG (7): Starting Order Import process for store: International (3)
2015-04-04T01:00:02+00:00 DEBUG (7): Starting Order Import process for store: Retail (1)
2015-04-04T01:00:02+00:00 DEBUG (7): Starting Order Import process for store: Wholesale (2)
2015-04-04T01:20:02+00:00 DEBUG (7): Starting Order Import process for store: Admin (0)
2015-04-04T01:20:02+00:00 DEBUG (7): Starting Order Import process for store: International (3)
2015-04-04T01:20:02+00:00 DEBUG (7): Starting Order Import process for store: Retail (1)
2015-04-04T01:20:02+00:00 DEBUG (7):  Importing: New, Pending Payment, Processing, Complete, Payment Review
2015-04-04T01:20:02+00:00 DEBUG (7):   Deleting: Closed, Canceled, On Hold
2015-04-04T01:20:03+00:00 DEBUG (7):   Processing Order ID: 41093 	 #200034046
2015-04-04T01:20:04+00:00 DEBUG (7):   Flush resulted in 1 orders processed
2015-04-04T01:20:04+00:00 DEBUG (7):   Success: 1
2015-04-04T01:20:04+00:00 DEBUG (7):   Error:   0
2015-04-04T01:20:04+00:00 DEBUG (7):   Total:   1
2015-04-04T01:20:04+00:00 DEBUG (7): Starting Order Import process for store: Wholesale (2)
2015-04-04T01:30:03+00:00 DEBUG (7): Starting Order Import process for store: Admin (0)
2015-04-04T01:30:03+00:00 DEBUG (7): Starting Order Import process for store: International (3)
2015-04-04T01:30:03+00:00 DEBUG (7): Starting Order Import process for store: Retail (1)
2015-04-04T01:30:03+00:00 DEBUG (7): Starting Order Import process for store: Wholesale (2)
2015-04-04T01:45:03+00:00 DEBUG (7): Starting Order Import process for store: Admin (0)
2015-04-04T01:45:03+00:00 DEBUG (7): Starting Order Import process for store: International (3)
2015-04-04T01:45:03+00:00 DEBUG (7): Starting Order Import process for store: Retail (1)
2015-04-04T01:45:03+00:00 DEBUG (7): Starting Order Import process for store: Wholesale (2)
2015-04-04T02:00:02+00:00 DEBUG (7): Starting Order Import process for store: Admin (0)
2015-04-04T02:00:02+00:00 DEBUG (7): Starting Order Import process for store: International (3)
2015-04-04T02:00:02+00:00 DEBUG (7): Starting Order Import process for store: Retail (1)
2015-04-04T02:00:02+00:00 DEBUG (7): Starting Order Import process for store: Wholesale (2)
2015-04-04T02:15:02+00:00 DEBUG (7): Starting Order Import process for store: Admin (0)
2015-04-04T02:15:02+00:00 DEBUG (7): Starting Order Import process for store: International (3)
2015-04-04T02:15:02+00:00 DEBUG (7): Starting Order Import process for store: Retail (1)
2015-04-04T02:15:02+00:00 DEBUG (7): Starting Order Import process for store: Wholesale (2)
2015-04-04T02:30:02+00:00 DEBUG (7): Starting Order Import process for store: Admin (0)
2015-04-04T02:30:02+00:00 DEBUG (7): Starting Order Import process for store: International (3)
2015-04-04T02:30:02+00:00 DEBUG (7): Starting Order Import process for store: Retail (1)
2015-04-04T02:30:02+00:00 DEBUG (7): Starting Order Import process for store: Wholesale (2)
2015-04-04T02:45:02+00:00 DEBUG (7): Starting Order Import process for store: Admin (0)
2015-04-04T02:45:02+00:00 DEBUG (7): Starting Order Import process for store: International (3)
2015-04-04T02:45:02+00:00 DEBUG (7): Starting Order Import process for store: Retail (1)
2015-04-04T02:45:02+00:00 DEBUG (7): Starting Order Import process for store: Wholesale (2)
2015-04-04T03:00:02+00:00 DEBUG (7): Starting Order Import process for store: Admin (0)
2015-04-04T03:00:02+00:00 DEBUG (7): Starting Order Import process for store: International (3)
2015-04-04T03:00:02+00:00 DEBUG (7): Starting Order Import process for store: Retail (1)
2015-04-04T03:00:02+00:00 DEBUG (7): Starting Order Import process for store: Wholesale (2)
2015-04-04T03:15:02+00:00 DEBUG (7): Starting Order Import process for store: Admin (0)
2015-04-04T03:15:02+00:00 DEBUG (7): Starting Order Import process for store: International (3)
2015-04-04T03:15:02+00:00 DEBUG (7): Starting Order Import process for store: Retail (1)
2015-04-04T03:15:02+00:00 DEBUG (7): Starting Order Import process for store: Wholesale (2)
2015-04-04T03:35:03+00:00 DEBUG (7): Starting Order Import process for store: Admin (0)
2015-04-04T03:35:03+00:00 DEBUG (7): Starting Order Import process for store: International (3)
2015-04-04T03:35:03+00:00 DEBUG (7): Starting Order Import process for store: Retail (1)
2015-04-04T03:35:03+00:00 DEBUG (7): Starting Order Import process for store: Wholesale (2)
2015-04-04T03:45:02+00:00 DEBUG (7): Starting Order Import process for store: Admin (0)
2015-04-04T03:45:02+00:00 DEBUG (7): Starting Order Import process for store: International (3)
2015-04-04T03:45:02+00:00 DEBUG (7): Starting Order Import process for store: Retail (1)
2015-04-04T03:45:02+00:00 DEBUG (7): Starting Order Import process for store: Wholesale (2)
2015-04-04T04:00:02+00:00 DEBUG (7): Starting Order Import process for store: Admin (0)
2015-04-04T04:00:02+00:00 DEBUG (7): Starting Order Import process for store: International (3)
2015-04-04T04:00:02+00:00 DEBUG (7): Starting Order Import process for store: Retail (1)
2015-04-04T04:00:02+00:00 DEBUG (7): Starting Order Import process for store: Wholesale (2)
2015-04-04T04:15:02+00:00 DEBUG (7): Starting Order Import process for store: Admin (0)
2015-04-04T04:15:02+00:00 DEBUG (7): Starting Order Import process for store: International (3)
2015-04-04T04:15:02+00:00 DEBUG (7): Starting Order Import process for store: Retail (1)
2015-04-04T04:15:02+00:00 DEBUG (7): Starting Order Import process for store: Wholesale (2)
2015-04-04T04:30:02+00:00 DEBUG (7): Starting Order Import process for store: Admin (0)
2015-04-04T04:30:02+00:00 DEBUG (7): Starting Order Import process for store: International (3)
2015-04-04T04:30:02+00:00 DEBUG (7): Starting Order Import process for store: Retail (1)
2015-04-04T04:30:02+00:00 DEBUG (7): Starting Order Import process for store: Wholesale (2)
2015-04-04T04:45:02+00:00 DEBUG (7): Starting Order Import process for store: Admin (0)
2015-04-04T04:45:02+00:00 DEBUG (7): Starting Order Import process for store: International (3)
2015-04-04T04:45:02+00:00 DEBUG (7): Starting Order Import process for store: Retail (1)
2015-04-04T04:45:02+00:00 DEBUG (7): Starting Order Import process for store: Wholesale (2)
2015-04-04T05:00:03+00:00 DEBUG (7): Starting Order Import process for store: Admin (0)
2015-04-04T05:00:03+00:00 DEBUG (7): Starting Order Import process for store: International (3)
2015-04-04T05:00:03+00:00 DEBUG (7): Starting Order Import process for store: Retail (1)
2015-04-04T05:00:03+00:00 DEBUG (7): Starting Order Import process for store: Wholesale (2)
2015-04-04T05:15:02+00:00 DEBUG (7): Starting Order Import process for store: Admin (0)
2015-04-04T05:15:02+00:00 DEBUG (7): Starting Order Import process for store: International (3)
2015-04-04T05:15:02+00:00 DEBUG (7): Starting Order Import process for store: Retail (1)
2015-04-04T05:15:02+00:00 DEBUG (7): Starting Order Import process for store: Wholesale (2)
2015-04-04T05:30:02+00:00 DEBUG (7): Starting Order Import process for store: Admin (0)
2015-04-04T05:30:02+00:00 DEBUG (7): Starting Order Import process for store: International (3)
2015-04-04T05:30:02+00:00 DEBUG (7): Starting Order Import process for store: Retail (1)
2015-04-04T05:30:02+00:00 DEBUG (7): Starting Order Import process for store: Wholesale (2)
2015-04-04T05:45:02+00:00 DEBUG (7): Starting Order Import process for store: Admin (0)
2015-04-04T05:45:02+00:00 DEBUG (7): Starting Order Import process for store: International (3)
2015-04-04T05:45:02+00:00 DEBUG (7): Starting Order Import process for store: Retail (1)
2015-04-04T05:45:02+00:00 DEBUG (7): Starting Order Import process for store: Wholesale (2)
2015-04-04T06:00:02+00:00 DEBUG (7): Starting Order Import process for store: Admin (0)
2015-04-04T06:00:02+00:00 DEBUG (7): Starting Order Import process for store: International (3)
2015-04-04T06:00:02+00:00 DEBUG (7): Starting Order Import process for store: Retail (1)
2015-04-04T06:00:02+00:00 DEBUG (7): Starting Order Import process for store: Wholesale (2)
2015-04-04T06:15:02+00:00 DEBUG (7): Starting Order Import process for store: Admin (0)
2015-04-04T06:15:02+00:00 DEBUG (7): Starting Order Import process for store: International (3)
2015-04-04T06:15:02+00:00 DEBUG (7): Starting Order Import process for store: Retail (1)
2015-04-04T06:15:02+00:00 DEBUG (7): Starting Order Import process for store: Wholesale (2)
2015-04-04T06:30:02+00:00 DEBUG (7): Starting Order Import process for store: Admin (0)
2015-04-04T06:30:02+00:00 DEBUG (7): Starting Order Import process for store: International (3)
2015-04-04T06:30:02+00:00 DEBUG (7): Starting Order Import process for store: Retail (1)
2015-04-04T06:30:02+00:00 DEBUG (7): Starting Order Import process for store: Wholesale (2)
2015-04-04T06:45:02+00:00 DEBUG (7): Starting Order Import process for store: Admin (0)
2015-04-04T06:45:02+00:00 DEBUG (7): Starting Order Import process for store: International (3)
2015-04-04T06:45:02+00:00 DEBUG (7): Starting Order Import process for store: Retail (1)
2015-04-04T06:45:02+00:00 DEBUG (7): Starting Order Import process for store: Wholesale (2)
2015-04-04T07:10:12+00:00 DEBUG (7): Starting Order Import process for store: Admin (0)
2015-04-04T07:10:12+00:00 DEBUG (7): Starting Order Import process for store: International (3)
2015-04-04T07:10:12+00:00 DEBUG (7): Starting Order Import process for store: Retail (1)
2015-04-04T07:10:12+00:00 DEBUG (7): Starting Order Import process for store: Wholesale (2)
2015-04-04T07:15:02+00:00 DEBUG (7): Starting Order Import process for store: Admin (0)
2015-04-04T07:15:02+00:00 DEBUG (7): Starting Order Import process for store: International (3)
2015-04-04T07:15:02+00:00 DEBUG (7): Starting Order Import process for store: Retail (1)
2015-04-04T07:15:02+00:00 DEBUG (7): Starting Order Import process for store: Wholesale (2)
2015-04-04T07:30:02+00:00 DEBUG (7): Starting Order Import process for store: Admin (0)
2015-04-04T07:30:02+00:00 DEBUG (7): Starting Order Import process for store: International (3)
2015-04-04T07:30:02+00:00 DEBUG (7): Starting Order Import process for store: Retail (1)
2015-04-04T07:30:02+00:00 DEBUG (7): Starting Order Import process for store: Wholesale (2)
2015-04-04T07:45:02+00:00 DEBUG (7): Starting Order Import process for store: Admin (0)
2015-04-04T07:45:02+00:00 DEBUG (7): Starting Order Import process for store: International (3)
2015-04-04T07:45:02+00:00 DEBUG (7): Starting Order Import process for store: Retail (1)
2015-04-04T07:45:02+00:00 DEBUG (7): Starting Order Import process for store: Wholesale (2)
2015-04-04T08:00:28+00:00 DEBUG (7): Starting Order Import process for store: Admin (0)
2015-04-04T08:00:28+00:00 DEBUG (7): Starting Order Import process for store: International (3)
2015-04-04T08:00:28+00:00 DEBUG (7): Starting Order Import process for store: Retail (1)
2015-04-04T08:00:28+00:00 DEBUG (7): Starting Order Import process for store: Wholesale (2)
2015-04-04T08:15:02+00:00 DEBUG (7): Starting Order Import process for store: Admin (0)
2015-04-04T08:15:02+00:00 DEBUG (7): Starting Order Import process for store: International (3)
2015-04-04T08:15:02+00:00 DEBUG (7): Starting Order Import process for store: Retail (1)
2015-04-04T08:15:02+00:00 DEBUG (7): Starting Order Import process for store: Wholesale (2)
2015-04-04T08:30:02+00:00 DEBUG (7): Starting Order Import process for store: Admin (0)
2015-04-04T08:30:02+00:00 DEBUG (7): Starting Order Import process for store: International (3)
2015-04-04T08:30:02+00:00 DEBUG (7): Starting Order Import process for store: Retail (1)
2015-04-04T08:30:02+00:00 DEBUG (7): Starting Order Import process for store: Wholesale (2)
2015-04-04T08:45:02+00:00 DEBUG (7): Starting Order Import process for store: Admin (0)
2015-04-04T08:45:02+00:00 DEBUG (7): Starting Order Import process for store: International (3)
2015-04-04T08:45:02+00:00 DEBUG (7): Starting Order Import process for store: Retail (1)
2015-04-04T08:45:02+00:00 DEBUG (7): Starting Order Import process for store: Wholesale (2)
2015-04-04T09:05:07+00:00 DEBUG (7): Starting Order Import process for store: Admin (0)
2015-04-04T09:05:07+00:00 DEBUG (7): Starting Order Import process for store: International (3)
2015-04-04T09:05:07+00:00 DEBUG (7): Starting Order Import process for store: Retail (1)
2015-04-04T09:05:07+00:00 DEBUG (7): Starting Order Import process for store: Wholesale (2)
2015-04-04T09:15:02+00:00 DEBUG (7): Starting Order Import process for store: Admin (0)
2015-04-04T09:15:02+00:00 DEBUG (7): Starting Order Import process for store: International (3)
2015-04-04T09:15:02+00:00 DEBUG (7): Starting Order Import process for store: Retail (1)
2015-04-04T09:15:02+00:00 DEBUG (7): Starting Order Import process for store: Wholesale (2)
2015-04-04T09:30:03+00:00 DEBUG (7): Starting Order Import process for store: Admin (0)
2015-04-04T09:30:03+00:00 DEBUG (7): Starting Order Import process for store: International (3)
2015-04-04T09:30:03+00:00 DEBUG (7): Starting Order Import process for store: Retail (1)
2015-04-04T09:30:03+00:00 DEBUG (7): Starting Order Import process for store: Wholesale (2)
2015-04-04T09:45:02+00:00 DEBUG (7): Starting Order Import process for store: Admin (0)
2015-04-04T09:45:02+00:00 DEBUG (7): Starting Order Import process for store: International (3)
2015-04-04T09:45:02+00:00 DEBUG (7): Starting Order Import process for store: Retail (1)
2015-04-04T09:45:02+00:00 DEBUG (7): Starting Order Import process for store: Wholesale (2)
2015-04-04T10:00:02+00:00 DEBUG (7): Starting Order Import process for store: Admin (0)
2015-04-04T10:00:02+00:00 DEBUG (7): Starting Order Import process for store: International (3)
2015-04-04T10:00:02+00:00 DEBUG (7): Starting Order Import process for store: Retail (1)
2015-04-04T10:00:02+00:00 DEBUG (7): Starting Order Import process for store: Wholesale (2)
2015-04-04T10:15:02+00:00 DEBUG (7): Starting Order Import process for store: Admin (0)
2015-04-04T10:15:02+00:00 DEBUG (7): Starting Order Import process for store: International (3)
2015-04-04T10:15:02+00:00 DEBUG (7): Starting Order Import process for store: Retail (1)
2015-04-04T10:15:02+00:00 DEBUG (7): Starting Order Import process for store: Wholesale (2)
2015-04-04T10:30:02+00:00 DEBUG (7): Starting Order Import process for store: Admin (0)
2015-04-04T10:30:02+00:00 DEBUG (7): Starting Order Import process for store: International (3)
2015-04-04T10:30:02+00:00 DEBUG (7): Starting Order Import process for store: Retail (1)
2015-04-04T10:30:02+00:00 DEBUG (7): Starting Order Import process for store: Wholesale (2)
2015-04-04T10:45:02+00:00 DEBUG (7): Starting Order Import process for store: Admin (0)
2015-04-04T10:45:02+00:00 DEBUG (7): Starting Order Import process for store: International (3)
2015-04-04T10:45:02+00:00 DEBUG (7): Starting Order Import process for store: Retail (1)
2015-04-04T10:45:02+00:00 DEBUG (7): Starting Order Import process for store: Wholesale (2)
2015-04-04T11:00:02+00:00 DEBUG (7): Starting Order Import process for store: Admin (0)
2015-04-04T11:00:02+00:00 DEBUG (7): Starting Order Import process for store: International (3)
2015-04-04T11:00:02+00:00 DEBUG (7): Starting Order Import process for store: Retail (1)
2015-04-04T11:00:02+00:00 DEBUG (7): Starting Order Import process for store: Wholesale (2)
2015-04-04T11:15:02+00:00 DEBUG (7): Starting Order Import process for store: Admin (0)
2015-04-04T11:15:02+00:00 DEBUG (7): Starting Order Import process for store: International (3)
2015-04-04T11:15:02+00:00 DEBUG (7): Starting Order Import process for store: Retail (1)
2015-04-04T11:15:02+00:00 DEBUG (7): Starting Order Import process for store: Wholesale (2)
2015-04-04T11:35:02+00:00 DEBUG (7): Starting Order Import process for store: Admin (0)
2015-04-04T11:35:02+00:00 DEBUG (7): Starting Order Import process for store: International (3)
2015-04-04T11:35:02+00:00 DEBUG (7): Starting Order Import process for store: Retail (1)
2015-04-04T11:35:02+00:00 DEBUG (7): Starting Order Import process for store: Wholesale (2)
2015-04-04T11:45:02+00:00 DEBUG (7): Starting Order Import process for store: Admin (0)
2015-04-04T11:45:02+00:00 DEBUG (7): Starting Order Import process for store: International (3)
2015-04-04T11:45:02+00:00 DEBUG (7): Starting Order Import process for store: Retail (1)
2015-04-04T11:45:02+00:00 DEBUG (7): Starting Order Import process for store: Wholesale (2)
2015-04-04T12:00:05+00:00 DEBUG (7): Starting Order Import process for store: Admin (0)
2015-04-04T12:00:05+00:00 DEBUG (7): Starting Order Import process for store: International (3)
2015-04-04T12:00:05+00:00 DEBUG (7): Starting Order Import process for store: Retail (1)
2015-04-04T12:00:05+00:00 DEBUG (7): Starting Order Import process for store: Wholesale (2)
2015-04-04T12:15:02+00:00 DEBUG (7): Starting Order Import process for store: Admin (0)
2015-04-04T12:15:02+00:00 DEBUG (7): Starting Order Import process for store: International (3)
2015-04-04T12:15:02+00:00 DEBUG (7): Starting Order Import process for store: Retail (1)
2015-04-04T12:15:02+00:00 DEBUG (7): Starting Order Import process for store: Wholesale (2)
2015-04-04T12:30:02+00:00 DEBUG (7): Starting Order Import process for store: Admin (0)
2015-04-04T12:30:02+00:00 DEBUG (7): Starting Order Import process for store: International (3)
2015-04-04T12:30:02+00:00 DEBUG (7): Starting Order Import process for store: Retail (1)
2015-04-04T12:30:02+00:00 DEBUG (7): Starting Order Import process for store: Wholesale (2)
2015-04-04T12:45:02+00:00 DEBUG (7): Starting Order Import process for store: Admin (0)
2015-04-04T12:45:02+00:00 DEBUG (7): Starting Order Import process for store: International (3)
2015-04-04T12:45:02+00:00 DEBUG (7): Starting Order Import process for store: Retail (1)
2015-04-04T12:45:02+00:00 DEBUG (7): Starting Order Import process for store: Wholesale (2)
2015-04-04T13:00:02+00:00 DEBUG (7): Starting Order Import process for store: Admin (0)
2015-04-04T13:00:02+00:00 DEBUG (7): Starting Order Import process for store: International (3)
2015-04-04T13:00:02+00:00 DEBUG (7): Starting Order Import process for store: Retail (1)
2015-04-04T13:00:02+00:00 DEBUG (7): Starting Order Import process for store: Wholesale (2)
2015-04-04T13:15:02+00:00 DEBUG (7): Starting Order Import process for store: Admin (0)
2015-04-04T13:15:02+00:00 DEBUG (7): Starting Order Import process for store: International (3)
2015-04-04T13:15:02+00:00 DEBUG (7): Starting Order Import process for store: Retail (1)
2015-04-04T13:15:02+00:00 DEBUG (7): Starting Order Import process for store: Wholesale (2)
2015-04-04T13:30:02+00:00 DEBUG (7): Starting Order Import process for store: Admin (0)
2015-04-04T13:30:02+00:00 DEBUG (7): Starting Order Import process for store: International (3)
2015-04-04T13:30:02+00:00 DEBUG (7): Starting Order Import process for store: Retail (1)
2015-04-04T13:30:02+00:00 DEBUG (7): Starting Order Import process for store: Wholesale (2)
2015-04-04T13:50:02+00:00 DEBUG (7): Starting Order Import process for store: Admin (0)
2015-04-04T13:50:02+00:00 DEBUG (7): Starting Order Import process for store: International (3)
2015-04-04T13:50:02+00:00 DEBUG (7): Starting Order Import process for store: Retail (1)
2015-04-04T13:50:02+00:00 DEBUG (7): Starting Order Import process for store: Wholesale (2)
2015-04-04T14:00:02+00:00 DEBUG (7): Starting Order Import process for store: Admin (0)
2015-04-04T14:00:02+00:00 DEBUG (7): Starting Order Import process for store: International (3)
2015-04-04T14:00:02+00:00 DEBUG (7): Starting Order Import process for store: Retail (1)
2015-04-04T14:00:02+00:00 DEBUG (7): Starting Order Import process for store: Wholesale (2)
2015-04-04T14:15:02+00:00 DEBUG (7): Starting Order Import process for store: Admin (0)
2015-04-04T14:15:02+00:00 DEBUG (7): Starting Order Import process for store: International (3)
2015-04-04T14:15:02+00:00 DEBUG (7): Starting Order Import process for store: Retail (1)
2015-04-04T14:15:02+00:00 DEBUG (7): Starting Order Import process for store: Wholesale (2)
2015-04-04T14:30:02+00:00 DEBUG (7): Starting Order Import process for store: Admin (0)
2015-04-04T14:30:02+00:00 DEBUG (7): Starting Order Import process for store: International (3)
2015-04-04T14:30:02+00:00 DEBUG (7): Starting Order Import process for store: Retail (1)
2015-04-04T14:30:02+00:00 DEBUG (7):  Importing: New, Pending Payment, Processing, Complete, Payment Review
2015-04-04T14:30:02+00:00 DEBUG (7):   Deleting: Closed, Canceled, On Hold
2015-04-04T14:30:02+00:00 DEBUG (7):   Processing Order ID: 41095 	 #200034048
2015-04-04T14:30:03+00:00 DEBUG (7):   Processing Order ID: 41094 	 #200034047
2015-04-04T14:30:05+00:00 DEBUG (7):   Flush resulted in 2 orders processed
2015-04-04T14:30:05+00:00 DEBUG (7):   Success: 2
2015-04-04T14:30:05+00:00 DEBUG (7):   Error:   0
2015-04-04T14:30:05+00:00 DEBUG (7):   Total:   2
2015-04-04T14:30:05+00:00 DEBUG (7): Starting Order Import process for store: Wholesale (2)
2015-04-04T14:45:02+00:00 DEBUG (7): Starting Order Import process for store: Admin (0)
2015-04-04T14:45:02+00:00 DEBUG (7): Starting Order Import process for store: International (3)
2015-04-04T14:45:02+00:00 DEBUG (7): Starting Order Import process for store: Retail (1)
2015-04-04T14:45:02+00:00 DEBUG (7): Starting Order Import process for store: Wholesale (2)
2015-04-04T15:00:02+00:00 DEBUG (7): Starting Order Import process for store: Admin (0)
2015-04-04T15:00:02+00:00 DEBUG (7): Starting Order Import process for store: International (3)
2015-04-04T15:00:02+00:00 DEBUG (7): Starting Order Import process for store: Retail (1)
2015-04-04T15:00:02+00:00 DEBUG (7): Starting Order Import process for store: Wholesale (2)
2015-04-04T15:15:02+00:00 DEBUG (7): Starting Order Import process for store: Admin (0)
2015-04-04T15:15:02+00:00 DEBUG (7): Starting Order Import process for store: International (3)
2015-04-04T15:15:02+00:00 DEBUG (7): Starting Order Import process for store: Retail (1)
2015-04-04T15:15:02+00:00 DEBUG (7): Starting Order Import process for store: Wholesale (2)
2015-04-04T15:30:03+00:00 DEBUG (7): Starting Order Import process for store: Admin (0)
2015-04-04T15:30:03+00:00 DEBUG (7): Starting Order Import process for store: International (3)
2015-04-04T15:30:03+00:00 DEBUG (7): Starting Order Import process for store: Retail (1)
2015-04-04T15:30:03+00:00 DEBUG (7): Starting Order Import process for store: Wholesale (2)
2015-04-04T15:45:02+00:00 DEBUG (7): Starting Order Import process for store: Admin (0)
2015-04-04T15:45:02+00:00 DEBUG (7): Starting Order Import process for store: International (3)
2015-04-04T15:45:02+00:00 DEBUG (7): Starting Order Import process for store: Retail (1)
2015-04-04T15:45:02+00:00 DEBUG (7): Starting Order Import process for store: Wholesale (2)
2015-04-04T16:00:02+00:00 DEBUG (7): Starting Order Import process for store: Admin (0)
2015-04-04T16:00:02+00:00 DEBUG (7): Starting Order Import process for store: International (3)
2015-04-04T16:00:02+00:00 DEBUG (7): Starting Order Import process for store: Retail (1)
2015-04-04T16:00:02+00:00 DEBUG (7): Starting Order Import process for store: Wholesale (2)
2015-04-04T16:15:02+00:00 DEBUG (7): Starting Order Import process for store: Admin (0)
2015-04-04T16:15:02+00:00 DEBUG (7): Starting Order Import process for store: International (3)
2015-04-04T16:15:02+00:00 DEBUG (7): Starting Order Import process for store: Retail (1)
2015-04-04T16:15:02+00:00 DEBUG (7): Starting Order Import process for store: Wholesale (2)
2015-04-04T16:35:02+00:00 DEBUG (7): Starting Order Import process for store: Admin (0)
2015-04-04T16:35:02+00:00 DEBUG (7): Starting Order Import process for store: International (3)
2015-04-04T16:35:02+00:00 DEBUG (7): Starting Order Import process for store: Retail (1)
2015-04-04T16:35:02+00:00 DEBUG (7): Starting Order Import process for store: Wholesale (2)
2015-04-04T16:45:02+00:00 DEBUG (7): Starting Order Import process for store: Admin (0)
2015-04-04T16:45:02+00:00 DEBUG (7): Starting Order Import process for store: International (3)
2015-04-04T16:45:02+00:00 DEBUG (7): Starting Order Import process for store: Retail (1)
2015-04-04T16:45:02+00:00 DEBUG (7): Starting Order Import process for store: Wholesale (2)
2015-04-04T17:00:03+00:00 DEBUG (7): Starting Order Import process for store: Admin (0)
2015-04-04T17:00:03+00:00 DEBUG (7): Starting Order Import process for store: International (3)
2015-04-04T17:00:03+00:00 DEBUG (7): Starting Order Import process for store: Retail (1)
2015-04-04T17:00:03+00:00 DEBUG (7): Starting Order Import process for store: Wholesale (2)
2015-04-04T17:15:02+00:00 DEBUG (7): Starting Order Import process for store: Admin (0)
2015-04-04T17:15:02+00:00 DEBUG (7): Starting Order Import process for store: International (3)
2015-04-04T17:15:02+00:00 DEBUG (7): Starting Order Import process for store: Retail (1)
2015-04-04T17:15:02+00:00 DEBUG (7): Starting Order Import process for store: Wholesale (2)
2015-04-04T17:30:02+00:00 DEBUG (7): Starting Order Import process for store: Admin (0)
2015-04-04T17:30:03+00:00 DEBUG (7): Starting Order Import process for store: International (3)
2015-04-04T17:30:03+00:00 DEBUG (7): Starting Order Import process for store: Retail (1)
2015-04-04T17:30:03+00:00 DEBUG (7): Starting Order Import process for store: Wholesale (2)
2015-04-04T17:45:02+00:00 DEBUG (7): Starting Order Import process for store: Admin (0)
2015-04-04T17:45:02+00:00 DEBUG (7): Starting Order Import process for store: International (3)
2015-04-04T17:45:02+00:00 DEBUG (7): Starting Order Import process for store: Retail (1)
2015-04-04T17:45:02+00:00 DEBUG (7): Starting Order Import process for store: Wholesale (2)
2015-04-04T18:00:02+00:00 DEBUG (7): Starting Order Import process for store: Admin (0)
2015-04-04T18:00:02+00:00 DEBUG (7): Starting Order Import process for store: International (3)
2015-04-04T18:00:02+00:00 DEBUG (7): Starting Order Import process for store: Retail (1)
2015-04-04T18:00:02+00:00 DEBUG (7): Starting Order Import process for store: Wholesale (2)
2015-04-04T18:15:02+00:00 DEBUG (7): Starting Order Import process for store: Admin (0)
2015-04-04T18:15:02+00:00 DEBUG (7): Starting Order Import process for store: International (3)
2015-04-04T18:15:02+00:00 DEBUG (7): Starting Order Import process for store: Retail (1)
2015-04-04T18:15:02+00:00 DEBUG (7): Starting Order Import process for store: Wholesale (2)
2015-04-04T18:35:02+00:00 DEBUG (7): Starting Order Import process for store: Admin (0)
2015-04-04T18:35:02+00:00 DEBUG (7): Starting Order Import process for store: International (3)
2015-04-04T18:35:02+00:00 DEBUG (7): Starting Order Import process for store: Retail (1)
2015-04-04T18:35:02+00:00 DEBUG (7): Starting Order Import process for store: Wholesale (2)
2015-04-04T18:45:02+00:00 DEBUG (7): Starting Order Import process for store: Admin (0)
2015-04-04T18:45:02+00:00 DEBUG (7): Starting Order Import process for store: International (3)
2015-04-04T18:45:02+00:00 DEBUG (7): Starting Order Import process for store: Retail (1)
2015-04-04T18:45:02+00:00 DEBUG (7): Starting Order Import process for store: Wholesale (2)
2015-04-04T19:00:02+00:00 DEBUG (7): Starting Order Import process for store: Admin (0)
2015-04-04T19:00:02+00:00 DEBUG (7): Starting Order Import process for store: International (3)
2015-04-04T19:00:02+00:00 DEBUG (7): Starting Order Import process for store: Retail (1)
2015-04-04T19:00:02+00:00 DEBUG (7): Starting Order Import process for store: Wholesale (2)
2015-04-04T19:15:02+00:00 DEBUG (7): Starting Order Import process for store: Admin (0)
2015-04-04T19:15:02+00:00 DEBUG (7): Starting Order Import process for store: International (3)
2015-04-04T19:15:02+00:00 DEBUG (7): Starting Order Import process for store: Retail (1)
2015-04-04T19:15:02+00:00 DEBUG (7): Starting Order Import process for store: Wholesale (2)
2015-04-04T19:30:02+00:00 DEBUG (7): Starting Order Import process for store: Admin (0)
2015-04-04T19:30:02+00:00 DEBUG (7): Starting Order Import process for store: International (3)
2015-04-04T19:30:02+00:00 DEBUG (7): Starting Order Import process for store: Retail (1)
2015-04-04T19:30:02+00:00 DEBUG (7): Starting Order Import process for store: Wholesale (2)
2015-04-04T19:45:02+00:00 DEBUG (7): Starting Order Import process for store: Admin (0)
2015-04-04T19:45:02+00:00 DEBUG (7): Starting Order Import process for store: International (3)
2015-04-04T19:45:02+00:00 DEBUG (7): Starting Order Import process for store: Retail (1)
2015-04-04T19:45:02+00:00 DEBUG (7): Starting Order Import process for store: Wholesale (2)
2015-04-04T20:00:02+00:00 DEBUG (7): Starting Order Import process for store: Admin (0)
2015-04-04T20:00:02+00:00 DEBUG (7): Starting Order Import process for store: International (3)
2015-04-04T20:00:02+00:00 DEBUG (7): Starting Order Import process for store: Retail (1)
2015-04-04T20:00:02+00:00 DEBUG (7): Starting Order Import process for store: Wholesale (2)
2015-04-04T20:15:02+00:00 DEBUG (7): Starting Order Import process for store: Admin (0)
2015-04-04T20:15:02+00:00 DEBUG (7): Starting Order Import process for store: International (3)
2015-04-04T20:15:02+00:00 DEBUG (7): Starting Order Import process for store: Retail (1)
2015-04-04T20:15:02+00:00 DEBUG (7): Starting Order Import process for store: Wholesale (2)
2015-04-04T20:30:02+00:00 DEBUG (7): Starting Order Import process for store: Admin (0)
2015-04-04T20:30:02+00:00 DEBUG (7): Starting Order Import process for store: International (3)
2015-04-04T20:30:02+00:00 DEBUG (7): Starting Order Import process for store: Retail (1)
2015-04-04T20:30:02+00:00 DEBUG (7): Starting Order Import process for store: Wholesale (2)
2015-04-04T20:45:02+00:00 DEBUG (7): Starting Order Import process for store: Admin (0)
2015-04-04T20:45:02+00:00 DEBUG (7): Starting Order Import process for store: International (3)
2015-04-04T20:45:02+00:00 DEBUG (7): Starting Order Import process for store: Retail (1)
2015-04-04T20:45:02+00:00 DEBUG (7): Starting Order Import process for store: Wholesale (2)
2015-04-04T21:00:02+00:00 DEBUG (7): Starting Order Import process for store: Admin (0)
2015-04-04T21:00:03+00:00 DEBUG (7): Starting Order Import process for store: International (3)
2015-04-04T21:00:03+00:00 DEBUG (7): Starting Order Import process for store: Retail (1)
2015-04-04T21:00:03+00:00 DEBUG (7):  Importing: New, Pending Payment, Processing, Complete, Payment Review
2015-04-04T21:00:03+00:00 DEBUG (7):   Deleting: Closed, Canceled, On Hold
2015-04-04T21:00:03+00:00 DEBUG (7):   Processing Order ID: 41097 	 #200034050
2015-04-04T21:00:03+00:00 DEBUG (7):   Processing Order ID: 41096 	 #200034049
2015-04-04T21:00:04+00:00 DEBUG (7):   Flush resulted in 2 orders processed
2015-04-04T21:00:04+00:00 DEBUG (7):   Success: 2
2015-04-04T21:00:04+00:00 DEBUG (7):   Error:   0
2015-04-04T21:00:04+00:00 DEBUG (7):   Total:   2
2015-04-04T21:00:04+00:00 DEBUG (7): Starting Order Import process for store: Wholesale (2)
2015-04-04T21:15:02+00:00 DEBUG (7): Starting Order Import process for store: Admin (0)
2015-04-04T21:15:02+00:00 DEBUG (7): Starting Order Import process for store: International (3)
2015-04-04T21:15:02+00:00 DEBUG (7): Starting Order Import process for store: Retail (1)
2015-04-04T21:15:02+00:00 DEBUG (7): Starting Order Import process for store: Wholesale (2)
2015-04-04T21:30:03+00:00 DEBUG (7): Starting Order Import process for store: Admin (0)
2015-04-04T21:30:03+00:00 DEBUG (7): Starting Order Import process for store: International (3)
2015-04-04T21:30:03+00:00 DEBUG (7): Starting Order Import process for store: Retail (1)
2015-04-04T21:30:03+00:00 DEBUG (7): Starting Order Import process for store: Wholesale (2)
2015-04-04T21:45:02+00:00 DEBUG (7): Starting Order Import process for store: Admin (0)
2015-04-04T21:45:02+00:00 DEBUG (7): Starting Order Import process for store: International (3)
2015-04-04T21:45:02+00:00 DEBUG (7): Starting Order Import process for store: Retail (1)
2015-04-04T21:45:02+00:00 DEBUG (7): Starting Order Import process for store: Wholesale (2)
2015-04-04T22:00:02+00:00 DEBUG (7): Starting Order Import process for store: Admin (0)
2015-04-04T22:00:02+00:00 DEBUG (7): Starting Order Import process for store: International (3)
2015-04-04T22:00:02+00:00 DEBUG (7): Starting Order Import process for store: Retail (1)
2015-04-04T22:00:02+00:00 DEBUG (7): Starting Order Import process for store: Wholesale (2)
2015-04-04T22:15:02+00:00 DEBUG (7): Starting Order Import process for store: Admin (0)
2015-04-04T22:15:02+00:00 DEBUG (7): Starting Order Import process for store: International (3)
2015-04-04T22:15:02+00:00 DEBUG (7): Starting Order Import process for store: Retail (1)
2015-04-04T22:15:02+00:00 DEBUG (7): Starting Order Import process for store: Wholesale (2)
2015-04-04T22:35:02+00:00 DEBUG (7): Starting Order Import process for store: Admin (0)
2015-04-04T22:35:02+00:00 DEBUG (7): Starting Order Import process for store: International (3)
2015-04-04T22:35:02+00:00 DEBUG (7): Starting Order Import process for store: Retail (1)
2015-04-04T22:35:02+00:00 DEBUG (7): Starting Order Import process for store: Wholesale (2)
2015-04-04T22:45:02+00:00 DEBUG (7): Starting Order Import process for store: Admin (0)
2015-04-04T22:45:02+00:00 DEBUG (7): Starting Order Import process for store: International (3)
2015-04-04T22:45:02+00:00 DEBUG (7): Starting Order Import process for store: Retail (1)
2015-04-04T22:45:02+00:00 DEBUG (7): Starting Order Import process for store: Wholesale (2)
2015-04-04T23:00:02+00:00 DEBUG (7): Starting Order Import process for store: Admin (0)
2015-04-04T23:00:02+00:00 DEBUG (7): Starting Order Import process for store: International (3)
2015-04-04T23:00:02+00:00 DEBUG (7): Starting Order Import process for store: Retail (1)
2015-04-04T23:00:02+00:00 DEBUG (7): Starting Order Import process for store: Wholesale (2)
2015-04-04T23:15:02+00:00 DEBUG (7): Starting Order Import process for store: Admin (0)
2015-04-04T23:15:02+00:00 DEBUG (7): Starting Order Import process for store: International (3)
2015-04-04T23:15:02+00:00 DEBUG (7): Starting Order Import process for store: Retail (1)
2015-04-04T23:15:02+00:00 DEBUG (7): Starting Order Import process for store: Wholesale (2)
2015-04-04T23:30:02+00:00 DEBUG (7): Starting Order Import process for store: Admin (0)
2015-04-04T23:30:02+00:00 DEBUG (7): Starting Order Import process for store: International (3)
2015-04-04T23:30:02+00:00 DEBUG (7): Starting Order Import process for store: Retail (1)
2015-04-04T23:30:02+00:00 DEBUG (7): Starting Order Import process for store: Wholesale (2)
2015-04-04T23:45:02+00:00 DEBUG (7): Starting Order Import process for store: Admin (0)
2015-04-04T23:45:02+00:00 DEBUG (7): Starting Order Import process for store: International (3)
2015-04-04T23:45:02+00:00 DEBUG (7): Starting Order Import process for store: Retail (1)
2015-04-04T23:45:02+00:00 DEBUG (7): Starting Order Import process for store: Wholesale (2)
