2015-04-16T00:00:02+00:00 DEBUG (7): Starting Order Import process for store: Admin (0)
2015-04-16T00:00:02+00:00 DEBUG (7): Starting Order Import process for store: International (3)
2015-04-16T00:00:02+00:00 DEBUG (7): Starting Order Import process for store: Retail (1)
2015-04-16T00:00:02+00:00 DEBUG (7): Starting Order Import process for store: Wholesale (2)
2015-04-16T00:15:02+00:00 DEBUG (7): Starting Order Import process for store: Admin (0)
2015-04-16T00:15:02+00:00 DEBUG (7): Starting Order Import process for store: International (3)
2015-04-16T00:15:02+00:00 DEBUG (7): Starting Order Import process for store: Retail (1)
2015-04-16T00:15:02+00:00 DEBUG (7): Starting Order Import process for store: Wholesale (2)
2015-04-16T00:30:02+00:00 DEBUG (7): Starting Order Import process for store: Admin (0)
2015-04-16T00:30:02+00:00 DEBUG (7): Starting Order Import process for store: International (3)
2015-04-16T00:30:02+00:00 DEBUG (7): Starting Order Import process for store: Retail (1)
2015-04-16T00:30:02+00:00 DEBUG (7): Starting Order Import process for store: Wholesale (2)
2015-04-16T00:45:02+00:00 DEBUG (7): Starting Order Import process for store: Admin (0)
2015-04-16T00:45:02+00:00 DEBUG (7): Starting Order Import process for store: International (3)
2015-04-16T00:45:02+00:00 DEBUG (7): Starting Order Import process for store: Retail (1)
2015-04-16T00:45:02+00:00 DEBUG (7): Starting Order Import process for store: Wholesale (2)
2015-04-16T01:00:02+00:00 DEBUG (7): Starting Order Import process for store: Admin (0)
2015-04-16T01:00:02+00:00 DEBUG (7): Starting Order Import process for store: International (3)
2015-04-16T01:00:02+00:00 DEBUG (7): Starting Order Import process for store: Retail (1)
2015-04-16T01:00:02+00:00 DEBUG (7): Starting Order Import process for store: Wholesale (2)
2015-04-16T01:15:02+00:00 DEBUG (7): Starting Order Import process for store: Admin (0)
2015-04-16T01:15:02+00:00 DEBUG (7): Starting Order Import process for store: International (3)
2015-04-16T01:15:02+00:00 DEBUG (7): Starting Order Import process for store: Retail (1)
2015-04-16T01:15:02+00:00 DEBUG (7): Starting Order Import process for store: Wholesale (2)
2015-04-16T01:35:02+00:00 DEBUG (7): Starting Order Import process for store: Admin (0)
2015-04-16T01:35:02+00:00 DEBUG (7): Starting Order Import process for store: International (3)
2015-04-16T01:35:02+00:00 DEBUG (7): Starting Order Import process for store: Retail (1)
2015-04-16T01:35:02+00:00 DEBUG (7): Starting Order Import process for store: Wholesale (2)
2015-04-16T01:45:02+00:00 DEBUG (7): Starting Order Import process for store: Admin (0)
2015-04-16T01:45:02+00:00 DEBUG (7): Starting Order Import process for store: International (3)
2015-04-16T01:45:02+00:00 DEBUG (7): Starting Order Import process for store: Retail (1)
2015-04-16T01:45:02+00:00 DEBUG (7):  Importing: New, Pending Payment, Processing, Complete, Payment Review
2015-04-16T01:45:02+00:00 DEBUG (7):   Deleting: Closed, Canceled, On Hold
2015-04-16T01:45:02+00:00 DEBUG (7):   Processing Order ID: 41381 	 #200034217
2015-04-16T01:45:04+00:00 DEBUG (7):   Flush resulted in 1 orders processed
2015-04-16T01:45:04+00:00 DEBUG (7):   Success: 1
2015-04-16T01:45:04+00:00 DEBUG (7):   Error:   0
2015-04-16T01:45:04+00:00 DEBUG (7):   Total:   1
2015-04-16T01:45:04+00:00 DEBUG (7): Starting Order Import process for store: Wholesale (2)
2015-04-16T02:00:02+00:00 DEBUG (7): Starting Order Import process for store: Admin (0)
2015-04-16T02:00:02+00:00 DEBUG (7): Starting Order Import process for store: International (3)
2015-04-16T02:00:02+00:00 DEBUG (7): Starting Order Import process for store: Retail (1)
2015-04-16T02:00:02+00:00 DEBUG (7): Starting Order Import process for store: Wholesale (2)
2015-04-16T02:15:03+00:00 DEBUG (7): Starting Order Import process for store: Admin (0)
2015-04-16T02:15:03+00:00 DEBUG (7): Starting Order Import process for store: International (3)
2015-04-16T02:15:03+00:00 DEBUG (7): Starting Order Import process for store: Retail (1)
2015-04-16T02:15:03+00:00 DEBUG (7): Starting Order Import process for store: Wholesale (2)
2015-04-16T02:30:02+00:00 DEBUG (7): Starting Order Import process for store: Admin (0)
2015-04-16T02:30:02+00:00 DEBUG (7): Starting Order Import process for store: International (3)
2015-04-16T02:30:02+00:00 DEBUG (7): Starting Order Import process for store: Retail (1)
2015-04-16T02:30:02+00:00 DEBUG (7):  Importing: New, Pending Payment, Processing, Complete, Payment Review
2015-04-16T02:30:02+00:00 DEBUG (7):   Deleting: Closed, Canceled, On Hold
2015-04-16T02:30:02+00:00 DEBUG (7):   Processing Order ID: 41382 	 #200034218
2015-04-16T02:30:07+00:00 DEBUG (7):   Flush resulted in 1 orders processed
2015-04-16T02:30:07+00:00 DEBUG (7):   Success: 1
2015-04-16T02:30:07+00:00 DEBUG (7):   Error:   0
2015-04-16T02:30:07+00:00 DEBUG (7):   Total:   1
2015-04-16T02:30:07+00:00 DEBUG (7): Starting Order Import process for store: Wholesale (2)
2015-04-16T02:45:03+00:00 DEBUG (7): Starting Order Import process for store: Admin (0)
2015-04-16T02:45:03+00:00 DEBUG (7): Starting Order Import process for store: International (3)
2015-04-16T02:45:03+00:00 DEBUG (7): Starting Order Import process for store: Retail (1)
2015-04-16T02:45:03+00:00 DEBUG (7): Starting Order Import process for store: Wholesale (2)
2015-04-16T03:00:02+00:00 DEBUG (7): Starting Order Import process for store: Admin (0)
2015-04-16T03:00:02+00:00 DEBUG (7): Starting Order Import process for store: International (3)
2015-04-16T03:00:02+00:00 DEBUG (7): Starting Order Import process for store: Retail (1)
2015-04-16T03:00:02+00:00 DEBUG (7): Starting Order Import process for store: Wholesale (2)
2015-04-16T03:15:02+00:00 DEBUG (7): Starting Order Import process for store: Admin (0)
2015-04-16T03:15:02+00:00 DEBUG (7): Starting Order Import process for store: International (3)
2015-04-16T03:15:02+00:00 DEBUG (7): Starting Order Import process for store: Retail (1)
2015-04-16T03:15:02+00:00 DEBUG (7): Starting Order Import process for store: Wholesale (2)
2015-04-16T03:35:02+00:00 DEBUG (7): Starting Order Import process for store: Admin (0)
2015-04-16T03:35:02+00:00 DEBUG (7): Starting Order Import process for store: International (3)
2015-04-16T03:35:02+00:00 DEBUG (7): Starting Order Import process for store: Retail (1)
2015-04-16T03:35:02+00:00 DEBUG (7): Starting Order Import process for store: Wholesale (2)
2015-04-16T03:45:02+00:00 DEBUG (7): Starting Order Import process for store: Admin (0)
2015-04-16T03:45:02+00:00 DEBUG (7): Starting Order Import process for store: International (3)
2015-04-16T03:45:02+00:00 DEBUG (7): Starting Order Import process for store: Retail (1)
2015-04-16T03:45:02+00:00 DEBUG (7): Starting Order Import process for store: Wholesale (2)
2015-04-16T04:00:02+00:00 DEBUG (7): Starting Order Import process for store: Admin (0)
2015-04-16T04:00:02+00:00 DEBUG (7): Starting Order Import process for store: International (3)
2015-04-16T04:00:02+00:00 DEBUG (7): Starting Order Import process for store: Retail (1)
2015-04-16T04:00:02+00:00 DEBUG (7): Starting Order Import process for store: Wholesale (2)
2015-04-16T04:15:02+00:00 DEBUG (7): Starting Order Import process for store: Admin (0)
2015-04-16T04:15:02+00:00 DEBUG (7): Starting Order Import process for store: International (3)
2015-04-16T04:15:02+00:00 DEBUG (7): Starting Order Import process for store: Retail (1)
2015-04-16T04:15:02+00:00 DEBUG (7): Starting Order Import process for store: Wholesale (2)
2015-04-16T04:30:02+00:00 DEBUG (7): Starting Order Import process for store: Admin (0)
2015-04-16T04:30:02+00:00 DEBUG (7): Starting Order Import process for store: International (3)
2015-04-16T04:30:02+00:00 DEBUG (7): Starting Order Import process for store: Retail (1)
2015-04-16T04:30:02+00:00 DEBUG (7): Starting Order Import process for store: Wholesale (2)
2015-04-16T04:45:02+00:00 DEBUG (7): Starting Order Import process for store: Admin (0)
2015-04-16T04:45:02+00:00 DEBUG (7): Starting Order Import process for store: International (3)
2015-04-16T04:45:02+00:00 DEBUG (7): Starting Order Import process for store: Retail (1)
2015-04-16T04:45:02+00:00 DEBUG (7): Starting Order Import process for store: Wholesale (2)
2015-04-16T05:00:02+00:00 DEBUG (7): Starting Order Import process for store: Admin (0)
2015-04-16T05:00:02+00:00 DEBUG (7): Starting Order Import process for store: International (3)
2015-04-16T05:00:02+00:00 DEBUG (7): Starting Order Import process for store: Retail (1)
2015-04-16T05:00:02+00:00 DEBUG (7): Starting Order Import process for store: Wholesale (2)
2015-04-16T05:15:03+00:00 DEBUG (7): Starting Order Import process for store: Admin (0)
2015-04-16T05:15:03+00:00 DEBUG (7): Starting Order Import process for store: International (3)
2015-04-16T05:15:03+00:00 DEBUG (7): Starting Order Import process for store: Retail (1)
2015-04-16T05:15:03+00:00 DEBUG (7): Starting Order Import process for store: Wholesale (2)
2015-04-16T05:30:02+00:00 DEBUG (7): Starting Order Import process for store: Admin (0)
2015-04-16T05:30:02+00:00 DEBUG (7): Starting Order Import process for store: International (3)
2015-04-16T05:30:02+00:00 DEBUG (7): Starting Order Import process for store: Retail (1)
2015-04-16T05:30:02+00:00 DEBUG (7): Starting Order Import process for store: Wholesale (2)
2015-04-16T05:45:02+00:00 DEBUG (7): Starting Order Import process for store: Admin (0)
2015-04-16T05:45:02+00:00 DEBUG (7): Starting Order Import process for store: International (3)
2015-04-16T05:45:02+00:00 DEBUG (7): Starting Order Import process for store: Retail (1)
2015-04-16T05:45:02+00:00 DEBUG (7): Starting Order Import process for store: Wholesale (2)
2015-04-16T06:00:02+00:00 DEBUG (7): Starting Order Import process for store: Admin (0)
2015-04-16T06:00:02+00:00 DEBUG (7): Starting Order Import process for store: International (3)
2015-04-16T06:00:02+00:00 DEBUG (7): Starting Order Import process for store: Retail (1)
2015-04-16T06:00:02+00:00 DEBUG (7): Starting Order Import process for store: Wholesale (2)
2015-04-16T06:20:02+00:00 DEBUG (7): Starting Order Import process for store: Admin (0)
2015-04-16T06:20:02+00:00 DEBUG (7): Starting Order Import process for store: International (3)
2015-04-16T06:20:02+00:00 DEBUG (7): Starting Order Import process for store: Retail (1)
2015-04-16T06:20:02+00:00 DEBUG (7): Starting Order Import process for store: Wholesale (2)
2015-04-16T06:30:02+00:00 DEBUG (7): Starting Order Import process for store: Admin (0)
2015-04-16T06:30:02+00:00 DEBUG (7): Starting Order Import process for store: International (3)
2015-04-16T06:30:02+00:00 DEBUG (7): Starting Order Import process for store: Retail (1)
2015-04-16T06:30:02+00:00 DEBUG (7): Starting Order Import process for store: Wholesale (2)
2015-04-16T06:45:02+00:00 DEBUG (7): Starting Order Import process for store: Admin (0)
2015-04-16T06:45:02+00:00 DEBUG (7): Starting Order Import process for store: International (3)
2015-04-16T06:45:02+00:00 DEBUG (7): Starting Order Import process for store: Retail (1)
2015-04-16T06:45:02+00:00 DEBUG (7): Starting Order Import process for store: Wholesale (2)
2015-04-16T07:05:14+00:00 DEBUG (7): Starting Order Import process for store: Admin (0)
2015-04-16T07:05:14+00:00 DEBUG (7): Starting Order Import process for store: International (3)
2015-04-16T07:05:14+00:00 DEBUG (7): Starting Order Import process for store: Retail (1)
2015-04-16T07:05:14+00:00 DEBUG (7): Starting Order Import process for store: Wholesale (2)
2015-04-16T07:15:02+00:00 DEBUG (7): Starting Order Import process for store: Admin (0)
2015-04-16T07:15:02+00:00 DEBUG (7): Starting Order Import process for store: International (3)
2015-04-16T07:15:02+00:00 DEBUG (7): Starting Order Import process for store: Retail (1)
2015-04-16T07:15:02+00:00 DEBUG (7): Starting Order Import process for store: Wholesale (2)
2015-04-16T07:30:02+00:00 DEBUG (7): Starting Order Import process for store: Admin (0)
2015-04-16T07:30:02+00:00 DEBUG (7): Starting Order Import process for store: International (3)
2015-04-16T07:30:02+00:00 DEBUG (7): Starting Order Import process for store: Retail (1)
2015-04-16T07:30:02+00:00 DEBUG (7): Starting Order Import process for store: Wholesale (2)
2015-04-16T07:45:02+00:00 DEBUG (7): Starting Order Import process for store: Admin (0)
2015-04-16T07:45:02+00:00 DEBUG (7): Starting Order Import process for store: International (3)
2015-04-16T07:45:02+00:00 DEBUG (7): Starting Order Import process for store: Retail (1)
2015-04-16T07:45:02+00:00 DEBUG (7): Starting Order Import process for store: Wholesale (2)
2015-04-16T08:00:31+00:00 DEBUG (7): Starting Order Import process for store: Admin (0)
2015-04-16T08:00:31+00:00 DEBUG (7): Starting Order Import process for store: International (3)
2015-04-16T08:00:31+00:00 DEBUG (7): Starting Order Import process for store: Retail (1)
2015-04-16T08:00:31+00:00 DEBUG (7): Starting Order Import process for store: Wholesale (2)
2015-04-16T08:15:02+00:00 DEBUG (7): Starting Order Import process for store: Admin (0)
2015-04-16T08:15:02+00:00 DEBUG (7): Starting Order Import process for store: International (3)
2015-04-16T08:15:02+00:00 DEBUG (7): Starting Order Import process for store: Retail (1)
2015-04-16T08:15:02+00:00 DEBUG (7): Starting Order Import process for store: Wholesale (2)
2015-04-16T08:30:02+00:00 DEBUG (7): Starting Order Import process for store: Admin (0)
2015-04-16T08:30:02+00:00 DEBUG (7): Starting Order Import process for store: International (3)
2015-04-16T08:30:02+00:00 DEBUG (7): Starting Order Import process for store: Retail (1)
2015-04-16T08:30:02+00:00 DEBUG (7): Starting Order Import process for store: Wholesale (2)
2015-04-16T08:45:02+00:00 DEBUG (7): Starting Order Import process for store: Admin (0)
2015-04-16T08:45:02+00:00 DEBUG (7): Starting Order Import process for store: International (3)
2015-04-16T08:45:02+00:00 DEBUG (7): Starting Order Import process for store: Retail (1)
2015-04-16T08:45:02+00:00 DEBUG (7): Starting Order Import process for store: Wholesale (2)
2015-04-16T09:00:07+00:00 DEBUG (7): Starting Order Import process for store: Admin (0)
2015-04-16T09:00:07+00:00 DEBUG (7): Starting Order Import process for store: International (3)
2015-04-16T09:00:07+00:00 DEBUG (7): Starting Order Import process for store: Retail (1)
2015-04-16T09:00:07+00:00 DEBUG (7): Starting Order Import process for store: Wholesale (2)
2015-04-16T09:20:02+00:00 DEBUG (7): Starting Order Import process for store: Admin (0)
2015-04-16T09:20:02+00:00 DEBUG (7): Starting Order Import process for store: International (3)
2015-04-16T09:20:02+00:00 DEBUG (7): Starting Order Import process for store: Retail (1)
2015-04-16T09:20:02+00:00 DEBUG (7): Starting Order Import process for store: Wholesale (2)
2015-04-16T09:30:03+00:00 DEBUG (7): Starting Order Import process for store: Admin (0)
2015-04-16T09:30:03+00:00 DEBUG (7): Starting Order Import process for store: International (3)
2015-04-16T09:30:03+00:00 DEBUG (7): Starting Order Import process for store: Retail (1)
2015-04-16T09:30:03+00:00 DEBUG (7): Starting Order Import process for store: Wholesale (2)
2015-04-16T09:45:02+00:00 DEBUG (7): Starting Order Import process for store: Admin (0)
2015-04-16T09:45:02+00:00 DEBUG (7): Starting Order Import process for store: International (3)
2015-04-16T09:45:02+00:00 DEBUG (7): Starting Order Import process for store: Retail (1)
2015-04-16T09:45:02+00:00 DEBUG (7): Starting Order Import process for store: Wholesale (2)
2015-04-16T10:00:03+00:00 DEBUG (7): Starting Order Import process for store: Admin (0)
2015-04-16T10:00:03+00:00 DEBUG (7): Starting Order Import process for store: International (3)
2015-04-16T10:00:03+00:00 DEBUG (7): Starting Order Import process for store: Retail (1)
2015-04-16T10:00:03+00:00 DEBUG (7): Starting Order Import process for store: Wholesale (2)
2015-04-16T10:15:02+00:00 DEBUG (7): Starting Order Import process for store: Admin (0)
2015-04-16T10:15:02+00:00 DEBUG (7): Starting Order Import process for store: International (3)
2015-04-16T10:15:02+00:00 DEBUG (7): Starting Order Import process for store: Retail (1)
2015-04-16T10:15:02+00:00 DEBUG (7): Starting Order Import process for store: Wholesale (2)
2015-04-16T10:30:02+00:00 DEBUG (7): Starting Order Import process for store: Admin (0)
2015-04-16T10:30:02+00:00 DEBUG (7): Starting Order Import process for store: International (3)
2015-04-16T10:30:02+00:00 DEBUG (7): Starting Order Import process for store: Retail (1)
2015-04-16T10:30:02+00:00 DEBUG (7): Starting Order Import process for store: Wholesale (2)
2015-04-16T10:45:02+00:00 DEBUG (7): Starting Order Import process for store: Admin (0)
2015-04-16T10:45:02+00:00 DEBUG (7): Starting Order Import process for store: International (3)
2015-04-16T10:45:02+00:00 DEBUG (7): Starting Order Import process for store: Retail (1)
2015-04-16T10:45:02+00:00 DEBUG (7): Starting Order Import process for store: Wholesale (2)
2015-04-16T11:00:02+00:00 DEBUG (7): Starting Order Import process for store: Admin (0)
2015-04-16T11:00:02+00:00 DEBUG (7): Starting Order Import process for store: International (3)
2015-04-16T11:00:02+00:00 DEBUG (7): Starting Order Import process for store: Retail (1)
2015-04-16T11:00:02+00:00 DEBUG (7): Starting Order Import process for store: Wholesale (2)
2015-04-16T11:15:02+00:00 DEBUG (7): Starting Order Import process for store: Admin (0)
2015-04-16T11:15:02+00:00 DEBUG (7): Starting Order Import process for store: International (3)
2015-04-16T11:15:02+00:00 DEBUG (7): Starting Order Import process for store: Retail (1)
2015-04-16T11:15:02+00:00 DEBUG (7): Starting Order Import process for store: Wholesale (2)
2015-04-16T11:30:02+00:00 DEBUG (7): Starting Order Import process for store: Admin (0)
2015-04-16T11:30:02+00:00 DEBUG (7): Starting Order Import process for store: International (3)
2015-04-16T11:30:02+00:00 DEBUG (7): Starting Order Import process for store: Retail (1)
2015-04-16T11:30:02+00:00 DEBUG (7): Starting Order Import process for store: Wholesale (2)
2015-04-16T11:45:02+00:00 DEBUG (7): Starting Order Import process for store: Admin (0)
2015-04-16T11:45:02+00:00 DEBUG (7): Starting Order Import process for store: International (3)
2015-04-16T11:45:02+00:00 DEBUG (7): Starting Order Import process for store: Retail (1)
2015-04-16T11:45:02+00:00 DEBUG (7): Starting Order Import process for store: Wholesale (2)
2015-04-16T12:00:03+00:00 DEBUG (7): Starting Order Import process for store: Admin (0)
2015-04-16T12:00:03+00:00 DEBUG (7): Starting Order Import process for store: International (3)
2015-04-16T12:00:03+00:00 DEBUG (7): Starting Order Import process for store: Retail (1)
2015-04-16T12:00:03+00:00 DEBUG (7): Starting Order Import process for store: Wholesale (2)
2015-04-16T12:15:02+00:00 DEBUG (7): Starting Order Import process for store: Admin (0)
2015-04-16T12:15:02+00:00 DEBUG (7): Starting Order Import process for store: International (3)
2015-04-16T12:15:02+00:00 DEBUG (7): Starting Order Import process for store: Retail (1)
2015-04-16T12:15:02+00:00 DEBUG (7): Starting Order Import process for store: Wholesale (2)
2015-04-16T12:35:02+00:00 DEBUG (7): Starting Order Import process for store: Admin (0)
2015-04-16T12:35:02+00:00 DEBUG (7): Starting Order Import process for store: International (3)
2015-04-16T12:35:02+00:00 DEBUG (7): Starting Order Import process for store: Retail (1)
2015-04-16T12:35:02+00:00 DEBUG (7): Starting Order Import process for store: Wholesale (2)
2015-04-16T12:45:02+00:00 DEBUG (7): Starting Order Import process for store: Admin (0)
2015-04-16T12:45:02+00:00 DEBUG (7): Starting Order Import process for store: International (3)
2015-04-16T12:45:02+00:00 DEBUG (7): Starting Order Import process for store: Retail (1)
2015-04-16T12:45:02+00:00 DEBUG (7): Starting Order Import process for store: Wholesale (2)
2015-04-16T13:00:02+00:00 DEBUG (7): Starting Order Import process for store: Admin (0)
2015-04-16T13:00:02+00:00 DEBUG (7): Starting Order Import process for store: International (3)
2015-04-16T13:00:02+00:00 DEBUG (7): Starting Order Import process for store: Retail (1)
2015-04-16T13:00:02+00:00 DEBUG (7): Starting Order Import process for store: Wholesale (2)
2015-04-16T13:15:02+00:00 DEBUG (7): Starting Order Import process for store: Admin (0)
2015-04-16T13:15:02+00:00 DEBUG (7): Starting Order Import process for store: International (3)
2015-04-16T13:15:02+00:00 DEBUG (7): Starting Order Import process for store: Retail (1)
2015-04-16T13:15:02+00:00 DEBUG (7): Starting Order Import process for store: Wholesale (2)
2015-04-16T13:30:02+00:00 DEBUG (7): Starting Order Import process for store: Admin (0)
2015-04-16T13:30:02+00:00 DEBUG (7): Starting Order Import process for store: International (3)
2015-04-16T13:30:02+00:00 DEBUG (7): Starting Order Import process for store: Retail (1)
2015-04-16T13:30:02+00:00 DEBUG (7): Starting Order Import process for store: Wholesale (2)
2015-04-16T13:45:02+00:00 DEBUG (7): Starting Order Import process for store: Admin (0)
2015-04-16T13:45:02+00:00 DEBUG (7): Starting Order Import process for store: International (3)
2015-04-16T13:45:02+00:00 DEBUG (7): Starting Order Import process for store: Retail (1)
2015-04-16T13:45:02+00:00 DEBUG (7):  Importing: New, Pending Payment, Processing, Complete, Payment Review
2015-04-16T13:45:02+00:00 DEBUG (7):   Deleting: Closed, Canceled, On Hold
2015-04-16T13:45:02+00:00 DEBUG (7):   Processing Order ID: 41383 	 #200034219
2015-04-16T13:45:04+00:00 DEBUG (7):   Flush resulted in 1 orders processed
2015-04-16T13:45:04+00:00 DEBUG (7):   Success: 1
2015-04-16T13:45:04+00:00 DEBUG (7):   Error:   0
2015-04-16T13:45:04+00:00 DEBUG (7):   Total:   1
2015-04-16T13:45:04+00:00 DEBUG (7): Starting Order Import process for store: Wholesale (2)
2015-04-16T14:00:03+00:00 DEBUG (7): Starting Order Import process for store: Admin (0)
2015-04-16T14:00:03+00:00 DEBUG (7): Starting Order Import process for store: International (3)
2015-04-16T14:00:03+00:00 DEBUG (7): Starting Order Import process for store: Retail (1)
2015-04-16T14:00:03+00:00 DEBUG (7):  Importing: New, Pending Payment, Processing, Complete, Payment Review
2015-04-16T14:00:03+00:00 DEBUG (7):   Deleting: Closed, Canceled, On Hold
2015-04-16T14:00:03+00:00 DEBUG (7):   Processing Order ID: 41384 	 #200034220
2015-04-16T14:00:03+00:00 DEBUG (7):   Processing Order ID: 41383 	 #200034219
2015-04-16T14:00:05+00:00 DEBUG (7):   Flush resulted in 2 orders processed
2015-04-16T14:00:05+00:00 DEBUG (7):   Success: 2
2015-04-16T14:00:05+00:00 DEBUG (7):   Error:   0
2015-04-16T14:00:05+00:00 DEBUG (7):   Total:   2
2015-04-16T14:00:05+00:00 DEBUG (7): Starting Order Import process for store: Wholesale (2)
2015-04-16T14:15:03+00:00 DEBUG (7): Starting Order Import process for store: Admin (0)
2015-04-16T14:15:03+00:00 DEBUG (7): Starting Order Import process for store: International (3)
2015-04-16T14:15:03+00:00 DEBUG (7): Starting Order Import process for store: Retail (1)
2015-04-16T14:15:03+00:00 DEBUG (7):  Importing: New, Pending Payment, Processing, Complete, Payment Review
2015-04-16T14:15:03+00:00 DEBUG (7):   Deleting: Closed, Canceled, On Hold
2015-04-16T14:15:03+00:00 DEBUG (7):   Processing Order ID: 41361 	 #200034201
2015-04-16T14:15:06+00:00 DEBUG (7):   Flush resulted in 1 orders processed
2015-04-16T14:15:06+00:00 DEBUG (7):   Success: 1
2015-04-16T14:15:06+00:00 DEBUG (7):   Error:   0
2015-04-16T14:15:06+00:00 DEBUG (7):   Total:   1
2015-04-16T14:15:06+00:00 DEBUG (7): Starting Order Import process for store: Wholesale (2)
2015-04-16T14:15:06+00:00 DEBUG (7):  Importing: New, Pending Payment, Processing, Complete, Payment Review
2015-04-16T14:15:06+00:00 DEBUG (7):   Deleting: Closed, Canceled, On Hold
2015-04-16T14:15:06+00:00 DEBUG (7):   Processing Order ID: 41157 	 #250007416
2015-04-16T14:15:06+00:00 DEBUG (7):   Processing Order ID: 41156 	 #250007415
2015-04-16T14:15:06+00:00 DEBUG (7):   Processing Order ID: 41161 	 #250007420
2015-04-16T14:15:06+00:00 DEBUG (7):   Processing Order ID: 41160 	 #250007419
2015-04-16T14:15:06+00:00 DEBUG (7):   Processing Order ID: 41159 	 #250007418
2015-04-16T14:15:06+00:00 DEBUG (7):   Processing Order ID: 41158 	 #250007417
2015-04-16T14:15:06+00:00 DEBUG (7):   Processing Order ID: 41164 	 #250007423
2015-04-16T14:15:06+00:00 DEBUG (7):   Processing Order ID: 41163 	 #250007422
2015-04-16T14:15:06+00:00 DEBUG (7):   Processing Order ID: 41162 	 #250007421
2015-04-16T14:15:06+00:00 DEBUG (7):   Processing Order ID: 41168 	 #250007427
2015-04-16T14:15:06+00:00 DEBUG (7):   Processing Order ID: 41167 	 #250007426
2015-04-16T14:15:07+00:00 DEBUG (7):   Processing Order ID: 41166 	 #250007425
2015-04-16T14:15:07+00:00 DEBUG (7):   Processing Order ID: 41165 	 #250007424
2015-04-16T14:15:07+00:00 DEBUG (7):   Processing Order ID: 41171 	 #250007430
2015-04-16T14:15:07+00:00 DEBUG (7):   Processing Order ID: 41170 	 #250007429
2015-04-16T14:15:07+00:00 DEBUG (7):   Processing Order ID: 41169 	 #250007428
2015-04-16T14:15:07+00:00 DEBUG (7):   Processing Order ID: 41175 	 #250007434
2015-04-16T14:15:07+00:00 DEBUG (7):   Processing Order ID: 41174 	 #250007433
2015-04-16T14:15:07+00:00 DEBUG (7):   Processing Order ID: 41173 	 #250007432
2015-04-16T14:15:07+00:00 DEBUG (7):   Processing Order ID: 41172 	 #250007431
2015-04-16T14:15:07+00:00 DEBUG (7):   Processing Order ID: 41177 	 #250007436
2015-04-16T14:15:07+00:00 DEBUG (7):   Processing Order ID: 41178 	 #250007437
2015-04-16T14:15:07+00:00 DEBUG (7):   Processing Order ID: 41176 	 #250007435
2015-04-16T14:15:07+00:00 DEBUG (7):   Processing Order ID: 41180 	 #250007439
2015-04-16T14:15:07+00:00 DEBUG (7):   Processing Order ID: 41179 	 #250007438
2015-04-16T14:15:07+00:00 DEBUG (7):   Processing Order ID: 41354 	 #250007500
2015-04-16T14:15:07+00:00 DEBUG (7):   Processing Order ID: 41355 	 #250007501
2015-04-16T14:15:07+00:00 DEBUG (7):   Processing Order ID: 41370 	 #250007504
2015-04-16T14:15:07+00:00 DEBUG (7):   Processing Order ID: 41385 	 #250007506
2015-04-16T14:15:25+00:00 DEBUG (7):   Flush resulted in 29 orders processed
2015-04-16T14:15:26+00:00 DEBUG (7):   Success: 29
2015-04-16T14:15:26+00:00 DEBUG (7):   Error:   0
2015-04-16T14:15:26+00:00 DEBUG (7):   Total:   29
2015-04-16T14:30:02+00:00 DEBUG (7): Starting Order Import process for store: Admin (0)
2015-04-16T14:30:02+00:00 DEBUG (7): Starting Order Import process for store: International (3)
2015-04-16T14:30:02+00:00 DEBUG (7): Starting Order Import process for store: Retail (1)
2015-04-16T14:30:02+00:00 DEBUG (7): Starting Order Import process for store: Wholesale (2)
2015-04-16T14:30:02+00:00 DEBUG (7):  Importing: New, Pending Payment, Processing, Complete, Payment Review
2015-04-16T14:30:02+00:00 DEBUG (7):   Deleting: Closed, Canceled, On Hold
2015-04-16T14:30:02+00:00 DEBUG (7):   Processing Order ID: 41358 	 #250007502
2015-04-16T14:30:02+00:00 DEBUG (7):   Processing Order ID: 41359 	 #250007503
2015-04-16T14:30:02+00:00 DEBUG (7):   Processing Order ID: 41341 	 #250007498
2015-04-16T14:30:02+00:00 DEBUG (7):   Processing Order ID: 41342 	 #250007499
2015-04-16T14:30:04+00:00 DEBUG (7):   Flush resulted in 4 orders processed
2015-04-16T14:30:04+00:00 DEBUG (7):   Success: 4
2015-04-16T14:30:04+00:00 DEBUG (7):   Error:   0
2015-04-16T14:30:04+00:00 DEBUG (7):   Total:   4
2015-04-16T14:45:02+00:00 DEBUG (7): Starting Order Import process for store: Admin (0)
2015-04-16T14:45:02+00:00 DEBUG (7): Starting Order Import process for store: International (3)
2015-04-16T14:45:02+00:00 DEBUG (7): Starting Order Import process for store: Retail (1)
2015-04-16T14:45:02+00:00 DEBUG (7):  Importing: New, Pending Payment, Processing, Complete, Payment Review
2015-04-16T14:45:02+00:00 DEBUG (7):   Deleting: Closed, Canceled, On Hold
2015-04-16T14:45:02+00:00 DEBUG (7):   Processing Order ID: 41386 	 #200034221
2015-04-16T14:45:04+00:00 DEBUG (7):   Flush resulted in 1 orders processed
2015-04-16T14:45:04+00:00 DEBUG (7):   Success: 1
2015-04-16T14:45:04+00:00 DEBUG (7):   Error:   0
2015-04-16T14:45:04+00:00 DEBUG (7):   Total:   1
2015-04-16T14:45:04+00:00 DEBUG (7): Starting Order Import process for store: Wholesale (2)
2015-04-16T15:00:06+00:00 DEBUG (7): Starting Order Import process for store: Admin (0)
2015-04-16T15:00:06+00:00 DEBUG (7): Starting Order Import process for store: International (3)
2015-04-16T15:00:06+00:00 DEBUG (7): Starting Order Import process for store: Retail (1)
2015-04-16T15:00:06+00:00 DEBUG (7): Starting Order Import process for store: Wholesale (2)
2015-04-16T15:15:02+00:00 DEBUG (7): Starting Order Import process for store: Admin (0)
2015-04-16T15:15:02+00:00 DEBUG (7): Starting Order Import process for store: International (3)
2015-04-16T15:15:02+00:00 DEBUG (7): Starting Order Import process for store: Retail (1)
2015-04-16T15:15:02+00:00 DEBUG (7): Starting Order Import process for store: Wholesale (2)
2015-04-16T15:30:02+00:00 DEBUG (7): Starting Order Import process for store: Admin (0)
2015-04-16T15:30:02+00:00 DEBUG (7): Starting Order Import process for store: International (3)
2015-04-16T15:30:02+00:00 DEBUG (7): Starting Order Import process for store: Retail (1)
2015-04-16T15:30:02+00:00 DEBUG (7):  Importing: New, Pending Payment, Processing, Complete, Payment Review
2015-04-16T15:30:02+00:00 DEBUG (7):   Deleting: Closed, Canceled, On Hold
2015-04-16T15:30:02+00:00 DEBUG (7):   Processing Order ID: 41381 	 #200034217
2015-04-16T15:30:02+00:00 DEBUG (7):   Processing Order ID: 41386 	 #200034221
2015-04-16T15:30:02+00:00 DEBUG (7):   Processing Order ID: 41384 	 #200034220
2015-04-16T15:30:02+00:00 DEBUG (7):   Processing Order ID: 41383 	 #200034219
2015-04-16T15:30:03+00:00 DEBUG (7):   Processing Order ID: 41382 	 #200034218
2015-04-16T15:30:10+00:00 DEBUG (7):   Flush resulted in 5 orders processed
2015-04-16T15:30:10+00:00 DEBUG (7):   Success: 5
2015-04-16T15:30:10+00:00 DEBUG (7):   Error:   0
2015-04-16T15:30:10+00:00 DEBUG (7):   Total:   5
2015-04-16T15:30:10+00:00 DEBUG (7): Starting Order Import process for store: Wholesale (2)
2015-04-16T15:50:02+00:00 DEBUG (7): Starting Order Import process for store: Admin (0)
2015-04-16T15:50:02+00:00 DEBUG (7): Starting Order Import process for store: International (3)
2015-04-16T15:50:02+00:00 DEBUG (7): Starting Order Import process for store: Retail (1)
2015-04-16T15:50:02+00:00 DEBUG (7): Starting Order Import process for store: Wholesale (2)
2015-04-16T15:50:02+00:00 DEBUG (7):  Importing: New, Pending Payment, Processing, Complete, Payment Review
2015-04-16T15:50:02+00:00 DEBUG (7):   Deleting: Closed, Canceled, On Hold
2015-04-16T15:50:02+00:00 DEBUG (7):   Processing Order ID: 41385 	 #250007506
2015-04-16T15:50:04+00:00 DEBUG (7):   Flush resulted in 1 orders processed
2015-04-16T15:50:04+00:00 DEBUG (7):   Success: 1
2015-04-16T15:50:04+00:00 DEBUG (7):   Error:   0
2015-04-16T15:50:04+00:00 DEBUG (7):   Total:   1
2015-04-16T16:00:02+00:00 DEBUG (7): Starting Order Import process for store: Admin (0)
2015-04-16T16:00:02+00:00 DEBUG (7): Starting Order Import process for store: International (3)
2015-04-16T16:00:02+00:00 DEBUG (7): Starting Order Import process for store: Retail (1)
2015-04-16T16:00:02+00:00 DEBUG (7):  Importing: New, Pending Payment, Processing, Complete, Payment Review
2015-04-16T16:00:02+00:00 DEBUG (7):   Deleting: Closed, Canceled, On Hold
2015-04-16T16:00:02+00:00 DEBUG (7):   Processing Order ID: 41361 	 #200034201
2015-04-16T16:00:04+00:00 DEBUG (7):   Flush resulted in 1 orders processed
2015-04-16T16:00:04+00:00 DEBUG (7):   Success: 1
2015-04-16T16:00:04+00:00 DEBUG (7):   Error:   0
2015-04-16T16:00:04+00:00 DEBUG (7):   Total:   1
2015-04-16T16:00:04+00:00 DEBUG (7): Starting Order Import process for store: Wholesale (2)
2015-04-16T16:15:03+00:00 DEBUG (7): Starting Order Import process for store: Admin (0)
2015-04-16T16:15:03+00:00 DEBUG (7): Starting Order Import process for store: International (3)
2015-04-16T16:15:03+00:00 DEBUG (7): Starting Order Import process for store: Retail (1)
2015-04-16T16:15:03+00:00 DEBUG (7): Starting Order Import process for store: Wholesale (2)
2015-04-16T16:30:03+00:00 DEBUG (7): Starting Order Import process for store: Admin (0)
2015-04-16T16:30:03+00:00 DEBUG (7): Starting Order Import process for store: International (3)
2015-04-16T16:30:03+00:00 DEBUG (7): Starting Order Import process for store: Retail (1)
2015-04-16T16:30:03+00:00 DEBUG (7): Starting Order Import process for store: Wholesale (2)
2015-04-16T16:45:03+00:00 DEBUG (7): Starting Order Import process for store: Admin (0)
2015-04-16T16:45:03+00:00 DEBUG (7): Starting Order Import process for store: International (3)
2015-04-16T16:45:03+00:00 DEBUG (7): Starting Order Import process for store: Retail (1)
2015-04-16T16:45:03+00:00 DEBUG (7): Starting Order Import process for store: Wholesale (2)
2015-04-16T17:00:03+00:00 DEBUG (7): Starting Order Import process for store: Admin (0)
2015-04-16T17:00:03+00:00 DEBUG (7): Starting Order Import process for store: International (3)
2015-04-16T17:00:03+00:00 DEBUG (7): Starting Order Import process for store: Retail (1)
2015-04-16T17:00:03+00:00 DEBUG (7):  Importing: New, Pending Payment, Processing, Complete, Payment Review
2015-04-16T17:00:03+00:00 DEBUG (7):   Deleting: Closed, Canceled, On Hold
2015-04-16T17:00:03+00:00 DEBUG (7):   Processing Order ID: 41387 	 #200034222
2015-04-16T17:00:05+00:00 DEBUG (7):   Flush resulted in 1 orders processed
2015-04-16T17:00:05+00:00 DEBUG (7):   Success: 1
2015-04-16T17:00:05+00:00 DEBUG (7):   Error:   0
2015-04-16T17:00:05+00:00 DEBUG (7):   Total:   1
2015-04-16T17:00:05+00:00 DEBUG (7): Starting Order Import process for store: Wholesale (2)
2015-04-16T17:16:38+00:00 DEBUG (7): Starting Order Import process for store: Admin (0)
2015-04-16T17:16:38+00:00 DEBUG (7): Starting Order Import process for store: International (3)
2015-04-16T17:16:38+00:00 DEBUG (7): Starting Order Import process for store: Retail (1)
2015-04-16T17:16:38+00:00 DEBUG (7): Starting Order Import process for store: Wholesale (2)
2015-04-16T17:30:02+00:00 DEBUG (7): Starting Order Import process for store: Admin (0)
2015-04-16T17:30:02+00:00 DEBUG (7): Starting Order Import process for store: International (3)
2015-04-16T17:30:02+00:00 DEBUG (7): Starting Order Import process for store: Retail (1)
2015-04-16T17:30:02+00:00 DEBUG (7):  Importing: New, Pending Payment, Processing, Complete, Payment Review
2015-04-16T17:30:02+00:00 DEBUG (7):   Deleting: Closed, Canceled, On Hold
2015-04-16T17:30:02+00:00 DEBUG (7):   Processing Order ID: 41387 	 #200034222
2015-04-16T17:30:04+00:00 DEBUG (7):   Flush resulted in 1 orders processed
2015-04-16T17:30:04+00:00 DEBUG (7):   Success: 1
2015-04-16T17:30:04+00:00 DEBUG (7):   Error:   0
2015-04-16T17:30:04+00:00 DEBUG (7):   Total:   1
2015-04-16T17:30:04+00:00 DEBUG (7): Starting Order Import process for store: Wholesale (2)
2015-04-16T17:45:02+00:00 DEBUG (7): Starting Order Import process for store: Admin (0)
2015-04-16T17:45:02+00:00 DEBUG (7): Starting Order Import process for store: International (3)
2015-04-16T17:45:02+00:00 DEBUG (7): Starting Order Import process for store: Retail (1)
2015-04-16T17:45:02+00:00 DEBUG (7): Starting Order Import process for store: Wholesale (2)
2015-04-16T18:00:03+00:00 DEBUG (7): Starting Order Import process for store: Admin (0)
2015-04-16T18:00:03+00:00 DEBUG (7): Starting Order Import process for store: International (3)
2015-04-16T18:00:03+00:00 DEBUG (7): Starting Order Import process for store: Retail (1)
2015-04-16T18:00:03+00:00 DEBUG (7): Starting Order Import process for store: Wholesale (2)
2015-04-16T18:15:02+00:00 DEBUG (7): Starting Order Import process for store: Admin (0)
2015-04-16T18:15:02+00:00 DEBUG (7): Starting Order Import process for store: International (3)
2015-04-16T18:15:02+00:00 DEBUG (7): Starting Order Import process for store: Retail (1)
2015-04-16T18:15:02+00:00 DEBUG (7): Starting Order Import process for store: Wholesale (2)
2015-04-16T18:30:03+00:00 DEBUG (7): Starting Order Import process for store: Admin (0)
2015-04-16T18:30:03+00:00 DEBUG (7): Starting Order Import process for store: International (3)
2015-04-16T18:30:03+00:00 DEBUG (7): Starting Order Import process for store: Retail (1)
2015-04-16T18:30:03+00:00 DEBUG (7): Starting Order Import process for store: Wholesale (2)
2015-04-16T18:45:03+00:00 DEBUG (7): Starting Order Import process for store: Admin (0)
2015-04-16T18:45:03+00:00 DEBUG (7): Starting Order Import process for store: International (3)
2015-04-16T18:45:03+00:00 DEBUG (7): Starting Order Import process for store: Retail (1)
2015-04-16T18:45:03+00:00 DEBUG (7): Starting Order Import process for store: Wholesale (2)
2015-04-16T18:45:03+00:00 DEBUG (7):  Importing: New, Pending Payment, Processing, Complete, Payment Review
2015-04-16T18:45:03+00:00 DEBUG (7):   Deleting: Closed, Canceled, On Hold
2015-04-16T18:45:03+00:00 DEBUG (7):   Processing Order ID: 41385 	 #250007506
2015-04-16T18:45:05+00:00 DEBUG (7):   Flush resulted in 1 orders processed
2015-04-16T18:45:05+00:00 DEBUG (7):   Success: 1
2015-04-16T18:45:05+00:00 DEBUG (7):   Error:   0
2015-04-16T18:45:05+00:00 DEBUG (7):   Total:   1
2015-04-16T19:00:02+00:00 DEBUG (7): Starting Order Import process for store: Admin (0)
2015-04-16T19:00:02+00:00 DEBUG (7): Starting Order Import process for store: International (3)
2015-04-16T19:00:02+00:00 DEBUG (7): Starting Order Import process for store: Retail (1)
2015-04-16T19:00:02+00:00 DEBUG (7): Starting Order Import process for store: Wholesale (2)
2015-04-16T19:00:02+00:00 DEBUG (7):  Importing: New, Pending Payment, Processing, Complete, Payment Review
2015-04-16T19:00:02+00:00 DEBUG (7):   Deleting: Closed, Canceled, On Hold
2015-04-16T19:00:02+00:00 DEBUG (7):   Processing Order ID: 41385 	 #250007506
2015-04-16T19:00:04+00:00 DEBUG (7):   Flush resulted in 1 orders processed
2015-04-16T19:00:04+00:00 DEBUG (7):   Success: 1
2015-04-16T19:00:04+00:00 DEBUG (7):   Error:   0
2015-04-16T19:00:04+00:00 DEBUG (7):   Total:   1
2015-04-16T19:20:03+00:00 DEBUG (7): Starting Order Import process for store: Admin (0)
2015-04-16T19:20:03+00:00 DEBUG (7): Starting Order Import process for store: International (3)
2015-04-16T19:20:03+00:00 DEBUG (7): Starting Order Import process for store: Retail (1)
2015-04-16T19:20:03+00:00 DEBUG (7): Starting Order Import process for store: Wholesale (2)
2015-04-16T19:30:03+00:00 DEBUG (7): Starting Order Import process for store: Admin (0)
2015-04-16T19:30:03+00:00 DEBUG (7): Starting Order Import process for store: International (3)
2015-04-16T19:30:03+00:00 DEBUG (7): Starting Order Import process for store: Retail (1)
2015-04-16T19:30:03+00:00 DEBUG (7): Starting Order Import process for store: Wholesale (2)
2015-04-16T19:45:02+00:00 DEBUG (7): Starting Order Import process for store: Admin (0)
2015-04-16T19:45:02+00:00 DEBUG (7): Starting Order Import process for store: International (3)
2015-04-16T19:45:02+00:00 DEBUG (7): Starting Order Import process for store: Retail (1)
2015-04-16T19:45:02+00:00 DEBUG (7):  Importing: New, Pending Payment, Processing, Complete, Payment Review
2015-04-16T19:45:02+00:00 DEBUG (7):   Deleting: Closed, Canceled, On Hold
2015-04-16T19:45:02+00:00 DEBUG (7):   Processing Order ID: 41389 	 #200034224
2015-04-16T19:45:04+00:00 DEBUG (7):   Flush resulted in 1 orders processed
2015-04-16T19:45:04+00:00 DEBUG (7):   Success: 1
2015-04-16T19:45:04+00:00 DEBUG (7):   Error:   0
2015-04-16T19:45:04+00:00 DEBUG (7):   Total:   1
2015-04-16T19:45:04+00:00 DEBUG (7): Starting Order Import process for store: Wholesale (2)
2015-04-16T19:45:04+00:00 DEBUG (7):  Importing: New, Pending Payment, Processing, Complete, Payment Review
2015-04-16T19:45:04+00:00 DEBUG (7):   Deleting: Closed, Canceled, On Hold
2015-04-16T19:45:04+00:00 DEBUG (7):   Processing Order ID: 41388 	 #250007507
2015-04-16T19:45:05+00:00 DEBUG (7):   Flush resulted in 1 orders processed
2015-04-16T19:45:05+00:00 DEBUG (7):   Success: 1
2015-04-16T19:45:05+00:00 DEBUG (7):   Error:   0
2015-04-16T19:45:05+00:00 DEBUG (7):   Total:   1
2015-04-16T20:00:02+00:00 DEBUG (7): Starting Order Import process for store: Admin (0)
2015-04-16T20:00:02+00:00 DEBUG (7): Starting Order Import process for store: International (3)
2015-04-16T20:00:02+00:00 DEBUG (7): Starting Order Import process for store: Retail (1)
2015-04-16T20:00:02+00:00 DEBUG (7): Starting Order Import process for store: Wholesale (2)
2015-04-16T20:15:02+00:00 DEBUG (7): Starting Order Import process for store: Admin (0)
2015-04-16T20:15:02+00:00 DEBUG (7): Starting Order Import process for store: International (3)
2015-04-16T20:15:02+00:00 DEBUG (7): Starting Order Import process for store: Retail (1)
2015-04-16T20:15:02+00:00 DEBUG (7): Starting Order Import process for store: Wholesale (2)
2015-04-16T20:30:03+00:00 DEBUG (7): Starting Order Import process for store: Admin (0)
2015-04-16T20:30:03+00:00 DEBUG (7): Starting Order Import process for store: International (3)
2015-04-16T20:30:03+00:00 DEBUG (7): Starting Order Import process for store: Retail (1)
2015-04-16T20:30:03+00:00 DEBUG (7): Starting Order Import process for store: Wholesale (2)
2015-04-16T20:30:03+00:00 DEBUG (7):  Importing: New, Pending Payment, Processing, Complete, Payment Review
2015-04-16T20:30:03+00:00 DEBUG (7):   Deleting: Closed, Canceled, On Hold
2015-04-16T20:30:03+00:00 DEBUG (7):   Processing Order ID: 41390 	 #250007508
2015-04-16T20:30:05+00:00 DEBUG (7):   Flush resulted in 1 orders processed
2015-04-16T20:30:05+00:00 DEBUG (7):   Success: 1
2015-04-16T20:30:05+00:00 DEBUG (7):   Error:   0
2015-04-16T20:30:05+00:00 DEBUG (7):   Total:   1
2015-04-16T20:45:03+00:00 DEBUG (7): Starting Order Import process for store: Admin (0)
2015-04-16T20:45:03+00:00 DEBUG (7): Starting Order Import process for store: International (3)
2015-04-16T20:45:03+00:00 DEBUG (7): Starting Order Import process for store: Retail (1)
2015-04-16T20:45:03+00:00 DEBUG (7):  Importing: New, Pending Payment, Processing, Complete, Payment Review
2015-04-16T20:45:03+00:00 DEBUG (7):   Deleting: Closed, Canceled, On Hold
2015-04-16T20:45:03+00:00 DEBUG (7):   Processing Order ID: 41391 	 #200034225
2015-04-16T20:45:03+00:00 DEBUG (7):   Processing Order ID: 41389 	 #200034224
2015-04-16T20:45:05+00:00 DEBUG (7):   Flush resulted in 2 orders processed
2015-04-16T20:45:05+00:00 DEBUG (7):   Success: 2
2015-04-16T20:45:05+00:00 DEBUG (7):   Error:   0
2015-04-16T20:45:05+00:00 DEBUG (7):   Total:   2
2015-04-16T20:45:05+00:00 DEBUG (7): Starting Order Import process for store: Wholesale (2)
2015-04-16T20:45:05+00:00 DEBUG (7):  Importing: New, Pending Payment, Processing, Complete, Payment Review
2015-04-16T20:45:05+00:00 DEBUG (7):   Deleting: Closed, Canceled, On Hold
2015-04-16T20:45:05+00:00 DEBUG (7):   Processing Order ID: 41390 	 #250007508
2015-04-16T20:45:05+00:00 DEBUG (7):   Processing Order ID: 41388 	 #250007507
2015-04-16T20:45:06+00:00 DEBUG (7):   Flush resulted in 2 orders processed
2015-04-16T20:45:06+00:00 DEBUG (7):   Success: 2
2015-04-16T20:45:06+00:00 DEBUG (7):   Error:   0
2015-04-16T20:45:06+00:00 DEBUG (7):   Total:   2
2015-04-16T21:00:03+00:00 DEBUG (7): Starting Order Import process for store: Admin (0)
2015-04-16T21:00:03+00:00 DEBUG (7): Starting Order Import process for store: International (3)
2015-04-16T21:00:03+00:00 DEBUG (7): Starting Order Import process for store: Retail (1)
2015-04-16T21:00:03+00:00 DEBUG (7):  Importing: New, Pending Payment, Processing, Complete, Payment Review
2015-04-16T21:00:03+00:00 DEBUG (7):   Deleting: Closed, Canceled, On Hold
2015-04-16T21:00:03+00:00 DEBUG (7):   Processing Order ID: 41392 	 #200034226
2015-04-16T21:00:03+00:00 DEBUG (7):   Processing Order ID: 41391 	 #200034225
2015-04-16T21:00:05+00:00 DEBUG (7):   Flush resulted in 2 orders processed
2015-04-16T21:00:05+00:00 DEBUG (7):   Success: 2
2015-04-16T21:00:05+00:00 DEBUG (7):   Error:   0
2015-04-16T21:00:05+00:00 DEBUG (7):   Total:   2
2015-04-16T21:00:05+00:00 DEBUG (7): Starting Order Import process for store: Wholesale (2)
2015-04-16T21:15:02+00:00 DEBUG (7): Starting Order Import process for store: Admin (0)
2015-04-16T21:15:02+00:00 DEBUG (7): Starting Order Import process for store: International (3)
2015-04-16T21:15:02+00:00 DEBUG (7): Starting Order Import process for store: Retail (1)
2015-04-16T21:15:02+00:00 DEBUG (7): Starting Order Import process for store: Wholesale (2)
2015-04-16T21:35:02+00:00 DEBUG (7): Starting Order Import process for store: Admin (0)
2015-04-16T21:35:02+00:00 DEBUG (7): Starting Order Import process for store: International (3)
2015-04-16T21:35:02+00:00 DEBUG (7): Starting Order Import process for store: Retail (1)
2015-04-16T21:35:02+00:00 DEBUG (7):  Importing: New, Pending Payment, Processing, Complete, Payment Review
2015-04-16T21:35:02+00:00 DEBUG (7):   Deleting: Closed, Canceled, On Hold
2015-04-16T21:35:02+00:00 DEBUG (7):   Processing Order ID: 41392 	 #200034226
2015-04-16T21:35:04+00:00 DEBUG (7):   Flush resulted in 1 orders processed
2015-04-16T21:35:04+00:00 DEBUG (7):   Success: 1
2015-04-16T21:35:04+00:00 DEBUG (7):   Error:   0
2015-04-16T21:35:04+00:00 DEBUG (7):   Total:   1
2015-04-16T21:35:04+00:00 DEBUG (7): Starting Order Import process for store: Wholesale (2)
2015-04-16T21:45:02+00:00 DEBUG (7): Starting Order Import process for store: Admin (0)
2015-04-16T21:45:02+00:00 DEBUG (7): Starting Order Import process for store: International (3)
2015-04-16T21:45:02+00:00 DEBUG (7): Starting Order Import process for store: Retail (1)
2015-04-16T21:45:02+00:00 DEBUG (7):  Importing: New, Pending Payment, Processing, Complete, Payment Review
2015-04-16T21:45:02+00:00 DEBUG (7):   Deleting: Closed, Canceled, On Hold
2015-04-16T21:45:02+00:00 DEBUG (7):   Processing Order ID: 41393 	 #200034227
2015-04-16T21:45:04+00:00 DEBUG (7):   Flush resulted in 1 orders processed
2015-04-16T21:45:04+00:00 DEBUG (7):   Success: 1
2015-04-16T21:45:04+00:00 DEBUG (7):   Error:   0
2015-04-16T21:45:04+00:00 DEBUG (7):   Total:   1
2015-04-16T21:45:04+00:00 DEBUG (7): Starting Order Import process for store: Wholesale (2)
2015-04-16T22:00:02+00:00 DEBUG (7): Starting Order Import process for store: Admin (0)
2015-04-16T22:00:02+00:00 DEBUG (7): Starting Order Import process for store: International (3)
2015-04-16T22:00:02+00:00 DEBUG (7): Starting Order Import process for store: Retail (1)
2015-04-16T22:00:02+00:00 DEBUG (7):  Importing: New, Pending Payment, Processing, Complete, Payment Review
2015-04-16T22:00:02+00:00 DEBUG (7):   Deleting: Closed, Canceled, On Hold
2015-04-16T22:00:02+00:00 DEBUG (7):   Processing Order ID: 41394 	 #200034228
2015-04-16T22:00:04+00:00 DEBUG (7):   Flush resulted in 1 orders processed
2015-04-16T22:00:04+00:00 DEBUG (7):   Success: 1
2015-04-16T22:00:04+00:00 DEBUG (7):   Error:   0
2015-04-16T22:00:04+00:00 DEBUG (7):   Total:   1
2015-04-16T22:00:04+00:00 DEBUG (7): Starting Order Import process for store: Wholesale (2)
2015-04-16T22:15:02+00:00 DEBUG (7): Starting Order Import process for store: Admin (0)
2015-04-16T22:15:02+00:00 DEBUG (7): Starting Order Import process for store: International (3)
2015-04-16T22:15:02+00:00 DEBUG (7): Starting Order Import process for store: Retail (1)
2015-04-16T22:15:02+00:00 DEBUG (7): Starting Order Import process for store: Wholesale (2)
2015-04-16T22:30:02+00:00 DEBUG (7): Starting Order Import process for store: Admin (0)
2015-04-16T22:30:02+00:00 DEBUG (7): Starting Order Import process for store: International (3)
2015-04-16T22:30:02+00:00 DEBUG (7): Starting Order Import process for store: Retail (1)
2015-04-16T22:30:02+00:00 DEBUG (7): Starting Order Import process for store: Wholesale (2)
2015-04-16T22:45:02+00:00 DEBUG (7): Starting Order Import process for store: Admin (0)
2015-04-16T22:45:02+00:00 DEBUG (7): Starting Order Import process for store: International (3)
2015-04-16T22:45:02+00:00 DEBUG (7): Starting Order Import process for store: Retail (1)
2015-04-16T22:45:02+00:00 DEBUG (7): Starting Order Import process for store: Wholesale (2)
2015-04-16T23:00:02+00:00 DEBUG (7): Starting Order Import process for store: Admin (0)
2015-04-16T23:00:02+00:00 DEBUG (7): Starting Order Import process for store: International (3)
2015-04-16T23:00:02+00:00 DEBUG (7): Starting Order Import process for store: Retail (1)
2015-04-16T23:00:02+00:00 DEBUG (7): Starting Order Import process for store: Wholesale (2)
2015-04-16T23:15:03+00:00 DEBUG (7): Starting Order Import process for store: Admin (0)
2015-04-16T23:15:03+00:00 DEBUG (7): Starting Order Import process for store: International (3)
2015-04-16T23:15:03+00:00 DEBUG (7): Starting Order Import process for store: Retail (1)
2015-04-16T23:15:03+00:00 DEBUG (7):  Importing: New, Pending Payment, Processing, Complete, Payment Review
2015-04-16T23:15:03+00:00 DEBUG (7):   Deleting: Closed, Canceled, On Hold
2015-04-16T23:15:03+00:00 DEBUG (7):   Processing Order ID: 41395 	 #200034229
2015-04-16T23:15:04+00:00 DEBUG (7):   Flush resulted in 1 orders processed
2015-04-16T23:15:04+00:00 DEBUG (7):   Success: 1
2015-04-16T23:15:04+00:00 DEBUG (7):   Error:   0
2015-04-16T23:15:04+00:00 DEBUG (7):   Total:   1
2015-04-16T23:15:04+00:00 DEBUG (7): Starting Order Import process for store: Wholesale (2)
2015-04-16T23:30:02+00:00 DEBUG (7): Starting Order Import process for store: Admin (0)
2015-04-16T23:30:02+00:00 DEBUG (7): Starting Order Import process for store: International (3)
2015-04-16T23:30:02+00:00 DEBUG (7): Starting Order Import process for store: Retail (1)
2015-04-16T23:30:02+00:00 DEBUG (7): Starting Order Import process for store: Wholesale (2)
2015-04-16T23:45:02+00:00 DEBUG (7): Starting Order Import process for store: Admin (0)
2015-04-16T23:45:02+00:00 DEBUG (7): Starting Order Import process for store: International (3)
2015-04-16T23:45:02+00:00 DEBUG (7): Starting Order Import process for store: Retail (1)
2015-04-16T23:45:02+00:00 DEBUG (7):  Importing: New, Pending Payment, Processing, Complete, Payment Review
2015-04-16T23:45:02+00:00 DEBUG (7):   Deleting: Closed, Canceled, On Hold
2015-04-16T23:45:02+00:00 DEBUG (7):   Processing Order ID: 41395 	 #200034229
2015-04-16T23:45:02+00:00 DEBUG (7):   Processing Order ID: 41394 	 #200034228
2015-04-16T23:45:02+00:00 DEBUG (7):   Processing Order ID: 41393 	 #200034227
2015-04-16T23:45:06+00:00 DEBUG (7):   Flush resulted in 3 orders processed
2015-04-16T23:45:06+00:00 DEBUG (7):   Success: 3
2015-04-16T23:45:06+00:00 DEBUG (7):   Error:   0
2015-04-16T23:45:06+00:00 DEBUG (7):   Total:   3
2015-04-16T23:45:06+00:00 DEBUG (7): Starting Order Import process for store: Wholesale (2)
