2015-04-12T00:00:02+00:00 DEBUG (7): Starting Order Import process for store: Admin (0)
2015-04-12T00:00:02+00:00 DEBUG (7): Starting Order Import process for store: International (3)
2015-04-12T00:00:02+00:00 DEBUG (7): Starting Order Import process for store: Retail (1)
2015-04-12T00:00:02+00:00 DEBUG (7): Starting Order Import process for store: Wholesale (2)
2015-04-12T00:15:02+00:00 DEBUG (7): Starting Order Import process for store: Admin (0)
2015-04-12T00:15:02+00:00 DEBUG (7): Starting Order Import process for store: International (3)
2015-04-12T00:15:02+00:00 DEBUG (7): Starting Order Import process for store: Retail (1)
2015-04-12T00:15:02+00:00 DEBUG (7): Starting Order Import process for store: Wholesale (2)
2015-04-12T00:30:02+00:00 DEBUG (7): Starting Order Import process for store: Admin (0)
2015-04-12T00:30:02+00:00 DEBUG (7): Starting Order Import process for store: International (3)
2015-04-12T00:30:02+00:00 DEBUG (7): Starting Order Import process for store: Retail (1)
2015-04-12T00:30:02+00:00 DEBUG (7): Starting Order Import process for store: Wholesale (2)
2015-04-12T00:45:02+00:00 DEBUG (7): Starting Order Import process for store: Admin (0)
2015-04-12T00:45:02+00:00 DEBUG (7): Starting Order Import process for store: International (3)
2015-04-12T00:45:02+00:00 DEBUG (7): Starting Order Import process for store: Retail (1)
2015-04-12T00:45:02+00:00 DEBUG (7): Starting Order Import process for store: Wholesale (2)
2015-04-12T01:00:02+00:00 DEBUG (7): Starting Order Import process for store: Admin (0)
2015-04-12T01:00:02+00:00 DEBUG (7): Starting Order Import process for store: International (3)
2015-04-12T01:00:02+00:00 DEBUG (7): Starting Order Import process for store: Retail (1)
2015-04-12T01:00:02+00:00 DEBUG (7): Starting Order Import process for store: Wholesale (2)
2015-04-12T01:15:01+00:00 DEBUG (7): Starting Order Import process for store: Admin (0)
2015-04-12T01:15:02+00:00 DEBUG (7): Starting Order Import process for store: International (3)
2015-04-12T01:15:02+00:00 DEBUG (7): Starting Order Import process for store: Retail (1)
2015-04-12T01:15:02+00:00 DEBUG (7):  Importing: New, Pending Payment, Processing, Complete, Payment Review
2015-04-12T01:15:02+00:00 DEBUG (7):   Deleting: Closed, Canceled, On Hold
2015-04-12T01:15:02+00:00 DEBUG (7):   Processing Order ID: 41278 	 #200034155
2015-04-12T01:15:04+00:00 DEBUG (7):   Flush resulted in 1 orders processed
2015-04-12T01:15:04+00:00 DEBUG (7):   Success: 1
2015-04-12T01:15:04+00:00 DEBUG (7):   Error:   0
2015-04-12T01:15:04+00:00 DEBUG (7):   Total:   1
2015-04-12T01:15:04+00:00 DEBUG (7): Starting Order Import process for store: Wholesale (2)
2015-04-12T01:30:02+00:00 DEBUG (7): Starting Order Import process for store: Admin (0)
2015-04-12T01:30:02+00:00 DEBUG (7): Starting Order Import process for store: International (3)
2015-04-12T01:30:02+00:00 DEBUG (7): Starting Order Import process for store: Retail (1)
2015-04-12T01:30:02+00:00 DEBUG (7): Starting Order Import process for store: Wholesale (2)
2015-04-12T01:45:02+00:00 DEBUG (7): Starting Order Import process for store: Admin (0)
2015-04-12T01:45:02+00:00 DEBUG (7): Starting Order Import process for store: International (3)
2015-04-12T01:45:02+00:00 DEBUG (7): Starting Order Import process for store: Retail (1)
2015-04-12T01:45:02+00:00 DEBUG (7): Starting Order Import process for store: Wholesale (2)
2015-04-12T02:00:02+00:00 DEBUG (7): Starting Order Import process for store: Admin (0)
2015-04-12T02:00:02+00:00 DEBUG (7): Starting Order Import process for store: International (3)
2015-04-12T02:00:02+00:00 DEBUG (7): Starting Order Import process for store: Retail (1)
2015-04-12T02:00:02+00:00 DEBUG (7): Starting Order Import process for store: Wholesale (2)
2015-04-12T02:15:02+00:00 DEBUG (7): Starting Order Import process for store: Admin (0)
2015-04-12T02:15:02+00:00 DEBUG (7): Starting Order Import process for store: International (3)
2015-04-12T02:15:02+00:00 DEBUG (7): Starting Order Import process for store: Retail (1)
2015-04-12T02:15:02+00:00 DEBUG (7):  Importing: New, Pending Payment, Processing, Complete, Payment Review
2015-04-12T02:15:02+00:00 DEBUG (7):   Deleting: Closed, Canceled, On Hold
2015-04-12T02:15:02+00:00 DEBUG (7):   Processing Order ID: 41279 	 #200034156
2015-04-12T02:15:04+00:00 DEBUG (7):   Flush resulted in 1 orders processed
2015-04-12T02:15:04+00:00 DEBUG (7):   Success: 1
2015-04-12T02:15:04+00:00 DEBUG (7):   Error:   0
2015-04-12T02:15:04+00:00 DEBUG (7):   Total:   1
2015-04-12T02:15:04+00:00 DEBUG (7): Starting Order Import process for store: Wholesale (2)
2015-04-12T02:30:02+00:00 DEBUG (7): Starting Order Import process for store: Admin (0)
2015-04-12T02:30:02+00:00 DEBUG (7): Starting Order Import process for store: International (3)
2015-04-12T02:30:02+00:00 DEBUG (7): Starting Order Import process for store: Retail (1)
2015-04-12T02:30:02+00:00 DEBUG (7): Starting Order Import process for store: Wholesale (2)
2015-04-12T02:50:02+00:00 DEBUG (7): Starting Order Import process for store: Admin (0)
2015-04-12T02:50:02+00:00 DEBUG (7): Starting Order Import process for store: International (3)
2015-04-12T02:50:02+00:00 DEBUG (7): Starting Order Import process for store: Retail (1)
2015-04-12T02:50:02+00:00 DEBUG (7): Starting Order Import process for store: Wholesale (2)
2015-04-12T03:00:02+00:00 DEBUG (7): Starting Order Import process for store: Admin (0)
2015-04-12T03:00:02+00:00 DEBUG (7): Starting Order Import process for store: International (3)
2015-04-12T03:00:02+00:00 DEBUG (7): Starting Order Import process for store: Retail (1)
2015-04-12T03:00:02+00:00 DEBUG (7): Starting Order Import process for store: Wholesale (2)
2015-04-12T03:15:02+00:00 DEBUG (7): Starting Order Import process for store: Admin (0)
2015-04-12T03:15:02+00:00 DEBUG (7): Starting Order Import process for store: International (3)
2015-04-12T03:15:02+00:00 DEBUG (7): Starting Order Import process for store: Retail (1)
2015-04-12T03:15:02+00:00 DEBUG (7): Starting Order Import process for store: Wholesale (2)
2015-04-12T03:30:02+00:00 DEBUG (7): Starting Order Import process for store: Admin (0)
2015-04-12T03:30:02+00:00 DEBUG (7): Starting Order Import process for store: International (3)
2015-04-12T03:30:02+00:00 DEBUG (7): Starting Order Import process for store: Retail (1)
2015-04-12T03:30:02+00:00 DEBUG (7): Starting Order Import process for store: Wholesale (2)
2015-04-12T03:45:02+00:00 DEBUG (7): Starting Order Import process for store: Admin (0)
2015-04-12T03:45:02+00:00 DEBUG (7): Starting Order Import process for store: International (3)
2015-04-12T03:45:02+00:00 DEBUG (7): Starting Order Import process for store: Retail (1)
2015-04-12T03:45:02+00:00 DEBUG (7): Starting Order Import process for store: Wholesale (2)
2015-04-12T04:00:03+00:00 DEBUG (7): Starting Order Import process for store: Admin (0)
2015-04-12T04:00:03+00:00 DEBUG (7): Starting Order Import process for store: International (3)
2015-04-12T04:00:03+00:00 DEBUG (7): Starting Order Import process for store: Retail (1)
2015-04-12T04:00:03+00:00 DEBUG (7): Starting Order Import process for store: Wholesale (2)
2015-04-12T04:15:02+00:00 DEBUG (7): Starting Order Import process for store: Admin (0)
2015-04-12T04:15:02+00:00 DEBUG (7): Starting Order Import process for store: International (3)
2015-04-12T04:15:02+00:00 DEBUG (7): Starting Order Import process for store: Retail (1)
2015-04-12T04:15:02+00:00 DEBUG (7): Starting Order Import process for store: Wholesale (2)
2015-04-12T04:30:02+00:00 DEBUG (7): Starting Order Import process for store: Admin (0)
2015-04-12T04:30:02+00:00 DEBUG (7): Starting Order Import process for store: International (3)
2015-04-12T04:30:02+00:00 DEBUG (7): Starting Order Import process for store: Retail (1)
2015-04-12T04:30:02+00:00 DEBUG (7): Starting Order Import process for store: Wholesale (2)
2015-04-12T04:45:03+00:00 DEBUG (7): Starting Order Import process for store: Admin (0)
2015-04-12T04:45:03+00:00 DEBUG (7): Starting Order Import process for store: International (3)
2015-04-12T04:45:03+00:00 DEBUG (7): Starting Order Import process for store: Retail (1)
2015-04-12T04:45:03+00:00 DEBUG (7): Starting Order Import process for store: Wholesale (2)
2015-04-12T05:00:02+00:00 DEBUG (7): Starting Order Import process for store: Admin (0)
2015-04-12T05:00:02+00:00 DEBUG (7): Starting Order Import process for store: International (3)
2015-04-12T05:00:02+00:00 DEBUG (7): Starting Order Import process for store: Retail (1)
2015-04-12T05:00:02+00:00 DEBUG (7): Starting Order Import process for store: Wholesale (2)
2015-04-12T05:15:02+00:00 DEBUG (7): Starting Order Import process for store: Admin (0)
2015-04-12T05:15:02+00:00 DEBUG (7): Starting Order Import process for store: International (3)
2015-04-12T05:15:02+00:00 DEBUG (7): Starting Order Import process for store: Retail (1)
2015-04-12T05:15:02+00:00 DEBUG (7): Starting Order Import process for store: Wholesale (2)
2015-04-12T05:30:02+00:00 DEBUG (7): Starting Order Import process for store: Admin (0)
2015-04-12T05:30:02+00:00 DEBUG (7): Starting Order Import process for store: International (3)
2015-04-12T05:30:02+00:00 DEBUG (7): Starting Order Import process for store: Retail (1)
2015-04-12T05:30:02+00:00 DEBUG (7): Starting Order Import process for store: Wholesale (2)
2015-04-12T05:50:02+00:00 DEBUG (7): Starting Order Import process for store: Admin (0)
2015-04-12T05:50:02+00:00 DEBUG (7): Starting Order Import process for store: International (3)
2015-04-12T05:50:02+00:00 DEBUG (7): Starting Order Import process for store: Retail (1)
2015-04-12T05:50:02+00:00 DEBUG (7): Starting Order Import process for store: Wholesale (2)
2015-04-12T06:00:02+00:00 DEBUG (7): Starting Order Import process for store: Admin (0)
2015-04-12T06:00:02+00:00 DEBUG (7): Starting Order Import process for store: International (3)
2015-04-12T06:00:02+00:00 DEBUG (7): Starting Order Import process for store: Retail (1)
2015-04-12T06:00:02+00:00 DEBUG (7): Starting Order Import process for store: Wholesale (2)
2015-04-12T06:15:11+00:00 DEBUG (7): Starting Order Import process for store: Admin (0)
2015-04-12T06:15:11+00:00 DEBUG (7): Starting Order Import process for store: International (3)
2015-04-12T06:15:11+00:00 DEBUG (7): Starting Order Import process for store: Retail (1)
2015-04-12T06:15:11+00:00 DEBUG (7): Starting Order Import process for store: Wholesale (2)
2015-04-12T06:30:03+00:00 DEBUG (7): Starting Order Import process for store: Admin (0)
2015-04-12T06:30:03+00:00 DEBUG (7): Starting Order Import process for store: International (3)
2015-04-12T06:30:03+00:00 DEBUG (7): Starting Order Import process for store: Retail (1)
2015-04-12T06:30:03+00:00 DEBUG (7): Starting Order Import process for store: Wholesale (2)
2015-04-12T06:45:02+00:00 DEBUG (7): Starting Order Import process for store: Admin (0)
2015-04-12T06:45:02+00:00 DEBUG (7): Starting Order Import process for store: International (3)
2015-04-12T06:45:02+00:00 DEBUG (7): Starting Order Import process for store: Retail (1)
2015-04-12T06:45:02+00:00 DEBUG (7): Starting Order Import process for store: Wholesale (2)
2015-04-12T07:05:12+00:00 DEBUG (7): Starting Order Import process for store: Admin (0)
2015-04-12T07:05:12+00:00 DEBUG (7): Starting Order Import process for store: International (3)
2015-04-12T07:05:12+00:00 DEBUG (7): Starting Order Import process for store: Retail (1)
2015-04-12T07:05:12+00:00 DEBUG (7): Starting Order Import process for store: Wholesale (2)
2015-04-12T07:20:02+00:00 DEBUG (7): Starting Order Import process for store: Admin (0)
2015-04-12T07:20:02+00:00 DEBUG (7): Starting Order Import process for store: International (3)
2015-04-12T07:20:02+00:00 DEBUG (7): Starting Order Import process for store: Retail (1)
2015-04-12T07:20:02+00:00 DEBUG (7): Starting Order Import process for store: Wholesale (2)
2015-04-12T07:30:02+00:00 DEBUG (7): Starting Order Import process for store: Admin (0)
2015-04-12T07:30:02+00:00 DEBUG (7): Starting Order Import process for store: International (3)
2015-04-12T07:30:02+00:00 DEBUG (7): Starting Order Import process for store: Retail (1)
2015-04-12T07:30:02+00:00 DEBUG (7): Starting Order Import process for store: Wholesale (2)
2015-04-12T07:45:02+00:00 DEBUG (7): Starting Order Import process for store: Admin (0)
2015-04-12T07:45:02+00:00 DEBUG (7): Starting Order Import process for store: International (3)
2015-04-12T07:45:02+00:00 DEBUG (7): Starting Order Import process for store: Retail (1)
2015-04-12T07:45:02+00:00 DEBUG (7): Starting Order Import process for store: Wholesale (2)
2015-04-12T08:00:32+00:00 DEBUG (7): Starting Order Import process for store: Admin (0)
2015-04-12T08:00:32+00:00 DEBUG (7): Starting Order Import process for store: International (3)
2015-04-12T08:00:32+00:00 DEBUG (7): Starting Order Import process for store: Retail (1)
2015-04-12T08:00:32+00:00 DEBUG (7): Starting Order Import process for store: Wholesale (2)
2015-04-12T08:15:02+00:00 DEBUG (7): Starting Order Import process for store: Admin (0)
2015-04-12T08:15:02+00:00 DEBUG (7): Starting Order Import process for store: International (3)
2015-04-12T08:15:02+00:00 DEBUG (7): Starting Order Import process for store: Retail (1)
2015-04-12T08:15:02+00:00 DEBUG (7): Starting Order Import process for store: Wholesale (2)
2015-04-12T08:30:02+00:00 DEBUG (7): Starting Order Import process for store: Admin (0)
2015-04-12T08:30:02+00:00 DEBUG (7): Starting Order Import process for store: International (3)
2015-04-12T08:30:02+00:00 DEBUG (7): Starting Order Import process for store: Retail (1)
2015-04-12T08:30:02+00:00 DEBUG (7): Starting Order Import process for store: Wholesale (2)
2015-04-12T08:45:02+00:00 DEBUG (7): Starting Order Import process for store: Admin (0)
2015-04-12T08:45:02+00:00 DEBUG (7): Starting Order Import process for store: International (3)
2015-04-12T08:45:02+00:00 DEBUG (7): Starting Order Import process for store: Retail (1)
2015-04-12T08:45:02+00:00 DEBUG (7): Starting Order Import process for store: Wholesale (2)
2015-04-12T09:00:07+00:00 DEBUG (7): Starting Order Import process for store: Admin (0)
2015-04-12T09:00:07+00:00 DEBUG (7): Starting Order Import process for store: International (3)
2015-04-12T09:00:07+00:00 DEBUG (7): Starting Order Import process for store: Retail (1)
2015-04-12T09:00:07+00:00 DEBUG (7): Starting Order Import process for store: Wholesale (2)
2015-04-12T09:15:02+00:00 DEBUG (7): Starting Order Import process for store: Admin (0)
2015-04-12T09:15:02+00:00 DEBUG (7): Starting Order Import process for store: International (3)
2015-04-12T09:15:02+00:00 DEBUG (7): Starting Order Import process for store: Retail (1)
2015-04-12T09:15:02+00:00 DEBUG (7): Starting Order Import process for store: Wholesale (2)
2015-04-12T09:35:02+00:00 DEBUG (7): Starting Order Import process for store: Admin (0)
2015-04-12T09:35:02+00:00 DEBUG (7): Starting Order Import process for store: International (3)
2015-04-12T09:35:02+00:00 DEBUG (7): Starting Order Import process for store: Retail (1)
2015-04-12T09:35:02+00:00 DEBUG (7): Starting Order Import process for store: Wholesale (2)
2015-04-12T09:45:02+00:00 DEBUG (7): Starting Order Import process for store: Admin (0)
2015-04-12T09:45:02+00:00 DEBUG (7): Starting Order Import process for store: International (3)
2015-04-12T09:45:02+00:00 DEBUG (7): Starting Order Import process for store: Retail (1)
2015-04-12T09:45:02+00:00 DEBUG (7): Starting Order Import process for store: Wholesale (2)
2015-04-12T10:00:02+00:00 DEBUG (7): Starting Order Import process for store: Admin (0)
2015-04-12T10:00:02+00:00 DEBUG (7): Starting Order Import process for store: International (3)
2015-04-12T10:00:02+00:00 DEBUG (7): Starting Order Import process for store: Retail (1)
2015-04-12T10:00:02+00:00 DEBUG (7): Starting Order Import process for store: Wholesale (2)
2015-04-12T10:15:02+00:00 DEBUG (7): Starting Order Import process for store: Admin (0)
2015-04-12T10:15:02+00:00 DEBUG (7): Starting Order Import process for store: International (3)
2015-04-12T10:15:02+00:00 DEBUG (7): Starting Order Import process for store: Retail (1)
2015-04-12T10:15:02+00:00 DEBUG (7): Starting Order Import process for store: Wholesale (2)
2015-04-12T10:30:02+00:00 DEBUG (7): Starting Order Import process for store: Admin (0)
2015-04-12T10:30:02+00:00 DEBUG (7): Starting Order Import process for store: International (3)
2015-04-12T10:30:02+00:00 DEBUG (7): Starting Order Import process for store: Retail (1)
2015-04-12T10:30:02+00:00 DEBUG (7): Starting Order Import process for store: Wholesale (2)
2015-04-12T10:45:02+00:00 DEBUG (7): Starting Order Import process for store: Admin (0)
2015-04-12T10:45:02+00:00 DEBUG (7): Starting Order Import process for store: International (3)
2015-04-12T10:45:02+00:00 DEBUG (7): Starting Order Import process for store: Retail (1)
2015-04-12T10:45:02+00:00 DEBUG (7): Starting Order Import process for store: Wholesale (2)
2015-04-12T11:00:02+00:00 DEBUG (7): Starting Order Import process for store: Admin (0)
2015-04-12T11:00:02+00:00 DEBUG (7): Starting Order Import process for store: International (3)
2015-04-12T11:00:02+00:00 DEBUG (7): Starting Order Import process for store: Retail (1)
2015-04-12T11:00:02+00:00 DEBUG (7): Starting Order Import process for store: Wholesale (2)
2015-04-12T11:15:02+00:00 DEBUG (7): Starting Order Import process for store: Admin (0)
2015-04-12T11:15:02+00:00 DEBUG (7): Starting Order Import process for store: International (3)
2015-04-12T11:15:02+00:00 DEBUG (7): Starting Order Import process for store: Retail (1)
2015-04-12T11:15:02+00:00 DEBUG (7): Starting Order Import process for store: Wholesale (2)
2015-04-12T11:30:02+00:00 DEBUG (7): Starting Order Import process for store: Admin (0)
2015-04-12T11:30:02+00:00 DEBUG (7): Starting Order Import process for store: International (3)
2015-04-12T11:30:02+00:00 DEBUG (7): Starting Order Import process for store: Retail (1)
2015-04-12T11:30:02+00:00 DEBUG (7): Starting Order Import process for store: Wholesale (2)
2015-04-12T11:45:02+00:00 DEBUG (7): Starting Order Import process for store: Admin (0)
2015-04-12T11:45:02+00:00 DEBUG (7): Starting Order Import process for store: International (3)
2015-04-12T11:45:02+00:00 DEBUG (7): Starting Order Import process for store: Retail (1)
2015-04-12T11:45:02+00:00 DEBUG (7): Starting Order Import process for store: Wholesale (2)
2015-04-12T12:05:04+00:00 DEBUG (7): Starting Order Import process for store: Admin (0)
2015-04-12T12:05:04+00:00 DEBUG (7): Starting Order Import process for store: International (3)
2015-04-12T12:05:04+00:00 DEBUG (7): Starting Order Import process for store: Retail (1)
2015-04-12T12:05:04+00:00 DEBUG (7): Starting Order Import process for store: Wholesale (2)
2015-04-12T12:15:02+00:00 DEBUG (7): Starting Order Import process for store: Admin (0)
2015-04-12T12:15:02+00:00 DEBUG (7): Starting Order Import process for store: International (3)
2015-04-12T12:15:02+00:00 DEBUG (7): Starting Order Import process for store: Retail (1)
2015-04-12T12:15:02+00:00 DEBUG (7): Starting Order Import process for store: Wholesale (2)
2015-04-12T12:30:02+00:00 DEBUG (7): Starting Order Import process for store: Admin (0)
2015-04-12T12:30:02+00:00 DEBUG (7): Starting Order Import process for store: International (3)
2015-04-12T12:30:02+00:00 DEBUG (7): Starting Order Import process for store: Retail (1)
2015-04-12T12:30:02+00:00 DEBUG (7): Starting Order Import process for store: Wholesale (2)
2015-04-12T12:45:02+00:00 DEBUG (7): Starting Order Import process for store: Admin (0)
2015-04-12T12:45:02+00:00 DEBUG (7): Starting Order Import process for store: International (3)
2015-04-12T12:45:02+00:00 DEBUG (7): Starting Order Import process for store: Retail (1)
2015-04-12T12:45:02+00:00 DEBUG (7): Starting Order Import process for store: Wholesale (2)
2015-04-12T13:00:02+00:00 DEBUG (7): Starting Order Import process for store: Admin (0)
2015-04-12T13:00:02+00:00 DEBUG (7): Starting Order Import process for store: International (3)
2015-04-12T13:00:02+00:00 DEBUG (7): Starting Order Import process for store: Retail (1)
2015-04-12T13:00:02+00:00 DEBUG (7): Starting Order Import process for store: Wholesale (2)
2015-04-12T13:15:02+00:00 DEBUG (7): Starting Order Import process for store: Admin (0)
2015-04-12T13:15:02+00:00 DEBUG (7): Starting Order Import process for store: International (3)
2015-04-12T13:15:02+00:00 DEBUG (7): Starting Order Import process for store: Retail (1)
2015-04-12T13:15:02+00:00 DEBUG (7): Starting Order Import process for store: Wholesale (2)
2015-04-12T13:30:02+00:00 DEBUG (7): Starting Order Import process for store: Admin (0)
2015-04-12T13:30:02+00:00 DEBUG (7): Starting Order Import process for store: International (3)
2015-04-12T13:30:02+00:00 DEBUG (7): Starting Order Import process for store: Retail (1)
2015-04-12T13:30:02+00:00 DEBUG (7): Starting Order Import process for store: Wholesale (2)
2015-04-12T13:45:02+00:00 DEBUG (7): Starting Order Import process for store: Admin (0)
2015-04-12T13:45:02+00:00 DEBUG (7): Starting Order Import process for store: International (3)
2015-04-12T13:45:02+00:00 DEBUG (7): Starting Order Import process for store: Retail (1)
2015-04-12T13:45:02+00:00 DEBUG (7): Starting Order Import process for store: Wholesale (2)
2015-04-12T14:00:02+00:00 DEBUG (7): Starting Order Import process for store: Admin (0)
2015-04-12T14:00:02+00:00 DEBUG (7): Starting Order Import process for store: International (3)
2015-04-12T14:00:02+00:00 DEBUG (7): Starting Order Import process for store: Retail (1)
2015-04-12T14:00:02+00:00 DEBUG (7): Starting Order Import process for store: Wholesale (2)
2015-04-12T14:20:02+00:00 DEBUG (7): Starting Order Import process for store: Admin (0)
2015-04-12T14:20:02+00:00 DEBUG (7): Starting Order Import process for store: International (3)
2015-04-12T14:20:02+00:00 DEBUG (7): Starting Order Import process for store: Retail (1)
2015-04-12T14:20:02+00:00 DEBUG (7): Starting Order Import process for store: Wholesale (2)
2015-04-12T14:30:02+00:00 DEBUG (7): Starting Order Import process for store: Admin (0)
2015-04-12T14:30:02+00:00 DEBUG (7): Starting Order Import process for store: International (3)
2015-04-12T14:30:02+00:00 DEBUG (7): Starting Order Import process for store: Retail (1)
2015-04-12T14:30:02+00:00 DEBUG (7): Starting Order Import process for store: Wholesale (2)
2015-04-12T14:45:02+00:00 DEBUG (7): Starting Order Import process for store: Admin (0)
2015-04-12T14:45:02+00:00 DEBUG (7): Starting Order Import process for store: International (3)
2015-04-12T14:45:02+00:00 DEBUG (7): Starting Order Import process for store: Retail (1)
2015-04-12T14:45:02+00:00 DEBUG (7): Starting Order Import process for store: Wholesale (2)
2015-04-12T15:00:02+00:00 DEBUG (7): Starting Order Import process for store: Admin (0)
2015-04-12T15:00:02+00:00 DEBUG (7): Starting Order Import process for store: International (3)
2015-04-12T15:00:02+00:00 DEBUG (7): Starting Order Import process for store: Retail (1)
2015-04-12T15:00:02+00:00 DEBUG (7): Starting Order Import process for store: Wholesale (2)
2015-04-12T15:15:02+00:00 DEBUG (7): Starting Order Import process for store: Admin (0)
2015-04-12T15:15:02+00:00 DEBUG (7): Starting Order Import process for store: International (3)
2015-04-12T15:15:02+00:00 DEBUG (7): Starting Order Import process for store: Retail (1)
2015-04-12T15:15:02+00:00 DEBUG (7): Starting Order Import process for store: Wholesale (2)
2015-04-12T15:30:02+00:00 DEBUG (7): Starting Order Import process for store: Admin (0)
2015-04-12T15:30:02+00:00 DEBUG (7): Starting Order Import process for store: International (3)
2015-04-12T15:30:02+00:00 DEBUG (7): Starting Order Import process for store: Retail (1)
2015-04-12T15:30:02+00:00 DEBUG (7): Starting Order Import process for store: Wholesale (2)
2015-04-12T15:45:02+00:00 DEBUG (7): Starting Order Import process for store: Admin (0)
2015-04-12T15:45:02+00:00 DEBUG (7): Starting Order Import process for store: International (3)
2015-04-12T15:45:02+00:00 DEBUG (7): Starting Order Import process for store: Retail (1)
2015-04-12T15:45:02+00:00 DEBUG (7): Starting Order Import process for store: Wholesale (2)
2015-04-12T16:00:02+00:00 DEBUG (7): Starting Order Import process for store: Admin (0)
2015-04-12T16:00:02+00:00 DEBUG (7): Starting Order Import process for store: International (3)
2015-04-12T16:00:02+00:00 DEBUG (7): Starting Order Import process for store: Retail (1)
2015-04-12T16:00:02+00:00 DEBUG (7): Starting Order Import process for store: Wholesale (2)
2015-04-12T16:15:02+00:00 DEBUG (7): Starting Order Import process for store: Admin (0)
2015-04-12T16:15:02+00:00 DEBUG (7): Starting Order Import process for store: International (3)
2015-04-12T16:15:02+00:00 DEBUG (7): Starting Order Import process for store: Retail (1)
2015-04-12T16:15:02+00:00 DEBUG (7): Starting Order Import process for store: Wholesale (2)
2015-04-12T16:30:02+00:00 DEBUG (7): Starting Order Import process for store: Admin (0)
2015-04-12T16:30:02+00:00 DEBUG (7): Starting Order Import process for store: International (3)
2015-04-12T16:30:02+00:00 DEBUG (7): Starting Order Import process for store: Retail (1)
2015-04-12T16:30:02+00:00 DEBUG (7): Starting Order Import process for store: Wholesale (2)
2015-04-12T16:45:02+00:00 DEBUG (7): Starting Order Import process for store: Admin (0)
2015-04-12T16:45:02+00:00 DEBUG (7): Starting Order Import process for store: International (3)
2015-04-12T16:45:02+00:00 DEBUG (7): Starting Order Import process for store: Retail (1)
2015-04-12T16:45:02+00:00 DEBUG (7): Starting Order Import process for store: Wholesale (2)
2015-04-12T17:00:02+00:00 DEBUG (7): Starting Order Import process for store: Admin (0)
2015-04-12T17:00:02+00:00 DEBUG (7): Starting Order Import process for store: International (3)
2015-04-12T17:00:02+00:00 DEBUG (7): Starting Order Import process for store: Retail (1)
2015-04-12T17:00:02+00:00 DEBUG (7): Starting Order Import process for store: Wholesale (2)
2015-04-12T17:15:02+00:00 DEBUG (7): Starting Order Import process for store: Admin (0)
2015-04-12T17:15:02+00:00 DEBUG (7): Starting Order Import process for store: International (3)
2015-04-12T17:15:02+00:00 DEBUG (7): Starting Order Import process for store: Retail (1)
2015-04-12T17:15:02+00:00 DEBUG (7): Starting Order Import process for store: Wholesale (2)
2015-04-12T17:35:02+00:00 DEBUG (7): Starting Order Import process for store: Admin (0)
2015-04-12T17:35:02+00:00 DEBUG (7): Starting Order Import process for store: International (3)
2015-04-12T17:35:02+00:00 DEBUG (7): Starting Order Import process for store: Retail (1)
2015-04-12T17:35:02+00:00 DEBUG (7): Starting Order Import process for store: Wholesale (2)
2015-04-12T17:45:02+00:00 DEBUG (7): Starting Order Import process for store: Admin (0)
2015-04-12T17:45:02+00:00 DEBUG (7): Starting Order Import process for store: International (3)
2015-04-12T17:45:02+00:00 DEBUG (7): Starting Order Import process for store: Retail (1)
2015-04-12T17:45:02+00:00 DEBUG (7): Starting Order Import process for store: Wholesale (2)
2015-04-12T18:00:02+00:00 DEBUG (7): Starting Order Import process for store: Admin (0)
2015-04-12T18:00:02+00:00 DEBUG (7): Starting Order Import process for store: International (3)
2015-04-12T18:00:02+00:00 DEBUG (7): Starting Order Import process for store: Retail (1)
2015-04-12T18:00:02+00:00 DEBUG (7): Starting Order Import process for store: Wholesale (2)
2015-04-12T18:15:02+00:00 DEBUG (7): Starting Order Import process for store: Admin (0)
2015-04-12T18:15:02+00:00 DEBUG (7): Starting Order Import process for store: International (3)
2015-04-12T18:15:02+00:00 DEBUG (7): Starting Order Import process for store: Retail (1)
2015-04-12T18:15:02+00:00 DEBUG (7): Starting Order Import process for store: Wholesale (2)
2015-04-12T18:30:02+00:00 DEBUG (7): Starting Order Import process for store: Admin (0)
2015-04-12T18:30:02+00:00 DEBUG (7): Starting Order Import process for store: International (3)
2015-04-12T18:30:02+00:00 DEBUG (7): Starting Order Import process for store: Retail (1)
2015-04-12T18:30:02+00:00 DEBUG (7): Starting Order Import process for store: Wholesale (2)
2015-04-12T18:45:02+00:00 DEBUG (7): Starting Order Import process for store: Admin (0)
2015-04-12T18:45:02+00:00 DEBUG (7): Starting Order Import process for store: International (3)
2015-04-12T18:45:02+00:00 DEBUG (7): Starting Order Import process for store: Retail (1)
2015-04-12T18:45:02+00:00 DEBUG (7): Starting Order Import process for store: Wholesale (2)
2015-04-12T19:05:03+00:00 DEBUG (7): Starting Order Import process for store: Admin (0)
2015-04-12T19:05:03+00:00 DEBUG (7): Starting Order Import process for store: International (3)
2015-04-12T19:05:03+00:00 DEBUG (7): Starting Order Import process for store: Retail (1)
2015-04-12T19:05:03+00:00 DEBUG (7): Starting Order Import process for store: Wholesale (2)
2015-04-12T19:15:02+00:00 DEBUG (7): Starting Order Import process for store: Admin (0)
2015-04-12T19:15:02+00:00 DEBUG (7): Starting Order Import process for store: International (3)
2015-04-12T19:15:02+00:00 DEBUG (7): Starting Order Import process for store: Retail (1)
2015-04-12T19:15:02+00:00 DEBUG (7): Starting Order Import process for store: Wholesale (2)
2015-04-12T19:30:02+00:00 DEBUG (7): Starting Order Import process for store: Admin (0)
2015-04-12T19:30:02+00:00 DEBUG (7): Starting Order Import process for store: International (3)
2015-04-12T19:30:02+00:00 DEBUG (7): Starting Order Import process for store: Retail (1)
2015-04-12T19:30:02+00:00 DEBUG (7): Starting Order Import process for store: Wholesale (2)
2015-04-12T19:45:02+00:00 DEBUG (7): Starting Order Import process for store: Admin (0)
2015-04-12T19:45:02+00:00 DEBUG (7): Starting Order Import process for store: International (3)
2015-04-12T19:45:02+00:00 DEBUG (7): Starting Order Import process for store: Retail (1)
2015-04-12T19:45:02+00:00 DEBUG (7): Starting Order Import process for store: Wholesale (2)
2015-04-12T20:00:02+00:00 DEBUG (7): Starting Order Import process for store: Admin (0)
2015-04-12T20:00:02+00:00 DEBUG (7): Starting Order Import process for store: International (3)
2015-04-12T20:00:02+00:00 DEBUG (7): Starting Order Import process for store: Retail (1)
2015-04-12T20:00:02+00:00 DEBUG (7): Starting Order Import process for store: Wholesale (2)
2015-04-12T20:15:02+00:00 DEBUG (7): Starting Order Import process for store: Admin (0)
2015-04-12T20:15:02+00:00 DEBUG (7): Starting Order Import process for store: International (3)
2015-04-12T20:15:02+00:00 DEBUG (7): Starting Order Import process for store: Retail (1)
2015-04-12T20:15:02+00:00 DEBUG (7): Starting Order Import process for store: Wholesale (2)
2015-04-12T20:30:02+00:00 DEBUG (7): Starting Order Import process for store: Admin (0)
2015-04-12T20:30:02+00:00 DEBUG (7): Starting Order Import process for store: International (3)
2015-04-12T20:30:02+00:00 DEBUG (7): Starting Order Import process for store: Retail (1)
2015-04-12T20:30:02+00:00 DEBUG (7): Starting Order Import process for store: Wholesale (2)
2015-04-12T20:45:02+00:00 DEBUG (7): Starting Order Import process for store: Admin (0)
2015-04-12T20:45:02+00:00 DEBUG (7): Starting Order Import process for store: International (3)
2015-04-12T20:45:02+00:00 DEBUG (7): Starting Order Import process for store: Retail (1)
2015-04-12T20:45:02+00:00 DEBUG (7): Starting Order Import process for store: Wholesale (2)
2015-04-12T21:00:02+00:00 DEBUG (7): Starting Order Import process for store: Admin (0)
2015-04-12T21:00:02+00:00 DEBUG (7): Starting Order Import process for store: International (3)
2015-04-12T21:00:02+00:00 DEBUG (7): Starting Order Import process for store: Retail (1)
2015-04-12T21:00:02+00:00 DEBUG (7):  Importing: New, Pending Payment, Processing, Complete, Payment Review
2015-04-12T21:00:02+00:00 DEBUG (7):   Deleting: Closed, Canceled, On Hold
2015-04-12T21:00:02+00:00 DEBUG (7):   Processing Order ID: 41283 	 #200034158
2015-04-12T21:00:04+00:00 DEBUG (7):   Flush resulted in 1 orders processed
2015-04-12T21:00:04+00:00 DEBUG (7):   Success: 1
2015-04-12T21:00:04+00:00 DEBUG (7):   Error:   0
2015-04-12T21:00:04+00:00 DEBUG (7):   Total:   1
2015-04-12T21:00:04+00:00 DEBUG (7): Starting Order Import process for store: Wholesale (2)
2015-04-12T21:15:02+00:00 DEBUG (7): Starting Order Import process for store: Admin (0)
2015-04-12T21:15:02+00:00 DEBUG (7): Starting Order Import process for store: International (3)
2015-04-12T21:15:02+00:00 DEBUG (7): Starting Order Import process for store: Retail (1)
2015-04-12T21:15:02+00:00 DEBUG (7):  Importing: New, Pending Payment, Processing, Complete, Payment Review
2015-04-12T21:15:02+00:00 DEBUG (7):   Deleting: Closed, Canceled, On Hold
2015-04-12T21:15:02+00:00 DEBUG (7):   Processing Order ID: 41284 	 #200034159
2015-04-12T21:15:04+00:00 DEBUG (7):   Flush resulted in 1 orders processed
2015-04-12T21:15:04+00:00 DEBUG (7):   Success: 1
2015-04-12T21:15:04+00:00 DEBUG (7):   Error:   0
2015-04-12T21:15:04+00:00 DEBUG (7):   Total:   1
2015-04-12T21:15:04+00:00 DEBUG (7): Starting Order Import process for store: Wholesale (2)
2015-04-12T21:30:02+00:00 DEBUG (7): Starting Order Import process for store: Admin (0)
2015-04-12T21:30:02+00:00 DEBUG (7): Starting Order Import process for store: International (3)
2015-04-12T21:30:02+00:00 DEBUG (7): Starting Order Import process for store: Retail (1)
2015-04-12T21:30:02+00:00 DEBUG (7): Starting Order Import process for store: Wholesale (2)
2015-04-12T21:45:02+00:00 DEBUG (7): Starting Order Import process for store: Admin (0)
2015-04-12T21:45:02+00:00 DEBUG (7): Starting Order Import process for store: International (3)
2015-04-12T21:45:02+00:00 DEBUG (7): Starting Order Import process for store: Retail (1)
2015-04-12T21:45:02+00:00 DEBUG (7):  Importing: New, Pending Payment, Processing, Complete, Payment Review
2015-04-12T21:45:02+00:00 DEBUG (7):   Deleting: Closed, Canceled, On Hold
2015-04-12T21:45:02+00:00 DEBUG (7):   Processing Order ID: 41285 	 #200034160
2015-04-12T21:45:03+00:00 DEBUG (7):   Flush resulted in 1 orders processed
2015-04-12T21:45:03+00:00 DEBUG (7):   Success: 1
2015-04-12T21:45:03+00:00 DEBUG (7):   Error:   0
2015-04-12T21:45:03+00:00 DEBUG (7):   Total:   1
2015-04-12T21:45:03+00:00 DEBUG (7): Starting Order Import process for store: Wholesale (2)
2015-04-12T22:05:02+00:00 DEBUG (7): Starting Order Import process for store: Admin (0)
2015-04-12T22:05:02+00:00 DEBUG (7): Starting Order Import process for store: International (3)
2015-04-12T22:05:02+00:00 DEBUG (7): Starting Order Import process for store: Retail (1)
2015-04-12T22:05:02+00:00 DEBUG (7): Starting Order Import process for store: Wholesale (2)
2015-04-12T22:15:02+00:00 DEBUG (7): Starting Order Import process for store: Admin (0)
2015-04-12T22:15:02+00:00 DEBUG (7): Starting Order Import process for store: International (3)
2015-04-12T22:15:02+00:00 DEBUG (7): Starting Order Import process for store: Retail (1)
2015-04-12T22:15:02+00:00 DEBUG (7): Starting Order Import process for store: Wholesale (2)
2015-04-12T22:30:02+00:00 DEBUG (7): Starting Order Import process for store: Admin (0)
2015-04-12T22:30:03+00:00 DEBUG (7): Starting Order Import process for store: International (3)
2015-04-12T22:30:03+00:00 DEBUG (7): Starting Order Import process for store: Retail (1)
2015-04-12T22:30:03+00:00 DEBUG (7):  Importing: New, Pending Payment, Processing, Complete, Payment Review
2015-04-12T22:30:03+00:00 DEBUG (7):   Deleting: Closed, Canceled, On Hold
2015-04-12T22:30:03+00:00 DEBUG (7):   Processing Order ID: 41286 	 #200034161
2015-04-12T22:30:04+00:00 DEBUG (7):   Flush resulted in 1 orders processed
2015-04-12T22:30:04+00:00 DEBUG (7):   Success: 1
2015-04-12T22:30:04+00:00 DEBUG (7):   Error:   0
2015-04-12T22:30:04+00:00 DEBUG (7):   Total:   1
2015-04-12T22:30:04+00:00 DEBUG (7): Starting Order Import process for store: Wholesale (2)
2015-04-12T22:45:02+00:00 DEBUG (7): Starting Order Import process for store: Admin (0)
2015-04-12T22:45:02+00:00 DEBUG (7): Starting Order Import process for store: International (3)
2015-04-12T22:45:02+00:00 DEBUG (7): Starting Order Import process for store: Retail (1)
2015-04-12T22:45:02+00:00 DEBUG (7): Starting Order Import process for store: Wholesale (2)
2015-04-12T23:00:02+00:00 DEBUG (7): Starting Order Import process for store: Admin (0)
2015-04-12T23:00:02+00:00 DEBUG (7): Starting Order Import process for store: International (3)
2015-04-12T23:00:02+00:00 DEBUG (7): Starting Order Import process for store: Retail (1)
2015-04-12T23:00:02+00:00 DEBUG (7): Starting Order Import process for store: Wholesale (2)
2015-04-12T23:15:02+00:00 DEBUG (7): Starting Order Import process for store: Admin (0)
2015-04-12T23:15:02+00:00 DEBUG (7): Starting Order Import process for store: International (3)
2015-04-12T23:15:02+00:00 DEBUG (7): Starting Order Import process for store: Retail (1)
2015-04-12T23:15:02+00:00 DEBUG (7):  Importing: New, Pending Payment, Processing, Complete, Payment Review
2015-04-12T23:15:02+00:00 DEBUG (7):   Deleting: Closed, Canceled, On Hold
2015-04-12T23:15:02+00:00 DEBUG (7):   Processing Order ID: 41287 	 #200034162
2015-04-12T23:15:04+00:00 DEBUG (7):   Flush resulted in 1 orders processed
2015-04-12T23:15:04+00:00 DEBUG (7):   Success: 1
2015-04-12T23:15:04+00:00 DEBUG (7):   Error:   0
2015-04-12T23:15:04+00:00 DEBUG (7):   Total:   1
2015-04-12T23:15:04+00:00 DEBUG (7): Starting Order Import process for store: Wholesale (2)
2015-04-12T23:35:02+00:00 DEBUG (7): Starting Order Import process for store: Admin (0)
2015-04-12T23:35:02+00:00 DEBUG (7): Starting Order Import process for store: International (3)
2015-04-12T23:35:02+00:00 DEBUG (7): Starting Order Import process for store: Retail (1)
2015-04-12T23:35:02+00:00 DEBUG (7): Starting Order Import process for store: Wholesale (2)
2015-04-12T23:45:02+00:00 DEBUG (7): Starting Order Import process for store: Admin (0)
2015-04-12T23:45:02+00:00 DEBUG (7): Starting Order Import process for store: International (3)
2015-04-12T23:45:02+00:00 DEBUG (7): Starting Order Import process for store: Retail (1)
2015-04-12T23:45:02+00:00 DEBUG (7):  Importing: New, Pending Payment, Processing, Complete, Payment Review
2015-04-12T23:45:02+00:00 DEBUG (7):   Deleting: Closed, Canceled, On Hold
2015-04-12T23:45:02+00:00 DEBUG (7):   Processing Order ID: 41288 	 #200034163
2015-04-12T23:45:04+00:00 DEBUG (7):   Flush resulted in 1 orders processed
2015-04-12T23:45:04+00:00 DEBUG (7):   Success: 1
2015-04-12T23:45:04+00:00 DEBUG (7):   Error:   0
2015-04-12T23:45:04+00:00 DEBUG (7):   Total:   1
2015-04-12T23:45:04+00:00 DEBUG (7): Starting Order Import process for store: Wholesale (2)
