2015-04-10T00:00:03+00:00 DEBUG (7): Starting Order Import process for store: Admin (0)
2015-04-10T00:00:03+00:00 DEBUG (7): Starting Order Import process for store: International (3)
2015-04-10T00:00:03+00:00 DEBUG (7): Starting Order Import process for store: Retail (1)
2015-04-10T00:00:03+00:00 DEBUG (7):  Importing: New, Pending Payment, Processing, Complete, Payment Review
2015-04-10T00:00:03+00:00 DEBUG (7):   Deleting: Closed, Canceled, On Hold
2015-04-10T00:00:03+00:00 DEBUG (7):   Processing Order ID: 41240 	 #200034124
2015-04-10T00:00:04+00:00 DEBUG (7):   Flush resulted in 1 orders processed
2015-04-10T00:00:04+00:00 DEBUG (7):   Success: 1
2015-04-10T00:00:04+00:00 DEBUG (7):   Error:   0
2015-04-10T00:00:04+00:00 DEBUG (7):   Total:   1
2015-04-10T00:00:04+00:00 DEBUG (7): Starting Order Import process for store: Wholesale (2)
2015-04-10T00:15:02+00:00 DEBUG (7): Starting Order Import process for store: Admin (0)
2015-04-10T00:15:02+00:00 DEBUG (7): Starting Order Import process for store: International (3)
2015-04-10T00:15:02+00:00 DEBUG (7): Starting Order Import process for store: Retail (1)
2015-04-10T00:15:02+00:00 DEBUG (7): Starting Order Import process for store: Wholesale (2)
2015-04-10T00:30:02+00:00 DEBUG (7): Starting Order Import process for store: Admin (0)
2015-04-10T00:30:02+00:00 DEBUG (7): Starting Order Import process for store: International (3)
2015-04-10T00:30:02+00:00 DEBUG (7): Starting Order Import process for store: Retail (1)
2015-04-10T00:30:02+00:00 DEBUG (7): Starting Order Import process for store: Wholesale (2)
2015-04-10T00:50:02+00:00 DEBUG (7): Starting Order Import process for store: Admin (0)
2015-04-10T00:50:02+00:00 DEBUG (7): Starting Order Import process for store: International (3)
2015-04-10T00:50:02+00:00 DEBUG (7): Starting Order Import process for store: Retail (1)
2015-04-10T00:50:02+00:00 DEBUG (7): Starting Order Import process for store: Wholesale (2)
2015-04-10T01:00:02+00:00 DEBUG (7): Starting Order Import process for store: Admin (0)
2015-04-10T01:00:02+00:00 DEBUG (7): Starting Order Import process for store: International (3)
2015-04-10T01:00:02+00:00 DEBUG (7): Starting Order Import process for store: Retail (1)
2015-04-10T01:00:02+00:00 DEBUG (7): Starting Order Import process for store: Wholesale (2)
2015-04-10T01:15:02+00:00 DEBUG (7): Starting Order Import process for store: Admin (0)
2015-04-10T01:15:02+00:00 DEBUG (7): Starting Order Import process for store: International (3)
2015-04-10T01:15:02+00:00 DEBUG (7): Starting Order Import process for store: Retail (1)
2015-04-10T01:15:02+00:00 DEBUG (7):  Importing: New, Pending Payment, Processing, Complete, Payment Review
2015-04-10T01:15:02+00:00 DEBUG (7):   Deleting: Closed, Canceled, On Hold
2015-04-10T01:15:02+00:00 DEBUG (7):   Processing Order ID: 41241 	 #200034125
2015-04-10T01:15:07+00:00 DEBUG (7):   Flush resulted in 1 orders processed
2015-04-10T01:15:07+00:00 DEBUG (7):   Success: 1
2015-04-10T01:15:07+00:00 DEBUG (7):   Error:   0
2015-04-10T01:15:07+00:00 DEBUG (7):   Total:   1
2015-04-10T01:15:07+00:00 DEBUG (7): Starting Order Import process for store: Wholesale (2)
2015-04-10T01:30:02+00:00 DEBUG (7): Starting Order Import process for store: Admin (0)
2015-04-10T01:30:02+00:00 DEBUG (7): Starting Order Import process for store: International (3)
2015-04-10T01:30:02+00:00 DEBUG (7): Starting Order Import process for store: Retail (1)
2015-04-10T01:30:02+00:00 DEBUG (7):  Importing: New, Pending Payment, Processing, Complete, Payment Review
2015-04-10T01:30:02+00:00 DEBUG (7):   Deleting: Closed, Canceled, On Hold
2015-04-10T01:30:02+00:00 DEBUG (7):   Processing Order ID: 41242 	 #200034126
2015-04-10T01:30:04+00:00 DEBUG (7):   Flush resulted in 1 orders processed
2015-04-10T01:30:04+00:00 DEBUG (7):   Success: 1
2015-04-10T01:30:04+00:00 DEBUG (7):   Error:   0
2015-04-10T01:30:04+00:00 DEBUG (7):   Total:   1
2015-04-10T01:30:04+00:00 DEBUG (7): Starting Order Import process for store: Wholesale (2)
2015-04-10T01:45:05+00:00 DEBUG (7): Starting Order Import process for store: Admin (0)
2015-04-10T01:45:05+00:00 DEBUG (7): Starting Order Import process for store: International (3)
2015-04-10T01:45:05+00:00 DEBUG (7): Starting Order Import process for store: Retail (1)
2015-04-10T01:45:05+00:00 DEBUG (7): Starting Order Import process for store: Wholesale (2)
2015-04-10T02:00:02+00:00 DEBUG (7): Starting Order Import process for store: Admin (0)
2015-04-10T02:00:02+00:00 DEBUG (7): Starting Order Import process for store: International (3)
2015-04-10T02:00:02+00:00 DEBUG (7): Starting Order Import process for store: Retail (1)
2015-04-10T02:00:02+00:00 DEBUG (7): Starting Order Import process for store: Wholesale (2)
2015-04-10T02:15:02+00:00 DEBUG (7): Starting Order Import process for store: Admin (0)
2015-04-10T02:15:02+00:00 DEBUG (7): Starting Order Import process for store: International (3)
2015-04-10T02:15:02+00:00 DEBUG (7): Starting Order Import process for store: Retail (1)
2015-04-10T02:15:02+00:00 DEBUG (7): Starting Order Import process for store: Wholesale (2)
2015-04-10T02:30:02+00:00 DEBUG (7): Starting Order Import process for store: Admin (0)
2015-04-10T02:30:02+00:00 DEBUG (7): Starting Order Import process for store: International (3)
2015-04-10T02:30:02+00:00 DEBUG (7): Starting Order Import process for store: Retail (1)
2015-04-10T02:30:02+00:00 DEBUG (7): Starting Order Import process for store: Wholesale (2)
2015-04-10T02:45:02+00:00 DEBUG (7): Starting Order Import process for store: Admin (0)
2015-04-10T02:45:02+00:00 DEBUG (7): Starting Order Import process for store: International (3)
2015-04-10T02:45:02+00:00 DEBUG (7): Starting Order Import process for store: Retail (1)
2015-04-10T02:45:02+00:00 DEBUG (7): Starting Order Import process for store: Wholesale (2)
2015-04-10T03:05:01+00:00 DEBUG (7): Starting Order Import process for store: Admin (0)
2015-04-10T03:05:01+00:00 DEBUG (7): Starting Order Import process for store: International (3)
2015-04-10T03:05:01+00:00 DEBUG (7): Starting Order Import process for store: Retail (1)
2015-04-10T03:05:01+00:00 DEBUG (7): Starting Order Import process for store: Wholesale (2)
2015-04-10T03:15:02+00:00 DEBUG (7): Starting Order Import process for store: Admin (0)
2015-04-10T03:15:02+00:00 DEBUG (7): Starting Order Import process for store: International (3)
2015-04-10T03:15:02+00:00 DEBUG (7): Starting Order Import process for store: Retail (1)
2015-04-10T03:15:02+00:00 DEBUG (7): Starting Order Import process for store: Wholesale (2)
2015-04-10T03:30:02+00:00 DEBUG (7): Starting Order Import process for store: Admin (0)
2015-04-10T03:30:02+00:00 DEBUG (7): Starting Order Import process for store: International (3)
2015-04-10T03:30:02+00:00 DEBUG (7): Starting Order Import process for store: Retail (1)
2015-04-10T03:30:02+00:00 DEBUG (7): Starting Order Import process for store: Wholesale (2)
2015-04-10T03:45:02+00:00 DEBUG (7): Starting Order Import process for store: Admin (0)
2015-04-10T03:45:02+00:00 DEBUG (7): Starting Order Import process for store: International (3)
2015-04-10T03:45:02+00:00 DEBUG (7): Starting Order Import process for store: Retail (1)
2015-04-10T03:45:02+00:00 DEBUG (7): Starting Order Import process for store: Wholesale (2)
2015-04-10T04:00:02+00:00 DEBUG (7): Starting Order Import process for store: Admin (0)
2015-04-10T04:00:02+00:00 DEBUG (7): Starting Order Import process for store: International (3)
2015-04-10T04:00:02+00:00 DEBUG (7): Starting Order Import process for store: Retail (1)
2015-04-10T04:00:02+00:00 DEBUG (7): Starting Order Import process for store: Wholesale (2)
2015-04-10T04:15:02+00:00 DEBUG (7): Starting Order Import process for store: Admin (0)
2015-04-10T04:15:02+00:00 DEBUG (7): Starting Order Import process for store: International (3)
2015-04-10T04:15:02+00:00 DEBUG (7): Starting Order Import process for store: Retail (1)
2015-04-10T04:15:02+00:00 DEBUG (7): Starting Order Import process for store: Wholesale (2)
2015-04-10T04:30:02+00:00 DEBUG (7): Starting Order Import process for store: Admin (0)
2015-04-10T04:30:02+00:00 DEBUG (7): Starting Order Import process for store: International (3)
2015-04-10T04:30:02+00:00 DEBUG (7): Starting Order Import process for store: Retail (1)
2015-04-10T04:30:02+00:00 DEBUG (7): Starting Order Import process for store: Wholesale (2)
2015-04-10T04:45:02+00:00 DEBUG (7): Starting Order Import process for store: Admin (0)
2015-04-10T04:45:02+00:00 DEBUG (7): Starting Order Import process for store: International (3)
2015-04-10T04:45:02+00:00 DEBUG (7): Starting Order Import process for store: Retail (1)
2015-04-10T04:45:02+00:00 DEBUG (7): Starting Order Import process for store: Wholesale (2)
2015-04-10T05:00:02+00:00 DEBUG (7): Starting Order Import process for store: Admin (0)
2015-04-10T05:00:02+00:00 DEBUG (7): Starting Order Import process for store: International (3)
2015-04-10T05:00:02+00:00 DEBUG (7): Starting Order Import process for store: Retail (1)
2015-04-10T05:00:02+00:00 DEBUG (7): Starting Order Import process for store: Wholesale (2)
2015-04-10T05:15:02+00:00 DEBUG (7): Starting Order Import process for store: Admin (0)
2015-04-10T05:15:02+00:00 DEBUG (7): Starting Order Import process for store: International (3)
2015-04-10T05:15:02+00:00 DEBUG (7): Starting Order Import process for store: Retail (1)
2015-04-10T05:15:02+00:00 DEBUG (7): Starting Order Import process for store: Wholesale (2)
2015-04-10T05:30:02+00:00 DEBUG (7): Starting Order Import process for store: Admin (0)
2015-04-10T05:30:02+00:00 DEBUG (7): Starting Order Import process for store: International (3)
2015-04-10T05:30:02+00:00 DEBUG (7): Starting Order Import process for store: Retail (1)
2015-04-10T05:30:02+00:00 DEBUG (7): Starting Order Import process for store: Wholesale (2)
2015-04-10T05:45:02+00:00 DEBUG (7): Starting Order Import process for store: Admin (0)
2015-04-10T05:45:02+00:00 DEBUG (7): Starting Order Import process for store: International (3)
2015-04-10T05:45:02+00:00 DEBUG (7): Starting Order Import process for store: Retail (1)
2015-04-10T05:45:02+00:00 DEBUG (7): Starting Order Import process for store: Wholesale (2)
2015-04-10T06:00:02+00:00 DEBUG (7): Starting Order Import process for store: Admin (0)
2015-04-10T06:00:02+00:00 DEBUG (7): Starting Order Import process for store: International (3)
2015-04-10T06:00:02+00:00 DEBUG (7): Starting Order Import process for store: Retail (1)
2015-04-10T06:00:02+00:00 DEBUG (7): Starting Order Import process for store: Wholesale (2)
2015-04-10T06:15:02+00:00 DEBUG (7): Starting Order Import process for store: Admin (0)
2015-04-10T06:15:02+00:00 DEBUG (7): Starting Order Import process for store: International (3)
2015-04-10T06:15:02+00:00 DEBUG (7): Starting Order Import process for store: Retail (1)
2015-04-10T06:15:02+00:00 DEBUG (7): Starting Order Import process for store: Wholesale (2)
2015-04-10T06:30:02+00:00 DEBUG (7): Starting Order Import process for store: Admin (0)
2015-04-10T06:30:02+00:00 DEBUG (7): Starting Order Import process for store: International (3)
2015-04-10T06:30:02+00:00 DEBUG (7): Starting Order Import process for store: Retail (1)
2015-04-10T06:30:02+00:00 DEBUG (7): Starting Order Import process for store: Wholesale (2)
2015-04-10T06:45:02+00:00 DEBUG (7): Starting Order Import process for store: Admin (0)
2015-04-10T06:45:02+00:00 DEBUG (7): Starting Order Import process for store: International (3)
2015-04-10T06:45:02+00:00 DEBUG (7): Starting Order Import process for store: Retail (1)
2015-04-10T06:45:02+00:00 DEBUG (7): Starting Order Import process for store: Wholesale (2)
2015-04-10T07:05:12+00:00 DEBUG (7): Starting Order Import process for store: Admin (0)
2015-04-10T07:05:12+00:00 DEBUG (7): Starting Order Import process for store: International (3)
2015-04-10T07:05:12+00:00 DEBUG (7): Starting Order Import process for store: Retail (1)
2015-04-10T07:05:12+00:00 DEBUG (7): Starting Order Import process for store: Wholesale (2)
2015-04-10T07:15:02+00:00 DEBUG (7): Starting Order Import process for store: Admin (0)
2015-04-10T07:15:02+00:00 DEBUG (7): Starting Order Import process for store: International (3)
2015-04-10T07:15:02+00:00 DEBUG (7): Starting Order Import process for store: Retail (1)
2015-04-10T07:15:02+00:00 DEBUG (7): Starting Order Import process for store: Wholesale (2)
2015-04-10T07:30:02+00:00 DEBUG (7): Starting Order Import process for store: Admin (0)
2015-04-10T07:30:02+00:00 DEBUG (7): Starting Order Import process for store: International (3)
2015-04-10T07:30:02+00:00 DEBUG (7): Starting Order Import process for store: Retail (1)
2015-04-10T07:30:02+00:00 DEBUG (7): Starting Order Import process for store: Wholesale (2)
2015-04-10T07:45:02+00:00 DEBUG (7): Starting Order Import process for store: Admin (0)
2015-04-10T07:45:02+00:00 DEBUG (7): Starting Order Import process for store: International (3)
2015-04-10T07:45:02+00:00 DEBUG (7): Starting Order Import process for store: Retail (1)
2015-04-10T07:45:02+00:00 DEBUG (7): Starting Order Import process for store: Wholesale (2)
2015-04-10T08:00:30+00:00 DEBUG (7): Starting Order Import process for store: Admin (0)
2015-04-10T08:00:30+00:00 DEBUG (7): Starting Order Import process for store: International (3)
2015-04-10T08:00:30+00:00 DEBUG (7): Starting Order Import process for store: Retail (1)
2015-04-10T08:00:30+00:00 DEBUG (7): Starting Order Import process for store: Wholesale (2)
2015-04-10T08:15:02+00:00 DEBUG (7): Starting Order Import process for store: Admin (0)
2015-04-10T08:15:02+00:00 DEBUG (7): Starting Order Import process for store: International (3)
2015-04-10T08:15:02+00:00 DEBUG (7): Starting Order Import process for store: Retail (1)
2015-04-10T08:15:02+00:00 DEBUG (7): Starting Order Import process for store: Wholesale (2)
2015-04-10T08:30:02+00:00 DEBUG (7): Starting Order Import process for store: Admin (0)
2015-04-10T08:30:02+00:00 DEBUG (7): Starting Order Import process for store: International (3)
2015-04-10T08:30:02+00:00 DEBUG (7): Starting Order Import process for store: Retail (1)
2015-04-10T08:30:02+00:00 DEBUG (7): Starting Order Import process for store: Wholesale (2)
2015-04-10T08:45:02+00:00 DEBUG (7): Starting Order Import process for store: Admin (0)
2015-04-10T08:45:02+00:00 DEBUG (7): Starting Order Import process for store: International (3)
2015-04-10T08:45:02+00:00 DEBUG (7): Starting Order Import process for store: Retail (1)
2015-04-10T08:45:02+00:00 DEBUG (7): Starting Order Import process for store: Wholesale (2)
2015-04-10T09:00:07+00:00 DEBUG (7): Starting Order Import process for store: Admin (0)
2015-04-10T09:00:07+00:00 DEBUG (7): Starting Order Import process for store: International (3)
2015-04-10T09:00:07+00:00 DEBUG (7): Starting Order Import process for store: Retail (1)
2015-04-10T09:00:07+00:00 DEBUG (7): Starting Order Import process for store: Wholesale (2)
2015-04-10T09:15:02+00:00 DEBUG (7): Starting Order Import process for store: Admin (0)
2015-04-10T09:15:02+00:00 DEBUG (7): Starting Order Import process for store: International (3)
2015-04-10T09:15:02+00:00 DEBUG (7): Starting Order Import process for store: Retail (1)
2015-04-10T09:15:02+00:00 DEBUG (7): Starting Order Import process for store: Wholesale (2)
2015-04-10T09:35:02+00:00 DEBUG (7): Starting Order Import process for store: Admin (0)
2015-04-10T09:35:02+00:00 DEBUG (7): Starting Order Import process for store: International (3)
2015-04-10T09:35:02+00:00 DEBUG (7): Starting Order Import process for store: Retail (1)
2015-04-10T09:35:02+00:00 DEBUG (7): Starting Order Import process for store: Wholesale (2)
2015-04-10T09:45:03+00:00 DEBUG (7): Starting Order Import process for store: Admin (0)
2015-04-10T09:45:03+00:00 DEBUG (7): Starting Order Import process for store: International (3)
2015-04-10T09:45:03+00:00 DEBUG (7): Starting Order Import process for store: Retail (1)
2015-04-10T09:45:03+00:00 DEBUG (7): Starting Order Import process for store: Wholesale (2)
2015-04-10T10:00:03+00:00 DEBUG (7): Starting Order Import process for store: Admin (0)
2015-04-10T10:00:03+00:00 DEBUG (7): Starting Order Import process for store: International (3)
2015-04-10T10:00:03+00:00 DEBUG (7): Starting Order Import process for store: Retail (1)
2015-04-10T10:00:03+00:00 DEBUG (7): Starting Order Import process for store: Wholesale (2)
2015-04-10T10:15:02+00:00 DEBUG (7): Starting Order Import process for store: Admin (0)
2015-04-10T10:15:02+00:00 DEBUG (7): Starting Order Import process for store: International (3)
2015-04-10T10:15:02+00:00 DEBUG (7): Starting Order Import process for store: Retail (1)
2015-04-10T10:15:02+00:00 DEBUG (7): Starting Order Import process for store: Wholesale (2)
2015-04-10T10:30:02+00:00 DEBUG (7): Starting Order Import process for store: Admin (0)
2015-04-10T10:30:02+00:00 DEBUG (7): Starting Order Import process for store: International (3)
2015-04-10T10:30:02+00:00 DEBUG (7): Starting Order Import process for store: Retail (1)
2015-04-10T10:30:02+00:00 DEBUG (7): Starting Order Import process for store: Wholesale (2)
2015-04-10T10:45:02+00:00 DEBUG (7): Starting Order Import process for store: Admin (0)
2015-04-10T10:45:02+00:00 DEBUG (7): Starting Order Import process for store: International (3)
2015-04-10T10:45:02+00:00 DEBUG (7): Starting Order Import process for store: Retail (1)
2015-04-10T10:45:02+00:00 DEBUG (7): Starting Order Import process for store: Wholesale (2)
2015-04-10T11:00:02+00:00 DEBUG (7): Starting Order Import process for store: Admin (0)
2015-04-10T11:00:02+00:00 DEBUG (7): Starting Order Import process for store: International (3)
2015-04-10T11:00:02+00:00 DEBUG (7): Starting Order Import process for store: Retail (1)
2015-04-10T11:00:02+00:00 DEBUG (7): Starting Order Import process for store: Wholesale (2)
2015-04-10T11:15:02+00:00 DEBUG (7): Starting Order Import process for store: Admin (0)
2015-04-10T11:15:02+00:00 DEBUG (7): Starting Order Import process for store: International (3)
2015-04-10T11:15:02+00:00 DEBUG (7): Starting Order Import process for store: Retail (1)
2015-04-10T11:15:02+00:00 DEBUG (7): Starting Order Import process for store: Wholesale (2)
2015-04-10T11:30:02+00:00 DEBUG (7): Starting Order Import process for store: Admin (0)
2015-04-10T11:30:02+00:00 DEBUG (7): Starting Order Import process for store: International (3)
2015-04-10T11:30:02+00:00 DEBUG (7): Starting Order Import process for store: Retail (1)
2015-04-10T11:30:02+00:00 DEBUG (7): Starting Order Import process for store: Wholesale (2)
2015-04-10T11:45:02+00:00 DEBUG (7): Starting Order Import process for store: Admin (0)
2015-04-10T11:45:02+00:00 DEBUG (7): Starting Order Import process for store: International (3)
2015-04-10T11:45:02+00:00 DEBUG (7): Starting Order Import process for store: Retail (1)
2015-04-10T11:45:02+00:00 DEBUG (7): Starting Order Import process for store: Wholesale (2)
2015-04-10T12:00:05+00:00 DEBUG (7): Starting Order Import process for store: Admin (0)
2015-04-10T12:00:05+00:00 DEBUG (7): Starting Order Import process for store: International (3)
2015-04-10T12:00:05+00:00 DEBUG (7): Starting Order Import process for store: Retail (1)
2015-04-10T12:00:05+00:00 DEBUG (7): Starting Order Import process for store: Wholesale (2)
2015-04-10T12:15:03+00:00 DEBUG (7): Starting Order Import process for store: Admin (0)
2015-04-10T12:15:03+00:00 DEBUG (7): Starting Order Import process for store: International (3)
2015-04-10T12:15:03+00:00 DEBUG (7): Starting Order Import process for store: Retail (1)
2015-04-10T12:15:03+00:00 DEBUG (7):  Importing: New, Pending Payment, Processing, Complete, Payment Review
2015-04-10T12:15:03+00:00 DEBUG (7):   Deleting: Closed, Canceled, On Hold
2015-04-10T12:15:03+00:00 DEBUG (7):   Processing Order ID: 41244 	 #200034127
2015-04-10T12:15:05+00:00 DEBUG (7):   Flush resulted in 1 orders processed
2015-04-10T12:15:05+00:00 DEBUG (7):   Success: 1
2015-04-10T12:15:05+00:00 DEBUG (7):   Error:   0
2015-04-10T12:15:05+00:00 DEBUG (7):   Total:   1
2015-04-10T12:15:05+00:00 DEBUG (7): Starting Order Import process for store: Wholesale (2)
2015-04-10T12:30:02+00:00 DEBUG (7): Starting Order Import process for store: Admin (0)
2015-04-10T12:30:02+00:00 DEBUG (7): Starting Order Import process for store: International (3)
2015-04-10T12:30:02+00:00 DEBUG (7): Starting Order Import process for store: Retail (1)
2015-04-10T12:30:02+00:00 DEBUG (7): Starting Order Import process for store: Wholesale (2)
2015-04-10T12:45:02+00:00 DEBUG (7): Starting Order Import process for store: Admin (0)
2015-04-10T12:45:02+00:00 DEBUG (7): Starting Order Import process for store: International (3)
2015-04-10T12:45:02+00:00 DEBUG (7): Starting Order Import process for store: Retail (1)
2015-04-10T12:45:02+00:00 DEBUG (7): Starting Order Import process for store: Wholesale (2)
2015-04-10T13:00:02+00:00 DEBUG (7): Starting Order Import process for store: Admin (0)
2015-04-10T13:00:02+00:00 DEBUG (7): Starting Order Import process for store: International (3)
2015-04-10T13:00:02+00:00 DEBUG (7): Starting Order Import process for store: Retail (1)
2015-04-10T13:00:02+00:00 DEBUG (7): Starting Order Import process for store: Wholesale (2)
2015-04-10T13:20:02+00:00 DEBUG (7): Starting Order Import process for store: Admin (0)
2015-04-10T13:20:02+00:00 DEBUG (7): Starting Order Import process for store: International (3)
2015-04-10T13:20:02+00:00 DEBUG (7): Starting Order Import process for store: Retail (1)
2015-04-10T13:20:02+00:00 DEBUG (7): Starting Order Import process for store: Wholesale (2)
2015-04-10T13:30:02+00:00 DEBUG (7): Starting Order Import process for store: Admin (0)
2015-04-10T13:30:02+00:00 DEBUG (7): Starting Order Import process for store: International (3)
2015-04-10T13:30:02+00:00 DEBUG (7): Starting Order Import process for store: Retail (1)
2015-04-10T13:30:02+00:00 DEBUG (7): Starting Order Import process for store: Wholesale (2)
2015-04-10T13:45:02+00:00 DEBUG (7): Starting Order Import process for store: Admin (0)
2015-04-10T13:45:02+00:00 DEBUG (7): Starting Order Import process for store: International (3)
2015-04-10T13:45:02+00:00 DEBUG (7): Starting Order Import process for store: Retail (1)
2015-04-10T13:45:02+00:00 DEBUG (7): Starting Order Import process for store: Wholesale (2)
2015-04-10T14:00:02+00:00 DEBUG (7): Starting Order Import process for store: Admin (0)
2015-04-10T14:00:02+00:00 DEBUG (7): Starting Order Import process for store: International (3)
2015-04-10T14:00:02+00:00 DEBUG (7): Starting Order Import process for store: Retail (1)
2015-04-10T14:00:02+00:00 DEBUG (7): Starting Order Import process for store: Wholesale (2)
2015-04-10T14:15:02+00:00 DEBUG (7): Starting Order Import process for store: Admin (0)
2015-04-10T14:15:02+00:00 DEBUG (7): Starting Order Import process for store: International (3)
2015-04-10T14:15:02+00:00 DEBUG (7): Starting Order Import process for store: Retail (1)
2015-04-10T14:15:02+00:00 DEBUG (7):  Importing: New, Pending Payment, Processing, Complete, Payment Review
2015-04-10T14:15:02+00:00 DEBUG (7):   Deleting: Closed, Canceled, On Hold
2015-04-10T14:15:02+00:00 DEBUG (7):   Processing Order ID: 41245 	 #200034128
2015-04-10T14:15:04+00:00 DEBUG (7):   Flush resulted in 1 orders processed
2015-04-10T14:15:04+00:00 DEBUG (7):   Success: 1
2015-04-10T14:15:04+00:00 DEBUG (7):   Error:   0
2015-04-10T14:15:04+00:00 DEBUG (7):   Total:   1
2015-04-10T14:15:04+00:00 DEBUG (7): Starting Order Import process for store: Wholesale (2)
2015-04-10T14:30:03+00:00 DEBUG (7): Starting Order Import process for store: Admin (0)
2015-04-10T14:30:03+00:00 DEBUG (7): Starting Order Import process for store: International (3)
2015-04-10T14:30:03+00:00 DEBUG (7): Starting Order Import process for store: Retail (1)
2015-04-10T14:30:03+00:00 DEBUG (7):  Importing: New, Pending Payment, Processing, Complete, Payment Review
2015-04-10T14:30:03+00:00 DEBUG (7):   Deleting: Closed, Canceled, On Hold
2015-04-10T14:30:03+00:00 DEBUG (7):   Processing Order ID: 41249 	 #200034129
2015-04-10T14:30:05+00:00 DEBUG (7):   Flush resulted in 1 orders processed
2015-04-10T14:30:05+00:00 DEBUG (7):   Success: 1
2015-04-10T14:30:05+00:00 DEBUG (7):   Error:   0
2015-04-10T14:30:05+00:00 DEBUG (7):   Total:   1
2015-04-10T14:30:05+00:00 DEBUG (7): Starting Order Import process for store: Wholesale (2)
2015-04-10T14:45:02+00:00 DEBUG (7): Starting Order Import process for store: Admin (0)
2015-04-10T14:45:02+00:00 DEBUG (7): Starting Order Import process for store: International (3)
2015-04-10T14:45:02+00:00 DEBUG (7): Starting Order Import process for store: Retail (1)
2015-04-10T14:45:02+00:00 DEBUG (7): Starting Order Import process for store: Wholesale (2)
2015-04-10T15:00:02+00:00 DEBUG (7): Starting Order Import process for store: Admin (0)
2015-04-10T15:00:02+00:00 DEBUG (7): Starting Order Import process for store: International (3)
2015-04-10T15:00:02+00:00 DEBUG (7): Starting Order Import process for store: Retail (1)
2015-04-10T15:00:02+00:00 DEBUG (7): Starting Order Import process for store: Wholesale (2)
2015-04-10T15:15:02+00:00 DEBUG (7): Starting Order Import process for store: Admin (0)
2015-04-10T15:15:02+00:00 DEBUG (7): Starting Order Import process for store: International (3)
2015-04-10T15:15:02+00:00 DEBUG (7): Starting Order Import process for store: Retail (1)
2015-04-10T15:15:02+00:00 DEBUG (7): Starting Order Import process for store: Wholesale (2)
2015-04-10T15:35:02+00:00 DEBUG (7): Starting Order Import process for store: Admin (0)
2015-04-10T15:35:02+00:00 DEBUG (7): Starting Order Import process for store: International (3)
2015-04-10T15:35:02+00:00 DEBUG (7): Starting Order Import process for store: Retail (1)
2015-04-10T15:35:02+00:00 DEBUG (7):  Importing: New, Pending Payment, Processing, Complete, Payment Review
2015-04-10T15:35:02+00:00 DEBUG (7):   Deleting: Closed, Canceled, On Hold
2015-04-10T15:35:02+00:00 DEBUG (7):   Processing Order ID: 41250 	 #200034130
2015-04-10T15:35:03+00:00 DEBUG (7):   Processing Order ID: 41245 	 #200034128
2015-04-10T15:35:03+00:00 DEBUG (7):   Processing Order ID: 41244 	 #200034127
2015-04-10T15:35:03+00:00 DEBUG (7):   Processing Order ID: 41241 	 #200034125
2015-04-10T15:35:03+00:00 DEBUG (7):   Processing Order ID: 41240 	 #200034124
2015-04-10T15:35:03+00:00 DEBUG (7):   Processing Order ID: 41249 	 #200034129
2015-04-10T15:35:03+00:00 DEBUG (7):   Processing Order ID: 41242 	 #200034126
2015-04-10T15:35:03+00:00 DEBUG (7):   Processing Order ID: 41238 	 #200034121
2015-04-10T15:35:03+00:00 DEBUG (7):   Processing Order ID: 41237 	 #200034122
2015-04-10T15:35:14+00:00 DEBUG (7):   Flush resulted in 9 orders processed
2015-04-10T15:35:14+00:00 DEBUG (7):   Success: 9
2015-04-10T15:35:14+00:00 DEBUG (7):   Error:   0
2015-04-10T15:35:14+00:00 DEBUG (7):   Total:   9
2015-04-10T15:35:14+00:00 DEBUG (7): Starting Order Import process for store: Wholesale (2)
2015-04-10T15:45:03+00:00 DEBUG (7): Starting Order Import process for store: Admin (0)
2015-04-10T15:45:03+00:00 DEBUG (7): Starting Order Import process for store: International (3)
2015-04-10T15:45:03+00:00 DEBUG (7): Starting Order Import process for store: Retail (1)
2015-04-10T15:45:03+00:00 DEBUG (7):  Importing: New, Pending Payment, Processing, Complete, Payment Review
2015-04-10T15:45:03+00:00 DEBUG (7):   Deleting: Closed, Canceled, On Hold
2015-04-10T15:45:03+00:00 DEBUG (7):   Processing Order ID: 41251 	 #200034131
2015-04-10T15:45:05+00:00 DEBUG (7):   Flush resulted in 1 orders processed
2015-04-10T15:45:05+00:00 DEBUG (7):   Success: 1
2015-04-10T15:45:05+00:00 DEBUG (7):   Error:   0
2015-04-10T15:45:05+00:00 DEBUG (7):   Total:   1
2015-04-10T15:45:05+00:00 DEBUG (7): Starting Order Import process for store: Wholesale (2)
2015-04-10T16:00:02+00:00 DEBUG (7): Starting Order Import process for store: Admin (0)
2015-04-10T16:00:02+00:00 DEBUG (7): Starting Order Import process for store: International (3)
2015-04-10T16:00:02+00:00 DEBUG (7): Starting Order Import process for store: Retail (1)
2015-04-10T16:00:02+00:00 DEBUG (7):  Importing: New, Pending Payment, Processing, Complete, Payment Review
2015-04-10T16:00:02+00:00 DEBUG (7):   Deleting: Closed, Canceled, On Hold
2015-04-10T16:00:02+00:00 DEBUG (7):   Processing Order ID: 41252 	 #200034132
2015-04-10T16:00:04+00:00 DEBUG (7):   Flush resulted in 1 orders processed
2015-04-10T16:00:04+00:00 DEBUG (7):   Success: 1
2015-04-10T16:00:04+00:00 DEBUG (7):   Error:   0
2015-04-10T16:00:04+00:00 DEBUG (7):   Total:   1
2015-04-10T16:00:04+00:00 DEBUG (7): Starting Order Import process for store: Wholesale (2)
2015-04-10T16:15:03+00:00 DEBUG (7): Starting Order Import process for store: Admin (0)
2015-04-10T16:15:03+00:00 DEBUG (7): Starting Order Import process for store: International (3)
2015-04-10T16:15:03+00:00 DEBUG (7): Starting Order Import process for store: Retail (1)
2015-04-10T16:15:03+00:00 DEBUG (7):  Importing: New, Pending Payment, Processing, Complete, Payment Review
2015-04-10T16:15:03+00:00 DEBUG (7):   Deleting: Closed, Canceled, On Hold
2015-04-10T16:15:03+00:00 DEBUG (7):   Processing Order ID: 35844 	 #200030760
2015-04-10T16:15:03+00:00 DEBUG (7):   Processing Order ID: 34492 	 #200029794
2015-04-10T16:15:03+00:00 DEBUG (7):   Processing Order ID: 41137 	 #200034078
2015-04-10T16:15:03+00:00 DEBUG (7):   Processing Order ID: 41253 	 #200034133
2015-04-10T16:15:11+00:00 DEBUG (7):   Flush resulted in 4 orders processed
2015-04-10T16:15:11+00:00 DEBUG (7):   Success: 4
2015-04-10T16:15:11+00:00 DEBUG (7):   Error:   0
2015-04-10T16:15:11+00:00 DEBUG (7):   Total:   4
2015-04-10T16:15:11+00:00 DEBUG (7): Starting Order Import process for store: Wholesale (2)
2015-04-10T16:15:11+00:00 DEBUG (7):  Importing: New, Pending Payment, Processing, Complete, Payment Review
2015-04-10T16:15:11+00:00 DEBUG (7):   Deleting: Closed, Canceled, On Hold
2015-04-10T16:15:11+00:00 DEBUG (7):   Processing Order ID: 39730 	 #250006921
2015-04-10T16:15:13+00:00 DEBUG (7):   Flush resulted in 1 orders processed
2015-04-10T16:15:13+00:00 DEBUG (7):   Success: 1
2015-04-10T16:15:13+00:00 DEBUG (7):   Error:   0
2015-04-10T16:15:13+00:00 DEBUG (7):   Total:   1
2015-04-10T16:30:02+00:00 DEBUG (7): Starting Order Import process for store: Admin (0)
2015-04-10T16:30:02+00:00 DEBUG (7): Starting Order Import process for store: International (3)
2015-04-10T16:30:02+00:00 DEBUG (7): Starting Order Import process for store: Retail (1)
2015-04-10T16:30:02+00:00 DEBUG (7):  Importing: New, Pending Payment, Processing, Complete, Payment Review
2015-04-10T16:30:02+00:00 DEBUG (7):   Deleting: Closed, Canceled, On Hold
2015-04-10T16:30:02+00:00 DEBUG (7):   Processing Order ID: 41253 	 #200034133
2015-04-10T16:30:02+00:00 DEBUG (7):   Processing Order ID: 41252 	 #200034132
2015-04-10T16:30:02+00:00 DEBUG (7):   Processing Order ID: 41251 	 #200034131
2015-04-10T16:30:05+00:00 DEBUG (7):   Flush resulted in 3 orders processed
2015-04-10T16:30:05+00:00 DEBUG (7):   Success: 3
2015-04-10T16:30:05+00:00 DEBUG (7):   Error:   0
2015-04-10T16:30:05+00:00 DEBUG (7):   Total:   3
2015-04-10T16:30:05+00:00 DEBUG (7): Starting Order Import process for store: Wholesale (2)
2015-04-10T16:45:02+00:00 DEBUG (7): Starting Order Import process for store: Admin (0)
2015-04-10T16:45:02+00:00 DEBUG (7): Starting Order Import process for store: International (3)
2015-04-10T16:45:02+00:00 DEBUG (7): Starting Order Import process for store: Retail (1)
2015-04-10T16:45:02+00:00 DEBUG (7): Starting Order Import process for store: Wholesale (2)
2015-04-10T16:45:02+00:00 DEBUG (7):  Importing: New, Pending Payment, Processing, Complete, Payment Review
2015-04-10T16:45:02+00:00 DEBUG (7):   Deleting: Closed, Canceled, On Hold
2015-04-10T16:45:02+00:00 DEBUG (7):   Processing Order ID: 41254 	 #250007462
2015-04-10T16:45:04+00:00 DEBUG (7):   Flush resulted in 1 orders processed
2015-04-10T16:45:04+00:00 DEBUG (7):   Success: 1
2015-04-10T16:45:04+00:00 DEBUG (7):   Error:   0
2015-04-10T16:45:04+00:00 DEBUG (7):   Total:   1
2015-04-10T17:00:02+00:00 DEBUG (7): Starting Order Import process for store: Admin (0)
2015-04-10T17:00:02+00:00 DEBUG (7): Starting Order Import process for store: International (3)
2015-04-10T17:00:02+00:00 DEBUG (7): Starting Order Import process for store: Retail (1)
2015-04-10T17:00:02+00:00 DEBUG (7):  Importing: New, Pending Payment, Processing, Complete, Payment Review
2015-04-10T17:00:02+00:00 DEBUG (7):   Deleting: Closed, Canceled, On Hold
2015-04-10T17:00:02+00:00 DEBUG (7):   Processing Order ID: 41255 	 #200034134
2015-04-10T17:00:05+00:00 DEBUG (7):   Flush resulted in 1 orders processed
2015-04-10T17:00:05+00:00 DEBUG (7):   Success: 1
2015-04-10T17:00:05+00:00 DEBUG (7):   Error:   0
2015-04-10T17:00:05+00:00 DEBUG (7):   Total:   1
2015-04-10T17:00:05+00:00 DEBUG (7): Starting Order Import process for store: Wholesale (2)
2015-04-10T17:15:02+00:00 DEBUG (7): Starting Order Import process for store: Admin (0)
2015-04-10T17:15:02+00:00 DEBUG (7): Starting Order Import process for store: International (3)
2015-04-10T17:15:02+00:00 DEBUG (7): Starting Order Import process for store: Retail (1)
2015-04-10T17:15:02+00:00 DEBUG (7): Starting Order Import process for store: Wholesale (2)
2015-04-10T17:30:02+00:00 DEBUG (7): Starting Order Import process for store: Admin (0)
2015-04-10T17:30:02+00:00 DEBUG (7): Starting Order Import process for store: International (3)
2015-04-10T17:30:02+00:00 DEBUG (7): Starting Order Import process for store: Retail (1)
2015-04-10T17:30:02+00:00 DEBUG (7): Starting Order Import process for store: Wholesale (2)
2015-04-10T17:45:02+00:00 DEBUG (7): Starting Order Import process for store: Admin (0)
2015-04-10T17:45:02+00:00 DEBUG (7): Starting Order Import process for store: International (3)
2015-04-10T17:45:02+00:00 DEBUG (7): Starting Order Import process for store: Retail (1)
2015-04-10T17:45:03+00:00 DEBUG (7): Starting Order Import process for store: Wholesale (2)
2015-04-10T17:45:03+00:00 DEBUG (7):  Importing: New, Pending Payment, Processing, Complete, Payment Review
2015-04-10T17:45:03+00:00 DEBUG (7):   Deleting: Closed, Canceled, On Hold
2015-04-10T17:45:03+00:00 DEBUG (7):   Processing Order ID: 41256 	 #250007463
2015-04-10T17:45:04+00:00 DEBUG (7):   Flush resulted in 1 orders processed
2015-04-10T17:45:04+00:00 DEBUG (7):   Success: 1
2015-04-10T17:45:04+00:00 DEBUG (7):   Error:   0
2015-04-10T17:45:04+00:00 DEBUG (7):   Total:   1
2015-04-10T18:00:02+00:00 DEBUG (7): Starting Order Import process for store: Admin (0)
2015-04-10T18:00:02+00:00 DEBUG (7): Starting Order Import process for store: International (3)
2015-04-10T18:00:02+00:00 DEBUG (7): Starting Order Import process for store: Retail (1)
2015-04-10T18:00:02+00:00 DEBUG (7):  Importing: New, Pending Payment, Processing, Complete, Payment Review
2015-04-10T18:00:02+00:00 DEBUG (7):   Deleting: Closed, Canceled, On Hold
2015-04-10T18:00:02+00:00 DEBUG (7):   Processing Order ID: 41255 	 #200034134
2015-04-10T18:00:04+00:00 DEBUG (7):   Flush resulted in 1 orders processed
2015-04-10T18:00:04+00:00 DEBUG (7):   Success: 1
2015-04-10T18:00:04+00:00 DEBUG (7):   Error:   0
2015-04-10T18:00:04+00:00 DEBUG (7):   Total:   1
2015-04-10T18:00:04+00:00 DEBUG (7): Starting Order Import process for store: Wholesale (2)
2015-04-10T18:00:04+00:00 DEBUG (7):  Importing: New, Pending Payment, Processing, Complete, Payment Review
2015-04-10T18:00:04+00:00 DEBUG (7):   Deleting: Closed, Canceled, On Hold
2015-04-10T18:00:04+00:00 DEBUG (7):   Processing Order ID: 41256 	 #250007463
2015-04-10T18:00:05+00:00 DEBUG (7):   Processing Order ID: 41254 	 #250007462
2015-04-10T18:00:08+00:00 DEBUG (7):   Flush resulted in 2 orders processed
2015-04-10T18:00:08+00:00 DEBUG (7):   Success: 2
2015-04-10T18:00:08+00:00 DEBUG (7):   Error:   0
2015-04-10T18:00:08+00:00 DEBUG (7):   Total:   2
2015-04-10T18:15:02+00:00 DEBUG (7): Starting Order Import process for store: Admin (0)
2015-04-10T18:15:02+00:00 DEBUG (7): Starting Order Import process for store: International (3)
2015-04-10T18:15:02+00:00 DEBUG (7): Starting Order Import process for store: Retail (1)
2015-04-10T18:15:02+00:00 DEBUG (7):  Importing: New, Pending Payment, Processing, Complete, Payment Review
2015-04-10T18:15:02+00:00 DEBUG (7):   Deleting: Closed, Canceled, On Hold
2015-04-10T18:15:02+00:00 DEBUG (7):   Processing Order ID: 41257 	 #200034135
2015-04-10T18:15:04+00:00 DEBUG (7):   Flush resulted in 1 orders processed
2015-04-10T18:15:04+00:00 DEBUG (7):   Success: 1
2015-04-10T18:15:04+00:00 DEBUG (7):   Error:   0
2015-04-10T18:15:04+00:00 DEBUG (7):   Total:   1
2015-04-10T18:15:04+00:00 DEBUG (7): Starting Order Import process for store: Wholesale (2)
2015-04-10T18:15:04+00:00 DEBUG (7):  Importing: New, Pending Payment, Processing, Complete, Payment Review
2015-04-10T18:15:04+00:00 DEBUG (7):   Deleting: Closed, Canceled, On Hold
2015-04-10T18:15:04+00:00 DEBUG (7):   Processing Order ID: 38580 	 #250006578
2015-04-10T18:15:04+00:00 DEBUG (7):   Processing Order ID: 38577 	 #250006575
2015-04-10T18:15:04+00:00 DEBUG (7):   Processing Order ID: 38576 	 #250006574
2015-04-10T18:15:04+00:00 DEBUG (7):   Processing Order ID: 38432 	 #250006515
2015-04-10T18:15:04+00:00 DEBUG (7):   Processing Order ID: 38406 	 #250006506
2015-04-10T18:15:04+00:00 DEBUG (7):   Processing Order ID: 38402 	 #250006502
2015-04-10T18:15:04+00:00 DEBUG (7):   Processing Order ID: 38394 	 #250006494
2015-04-10T18:15:04+00:00 DEBUG (7):   Processing Order ID: 38386 	 #250006487
2015-04-10T18:15:05+00:00 DEBUG (7):   Processing Order ID: 38313 	 #250006463
2015-04-10T18:15:05+00:00 DEBUG (7):   Processing Order ID: 38311 	 #250006461
2015-04-10T18:15:08+00:00 DEBUG (7):   Flush resulted in 10 orders processed
2015-04-10T18:15:08+00:00 DEBUG (7):   Success: 10
2015-04-10T18:15:08+00:00 DEBUG (7):   Error:   0
2015-04-10T18:15:08+00:00 DEBUG (7):   Total:   10
2015-04-10T18:35:02+00:00 DEBUG (7): Starting Order Import process for store: Admin (0)
2015-04-10T18:35:02+00:00 DEBUG (7): Starting Order Import process for store: International (3)
2015-04-10T18:35:02+00:00 DEBUG (7): Starting Order Import process for store: Retail (1)
2015-04-10T18:35:02+00:00 DEBUG (7): Starting Order Import process for store: Wholesale (2)
2015-04-10T18:35:02+00:00 DEBUG (7):  Importing: New, Pending Payment, Processing, Complete, Payment Review
2015-04-10T18:35:02+00:00 DEBUG (7):   Deleting: Closed, Canceled, On Hold
2015-04-10T18:35:02+00:00 DEBUG (7):   Processing Order ID: 38752 	 #250006636
2015-04-10T18:35:03+00:00 DEBUG (7):   Processing Order ID: 38745 	 #250006629
2015-04-10T18:35:03+00:00 DEBUG (7):   Processing Order ID: 38741 	 #250006625
2015-04-10T18:35:03+00:00 DEBUG (7):   Processing Order ID: 38737 	 #250006621
2015-04-10T18:35:03+00:00 DEBUG (7):   Processing Order ID: 38736 	 #250006620
2015-04-10T18:35:03+00:00 DEBUG (7):   Processing Order ID: 38755 	 #250006639
2015-04-10T18:35:03+00:00 DEBUG (7):   Processing Order ID: 38753 	 #250006637
2015-04-10T18:35:03+00:00 DEBUG (7):   Processing Order ID: 38750 	 #250006634
2015-04-10T18:35:03+00:00 DEBUG (7):   Processing Order ID: 38749 	 #250006633
2015-04-10T18:35:03+00:00 DEBUG (7):   Processing Order ID: 38747 	 #250006631
2015-04-10T18:35:03+00:00 DEBUG (7):   Processing Order ID: 38746 	 #250006630
2015-04-10T18:35:03+00:00 DEBUG (7):   Processing Order ID: 38744 	 #250006628
2015-04-10T18:35:03+00:00 DEBUG (7):   Processing Order ID: 38742 	 #250006626
2015-04-10T18:35:03+00:00 DEBUG (7):   Processing Order ID: 38751 	 #250006635
2015-04-10T18:35:03+00:00 DEBUG (7):   Processing Order ID: 38748 	 #250006632
2015-04-10T18:35:03+00:00 DEBUG (7):   Processing Order ID: 38743 	 #250006627
2015-04-10T18:35:03+00:00 DEBUG (7):   Processing Order ID: 38740 	 #250006624
2015-04-10T18:35:03+00:00 DEBUG (7):   Processing Order ID: 38739 	 #250006623
2015-04-10T18:35:03+00:00 DEBUG (7):   Processing Order ID: 38738 	 #250006622
2015-04-10T18:35:03+00:00 DEBUG (7):   Processing Order ID: 38735 	 #250006619
2015-04-10T18:35:03+00:00 DEBUG (7):   Processing Order ID: 38594 	 #250006592
2015-04-10T18:35:03+00:00 DEBUG (7):   Processing Order ID: 38593 	 #250006591
2015-04-10T18:35:03+00:00 DEBUG (7):   Processing Order ID: 38590 	 #250006588
2015-04-10T18:35:03+00:00 DEBUG (7):   Processing Order ID: 38586 	 #250006584
2015-04-10T18:35:03+00:00 DEBUG (7):   Processing Order ID: 38585 	 #250006583
2015-04-10T18:35:03+00:00 DEBUG (7):   Processing Order ID: 38584 	 #250006582
2015-04-10T18:35:03+00:00 DEBUG (7):   Processing Order ID: 38582 	 #250006580
2015-04-10T18:35:03+00:00 DEBUG (7):   Processing Order ID: 38581 	 #250006579
2015-04-10T18:35:03+00:00 DEBUG (7):   Processing Order ID: 38579 	 #250006577
2015-04-10T18:35:03+00:00 DEBUG (7):   Processing Order ID: 38578 	 #250006576
2015-04-10T18:35:03+00:00 DEBUG (7):   Processing Order ID: 38574 	 #250006572
2015-04-10T18:35:03+00:00 DEBUG (7):   Processing Order ID: 38756 	 #250006640
2015-04-10T18:35:03+00:00 DEBUG (7):   Processing Order ID: 38592 	 #250006590
2015-04-10T18:35:03+00:00 DEBUG (7):   Processing Order ID: 38591 	 #250006589
2015-04-10T18:35:03+00:00 DEBUG (7):   Processing Order ID: 38589 	 #250006587
2015-04-10T18:35:03+00:00 DEBUG (7):   Processing Order ID: 38588 	 #250006586
2015-04-10T18:35:03+00:00 DEBUG (7):   Processing Order ID: 38583 	 #250006581
2015-04-10T18:35:19+00:00 DEBUG (7):   Flush resulted in 37 orders processed
2015-04-10T18:35:19+00:00 DEBUG (7):   Success: 37
2015-04-10T18:35:19+00:00 DEBUG (7):   Error:   0
2015-04-10T18:35:19+00:00 DEBUG (7):   Total:   37
2015-04-10T18:45:03+00:00 DEBUG (7): Starting Order Import process for store: Admin (0)
2015-04-10T18:45:03+00:00 DEBUG (7): Starting Order Import process for store: International (3)
2015-04-10T18:45:03+00:00 DEBUG (7): Starting Order Import process for store: Retail (1)
2015-04-10T18:45:03+00:00 DEBUG (7): Starting Order Import process for store: Wholesale (2)
2015-04-10T18:45:03+00:00 DEBUG (7):  Importing: New, Pending Payment, Processing, Complete, Payment Review
2015-04-10T18:45:03+00:00 DEBUG (7):   Deleting: Closed, Canceled, On Hold
2015-04-10T18:45:03+00:00 DEBUG (7):   Processing Order ID: 38940 	 #250006705
2015-04-10T18:45:03+00:00 DEBUG (7):   Processing Order ID: 38934 	 #250006699
2015-04-10T18:45:03+00:00 DEBUG (7):   Processing Order ID: 38932 	 #250006697
2015-04-10T18:45:03+00:00 DEBUG (7):   Processing Order ID: 38923 	 #250006688
2015-04-10T18:45:03+00:00 DEBUG (7):   Processing Order ID: 38920 	 #250006685
2015-04-10T18:45:03+00:00 DEBUG (7):   Processing Order ID: 38916 	 #250006681
2015-04-10T18:45:03+00:00 DEBUG (7):   Processing Order ID: 38939 	 #250006704
2015-04-10T18:45:03+00:00 DEBUG (7):   Processing Order ID: 38935 	 #250006700
2015-04-10T18:45:03+00:00 DEBUG (7):   Processing Order ID: 38930 	 #250006695
2015-04-10T18:45:03+00:00 DEBUG (7):   Processing Order ID: 38927 	 #250006692
2015-04-10T18:45:03+00:00 DEBUG (7):   Processing Order ID: 38917 	 #250006682
2015-04-10T18:45:03+00:00 DEBUG (7):   Processing Order ID: 38915 	 #250006680
2015-04-10T18:45:03+00:00 DEBUG (7):   Processing Order ID: 38757 	 #250006641
2015-04-10T18:45:03+00:00 DEBUG (7):   Processing Order ID: 38754 	 #250006638
2015-04-10T18:45:10+00:00 DEBUG (7):   Flush resulted in 14 orders processed
2015-04-10T18:45:10+00:00 DEBUG (7):   Success: 14
2015-04-10T18:45:10+00:00 DEBUG (7):   Error:   0
2015-04-10T18:45:10+00:00 DEBUG (7):   Total:   14
2015-04-10T19:00:02+00:00 DEBUG (7): Starting Order Import process for store: Admin (0)
2015-04-10T19:00:02+00:00 DEBUG (7): Starting Order Import process for store: International (3)
2015-04-10T19:00:02+00:00 DEBUG (7): Starting Order Import process for store: Retail (1)
2015-04-10T19:00:02+00:00 DEBUG (7):  Importing: New, Pending Payment, Processing, Complete, Payment Review
2015-04-10T19:00:02+00:00 DEBUG (7):   Deleting: Closed, Canceled, On Hold
2015-04-10T19:00:02+00:00 DEBUG (7):   Processing Order ID: 41258 	 #200034136
2015-04-10T19:00:03+00:00 DEBUG (7):   Flush resulted in 1 orders processed
2015-04-10T19:00:03+00:00 DEBUG (7):   Success: 1
2015-04-10T19:00:03+00:00 DEBUG (7):   Error:   0
2015-04-10T19:00:03+00:00 DEBUG (7):   Total:   1
2015-04-10T19:00:03+00:00 DEBUG (7): Starting Order Import process for store: Wholesale (2)
2015-04-10T19:00:03+00:00 DEBUG (7):  Importing: New, Pending Payment, Processing, Complete, Payment Review
2015-04-10T19:00:03+00:00 DEBUG (7):   Deleting: Closed, Canceled, On Hold
2015-04-10T19:00:03+00:00 DEBUG (7):   Processing Order ID: 39828 	 #250006959
2015-04-10T19:00:04+00:00 DEBUG (7):   Processing Order ID: 39827 	 #250006958
2015-04-10T19:00:04+00:00 DEBUG (7):   Processing Order ID: 39812 	 #250006956
2015-04-10T19:00:04+00:00 DEBUG (7):   Processing Order ID: 39811 	 #250006955
2015-04-10T19:00:04+00:00 DEBUG (7):   Processing Order ID: 39810 	 #250006954
2015-04-10T19:00:04+00:00 DEBUG (7):   Processing Order ID: 39787 	 #250006950
2015-04-10T19:00:04+00:00 DEBUG (7):   Processing Order ID: 39727 	 #250006919
2015-04-10T19:00:04+00:00 DEBUG (7):   Processing Order ID: 39726 	 #250006918
2015-04-10T19:00:04+00:00 DEBUG (7):   Processing Order ID: 39725 	 #250006917
2015-04-10T19:00:04+00:00 DEBUG (7):   Processing Order ID: 39654 	 #250006915
2015-04-10T19:00:04+00:00 DEBUG (7):   Processing Order ID: 39653 	 #250006914
2015-04-10T19:00:04+00:00 DEBUG (7):   Processing Order ID: 39652 	 #250006913
2015-04-10T19:00:04+00:00 DEBUG (7):   Processing Order ID: 39650 	 #250006911
2015-04-10T19:00:04+00:00 DEBUG (7):   Processing Order ID: 39649 	 #250006910
2015-04-10T19:00:04+00:00 DEBUG (7):   Processing Order ID: 39616 	 #250006904
2015-04-10T19:00:04+00:00 DEBUG (7):   Processing Order ID: 39359 	 #250006834
2015-04-10T19:00:04+00:00 DEBUG (7):   Processing Order ID: 39619 	 #250006906
2015-04-10T19:00:04+00:00 DEBUG (7):   Processing Order ID: 39617 	 #250006905
2015-04-10T19:00:13+00:00 DEBUG (7):   Flush resulted in 18 orders processed
2015-04-10T19:00:13+00:00 DEBUG (7):   Success: 18
2015-04-10T19:00:13+00:00 DEBUG (7):   Error:   0
2015-04-10T19:00:13+00:00 DEBUG (7):   Total:   18
2015-04-10T19:15:02+00:00 DEBUG (7): Starting Order Import process for store: Admin (0)
2015-04-10T19:15:02+00:00 DEBUG (7): Starting Order Import process for store: International (3)
2015-04-10T19:15:02+00:00 DEBUG (7): Starting Order Import process for store: Retail (1)
2015-04-10T19:15:02+00:00 DEBUG (7):  Importing: New, Pending Payment, Processing, Complete, Payment Review
2015-04-10T19:15:02+00:00 DEBUG (7):   Deleting: Closed, Canceled, On Hold
2015-04-10T19:15:02+00:00 DEBUG (7):   Processing Order ID: 41258 	 #200034136
2015-04-10T19:15:02+00:00 DEBUG (7):   Processing Order ID: 41257 	 #200034135
2015-04-10T19:15:05+00:00 DEBUG (7):   Flush resulted in 2 orders processed
2015-04-10T19:15:05+00:00 DEBUG (7):   Success: 2
2015-04-10T19:15:05+00:00 DEBUG (7):   Error:   0
2015-04-10T19:15:05+00:00 DEBUG (7):   Total:   2
2015-04-10T19:15:05+00:00 DEBUG (7): Starting Order Import process for store: Wholesale (2)
2015-04-10T19:15:05+00:00 DEBUG (7):  Importing: New, Pending Payment, Processing, Complete, Payment Review
2015-04-10T19:15:05+00:00 DEBUG (7):   Deleting: Closed, Canceled, On Hold
2015-04-10T19:15:05+00:00 DEBUG (7):   Processing Order ID: 41259 	 #250007464
2015-04-10T19:15:06+00:00 DEBUG (7):   Processing Order ID: 39272 	 #250006794
2015-04-10T19:15:06+00:00 DEBUG (7):   Processing Order ID: 39135 	 #250006763
2015-04-10T19:15:08+00:00 DEBUG (7):   Flush resulted in 3 orders processed
2015-04-10T19:15:08+00:00 DEBUG (7):   Success: 3
2015-04-10T19:15:08+00:00 DEBUG (7):   Error:   0
2015-04-10T19:15:08+00:00 DEBUG (7):   Total:   3
2015-04-10T19:30:02+00:00 DEBUG (7): Starting Order Import process for store: Admin (0)
2015-04-10T19:30:02+00:00 DEBUG (7): Starting Order Import process for store: International (3)
2015-04-10T19:30:02+00:00 DEBUG (7): Starting Order Import process for store: Retail (1)
2015-04-10T19:30:02+00:00 DEBUG (7): Starting Order Import process for store: Wholesale (2)
2015-04-10T19:30:02+00:00 DEBUG (7):  Importing: New, Pending Payment, Processing, Complete, Payment Review
2015-04-10T19:30:02+00:00 DEBUG (7):   Deleting: Closed, Canceled, On Hold
2015-04-10T19:30:02+00:00 DEBUG (7):   Processing Order ID: 41260 	 #250007465
2015-04-10T19:30:04+00:00 DEBUG (7):   Flush resulted in 1 orders processed
2015-04-10T19:30:04+00:00 DEBUG (7):   Success: 1
2015-04-10T19:30:04+00:00 DEBUG (7):   Error:   0
2015-04-10T19:30:04+00:00 DEBUG (7):   Total:   1
2015-04-10T19:45:02+00:00 DEBUG (7): Starting Order Import process for store: Admin (0)
2015-04-10T19:45:02+00:00 DEBUG (7): Starting Order Import process for store: International (3)
2015-04-10T19:45:02+00:00 DEBUG (7): Starting Order Import process for store: Retail (1)
2015-04-10T19:45:02+00:00 DEBUG (7): Starting Order Import process for store: Wholesale (2)
2015-04-10T20:00:03+00:00 DEBUG (7): Starting Order Import process for store: Admin (0)
2015-04-10T20:00:03+00:00 DEBUG (7): Starting Order Import process for store: International (3)
2015-04-10T20:00:03+00:00 DEBUG (7): Starting Order Import process for store: Retail (1)
2015-04-10T20:00:03+00:00 DEBUG (7):  Importing: New, Pending Payment, Processing, Complete, Payment Review
2015-04-10T20:00:03+00:00 DEBUG (7):   Deleting: Closed, Canceled, On Hold
2015-04-10T20:00:03+00:00 DEBUG (7):   Processing Order ID: 41261 	 #200034137
2015-04-10T20:00:03+00:00 DEBUG (7):   Processing Order ID: 41257 	 #200034135
2015-04-10T20:00:06+00:00 DEBUG (7):   Flush resulted in 2 orders processed
2015-04-10T20:00:06+00:00 DEBUG (7):   Success: 2
2015-04-10T20:00:06+00:00 DEBUG (7):   Error:   0
2015-04-10T20:00:06+00:00 DEBUG (7):   Total:   2
2015-04-10T20:00:06+00:00 DEBUG (7): Starting Order Import process for store: Wholesale (2)
2015-04-10T20:00:06+00:00 DEBUG (7):  Importing: New, Pending Payment, Processing, Complete, Payment Review
2015-04-10T20:00:06+00:00 DEBUG (7):   Deleting: Closed, Canceled, On Hold
2015-04-10T20:00:06+00:00 DEBUG (7):   Processing Order ID: 41260 	 #250007465
2015-04-10T20:00:07+00:00 DEBUG (7):   Processing Order ID: 41259 	 #250007464
2015-04-10T20:00:13+00:00 DEBUG (7):   Flush resulted in 2 orders processed
2015-04-10T20:00:13+00:00 DEBUG (7):   Success: 2
2015-04-10T20:00:13+00:00 DEBUG (7):   Error:   0
2015-04-10T20:00:13+00:00 DEBUG (7):   Total:   2
2015-04-10T20:15:02+00:00 DEBUG (7): Starting Order Import process for store: Admin (0)
2015-04-10T20:15:02+00:00 DEBUG (7): Starting Order Import process for store: International (3)
2015-04-10T20:15:02+00:00 DEBUG (7): Starting Order Import process for store: Retail (1)
2015-04-10T20:15:02+00:00 DEBUG (7): Starting Order Import process for store: Wholesale (2)
2015-04-10T20:30:02+00:00 DEBUG (7): Starting Order Import process for store: Admin (0)
2015-04-10T20:30:02+00:00 DEBUG (7): Starting Order Import process for store: International (3)
2015-04-10T20:30:02+00:00 DEBUG (7): Starting Order Import process for store: Retail (1)
2015-04-10T20:30:02+00:00 DEBUG (7): Starting Order Import process for store: Wholesale (2)
2015-04-10T20:45:02+00:00 DEBUG (7): Starting Order Import process for store: Admin (0)
2015-04-10T20:45:02+00:00 DEBUG (7): Starting Order Import process for store: International (3)
2015-04-10T20:45:02+00:00 DEBUG (7): Starting Order Import process for store: Retail (1)
2015-04-10T20:45:02+00:00 DEBUG (7): Starting Order Import process for store: Wholesale (2)
2015-04-10T21:00:02+00:00 DEBUG (7): Starting Order Import process for store: Admin (0)
2015-04-10T21:00:02+00:00 DEBUG (7): Starting Order Import process for store: International (3)
2015-04-10T21:00:02+00:00 DEBUG (7): Starting Order Import process for store: Retail (1)
2015-04-10T21:00:02+00:00 DEBUG (7): Starting Order Import process for store: Wholesale (2)
2015-04-10T21:00:02+00:00 DEBUG (7):  Importing: New, Pending Payment, Processing, Complete, Payment Review
2015-04-10T21:00:02+00:00 DEBUG (7):   Deleting: Closed, Canceled, On Hold
2015-04-10T21:00:02+00:00 DEBUG (7):   Processing Order ID: 41157 	 #250007416
2015-04-10T21:00:02+00:00 DEBUG (7):   Processing Order ID: 41156 	 #250007415
2015-04-10T21:00:02+00:00 DEBUG (7):   Processing Order ID: 41161 	 #250007420
2015-04-10T21:00:02+00:00 DEBUG (7):   Processing Order ID: 41160 	 #250007419
2015-04-10T21:00:02+00:00 DEBUG (7):   Processing Order ID: 41159 	 #250007418
2015-04-10T21:00:02+00:00 DEBUG (7):   Processing Order ID: 41158 	 #250007417
2015-04-10T21:00:02+00:00 DEBUG (7):   Processing Order ID: 41164 	 #250007423
2015-04-10T21:00:03+00:00 DEBUG (7):   Processing Order ID: 41163 	 #250007422
2015-04-10T21:00:03+00:00 DEBUG (7):   Processing Order ID: 41162 	 #250007421
2015-04-10T21:00:03+00:00 DEBUG (7):   Processing Order ID: 41168 	 #250007427
2015-04-10T21:00:03+00:00 DEBUG (7):   Processing Order ID: 41167 	 #250007426
2015-04-10T21:00:03+00:00 DEBUG (7):   Processing Order ID: 41166 	 #250007425
2015-04-10T21:00:03+00:00 DEBUG (7):   Processing Order ID: 41165 	 #250007424
2015-04-10T21:00:03+00:00 DEBUG (7):   Processing Order ID: 41171 	 #250007430
2015-04-10T21:00:03+00:00 DEBUG (7):   Processing Order ID: 41170 	 #250007429
2015-04-10T21:00:03+00:00 DEBUG (7):   Processing Order ID: 41169 	 #250007428
2015-04-10T21:00:03+00:00 DEBUG (7):   Processing Order ID: 41174 	 #250007433
2015-04-10T21:00:03+00:00 DEBUG (7):   Processing Order ID: 41175 	 #250007434
2015-04-10T21:00:03+00:00 DEBUG (7):   Processing Order ID: 41173 	 #250007432
2015-04-10T21:00:03+00:00 DEBUG (7):   Processing Order ID: 41172 	 #250007431
2015-04-10T21:00:03+00:00 DEBUG (7):   Processing Order ID: 41178 	 #250007437
2015-04-10T21:00:03+00:00 DEBUG (7):   Processing Order ID: 41177 	 #250007436
2015-04-10T21:00:03+00:00 DEBUG (7):   Processing Order ID: 41176 	 #250007435
2015-04-10T21:00:03+00:00 DEBUG (7):   Processing Order ID: 41180 	 #250007439
2015-04-10T21:00:03+00:00 DEBUG (7):   Processing Order ID: 41179 	 #250007438
2015-04-10T21:00:10+00:00 DEBUG (7):   Flush resulted in 25 orders processed
2015-04-10T21:00:10+00:00 DEBUG (7):   Success: 25
2015-04-10T21:00:10+00:00 DEBUG (7):   Error:   0
2015-04-10T21:00:10+00:00 DEBUG (7):   Total:   25
2015-04-10T21:15:02+00:00 DEBUG (7): Starting Order Import process for store: Admin (0)
2015-04-10T21:15:02+00:00 DEBUG (7): Starting Order Import process for store: International (3)
2015-04-10T21:15:02+00:00 DEBUG (7): Starting Order Import process for store: Retail (1)
2015-04-10T21:15:02+00:00 DEBUG (7): Starting Order Import process for store: Wholesale (2)
2015-04-10T21:35:18+00:00 DEBUG (7): Starting Order Import process for store: Admin (0)
2015-04-10T21:35:18+00:00 DEBUG (7): Starting Order Import process for store: International (3)
2015-04-10T21:35:18+00:00 DEBUG (7): Starting Order Import process for store: Retail (1)
2015-04-10T21:35:18+00:00 DEBUG (7): Starting Order Import process for store: Wholesale (2)
2015-04-10T21:45:02+00:00 DEBUG (7): Starting Order Import process for store: Admin (0)
2015-04-10T21:45:02+00:00 DEBUG (7): Starting Order Import process for store: International (3)
2015-04-10T21:45:02+00:00 DEBUG (7): Starting Order Import process for store: Retail (1)
2015-04-10T21:45:02+00:00 DEBUG (7):  Importing: New, Pending Payment, Processing, Complete, Payment Review
2015-04-10T21:45:02+00:00 DEBUG (7):   Deleting: Closed, Canceled, On Hold
2015-04-10T21:45:02+00:00 DEBUG (7):   Processing Order ID: 41262 	 #200034138
2015-04-10T21:45:03+00:00 DEBUG (7):   Flush resulted in 1 orders processed
2015-04-10T21:45:03+00:00 DEBUG (7):   Success: 1
2015-04-10T21:45:03+00:00 DEBUG (7):   Error:   0
2015-04-10T21:45:03+00:00 DEBUG (7):   Total:   1
2015-04-10T21:45:03+00:00 DEBUG (7): Starting Order Import process for store: Wholesale (2)
2015-04-10T22:00:02+00:00 DEBUG (7): Starting Order Import process for store: Admin (0)
2015-04-10T22:00:02+00:00 DEBUG (7): Starting Order Import process for store: International (3)
2015-04-10T22:00:02+00:00 DEBUG (7): Starting Order Import process for store: Retail (1)
2015-04-10T22:00:02+00:00 DEBUG (7): Starting Order Import process for store: Wholesale (2)
2015-04-10T22:15:02+00:00 DEBUG (7): Starting Order Import process for store: Admin (0)
2015-04-10T22:15:02+00:00 DEBUG (7): Starting Order Import process for store: International (3)
2015-04-10T22:15:02+00:00 DEBUG (7): Starting Order Import process for store: Retail (1)
2015-04-10T22:15:02+00:00 DEBUG (7): Starting Order Import process for store: Wholesale (2)
2015-04-10T22:30:02+00:00 DEBUG (7): Starting Order Import process for store: Admin (0)
2015-04-10T22:30:02+00:00 DEBUG (7): Starting Order Import process for store: International (3)
2015-04-10T22:30:02+00:00 DEBUG (7): Starting Order Import process for store: Retail (1)
2015-04-10T22:30:02+00:00 DEBUG (7):  Importing: New, Pending Payment, Processing, Complete, Payment Review
2015-04-10T22:30:02+00:00 DEBUG (7):   Deleting: Closed, Canceled, On Hold
2015-04-10T22:30:02+00:00 DEBUG (7):   Processing Order ID: 41262 	 #200034138
2015-04-10T22:30:02+00:00 DEBUG (7):   Processing Order ID: 41261 	 #200034137
2015-04-10T22:30:05+00:00 DEBUG (7):   Flush resulted in 2 orders processed
2015-04-10T22:30:05+00:00 DEBUG (7):   Success: 2
2015-04-10T22:30:05+00:00 DEBUG (7):   Error:   0
2015-04-10T22:30:05+00:00 DEBUG (7):   Total:   2
2015-04-10T22:30:05+00:00 DEBUG (7): Starting Order Import process for store: Wholesale (2)
2015-04-10T22:45:03+00:00 DEBUG (7): Starting Order Import process for store: Admin (0)
2015-04-10T22:45:03+00:00 DEBUG (7): Starting Order Import process for store: International (3)
2015-04-10T22:45:03+00:00 DEBUG (7):  Importing: New, Pending Payment, Processing, Complete, Payment Review
2015-04-10T22:45:03+00:00 DEBUG (7):   Deleting: Closed, Canceled, On Hold
2015-04-10T22:45:03+00:00 DEBUG (7):   Processing Order ID: 41148 	 #300000268
2015-04-10T22:45:03+00:00 DEBUG (7):   Processing Order ID: 40491 	 #300000264
2015-04-10T22:45:06+00:00 DEBUG (7):   Flush resulted in 2 orders processed
2015-04-10T22:45:06+00:00 DEBUG (7):   Success: 2
2015-04-10T22:45:06+00:00 DEBUG (7):   Error:   0
2015-04-10T22:45:06+00:00 DEBUG (7):   Total:   2
2015-04-10T22:45:06+00:00 DEBUG (7): Starting Order Import process for store: Retail (1)
2015-04-10T22:45:06+00:00 DEBUG (7): Starting Order Import process for store: Wholesale (2)
2015-04-10T23:00:02+00:00 DEBUG (7): Starting Order Import process for store: Admin (0)
2015-04-10T23:00:02+00:00 DEBUG (7): Starting Order Import process for store: International (3)
2015-04-10T23:00:02+00:00 DEBUG (7): Starting Order Import process for store: Retail (1)
2015-04-10T23:00:02+00:00 DEBUG (7):  Importing: New, Pending Payment, Processing, Complete, Payment Review
2015-04-10T23:00:02+00:00 DEBUG (7):   Deleting: Closed, Canceled, On Hold
2015-04-10T23:00:02+00:00 DEBUG (7):   Processing Order ID: 41263 	 #200034139
2015-04-10T23:00:03+00:00 DEBUG (7):   Flush resulted in 1 orders processed
2015-04-10T23:00:03+00:00 DEBUG (7):   Success: 1
2015-04-10T23:00:03+00:00 DEBUG (7):   Error:   0
2015-04-10T23:00:03+00:00 DEBUG (7):   Total:   1
2015-04-10T23:00:03+00:00 DEBUG (7): Starting Order Import process for store: Wholesale (2)
2015-04-10T23:15:03+00:00 DEBUG (7): Starting Order Import process for store: Admin (0)
2015-04-10T23:15:03+00:00 DEBUG (7): Starting Order Import process for store: International (3)
2015-04-10T23:15:03+00:00 DEBUG (7): Starting Order Import process for store: Retail (1)
2015-04-10T23:15:03+00:00 DEBUG (7): Starting Order Import process for store: Wholesale (2)
2015-04-10T23:30:02+00:00 DEBUG (7): Starting Order Import process for store: Admin (0)
2015-04-10T23:30:02+00:00 DEBUG (7): Starting Order Import process for store: International (3)
2015-04-10T23:30:02+00:00 DEBUG (7): Starting Order Import process for store: Retail (1)
2015-04-10T23:30:02+00:00 DEBUG (7): Starting Order Import process for store: Wholesale (2)
2015-04-10T23:45:02+00:00 DEBUG (7): Starting Order Import process for store: Admin (0)
2015-04-10T23:45:02+00:00 DEBUG (7): Starting Order Import process for store: International (3)
2015-04-10T23:45:02+00:00 DEBUG (7): Starting Order Import process for store: Retail (1)
2015-04-10T23:45:02+00:00 DEBUG (7):  Importing: New, Pending Payment, Processing, Complete, Payment Review
2015-04-10T23:45:02+00:00 DEBUG (7):   Deleting: Closed, Canceled, On Hold
2015-04-10T23:45:02+00:00 DEBUG (7):   Processing Order ID: 41264 	 #200034141
2015-04-10T23:45:03+00:00 DEBUG (7):   Flush resulted in 1 orders processed
2015-04-10T23:45:03+00:00 DEBUG (7):   Success: 1
2015-04-10T23:45:03+00:00 DEBUG (7):   Error:   0
2015-04-10T23:45:03+00:00 DEBUG (7):   Total:   1
2015-04-10T23:45:03+00:00 DEBUG (7): Starting Order Import process for store: Wholesale (2)
