2015-04-18T00:05:02+00:00 DEBUG (7): Starting Order Import process for store: Admin (0)
2015-04-18T00:05:02+00:00 DEBUG (7): Starting Order Import process for store: International (3)
2015-04-18T00:05:02+00:00 DEBUG (7): Starting Order Import process for store: Retail (1)
2015-04-18T00:05:02+00:00 DEBUG (7): Starting Order Import process for store: Wholesale (2)
2015-04-18T00:15:02+00:00 DEBUG (7): Starting Order Import process for store: Admin (0)
2015-04-18T00:15:02+00:00 DEBUG (7): Starting Order Import process for store: International (3)
2015-04-18T00:15:02+00:00 DEBUG (7): Starting Order Import process for store: Retail (1)
2015-04-18T00:15:02+00:00 DEBUG (7):  Importing: New, Pending Payment, Processing, Complete, Payment Review
2015-04-18T00:15:02+00:00 DEBUG (7):   Deleting: Closed, Canceled, On Hold
2015-04-18T00:15:02+00:00 DEBUG (7):   Processing Order ID: 41419 	 #200034252
2015-04-18T00:15:04+00:00 DEBUG (7):   Flush resulted in 1 orders processed
2015-04-18T00:15:04+00:00 DEBUG (7):   Success: 1
2015-04-18T00:15:04+00:00 DEBUG (7):   Error:   0
2015-04-18T00:15:04+00:00 DEBUG (7):   Total:   1
2015-04-18T00:15:04+00:00 DEBUG (7): Starting Order Import process for store: Wholesale (2)
2015-04-18T00:30:02+00:00 DEBUG (7): Starting Order Import process for store: Admin (0)
2015-04-18T00:30:02+00:00 DEBUG (7): Starting Order Import process for store: International (3)
2015-04-18T00:30:02+00:00 DEBUG (7): Starting Order Import process for store: Retail (1)
2015-04-18T00:30:02+00:00 DEBUG (7): Starting Order Import process for store: Wholesale (2)
2015-04-18T00:45:03+00:00 DEBUG (7): Starting Order Import process for store: Admin (0)
2015-04-18T00:45:03+00:00 DEBUG (7): Starting Order Import process for store: International (3)
2015-04-18T00:45:03+00:00 DEBUG (7): Starting Order Import process for store: Retail (1)
2015-04-18T00:45:03+00:00 DEBUG (7): Starting Order Import process for store: Wholesale (2)
2015-04-18T01:00:02+00:00 DEBUG (7): Starting Order Import process for store: Admin (0)
2015-04-18T01:00:02+00:00 DEBUG (7): Starting Order Import process for store: International (3)
2015-04-18T01:00:02+00:00 DEBUG (7): Starting Order Import process for store: Retail (1)
2015-04-18T01:00:02+00:00 DEBUG (7): Starting Order Import process for store: Wholesale (2)
2015-04-18T01:15:02+00:00 DEBUG (7): Starting Order Import process for store: Admin (0)
2015-04-18T01:15:02+00:00 DEBUG (7): Starting Order Import process for store: International (3)
2015-04-18T01:15:02+00:00 DEBUG (7): Starting Order Import process for store: Retail (1)
2015-04-18T01:15:02+00:00 DEBUG (7): Starting Order Import process for store: Wholesale (2)
2015-04-18T01:30:02+00:00 DEBUG (7): Starting Order Import process for store: Admin (0)
2015-04-18T01:30:02+00:00 DEBUG (7): Starting Order Import process for store: International (3)
2015-04-18T01:30:02+00:00 DEBUG (7): Starting Order Import process for store: Retail (1)
2015-04-18T01:30:02+00:00 DEBUG (7):  Importing: New, Pending Payment, Processing, Complete, Payment Review
2015-04-18T01:30:02+00:00 DEBUG (7):   Deleting: Closed, Canceled, On Hold
2015-04-18T01:30:02+00:00 DEBUG (7):   Processing Order ID: 41420 	 #200034253
2015-04-18T01:30:04+00:00 DEBUG (7):   Flush resulted in 1 orders processed
2015-04-18T01:30:04+00:00 DEBUG (7):   Success: 1
2015-04-18T01:30:04+00:00 DEBUG (7):   Error:   0
2015-04-18T01:30:04+00:00 DEBUG (7):   Total:   1
2015-04-18T01:30:04+00:00 DEBUG (7): Starting Order Import process for store: Wholesale (2)
2015-04-18T01:45:02+00:00 DEBUG (7): Starting Order Import process for store: Admin (0)
2015-04-18T01:45:02+00:00 DEBUG (7): Starting Order Import process for store: International (3)
2015-04-18T01:45:02+00:00 DEBUG (7): Starting Order Import process for store: Retail (1)
2015-04-18T01:45:02+00:00 DEBUG (7):  Importing: New, Pending Payment, Processing, Complete, Payment Review
2015-04-18T01:45:02+00:00 DEBUG (7):   Deleting: Closed, Canceled, On Hold
2015-04-18T01:45:02+00:00 DEBUG (7):   Processing Order ID: 41420 	 #200034253
2015-04-18T01:45:05+00:00 DEBUG (7):   Flush resulted in 1 orders processed
2015-04-18T01:45:05+00:00 DEBUG (7):   Success: 1
2015-04-18T01:45:05+00:00 DEBUG (7):   Error:   0
2015-04-18T01:45:05+00:00 DEBUG (7):   Total:   1
2015-04-18T01:45:05+00:00 DEBUG (7): Starting Order Import process for store: Wholesale (2)
2015-04-18T02:00:02+00:00 DEBUG (7): Starting Order Import process for store: Admin (0)
2015-04-18T02:00:02+00:00 DEBUG (7): Starting Order Import process for store: International (3)
2015-04-18T02:00:02+00:00 DEBUG (7): Starting Order Import process for store: Retail (1)
2015-04-18T02:00:02+00:00 DEBUG (7):  Importing: New, Pending Payment, Processing, Complete, Payment Review
2015-04-18T02:00:02+00:00 DEBUG (7):   Deleting: Closed, Canceled, On Hold
2015-04-18T02:00:02+00:00 DEBUG (7):   Processing Order ID: 41421 	 #200034254
2015-04-18T02:00:04+00:00 DEBUG (7):   Flush resulted in 1 orders processed
2015-04-18T02:00:04+00:00 DEBUG (7):   Success: 1
2015-04-18T02:00:04+00:00 DEBUG (7):   Error:   0
2015-04-18T02:00:04+00:00 DEBUG (7):   Total:   1
2015-04-18T02:00:04+00:00 DEBUG (7): Starting Order Import process for store: Wholesale (2)
2015-04-18T02:20:02+00:00 DEBUG (7): Starting Order Import process for store: Admin (0)
2015-04-18T02:20:02+00:00 DEBUG (7): Starting Order Import process for store: International (3)
2015-04-18T02:20:02+00:00 DEBUG (7): Starting Order Import process for store: Retail (1)
2015-04-18T02:20:02+00:00 DEBUG (7): Starting Order Import process for store: Wholesale (2)
2015-04-18T02:30:02+00:00 DEBUG (7): Starting Order Import process for store: Admin (0)
2015-04-18T02:30:02+00:00 DEBUG (7): Starting Order Import process for store: International (3)
2015-04-18T02:30:02+00:00 DEBUG (7): Starting Order Import process for store: Retail (1)
2015-04-18T02:30:02+00:00 DEBUG (7): Starting Order Import process for store: Wholesale (2)
2015-04-18T02:45:02+00:00 DEBUG (7): Starting Order Import process for store: Admin (0)
2015-04-18T02:45:02+00:00 DEBUG (7): Starting Order Import process for store: International (3)
2015-04-18T02:45:02+00:00 DEBUG (7): Starting Order Import process for store: Retail (1)
2015-04-18T02:45:02+00:00 DEBUG (7): Starting Order Import process for store: Wholesale (2)
2015-04-18T03:00:02+00:00 DEBUG (7): Starting Order Import process for store: Admin (0)
2015-04-18T03:00:02+00:00 DEBUG (7): Starting Order Import process for store: International (3)
2015-04-18T03:00:02+00:00 DEBUG (7): Starting Order Import process for store: Retail (1)
2015-04-18T03:00:02+00:00 DEBUG (7): Starting Order Import process for store: Wholesale (2)
2015-04-18T03:15:02+00:00 DEBUG (7): Starting Order Import process for store: Admin (0)
2015-04-18T03:15:02+00:00 DEBUG (7): Starting Order Import process for store: International (3)
2015-04-18T03:15:02+00:00 DEBUG (7): Starting Order Import process for store: Retail (1)
2015-04-18T03:15:02+00:00 DEBUG (7): Starting Order Import process for store: Wholesale (2)
2015-04-18T03:30:03+00:00 DEBUG (7): Starting Order Import process for store: Admin (0)
2015-04-18T03:30:03+00:00 DEBUG (7): Starting Order Import process for store: International (3)
2015-04-18T03:30:03+00:00 DEBUG (7): Starting Order Import process for store: Retail (1)
2015-04-18T03:30:03+00:00 DEBUG (7): Starting Order Import process for store: Wholesale (2)
2015-04-18T03:50:02+00:00 DEBUG (7): Starting Order Import process for store: Admin (0)
2015-04-18T03:50:02+00:00 DEBUG (7): Starting Order Import process for store: International (3)
2015-04-18T03:50:02+00:00 DEBUG (7): Starting Order Import process for store: Retail (1)
2015-04-18T03:50:02+00:00 DEBUG (7): Starting Order Import process for store: Wholesale (2)
2015-04-18T04:00:02+00:00 DEBUG (7): Starting Order Import process for store: Admin (0)
2015-04-18T04:00:02+00:00 DEBUG (7): Starting Order Import process for store: International (3)
2015-04-18T04:00:02+00:00 DEBUG (7): Starting Order Import process for store: Retail (1)
2015-04-18T04:00:02+00:00 DEBUG (7): Starting Order Import process for store: Wholesale (2)
2015-04-18T04:15:02+00:00 DEBUG (7): Starting Order Import process for store: Admin (0)
2015-04-18T04:15:02+00:00 DEBUG (7): Starting Order Import process for store: International (3)
2015-04-18T04:15:02+00:00 DEBUG (7): Starting Order Import process for store: Retail (1)
2015-04-18T04:15:02+00:00 DEBUG (7): Starting Order Import process for store: Wholesale (2)
2015-04-18T04:30:02+00:00 DEBUG (7): Starting Order Import process for store: Admin (0)
2015-04-18T04:30:02+00:00 DEBUG (7): Starting Order Import process for store: International (3)
2015-04-18T04:30:02+00:00 DEBUG (7): Starting Order Import process for store: Retail (1)
2015-04-18T04:30:02+00:00 DEBUG (7): Starting Order Import process for store: Wholesale (2)
2015-04-18T04:45:02+00:00 DEBUG (7): Starting Order Import process for store: Admin (0)
2015-04-18T04:45:02+00:00 DEBUG (7): Starting Order Import process for store: International (3)
2015-04-18T04:45:02+00:00 DEBUG (7): Starting Order Import process for store: Retail (1)
2015-04-18T04:45:02+00:00 DEBUG (7): Starting Order Import process for store: Wholesale (2)
2015-04-18T05:00:03+00:00 DEBUG (7): Starting Order Import process for store: Admin (0)
2015-04-18T05:00:03+00:00 DEBUG (7): Starting Order Import process for store: International (3)
2015-04-18T05:00:03+00:00 DEBUG (7): Starting Order Import process for store: Retail (1)
2015-04-18T05:00:03+00:00 DEBUG (7): Starting Order Import process for store: Wholesale (2)
2015-04-18T05:15:02+00:00 DEBUG (7): Starting Order Import process for store: Admin (0)
2015-04-18T05:15:02+00:00 DEBUG (7): Starting Order Import process for store: International (3)
2015-04-18T05:15:02+00:00 DEBUG (7): Starting Order Import process for store: Retail (1)
2015-04-18T05:15:02+00:00 DEBUG (7):  Importing: New, Pending Payment, Processing, Complete, Payment Review
2015-04-18T05:15:02+00:00 DEBUG (7):   Deleting: Closed, Canceled, On Hold
2015-04-18T05:15:02+00:00 DEBUG (7):   Processing Order ID: 41422 	 #200034255
2015-04-18T05:15:04+00:00 DEBUG (7):   Flush resulted in 1 orders processed
2015-04-18T05:15:04+00:00 DEBUG (7):   Success: 1
2015-04-18T05:15:04+00:00 DEBUG (7):   Error:   0
2015-04-18T05:15:04+00:00 DEBUG (7):   Total:   1
2015-04-18T05:15:04+00:00 DEBUG (7): Starting Order Import process for store: Wholesale (2)
2015-04-18T05:30:02+00:00 DEBUG (7): Starting Order Import process for store: Admin (0)
2015-04-18T05:30:02+00:00 DEBUG (7): Starting Order Import process for store: International (3)
2015-04-18T05:30:02+00:00 DEBUG (7): Starting Order Import process for store: Retail (1)
2015-04-18T05:30:02+00:00 DEBUG (7): Starting Order Import process for store: Wholesale (2)
2015-04-18T05:45:02+00:00 DEBUG (7): Starting Order Import process for store: Admin (0)
2015-04-18T05:45:02+00:00 DEBUG (7): Starting Order Import process for store: International (3)
2015-04-18T05:45:02+00:00 DEBUG (7): Starting Order Import process for store: Retail (1)
2015-04-18T05:45:02+00:00 DEBUG (7): Starting Order Import process for store: Wholesale (2)
2015-04-18T06:00:02+00:00 DEBUG (7): Starting Order Import process for store: Admin (0)
2015-04-18T06:00:02+00:00 DEBUG (7): Starting Order Import process for store: International (3)
2015-04-18T06:00:02+00:00 DEBUG (7): Starting Order Import process for store: Retail (1)
2015-04-18T06:00:02+00:00 DEBUG (7):  Importing: New, Pending Payment, Processing, Complete, Payment Review
2015-04-18T06:00:02+00:00 DEBUG (7):   Deleting: Closed, Canceled, On Hold
2015-04-18T06:00:02+00:00 DEBUG (7):   Processing Order ID: 41423 	 #200034256
2015-04-18T06:00:04+00:00 DEBUG (7):   Flush resulted in 1 orders processed
2015-04-18T06:00:04+00:00 DEBUG (7):   Success: 1
2015-04-18T06:00:04+00:00 DEBUG (7):   Error:   0
2015-04-18T06:00:04+00:00 DEBUG (7):   Total:   1
2015-04-18T06:00:04+00:00 DEBUG (7): Starting Order Import process for store: Wholesale (2)
2015-04-18T06:20:02+00:00 DEBUG (7): Starting Order Import process for store: Admin (0)
2015-04-18T06:20:02+00:00 DEBUG (7): Starting Order Import process for store: International (3)
2015-04-18T06:20:02+00:00 DEBUG (7): Starting Order Import process for store: Retail (1)
2015-04-18T06:20:02+00:00 DEBUG (7): Starting Order Import process for store: Wholesale (2)
2015-04-18T06:30:02+00:00 DEBUG (7): Starting Order Import process for store: Admin (0)
2015-04-18T06:30:02+00:00 DEBUG (7): Starting Order Import process for store: International (3)
2015-04-18T06:30:02+00:00 DEBUG (7): Starting Order Import process for store: Retail (1)
2015-04-18T06:30:02+00:00 DEBUG (7): Starting Order Import process for store: Wholesale (2)
2015-04-18T06:45:02+00:00 DEBUG (7): Starting Order Import process for store: Admin (0)
2015-04-18T06:45:02+00:00 DEBUG (7): Starting Order Import process for store: International (3)
2015-04-18T06:45:02+00:00 DEBUG (7): Starting Order Import process for store: Retail (1)
2015-04-18T06:45:02+00:00 DEBUG (7): Starting Order Import process for store: Wholesale (2)
2015-04-18T07:05:11+00:00 DEBUG (7): Starting Order Import process for store: Admin (0)
2015-04-18T07:05:11+00:00 DEBUG (7): Starting Order Import process for store: International (3)
2015-04-18T07:05:11+00:00 DEBUG (7): Starting Order Import process for store: Retail (1)
2015-04-18T07:05:11+00:00 DEBUG (7): Starting Order Import process for store: Wholesale (2)
2015-04-18T07:15:03+00:00 DEBUG (7): Starting Order Import process for store: Admin (0)
2015-04-18T07:15:03+00:00 DEBUG (7): Starting Order Import process for store: International (3)
2015-04-18T07:15:03+00:00 DEBUG (7): Starting Order Import process for store: Retail (1)
2015-04-18T07:15:03+00:00 DEBUG (7): Starting Order Import process for store: Wholesale (2)
2015-04-18T07:30:02+00:00 DEBUG (7): Starting Order Import process for store: Admin (0)
2015-04-18T07:30:02+00:00 DEBUG (7): Starting Order Import process for store: International (3)
2015-04-18T07:30:02+00:00 DEBUG (7): Starting Order Import process for store: Retail (1)
2015-04-18T07:30:02+00:00 DEBUG (7): Starting Order Import process for store: Wholesale (2)
2015-04-18T07:45:02+00:00 DEBUG (7): Starting Order Import process for store: Admin (0)
2015-04-18T07:45:02+00:00 DEBUG (7): Starting Order Import process for store: International (3)
2015-04-18T07:45:02+00:00 DEBUG (7): Starting Order Import process for store: Retail (1)
2015-04-18T07:45:02+00:00 DEBUG (7): Starting Order Import process for store: Wholesale (2)
2015-04-18T08:00:32+00:00 DEBUG (7): Starting Order Import process for store: Admin (0)
2015-04-18T08:00:32+00:00 DEBUG (7): Starting Order Import process for store: International (3)
2015-04-18T08:00:32+00:00 DEBUG (7): Starting Order Import process for store: Retail (1)
2015-04-18T08:00:32+00:00 DEBUG (7): Starting Order Import process for store: Wholesale (2)
2015-04-18T08:15:02+00:00 DEBUG (7): Starting Order Import process for store: Admin (0)
2015-04-18T08:15:02+00:00 DEBUG (7): Starting Order Import process for store: International (3)
2015-04-18T08:15:02+00:00 DEBUG (7): Starting Order Import process for store: Retail (1)
2015-04-18T08:15:02+00:00 DEBUG (7): Starting Order Import process for store: Wholesale (2)
2015-04-18T08:35:02+00:00 DEBUG (7): Starting Order Import process for store: Admin (0)
2015-04-18T08:35:02+00:00 DEBUG (7): Starting Order Import process for store: International (3)
2015-04-18T08:35:02+00:00 DEBUG (7): Starting Order Import process for store: Retail (1)
2015-04-18T08:35:02+00:00 DEBUG (7): Starting Order Import process for store: Wholesale (2)
2015-04-18T08:45:02+00:00 DEBUG (7): Starting Order Import process for store: Admin (0)
2015-04-18T08:45:02+00:00 DEBUG (7): Starting Order Import process for store: International (3)
2015-04-18T08:45:02+00:00 DEBUG (7): Starting Order Import process for store: Retail (1)
2015-04-18T08:45:02+00:00 DEBUG (7): Starting Order Import process for store: Wholesale (2)
2015-04-18T09:00:07+00:00 DEBUG (7): Starting Order Import process for store: Admin (0)
2015-04-18T09:00:07+00:00 DEBUG (7): Starting Order Import process for store: International (3)
2015-04-18T09:00:07+00:00 DEBUG (7): Starting Order Import process for store: Retail (1)
2015-04-18T09:00:07+00:00 DEBUG (7): Starting Order Import process for store: Wholesale (2)
2015-04-18T09:15:02+00:00 DEBUG (7): Starting Order Import process for store: Admin (0)
2015-04-18T09:15:02+00:00 DEBUG (7): Starting Order Import process for store: International (3)
2015-04-18T09:15:02+00:00 DEBUG (7): Starting Order Import process for store: Retail (1)
2015-04-18T09:15:02+00:00 DEBUG (7): Starting Order Import process for store: Wholesale (2)
2015-04-18T09:30:02+00:00 DEBUG (7): Starting Order Import process for store: Admin (0)
2015-04-18T09:30:02+00:00 DEBUG (7): Starting Order Import process for store: International (3)
2015-04-18T09:30:02+00:00 DEBUG (7): Starting Order Import process for store: Retail (1)
2015-04-18T09:30:02+00:00 DEBUG (7): Starting Order Import process for store: Wholesale (2)
2015-04-18T09:45:02+00:00 DEBUG (7): Starting Order Import process for store: Admin (0)
2015-04-18T09:45:02+00:00 DEBUG (7): Starting Order Import process for store: International (3)
2015-04-18T09:45:02+00:00 DEBUG (7): Starting Order Import process for store: Retail (1)
2015-04-18T09:45:02+00:00 DEBUG (7): Starting Order Import process for store: Wholesale (2)
2015-04-18T10:00:02+00:00 DEBUG (7): Starting Order Import process for store: Admin (0)
2015-04-18T10:00:02+00:00 DEBUG (7): Starting Order Import process for store: International (3)
2015-04-18T10:00:02+00:00 DEBUG (7): Starting Order Import process for store: Retail (1)
2015-04-18T10:00:02+00:00 DEBUG (7): Starting Order Import process for store: Wholesale (2)
2015-04-18T10:15:02+00:00 DEBUG (7): Starting Order Import process for store: Admin (0)
2015-04-18T10:15:02+00:00 DEBUG (7): Starting Order Import process for store: International (3)
2015-04-18T10:15:02+00:00 DEBUG (7): Starting Order Import process for store: Retail (1)
2015-04-18T10:15:02+00:00 DEBUG (7): Starting Order Import process for store: Wholesale (2)
2015-04-18T10:30:02+00:00 DEBUG (7): Starting Order Import process for store: Admin (0)
2015-04-18T10:30:02+00:00 DEBUG (7): Starting Order Import process for store: International (3)
2015-04-18T10:30:02+00:00 DEBUG (7): Starting Order Import process for store: Retail (1)
2015-04-18T10:30:02+00:00 DEBUG (7): Starting Order Import process for store: Wholesale (2)
2015-04-18T10:50:02+00:00 DEBUG (7): Starting Order Import process for store: Admin (0)
2015-04-18T10:50:02+00:00 DEBUG (7): Starting Order Import process for store: International (3)
2015-04-18T10:50:02+00:00 DEBUG (7): Starting Order Import process for store: Retail (1)
2015-04-18T10:50:02+00:00 DEBUG (7): Starting Order Import process for store: Wholesale (2)
2015-04-18T11:00:02+00:00 DEBUG (7): Starting Order Import process for store: Admin (0)
2015-04-18T11:00:02+00:00 DEBUG (7): Starting Order Import process for store: International (3)
2015-04-18T11:00:02+00:00 DEBUG (7): Starting Order Import process for store: Retail (1)
2015-04-18T11:00:02+00:00 DEBUG (7): Starting Order Import process for store: Wholesale (2)
2015-04-18T11:15:02+00:00 DEBUG (7): Starting Order Import process for store: Admin (0)
2015-04-18T11:15:02+00:00 DEBUG (7): Starting Order Import process for store: International (3)
2015-04-18T11:15:02+00:00 DEBUG (7): Starting Order Import process for store: Retail (1)
2015-04-18T11:15:02+00:00 DEBUG (7): Starting Order Import process for store: Wholesale (2)
2015-04-18T11:30:02+00:00 DEBUG (7): Starting Order Import process for store: Admin (0)
2015-04-18T11:30:02+00:00 DEBUG (7): Starting Order Import process for store: International (3)
2015-04-18T11:30:02+00:00 DEBUG (7): Starting Order Import process for store: Retail (1)
2015-04-18T11:30:02+00:00 DEBUG (7): Starting Order Import process for store: Wholesale (2)
2015-04-18T11:45:02+00:00 DEBUG (7): Starting Order Import process for store: Admin (0)
2015-04-18T11:45:02+00:00 DEBUG (7): Starting Order Import process for store: International (3)
2015-04-18T11:45:02+00:00 DEBUG (7): Starting Order Import process for store: Retail (1)
2015-04-18T11:45:02+00:00 DEBUG (7): Starting Order Import process for store: Wholesale (2)
2015-04-18T12:00:04+00:00 DEBUG (7): Starting Order Import process for store: Admin (0)
2015-04-18T12:00:04+00:00 DEBUG (7): Starting Order Import process for store: International (3)
2015-04-18T12:00:04+00:00 DEBUG (7): Starting Order Import process for store: Retail (1)
2015-04-18T12:00:04+00:00 DEBUG (7):  Importing: New, Pending Payment, Processing, Complete, Payment Review
2015-04-18T12:00:04+00:00 DEBUG (7):   Deleting: Closed, Canceled, On Hold
2015-04-18T12:00:04+00:00 DEBUG (7):   Processing Order ID: 41424 	 #200034257
2015-04-18T12:00:06+00:00 DEBUG (7):   Flush resulted in 1 orders processed
2015-04-18T12:00:06+00:00 DEBUG (7):   Success: 1
2015-04-18T12:00:06+00:00 DEBUG (7):   Error:   0
2015-04-18T12:00:06+00:00 DEBUG (7):   Total:   1
2015-04-18T12:00:06+00:00 DEBUG (7): Starting Order Import process for store: Wholesale (2)
2015-04-18T12:15:02+00:00 DEBUG (7): Starting Order Import process for store: Admin (0)
2015-04-18T12:15:02+00:00 DEBUG (7): Starting Order Import process for store: International (3)
2015-04-18T12:15:02+00:00 DEBUG (7): Starting Order Import process for store: Retail (1)
2015-04-18T12:15:02+00:00 DEBUG (7): Starting Order Import process for store: Wholesale (2)
2015-04-18T12:30:03+00:00 DEBUG (7): Starting Order Import process for store: Admin (0)
2015-04-18T12:30:03+00:00 DEBUG (7): Starting Order Import process for store: International (3)
2015-04-18T12:30:03+00:00 DEBUG (7): Starting Order Import process for store: Retail (1)
2015-04-18T12:30:03+00:00 DEBUG (7): Starting Order Import process for store: Wholesale (2)
2015-04-18T12:45:02+00:00 DEBUG (7): Starting Order Import process for store: Admin (0)
2015-04-18T12:45:02+00:00 DEBUG (7): Starting Order Import process for store: International (3)
2015-04-18T12:45:02+00:00 DEBUG (7): Starting Order Import process for store: Retail (1)
2015-04-18T12:45:02+00:00 DEBUG (7): Starting Order Import process for store: Wholesale (2)
2015-04-18T13:00:02+00:00 DEBUG (7): Starting Order Import process for store: Admin (0)
2015-04-18T13:00:02+00:00 DEBUG (7): Starting Order Import process for store: International (3)
2015-04-18T13:00:02+00:00 DEBUG (7): Starting Order Import process for store: Retail (1)
2015-04-18T13:00:02+00:00 DEBUG (7): Starting Order Import process for store: Wholesale (2)
2015-04-18T13:15:02+00:00 DEBUG (7): Starting Order Import process for store: Admin (0)
2015-04-18T13:15:02+00:00 DEBUG (7): Starting Order Import process for store: International (3)
2015-04-18T13:15:02+00:00 DEBUG (7): Starting Order Import process for store: Retail (1)
2015-04-18T13:15:02+00:00 DEBUG (7): Starting Order Import process for store: Wholesale (2)
2015-04-18T13:35:02+00:00 DEBUG (7): Starting Order Import process for store: Admin (0)
2015-04-18T13:35:02+00:00 DEBUG (7): Starting Order Import process for store: International (3)
2015-04-18T13:35:02+00:00 DEBUG (7): Starting Order Import process for store: Retail (1)
2015-04-18T13:35:02+00:00 DEBUG (7): Starting Order Import process for store: Wholesale (2)
2015-04-18T13:45:02+00:00 DEBUG (7): Starting Order Import process for store: Admin (0)
2015-04-18T13:45:02+00:00 DEBUG (7): Starting Order Import process for store: International (3)
2015-04-18T13:45:02+00:00 DEBUG (7): Starting Order Import process for store: Retail (1)
2015-04-18T13:45:02+00:00 DEBUG (7): Starting Order Import process for store: Wholesale (2)
2015-04-18T14:00:02+00:00 DEBUG (7): Starting Order Import process for store: Admin (0)
2015-04-18T14:00:02+00:00 DEBUG (7): Starting Order Import process for store: International (3)
2015-04-18T14:00:02+00:00 DEBUG (7): Starting Order Import process for store: Retail (1)
2015-04-18T14:00:02+00:00 DEBUG (7): Starting Order Import process for store: Wholesale (2)
2015-04-18T14:15:02+00:00 DEBUG (7): Starting Order Import process for store: Admin (0)
2015-04-18T14:15:02+00:00 DEBUG (7): Starting Order Import process for store: International (3)
2015-04-18T14:15:02+00:00 DEBUG (7): Starting Order Import process for store: Retail (1)
2015-04-18T14:15:02+00:00 DEBUG (7): Starting Order Import process for store: Wholesale (2)
2015-04-18T14:30:02+00:00 DEBUG (7): Starting Order Import process for store: Admin (0)
2015-04-18T14:30:02+00:00 DEBUG (7): Starting Order Import process for store: International (3)
2015-04-18T14:30:02+00:00 DEBUG (7): Starting Order Import process for store: Retail (1)
2015-04-18T14:30:02+00:00 DEBUG (7): Starting Order Import process for store: Wholesale (2)
2015-04-18T14:45:03+00:00 DEBUG (7): Starting Order Import process for store: Admin (0)
2015-04-18T14:45:03+00:00 DEBUG (7): Starting Order Import process for store: International (3)
2015-04-18T14:45:03+00:00 DEBUG (7): Starting Order Import process for store: Retail (1)
2015-04-18T14:45:03+00:00 DEBUG (7): Starting Order Import process for store: Wholesale (2)
2015-04-18T15:00:02+00:00 DEBUG (7): Starting Order Import process for store: Admin (0)
2015-04-18T15:00:02+00:00 DEBUG (7): Starting Order Import process for store: International (3)
2015-04-18T15:00:02+00:00 DEBUG (7): Starting Order Import process for store: Retail (1)
2015-04-18T15:00:02+00:00 DEBUG (7): Starting Order Import process for store: Wholesale (2)
2015-04-18T15:15:02+00:00 DEBUG (7): Starting Order Import process for store: Admin (0)
2015-04-18T15:15:02+00:00 DEBUG (7): Starting Order Import process for store: International (3)
2015-04-18T15:15:02+00:00 DEBUG (7): Starting Order Import process for store: Retail (1)
2015-04-18T15:15:02+00:00 DEBUG (7): Starting Order Import process for store: Wholesale (2)
2015-04-18T15:30:02+00:00 DEBUG (7): Starting Order Import process for store: Admin (0)
2015-04-18T15:30:02+00:00 DEBUG (7): Starting Order Import process for store: International (3)
2015-04-18T15:30:02+00:00 DEBUG (7): Starting Order Import process for store: Retail (1)
2015-04-18T15:30:02+00:00 DEBUG (7): Starting Order Import process for store: Wholesale (2)
2015-04-18T15:45:03+00:00 DEBUG (7): Starting Order Import process for store: Admin (0)
2015-04-18T15:45:03+00:00 DEBUG (7): Starting Order Import process for store: International (3)
2015-04-18T15:45:03+00:00 DEBUG (7): Starting Order Import process for store: Retail (1)
2015-04-18T15:45:03+00:00 DEBUG (7):  Importing: New, Pending Payment, Processing, Complete, Payment Review
2015-04-18T15:45:03+00:00 DEBUG (7):   Deleting: Closed, Canceled, On Hold
2015-04-18T15:45:03+00:00 DEBUG (7):   Processing Order ID: 41425 	 #200034258
2015-04-18T15:45:05+00:00 DEBUG (7):   Flush resulted in 1 orders processed
2015-04-18T15:45:05+00:00 DEBUG (7):   Success: 1
2015-04-18T15:45:05+00:00 DEBUG (7):   Error:   0
2015-04-18T15:45:05+00:00 DEBUG (7):   Total:   1
2015-04-18T15:45:05+00:00 DEBUG (7): Starting Order Import process for store: Wholesale (2)
2015-04-18T16:00:02+00:00 DEBUG (7): Starting Order Import process for store: Admin (0)
2015-04-18T16:00:02+00:00 DEBUG (7): Starting Order Import process for store: International (3)
2015-04-18T16:00:02+00:00 DEBUG (7): Starting Order Import process for store: Retail (1)
2015-04-18T16:00:02+00:00 DEBUG (7): Starting Order Import process for store: Wholesale (2)
2015-04-18T16:15:02+00:00 DEBUG (7): Starting Order Import process for store: Admin (0)
2015-04-18T16:15:02+00:00 DEBUG (7): Starting Order Import process for store: International (3)
2015-04-18T16:15:02+00:00 DEBUG (7): Starting Order Import process for store: Retail (1)
2015-04-18T16:15:02+00:00 DEBUG (7): Starting Order Import process for store: Wholesale (2)
2015-04-18T16:30:03+00:00 DEBUG (7): Starting Order Import process for store: Admin (0)
2015-04-18T16:30:03+00:00 DEBUG (7): Starting Order Import process for store: International (3)
2015-04-18T16:30:03+00:00 DEBUG (7): Starting Order Import process for store: Retail (1)
2015-04-18T16:30:03+00:00 DEBUG (7): Starting Order Import process for store: Wholesale (2)
2015-04-18T16:45:02+00:00 DEBUG (7): Starting Order Import process for store: Admin (0)
2015-04-18T16:45:02+00:00 DEBUG (7): Starting Order Import process for store: International (3)
2015-04-18T16:45:02+00:00 DEBUG (7): Starting Order Import process for store: Retail (1)
2015-04-18T16:45:02+00:00 DEBUG (7): Starting Order Import process for store: Wholesale (2)
2015-04-18T17:00:02+00:00 DEBUG (7): Starting Order Import process for store: Admin (0)
2015-04-18T17:00:02+00:00 DEBUG (7): Starting Order Import process for store: International (3)
2015-04-18T17:00:02+00:00 DEBUG (7): Starting Order Import process for store: Retail (1)
2015-04-18T17:00:02+00:00 DEBUG (7):  Importing: New, Pending Payment, Processing, Complete, Payment Review
2015-04-18T17:00:02+00:00 DEBUG (7):   Deleting: Closed, Canceled, On Hold
2015-04-18T17:00:02+00:00 DEBUG (7):   Processing Order ID: 41427 	 #200034260
2015-04-18T17:00:02+00:00 DEBUG (7):   Processing Order ID: 41426 	 #200034259
2015-04-18T17:00:05+00:00 DEBUG (7):   Flush resulted in 2 orders processed
2015-04-18T17:00:05+00:00 DEBUG (7):   Success: 2
2015-04-18T17:00:05+00:00 DEBUG (7):   Error:   0
2015-04-18T17:00:05+00:00 DEBUG (7):   Total:   2
2015-04-18T17:00:05+00:00 DEBUG (7): Starting Order Import process for store: Wholesale (2)
2015-04-18T17:15:02+00:00 DEBUG (7): Starting Order Import process for store: Admin (0)
2015-04-18T17:15:02+00:00 DEBUG (7): Starting Order Import process for store: International (3)
2015-04-18T17:15:02+00:00 DEBUG (7): Starting Order Import process for store: Retail (1)
2015-04-18T17:15:02+00:00 DEBUG (7): Starting Order Import process for store: Wholesale (2)
2015-04-18T17:30:03+00:00 DEBUG (7): Starting Order Import process for store: Admin (0)
2015-04-18T17:30:03+00:00 DEBUG (7): Starting Order Import process for store: International (3)
2015-04-18T17:30:03+00:00 DEBUG (7): Starting Order Import process for store: Retail (1)
2015-04-18T17:30:03+00:00 DEBUG (7): Starting Order Import process for store: Wholesale (2)
2015-04-18T17:45:02+00:00 DEBUG (7): Starting Order Import process for store: Admin (0)
2015-04-18T17:45:02+00:00 DEBUG (7): Starting Order Import process for store: International (3)
2015-04-18T17:45:02+00:00 DEBUG (7): Starting Order Import process for store: Retail (1)
2015-04-18T17:45:02+00:00 DEBUG (7):  Importing: New, Pending Payment, Processing, Complete, Payment Review
2015-04-18T17:45:02+00:00 DEBUG (7):   Deleting: Closed, Canceled, On Hold
2015-04-18T17:45:02+00:00 DEBUG (7):   Processing Order ID: 41428 	 #200034261
2015-04-18T17:45:04+00:00 DEBUG (7):   Flush resulted in 1 orders processed
2015-04-18T17:45:04+00:00 DEBUG (7):   Success: 1
2015-04-18T17:45:04+00:00 DEBUG (7):   Error:   0
2015-04-18T17:45:04+00:00 DEBUG (7):   Total:   1
2015-04-18T17:45:04+00:00 DEBUG (7): Starting Order Import process for store: Wholesale (2)
2015-04-18T18:00:02+00:00 DEBUG (7): Starting Order Import process for store: Admin (0)
2015-04-18T18:00:02+00:00 DEBUG (7): Starting Order Import process for store: International (3)
2015-04-18T18:00:02+00:00 DEBUG (7): Starting Order Import process for store: Retail (1)
2015-04-18T18:00:02+00:00 DEBUG (7): Starting Order Import process for store: Wholesale (2)
2015-04-18T18:15:02+00:00 DEBUG (7): Starting Order Import process for store: Admin (0)
2015-04-18T18:15:02+00:00 DEBUG (7): Starting Order Import process for store: International (3)
2015-04-18T18:15:02+00:00 DEBUG (7): Starting Order Import process for store: Retail (1)
2015-04-18T18:15:02+00:00 DEBUG (7): Starting Order Import process for store: Wholesale (2)
2015-04-18T18:30:02+00:00 DEBUG (7): Starting Order Import process for store: Admin (0)
2015-04-18T18:30:02+00:00 DEBUG (7): Starting Order Import process for store: International (3)
2015-04-18T18:30:02+00:00 DEBUG (7): Starting Order Import process for store: Retail (1)
2015-04-18T18:30:02+00:00 DEBUG (7): Starting Order Import process for store: Wholesale (2)
2015-04-18T18:45:02+00:00 DEBUG (7): Starting Order Import process for store: Admin (0)
2015-04-18T18:45:02+00:00 DEBUG (7): Starting Order Import process for store: International (3)
2015-04-18T18:45:02+00:00 DEBUG (7): Starting Order Import process for store: Retail (1)
2015-04-18T18:45:02+00:00 DEBUG (7): Starting Order Import process for store: Wholesale (2)
2015-04-18T19:05:02+00:00 DEBUG (7): Starting Order Import process for store: Admin (0)
2015-04-18T19:05:02+00:00 DEBUG (7): Starting Order Import process for store: International (3)
2015-04-18T19:05:02+00:00 DEBUG (7): Starting Order Import process for store: Retail (1)
2015-04-18T19:05:02+00:00 DEBUG (7): Starting Order Import process for store: Wholesale (2)
2015-04-18T19:15:02+00:00 DEBUG (7): Starting Order Import process for store: Admin (0)
2015-04-18T19:15:02+00:00 DEBUG (7): Starting Order Import process for store: International (3)
2015-04-18T19:15:02+00:00 DEBUG (7): Starting Order Import process for store: Retail (1)
2015-04-18T19:15:02+00:00 DEBUG (7): Starting Order Import process for store: Wholesale (2)
2015-04-18T19:30:04+00:00 DEBUG (7): Starting Order Import process for store: Admin (0)
2015-04-18T19:30:04+00:00 DEBUG (7): Starting Order Import process for store: International (3)
2015-04-18T19:30:04+00:00 DEBUG (7): Starting Order Import process for store: Retail (1)
2015-04-18T19:30:04+00:00 DEBUG (7): Starting Order Import process for store: Wholesale (2)
2015-04-18T19:45:02+00:00 DEBUG (7): Starting Order Import process for store: Admin (0)
2015-04-18T19:45:02+00:00 DEBUG (7): Starting Order Import process for store: International (3)
2015-04-18T19:45:02+00:00 DEBUG (7): Starting Order Import process for store: Retail (1)
2015-04-18T19:45:02+00:00 DEBUG (7): Starting Order Import process for store: Wholesale (2)
2015-04-18T20:00:04+00:00 DEBUG (7): Starting Order Import process for store: Admin (0)
2015-04-18T20:00:04+00:00 DEBUG (7): Starting Order Import process for store: International (3)
2015-04-18T20:00:04+00:00 DEBUG (7): Starting Order Import process for store: Retail (1)
2015-04-18T20:00:04+00:00 DEBUG (7): Starting Order Import process for store: Wholesale (2)
2015-04-18T20:15:02+00:00 DEBUG (7): Starting Order Import process for store: Admin (0)
2015-04-18T20:15:02+00:00 DEBUG (7): Starting Order Import process for store: International (3)
2015-04-18T20:15:02+00:00 DEBUG (7): Starting Order Import process for store: Retail (1)
2015-04-18T20:15:02+00:00 DEBUG (7): Starting Order Import process for store: Wholesale (2)
2015-04-18T20:30:02+00:00 DEBUG (7): Starting Order Import process for store: Admin (0)
2015-04-18T20:30:02+00:00 DEBUG (7): Starting Order Import process for store: International (3)
2015-04-18T20:30:02+00:00 DEBUG (7): Starting Order Import process for store: Retail (1)
2015-04-18T20:30:02+00:00 DEBUG (7): Starting Order Import process for store: Wholesale (2)
2015-04-18T20:45:02+00:00 DEBUG (7): Starting Order Import process for store: Admin (0)
2015-04-18T20:45:02+00:00 DEBUG (7): Starting Order Import process for store: International (3)
2015-04-18T20:45:02+00:00 DEBUG (7): Starting Order Import process for store: Retail (1)
2015-04-18T20:45:02+00:00 DEBUG (7): Starting Order Import process for store: Wholesale (2)
2015-04-18T21:00:02+00:00 DEBUG (7): Starting Order Import process for store: Admin (0)
2015-04-18T21:00:02+00:00 DEBUG (7): Starting Order Import process for store: International (3)
2015-04-18T21:00:02+00:00 DEBUG (7): Starting Order Import process for store: Retail (1)
2015-04-18T21:00:02+00:00 DEBUG (7): Starting Order Import process for store: Wholesale (2)
2015-04-18T21:15:02+00:00 DEBUG (7): Starting Order Import process for store: Admin (0)
2015-04-18T21:15:02+00:00 DEBUG (7): Starting Order Import process for store: International (3)
2015-04-18T21:15:02+00:00 DEBUG (7): Starting Order Import process for store: Retail (1)
2015-04-18T21:15:02+00:00 DEBUG (7): Starting Order Import process for store: Wholesale (2)
2015-04-18T21:35:02+00:00 DEBUG (7): Starting Order Import process for store: Admin (0)
2015-04-18T21:35:02+00:00 DEBUG (7): Starting Order Import process for store: International (3)
2015-04-18T21:35:02+00:00 DEBUG (7): Starting Order Import process for store: Retail (1)
2015-04-18T21:35:02+00:00 DEBUG (7): Starting Order Import process for store: Wholesale (2)
2015-04-18T21:45:02+00:00 DEBUG (7): Starting Order Import process for store: Admin (0)
2015-04-18T21:45:02+00:00 DEBUG (7): Starting Order Import process for store: International (3)
2015-04-18T21:45:02+00:00 DEBUG (7): Starting Order Import process for store: Retail (1)
2015-04-18T21:45:02+00:00 DEBUG (7): Starting Order Import process for store: Wholesale (2)
2015-04-18T22:00:02+00:00 DEBUG (7): Starting Order Import process for store: Admin (0)
2015-04-18T22:00:02+00:00 DEBUG (7): Starting Order Import process for store: International (3)
2015-04-18T22:00:02+00:00 DEBUG (7): Starting Order Import process for store: Retail (1)
2015-04-18T22:00:02+00:00 DEBUG (7): Starting Order Import process for store: Wholesale (2)
2015-04-18T22:15:02+00:00 DEBUG (7): Starting Order Import process for store: Admin (0)
2015-04-18T22:15:02+00:00 DEBUG (7): Starting Order Import process for store: International (3)
2015-04-18T22:15:02+00:00 DEBUG (7): Starting Order Import process for store: Retail (1)
2015-04-18T22:15:02+00:00 DEBUG (7):  Importing: New, Pending Payment, Processing, Complete, Payment Review
2015-04-18T22:15:02+00:00 DEBUG (7):   Deleting: Closed, Canceled, On Hold
2015-04-18T22:15:02+00:00 DEBUG (7):   Processing Order ID: 41429 	 #200034262
2015-04-18T22:15:04+00:00 DEBUG (7):   Flush resulted in 1 orders processed
2015-04-18T22:15:04+00:00 DEBUG (7):   Success: 1
2015-04-18T22:15:04+00:00 DEBUG (7):   Error:   0
2015-04-18T22:15:04+00:00 DEBUG (7):   Total:   1
2015-04-18T22:15:04+00:00 DEBUG (7): Starting Order Import process for store: Wholesale (2)
2015-04-18T22:30:02+00:00 DEBUG (7): Starting Order Import process for store: Admin (0)
2015-04-18T22:30:02+00:00 DEBUG (7): Starting Order Import process for store: International (3)
2015-04-18T22:30:02+00:00 DEBUG (7): Starting Order Import process for store: Retail (1)
2015-04-18T22:30:02+00:00 DEBUG (7): Starting Order Import process for store: Wholesale (2)
2015-04-18T22:45:02+00:00 DEBUG (7): Starting Order Import process for store: Admin (0)
2015-04-18T22:45:02+00:00 DEBUG (7): Starting Order Import process for store: International (3)
2015-04-18T22:45:02+00:00 DEBUG (7): Starting Order Import process for store: Retail (1)
2015-04-18T22:45:02+00:00 DEBUG (7): Starting Order Import process for store: Wholesale (2)
2015-04-18T23:00:02+00:00 DEBUG (7): Starting Order Import process for store: Admin (0)
2015-04-18T23:00:02+00:00 DEBUG (7): Starting Order Import process for store: International (3)
2015-04-18T23:00:02+00:00 DEBUG (7): Starting Order Import process for store: Retail (1)
2015-04-18T23:00:02+00:00 DEBUG (7): Starting Order Import process for store: Wholesale (2)
2015-04-18T23:15:02+00:00 DEBUG (7): Starting Order Import process for store: Admin (0)
2015-04-18T23:15:02+00:00 DEBUG (7): Starting Order Import process for store: International (3)
2015-04-18T23:15:02+00:00 DEBUG (7): Starting Order Import process for store: Retail (1)
2015-04-18T23:15:02+00:00 DEBUG (7): Starting Order Import process for store: Wholesale (2)
2015-04-18T23:30:02+00:00 DEBUG (7): Starting Order Import process for store: Admin (0)
2015-04-18T23:30:02+00:00 DEBUG (7): Starting Order Import process for store: International (3)
2015-04-18T23:30:02+00:00 DEBUG (7): Starting Order Import process for store: Retail (1)
2015-04-18T23:30:02+00:00 DEBUG (7): Starting Order Import process for store: Wholesale (2)
2015-04-18T23:45:02+00:00 DEBUG (7): Starting Order Import process for store: Admin (0)
2015-04-18T23:45:02+00:00 DEBUG (7): Starting Order Import process for store: International (3)
2015-04-18T23:45:02+00:00 DEBUG (7): Starting Order Import process for store: Retail (1)
2015-04-18T23:45:02+00:00 DEBUG (7): Starting Order Import process for store: Wholesale (2)
