2015-04-03T00:00:02+00:00 DEBUG (7): Starting Order Import process for store: Admin (0)
2015-04-03T00:00:02+00:00 DEBUG (7): Starting Order Import process for store: International (3)
2015-04-03T00:00:02+00:00 DEBUG (7): Starting Order Import process for store: Retail (1)
2015-04-03T00:00:02+00:00 DEBUG (7): Starting Order Import process for store: Wholesale (2)
2015-04-03T00:15:02+00:00 DEBUG (7): Starting Order Import process for store: Admin (0)
2015-04-03T00:15:02+00:00 DEBUG (7): Starting Order Import process for store: International (3)
2015-04-03T00:15:02+00:00 DEBUG (7): Starting Order Import process for store: Retail (1)
2015-04-03T00:15:02+00:00 DEBUG (7): Starting Order Import process for store: Wholesale (2)
2015-04-03T00:30:02+00:00 DEBUG (7): Starting Order Import process for store: Admin (0)
2015-04-03T00:30:02+00:00 DEBUG (7): Starting Order Import process for store: International (3)
2015-04-03T00:30:02+00:00 DEBUG (7): Starting Order Import process for store: Retail (1)
2015-04-03T00:30:02+00:00 DEBUG (7): Starting Order Import process for store: Wholesale (2)
2015-04-03T00:50:02+00:00 DEBUG (7): Starting Order Import process for store: Admin (0)
2015-04-03T00:50:02+00:00 DEBUG (7): Starting Order Import process for store: International (3)
2015-04-03T00:50:02+00:00 DEBUG (7): Starting Order Import process for store: Retail (1)
2015-04-03T00:50:02+00:00 DEBUG (7): Starting Order Import process for store: Wholesale (2)
2015-04-03T01:00:03+00:00 DEBUG (7): Starting Order Import process for store: Admin (0)
2015-04-03T01:00:03+00:00 DEBUG (7): Starting Order Import process for store: International (3)
2015-04-03T01:00:03+00:00 DEBUG (7): Starting Order Import process for store: Retail (1)
2015-04-03T01:00:03+00:00 DEBUG (7): Starting Order Import process for store: Wholesale (2)
2015-04-03T01:15:02+00:00 DEBUG (7): Starting Order Import process for store: Admin (0)
2015-04-03T01:15:02+00:00 DEBUG (7): Starting Order Import process for store: International (3)
2015-04-03T01:15:02+00:00 DEBUG (7): Starting Order Import process for store: Retail (1)
2015-04-03T01:15:02+00:00 DEBUG (7): Starting Order Import process for store: Wholesale (2)
2015-04-03T01:30:03+00:00 DEBUG (7): Starting Order Import process for store: Admin (0)
2015-04-03T01:30:03+00:00 DEBUG (7): Starting Order Import process for store: International (3)
2015-04-03T01:30:03+00:00 DEBUG (7): Starting Order Import process for store: Retail (1)
2015-04-03T01:30:03+00:00 DEBUG (7): Starting Order Import process for store: Wholesale (2)
2015-04-03T01:45:02+00:00 DEBUG (7): Starting Order Import process for store: Admin (0)
2015-04-03T01:45:02+00:00 DEBUG (7): Starting Order Import process for store: International (3)
2015-04-03T01:45:02+00:00 DEBUG (7): Starting Order Import process for store: Retail (1)
2015-04-03T01:45:02+00:00 DEBUG (7): Starting Order Import process for store: Wholesale (2)
2015-04-03T02:00:02+00:00 DEBUG (7): Starting Order Import process for store: Admin (0)
2015-04-03T02:00:02+00:00 DEBUG (7): Starting Order Import process for store: International (3)
2015-04-03T02:00:02+00:00 DEBUG (7): Starting Order Import process for store: Retail (1)
2015-04-03T02:00:02+00:00 DEBUG (7): Starting Order Import process for store: Wholesale (2)
2015-04-03T02:20:02+00:00 DEBUG (7): Starting Order Import process for store: Admin (0)
2015-04-03T02:20:02+00:00 DEBUG (7): Starting Order Import process for store: International (3)
2015-04-03T02:20:02+00:00 DEBUG (7): Starting Order Import process for store: Retail (1)
2015-04-03T02:20:02+00:00 DEBUG (7): Starting Order Import process for store: Wholesale (2)
2015-04-03T02:30:03+00:00 DEBUG (7): Starting Order Import process for store: Admin (0)
2015-04-03T02:30:03+00:00 DEBUG (7): Starting Order Import process for store: International (3)
2015-04-03T02:30:03+00:00 DEBUG (7): Starting Order Import process for store: Retail (1)
2015-04-03T02:30:03+00:00 DEBUG (7):  Importing: New, Pending Payment, Processing, Complete, Payment Review
2015-04-03T02:30:03+00:00 DEBUG (7):   Deleting: Closed, Canceled, On Hold
2015-04-03T02:30:03+00:00 DEBUG (7):   Processing Order ID: 41073 	 #200034039
2015-04-03T02:30:09+00:00 DEBUG (7):   Flush resulted in 1 orders processed
2015-04-03T02:30:09+00:00 DEBUG (7):   Success: 1
2015-04-03T02:30:09+00:00 DEBUG (7):   Error:   0
2015-04-03T02:30:09+00:00 DEBUG (7):   Total:   1
2015-04-03T02:30:09+00:00 DEBUG (7): Starting Order Import process for store: Wholesale (2)
2015-04-03T02:45:02+00:00 DEBUG (7): Starting Order Import process for store: Admin (0)
2015-04-03T02:45:02+00:00 DEBUG (7): Starting Order Import process for store: International (3)
2015-04-03T02:45:02+00:00 DEBUG (7): Starting Order Import process for store: Retail (1)
2015-04-03T02:45:02+00:00 DEBUG (7): Starting Order Import process for store: Wholesale (2)
2015-04-03T03:00:03+00:00 DEBUG (7): Starting Order Import process for store: Admin (0)
2015-04-03T03:00:03+00:00 DEBUG (7): Starting Order Import process for store: International (3)
2015-04-03T03:00:03+00:00 DEBUG (7): Starting Order Import process for store: Retail (1)
2015-04-03T03:00:03+00:00 DEBUG (7): Starting Order Import process for store: Wholesale (2)
2015-04-03T03:15:02+00:00 DEBUG (7): Starting Order Import process for store: Admin (0)
2015-04-03T03:15:02+00:00 DEBUG (7): Starting Order Import process for store: International (3)
2015-04-03T03:15:02+00:00 DEBUG (7): Starting Order Import process for store: Retail (1)
2015-04-03T03:15:02+00:00 DEBUG (7): Starting Order Import process for store: Wholesale (2)
2015-04-03T03:30:02+00:00 DEBUG (7): Starting Order Import process for store: Admin (0)
2015-04-03T03:30:02+00:00 DEBUG (7): Starting Order Import process for store: International (3)
2015-04-03T03:30:02+00:00 DEBUG (7): Starting Order Import process for store: Retail (1)
2015-04-03T03:30:02+00:00 DEBUG (7): Starting Order Import process for store: Wholesale (2)
2015-04-03T03:45:02+00:00 DEBUG (7): Starting Order Import process for store: Admin (0)
2015-04-03T03:45:02+00:00 DEBUG (7): Starting Order Import process for store: International (3)
2015-04-03T03:45:02+00:00 DEBUG (7): Starting Order Import process for store: Retail (1)
2015-04-03T03:45:02+00:00 DEBUG (7): Starting Order Import process for store: Wholesale (2)
2015-04-03T04:00:02+00:00 DEBUG (7): Starting Order Import process for store: Admin (0)
2015-04-03T04:00:02+00:00 DEBUG (7): Starting Order Import process for store: International (3)
2015-04-03T04:00:02+00:00 DEBUG (7): Starting Order Import process for store: Retail (1)
2015-04-03T04:00:02+00:00 DEBUG (7): Starting Order Import process for store: Wholesale (2)
2015-04-03T04:15:02+00:00 DEBUG (7): Starting Order Import process for store: Admin (0)
2015-04-03T04:15:02+00:00 DEBUG (7): Starting Order Import process for store: International (3)
2015-04-03T04:15:02+00:00 DEBUG (7): Starting Order Import process for store: Retail (1)
2015-04-03T04:15:02+00:00 DEBUG (7): Starting Order Import process for store: Wholesale (2)
2015-04-03T04:30:02+00:00 DEBUG (7): Starting Order Import process for store: Admin (0)
2015-04-03T04:30:02+00:00 DEBUG (7): Starting Order Import process for store: International (3)
2015-04-03T04:30:02+00:00 DEBUG (7): Starting Order Import process for store: Retail (1)
2015-04-03T04:30:02+00:00 DEBUG (7): Starting Order Import process for store: Wholesale (2)
2015-04-03T04:45:02+00:00 DEBUG (7): Starting Order Import process for store: Admin (0)
2015-04-03T04:45:02+00:00 DEBUG (7): Starting Order Import process for store: International (3)
2015-04-03T04:45:02+00:00 DEBUG (7): Starting Order Import process for store: Retail (1)
2015-04-03T04:45:02+00:00 DEBUG (7): Starting Order Import process for store: Wholesale (2)
2015-04-03T05:00:02+00:00 DEBUG (7): Starting Order Import process for store: Admin (0)
2015-04-03T05:00:02+00:00 DEBUG (7): Starting Order Import process for store: International (3)
2015-04-03T05:00:02+00:00 DEBUG (7): Starting Order Import process for store: Retail (1)
2015-04-03T05:00:02+00:00 DEBUG (7): Starting Order Import process for store: Wholesale (2)
2015-04-03T05:20:02+00:00 DEBUG (7): Starting Order Import process for store: Admin (0)
2015-04-03T05:20:02+00:00 DEBUG (7): Starting Order Import process for store: International (3)
2015-04-03T05:20:02+00:00 DEBUG (7): Starting Order Import process for store: Retail (1)
2015-04-03T05:20:02+00:00 DEBUG (7): Starting Order Import process for store: Wholesale (2)
2015-04-03T05:30:02+00:00 DEBUG (7): Starting Order Import process for store: Admin (0)
2015-04-03T05:30:02+00:00 DEBUG (7): Starting Order Import process for store: International (3)
2015-04-03T05:30:02+00:00 DEBUG (7): Starting Order Import process for store: Retail (1)
2015-04-03T05:30:02+00:00 DEBUG (7): Starting Order Import process for store: Wholesale (2)
2015-04-03T05:45:02+00:00 DEBUG (7): Starting Order Import process for store: Admin (0)
2015-04-03T05:45:02+00:00 DEBUG (7): Starting Order Import process for store: International (3)
2015-04-03T05:45:02+00:00 DEBUG (7): Starting Order Import process for store: Retail (1)
2015-04-03T05:45:02+00:00 DEBUG (7): Starting Order Import process for store: Wholesale (2)
2015-04-03T06:00:02+00:00 DEBUG (7): Starting Order Import process for store: Admin (0)
2015-04-03T06:00:02+00:00 DEBUG (7): Starting Order Import process for store: International (3)
2015-04-03T06:00:02+00:00 DEBUG (7): Starting Order Import process for store: Retail (1)
2015-04-03T06:00:02+00:00 DEBUG (7): Starting Order Import process for store: Wholesale (2)
2015-04-03T06:15:02+00:00 DEBUG (7): Starting Order Import process for store: Admin (0)
2015-04-03T06:15:02+00:00 DEBUG (7): Starting Order Import process for store: International (3)
2015-04-03T06:15:02+00:00 DEBUG (7): Starting Order Import process for store: Retail (1)
2015-04-03T06:15:02+00:00 DEBUG (7): Starting Order Import process for store: Wholesale (2)
2015-04-03T06:30:02+00:00 DEBUG (7): Starting Order Import process for store: Admin (0)
2015-04-03T06:30:02+00:00 DEBUG (7): Starting Order Import process for store: International (3)
2015-04-03T06:30:02+00:00 DEBUG (7): Starting Order Import process for store: Retail (1)
2015-04-03T06:30:02+00:00 DEBUG (7): Starting Order Import process for store: Wholesale (2)
2015-04-03T06:45:02+00:00 DEBUG (7): Starting Order Import process for store: Admin (0)
2015-04-03T06:45:02+00:00 DEBUG (7): Starting Order Import process for store: International (3)
2015-04-03T06:45:02+00:00 DEBUG (7): Starting Order Import process for store: Retail (1)
2015-04-03T06:45:02+00:00 DEBUG (7): Starting Order Import process for store: Wholesale (2)
2015-04-03T07:05:12+00:00 DEBUG (7): Starting Order Import process for store: Admin (0)
2015-04-03T07:05:12+00:00 DEBUG (7): Starting Order Import process for store: International (3)
2015-04-03T07:05:12+00:00 DEBUG (7): Starting Order Import process for store: Retail (1)
2015-04-03T07:05:12+00:00 DEBUG (7): Starting Order Import process for store: Wholesale (2)
2015-04-03T07:15:02+00:00 DEBUG (7): Starting Order Import process for store: Admin (0)
2015-04-03T07:15:02+00:00 DEBUG (7): Starting Order Import process for store: International (3)
2015-04-03T07:15:02+00:00 DEBUG (7): Starting Order Import process for store: Retail (1)
2015-04-03T07:15:02+00:00 DEBUG (7): Starting Order Import process for store: Wholesale (2)
2015-04-03T07:30:02+00:00 DEBUG (7): Starting Order Import process for store: Admin (0)
2015-04-03T07:30:02+00:00 DEBUG (7): Starting Order Import process for store: International (3)
2015-04-03T07:30:02+00:00 DEBUG (7): Starting Order Import process for store: Retail (1)
2015-04-03T07:30:02+00:00 DEBUG (7): Starting Order Import process for store: Wholesale (2)
2015-04-03T07:45:02+00:00 DEBUG (7): Starting Order Import process for store: Admin (0)
2015-04-03T07:45:02+00:00 DEBUG (7): Starting Order Import process for store: International (3)
2015-04-03T07:45:02+00:00 DEBUG (7): Starting Order Import process for store: Retail (1)
2015-04-03T07:45:02+00:00 DEBUG (7): Starting Order Import process for store: Wholesale (2)
2015-04-03T08:00:31+00:00 DEBUG (7): Starting Order Import process for store: Admin (0)
2015-04-03T08:00:31+00:00 DEBUG (7): Starting Order Import process for store: International (3)
2015-04-03T08:00:31+00:00 DEBUG (7): Starting Order Import process for store: Retail (1)
2015-04-03T08:00:31+00:00 DEBUG (7): Starting Order Import process for store: Wholesale (2)
2015-04-03T08:15:02+00:00 DEBUG (7): Starting Order Import process for store: Admin (0)
2015-04-03T08:15:02+00:00 DEBUG (7): Starting Order Import process for store: International (3)
2015-04-03T08:15:02+00:00 DEBUG (7): Starting Order Import process for store: Retail (1)
2015-04-03T08:15:02+00:00 DEBUG (7): Starting Order Import process for store: Wholesale (2)
2015-04-03T08:30:02+00:00 DEBUG (7): Starting Order Import process for store: Admin (0)
2015-04-03T08:30:02+00:00 DEBUG (7): Starting Order Import process for store: International (3)
2015-04-03T08:30:02+00:00 DEBUG (7): Starting Order Import process for store: Retail (1)
2015-04-03T08:30:02+00:00 DEBUG (7): Starting Order Import process for store: Wholesale (2)
2015-04-03T08:50:02+00:00 DEBUG (7): Starting Order Import process for store: Admin (0)
2015-04-03T08:50:02+00:00 DEBUG (7): Starting Order Import process for store: International (3)
2015-04-03T08:50:02+00:00 DEBUG (7): Starting Order Import process for store: Retail (1)
2015-04-03T08:50:02+00:00 DEBUG (7): Starting Order Import process for store: Wholesale (2)
2015-04-03T09:00:07+00:00 DEBUG (7): Starting Order Import process for store: Admin (0)
2015-04-03T09:00:07+00:00 DEBUG (7): Starting Order Import process for store: International (3)
2015-04-03T09:00:07+00:00 DEBUG (7): Starting Order Import process for store: Retail (1)
2015-04-03T09:00:07+00:00 DEBUG (7): Starting Order Import process for store: Wholesale (2)
2015-04-03T09:15:02+00:00 DEBUG (7): Starting Order Import process for store: Admin (0)
2015-04-03T09:15:02+00:00 DEBUG (7): Starting Order Import process for store: International (3)
2015-04-03T09:15:02+00:00 DEBUG (7): Starting Order Import process for store: Retail (1)
2015-04-03T09:15:02+00:00 DEBUG (7): Starting Order Import process for store: Wholesale (2)
2015-04-03T09:30:02+00:00 DEBUG (7): Starting Order Import process for store: Admin (0)
2015-04-03T09:30:02+00:00 DEBUG (7): Starting Order Import process for store: International (3)
2015-04-03T09:30:02+00:00 DEBUG (7): Starting Order Import process for store: Retail (1)
2015-04-03T09:30:02+00:00 DEBUG (7): Starting Order Import process for store: Wholesale (2)
2015-04-03T09:45:02+00:00 DEBUG (7): Starting Order Import process for store: Admin (0)
2015-04-03T09:45:02+00:00 DEBUG (7): Starting Order Import process for store: International (3)
2015-04-03T09:45:02+00:00 DEBUG (7): Starting Order Import process for store: Retail (1)
2015-04-03T09:45:02+00:00 DEBUG (7): Starting Order Import process for store: Wholesale (2)
2015-04-03T10:05:02+00:00 DEBUG (7): Starting Order Import process for store: Admin (0)
2015-04-03T10:05:02+00:00 DEBUG (7): Starting Order Import process for store: International (3)
2015-04-03T10:05:02+00:00 DEBUG (7): Starting Order Import process for store: Retail (1)
2015-04-03T10:05:02+00:00 DEBUG (7): Starting Order Import process for store: Wholesale (2)
2015-04-03T10:15:02+00:00 DEBUG (7): Starting Order Import process for store: Admin (0)
2015-04-03T10:15:02+00:00 DEBUG (7): Starting Order Import process for store: International (3)
2015-04-03T10:15:02+00:00 DEBUG (7): Starting Order Import process for store: Retail (1)
2015-04-03T10:15:02+00:00 DEBUG (7): Starting Order Import process for store: Wholesale (2)
2015-04-03T10:30:02+00:00 DEBUG (7): Starting Order Import process for store: Admin (0)
2015-04-03T10:30:02+00:00 DEBUG (7): Starting Order Import process for store: International (3)
2015-04-03T10:30:02+00:00 DEBUG (7): Starting Order Import process for store: Retail (1)
2015-04-03T10:30:02+00:00 DEBUG (7): Starting Order Import process for store: Wholesale (2)
2015-04-03T10:45:02+00:00 DEBUG (7): Starting Order Import process for store: Admin (0)
2015-04-03T10:45:02+00:00 DEBUG (7): Starting Order Import process for store: International (3)
2015-04-03T10:45:02+00:00 DEBUG (7): Starting Order Import process for store: Retail (1)
2015-04-03T10:45:02+00:00 DEBUG (7): Starting Order Import process for store: Wholesale (2)
2015-04-03T11:00:02+00:00 DEBUG (7): Starting Order Import process for store: Admin (0)
2015-04-03T11:00:02+00:00 DEBUG (7): Starting Order Import process for store: International (3)
2015-04-03T11:00:02+00:00 DEBUG (7): Starting Order Import process for store: Retail (1)
2015-04-03T11:00:02+00:00 DEBUG (7): Starting Order Import process for store: Wholesale (2)
2015-04-03T11:15:02+00:00 DEBUG (7): Starting Order Import process for store: Admin (0)
2015-04-03T11:15:02+00:00 DEBUG (7): Starting Order Import process for store: International (3)
2015-04-03T11:15:02+00:00 DEBUG (7): Starting Order Import process for store: Retail (1)
2015-04-03T11:15:02+00:00 DEBUG (7): Starting Order Import process for store: Wholesale (2)
2015-04-03T11:30:02+00:00 DEBUG (7): Starting Order Import process for store: Admin (0)
2015-04-03T11:30:02+00:00 DEBUG (7): Starting Order Import process for store: International (3)
2015-04-03T11:30:02+00:00 DEBUG (7): Starting Order Import process for store: Retail (1)
2015-04-03T11:30:02+00:00 DEBUG (7): Starting Order Import process for store: Wholesale (2)
2015-04-03T11:45:02+00:00 DEBUG (7): Starting Order Import process for store: Admin (0)
2015-04-03T11:45:02+00:00 DEBUG (7): Starting Order Import process for store: International (3)
2015-04-03T11:45:02+00:00 DEBUG (7): Starting Order Import process for store: Retail (1)
2015-04-03T11:45:02+00:00 DEBUG (7): Starting Order Import process for store: Wholesale (2)
2015-04-03T12:00:04+00:00 DEBUG (7): Starting Order Import process for store: Admin (0)
2015-04-03T12:00:04+00:00 DEBUG (7): Starting Order Import process for store: International (3)
2015-04-03T12:00:04+00:00 DEBUG (7): Starting Order Import process for store: Retail (1)
2015-04-03T12:00:04+00:00 DEBUG (7): Starting Order Import process for store: Wholesale (2)
2015-04-03T12:15:02+00:00 DEBUG (7): Starting Order Import process for store: Admin (0)
2015-04-03T12:15:02+00:00 DEBUG (7): Starting Order Import process for store: International (3)
2015-04-03T12:15:02+00:00 DEBUG (7): Starting Order Import process for store: Retail (1)
2015-04-03T12:15:02+00:00 DEBUG (7): Starting Order Import process for store: Wholesale (2)
2015-04-03T12:35:02+00:00 DEBUG (7): Starting Order Import process for store: Admin (0)
2015-04-03T12:35:02+00:00 DEBUG (7): Starting Order Import process for store: International (3)
2015-04-03T12:35:02+00:00 DEBUG (7): Starting Order Import process for store: Retail (1)
2015-04-03T12:35:02+00:00 DEBUG (7): Starting Order Import process for store: Wholesale (2)
2015-04-03T12:45:02+00:00 DEBUG (7): Starting Order Import process for store: Admin (0)
2015-04-03T12:45:02+00:00 DEBUG (7): Starting Order Import process for store: International (3)
2015-04-03T12:45:02+00:00 DEBUG (7): Starting Order Import process for store: Retail (1)
2015-04-03T12:45:02+00:00 DEBUG (7): Starting Order Import process for store: Wholesale (2)
2015-04-03T13:00:03+00:00 DEBUG (7): Starting Order Import process for store: Admin (0)
2015-04-03T13:00:03+00:00 DEBUG (7): Starting Order Import process for store: International (3)
2015-04-03T13:00:03+00:00 DEBUG (7): Starting Order Import process for store: Retail (1)
2015-04-03T13:00:03+00:00 DEBUG (7): Starting Order Import process for store: Wholesale (2)
2015-04-03T13:15:02+00:00 DEBUG (7): Starting Order Import process for store: Admin (0)
2015-04-03T13:15:02+00:00 DEBUG (7): Starting Order Import process for store: International (3)
2015-04-03T13:15:02+00:00 DEBUG (7): Starting Order Import process for store: Retail (1)
2015-04-03T13:15:02+00:00 DEBUG (7): Starting Order Import process for store: Wholesale (2)
2015-04-03T13:30:02+00:00 DEBUG (7): Starting Order Import process for store: Admin (0)
2015-04-03T13:30:02+00:00 DEBUG (7): Starting Order Import process for store: International (3)
2015-04-03T13:30:02+00:00 DEBUG (7): Starting Order Import process for store: Retail (1)
2015-04-03T13:30:02+00:00 DEBUG (7):  Importing: New, Pending Payment, Processing, Complete, Payment Review
2015-04-03T13:30:02+00:00 DEBUG (7):   Deleting: Closed, Canceled, On Hold
2015-04-03T13:30:02+00:00 DEBUG (7):   Processing Order ID: 41074 	 #200034040
2015-04-03T13:30:04+00:00 DEBUG (7):   Flush resulted in 1 orders processed
2015-04-03T13:30:04+00:00 DEBUG (7):   Success: 1
2015-04-03T13:30:04+00:00 DEBUG (7):   Error:   0
2015-04-03T13:30:04+00:00 DEBUG (7):   Total:   1
2015-04-03T13:30:04+00:00 DEBUG (7): Starting Order Import process for store: Wholesale (2)
2015-04-03T13:45:02+00:00 DEBUG (7): Starting Order Import process for store: Admin (0)
2015-04-03T13:45:02+00:00 DEBUG (7): Starting Order Import process for store: International (3)
2015-04-03T13:45:02+00:00 DEBUG (7): Starting Order Import process for store: Retail (1)
2015-04-03T13:45:02+00:00 DEBUG (7): Starting Order Import process for store: Wholesale (2)
2015-04-03T14:00:03+00:00 DEBUG (7): Starting Order Import process for store: Admin (0)
2015-04-03T14:00:03+00:00 DEBUG (7): Starting Order Import process for store: International (3)
2015-04-03T14:00:03+00:00 DEBUG (7): Starting Order Import process for store: Retail (1)
2015-04-03T14:00:03+00:00 DEBUG (7): Starting Order Import process for store: Wholesale (2)
2015-04-03T14:15:02+00:00 DEBUG (7): Starting Order Import process for store: Admin (0)
2015-04-03T14:15:02+00:00 DEBUG (7): Starting Order Import process for store: International (3)
2015-04-03T14:15:02+00:00 DEBUG (7): Starting Order Import process for store: Retail (1)
2015-04-03T14:15:02+00:00 DEBUG (7): Starting Order Import process for store: Wholesale (2)
2015-04-03T14:30:02+00:00 DEBUG (7): Starting Order Import process for store: Admin (0)
2015-04-03T14:30:02+00:00 DEBUG (7): Starting Order Import process for store: International (3)
2015-04-03T14:30:02+00:00 DEBUG (7): Starting Order Import process for store: Retail (1)
2015-04-03T14:30:02+00:00 DEBUG (7): Starting Order Import process for store: Wholesale (2)
2015-04-03T14:45:02+00:00 DEBUG (7): Starting Order Import process for store: Admin (0)
2015-04-03T14:45:02+00:00 DEBUG (7): Starting Order Import process for store: International (3)
2015-04-03T14:45:02+00:00 DEBUG (7): Starting Order Import process for store: Retail (1)
2015-04-03T14:45:02+00:00 DEBUG (7):  Importing: New, Pending Payment, Processing, Complete, Payment Review
2015-04-03T14:45:02+00:00 DEBUG (7):   Deleting: Closed, Canceled, On Hold
2015-04-03T14:45:02+00:00 DEBUG (7):   Processing Order ID: 41074 	 #200034040
2015-04-03T14:45:02+00:00 DEBUG (7):   Processing Order ID: 41073 	 #200034039
2015-04-03T14:45:03+00:00 DEBUG (7):   Processing Order ID: 41071 	 #200034038
2015-04-03T14:45:03+00:00 DEBUG (7):   Processing Order ID: 41070 	 #200034037
2015-04-03T14:45:09+00:00 DEBUG (7):   Flush resulted in 4 orders processed
2015-04-03T14:45:09+00:00 DEBUG (7):   Success: 4
2015-04-03T14:45:09+00:00 DEBUG (7):   Error:   0
2015-04-03T14:45:09+00:00 DEBUG (7):   Total:   4
2015-04-03T14:45:09+00:00 DEBUG (7): Starting Order Import process for store: Wholesale (2)
2015-04-03T14:45:09+00:00 DEBUG (7):  Importing: New, Pending Payment, Processing, Complete, Payment Review
2015-04-03T14:45:09+00:00 DEBUG (7):   Deleting: Closed, Canceled, On Hold
2015-04-03T14:45:09+00:00 DEBUG (7):   Processing Order ID: 41068 	 #250007379
2015-04-03T14:45:13+00:00 DEBUG (7):   Flush resulted in 1 orders processed
2015-04-03T14:45:13+00:00 DEBUG (7):   Success: 1
2015-04-03T14:45:13+00:00 DEBUG (7):   Error:   0
2015-04-03T14:45:13+00:00 DEBUG (7):   Total:   1
2015-04-03T15:00:02+00:00 DEBUG (7): Starting Order Import process for store: Admin (0)
2015-04-03T15:00:02+00:00 DEBUG (7): Starting Order Import process for store: International (3)
2015-04-03T15:00:02+00:00 DEBUG (7): Starting Order Import process for store: Retail (1)
2015-04-03T15:00:02+00:00 DEBUG (7): Starting Order Import process for store: Wholesale (2)
2015-04-03T15:00:02+00:00 DEBUG (7):  Importing: New, Pending Payment, Processing, Complete, Payment Review
2015-04-03T15:00:02+00:00 DEBUG (7):   Deleting: Closed, Canceled, On Hold
2015-04-03T15:00:02+00:00 DEBUG (7):   Processing Order ID: 41072 	 #250007380
2015-04-03T15:00:06+00:00 DEBUG (7):   Flush resulted in 1 orders processed
2015-04-03T15:00:06+00:00 DEBUG (7):   Success: 1
2015-04-03T15:00:06+00:00 DEBUG (7):   Error:   0
2015-04-03T15:00:06+00:00 DEBUG (7):   Total:   1
2015-04-03T15:15:02+00:00 DEBUG (7): Starting Order Import process for store: Admin (0)
2015-04-03T15:15:02+00:00 DEBUG (7): Starting Order Import process for store: International (3)
2015-04-03T15:15:02+00:00 DEBUG (7): Starting Order Import process for store: Retail (1)
2015-04-03T15:15:02+00:00 DEBUG (7): Starting Order Import process for store: Wholesale (2)
2015-04-03T15:30:03+00:00 DEBUG (7): Starting Order Import process for store: Admin (0)
2015-04-03T15:30:03+00:00 DEBUG (7): Starting Order Import process for store: International (3)
2015-04-03T15:30:03+00:00 DEBUG (7): Starting Order Import process for store: Retail (1)
2015-04-03T15:30:03+00:00 DEBUG (7): Starting Order Import process for store: Wholesale (2)
2015-04-03T15:45:02+00:00 DEBUG (7): Starting Order Import process for store: Admin (0)
2015-04-03T15:45:02+00:00 DEBUG (7): Starting Order Import process for store: International (3)
2015-04-03T15:45:02+00:00 DEBUG (7): Starting Order Import process for store: Retail (1)
2015-04-03T15:45:02+00:00 DEBUG (7): Starting Order Import process for store: Wholesale (2)
2015-04-03T15:45:02+00:00 DEBUG (7):  Importing: New, Pending Payment, Processing, Complete, Payment Review
2015-04-03T15:45:02+00:00 DEBUG (7):   Deleting: Closed, Canceled, On Hold
2015-04-03T15:45:02+00:00 DEBUG (7):   Processing Order ID: 39990 	 #250007003
2015-04-03T15:45:02+00:00 DEBUG (7):   Processing Order ID: 39989 	 #250007002
2015-04-03T15:45:02+00:00 DEBUG (7):   Processing Order ID: 40404 	 #250007144
2015-04-03T15:45:02+00:00 DEBUG (7):   Processing Order ID: 40405 	 #250007145
2015-04-03T15:45:02+00:00 DEBUG (7):   Processing Order ID: 41019 	 #250007360
2015-04-03T15:45:03+00:00 DEBUG (7):   Processing Order ID: 41018 	 #250007359
2015-04-03T15:45:03+00:00 DEBUG (7):   Processing Order ID: 41021 	 #250007362
2015-04-03T15:45:03+00:00 DEBUG (7):   Processing Order ID: 41020 	 #250007361
2015-04-03T15:45:03+00:00 DEBUG (7):   Processing Order ID: 41023 	 #250007364
2015-04-03T15:45:03+00:00 DEBUG (7):   Processing Order ID: 41022 	 #250007363
2015-04-03T15:45:03+00:00 DEBUG (7):   Processing Order ID: 41025 	 #250007366
2015-04-03T15:45:03+00:00 DEBUG (7):   Processing Order ID: 41024 	 #250007365
2015-04-03T15:45:03+00:00 DEBUG (7):   Processing Order ID: 41026 	 #250007367
2015-04-03T15:45:03+00:00 DEBUG (7):   Processing Order ID: 41027 	 #250007368
2015-04-03T15:45:03+00:00 DEBUG (7):   Processing Order ID: 41028 	 #250007369
2015-04-03T15:45:03+00:00 DEBUG (7):   Processing Order ID: 41058 	 #250007373
2015-04-03T15:45:03+00:00 DEBUG (7):   Processing Order ID: 41057 	 #250007372
2015-04-03T15:45:03+00:00 DEBUG (7):   Processing Order ID: 41060 	 #250007375
2015-04-03T15:45:03+00:00 DEBUG (7):   Processing Order ID: 41059 	 #250007374
2015-04-03T15:45:03+00:00 DEBUG (7):   Processing Order ID: 41061 	 #250007376
2015-04-03T15:45:03+00:00 DEBUG (7):   Processing Order ID: 41062 	 #250007377
2015-04-03T15:45:03+00:00 DEBUG (7):   Processing Order ID: 41063 	 #250007378
2015-04-03T15:45:03+00:00 DEBUG (7):   Processing Order ID: 41081 	 #250007387
2015-04-03T15:45:03+00:00 DEBUG (7):   Processing Order ID: 41085 	 #250007391
2015-04-03T15:45:03+00:00 DEBUG (7):   Processing Order ID: 41083 	 #250007389
2015-04-03T15:45:03+00:00 DEBUG (7):   Processing Order ID: 41084 	 #250007390
2015-04-03T15:45:05+00:00 DEBUG (7):   Successfully deleted order...
2015-04-03T15:45:05+00:00 DEBUG (7):   Processing Order ID: 41082 	 #250007388
2015-04-03T15:45:05+00:00 DEBUG (7):   Processing Order ID: 41079 	 #250007385
2015-04-03T15:45:05+00:00 DEBUG (7):   Processing Order ID: 41080 	 #250007386
2015-04-03T15:45:05+00:00 DEBUG (7):   Processing Order ID: 41077 	 #250007383
2015-04-03T15:45:05+00:00 DEBUG (7):   Processing Order ID: 41078 	 #250007384
2015-04-03T15:45:05+00:00 DEBUG (7):   Processing Order ID: 41075 	 #250007381
2015-04-03T15:45:05+00:00 DEBUG (7):   Processing Order ID: 41076 	 #250007382
2015-04-03T15:45:22+00:00 DEBUG (7):   Flush resulted in 32 orders processed
2015-04-03T15:45:22+00:00 DEBUG (7):   Success: 33
2015-04-03T15:45:22+00:00 DEBUG (7):   Error:   0
2015-04-03T15:45:22+00:00 DEBUG (7):   Total:   33
2015-04-03T16:00:02+00:00 DEBUG (7): Starting Order Import process for store: Admin (0)
2015-04-03T16:00:02+00:00 DEBUG (7): Starting Order Import process for store: International (3)
2015-04-03T16:00:02+00:00 DEBUG (7): Starting Order Import process for store: Retail (1)
2015-04-03T16:00:02+00:00 DEBUG (7): Starting Order Import process for store: Wholesale (2)
2015-04-03T16:00:02+00:00 DEBUG (7):  Importing: New, Pending Payment, Processing, Complete, Payment Review
2015-04-03T16:00:02+00:00 DEBUG (7):   Deleting: Closed, Canceled, On Hold
2015-04-03T16:00:02+00:00 DEBUG (7):   Processing Order ID: 41072 	 #250007380
2015-04-03T16:00:04+00:00 DEBUG (7):   Flush resulted in 1 orders processed
2015-04-03T16:00:04+00:00 DEBUG (7):   Success: 1
2015-04-03T16:00:04+00:00 DEBUG (7):   Error:   0
2015-04-03T16:00:04+00:00 DEBUG (7):   Total:   1
2015-04-03T16:20:02+00:00 DEBUG (7): Starting Order Import process for store: Admin (0)
2015-04-03T16:20:03+00:00 DEBUG (7): Starting Order Import process for store: International (3)
2015-04-03T16:20:03+00:00 DEBUG (7): Starting Order Import process for store: Retail (1)
2015-04-03T16:20:03+00:00 DEBUG (7):  Importing: New, Pending Payment, Processing, Complete, Payment Review
2015-04-03T16:20:03+00:00 DEBUG (7):   Deleting: Closed, Canceled, On Hold
2015-04-03T16:20:03+00:00 DEBUG (7):   Processing Order ID: 40026 	 #200033355
2015-04-03T16:20:05+00:00 DEBUG (7):   Flush resulted in 1 orders processed
2015-04-03T16:20:05+00:00 DEBUG (7):   Success: 1
2015-04-03T16:20:05+00:00 DEBUG (7):   Error:   0
2015-04-03T16:20:05+00:00 DEBUG (7):   Total:   1
2015-04-03T16:20:05+00:00 DEBUG (7): Starting Order Import process for store: Wholesale (2)
2015-04-03T16:20:05+00:00 DEBUG (7):  Importing: New, Pending Payment, Processing, Complete, Payment Review
2015-04-03T16:20:05+00:00 DEBUG (7):   Deleting: Closed, Canceled, On Hold
2015-04-03T16:20:05+00:00 DEBUG (7):   Processing Order ID: 38412 	 #250006512
2015-04-03T16:20:05+00:00 DEBUG (7):   Processing Order ID: 38411 	 #250006511
2015-04-03T16:20:05+00:00 DEBUG (7):   Processing Order ID: 38409 	 #250006509
2015-04-03T16:20:05+00:00 DEBUG (7):   Processing Order ID: 38408 	 #250006508
2015-04-03T16:20:05+00:00 DEBUG (7):   Processing Order ID: 38404 	 #250006504
2015-04-03T16:20:05+00:00 DEBUG (7):   Processing Order ID: 38403 	 #250006503
2015-04-03T16:20:05+00:00 DEBUG (7):   Processing Order ID: 41009 	 #250007358
2015-04-03T16:20:05+00:00 DEBUG (7):   Processing Order ID: 38401 	 #250006501
2015-04-03T16:20:05+00:00 DEBUG (7):   Processing Order ID: 38400 	 #250006500
2015-04-03T16:20:05+00:00 DEBUG (7):   Processing Order ID: 38399 	 #250006499
2015-04-03T16:20:05+00:00 DEBUG (7):   Processing Order ID: 38392 	 #250006493
2015-04-03T16:20:05+00:00 DEBUG (7):   Processing Order ID: 38391 	 #250006492
2015-04-03T16:20:05+00:00 DEBUG (7):   Processing Order ID: 38390 	 #250006491
2015-04-03T16:20:05+00:00 DEBUG (7):   Processing Order ID: 38387 	 #250006488
2015-04-03T16:20:05+00:00 DEBUG (7):   Processing Order ID: 38389 	 #250006490
2015-04-03T16:20:05+00:00 DEBUG (7):   Processing Order ID: 38384 	 #250006485
2015-04-03T16:20:05+00:00 DEBUG (7):   Processing Order ID: 38383 	 #250006484
2015-04-03T16:20:05+00:00 DEBUG (7):   Processing Order ID: 38382 	 #250006483
2015-04-03T16:20:05+00:00 DEBUG (7):   Processing Order ID: 38381 	 #250006482
2015-04-03T16:20:05+00:00 DEBUG (7):   Processing Order ID: 38380 	 #250006481
2015-04-03T16:20:06+00:00 DEBUG (7):   Processing Order ID: 38320 	 #250006470
2015-04-03T16:20:06+00:00 DEBUG (7):   Processing Order ID: 38316 	 #250006466
2015-04-03T16:20:06+00:00 DEBUG (7):   Processing Order ID: 38309 	 #250006459
2015-04-03T16:20:06+00:00 DEBUG (7):   Processing Order ID: 38306 	 #250006456
2015-04-03T16:20:06+00:00 DEBUG (7):   Processing Order ID: 38308 	 #250006458
2015-04-03T16:20:06+00:00 DEBUG (7):   Processing Order ID: 41085 	 #250007391
2015-04-03T16:20:06+00:00 DEBUG (7):   Processing Order ID: 41083 	 #250007389
2015-04-03T16:20:06+00:00 DEBUG (7):   Processing Order ID: 41081 	 #250007387
2015-04-03T16:20:06+00:00 DEBUG (7):   Processing Order ID: 41082 	 #250007388
2015-04-03T16:20:06+00:00 DEBUG (7):   Processing Order ID: 41079 	 #250007385
2015-04-03T16:20:06+00:00 DEBUG (7):   Processing Order ID: 41080 	 #250007386
2015-04-03T16:20:06+00:00 DEBUG (7):   Processing Order ID: 41077 	 #250007383
2015-04-03T16:20:06+00:00 DEBUG (7):   Processing Order ID: 41078 	 #250007384
2015-04-03T16:20:06+00:00 DEBUG (7):   Processing Order ID: 41075 	 #250007381
2015-04-03T16:20:06+00:00 DEBUG (7):   Processing Order ID: 41076 	 #250007382
2015-04-03T16:20:06+00:00 DEBUG (7):   Processing Order ID: 38174 	 #250006425
2015-04-03T16:20:06+00:00 DEBUG (7):   Processing Order ID: 38173 	 #250006424
2015-04-03T16:20:25+00:00 DEBUG (7):   Flush resulted in 37 orders processed
2015-04-03T16:20:25+00:00 DEBUG (7):   Success: 37
2015-04-03T16:20:25+00:00 DEBUG (7):   Error:   0
2015-04-03T16:20:25+00:00 DEBUG (7):   Total:   37
2015-04-03T16:30:02+00:00 DEBUG (7): Starting Order Import process for store: Admin (0)
2015-04-03T16:30:02+00:00 DEBUG (7): Starting Order Import process for store: International (3)
2015-04-03T16:30:02+00:00 DEBUG (7): Starting Order Import process for store: Retail (1)
2015-04-03T16:30:02+00:00 DEBUG (7): Starting Order Import process for store: Wholesale (2)
2015-04-03T16:30:02+00:00 DEBUG (7):  Importing: New, Pending Payment, Processing, Complete, Payment Review
2015-04-03T16:30:02+00:00 DEBUG (7):   Deleting: Closed, Canceled, On Hold
2015-04-03T16:30:02+00:00 DEBUG (7):   Processing Order ID: 41009 	 #250007358
2015-04-03T16:30:02+00:00 DEBUG (7):   Processing Order ID: 38587 	 #250006585
2015-04-03T16:30:02+00:00 DEBUG (7):   Processing Order ID: 38575 	 #250006573
2015-04-03T16:30:06+00:00 DEBUG (7):   Flush resulted in 3 orders processed
2015-04-03T16:30:06+00:00 DEBUG (7):   Success: 3
2015-04-03T16:30:06+00:00 DEBUG (7):   Error:   0
2015-04-03T16:30:06+00:00 DEBUG (7):   Total:   3
2015-04-03T16:45:08+00:00 DEBUG (7): Starting Order Import process for store: Admin (0)
2015-04-03T16:45:08+00:00 DEBUG (7): Starting Order Import process for store: International (3)
2015-04-03T16:45:08+00:00 DEBUG (7): Starting Order Import process for store: Retail (1)
2015-04-03T16:45:08+00:00 DEBUG (7): Starting Order Import process for store: Wholesale (2)
2015-04-03T17:00:02+00:00 DEBUG (7): Starting Order Import process for store: Admin (0)
2015-04-03T17:00:02+00:00 DEBUG (7): Starting Order Import process for store: International (3)
2015-04-03T17:00:02+00:00 DEBUG (7): Starting Order Import process for store: Retail (1)
2015-04-03T17:00:02+00:00 DEBUG (7): Starting Order Import process for store: Wholesale (2)
2015-04-03T17:00:02+00:00 DEBUG (7):  Importing: New, Pending Payment, Processing, Complete, Payment Review
2015-04-03T17:00:02+00:00 DEBUG (7):   Deleting: Closed, Canceled, On Hold
2015-04-03T17:00:02+00:00 DEBUG (7):   Processing Order ID: 41086 	 #250007392
2015-04-03T17:00:04+00:00 DEBUG (7):   Flush resulted in 1 orders processed
2015-04-03T17:00:04+00:00 DEBUG (7):   Success: 1
2015-04-03T17:00:04+00:00 DEBUG (7):   Error:   0
2015-04-03T17:00:04+00:00 DEBUG (7):   Total:   1
2015-04-03T17:15:02+00:00 DEBUG (7): Starting Order Import process for store: Admin (0)
2015-04-03T17:15:02+00:00 DEBUG (7): Starting Order Import process for store: International (3)
2015-04-03T17:15:02+00:00 DEBUG (7): Starting Order Import process for store: Retail (1)
2015-04-03T17:15:02+00:00 DEBUG (7):  Importing: New, Pending Payment, Processing, Complete, Payment Review
2015-04-03T17:15:02+00:00 DEBUG (7):   Deleting: Closed, Canceled, On Hold
2015-04-03T17:15:02+00:00 DEBUG (7):   Processing Order ID: 41087 	 #200034041
2015-04-03T17:15:04+00:00 DEBUG (7):   Flush resulted in 1 orders processed
2015-04-03T17:15:04+00:00 DEBUG (7):   Success: 1
2015-04-03T17:15:04+00:00 DEBUG (7):   Error:   0
2015-04-03T17:15:04+00:00 DEBUG (7):   Total:   1
2015-04-03T17:15:04+00:00 DEBUG (7): Starting Order Import process for store: Wholesale (2)
2015-04-03T17:15:04+00:00 DEBUG (7):  Importing: New, Pending Payment, Processing, Complete, Payment Review
2015-04-03T17:15:04+00:00 DEBUG (7):   Deleting: Closed, Canceled, On Hold
2015-04-03T17:15:04+00:00 DEBUG (7):   Processing Order ID: 41085 	 #250007391
2015-04-03T17:15:04+00:00 DEBUG (7):   Processing Order ID: 41083 	 #250007389
2015-04-03T17:15:04+00:00 DEBUG (7):   Processing Order ID: 41081 	 #250007387
2015-04-03T17:15:05+00:00 DEBUG (7):   Processing Order ID: 41082 	 #250007388
2015-04-03T17:15:05+00:00 DEBUG (7):   Processing Order ID: 41079 	 #250007385
2015-04-03T17:15:05+00:00 DEBUG (7):   Processing Order ID: 41080 	 #250007386
2015-04-03T17:15:05+00:00 DEBUG (7):   Processing Order ID: 41077 	 #250007383
2015-04-03T17:15:05+00:00 DEBUG (7):   Processing Order ID: 41078 	 #250007384
2015-04-03T17:15:05+00:00 DEBUG (7):   Processing Order ID: 41075 	 #250007381
2015-04-03T17:15:05+00:00 DEBUG (7):   Processing Order ID: 41076 	 #250007382
2015-04-03T17:15:05+00:00 DEBUG (7):   Processing Order ID: 41009 	 #250007358
2015-04-03T17:15:28+00:00 DEBUG (7):   Flush resulted in 11 orders processed
2015-04-03T17:15:28+00:00 DEBUG (7):   Success: 11
2015-04-03T17:15:28+00:00 DEBUG (7):   Error:   0
2015-04-03T17:15:28+00:00 DEBUG (7):   Total:   11
2015-04-03T17:30:02+00:00 DEBUG (7): Starting Order Import process for store: Admin (0)
2015-04-03T17:30:02+00:00 DEBUG (7): Starting Order Import process for store: International (3)
2015-04-03T17:30:02+00:00 DEBUG (7): Starting Order Import process for store: Retail (1)
2015-04-03T17:30:02+00:00 DEBUG (7):  Importing: New, Pending Payment, Processing, Complete, Payment Review
2015-04-03T17:30:02+00:00 DEBUG (7):   Deleting: Closed, Canceled, On Hold
2015-04-03T17:30:02+00:00 DEBUG (7):   Processing Order ID: 41087 	 #200034041
2015-04-03T17:30:04+00:00 DEBUG (7):   Flush resulted in 1 orders processed
2015-04-03T17:30:04+00:00 DEBUG (7):   Success: 1
2015-04-03T17:30:04+00:00 DEBUG (7):   Error:   0
2015-04-03T17:30:04+00:00 DEBUG (7):   Total:   1
2015-04-03T17:30:04+00:00 DEBUG (7): Starting Order Import process for store: Wholesale (2)
2015-04-03T17:30:04+00:00 DEBUG (7):  Importing: New, Pending Payment, Processing, Complete, Payment Review
2015-04-03T17:30:04+00:00 DEBUG (7):   Deleting: Closed, Canceled, On Hold
2015-04-03T17:30:04+00:00 DEBUG (7):   Processing Order ID: 41086 	 #250007392
2015-04-03T17:30:05+00:00 DEBUG (7):   Flush resulted in 1 orders processed
2015-04-03T17:30:05+00:00 DEBUG (7):   Success: 1
2015-04-03T17:30:05+00:00 DEBUG (7):   Error:   0
2015-04-03T17:30:05+00:00 DEBUG (7):   Total:   1
2015-04-03T17:45:02+00:00 DEBUG (7): Starting Order Import process for store: Admin (0)
2015-04-03T17:45:02+00:00 DEBUG (7): Starting Order Import process for store: International (3)
2015-04-03T17:45:02+00:00 DEBUG (7): Starting Order Import process for store: Retail (1)
2015-04-03T17:45:02+00:00 DEBUG (7): Starting Order Import process for store: Wholesale (2)
2015-04-03T18:00:02+00:00 DEBUG (7): Starting Order Import process for store: Admin (0)
2015-04-03T18:00:02+00:00 DEBUG (7): Starting Order Import process for store: International (3)
2015-04-03T18:00:02+00:00 DEBUG (7): Starting Order Import process for store: Retail (1)
2015-04-03T18:00:02+00:00 DEBUG (7): Starting Order Import process for store: Wholesale (2)
2015-04-03T18:00:02+00:00 DEBUG (7):  Importing: New, Pending Payment, Processing, Complete, Payment Review
2015-04-03T18:00:02+00:00 DEBUG (7):   Deleting: Closed, Canceled, On Hold
2015-04-03T18:00:02+00:00 DEBUG (7):   Processing Order ID: 41089 	 #250007394
2015-04-03T18:00:02+00:00 DEBUG (7):   Processing Order ID: 41088 	 #250007393
2015-04-03T18:00:03+00:00 DEBUG (7):   Flush resulted in 2 orders processed
2015-04-03T18:00:03+00:00 DEBUG (7):   Success: 2
2015-04-03T18:00:03+00:00 DEBUG (7):   Error:   0
2015-04-03T18:00:03+00:00 DEBUG (7):   Total:   2
2015-04-03T18:15:03+00:00 DEBUG (7): Starting Order Import process for store: Admin (0)
2015-04-03T18:15:03+00:00 DEBUG (7): Starting Order Import process for store: International (3)
2015-04-03T18:15:03+00:00 DEBUG (7): Starting Order Import process for store: Retail (1)
2015-04-03T18:15:03+00:00 DEBUG (7): Starting Order Import process for store: Wholesale (2)
2015-04-03T18:15:03+00:00 DEBUG (7):  Importing: New, Pending Payment, Processing, Complete, Payment Review
2015-04-03T18:15:03+00:00 DEBUG (7):   Deleting: Closed, Canceled, On Hold
2015-04-03T18:15:03+00:00 DEBUG (7):   Processing Order ID: 41089 	 #250007394
2015-04-03T18:15:03+00:00 DEBUG (7):   Processing Order ID: 41088 	 #250007393
2015-04-03T18:15:04+00:00 DEBUG (7):   Flush resulted in 2 orders processed
2015-04-03T18:15:04+00:00 DEBUG (7):   Success: 2
2015-04-03T18:15:04+00:00 DEBUG (7):   Error:   0
2015-04-03T18:15:04+00:00 DEBUG (7):   Total:   2
2015-04-03T18:30:04+00:00 DEBUG (7): Starting Order Import process for store: Admin (0)
2015-04-03T18:30:04+00:00 DEBUG (7): Starting Order Import process for store: International (3)
2015-04-03T18:30:04+00:00 DEBUG (7): Starting Order Import process for store: Retail (1)
2015-04-03T18:30:04+00:00 DEBUG (7): Starting Order Import process for store: Wholesale (2)
2015-04-03T18:50:02+00:00 DEBUG (7): Starting Order Import process for store: Admin (0)
2015-04-03T18:50:02+00:00 DEBUG (7): Starting Order Import process for store: International (3)
2015-04-03T18:50:02+00:00 DEBUG (7): Starting Order Import process for store: Retail (1)
2015-04-03T18:50:02+00:00 DEBUG (7): Starting Order Import process for store: Wholesale (2)
2015-04-03T18:50:02+00:00 DEBUG (7):  Importing: New, Pending Payment, Processing, Complete, Payment Review
2015-04-03T18:50:02+00:00 DEBUG (7):   Deleting: Closed, Canceled, On Hold
2015-04-03T18:50:02+00:00 DEBUG (7):   Processing Order ID: 41089 	 #250007394
2015-04-03T18:50:02+00:00 DEBUG (7):   Processing Order ID: 41088 	 #250007393
2015-04-03T18:50:03+00:00 DEBUG (7):   Flush resulted in 2 orders processed
2015-04-03T18:50:03+00:00 DEBUG (7):   Success: 2
2015-04-03T18:50:03+00:00 DEBUG (7):   Error:   0
2015-04-03T18:50:03+00:00 DEBUG (7):   Total:   2
2015-04-03T19:00:03+00:00 DEBUG (7): Starting Order Import process for store: Admin (0)
2015-04-03T19:00:03+00:00 DEBUG (7): Starting Order Import process for store: International (3)
2015-04-03T19:00:03+00:00 DEBUG (7): Starting Order Import process for store: Retail (1)
2015-04-03T19:00:03+00:00 DEBUG (7): Starting Order Import process for store: Wholesale (2)
2015-04-03T19:15:02+00:00 DEBUG (7): Starting Order Import process for store: Admin (0)
2015-04-03T19:15:02+00:00 DEBUG (7): Starting Order Import process for store: International (3)
2015-04-03T19:15:02+00:00 DEBUG (7): Starting Order Import process for store: Retail (1)
2015-04-03T19:15:02+00:00 DEBUG (7): Starting Order Import process for store: Wholesale (2)
2015-04-03T19:30:02+00:00 DEBUG (7): Starting Order Import process for store: Admin (0)
2015-04-03T19:30:02+00:00 DEBUG (7): Starting Order Import process for store: International (3)
2015-04-03T19:30:02+00:00 DEBUG (7): Starting Order Import process for store: Retail (1)
2015-04-03T19:30:02+00:00 DEBUG (7): Starting Order Import process for store: Wholesale (2)
2015-04-03T19:45:02+00:00 DEBUG (7): Starting Order Import process for store: Admin (0)
2015-04-03T19:45:02+00:00 DEBUG (7): Starting Order Import process for store: International (3)
2015-04-03T19:45:02+00:00 DEBUG (7): Starting Order Import process for store: Retail (1)
2015-04-03T19:45:02+00:00 DEBUG (7): Starting Order Import process for store: Wholesale (2)
2015-04-03T20:00:02+00:00 DEBUG (7): Starting Order Import process for store: Admin (0)
2015-04-03T20:00:02+00:00 DEBUG (7): Starting Order Import process for store: International (3)
2015-04-03T20:00:02+00:00 DEBUG (7): Starting Order Import process for store: Retail (1)
2015-04-03T20:00:02+00:00 DEBUG (7):  Importing: New, Pending Payment, Processing, Complete, Payment Review
2015-04-03T20:00:02+00:00 DEBUG (7):   Deleting: Closed, Canceled, On Hold
2015-04-03T20:00:02+00:00 DEBUG (7):   Processing Order ID: 41090 	 #200034043
2015-04-03T20:00:04+00:00 DEBUG (7):   Flush resulted in 1 orders processed
2015-04-03T20:00:04+00:00 DEBUG (7):   Success: 1
2015-04-03T20:00:04+00:00 DEBUG (7):   Error:   0
2015-04-03T20:00:04+00:00 DEBUG (7):   Total:   1
2015-04-03T20:00:04+00:00 DEBUG (7): Starting Order Import process for store: Wholesale (2)
2015-04-03T20:15:03+00:00 DEBUG (7): Starting Order Import process for store: Admin (0)
2015-04-03T20:15:03+00:00 DEBUG (7): Starting Order Import process for store: International (3)
2015-04-03T20:15:03+00:00 DEBUG (7): Starting Order Import process for store: Retail (1)
2015-04-03T20:15:03+00:00 DEBUG (7):  Importing: New, Pending Payment, Processing, Complete, Payment Review
2015-04-03T20:15:03+00:00 DEBUG (7):   Deleting: Closed, Canceled, On Hold
2015-04-03T20:15:03+00:00 DEBUG (7):   Processing Order ID: 41091 	 #200034044
2015-04-03T20:15:05+00:00 DEBUG (7):   Flush resulted in 1 orders processed
2015-04-03T20:15:05+00:00 DEBUG (7):   Success: 1
2015-04-03T20:15:05+00:00 DEBUG (7):   Error:   0
2015-04-03T20:15:05+00:00 DEBUG (7):   Total:   1
2015-04-03T20:15:05+00:00 DEBUG (7): Starting Order Import process for store: Wholesale (2)
2015-04-03T20:30:02+00:00 DEBUG (7): Starting Order Import process for store: Admin (0)
2015-04-03T20:30:02+00:00 DEBUG (7): Starting Order Import process for store: International (3)
2015-04-03T20:30:02+00:00 DEBUG (7): Starting Order Import process for store: Retail (1)
2015-04-03T20:30:02+00:00 DEBUG (7): Starting Order Import process for store: Wholesale (2)
2015-04-03T20:45:03+00:00 DEBUG (7): Starting Order Import process for store: Admin (0)
2015-04-03T20:45:03+00:00 DEBUG (7): Starting Order Import process for store: International (3)
2015-04-03T20:45:03+00:00 DEBUG (7): Starting Order Import process for store: Retail (1)
2015-04-03T20:45:03+00:00 DEBUG (7): Starting Order Import process for store: Wholesale (2)
2015-04-03T21:00:03+00:00 DEBUG (7): Starting Order Import process for store: Admin (0)
2015-04-03T21:00:03+00:00 DEBUG (7): Starting Order Import process for store: International (3)
2015-04-03T21:00:03+00:00 DEBUG (7): Starting Order Import process for store: Retail (1)
2015-04-03T21:00:03+00:00 DEBUG (7): Starting Order Import process for store: Wholesale (2)
2015-04-03T21:15:03+00:00 DEBUG (7): Starting Order Import process for store: Admin (0)
2015-04-03T21:15:03+00:00 DEBUG (7): Starting Order Import process for store: International (3)
2015-04-03T21:15:03+00:00 DEBUG (7): Starting Order Import process for store: Retail (1)
2015-04-03T21:15:03+00:00 DEBUG (7):  Importing: New, Pending Payment, Processing, Complete, Payment Review
2015-04-03T21:15:03+00:00 DEBUG (7):   Deleting: Closed, Canceled, On Hold
2015-04-03T21:15:03+00:00 DEBUG (7):   Processing Order ID: 41092 	 #200034045
2015-04-03T21:15:04+00:00 DEBUG (7):   Flush resulted in 1 orders processed
2015-04-03T21:15:04+00:00 DEBUG (7):   Success: 1
2015-04-03T21:15:04+00:00 DEBUG (7):   Error:   0
2015-04-03T21:15:04+00:00 DEBUG (7):   Total:   1
2015-04-03T21:15:04+00:00 DEBUG (7): Starting Order Import process for store: Wholesale (2)
2015-04-03T21:30:02+00:00 DEBUG (7): Starting Order Import process for store: Admin (0)
2015-04-03T21:30:02+00:00 DEBUG (7): Starting Order Import process for store: International (3)
2015-04-03T21:30:02+00:00 DEBUG (7): Starting Order Import process for store: Retail (1)
2015-04-03T21:30:02+00:00 DEBUG (7): Starting Order Import process for store: Wholesale (2)
2015-04-03T21:50:02+00:00 DEBUG (7): Starting Order Import process for store: Admin (0)
2015-04-03T21:50:02+00:00 DEBUG (7): Starting Order Import process for store: International (3)
2015-04-03T21:50:02+00:00 DEBUG (7): Starting Order Import process for store: Retail (1)
2015-04-03T21:50:02+00:00 DEBUG (7): Starting Order Import process for store: Wholesale (2)
2015-04-03T22:00:02+00:00 DEBUG (7): Starting Order Import process for store: Admin (0)
2015-04-03T22:00:02+00:00 DEBUG (7): Starting Order Import process for store: International (3)
2015-04-03T22:00:02+00:00 DEBUG (7): Starting Order Import process for store: Retail (1)
2015-04-03T22:00:02+00:00 DEBUG (7):  Importing: New, Pending Payment, Processing, Complete, Payment Review
2015-04-03T22:00:02+00:00 DEBUG (7):   Deleting: Closed, Canceled, On Hold
2015-04-03T22:00:02+00:00 DEBUG (7):   Processing Order ID: 41092 	 #200034045
2015-04-03T22:00:04+00:00 DEBUG (7):   Flush resulted in 1 orders processed
2015-04-03T22:00:04+00:00 DEBUG (7):   Success: 1
2015-04-03T22:00:04+00:00 DEBUG (7):   Error:   0
2015-04-03T22:00:04+00:00 DEBUG (7):   Total:   1
2015-04-03T22:00:04+00:00 DEBUG (7): Starting Order Import process for store: Wholesale (2)
2015-04-03T22:15:02+00:00 DEBUG (7): Starting Order Import process for store: Admin (0)
2015-04-03T22:15:02+00:00 DEBUG (7): Starting Order Import process for store: International (3)
2015-04-03T22:15:02+00:00 DEBUG (7): Starting Order Import process for store: Retail (1)
2015-04-03T22:15:02+00:00 DEBUG (7): Starting Order Import process for store: Wholesale (2)
2015-04-03T22:30:03+00:00 DEBUG (7): Starting Order Import process for store: Admin (0)
2015-04-03T22:30:03+00:00 DEBUG (7): Starting Order Import process for store: International (3)
2015-04-03T22:30:03+00:00 DEBUG (7): Starting Order Import process for store: Retail (1)
2015-04-03T22:30:03+00:00 DEBUG (7): Starting Order Import process for store: Wholesale (2)
2015-04-03T22:45:02+00:00 DEBUG (7): Starting Order Import process for store: Admin (0)
2015-04-03T22:45:02+00:00 DEBUG (7): Starting Order Import process for store: International (3)
2015-04-03T22:45:02+00:00 DEBUG (7): Starting Order Import process for store: Retail (1)
2015-04-03T22:45:02+00:00 DEBUG (7): Starting Order Import process for store: Wholesale (2)
2015-04-03T23:00:02+00:00 DEBUG (7): Starting Order Import process for store: Admin (0)
2015-04-03T23:00:02+00:00 DEBUG (7): Starting Order Import process for store: International (3)
2015-04-03T23:00:02+00:00 DEBUG (7): Starting Order Import process for store: Retail (1)
2015-04-03T23:00:02+00:00 DEBUG (7): Starting Order Import process for store: Wholesale (2)
2015-04-03T23:15:02+00:00 DEBUG (7): Starting Order Import process for store: Admin (0)
2015-04-03T23:15:02+00:00 DEBUG (7): Starting Order Import process for store: International (3)
2015-04-03T23:15:02+00:00 DEBUG (7): Starting Order Import process for store: Retail (1)
2015-04-03T23:15:02+00:00 DEBUG (7): Starting Order Import process for store: Wholesale (2)
2015-04-03T23:35:02+00:00 DEBUG (7): Starting Order Import process for store: Admin (0)
2015-04-03T23:35:02+00:00 DEBUG (7): Starting Order Import process for store: International (3)
2015-04-03T23:35:02+00:00 DEBUG (7): Starting Order Import process for store: Retail (1)
2015-04-03T23:35:02+00:00 DEBUG (7): Starting Order Import process for store: Wholesale (2)
2015-04-03T23:45:02+00:00 DEBUG (7): Starting Order Import process for store: Admin (0)
2015-04-03T23:45:02+00:00 DEBUG (7): Starting Order Import process for store: International (3)
2015-04-03T23:45:02+00:00 DEBUG (7): Starting Order Import process for store: Retail (1)
2015-04-03T23:45:02+00:00 DEBUG (7): Starting Order Import process for store: Wholesale (2)
