2015-03-28T00:00:03+00:00 DEBUG (7): Starting Order Import process for store: Admin (0)
2015-03-28T00:00:03+00:00 DEBUG (7): Starting Order Import process for store: International (3)
2015-03-28T00:00:03+00:00 DEBUG (7): Starting Order Import process for store: Retail (1)
2015-03-28T00:00:03+00:00 DEBUG (7): Starting Order Import process for store: Wholesale (2)
2015-03-28T00:15:02+00:00 DEBUG (7): Starting Order Import process for store: Admin (0)
2015-03-28T00:15:02+00:00 DEBUG (7): Starting Order Import process for store: International (3)
2015-03-28T00:15:02+00:00 DEBUG (7): Starting Order Import process for store: Retail (1)
2015-03-28T00:15:02+00:00 DEBUG (7): Starting Order Import process for store: Wholesale (2)
2015-03-28T00:30:02+00:00 DEBUG (7): Starting Order Import process for store: Admin (0)
2015-03-28T00:30:02+00:00 DEBUG (7): Starting Order Import process for store: International (3)
2015-03-28T00:30:02+00:00 DEBUG (7): Starting Order Import process for store: Retail (1)
2015-03-28T00:30:02+00:00 DEBUG (7):  Importing: New, Pending Payment, Processing, Complete, Payment Review
2015-03-28T00:30:02+00:00 DEBUG (7):   Deleting: Closed, Canceled, On Hold
2015-03-28T00:30:02+00:00 DEBUG (7):   Processing Order ID: 40905 	 #200033938
2015-03-28T00:30:04+00:00 DEBUG (7):   Flush resulted in 1 orders processed
2015-03-28T00:30:04+00:00 DEBUG (7):   Success: 1
2015-03-28T00:30:04+00:00 DEBUG (7):   Error:   0
2015-03-28T00:30:04+00:00 DEBUG (7):   Total:   1
2015-03-28T00:30:04+00:00 DEBUG (7): Starting Order Import process for store: Wholesale (2)
2015-03-28T00:45:02+00:00 DEBUG (7): Starting Order Import process for store: Admin (0)
2015-03-28T00:45:02+00:00 DEBUG (7): Starting Order Import process for store: International (3)
2015-03-28T00:45:02+00:00 DEBUG (7): Starting Order Import process for store: Retail (1)
2015-03-28T00:45:02+00:00 DEBUG (7): Starting Order Import process for store: Wholesale (2)
2015-03-28T01:00:02+00:00 DEBUG (7): Starting Order Import process for store: Admin (0)
2015-03-28T01:00:03+00:00 DEBUG (7): Starting Order Import process for store: International (3)
2015-03-28T01:00:03+00:00 DEBUG (7): Starting Order Import process for store: Retail (1)
2015-03-28T01:00:03+00:00 DEBUG (7): Starting Order Import process for store: Wholesale (2)
2015-03-28T01:15:02+00:00 DEBUG (7): Starting Order Import process for store: Admin (0)
2015-03-28T01:15:02+00:00 DEBUG (7): Starting Order Import process for store: International (3)
2015-03-28T01:15:02+00:00 DEBUG (7): Starting Order Import process for store: Retail (1)
2015-03-28T01:15:02+00:00 DEBUG (7):  Importing: New, Pending Payment, Processing, Complete, Payment Review
2015-03-28T01:15:02+00:00 DEBUG (7):   Deleting: Closed, Canceled, On Hold
2015-03-28T01:15:02+00:00 DEBUG (7):   Processing Order ID: 40906 	 #200033939
2015-03-28T01:15:04+00:00 DEBUG (7):   Flush resulted in 1 orders processed
2015-03-28T01:15:04+00:00 DEBUG (7):   Success: 1
2015-03-28T01:15:04+00:00 DEBUG (7):   Error:   0
2015-03-28T01:15:04+00:00 DEBUG (7):   Total:   1
2015-03-28T01:15:04+00:00 DEBUG (7): Starting Order Import process for store: Wholesale (2)
2015-03-28T01:30:02+00:00 DEBUG (7): Starting Order Import process for store: Admin (0)
2015-03-28T01:30:02+00:00 DEBUG (7): Starting Order Import process for store: International (3)
2015-03-28T01:30:02+00:00 DEBUG (7): Starting Order Import process for store: Retail (1)
2015-03-28T01:30:02+00:00 DEBUG (7):  Importing: New, Pending Payment, Processing, Complete, Payment Review
2015-03-28T01:30:02+00:00 DEBUG (7):   Deleting: Closed, Canceled, On Hold
2015-03-28T01:30:02+00:00 DEBUG (7):   Processing Order ID: 40907 	 #200033940
2015-03-28T01:30:05+00:00 DEBUG (7):   Flush resulted in 1 orders processed
2015-03-28T01:30:05+00:00 DEBUG (7):   Success: 1
2015-03-28T01:30:05+00:00 DEBUG (7):   Error:   0
2015-03-28T01:30:05+00:00 DEBUG (7):   Total:   1
2015-03-28T01:30:05+00:00 DEBUG (7): Starting Order Import process for store: Wholesale (2)
2015-03-28T01:50:02+00:00 DEBUG (7): Starting Order Import process for store: Admin (0)
2015-03-28T01:50:02+00:00 DEBUG (7): Starting Order Import process for store: International (3)
2015-03-28T01:50:02+00:00 DEBUG (7): Starting Order Import process for store: Retail (1)
2015-03-28T01:50:02+00:00 DEBUG (7): Starting Order Import process for store: Wholesale (2)
2015-03-28T02:00:02+00:00 DEBUG (7): Starting Order Import process for store: Admin (0)
2015-03-28T02:00:02+00:00 DEBUG (7): Starting Order Import process for store: International (3)
2015-03-28T02:00:02+00:00 DEBUG (7): Starting Order Import process for store: Retail (1)
2015-03-28T02:00:02+00:00 DEBUG (7): Starting Order Import process for store: Wholesale (2)
2015-03-28T02:15:02+00:00 DEBUG (7): Starting Order Import process for store: Admin (0)
2015-03-28T02:15:02+00:00 DEBUG (7): Starting Order Import process for store: International (3)
2015-03-28T02:15:02+00:00 DEBUG (7): Starting Order Import process for store: Retail (1)
2015-03-28T02:15:02+00:00 DEBUG (7): Starting Order Import process for store: Wholesale (2)
2015-03-28T02:30:02+00:00 DEBUG (7): Starting Order Import process for store: Admin (0)
2015-03-28T02:30:02+00:00 DEBUG (7): Starting Order Import process for store: International (3)
2015-03-28T02:30:02+00:00 DEBUG (7): Starting Order Import process for store: Retail (1)
2015-03-28T02:30:02+00:00 DEBUG (7): Starting Order Import process for store: Wholesale (2)
2015-03-28T02:45:02+00:00 DEBUG (7): Starting Order Import process for store: Admin (0)
2015-03-28T02:45:02+00:00 DEBUG (7): Starting Order Import process for store: International (3)
2015-03-28T02:45:02+00:00 DEBUG (7): Starting Order Import process for store: Retail (1)
2015-03-28T02:45:02+00:00 DEBUG (7): Starting Order Import process for store: Wholesale (2)
2015-03-28T03:00:02+00:00 DEBUG (7): Starting Order Import process for store: Admin (0)
2015-03-28T03:00:02+00:00 DEBUG (7): Starting Order Import process for store: International (3)
2015-03-28T03:00:02+00:00 DEBUG (7): Starting Order Import process for store: Retail (1)
2015-03-28T03:00:02+00:00 DEBUG (7):  Importing: New, Pending Payment, Processing, Complete, Payment Review
2015-03-28T03:00:02+00:00 DEBUG (7):   Deleting: Closed, Canceled, On Hold
2015-03-28T03:00:02+00:00 DEBUG (7):   Processing Order ID: 40908 	 #200033942
2015-03-28T03:00:04+00:00 DEBUG (7):   Flush resulted in 1 orders processed
2015-03-28T03:00:04+00:00 DEBUG (7):   Success: 1
2015-03-28T03:00:04+00:00 DEBUG (7):   Error:   0
2015-03-28T03:00:04+00:00 DEBUG (7):   Total:   1
2015-03-28T03:00:04+00:00 DEBUG (7): Starting Order Import process for store: Wholesale (2)
2015-03-28T03:15:02+00:00 DEBUG (7): Starting Order Import process for store: Admin (0)
2015-03-28T03:15:02+00:00 DEBUG (7): Starting Order Import process for store: International (3)
2015-03-28T03:15:02+00:00 DEBUG (7): Starting Order Import process for store: Retail (1)
2015-03-28T03:15:02+00:00 DEBUG (7):  Importing: New, Pending Payment, Processing, Complete, Payment Review
2015-03-28T03:15:02+00:00 DEBUG (7):   Deleting: Closed, Canceled, On Hold
2015-03-28T03:15:02+00:00 DEBUG (7):   Processing Order ID: 40910 	 #200033944
2015-03-28T03:15:02+00:00 DEBUG (7):   Processing Order ID: 40909 	 #200033943
2015-03-28T03:15:26+00:00 DEBUG (7):   Flush resulted in 2 orders processed
2015-03-28T03:15:26+00:00 DEBUG (7):   Success: 2
2015-03-28T03:15:26+00:00 DEBUG (7):   Error:   0
2015-03-28T03:15:26+00:00 DEBUG (7):   Total:   2
2015-03-28T03:15:26+00:00 DEBUG (7): Starting Order Import process for store: Wholesale (2)
2015-03-28T03:30:02+00:00 DEBUG (7): Starting Order Import process for store: Admin (0)
2015-03-28T03:30:02+00:00 DEBUG (7): Starting Order Import process for store: International (3)
2015-03-28T03:30:02+00:00 DEBUG (7): Starting Order Import process for store: Retail (1)
2015-03-28T03:30:02+00:00 DEBUG (7): Starting Order Import process for store: Wholesale (2)
2015-03-28T03:45:02+00:00 DEBUG (7): Starting Order Import process for store: Admin (0)
2015-03-28T03:45:02+00:00 DEBUG (7): Starting Order Import process for store: International (3)
2015-03-28T03:45:02+00:00 DEBUG (7): Starting Order Import process for store: Retail (1)
2015-03-28T03:45:02+00:00 DEBUG (7): Starting Order Import process for store: Wholesale (2)
2015-03-28T04:00:02+00:00 DEBUG (7): Starting Order Import process for store: Admin (0)
2015-03-28T04:00:02+00:00 DEBUG (7): Starting Order Import process for store: International (3)
2015-03-28T04:00:02+00:00 DEBUG (7): Starting Order Import process for store: Retail (1)
2015-03-28T04:00:02+00:00 DEBUG (7): Starting Order Import process for store: Wholesale (2)
2015-03-28T04:20:02+00:00 DEBUG (7): Starting Order Import process for store: Admin (0)
2015-03-28T04:20:02+00:00 DEBUG (7): Starting Order Import process for store: International (3)
2015-03-28T04:20:02+00:00 DEBUG (7): Starting Order Import process for store: Retail (1)
2015-03-28T04:20:02+00:00 DEBUG (7):  Importing: New, Pending Payment, Processing, Complete, Payment Review
2015-03-28T04:20:02+00:00 DEBUG (7):   Deleting: Closed, Canceled, On Hold
2015-03-28T04:20:02+00:00 DEBUG (7):   Processing Order ID: 40911 	 #200033945
2015-03-28T04:20:04+00:00 DEBUG (7):   Flush resulted in 1 orders processed
2015-03-28T04:20:04+00:00 DEBUG (7):   Success: 1
2015-03-28T04:20:04+00:00 DEBUG (7):   Error:   0
2015-03-28T04:20:04+00:00 DEBUG (7):   Total:   1
2015-03-28T04:20:04+00:00 DEBUG (7): Starting Order Import process for store: Wholesale (2)
2015-03-28T04:30:02+00:00 DEBUG (7): Starting Order Import process for store: Admin (0)
2015-03-28T04:30:02+00:00 DEBUG (7): Starting Order Import process for store: International (3)
2015-03-28T04:30:02+00:00 DEBUG (7): Starting Order Import process for store: Retail (1)
2015-03-28T04:30:02+00:00 DEBUG (7): Starting Order Import process for store: Wholesale (2)
2015-03-28T04:45:02+00:00 DEBUG (7): Starting Order Import process for store: Admin (0)
2015-03-28T04:45:02+00:00 DEBUG (7): Starting Order Import process for store: International (3)
2015-03-28T04:45:02+00:00 DEBUG (7): Starting Order Import process for store: Retail (1)
2015-03-28T04:45:02+00:00 DEBUG (7):  Importing: New, Pending Payment, Processing, Complete, Payment Review
2015-03-28T04:45:02+00:00 DEBUG (7):   Deleting: Closed, Canceled, On Hold
2015-03-28T04:45:02+00:00 DEBUG (7):   Processing Order ID: 40912 	 #200033946
2015-03-28T04:45:03+00:00 DEBUG (7):   Flush resulted in 1 orders processed
2015-03-28T04:45:03+00:00 DEBUG (7):   Success: 1
2015-03-28T04:45:03+00:00 DEBUG (7):   Error:   0
2015-03-28T04:45:03+00:00 DEBUG (7):   Total:   1
2015-03-28T04:45:03+00:00 DEBUG (7): Starting Order Import process for store: Wholesale (2)
2015-03-28T05:00:02+00:00 DEBUG (7): Starting Order Import process for store: Admin (0)
2015-03-28T05:00:02+00:00 DEBUG (7): Starting Order Import process for store: International (3)
2015-03-28T05:00:02+00:00 DEBUG (7): Starting Order Import process for store: Retail (1)
2015-03-28T05:00:02+00:00 DEBUG (7): Starting Order Import process for store: Wholesale (2)
2015-03-28T05:15:02+00:00 DEBUG (7): Starting Order Import process for store: Admin (0)
2015-03-28T05:15:02+00:00 DEBUG (7): Starting Order Import process for store: International (3)
2015-03-28T05:15:02+00:00 DEBUG (7): Starting Order Import process for store: Retail (1)
2015-03-28T05:15:02+00:00 DEBUG (7): Starting Order Import process for store: Wholesale (2)
2015-03-28T05:30:02+00:00 DEBUG (7): Starting Order Import process for store: Admin (0)
2015-03-28T05:30:02+00:00 DEBUG (7): Starting Order Import process for store: International (3)
2015-03-28T05:30:02+00:00 DEBUG (7): Starting Order Import process for store: Retail (1)
2015-03-28T05:30:02+00:00 DEBUG (7): Starting Order Import process for store: Wholesale (2)
2015-03-28T05:45:02+00:00 DEBUG (7): Starting Order Import process for store: Admin (0)
2015-03-28T05:45:02+00:00 DEBUG (7): Starting Order Import process for store: International (3)
2015-03-28T05:45:02+00:00 DEBUG (7): Starting Order Import process for store: Retail (1)
2015-03-28T05:45:02+00:00 DEBUG (7): Starting Order Import process for store: Wholesale (2)
2015-03-28T06:00:03+00:00 DEBUG (7): Starting Order Import process for store: Admin (0)
2015-03-28T06:00:03+00:00 DEBUG (7): Starting Order Import process for store: International (3)
2015-03-28T06:00:03+00:00 DEBUG (7): Starting Order Import process for store: Retail (1)
2015-03-28T06:00:03+00:00 DEBUG (7): Starting Order Import process for store: Wholesale (2)
2015-03-28T06:15:02+00:00 DEBUG (7): Starting Order Import process for store: Admin (0)
2015-03-28T06:15:02+00:00 DEBUG (7): Starting Order Import process for store: International (3)
2015-03-28T06:15:02+00:00 DEBUG (7): Starting Order Import process for store: Retail (1)
2015-03-28T06:15:02+00:00 DEBUG (7): Starting Order Import process for store: Wholesale (2)
2015-03-28T06:30:02+00:00 DEBUG (7): Starting Order Import process for store: Admin (0)
2015-03-28T06:30:02+00:00 DEBUG (7): Starting Order Import process for store: International (3)
2015-03-28T06:30:02+00:00 DEBUG (7): Starting Order Import process for store: Retail (1)
2015-03-28T06:30:02+00:00 DEBUG (7): Starting Order Import process for store: Wholesale (2)
2015-03-28T06:45:02+00:00 DEBUG (7): Starting Order Import process for store: Admin (0)
2015-03-28T06:45:02+00:00 DEBUG (7): Starting Order Import process for store: International (3)
2015-03-28T06:45:02+00:00 DEBUG (7): Starting Order Import process for store: Retail (1)
2015-03-28T06:45:02+00:00 DEBUG (7): Starting Order Import process for store: Wholesale (2)
2015-03-28T07:10:11+00:00 DEBUG (7): Starting Order Import process for store: Admin (0)
2015-03-28T07:10:11+00:00 DEBUG (7): Starting Order Import process for store: International (3)
2015-03-28T07:10:11+00:00 DEBUG (7): Starting Order Import process for store: Retail (1)
2015-03-28T07:10:11+00:00 DEBUG (7): Starting Order Import process for store: Wholesale (2)
2015-03-28T07:15:02+00:00 DEBUG (7): Starting Order Import process for store: Admin (0)
2015-03-28T07:15:02+00:00 DEBUG (7): Starting Order Import process for store: International (3)
2015-03-28T07:15:02+00:00 DEBUG (7): Starting Order Import process for store: Retail (1)
2015-03-28T07:15:02+00:00 DEBUG (7): Starting Order Import process for store: Wholesale (2)
2015-03-28T07:30:02+00:00 DEBUG (7): Starting Order Import process for store: Admin (0)
2015-03-28T07:30:02+00:00 DEBUG (7): Starting Order Import process for store: International (3)
2015-03-28T07:30:02+00:00 DEBUG (7): Starting Order Import process for store: Retail (1)
2015-03-28T07:30:02+00:00 DEBUG (7): Starting Order Import process for store: Wholesale (2)
2015-03-28T07:45:02+00:00 DEBUG (7): Starting Order Import process for store: Admin (0)
2015-03-28T07:45:02+00:00 DEBUG (7): Starting Order Import process for store: International (3)
2015-03-28T07:45:02+00:00 DEBUG (7): Starting Order Import process for store: Retail (1)
2015-03-28T07:45:02+00:00 DEBUG (7): Starting Order Import process for store: Wholesale (2)
2015-03-28T08:00:32+00:00 DEBUG (7): Starting Order Import process for store: Admin (0)
2015-03-28T08:00:32+00:00 DEBUG (7): Starting Order Import process for store: International (3)
2015-03-28T08:00:32+00:00 DEBUG (7): Starting Order Import process for store: Retail (1)
2015-03-28T08:00:32+00:00 DEBUG (7): Starting Order Import process for store: Wholesale (2)
2015-03-28T08:15:02+00:00 DEBUG (7): Starting Order Import process for store: Admin (0)
2015-03-28T08:15:02+00:00 DEBUG (7): Starting Order Import process for store: International (3)
2015-03-28T08:15:02+00:00 DEBUG (7): Starting Order Import process for store: Retail (1)
2015-03-28T08:15:02+00:00 DEBUG (7): Starting Order Import process for store: Wholesale (2)
2015-03-28T08:30:02+00:00 DEBUG (7): Starting Order Import process for store: Admin (0)
2015-03-28T08:30:02+00:00 DEBUG (7): Starting Order Import process for store: International (3)
2015-03-28T08:30:02+00:00 DEBUG (7): Starting Order Import process for store: Retail (1)
2015-03-28T08:30:02+00:00 DEBUG (7): Starting Order Import process for store: Wholesale (2)
2015-03-28T08:45:02+00:00 DEBUG (7): Starting Order Import process for store: Admin (0)
2015-03-28T08:45:02+00:00 DEBUG (7): Starting Order Import process for store: International (3)
2015-03-28T08:45:02+00:00 DEBUG (7): Starting Order Import process for store: Retail (1)
2015-03-28T08:45:02+00:00 DEBUG (7): Starting Order Import process for store: Wholesale (2)
2015-03-28T09:00:07+00:00 DEBUG (7): Starting Order Import process for store: Admin (0)
2015-03-28T09:00:07+00:00 DEBUG (7): Starting Order Import process for store: International (3)
2015-03-28T09:00:07+00:00 DEBUG (7): Starting Order Import process for store: Retail (1)
2015-03-28T09:00:07+00:00 DEBUG (7): Starting Order Import process for store: Wholesale (2)
2015-03-28T09:15:02+00:00 DEBUG (7): Starting Order Import process for store: Admin (0)
2015-03-28T09:15:02+00:00 DEBUG (7): Starting Order Import process for store: International (3)
2015-03-28T09:15:02+00:00 DEBUG (7): Starting Order Import process for store: Retail (1)
2015-03-28T09:15:02+00:00 DEBUG (7): Starting Order Import process for store: Wholesale (2)
2015-03-28T09:30:02+00:00 DEBUG (7): Starting Order Import process for store: Admin (0)
2015-03-28T09:30:02+00:00 DEBUG (7): Starting Order Import process for store: International (3)
2015-03-28T09:30:02+00:00 DEBUG (7): Starting Order Import process for store: Retail (1)
2015-03-28T09:30:02+00:00 DEBUG (7): Starting Order Import process for store: Wholesale (2)
2015-03-28T09:45:02+00:00 DEBUG (7): Starting Order Import process for store: Admin (0)
2015-03-28T09:45:03+00:00 DEBUG (7): Starting Order Import process for store: International (3)
2015-03-28T09:45:03+00:00 DEBUG (7): Starting Order Import process for store: Retail (1)
2015-03-28T09:45:03+00:00 DEBUG (7): Starting Order Import process for store: Wholesale (2)
2015-03-28T10:00:02+00:00 DEBUG (7): Starting Order Import process for store: Admin (0)
2015-03-28T10:00:02+00:00 DEBUG (7): Starting Order Import process for store: International (3)
2015-03-28T10:00:02+00:00 DEBUG (7): Starting Order Import process for store: Retail (1)
2015-03-28T10:00:02+00:00 DEBUG (7): Starting Order Import process for store: Wholesale (2)
2015-03-28T10:15:03+00:00 DEBUG (7): Starting Order Import process for store: Admin (0)
2015-03-28T10:15:03+00:00 DEBUG (7): Starting Order Import process for store: International (3)
2015-03-28T10:15:03+00:00 DEBUG (7): Starting Order Import process for store: Retail (1)
2015-03-28T10:15:03+00:00 DEBUG (7): Starting Order Import process for store: Wholesale (2)
2015-03-28T10:30:02+00:00 DEBUG (7): Starting Order Import process for store: Admin (0)
2015-03-28T10:30:02+00:00 DEBUG (7): Starting Order Import process for store: International (3)
2015-03-28T10:30:02+00:00 DEBUG (7): Starting Order Import process for store: Retail (1)
2015-03-28T10:30:02+00:00 DEBUG (7): Starting Order Import process for store: Wholesale (2)
2015-03-28T10:50:02+00:00 DEBUG (7): Starting Order Import process for store: Admin (0)
2015-03-28T10:50:02+00:00 DEBUG (7): Starting Order Import process for store: International (3)
2015-03-28T10:50:02+00:00 DEBUG (7): Starting Order Import process for store: Retail (1)
2015-03-28T10:50:02+00:00 DEBUG (7): Starting Order Import process for store: Wholesale (2)
2015-03-28T11:00:02+00:00 DEBUG (7): Starting Order Import process for store: Admin (0)
2015-03-28T11:00:02+00:00 DEBUG (7): Starting Order Import process for store: International (3)
2015-03-28T11:00:02+00:00 DEBUG (7): Starting Order Import process for store: Retail (1)
2015-03-28T11:00:02+00:00 DEBUG (7): Starting Order Import process for store: Wholesale (2)
2015-03-28T11:15:02+00:00 DEBUG (7): Starting Order Import process for store: Admin (0)
2015-03-28T11:15:02+00:00 DEBUG (7): Starting Order Import process for store: International (3)
2015-03-28T11:15:02+00:00 DEBUG (7): Starting Order Import process for store: Retail (1)
2015-03-28T11:15:02+00:00 DEBUG (7): Starting Order Import process for store: Wholesale (2)
2015-03-28T11:30:02+00:00 DEBUG (7): Starting Order Import process for store: Admin (0)
2015-03-28T11:30:02+00:00 DEBUG (7): Starting Order Import process for store: International (3)
2015-03-28T11:30:02+00:00 DEBUG (7): Starting Order Import process for store: Retail (1)
2015-03-28T11:30:02+00:00 DEBUG (7): Starting Order Import process for store: Wholesale (2)
2015-03-28T11:45:02+00:00 DEBUG (7): Starting Order Import process for store: Admin (0)
2015-03-28T11:45:02+00:00 DEBUG (7): Starting Order Import process for store: International (3)
2015-03-28T11:45:02+00:00 DEBUG (7): Starting Order Import process for store: Retail (1)
2015-03-28T11:45:02+00:00 DEBUG (7):  Importing: New, Pending Payment, Processing, Complete, Payment Review
2015-03-28T11:45:02+00:00 DEBUG (7):   Deleting: Closed, Canceled, On Hold
2015-03-28T11:45:02+00:00 DEBUG (7):   Processing Order ID: 40913 	 #200033947
2015-03-28T11:45:03+00:00 DEBUG (7):   Flush resulted in 1 orders processed
2015-03-28T11:45:03+00:00 DEBUG (7):   Success: 1
2015-03-28T11:45:03+00:00 DEBUG (7):   Error:   0
2015-03-28T11:45:03+00:00 DEBUG (7):   Total:   1
2015-03-28T11:45:03+00:00 DEBUG (7): Starting Order Import process for store: Wholesale (2)
2015-03-28T12:00:04+00:00 DEBUG (7): Starting Order Import process for store: Admin (0)
2015-03-28T12:00:04+00:00 DEBUG (7): Starting Order Import process for store: International (3)
2015-03-28T12:00:04+00:00 DEBUG (7): Starting Order Import process for store: Retail (1)
2015-03-28T12:00:04+00:00 DEBUG (7): Starting Order Import process for store: Wholesale (2)
2015-03-28T12:15:02+00:00 DEBUG (7): Starting Order Import process for store: Admin (0)
2015-03-28T12:15:02+00:00 DEBUG (7): Starting Order Import process for store: International (3)
2015-03-28T12:15:02+00:00 DEBUG (7): Starting Order Import process for store: Retail (1)
2015-03-28T12:15:02+00:00 DEBUG (7): Starting Order Import process for store: Wholesale (2)
2015-03-28T12:30:02+00:00 DEBUG (7): Starting Order Import process for store: Admin (0)
2015-03-28T12:30:02+00:00 DEBUG (7): Starting Order Import process for store: International (3)
2015-03-28T12:30:02+00:00 DEBUG (7): Starting Order Import process for store: Retail (1)
2015-03-28T12:30:02+00:00 DEBUG (7):  Importing: New, Pending Payment, Processing, Complete, Payment Review
2015-03-28T12:30:02+00:00 DEBUG (7):   Deleting: Closed, Canceled, On Hold
2015-03-28T12:30:02+00:00 DEBUG (7):   Processing Order ID: 40914 	 #200033948
2015-03-28T12:30:04+00:00 DEBUG (7):   Flush resulted in 1 orders processed
2015-03-28T12:30:04+00:00 DEBUG (7):   Success: 1
2015-03-28T12:30:04+00:00 DEBUG (7):   Error:   0
2015-03-28T12:30:04+00:00 DEBUG (7):   Total:   1
2015-03-28T12:30:04+00:00 DEBUG (7): Starting Order Import process for store: Wholesale (2)
2015-03-28T12:50:02+00:00 DEBUG (7): Starting Order Import process for store: Admin (0)
2015-03-28T12:50:02+00:00 DEBUG (7): Starting Order Import process for store: International (3)
2015-03-28T12:50:02+00:00 DEBUG (7): Starting Order Import process for store: Retail (1)
2015-03-28T12:50:02+00:00 DEBUG (7): Starting Order Import process for store: Wholesale (2)
2015-03-28T13:00:02+00:00 DEBUG (7): Starting Order Import process for store: Admin (0)
2015-03-28T13:00:02+00:00 DEBUG (7): Starting Order Import process for store: International (3)
2015-03-28T13:00:02+00:00 DEBUG (7): Starting Order Import process for store: Retail (1)
2015-03-28T13:00:02+00:00 DEBUG (7): Starting Order Import process for store: Wholesale (2)
2015-03-28T13:15:02+00:00 DEBUG (7): Starting Order Import process for store: Admin (0)
2015-03-28T13:15:02+00:00 DEBUG (7): Starting Order Import process for store: International (3)
2015-03-28T13:15:02+00:00 DEBUG (7): Starting Order Import process for store: Retail (1)
2015-03-28T13:15:02+00:00 DEBUG (7): Starting Order Import process for store: Wholesale (2)
2015-03-28T13:30:02+00:00 DEBUG (7): Starting Order Import process for store: Admin (0)
2015-03-28T13:30:02+00:00 DEBUG (7): Starting Order Import process for store: International (3)
2015-03-28T13:30:02+00:00 DEBUG (7): Starting Order Import process for store: Retail (1)
2015-03-28T13:30:02+00:00 DEBUG (7): Starting Order Import process for store: Wholesale (2)
2015-03-28T13:45:02+00:00 DEBUG (7): Starting Order Import process for store: Admin (0)
2015-03-28T13:45:02+00:00 DEBUG (7): Starting Order Import process for store: International (3)
2015-03-28T13:45:02+00:00 DEBUG (7): Starting Order Import process for store: Retail (1)
2015-03-28T13:45:02+00:00 DEBUG (7): Starting Order Import process for store: Wholesale (2)
2015-03-28T14:00:02+00:00 DEBUG (7): Starting Order Import process for store: Admin (0)
2015-03-28T14:00:02+00:00 DEBUG (7): Starting Order Import process for store: International (3)
2015-03-28T14:00:02+00:00 DEBUG (7): Starting Order Import process for store: Retail (1)
2015-03-28T14:00:02+00:00 DEBUG (7): Starting Order Import process for store: Wholesale (2)
2015-03-28T14:15:02+00:00 DEBUG (7): Starting Order Import process for store: Admin (0)
2015-03-28T14:15:02+00:00 DEBUG (7): Starting Order Import process for store: International (3)
2015-03-28T14:15:02+00:00 DEBUG (7): Starting Order Import process for store: Retail (1)
2015-03-28T14:15:02+00:00 DEBUG (7):  Importing: New, Pending Payment, Processing, Complete, Payment Review
2015-03-28T14:15:02+00:00 DEBUG (7):   Deleting: Closed, Canceled, On Hold
2015-03-28T14:15:02+00:00 DEBUG (7):   Processing Order ID: 40915 	 #200033949
2015-03-28T14:15:06+00:00 DEBUG (7):   Flush resulted in 1 orders processed
2015-03-28T14:15:06+00:00 DEBUG (7):   Success: 1
2015-03-28T14:15:06+00:00 DEBUG (7):   Error:   0
2015-03-28T14:15:06+00:00 DEBUG (7):   Total:   1
2015-03-28T14:15:06+00:00 DEBUG (7): Starting Order Import process for store: Wholesale (2)
2015-03-28T14:30:02+00:00 DEBUG (7): Starting Order Import process for store: Admin (0)
2015-03-28T14:30:02+00:00 DEBUG (7): Starting Order Import process for store: International (3)
2015-03-28T14:30:02+00:00 DEBUG (7): Starting Order Import process for store: Retail (1)
2015-03-28T14:30:02+00:00 DEBUG (7): Starting Order Import process for store: Wholesale (2)
2015-03-28T14:45:02+00:00 DEBUG (7): Starting Order Import process for store: Admin (0)
2015-03-28T14:45:02+00:00 DEBUG (7): Starting Order Import process for store: International (3)
2015-03-28T14:45:02+00:00 DEBUG (7): Starting Order Import process for store: Retail (1)
2015-03-28T14:45:02+00:00 DEBUG (7): Starting Order Import process for store: Wholesale (2)
2015-03-28T15:00:02+00:00 DEBUG (7): Starting Order Import process for store: Admin (0)
2015-03-28T15:00:02+00:00 DEBUG (7): Starting Order Import process for store: International (3)
2015-03-28T15:00:02+00:00 DEBUG (7): Starting Order Import process for store: Retail (1)
2015-03-28T15:00:02+00:00 DEBUG (7): Starting Order Import process for store: Wholesale (2)
2015-03-28T15:15:02+00:00 DEBUG (7): Starting Order Import process for store: Admin (0)
2015-03-28T15:15:02+00:00 DEBUG (7): Starting Order Import process for store: International (3)
2015-03-28T15:15:02+00:00 DEBUG (7): Starting Order Import process for store: Retail (1)
2015-03-28T15:15:02+00:00 DEBUG (7): Starting Order Import process for store: Wholesale (2)
2015-03-28T15:30:02+00:00 DEBUG (7): Starting Order Import process for store: Admin (0)
2015-03-28T15:30:02+00:00 DEBUG (7): Starting Order Import process for store: International (3)
2015-03-28T15:30:02+00:00 DEBUG (7): Starting Order Import process for store: Retail (1)
2015-03-28T15:30:02+00:00 DEBUG (7): Starting Order Import process for store: Wholesale (2)
2015-03-28T15:45:02+00:00 DEBUG (7): Starting Order Import process for store: Admin (0)
2015-03-28T15:45:02+00:00 DEBUG (7): Starting Order Import process for store: International (3)
2015-03-28T15:45:02+00:00 DEBUG (7): Starting Order Import process for store: Retail (1)
2015-03-28T15:45:02+00:00 DEBUG (7): Starting Order Import process for store: Wholesale (2)
2015-03-28T16:05:03+00:00 DEBUG (7): Starting Order Import process for store: Admin (0)
2015-03-28T16:05:03+00:00 DEBUG (7): Starting Order Import process for store: International (3)
2015-03-28T16:05:03+00:00 DEBUG (7): Starting Order Import process for store: Retail (1)
2015-03-28T16:05:03+00:00 DEBUG (7): Starting Order Import process for store: Wholesale (2)
2015-03-28T16:15:02+00:00 DEBUG (7): Starting Order Import process for store: Admin (0)
2015-03-28T16:15:02+00:00 DEBUG (7): Starting Order Import process for store: International (3)
2015-03-28T16:15:02+00:00 DEBUG (7): Starting Order Import process for store: Retail (1)
2015-03-28T16:15:02+00:00 DEBUG (7): Starting Order Import process for store: Wholesale (2)
2015-03-28T16:30:02+00:00 DEBUG (7): Starting Order Import process for store: Admin (0)
2015-03-28T16:30:02+00:00 DEBUG (7): Starting Order Import process for store: International (3)
2015-03-28T16:30:02+00:00 DEBUG (7): Starting Order Import process for store: Retail (1)
2015-03-28T16:30:02+00:00 DEBUG (7): Starting Order Import process for store: Wholesale (2)
2015-03-28T16:45:02+00:00 DEBUG (7): Starting Order Import process for store: Admin (0)
2015-03-28T16:45:02+00:00 DEBUG (7): Starting Order Import process for store: International (3)
2015-03-28T16:45:02+00:00 DEBUG (7): Starting Order Import process for store: Retail (1)
2015-03-28T16:45:02+00:00 DEBUG (7): Starting Order Import process for store: Wholesale (2)
2015-03-28T17:00:03+00:00 DEBUG (7): Starting Order Import process for store: Admin (0)
2015-03-28T17:00:03+00:00 DEBUG (7): Starting Order Import process for store: International (3)
2015-03-28T17:00:03+00:00 DEBUG (7): Starting Order Import process for store: Retail (1)
2015-03-28T17:00:03+00:00 DEBUG (7): Starting Order Import process for store: Wholesale (2)
2015-03-28T17:15:02+00:00 DEBUG (7): Starting Order Import process for store: Admin (0)
2015-03-28T17:15:02+00:00 DEBUG (7): Starting Order Import process for store: International (3)
2015-03-28T17:15:02+00:00 DEBUG (7): Starting Order Import process for store: Retail (1)
2015-03-28T17:15:02+00:00 DEBUG (7): Starting Order Import process for store: Wholesale (2)
2015-03-28T17:30:02+00:00 DEBUG (7): Starting Order Import process for store: Admin (0)
2015-03-28T17:30:02+00:00 DEBUG (7): Starting Order Import process for store: International (3)
2015-03-28T17:30:02+00:00 DEBUG (7): Starting Order Import process for store: Retail (1)
2015-03-28T17:30:02+00:00 DEBUG (7): Starting Order Import process for store: Wholesale (2)
2015-03-28T17:45:02+00:00 DEBUG (7): Starting Order Import process for store: Admin (0)
2015-03-28T17:45:02+00:00 DEBUG (7): Starting Order Import process for store: International (3)
2015-03-28T17:45:02+00:00 DEBUG (7): Starting Order Import process for store: Retail (1)
2015-03-28T17:45:02+00:00 DEBUG (7): Starting Order Import process for store: Wholesale (2)
2015-03-28T18:00:02+00:00 DEBUG (7): Starting Order Import process for store: Admin (0)
2015-03-28T18:00:02+00:00 DEBUG (7): Starting Order Import process for store: International (3)
2015-03-28T18:00:02+00:00 DEBUG (7): Starting Order Import process for store: Retail (1)
2015-03-28T18:00:02+00:00 DEBUG (7): Starting Order Import process for store: Wholesale (2)
2015-03-28T18:15:02+00:00 DEBUG (7): Starting Order Import process for store: Admin (0)
2015-03-28T18:15:02+00:00 DEBUG (7): Starting Order Import process for store: International (3)
2015-03-28T18:15:02+00:00 DEBUG (7): Starting Order Import process for store: Retail (1)
2015-03-28T18:15:02+00:00 DEBUG (7):  Importing: New, Pending Payment, Processing, Complete, Payment Review
2015-03-28T18:15:02+00:00 DEBUG (7):   Deleting: Closed, Canceled, On Hold
2015-03-28T18:15:02+00:00 DEBUG (7):   Processing Order ID: 40916 	 #200033950
2015-03-28T18:15:04+00:00 DEBUG (7):   Flush resulted in 1 orders processed
2015-03-28T18:15:04+00:00 DEBUG (7):   Success: 1
2015-03-28T18:15:04+00:00 DEBUG (7):   Error:   0
2015-03-28T18:15:04+00:00 DEBUG (7):   Total:   1
2015-03-28T18:15:04+00:00 DEBUG (7): Starting Order Import process for store: Wholesale (2)
2015-03-28T18:30:03+00:00 DEBUG (7): Starting Order Import process for store: Admin (0)
2015-03-28T18:30:03+00:00 DEBUG (7): Starting Order Import process for store: International (3)
2015-03-28T18:30:03+00:00 DEBUG (7): Starting Order Import process for store: Retail (1)
2015-03-28T18:30:03+00:00 DEBUG (7): Starting Order Import process for store: Wholesale (2)
2015-03-28T18:45:02+00:00 DEBUG (7): Starting Order Import process for store: Admin (0)
2015-03-28T18:45:02+00:00 DEBUG (7): Starting Order Import process for store: International (3)
2015-03-28T18:45:02+00:00 DEBUG (7): Starting Order Import process for store: Retail (1)
2015-03-28T18:45:02+00:00 DEBUG (7): Starting Order Import process for store: Wholesale (2)
2015-03-28T19:00:02+00:00 DEBUG (7): Starting Order Import process for store: Admin (0)
2015-03-28T19:00:02+00:00 DEBUG (7): Starting Order Import process for store: International (3)
2015-03-28T19:00:02+00:00 DEBUG (7): Starting Order Import process for store: Retail (1)
2015-03-28T19:00:02+00:00 DEBUG (7): Starting Order Import process for store: Wholesale (2)
2015-03-28T19:15:02+00:00 DEBUG (7): Starting Order Import process for store: Admin (0)
2015-03-28T19:15:02+00:00 DEBUG (7): Starting Order Import process for store: International (3)
2015-03-28T19:15:02+00:00 DEBUG (7): Starting Order Import process for store: Retail (1)
2015-03-28T19:15:02+00:00 DEBUG (7): Starting Order Import process for store: Wholesale (2)
2015-03-28T19:35:02+00:00 DEBUG (7): Starting Order Import process for store: Admin (0)
2015-03-28T19:35:02+00:00 DEBUG (7): Starting Order Import process for store: International (3)
2015-03-28T19:35:02+00:00 DEBUG (7): Starting Order Import process for store: Retail (1)
2015-03-28T19:35:02+00:00 DEBUG (7): Starting Order Import process for store: Wholesale (2)
2015-03-28T19:45:02+00:00 DEBUG (7): Starting Order Import process for store: Admin (0)
2015-03-28T19:45:02+00:00 DEBUG (7): Starting Order Import process for store: International (3)
2015-03-28T19:45:02+00:00 DEBUG (7): Starting Order Import process for store: Retail (1)
2015-03-28T19:45:02+00:00 DEBUG (7):  Importing: New, Pending Payment, Processing, Complete, Payment Review
2015-03-28T19:45:02+00:00 DEBUG (7):   Deleting: Closed, Canceled, On Hold
2015-03-28T19:45:02+00:00 DEBUG (7):   Processing Order ID: 40917 	 #200033951
2015-03-28T19:45:04+00:00 DEBUG (7):   Flush resulted in 1 orders processed
2015-03-28T19:45:04+00:00 DEBUG (7):   Success: 1
2015-03-28T19:45:04+00:00 DEBUG (7):   Error:   0
2015-03-28T19:45:04+00:00 DEBUG (7):   Total:   1
2015-03-28T19:45:04+00:00 DEBUG (7): Starting Order Import process for store: Wholesale (2)
2015-03-28T20:00:02+00:00 DEBUG (7): Starting Order Import process for store: Admin (0)
2015-03-28T20:00:02+00:00 DEBUG (7): Starting Order Import process for store: International (3)
2015-03-28T20:00:02+00:00 DEBUG (7): Starting Order Import process for store: Retail (1)
2015-03-28T20:00:02+00:00 DEBUG (7):  Importing: New, Pending Payment, Processing, Complete, Payment Review
2015-03-28T20:00:02+00:00 DEBUG (7):   Deleting: Closed, Canceled, On Hold
2015-03-28T20:00:02+00:00 DEBUG (7):   Processing Order ID: 40918 	 #200033952
2015-03-28T20:00:04+00:00 DEBUG (7):   Flush resulted in 1 orders processed
2015-03-28T20:00:04+00:00 DEBUG (7):   Success: 1
2015-03-28T20:00:04+00:00 DEBUG (7):   Error:   0
2015-03-28T20:00:04+00:00 DEBUG (7):   Total:   1
2015-03-28T20:00:04+00:00 DEBUG (7): Starting Order Import process for store: Wholesale (2)
2015-03-28T20:15:02+00:00 DEBUG (7): Starting Order Import process for store: Admin (0)
2015-03-28T20:15:02+00:00 DEBUG (7): Starting Order Import process for store: International (3)
2015-03-28T20:15:02+00:00 DEBUG (7): Starting Order Import process for store: Retail (1)
2015-03-28T20:15:02+00:00 DEBUG (7): Starting Order Import process for store: Wholesale (2)
2015-03-28T20:30:02+00:00 DEBUG (7): Starting Order Import process for store: Admin (0)
2015-03-28T20:30:02+00:00 DEBUG (7): Starting Order Import process for store: International (3)
2015-03-28T20:30:02+00:00 DEBUG (7): Starting Order Import process for store: Retail (1)
2015-03-28T20:30:02+00:00 DEBUG (7): Starting Order Import process for store: Wholesale (2)
2015-03-28T20:45:02+00:00 DEBUG (7): Starting Order Import process for store: Admin (0)
2015-03-28T20:45:02+00:00 DEBUG (7): Starting Order Import process for store: International (3)
2015-03-28T20:45:02+00:00 DEBUG (7): Starting Order Import process for store: Retail (1)
2015-03-28T20:45:02+00:00 DEBUG (7): Starting Order Import process for store: Wholesale (2)
2015-03-28T21:05:02+00:00 DEBUG (7): Starting Order Import process for store: Admin (0)
2015-03-28T21:05:02+00:00 DEBUG (7): Starting Order Import process for store: International (3)
2015-03-28T21:05:02+00:00 DEBUG (7): Starting Order Import process for store: Retail (1)
2015-03-28T21:05:02+00:00 DEBUG (7): Starting Order Import process for store: Wholesale (2)
2015-03-28T21:15:02+00:00 DEBUG (7): Starting Order Import process for store: Admin (0)
2015-03-28T21:15:02+00:00 DEBUG (7): Starting Order Import process for store: International (3)
2015-03-28T21:15:02+00:00 DEBUG (7): Starting Order Import process for store: Retail (1)
2015-03-28T21:15:02+00:00 DEBUG (7): Starting Order Import process for store: Wholesale (2)
2015-03-28T21:30:03+00:00 DEBUG (7): Starting Order Import process for store: Admin (0)
2015-03-28T21:30:03+00:00 DEBUG (7): Starting Order Import process for store: International (3)
2015-03-28T21:30:03+00:00 DEBUG (7): Starting Order Import process for store: Retail (1)
2015-03-28T21:30:03+00:00 DEBUG (7): Starting Order Import process for store: Wholesale (2)
2015-03-28T21:45:02+00:00 DEBUG (7): Starting Order Import process for store: Admin (0)
2015-03-28T21:45:02+00:00 DEBUG (7): Starting Order Import process for store: International (3)
2015-03-28T21:45:02+00:00 DEBUG (7): Starting Order Import process for store: Retail (1)
2015-03-28T21:45:02+00:00 DEBUG (7): Starting Order Import process for store: Wholesale (2)
2015-03-28T22:00:02+00:00 DEBUG (7): Starting Order Import process for store: Admin (0)
2015-03-28T22:00:02+00:00 DEBUG (7): Starting Order Import process for store: International (3)
2015-03-28T22:00:02+00:00 DEBUG (7): Starting Order Import process for store: Retail (1)
2015-03-28T22:00:02+00:00 DEBUG (7): Starting Order Import process for store: Wholesale (2)
2015-03-28T22:15:02+00:00 DEBUG (7): Starting Order Import process for store: Admin (0)
2015-03-28T22:15:02+00:00 DEBUG (7): Starting Order Import process for store: International (3)
2015-03-28T22:15:02+00:00 DEBUG (7): Starting Order Import process for store: Retail (1)
2015-03-28T22:15:02+00:00 DEBUG (7):  Importing: New, Pending Payment, Processing, Complete, Payment Review
2015-03-28T22:15:02+00:00 DEBUG (7):   Deleting: Closed, Canceled, On Hold
2015-03-28T22:15:02+00:00 DEBUG (7):   Processing Order ID: 40920 	 #200033953
2015-03-28T22:15:02+00:00 DEBUG (7):   Processing Order ID: 40919 	 #200033954
2015-03-28T22:15:04+00:00 DEBUG (7):   Flush resulted in 2 orders processed
2015-03-28T22:15:04+00:00 DEBUG (7):   Success: 2
2015-03-28T22:15:04+00:00 DEBUG (7):   Error:   0
2015-03-28T22:15:04+00:00 DEBUG (7):   Total:   2
2015-03-28T22:15:04+00:00 DEBUG (7): Starting Order Import process for store: Wholesale (2)
2015-03-28T22:30:02+00:00 DEBUG (7): Starting Order Import process for store: Admin (0)
2015-03-28T22:30:02+00:00 DEBUG (7): Starting Order Import process for store: International (3)
2015-03-28T22:30:02+00:00 DEBUG (7): Starting Order Import process for store: Retail (1)
2015-03-28T22:30:02+00:00 DEBUG (7): Starting Order Import process for store: Wholesale (2)
2015-03-28T22:45:02+00:00 DEBUG (7): Starting Order Import process for store: Admin (0)
2015-03-28T22:45:02+00:00 DEBUG (7): Starting Order Import process for store: International (3)
2015-03-28T22:45:02+00:00 DEBUG (7): Starting Order Import process for store: Retail (1)
2015-03-28T22:45:02+00:00 DEBUG (7): Starting Order Import process for store: Wholesale (2)
2015-03-28T23:00:02+00:00 DEBUG (7): Starting Order Import process for store: Admin (0)
2015-03-28T23:00:02+00:00 DEBUG (7): Starting Order Import process for store: International (3)
2015-03-28T23:00:02+00:00 DEBUG (7): Starting Order Import process for store: Retail (1)
2015-03-28T23:00:02+00:00 DEBUG (7): Starting Order Import process for store: Wholesale (2)
2015-03-28T23:15:02+00:00 DEBUG (7): Starting Order Import process for store: Admin (0)
2015-03-28T23:15:02+00:00 DEBUG (7): Starting Order Import process for store: International (3)
2015-03-28T23:15:02+00:00 DEBUG (7): Starting Order Import process for store: Retail (1)
2015-03-28T23:15:02+00:00 DEBUG (7):  Importing: New, Pending Payment, Processing, Complete, Payment Review
2015-03-28T23:15:02+00:00 DEBUG (7):   Deleting: Closed, Canceled, On Hold
2015-03-28T23:15:02+00:00 DEBUG (7):   Processing Order ID: 40922 	 #200033956
2015-03-28T23:15:02+00:00 DEBUG (7):   Processing Order ID: 40921 	 #200033955
2015-03-28T23:15:04+00:00 DEBUG (7):   Flush resulted in 2 orders processed
2015-03-28T23:15:04+00:00 DEBUG (7):   Success: 2
2015-03-28T23:15:04+00:00 DEBUG (7):   Error:   0
2015-03-28T23:15:04+00:00 DEBUG (7):   Total:   2
2015-03-28T23:15:04+00:00 DEBUG (7): Starting Order Import process for store: Wholesale (2)
2015-03-28T23:30:02+00:00 DEBUG (7): Starting Order Import process for store: Admin (0)
2015-03-28T23:30:02+00:00 DEBUG (7): Starting Order Import process for store: International (3)
2015-03-28T23:30:02+00:00 DEBUG (7): Starting Order Import process for store: Retail (1)
2015-03-28T23:30:02+00:00 DEBUG (7): Starting Order Import process for store: Wholesale (2)
2015-03-28T23:50:04+00:00 DEBUG (7): Starting Order Import process for store: Admin (0)
2015-03-28T23:50:04+00:00 DEBUG (7): Starting Order Import process for store: International (3)
2015-03-28T23:50:04+00:00 DEBUG (7): Starting Order Import process for store: Retail (1)
2015-03-28T23:50:04+00:00 DEBUG (7): Starting Order Import process for store: Wholesale (2)
