2015-04-19T00:00:02+00:00 DEBUG (7): Starting Order Import process for store: Admin (0)
2015-04-19T00:00:02+00:00 DEBUG (7): Starting Order Import process for store: International (3)
2015-04-19T00:00:02+00:00 DEBUG (7): Starting Order Import process for store: Retail (1)
2015-04-19T00:00:02+00:00 DEBUG (7): Starting Order Import process for store: Wholesale (2)
2015-04-19T00:15:02+00:00 DEBUG (7): Starting Order Import process for store: Admin (0)
2015-04-19T00:15:02+00:00 DEBUG (7): Starting Order Import process for store: International (3)
2015-04-19T00:15:02+00:00 DEBUG (7): Starting Order Import process for store: Retail (1)
2015-04-19T00:15:02+00:00 DEBUG (7): Starting Order Import process for store: Wholesale (2)
2015-04-19T00:30:02+00:00 DEBUG (7): Starting Order Import process for store: Admin (0)
2015-04-19T00:30:02+00:00 DEBUG (7): Starting Order Import process for store: International (3)
2015-04-19T00:30:02+00:00 DEBUG (7): Starting Order Import process for store: Retail (1)
2015-04-19T00:30:02+00:00 DEBUG (7): Starting Order Import process for store: Wholesale (2)
2015-04-19T00:45:02+00:00 DEBUG (7): Starting Order Import process for store: Admin (0)
2015-04-19T00:45:02+00:00 DEBUG (7): Starting Order Import process for store: International (3)
2015-04-19T00:45:02+00:00 DEBUG (7): Starting Order Import process for store: Retail (1)
2015-04-19T00:45:02+00:00 DEBUG (7): Starting Order Import process for store: Wholesale (2)
2015-04-19T01:05:02+00:00 DEBUG (7): Starting Order Import process for store: Admin (0)
2015-04-19T01:05:02+00:00 DEBUG (7): Starting Order Import process for store: International (3)
2015-04-19T01:05:02+00:00 DEBUG (7): Starting Order Import process for store: Retail (1)
2015-04-19T01:05:02+00:00 DEBUG (7): Starting Order Import process for store: Wholesale (2)
2015-04-19T01:15:02+00:00 DEBUG (7): Starting Order Import process for store: Admin (0)
2015-04-19T01:15:02+00:00 DEBUG (7): Starting Order Import process for store: International (3)
2015-04-19T01:15:02+00:00 DEBUG (7): Starting Order Import process for store: Retail (1)
2015-04-19T01:15:02+00:00 DEBUG (7): Starting Order Import process for store: Wholesale (2)
2015-04-19T01:30:02+00:00 DEBUG (7): Starting Order Import process for store: Admin (0)
2015-04-19T01:30:02+00:00 DEBUG (7): Starting Order Import process for store: International (3)
2015-04-19T01:30:02+00:00 DEBUG (7): Starting Order Import process for store: Retail (1)
2015-04-19T01:30:02+00:00 DEBUG (7): Starting Order Import process for store: Wholesale (2)
2015-04-19T01:45:02+00:00 DEBUG (7): Starting Order Import process for store: Admin (0)
2015-04-19T01:45:02+00:00 DEBUG (7): Starting Order Import process for store: International (3)
2015-04-19T01:45:02+00:00 DEBUG (7): Starting Order Import process for store: Retail (1)
2015-04-19T01:45:02+00:00 DEBUG (7): Starting Order Import process for store: Wholesale (2)
2015-04-19T02:00:02+00:00 DEBUG (7): Starting Order Import process for store: Admin (0)
2015-04-19T02:00:02+00:00 DEBUG (7): Starting Order Import process for store: International (3)
2015-04-19T02:00:02+00:00 DEBUG (7): Starting Order Import process for store: Retail (1)
2015-04-19T02:00:02+00:00 DEBUG (7): Starting Order Import process for store: Wholesale (2)
2015-04-19T02:15:02+00:00 DEBUG (7): Starting Order Import process for store: Admin (0)
2015-04-19T02:15:02+00:00 DEBUG (7): Starting Order Import process for store: International (3)
2015-04-19T02:15:02+00:00 DEBUG (7): Starting Order Import process for store: Retail (1)
2015-04-19T02:15:02+00:00 DEBUG (7): Starting Order Import process for store: Wholesale (2)
2015-04-19T02:30:02+00:00 DEBUG (7): Starting Order Import process for store: Admin (0)
2015-04-19T02:30:02+00:00 DEBUG (7): Starting Order Import process for store: International (3)
2015-04-19T02:30:02+00:00 DEBUG (7): Starting Order Import process for store: Retail (1)
2015-04-19T02:30:02+00:00 DEBUG (7): Starting Order Import process for store: Wholesale (2)
2015-04-19T02:45:02+00:00 DEBUG (7): Starting Order Import process for store: Admin (0)
2015-04-19T02:45:02+00:00 DEBUG (7): Starting Order Import process for store: International (3)
2015-04-19T02:45:02+00:00 DEBUG (7): Starting Order Import process for store: Retail (1)
2015-04-19T02:45:02+00:00 DEBUG (7): Starting Order Import process for store: Wholesale (2)
2015-04-19T03:00:02+00:00 DEBUG (7): Starting Order Import process for store: Admin (0)
2015-04-19T03:00:02+00:00 DEBUG (7): Starting Order Import process for store: International (3)
2015-04-19T03:00:02+00:00 DEBUG (7): Starting Order Import process for store: Retail (1)
2015-04-19T03:00:02+00:00 DEBUG (7): Starting Order Import process for store: Wholesale (2)
2015-04-19T03:15:02+00:00 DEBUG (7): Starting Order Import process for store: Admin (0)
2015-04-19T03:15:02+00:00 DEBUG (7): Starting Order Import process for store: International (3)
2015-04-19T03:15:02+00:00 DEBUG (7): Starting Order Import process for store: Retail (1)
2015-04-19T03:15:02+00:00 DEBUG (7): Starting Order Import process for store: Wholesale (2)
2015-04-19T03:30:02+00:00 DEBUG (7): Starting Order Import process for store: Admin (0)
2015-04-19T03:30:02+00:00 DEBUG (7): Starting Order Import process for store: International (3)
2015-04-19T03:30:02+00:00 DEBUG (7): Starting Order Import process for store: Retail (1)
2015-04-19T03:30:02+00:00 DEBUG (7): Starting Order Import process for store: Wholesale (2)
2015-04-19T03:45:02+00:00 DEBUG (7): Starting Order Import process for store: Admin (0)
2015-04-19T03:45:02+00:00 DEBUG (7): Starting Order Import process for store: International (3)
2015-04-19T03:45:02+00:00 DEBUG (7): Starting Order Import process for store: Retail (1)
2015-04-19T03:45:02+00:00 DEBUG (7): Starting Order Import process for store: Wholesale (2)
2015-04-19T04:05:02+00:00 DEBUG (7): Starting Order Import process for store: Admin (0)
2015-04-19T04:05:02+00:00 DEBUG (7): Starting Order Import process for store: International (3)
2015-04-19T04:05:02+00:00 DEBUG (7): Starting Order Import process for store: Retail (1)
2015-04-19T04:05:02+00:00 DEBUG (7): Starting Order Import process for store: Wholesale (2)
2015-04-19T04:15:03+00:00 DEBUG (7): Starting Order Import process for store: Admin (0)
2015-04-19T04:15:03+00:00 DEBUG (7): Starting Order Import process for store: International (3)
2015-04-19T04:15:03+00:00 DEBUG (7): Starting Order Import process for store: Retail (1)
2015-04-19T04:15:03+00:00 DEBUG (7): Starting Order Import process for store: Wholesale (2)
2015-04-19T04:30:03+00:00 DEBUG (7): Starting Order Import process for store: Admin (0)
2015-04-19T04:30:03+00:00 DEBUG (7): Starting Order Import process for store: International (3)
2015-04-19T04:30:03+00:00 DEBUG (7): Starting Order Import process for store: Retail (1)
2015-04-19T04:30:03+00:00 DEBUG (7): Starting Order Import process for store: Wholesale (2)
2015-04-19T04:45:02+00:00 DEBUG (7): Starting Order Import process for store: Admin (0)
2015-04-19T04:45:02+00:00 DEBUG (7): Starting Order Import process for store: International (3)
2015-04-19T04:45:02+00:00 DEBUG (7): Starting Order Import process for store: Retail (1)
2015-04-19T04:45:02+00:00 DEBUG (7): Starting Order Import process for store: Wholesale (2)
2015-04-19T05:00:02+00:00 DEBUG (7): Starting Order Import process for store: Admin (0)
2015-04-19T05:00:02+00:00 DEBUG (7): Starting Order Import process for store: International (3)
2015-04-19T05:00:02+00:00 DEBUG (7): Starting Order Import process for store: Retail (1)
2015-04-19T05:00:02+00:00 DEBUG (7): Starting Order Import process for store: Wholesale (2)
2015-04-19T05:15:02+00:00 DEBUG (7): Starting Order Import process for store: Admin (0)
2015-04-19T05:15:02+00:00 DEBUG (7): Starting Order Import process for store: International (3)
2015-04-19T05:15:02+00:00 DEBUG (7): Starting Order Import process for store: Retail (1)
2015-04-19T05:15:02+00:00 DEBUG (7): Starting Order Import process for store: Wholesale (2)
2015-04-19T05:30:02+00:00 DEBUG (7): Starting Order Import process for store: Admin (0)
2015-04-19T05:30:02+00:00 DEBUG (7): Starting Order Import process for store: International (3)
2015-04-19T05:30:02+00:00 DEBUG (7): Starting Order Import process for store: Retail (1)
2015-04-19T05:30:02+00:00 DEBUG (7): Starting Order Import process for store: Wholesale (2)
2015-04-19T05:50:03+00:00 DEBUG (7): Starting Order Import process for store: Admin (0)
2015-04-19T05:50:03+00:00 DEBUG (7): Starting Order Import process for store: International (3)
2015-04-19T05:50:03+00:00 DEBUG (7): Starting Order Import process for store: Retail (1)
2015-04-19T05:50:03+00:00 DEBUG (7):  Importing: New, Pending Payment, Processing, Complete, Payment Review
2015-04-19T05:50:03+00:00 DEBUG (7):   Deleting: Closed, Canceled, On Hold
2015-04-19T05:50:03+00:00 DEBUG (7):   Processing Order ID: 41430 	 #200034264
2015-04-19T05:50:04+00:00 DEBUG (7):   Flush resulted in 1 orders processed
2015-04-19T05:50:04+00:00 DEBUG (7):   Success: 1
2015-04-19T05:50:04+00:00 DEBUG (7):   Error:   0
2015-04-19T05:50:04+00:00 DEBUG (7):   Total:   1
2015-04-19T05:50:04+00:00 DEBUG (7): Starting Order Import process for store: Wholesale (2)
2015-04-19T06:00:02+00:00 DEBUG (7): Starting Order Import process for store: Admin (0)
2015-04-19T06:00:02+00:00 DEBUG (7): Starting Order Import process for store: International (3)
2015-04-19T06:00:02+00:00 DEBUG (7): Starting Order Import process for store: Retail (1)
2015-04-19T06:00:02+00:00 DEBUG (7): Starting Order Import process for store: Wholesale (2)
2015-04-19T06:15:02+00:00 DEBUG (7): Starting Order Import process for store: Admin (0)
2015-04-19T06:15:02+00:00 DEBUG (7): Starting Order Import process for store: International (3)
2015-04-19T06:15:02+00:00 DEBUG (7): Starting Order Import process for store: Retail (1)
2015-04-19T06:15:02+00:00 DEBUG (7): Starting Order Import process for store: Wholesale (2)
2015-04-19T06:30:05+00:00 DEBUG (7): Starting Order Import process for store: Admin (0)
2015-04-19T06:30:05+00:00 DEBUG (7): Starting Order Import process for store: International (3)
2015-04-19T06:30:05+00:00 DEBUG (7): Starting Order Import process for store: Retail (1)
2015-04-19T06:30:05+00:00 DEBUG (7): Starting Order Import process for store: Wholesale (2)
2015-04-19T06:45:02+00:00 DEBUG (7): Starting Order Import process for store: Admin (0)
2015-04-19T06:45:02+00:00 DEBUG (7): Starting Order Import process for store: International (3)
2015-04-19T06:45:02+00:00 DEBUG (7): Starting Order Import process for store: Retail (1)
2015-04-19T06:45:02+00:00 DEBUG (7): Starting Order Import process for store: Wholesale (2)
2015-04-19T07:05:12+00:00 DEBUG (7): Starting Order Import process for store: Admin (0)
2015-04-19T07:05:12+00:00 DEBUG (7): Starting Order Import process for store: International (3)
2015-04-19T07:05:12+00:00 DEBUG (7): Starting Order Import process for store: Retail (1)
2015-04-19T07:05:12+00:00 DEBUG (7): Starting Order Import process for store: Wholesale (2)
2015-04-19T07:16:01+00:00 DEBUG (7): Starting Order Import process for store: Admin (0)
2015-04-19T07:16:01+00:00 DEBUG (7): Starting Order Import process for store: International (3)
2015-04-19T07:16:01+00:00 DEBUG (7): Starting Order Import process for store: Retail (1)
2015-04-19T07:16:01+00:00 DEBUG (7): Starting Order Import process for store: Wholesale (2)
2015-04-19T07:30:02+00:00 DEBUG (7): Starting Order Import process for store: Admin (0)
2015-04-19T07:30:02+00:00 DEBUG (7): Starting Order Import process for store: International (3)
2015-04-19T07:30:02+00:00 DEBUG (7): Starting Order Import process for store: Retail (1)
2015-04-19T07:30:02+00:00 DEBUG (7): Starting Order Import process for store: Wholesale (2)
2015-04-19T07:45:02+00:00 DEBUG (7): Starting Order Import process for store: Admin (0)
2015-04-19T07:45:02+00:00 DEBUG (7): Starting Order Import process for store: International (3)
2015-04-19T07:45:02+00:00 DEBUG (7): Starting Order Import process for store: Retail (1)
2015-04-19T07:45:02+00:00 DEBUG (7): Starting Order Import process for store: Wholesale (2)
2015-04-19T08:05:02+00:00 DEBUG (7): Starting Order Import process for store: Admin (0)
2015-04-19T08:05:02+00:00 DEBUG (7): Starting Order Import process for store: International (3)
2015-04-19T08:05:02+00:00 DEBUG (7): Starting Order Import process for store: Retail (1)
2015-04-19T08:05:02+00:00 DEBUG (7): Starting Order Import process for store: Wholesale (2)
2015-04-19T08:15:02+00:00 DEBUG (7): Starting Order Import process for store: Admin (0)
2015-04-19T08:15:02+00:00 DEBUG (7): Starting Order Import process for store: International (3)
2015-04-19T08:15:02+00:00 DEBUG (7): Starting Order Import process for store: Retail (1)
2015-04-19T08:15:02+00:00 DEBUG (7):  Importing: New, Pending Payment, Processing, Complete, Payment Review
2015-04-19T08:15:02+00:00 DEBUG (7):   Deleting: Closed, Canceled, On Hold
2015-04-19T08:15:02+00:00 DEBUG (7):   Processing Order ID: 41431 	 #200034265
2015-04-19T08:15:04+00:00 DEBUG (7):   Flush resulted in 1 orders processed
2015-04-19T08:15:04+00:00 DEBUG (7):   Success: 1
2015-04-19T08:15:04+00:00 DEBUG (7):   Error:   0
2015-04-19T08:15:04+00:00 DEBUG (7):   Total:   1
2015-04-19T08:15:04+00:00 DEBUG (7): Starting Order Import process for store: Wholesale (2)
2015-04-19T08:30:02+00:00 DEBUG (7): Starting Order Import process for store: Admin (0)
2015-04-19T08:30:02+00:00 DEBUG (7): Starting Order Import process for store: International (3)
2015-04-19T08:30:02+00:00 DEBUG (7): Starting Order Import process for store: Retail (1)
2015-04-19T08:30:02+00:00 DEBUG (7): Starting Order Import process for store: Wholesale (2)
2015-04-19T08:45:02+00:00 DEBUG (7): Starting Order Import process for store: Admin (0)
2015-04-19T08:45:02+00:00 DEBUG (7): Starting Order Import process for store: International (3)
2015-04-19T08:45:02+00:00 DEBUG (7): Starting Order Import process for store: Retail (1)
2015-04-19T08:45:02+00:00 DEBUG (7): Starting Order Import process for store: Wholesale (2)
2015-04-19T09:00:07+00:00 DEBUG (7): Starting Order Import process for store: Admin (0)
2015-04-19T09:00:07+00:00 DEBUG (7): Starting Order Import process for store: International (3)
2015-04-19T09:00:07+00:00 DEBUG (7): Starting Order Import process for store: Retail (1)
2015-04-19T09:00:07+00:00 DEBUG (7): Starting Order Import process for store: Wholesale (2)
2015-04-19T09:15:02+00:00 DEBUG (7): Starting Order Import process for store: Admin (0)
2015-04-19T09:15:02+00:00 DEBUG (7): Starting Order Import process for store: International (3)
2015-04-19T09:15:02+00:00 DEBUG (7): Starting Order Import process for store: Retail (1)
2015-04-19T09:15:02+00:00 DEBUG (7): Starting Order Import process for store: Wholesale (2)
2015-04-19T09:30:02+00:00 DEBUG (7): Starting Order Import process for store: Admin (0)
2015-04-19T09:30:02+00:00 DEBUG (7): Starting Order Import process for store: International (3)
2015-04-19T09:30:02+00:00 DEBUG (7): Starting Order Import process for store: Retail (1)
2015-04-19T09:30:02+00:00 DEBUG (7): Starting Order Import process for store: Wholesale (2)
2015-04-19T09:45:02+00:00 DEBUG (7): Starting Order Import process for store: Admin (0)
2015-04-19T09:45:02+00:00 DEBUG (7): Starting Order Import process for store: International (3)
2015-04-19T09:45:02+00:00 DEBUG (7): Starting Order Import process for store: Retail (1)
2015-04-19T09:45:02+00:00 DEBUG (7): Starting Order Import process for store: Wholesale (2)
2015-04-19T10:00:02+00:00 DEBUG (7): Starting Order Import process for store: Admin (0)
2015-04-19T10:00:02+00:00 DEBUG (7): Starting Order Import process for store: International (3)
2015-04-19T10:00:02+00:00 DEBUG (7): Starting Order Import process for store: Retail (1)
2015-04-19T10:00:02+00:00 DEBUG (7): Starting Order Import process for store: Wholesale (2)
2015-04-19T10:15:02+00:00 DEBUG (7): Starting Order Import process for store: Admin (0)
2015-04-19T10:15:02+00:00 DEBUG (7): Starting Order Import process for store: International (3)
2015-04-19T10:15:02+00:00 DEBUG (7): Starting Order Import process for store: Retail (1)
2015-04-19T10:15:02+00:00 DEBUG (7): Starting Order Import process for store: Wholesale (2)
2015-04-19T10:30:02+00:00 DEBUG (7): Starting Order Import process for store: Admin (0)
2015-04-19T10:30:02+00:00 DEBUG (7): Starting Order Import process for store: International (3)
2015-04-19T10:30:02+00:00 DEBUG (7): Starting Order Import process for store: Retail (1)
2015-04-19T10:30:02+00:00 DEBUG (7): Starting Order Import process for store: Wholesale (2)
2015-04-19T10:45:02+00:00 DEBUG (7): Starting Order Import process for store: Admin (0)
2015-04-19T10:45:02+00:00 DEBUG (7): Starting Order Import process for store: International (3)
2015-04-19T10:45:02+00:00 DEBUG (7): Starting Order Import process for store: Retail (1)
2015-04-19T10:45:02+00:00 DEBUG (7): Starting Order Import process for store: Wholesale (2)
2015-04-19T11:00:02+00:00 DEBUG (7): Starting Order Import process for store: Admin (0)
2015-04-19T11:00:02+00:00 DEBUG (7): Starting Order Import process for store: International (3)
2015-04-19T11:00:02+00:00 DEBUG (7): Starting Order Import process for store: Retail (1)
2015-04-19T11:00:02+00:00 DEBUG (7): Starting Order Import process for store: Wholesale (2)
2015-04-19T11:20:03+00:00 DEBUG (7): Starting Order Import process for store: Admin (0)
2015-04-19T11:20:03+00:00 DEBUG (7): Starting Order Import process for store: International (3)
2015-04-19T11:20:03+00:00 DEBUG (7): Starting Order Import process for store: Retail (1)
2015-04-19T11:20:03+00:00 DEBUG (7): Starting Order Import process for store: Wholesale (2)
2015-04-19T11:30:02+00:00 DEBUG (7): Starting Order Import process for store: Admin (0)
2015-04-19T11:30:02+00:00 DEBUG (7): Starting Order Import process for store: International (3)
2015-04-19T11:30:02+00:00 DEBUG (7): Starting Order Import process for store: Retail (1)
2015-04-19T11:30:02+00:00 DEBUG (7): Starting Order Import process for store: Wholesale (2)
2015-04-19T11:45:02+00:00 DEBUG (7): Starting Order Import process for store: Admin (0)
2015-04-19T11:45:02+00:00 DEBUG (7): Starting Order Import process for store: International (3)
2015-04-19T11:45:02+00:00 DEBUG (7): Starting Order Import process for store: Retail (1)
2015-04-19T11:45:02+00:00 DEBUG (7): Starting Order Import process for store: Wholesale (2)
2015-04-19T12:00:03+00:00 DEBUG (7): Starting Order Import process for store: Admin (0)
2015-04-19T12:00:03+00:00 DEBUG (7): Starting Order Import process for store: International (3)
2015-04-19T12:00:03+00:00 DEBUG (7): Starting Order Import process for store: Retail (1)
2015-04-19T12:00:03+00:00 DEBUG (7): Starting Order Import process for store: Wholesale (2)
2015-04-19T12:15:02+00:00 DEBUG (7): Starting Order Import process for store: Admin (0)
2015-04-19T12:15:02+00:00 DEBUG (7): Starting Order Import process for store: International (3)
2015-04-19T12:15:02+00:00 DEBUG (7): Starting Order Import process for store: Retail (1)
2015-04-19T12:15:02+00:00 DEBUG (7): Starting Order Import process for store: Wholesale (2)
2015-04-19T12:30:02+00:00 DEBUG (7): Starting Order Import process for store: Admin (0)
2015-04-19T12:30:02+00:00 DEBUG (7): Starting Order Import process for store: International (3)
2015-04-19T12:30:02+00:00 DEBUG (7): Starting Order Import process for store: Retail (1)
2015-04-19T12:30:02+00:00 DEBUG (7): Starting Order Import process for store: Wholesale (2)
2015-04-19T12:45:02+00:00 DEBUG (7): Starting Order Import process for store: Admin (0)
2015-04-19T12:45:02+00:00 DEBUG (7): Starting Order Import process for store: International (3)
2015-04-19T12:45:02+00:00 DEBUG (7): Starting Order Import process for store: Retail (1)
2015-04-19T12:45:02+00:00 DEBUG (7): Starting Order Import process for store: Wholesale (2)
2015-04-19T13:00:02+00:00 DEBUG (7): Starting Order Import process for store: Admin (0)
2015-04-19T13:00:02+00:00 DEBUG (7): Starting Order Import process for store: International (3)
2015-04-19T13:00:02+00:00 DEBUG (7): Starting Order Import process for store: Retail (1)
2015-04-19T13:00:02+00:00 DEBUG (7):  Importing: New, Pending Payment, Processing, Complete, Payment Review
2015-04-19T13:00:02+00:00 DEBUG (7):   Deleting: Closed, Canceled, On Hold
2015-04-19T13:00:02+00:00 DEBUG (7):   Processing Order ID: 41432 	 #200034266
2015-04-19T13:00:04+00:00 DEBUG (7):   Flush resulted in 1 orders processed
2015-04-19T13:00:04+00:00 DEBUG (7):   Success: 1
2015-04-19T13:00:04+00:00 DEBUG (7):   Error:   0
2015-04-19T13:00:04+00:00 DEBUG (7):   Total:   1
2015-04-19T13:00:04+00:00 DEBUG (7): Starting Order Import process for store: Wholesale (2)
2015-04-19T13:15:02+00:00 DEBUG (7): Starting Order Import process for store: Admin (0)
2015-04-19T13:15:02+00:00 DEBUG (7): Starting Order Import process for store: International (3)
2015-04-19T13:15:02+00:00 DEBUG (7): Starting Order Import process for store: Retail (1)
2015-04-19T13:15:02+00:00 DEBUG (7): Starting Order Import process for store: Wholesale (2)
2015-04-19T13:30:02+00:00 DEBUG (7): Starting Order Import process for store: Admin (0)
2015-04-19T13:30:02+00:00 DEBUG (7): Starting Order Import process for store: International (3)
2015-04-19T13:30:02+00:00 DEBUG (7): Starting Order Import process for store: Retail (1)
2015-04-19T13:30:02+00:00 DEBUG (7): Starting Order Import process for store: Wholesale (2)
2015-04-19T13:45:02+00:00 DEBUG (7): Starting Order Import process for store: Admin (0)
2015-04-19T13:45:02+00:00 DEBUG (7): Starting Order Import process for store: International (3)
2015-04-19T13:45:02+00:00 DEBUG (7): Starting Order Import process for store: Retail (1)
2015-04-19T13:45:02+00:00 DEBUG (7): Starting Order Import process for store: Wholesale (2)
2015-04-19T14:00:02+00:00 DEBUG (7): Starting Order Import process for store: Admin (0)
2015-04-19T14:00:02+00:00 DEBUG (7): Starting Order Import process for store: International (3)
2015-04-19T14:00:02+00:00 DEBUG (7): Starting Order Import process for store: Retail (1)
2015-04-19T14:00:02+00:00 DEBUG (7): Starting Order Import process for store: Wholesale (2)
2015-04-19T14:20:02+00:00 DEBUG (7): Starting Order Import process for store: Admin (0)
2015-04-19T14:20:02+00:00 DEBUG (7): Starting Order Import process for store: International (3)
2015-04-19T14:20:02+00:00 DEBUG (7): Starting Order Import process for store: Retail (1)
2015-04-19T14:20:02+00:00 DEBUG (7):  Importing: New, Pending Payment, Processing, Complete, Payment Review
2015-04-19T14:20:02+00:00 DEBUG (7):   Deleting: Closed, Canceled, On Hold
2015-04-19T14:20:02+00:00 DEBUG (7):   Processing Order ID: 41433 	 #200034267
2015-04-19T14:20:03+00:00 DEBUG (7):   Flush resulted in 1 orders processed
2015-04-19T14:20:03+00:00 DEBUG (7):   Success: 1
2015-04-19T14:20:03+00:00 DEBUG (7):   Error:   0
2015-04-19T14:20:03+00:00 DEBUG (7):   Total:   1
2015-04-19T14:20:03+00:00 DEBUG (7): Starting Order Import process for store: Wholesale (2)
2015-04-19T14:30:02+00:00 DEBUG (7): Starting Order Import process for store: Admin (0)
2015-04-19T14:30:02+00:00 DEBUG (7): Starting Order Import process for store: International (3)
2015-04-19T14:30:02+00:00 DEBUG (7): Starting Order Import process for store: Retail (1)
2015-04-19T14:30:02+00:00 DEBUG (7): Starting Order Import process for store: Wholesale (2)
2015-04-19T14:45:02+00:00 DEBUG (7): Starting Order Import process for store: Admin (0)
2015-04-19T14:45:02+00:00 DEBUG (7): Starting Order Import process for store: International (3)
2015-04-19T14:45:02+00:00 DEBUG (7): Starting Order Import process for store: Retail (1)
2015-04-19T14:45:02+00:00 DEBUG (7): Starting Order Import process for store: Wholesale (2)
2015-04-19T15:00:02+00:00 DEBUG (7): Starting Order Import process for store: Admin (0)
2015-04-19T15:00:02+00:00 DEBUG (7): Starting Order Import process for store: International (3)
2015-04-19T15:00:02+00:00 DEBUG (7): Starting Order Import process for store: Retail (1)
2015-04-19T15:00:02+00:00 DEBUG (7): Starting Order Import process for store: Wholesale (2)
2015-04-19T15:15:02+00:00 DEBUG (7): Starting Order Import process for store: Admin (0)
2015-04-19T15:15:02+00:00 DEBUG (7): Starting Order Import process for store: International (3)
2015-04-19T15:15:02+00:00 DEBUG (7): Starting Order Import process for store: Retail (1)
2015-04-19T15:15:02+00:00 DEBUG (7): Starting Order Import process for store: Wholesale (2)
2015-04-19T15:30:02+00:00 DEBUG (7): Starting Order Import process for store: Admin (0)
2015-04-19T15:30:02+00:00 DEBUG (7): Starting Order Import process for store: International (3)
2015-04-19T15:30:02+00:00 DEBUG (7): Starting Order Import process for store: Retail (1)
2015-04-19T15:30:02+00:00 DEBUG (7):  Importing: New, Pending Payment, Processing, Complete, Payment Review
2015-04-19T15:30:02+00:00 DEBUG (7):   Deleting: Closed, Canceled, On Hold
2015-04-19T15:30:02+00:00 DEBUG (7):   Processing Order ID: 41434 	 #200034268
2015-04-19T15:30:04+00:00 DEBUG (7):   Flush resulted in 1 orders processed
2015-04-19T15:30:04+00:00 DEBUG (7):   Success: 1
2015-04-19T15:30:04+00:00 DEBUG (7):   Error:   0
2015-04-19T15:30:04+00:00 DEBUG (7):   Total:   1
2015-04-19T15:30:04+00:00 DEBUG (7): Starting Order Import process for store: Wholesale (2)
2015-04-19T15:45:02+00:00 DEBUG (7): Starting Order Import process for store: Admin (0)
2015-04-19T15:45:02+00:00 DEBUG (7): Starting Order Import process for store: International (3)
2015-04-19T15:45:02+00:00 DEBUG (7): Starting Order Import process for store: Retail (1)
2015-04-19T15:45:02+00:00 DEBUG (7): Starting Order Import process for store: Wholesale (2)
2015-04-19T16:00:02+00:00 DEBUG (7): Starting Order Import process for store: Admin (0)
2015-04-19T16:00:02+00:00 DEBUG (7): Starting Order Import process for store: International (3)
2015-04-19T16:00:02+00:00 DEBUG (7): Starting Order Import process for store: Retail (1)
2015-04-19T16:00:02+00:00 DEBUG (7): Starting Order Import process for store: Wholesale (2)
2015-04-19T16:15:02+00:00 DEBUG (7): Starting Order Import process for store: Admin (0)
2015-04-19T16:15:02+00:00 DEBUG (7): Starting Order Import process for store: International (3)
2015-04-19T16:15:02+00:00 DEBUG (7): Starting Order Import process for store: Retail (1)
2015-04-19T16:15:02+00:00 DEBUG (7): Starting Order Import process for store: Wholesale (2)
2015-04-19T16:30:02+00:00 DEBUG (7): Starting Order Import process for store: Admin (0)
2015-04-19T16:30:02+00:00 DEBUG (7): Starting Order Import process for store: International (3)
2015-04-19T16:30:02+00:00 DEBUG (7): Starting Order Import process for store: Retail (1)
2015-04-19T16:30:02+00:00 DEBUG (7): Starting Order Import process for store: Wholesale (2)
2015-04-19T16:50:02+00:00 DEBUG (7): Starting Order Import process for store: Admin (0)
2015-04-19T16:50:02+00:00 DEBUG (7): Starting Order Import process for store: International (3)
2015-04-19T16:50:02+00:00 DEBUG (7): Starting Order Import process for store: Retail (1)
2015-04-19T16:50:02+00:00 DEBUG (7):  Importing: New, Pending Payment, Processing, Complete, Payment Review
2015-04-19T16:50:02+00:00 DEBUG (7):   Deleting: Closed, Canceled, On Hold
2015-04-19T16:50:02+00:00 DEBUG (7):   Processing Order ID: 41435 	 #200034269
2015-04-19T16:50:05+00:00 DEBUG (7):   Flush resulted in 1 orders processed
2015-04-19T16:50:05+00:00 DEBUG (7):   Success: 1
2015-04-19T16:50:05+00:00 DEBUG (7):   Error:   0
2015-04-19T16:50:05+00:00 DEBUG (7):   Total:   1
2015-04-19T16:50:05+00:00 DEBUG (7): Starting Order Import process for store: Wholesale (2)
2015-04-19T17:00:03+00:00 DEBUG (7): Starting Order Import process for store: Admin (0)
2015-04-19T17:00:03+00:00 DEBUG (7): Starting Order Import process for store: International (3)
2015-04-19T17:00:03+00:00 DEBUG (7): Starting Order Import process for store: Retail (1)
2015-04-19T17:00:03+00:00 DEBUG (7): Starting Order Import process for store: Wholesale (2)
2015-04-19T17:15:02+00:00 DEBUG (7): Starting Order Import process for store: Admin (0)
2015-04-19T17:15:02+00:00 DEBUG (7): Starting Order Import process for store: International (3)
2015-04-19T17:15:02+00:00 DEBUG (7): Starting Order Import process for store: Retail (1)
2015-04-19T17:15:02+00:00 DEBUG (7):  Importing: New, Pending Payment, Processing, Complete, Payment Review
2015-04-19T17:15:02+00:00 DEBUG (7):   Deleting: Closed, Canceled, On Hold
2015-04-19T17:15:02+00:00 DEBUG (7):   Processing Order ID: 41436 	 #200034270
2015-04-19T17:15:04+00:00 DEBUG (7):   Flush resulted in 1 orders processed
2015-04-19T17:15:04+00:00 DEBUG (7):   Success: 1
2015-04-19T17:15:04+00:00 DEBUG (7):   Error:   0
2015-04-19T17:15:04+00:00 DEBUG (7):   Total:   1
2015-04-19T17:15:04+00:00 DEBUG (7): Starting Order Import process for store: Wholesale (2)
2015-04-19T17:30:02+00:00 DEBUG (7): Starting Order Import process for store: Admin (0)
2015-04-19T17:30:02+00:00 DEBUG (7): Starting Order Import process for store: International (3)
2015-04-19T17:30:02+00:00 DEBUG (7): Starting Order Import process for store: Retail (1)
2015-04-19T17:30:02+00:00 DEBUG (7): Starting Order Import process for store: Wholesale (2)
2015-04-19T17:45:03+00:00 DEBUG (7): Starting Order Import process for store: Admin (0)
2015-04-19T17:45:03+00:00 DEBUG (7): Starting Order Import process for store: International (3)
2015-04-19T17:45:03+00:00 DEBUG (7): Starting Order Import process for store: Retail (1)
2015-04-19T17:45:03+00:00 DEBUG (7):  Importing: New, Pending Payment, Processing, Complete, Payment Review
2015-04-19T17:45:03+00:00 DEBUG (7):   Deleting: Closed, Canceled, On Hold
2015-04-19T17:45:03+00:00 DEBUG (7):   Processing Order ID: 41437 	 #200034271
2015-04-19T17:45:04+00:00 DEBUG (7):   Flush resulted in 1 orders processed
2015-04-19T17:45:04+00:00 DEBUG (7):   Success: 1
2015-04-19T17:45:04+00:00 DEBUG (7):   Error:   0
2015-04-19T17:45:04+00:00 DEBUG (7):   Total:   1
2015-04-19T17:45:04+00:00 DEBUG (7): Starting Order Import process for store: Wholesale (2)
2015-04-19T18:00:04+00:00 DEBUG (7): Starting Order Import process for store: Admin (0)
2015-04-19T18:00:04+00:00 DEBUG (7): Starting Order Import process for store: International (3)
2015-04-19T18:00:04+00:00 DEBUG (7): Starting Order Import process for store: Retail (1)
2015-04-19T18:00:04+00:00 DEBUG (7): Starting Order Import process for store: Wholesale (2)
2015-04-19T18:20:02+00:00 DEBUG (7): Starting Order Import process for store: Admin (0)
2015-04-19T18:20:02+00:00 DEBUG (7): Starting Order Import process for store: International (3)
2015-04-19T18:20:02+00:00 DEBUG (7): Starting Order Import process for store: Retail (1)
2015-04-19T18:20:02+00:00 DEBUG (7): Starting Order Import process for store: Wholesale (2)
2015-04-19T18:30:02+00:00 DEBUG (7): Starting Order Import process for store: Admin (0)
2015-04-19T18:30:02+00:00 DEBUG (7): Starting Order Import process for store: International (3)
2015-04-19T18:30:02+00:00 DEBUG (7): Starting Order Import process for store: Retail (1)
2015-04-19T18:30:02+00:00 DEBUG (7): Starting Order Import process for store: Wholesale (2)
2015-04-19T18:45:02+00:00 DEBUG (7): Starting Order Import process for store: Admin (0)
2015-04-19T18:45:02+00:00 DEBUG (7): Starting Order Import process for store: International (3)
2015-04-19T18:45:02+00:00 DEBUG (7): Starting Order Import process for store: Retail (1)
2015-04-19T18:45:02+00:00 DEBUG (7): Starting Order Import process for store: Wholesale (2)
2015-04-19T19:00:03+00:00 DEBUG (7): Starting Order Import process for store: Admin (0)
2015-04-19T19:00:03+00:00 DEBUG (7): Starting Order Import process for store: International (3)
2015-04-19T19:00:03+00:00 DEBUG (7): Starting Order Import process for store: Retail (1)
2015-04-19T19:00:03+00:00 DEBUG (7): Starting Order Import process for store: Wholesale (2)
2015-04-19T19:15:02+00:00 DEBUG (7): Starting Order Import process for store: Admin (0)
2015-04-19T19:15:02+00:00 DEBUG (7): Starting Order Import process for store: International (3)
2015-04-19T19:15:02+00:00 DEBUG (7): Starting Order Import process for store: Retail (1)
2015-04-19T19:15:02+00:00 DEBUG (7): Starting Order Import process for store: Wholesale (2)
2015-04-19T19:30:02+00:00 DEBUG (7): Starting Order Import process for store: Admin (0)
2015-04-19T19:30:02+00:00 DEBUG (7): Starting Order Import process for store: International (3)
2015-04-19T19:30:02+00:00 DEBUG (7): Starting Order Import process for store: Retail (1)
2015-04-19T19:30:02+00:00 DEBUG (7): Starting Order Import process for store: Wholesale (2)
2015-04-19T19:50:02+00:00 DEBUG (7): Starting Order Import process for store: Admin (0)
2015-04-19T19:50:02+00:00 DEBUG (7): Starting Order Import process for store: International (3)
2015-04-19T19:50:02+00:00 DEBUG (7): Starting Order Import process for store: Retail (1)
2015-04-19T19:50:02+00:00 DEBUG (7): Starting Order Import process for store: Wholesale (2)
2015-04-19T20:00:03+00:00 DEBUG (7): Starting Order Import process for store: Admin (0)
2015-04-19T20:00:03+00:00 DEBUG (7): Starting Order Import process for store: International (3)
2015-04-19T20:00:03+00:00 DEBUG (7): Starting Order Import process for store: Retail (1)
2015-04-19T20:00:03+00:00 DEBUG (7): Starting Order Import process for store: Wholesale (2)
2015-04-19T20:15:02+00:00 DEBUG (7): Starting Order Import process for store: Admin (0)
2015-04-19T20:15:02+00:00 DEBUG (7): Starting Order Import process for store: International (3)
2015-04-19T20:15:02+00:00 DEBUG (7): Starting Order Import process for store: Retail (1)
2015-04-19T20:15:02+00:00 DEBUG (7):  Importing: New, Pending Payment, Processing, Complete, Payment Review
2015-04-19T20:15:02+00:00 DEBUG (7):   Deleting: Closed, Canceled, On Hold
2015-04-19T20:15:02+00:00 DEBUG (7):   Processing Order ID: 41438 	 #200034272
2015-04-19T20:15:04+00:00 DEBUG (7):   Flush resulted in 1 orders processed
2015-04-19T20:15:04+00:00 DEBUG (7):   Success: 1
2015-04-19T20:15:04+00:00 DEBUG (7):   Error:   0
2015-04-19T20:15:04+00:00 DEBUG (7):   Total:   1
2015-04-19T20:15:04+00:00 DEBUG (7): Starting Order Import process for store: Wholesale (2)
2015-04-19T20:30:03+00:00 DEBUG (7): Starting Order Import process for store: Admin (0)
2015-04-19T20:30:03+00:00 DEBUG (7): Starting Order Import process for store: International (3)
2015-04-19T20:30:03+00:00 DEBUG (7): Starting Order Import process for store: Retail (1)
2015-04-19T20:30:03+00:00 DEBUG (7):  Importing: New, Pending Payment, Processing, Complete, Payment Review
2015-04-19T20:30:03+00:00 DEBUG (7):   Deleting: Closed, Canceled, On Hold
2015-04-19T20:30:03+00:00 DEBUG (7):   Processing Order ID: 41439 	 #200034273
2015-04-19T20:30:05+00:00 DEBUG (7):   Flush resulted in 1 orders processed
2015-04-19T20:30:05+00:00 DEBUG (7):   Success: 1
2015-04-19T20:30:05+00:00 DEBUG (7):   Error:   0
2015-04-19T20:30:05+00:00 DEBUG (7):   Total:   1
2015-04-19T20:30:05+00:00 DEBUG (7): Starting Order Import process for store: Wholesale (2)
2015-04-19T20:45:02+00:00 DEBUG (7): Starting Order Import process for store: Admin (0)
2015-04-19T20:45:02+00:00 DEBUG (7): Starting Order Import process for store: International (3)
2015-04-19T20:45:02+00:00 DEBUG (7): Starting Order Import process for store: Retail (1)
2015-04-19T20:45:02+00:00 DEBUG (7): Starting Order Import process for store: Wholesale (2)
2015-04-19T21:00:02+00:00 DEBUG (7): Starting Order Import process for store: Admin (0)
2015-04-19T21:00:02+00:00 DEBUG (7): Starting Order Import process for store: International (3)
2015-04-19T21:00:02+00:00 DEBUG (7): Starting Order Import process for store: Retail (1)
2015-04-19T21:00:02+00:00 DEBUG (7): Starting Order Import process for store: Wholesale (2)
2015-04-19T21:15:02+00:00 DEBUG (7): Starting Order Import process for store: Admin (0)
2015-04-19T21:15:02+00:00 DEBUG (7): Starting Order Import process for store: International (3)
2015-04-19T21:15:02+00:00 DEBUG (7): Starting Order Import process for store: Retail (1)
2015-04-19T21:15:02+00:00 DEBUG (7):  Importing: New, Pending Payment, Processing, Complete, Payment Review
2015-04-19T21:15:02+00:00 DEBUG (7):   Deleting: Closed, Canceled, On Hold
2015-04-19T21:15:02+00:00 DEBUG (7):   Processing Order ID: 41440 	 #200034274
2015-04-19T21:15:04+00:00 DEBUG (7):   Flush resulted in 1 orders processed
2015-04-19T21:15:04+00:00 DEBUG (7):   Success: 1
2015-04-19T21:15:04+00:00 DEBUG (7):   Error:   0
2015-04-19T21:15:04+00:00 DEBUG (7):   Total:   1
2015-04-19T21:15:04+00:00 DEBUG (7): Starting Order Import process for store: Wholesale (2)
2015-04-19T21:30:03+00:00 DEBUG (7): Starting Order Import process for store: Admin (0)
2015-04-19T21:30:03+00:00 DEBUG (7): Starting Order Import process for store: International (3)
2015-04-19T21:30:03+00:00 DEBUG (7): Starting Order Import process for store: Retail (1)
2015-04-19T21:30:03+00:00 DEBUG (7): Starting Order Import process for store: Wholesale (2)
2015-04-19T21:45:02+00:00 DEBUG (7): Starting Order Import process for store: Admin (0)
2015-04-19T21:45:02+00:00 DEBUG (7): Starting Order Import process for store: International (3)
2015-04-19T21:45:02+00:00 DEBUG (7): Starting Order Import process for store: Retail (1)
2015-04-19T21:45:02+00:00 DEBUG (7): Starting Order Import process for store: Wholesale (2)
2015-04-19T22:00:03+00:00 DEBUG (7): Starting Order Import process for store: Admin (0)
2015-04-19T22:00:03+00:00 DEBUG (7): Starting Order Import process for store: International (3)
2015-04-19T22:00:03+00:00 DEBUG (7): Starting Order Import process for store: Retail (1)
2015-04-19T22:00:03+00:00 DEBUG (7): Starting Order Import process for store: Wholesale (2)
2015-04-19T22:15:03+00:00 DEBUG (7): Starting Order Import process for store: Admin (0)
2015-04-19T22:15:03+00:00 DEBUG (7): Starting Order Import process for store: International (3)
2015-04-19T22:15:03+00:00 DEBUG (7): Starting Order Import process for store: Retail (1)
2015-04-19T22:15:03+00:00 DEBUG (7): Starting Order Import process for store: Wholesale (2)
2015-04-19T22:30:02+00:00 DEBUG (7): Starting Order Import process for store: Admin (0)
2015-04-19T22:30:02+00:00 DEBUG (7): Starting Order Import process for store: International (3)
2015-04-19T22:30:02+00:00 DEBUG (7): Starting Order Import process for store: Retail (1)
2015-04-19T22:30:02+00:00 DEBUG (7): Starting Order Import process for store: Wholesale (2)
2015-04-19T22:45:03+00:00 DEBUG (7): Starting Order Import process for store: Admin (0)
2015-04-19T22:45:03+00:00 DEBUG (7): Starting Order Import process for store: International (3)
2015-04-19T22:45:03+00:00 DEBUG (7): Starting Order Import process for store: Retail (1)
2015-04-19T22:45:03+00:00 DEBUG (7): Starting Order Import process for store: Wholesale (2)
2015-04-19T23:00:06+00:00 DEBUG (7): Starting Order Import process for store: Admin (0)
2015-04-19T23:00:06+00:00 DEBUG (7): Starting Order Import process for store: International (3)
2015-04-19T23:00:06+00:00 DEBUG (7): Starting Order Import process for store: Retail (1)
2015-04-19T23:00:06+00:00 DEBUG (7): Starting Order Import process for store: Wholesale (2)
2015-04-19T23:20:02+00:00 DEBUG (7): Starting Order Import process for store: Admin (0)
2015-04-19T23:20:03+00:00 DEBUG (7): Starting Order Import process for store: International (3)
2015-04-19T23:20:03+00:00 DEBUG (7): Starting Order Import process for store: Retail (1)
2015-04-19T23:20:03+00:00 DEBUG (7): Starting Order Import process for store: Wholesale (2)
2015-04-19T23:30:02+00:00 DEBUG (7): Starting Order Import process for store: Admin (0)
2015-04-19T23:30:02+00:00 DEBUG (7): Starting Order Import process for store: International (3)
2015-04-19T23:30:02+00:00 DEBUG (7): Starting Order Import process for store: Retail (1)
2015-04-19T23:30:02+00:00 DEBUG (7): Starting Order Import process for store: Wholesale (2)
2015-04-19T23:47:40+00:00 DEBUG (7): Starting Order Import process for store: Admin (0)
2015-04-19T23:47:40+00:00 DEBUG (7): Starting Order Import process for store: International (3)
2015-04-19T23:47:40+00:00 DEBUG (7): Starting Order Import process for store: Retail (1)
2015-04-19T23:47:40+00:00 DEBUG (7): Starting Order Import process for store: Wholesale (2)
