2015-04-09T00:00:02+00:00 DEBUG (7): Starting Order Import process for store: Admin (0)
2015-04-09T00:00:02+00:00 DEBUG (7): Starting Order Import process for store: International (3)
2015-04-09T00:00:02+00:00 DEBUG (7): Starting Order Import process for store: Retail (1)
2015-04-09T00:00:02+00:00 DEBUG (7): Starting Order Import process for store: Wholesale (2)
2015-04-09T00:15:02+00:00 DEBUG (7): Starting Order Import process for store: Admin (0)
2015-04-09T00:15:02+00:00 DEBUG (7): Starting Order Import process for store: International (3)
2015-04-09T00:15:02+00:00 DEBUG (7): Starting Order Import process for store: Retail (1)
2015-04-09T00:15:02+00:00 DEBUG (7):  Importing: New, Pending Payment, Processing, Complete, Payment Review
2015-04-09T00:15:02+00:00 DEBUG (7):   Deleting: Closed, Canceled, On Hold
2015-04-09T00:15:02+00:00 DEBUG (7):   Processing Order ID: 41212 	 #200034114
2015-04-09T00:15:04+00:00 DEBUG (7):   Flush resulted in 1 orders processed
2015-04-09T00:15:04+00:00 DEBUG (7):   Success: 1
2015-04-09T00:15:04+00:00 DEBUG (7):   Error:   0
2015-04-09T00:15:04+00:00 DEBUG (7):   Total:   1
2015-04-09T00:15:04+00:00 DEBUG (7): Starting Order Import process for store: Wholesale (2)
2015-04-09T00:30:02+00:00 DEBUG (7): Starting Order Import process for store: Admin (0)
2015-04-09T00:30:02+00:00 DEBUG (7): Starting Order Import process for store: International (3)
2015-04-09T00:30:02+00:00 DEBUG (7): Starting Order Import process for store: Retail (1)
2015-04-09T00:30:02+00:00 DEBUG (7): Starting Order Import process for store: Wholesale (2)
2015-04-09T00:45:02+00:00 DEBUG (7): Starting Order Import process for store: Admin (0)
2015-04-09T00:45:02+00:00 DEBUG (7): Starting Order Import process for store: International (3)
2015-04-09T00:45:02+00:00 DEBUG (7): Starting Order Import process for store: Retail (1)
2015-04-09T00:45:02+00:00 DEBUG (7): Starting Order Import process for store: Wholesale (2)
2015-04-09T01:00:02+00:00 DEBUG (7): Starting Order Import process for store: Admin (0)
2015-04-09T01:00:02+00:00 DEBUG (7): Starting Order Import process for store: International (3)
2015-04-09T01:00:02+00:00 DEBUG (7): Starting Order Import process for store: Retail (1)
2015-04-09T01:00:02+00:00 DEBUG (7): Starting Order Import process for store: Wholesale (2)
2015-04-09T01:15:02+00:00 DEBUG (7): Starting Order Import process for store: Admin (0)
2015-04-09T01:15:02+00:00 DEBUG (7): Starting Order Import process for store: International (3)
2015-04-09T01:15:02+00:00 DEBUG (7): Starting Order Import process for store: Retail (1)
2015-04-09T01:15:02+00:00 DEBUG (7): Starting Order Import process for store: Wholesale (2)
2015-04-09T01:30:02+00:00 DEBUG (7): Starting Order Import process for store: Admin (0)
2015-04-09T01:30:02+00:00 DEBUG (7): Starting Order Import process for store: International (3)
2015-04-09T01:30:02+00:00 DEBUG (7): Starting Order Import process for store: Retail (1)
2015-04-09T01:30:02+00:00 DEBUG (7): Starting Order Import process for store: Wholesale (2)
2015-04-09T01:45:02+00:00 DEBUG (7): Starting Order Import process for store: Admin (0)
2015-04-09T01:45:02+00:00 DEBUG (7): Starting Order Import process for store: International (3)
2015-04-09T01:45:02+00:00 DEBUG (7): Starting Order Import process for store: Retail (1)
2015-04-09T01:45:02+00:00 DEBUG (7): Starting Order Import process for store: Wholesale (2)
2015-04-09T02:00:02+00:00 DEBUG (7): Starting Order Import process for store: Admin (0)
2015-04-09T02:00:02+00:00 DEBUG (7): Starting Order Import process for store: International (3)
2015-04-09T02:00:02+00:00 DEBUG (7): Starting Order Import process for store: Retail (1)
2015-04-09T02:00:02+00:00 DEBUG (7): Starting Order Import process for store: Wholesale (2)
2015-04-09T02:15:02+00:00 DEBUG (7): Starting Order Import process for store: Admin (0)
2015-04-09T02:15:02+00:00 DEBUG (7): Starting Order Import process for store: International (3)
2015-04-09T02:15:02+00:00 DEBUG (7): Starting Order Import process for store: Retail (1)
2015-04-09T02:15:02+00:00 DEBUG (7): Starting Order Import process for store: Wholesale (2)
2015-04-09T02:30:02+00:00 DEBUG (7): Starting Order Import process for store: Admin (0)
2015-04-09T02:30:02+00:00 DEBUG (7): Starting Order Import process for store: International (3)
2015-04-09T02:30:02+00:00 DEBUG (7): Starting Order Import process for store: Retail (1)
2015-04-09T02:30:02+00:00 DEBUG (7):  Importing: New, Pending Payment, Processing, Complete, Payment Review
2015-04-09T02:30:02+00:00 DEBUG (7):   Deleting: Closed, Canceled, On Hold
2015-04-09T02:30:02+00:00 DEBUG (7):   Processing Order ID: 41214 	 #200034116
2015-04-09T02:30:08+00:00 DEBUG (7):   Flush resulted in 1 orders processed
2015-04-09T02:30:08+00:00 DEBUG (7):   Success: 1
2015-04-09T02:30:08+00:00 DEBUG (7):   Error:   0
2015-04-09T02:30:08+00:00 DEBUG (7):   Total:   1
2015-04-09T02:30:08+00:00 DEBUG (7): Starting Order Import process for store: Wholesale (2)
2015-04-09T02:50:02+00:00 DEBUG (7): Starting Order Import process for store: Admin (0)
2015-04-09T02:50:02+00:00 DEBUG (7): Starting Order Import process for store: International (3)
2015-04-09T02:50:02+00:00 DEBUG (7): Starting Order Import process for store: Retail (1)
2015-04-09T02:50:02+00:00 DEBUG (7):  Importing: New, Pending Payment, Processing, Complete, Payment Review
2015-04-09T02:50:02+00:00 DEBUG (7):   Deleting: Closed, Canceled, On Hold
2015-04-09T02:50:02+00:00 DEBUG (7):   Processing Order ID: 41215 	 #200034115
2015-04-09T02:50:04+00:00 DEBUG (7):   Flush resulted in 1 orders processed
2015-04-09T02:50:04+00:00 DEBUG (7):   Success: 1
2015-04-09T02:50:04+00:00 DEBUG (7):   Error:   0
2015-04-09T02:50:04+00:00 DEBUG (7):   Total:   1
2015-04-09T02:50:04+00:00 DEBUG (7): Starting Order Import process for store: Wholesale (2)
2015-04-09T03:00:02+00:00 DEBUG (7): Starting Order Import process for store: Admin (0)
2015-04-09T03:00:02+00:00 DEBUG (7): Starting Order Import process for store: International (3)
2015-04-09T03:00:02+00:00 DEBUG (7): Starting Order Import process for store: Retail (1)
2015-04-09T03:00:02+00:00 DEBUG (7): Starting Order Import process for store: Wholesale (2)
2015-04-09T03:15:02+00:00 DEBUG (7): Starting Order Import process for store: Admin (0)
2015-04-09T03:15:02+00:00 DEBUG (7): Starting Order Import process for store: International (3)
2015-04-09T03:15:02+00:00 DEBUG (7): Starting Order Import process for store: Retail (1)
2015-04-09T03:15:02+00:00 DEBUG (7): Starting Order Import process for store: Wholesale (2)
2015-04-09T03:30:02+00:00 DEBUG (7): Starting Order Import process for store: Admin (0)
2015-04-09T03:30:02+00:00 DEBUG (7): Starting Order Import process for store: International (3)
2015-04-09T03:30:02+00:00 DEBUG (7): Starting Order Import process for store: Retail (1)
2015-04-09T03:30:02+00:00 DEBUG (7): Starting Order Import process for store: Wholesale (2)
2015-04-09T03:45:05+00:00 DEBUG (7): Starting Order Import process for store: Admin (0)
2015-04-09T03:45:05+00:00 DEBUG (7): Starting Order Import process for store: International (3)
2015-04-09T03:45:05+00:00 DEBUG (7): Starting Order Import process for store: Retail (1)
2015-04-09T03:45:05+00:00 DEBUG (7): Starting Order Import process for store: Wholesale (2)
2015-04-09T04:00:03+00:00 DEBUG (7): Starting Order Import process for store: Admin (0)
2015-04-09T04:00:03+00:00 DEBUG (7): Starting Order Import process for store: International (3)
2015-04-09T04:00:03+00:00 DEBUG (7): Starting Order Import process for store: Retail (1)
2015-04-09T04:00:03+00:00 DEBUG (7):  Importing: New, Pending Payment, Processing, Complete, Payment Review
2015-04-09T04:00:03+00:00 DEBUG (7):   Deleting: Closed, Canceled, On Hold
2015-04-09T04:00:03+00:00 DEBUG (7):   Processing Order ID: 41216 	 #200034117
2015-04-09T04:00:04+00:00 DEBUG (7):   Flush resulted in 1 orders processed
2015-04-09T04:00:04+00:00 DEBUG (7):   Success: 1
2015-04-09T04:00:04+00:00 DEBUG (7):   Error:   0
2015-04-09T04:00:04+00:00 DEBUG (7):   Total:   1
2015-04-09T04:00:04+00:00 DEBUG (7): Starting Order Import process for store: Wholesale (2)
2015-04-09T04:15:02+00:00 DEBUG (7): Starting Order Import process for store: Admin (0)
2015-04-09T04:15:02+00:00 DEBUG (7): Starting Order Import process for store: International (3)
2015-04-09T04:15:02+00:00 DEBUG (7): Starting Order Import process for store: Retail (1)
2015-04-09T04:15:02+00:00 DEBUG (7): Starting Order Import process for store: Wholesale (2)
2015-04-09T04:30:02+00:00 DEBUG (7): Starting Order Import process for store: Admin (0)
2015-04-09T04:30:02+00:00 DEBUG (7): Starting Order Import process for store: International (3)
2015-04-09T04:30:02+00:00 DEBUG (7): Starting Order Import process for store: Retail (1)
2015-04-09T04:30:02+00:00 DEBUG (7): Starting Order Import process for store: Wholesale (2)
2015-04-09T04:45:02+00:00 DEBUG (7): Starting Order Import process for store: Admin (0)
2015-04-09T04:45:02+00:00 DEBUG (7): Starting Order Import process for store: International (3)
2015-04-09T04:45:02+00:00 DEBUG (7): Starting Order Import process for store: Retail (1)
2015-04-09T04:45:02+00:00 DEBUG (7): Starting Order Import process for store: Wholesale (2)
2015-04-09T05:00:02+00:00 DEBUG (7): Starting Order Import process for store: Admin (0)
2015-04-09T05:00:02+00:00 DEBUG (7): Starting Order Import process for store: International (3)
2015-04-09T05:00:02+00:00 DEBUG (7): Starting Order Import process for store: Retail (1)
2015-04-09T05:00:02+00:00 DEBUG (7): Starting Order Import process for store: Wholesale (2)
2015-04-09T05:15:02+00:00 DEBUG (7): Starting Order Import process for store: Admin (0)
2015-04-09T05:15:02+00:00 DEBUG (7): Starting Order Import process for store: International (3)
2015-04-09T05:15:02+00:00 DEBUG (7): Starting Order Import process for store: Retail (1)
2015-04-09T05:15:02+00:00 DEBUG (7): Starting Order Import process for store: Wholesale (2)
2015-04-09T05:30:02+00:00 DEBUG (7): Starting Order Import process for store: Admin (0)
2015-04-09T05:30:02+00:00 DEBUG (7): Starting Order Import process for store: International (3)
2015-04-09T05:30:02+00:00 DEBUG (7): Starting Order Import process for store: Retail (1)
2015-04-09T05:30:02+00:00 DEBUG (7): Starting Order Import process for store: Wholesale (2)
2015-04-09T05:45:02+00:00 DEBUG (7): Starting Order Import process for store: Admin (0)
2015-04-09T05:45:02+00:00 DEBUG (7): Starting Order Import process for store: International (3)
2015-04-09T05:45:02+00:00 DEBUG (7): Starting Order Import process for store: Retail (1)
2015-04-09T05:45:02+00:00 DEBUG (7):  Importing: New, Pending Payment, Processing, Complete, Payment Review
2015-04-09T05:45:02+00:00 DEBUG (7):   Deleting: Closed, Canceled, On Hold
2015-04-09T05:45:02+00:00 DEBUG (7):   Processing Order ID: 41217 	 #200034118
2015-04-09T05:45:05+00:00 DEBUG (7):   Flush resulted in 1 orders processed
2015-04-09T05:45:05+00:00 DEBUG (7):   Success: 1
2015-04-09T05:45:05+00:00 DEBUG (7):   Error:   0
2015-04-09T05:45:05+00:00 DEBUG (7):   Total:   1
2015-04-09T05:45:05+00:00 DEBUG (7): Starting Order Import process for store: Wholesale (2)
2015-04-09T06:00:02+00:00 DEBUG (7): Starting Order Import process for store: Admin (0)
2015-04-09T06:00:02+00:00 DEBUG (7): Starting Order Import process for store: International (3)
2015-04-09T06:00:02+00:00 DEBUG (7): Starting Order Import process for store: Retail (1)
2015-04-09T06:00:02+00:00 DEBUG (7): Starting Order Import process for store: Wholesale (2)
2015-04-09T06:15:02+00:00 DEBUG (7): Starting Order Import process for store: Admin (0)
2015-04-09T06:15:02+00:00 DEBUG (7): Starting Order Import process for store: International (3)
2015-04-09T06:15:02+00:00 DEBUG (7): Starting Order Import process for store: Retail (1)
2015-04-09T06:15:02+00:00 DEBUG (7): Starting Order Import process for store: Wholesale (2)
2015-04-09T06:30:02+00:00 DEBUG (7): Starting Order Import process for store: Admin (0)
2015-04-09T06:30:02+00:00 DEBUG (7): Starting Order Import process for store: International (3)
2015-04-09T06:30:02+00:00 DEBUG (7): Starting Order Import process for store: Retail (1)
2015-04-09T06:30:02+00:00 DEBUG (7): Starting Order Import process for store: Wholesale (2)
2015-04-09T06:45:02+00:00 DEBUG (7): Starting Order Import process for store: Admin (0)
2015-04-09T06:45:02+00:00 DEBUG (7): Starting Order Import process for store: International (3)
2015-04-09T06:45:02+00:00 DEBUG (7): Starting Order Import process for store: Retail (1)
2015-04-09T06:45:02+00:00 DEBUG (7): Starting Order Import process for store: Wholesale (2)
2015-04-09T07:10:11+00:00 DEBUG (7): Starting Order Import process for store: Admin (0)
2015-04-09T07:10:11+00:00 DEBUG (7): Starting Order Import process for store: International (3)
2015-04-09T07:10:11+00:00 DEBUG (7): Starting Order Import process for store: Retail (1)
2015-04-09T07:10:11+00:00 DEBUG (7): Starting Order Import process for store: Wholesale (2)
2015-04-09T07:15:02+00:00 DEBUG (7): Starting Order Import process for store: Admin (0)
2015-04-09T07:15:02+00:00 DEBUG (7): Starting Order Import process for store: International (3)
2015-04-09T07:15:02+00:00 DEBUG (7): Starting Order Import process for store: Retail (1)
2015-04-09T07:15:02+00:00 DEBUG (7): Starting Order Import process for store: Wholesale (2)
2015-04-09T07:30:02+00:00 DEBUG (7): Starting Order Import process for store: Admin (0)
2015-04-09T07:30:02+00:00 DEBUG (7): Starting Order Import process for store: International (3)
2015-04-09T07:30:02+00:00 DEBUG (7): Starting Order Import process for store: Retail (1)
2015-04-09T07:30:02+00:00 DEBUG (7): Starting Order Import process for store: Wholesale (2)
2015-04-09T07:45:02+00:00 DEBUG (7): Starting Order Import process for store: Admin (0)
2015-04-09T07:45:02+00:00 DEBUG (7): Starting Order Import process for store: International (3)
2015-04-09T07:45:02+00:00 DEBUG (7): Starting Order Import process for store: Retail (1)
2015-04-09T07:45:02+00:00 DEBUG (7): Starting Order Import process for store: Wholesale (2)
2015-04-09T08:00:30+00:00 DEBUG (7): Starting Order Import process for store: Admin (0)
2015-04-09T08:00:30+00:00 DEBUG (7): Starting Order Import process for store: International (3)
2015-04-09T08:00:30+00:00 DEBUG (7): Starting Order Import process for store: Retail (1)
2015-04-09T08:00:30+00:00 DEBUG (7): Starting Order Import process for store: Wholesale (2)
2015-04-09T08:15:02+00:00 DEBUG (7): Starting Order Import process for store: Admin (0)
2015-04-09T08:15:02+00:00 DEBUG (7): Starting Order Import process for store: International (3)
2015-04-09T08:15:02+00:00 DEBUG (7): Starting Order Import process for store: Retail (1)
2015-04-09T08:15:02+00:00 DEBUG (7): Starting Order Import process for store: Wholesale (2)
2015-04-09T08:30:03+00:00 DEBUG (7): Starting Order Import process for store: Admin (0)
2015-04-09T08:30:03+00:00 DEBUG (7): Starting Order Import process for store: International (3)
2015-04-09T08:30:03+00:00 DEBUG (7): Starting Order Import process for store: Retail (1)
2015-04-09T08:30:03+00:00 DEBUG (7): Starting Order Import process for store: Wholesale (2)
2015-04-09T08:45:04+00:00 DEBUG (7): Starting Order Import process for store: Admin (0)
2015-04-09T08:45:04+00:00 DEBUG (7): Starting Order Import process for store: International (3)
2015-04-09T08:45:04+00:00 DEBUG (7): Starting Order Import process for store: Retail (1)
2015-04-09T08:45:04+00:00 DEBUG (7): Starting Order Import process for store: Wholesale (2)
2015-04-09T09:00:07+00:00 DEBUG (7): Starting Order Import process for store: Admin (0)
2015-04-09T09:00:07+00:00 DEBUG (7): Starting Order Import process for store: International (3)
2015-04-09T09:00:07+00:00 DEBUG (7): Starting Order Import process for store: Retail (1)
2015-04-09T09:00:07+00:00 DEBUG (7): Starting Order Import process for store: Wholesale (2)
2015-04-09T09:15:02+00:00 DEBUG (7): Starting Order Import process for store: Admin (0)
2015-04-09T09:15:02+00:00 DEBUG (7): Starting Order Import process for store: International (3)
2015-04-09T09:15:02+00:00 DEBUG (7): Starting Order Import process for store: Retail (1)
2015-04-09T09:15:02+00:00 DEBUG (7): Starting Order Import process for store: Wholesale (2)
2015-04-09T09:30:02+00:00 DEBUG (7): Starting Order Import process for store: Admin (0)
2015-04-09T09:30:02+00:00 DEBUG (7): Starting Order Import process for store: International (3)
2015-04-09T09:30:02+00:00 DEBUG (7): Starting Order Import process for store: Retail (1)
2015-04-09T09:30:02+00:00 DEBUG (7): Starting Order Import process for store: Wholesale (2)
2015-04-09T09:50:02+00:00 DEBUG (7): Starting Order Import process for store: Admin (0)
2015-04-09T09:50:02+00:00 DEBUG (7): Starting Order Import process for store: International (3)
2015-04-09T09:50:02+00:00 DEBUG (7): Starting Order Import process for store: Retail (1)
2015-04-09T09:50:02+00:00 DEBUG (7): Starting Order Import process for store: Wholesale (2)
2015-04-09T10:00:02+00:00 DEBUG (7): Starting Order Import process for store: Admin (0)
2015-04-09T10:00:02+00:00 DEBUG (7): Starting Order Import process for store: International (3)
2015-04-09T10:00:02+00:00 DEBUG (7): Starting Order Import process for store: Retail (1)
2015-04-09T10:00:02+00:00 DEBUG (7): Starting Order Import process for store: Wholesale (2)
2015-04-09T10:15:03+00:00 DEBUG (7): Starting Order Import process for store: Admin (0)
2015-04-09T10:15:03+00:00 DEBUG (7): Starting Order Import process for store: International (3)
2015-04-09T10:15:03+00:00 DEBUG (7): Starting Order Import process for store: Retail (1)
2015-04-09T10:15:03+00:00 DEBUG (7): Starting Order Import process for store: Wholesale (2)
2015-04-09T10:30:02+00:00 DEBUG (7): Starting Order Import process for store: Admin (0)
2015-04-09T10:30:02+00:00 DEBUG (7): Starting Order Import process for store: International (3)
2015-04-09T10:30:02+00:00 DEBUG (7): Starting Order Import process for store: Retail (1)
2015-04-09T10:30:02+00:00 DEBUG (7): Starting Order Import process for store: Wholesale (2)
2015-04-09T10:45:02+00:00 DEBUG (7): Starting Order Import process for store: Admin (0)
2015-04-09T10:45:02+00:00 DEBUG (7): Starting Order Import process for store: International (3)
2015-04-09T10:45:02+00:00 DEBUG (7): Starting Order Import process for store: Retail (1)
2015-04-09T10:45:02+00:00 DEBUG (7): Starting Order Import process for store: Wholesale (2)
2015-04-09T11:00:02+00:00 DEBUG (7): Starting Order Import process for store: Admin (0)
2015-04-09T11:00:02+00:00 DEBUG (7): Starting Order Import process for store: International (3)
2015-04-09T11:00:02+00:00 DEBUG (7): Starting Order Import process for store: Retail (1)
2015-04-09T11:00:02+00:00 DEBUG (7): Starting Order Import process for store: Wholesale (2)
2015-04-09T11:15:02+00:00 DEBUG (7): Starting Order Import process for store: Admin (0)
2015-04-09T11:15:02+00:00 DEBUG (7): Starting Order Import process for store: International (3)
2015-04-09T11:15:02+00:00 DEBUG (7): Starting Order Import process for store: Retail (1)
2015-04-09T11:15:02+00:00 DEBUG (7): Starting Order Import process for store: Wholesale (2)
2015-04-09T11:30:02+00:00 DEBUG (7): Starting Order Import process for store: Admin (0)
2015-04-09T11:30:02+00:00 DEBUG (7): Starting Order Import process for store: International (3)
2015-04-09T11:30:02+00:00 DEBUG (7): Starting Order Import process for store: Retail (1)
2015-04-09T11:30:02+00:00 DEBUG (7): Starting Order Import process for store: Wholesale (2)
2015-04-09T11:45:01+00:00 DEBUG (7): Starting Order Import process for store: Admin (0)
2015-04-09T11:45:01+00:00 DEBUG (7): Starting Order Import process for store: International (3)
2015-04-09T11:45:01+00:00 DEBUG (7): Starting Order Import process for store: Retail (1)
2015-04-09T11:45:01+00:00 DEBUG (7): Starting Order Import process for store: Wholesale (2)
2015-04-09T12:00:05+00:00 DEBUG (7): Starting Order Import process for store: Admin (0)
2015-04-09T12:00:05+00:00 DEBUG (7): Starting Order Import process for store: International (3)
2015-04-09T12:00:05+00:00 DEBUG (7): Starting Order Import process for store: Retail (1)
2015-04-09T12:00:05+00:00 DEBUG (7): Starting Order Import process for store: Wholesale (2)
2015-04-09T12:15:02+00:00 DEBUG (7): Starting Order Import process for store: Admin (0)
2015-04-09T12:15:02+00:00 DEBUG (7): Starting Order Import process for store: International (3)
2015-04-09T12:15:02+00:00 DEBUG (7): Starting Order Import process for store: Retail (1)
2015-04-09T12:15:02+00:00 DEBUG (7): Starting Order Import process for store: Wholesale (2)
2015-04-09T12:30:02+00:00 DEBUG (7): Starting Order Import process for store: Admin (0)
2015-04-09T12:30:02+00:00 DEBUG (7): Starting Order Import process for store: International (3)
2015-04-09T12:30:02+00:00 DEBUG (7): Starting Order Import process for store: Retail (1)
2015-04-09T12:30:02+00:00 DEBUG (7): Starting Order Import process for store: Wholesale (2)
2015-04-09T12:50:02+00:00 DEBUG (7): Starting Order Import process for store: Admin (0)
2015-04-09T12:50:02+00:00 DEBUG (7): Starting Order Import process for store: International (3)
2015-04-09T12:50:02+00:00 DEBUG (7): Starting Order Import process for store: Retail (1)
2015-04-09T12:50:02+00:00 DEBUG (7): Starting Order Import process for store: Wholesale (2)
2015-04-09T13:00:02+00:00 DEBUG (7): Starting Order Import process for store: Admin (0)
2015-04-09T13:00:02+00:00 DEBUG (7): Starting Order Import process for store: International (3)
2015-04-09T13:00:02+00:00 DEBUG (7): Starting Order Import process for store: Retail (1)
2015-04-09T13:00:02+00:00 DEBUG (7): Starting Order Import process for store: Wholesale (2)
2015-04-09T13:15:02+00:00 DEBUG (7): Starting Order Import process for store: Admin (0)
2015-04-09T13:15:02+00:00 DEBUG (7): Starting Order Import process for store: International (3)
2015-04-09T13:15:02+00:00 DEBUG (7): Starting Order Import process for store: Retail (1)
2015-04-09T13:15:02+00:00 DEBUG (7): Starting Order Import process for store: Wholesale (2)
2015-04-09T13:30:02+00:00 DEBUG (7): Starting Order Import process for store: Admin (0)
2015-04-09T13:30:02+00:00 DEBUG (7): Starting Order Import process for store: International (3)
2015-04-09T13:30:02+00:00 DEBUG (7): Starting Order Import process for store: Retail (1)
2015-04-09T13:30:02+00:00 DEBUG (7): Starting Order Import process for store: Wholesale (2)
2015-04-09T13:45:02+00:00 DEBUG (7): Starting Order Import process for store: Admin (0)
2015-04-09T13:45:02+00:00 DEBUG (7): Starting Order Import process for store: International (3)
2015-04-09T13:45:02+00:00 DEBUG (7): Starting Order Import process for store: Retail (1)
2015-04-09T13:45:02+00:00 DEBUG (7): Starting Order Import process for store: Wholesale (2)
2015-04-09T14:00:02+00:00 DEBUG (7): Starting Order Import process for store: Admin (0)
2015-04-09T14:00:02+00:00 DEBUG (7): Starting Order Import process for store: International (3)
2015-04-09T14:00:02+00:00 DEBUG (7): Starting Order Import process for store: Retail (1)
2015-04-09T14:00:02+00:00 DEBUG (7): Starting Order Import process for store: Wholesale (2)
2015-04-09T14:15:02+00:00 DEBUG (7): Starting Order Import process for store: Admin (0)
2015-04-09T14:15:02+00:00 DEBUG (7): Starting Order Import process for store: International (3)
2015-04-09T14:15:02+00:00 DEBUG (7): Starting Order Import process for store: Retail (1)
2015-04-09T14:15:02+00:00 DEBUG (7): Starting Order Import process for store: Wholesale (2)
2015-04-09T14:30:02+00:00 DEBUG (7): Starting Order Import process for store: Admin (0)
2015-04-09T14:30:02+00:00 DEBUG (7): Starting Order Import process for store: International (3)
2015-04-09T14:30:02+00:00 DEBUG (7): Starting Order Import process for store: Retail (1)
2015-04-09T14:30:02+00:00 DEBUG (7):  Importing: New, Pending Payment, Processing, Complete, Payment Review
2015-04-09T14:30:02+00:00 DEBUG (7):   Deleting: Closed, Canceled, On Hold
2015-04-09T14:30:02+00:00 DEBUG (7):   Processing Order ID: 41219 	 #200034119
2015-04-09T14:30:10+00:00 DEBUG (7):   Flush resulted in 1 orders processed
2015-04-09T14:30:10+00:00 DEBUG (7):   Success: 1
2015-04-09T14:30:10+00:00 DEBUG (7):   Error:   0
2015-04-09T14:30:10+00:00 DEBUG (7):   Total:   1
2015-04-09T14:30:10+00:00 DEBUG (7): Starting Order Import process for store: Wholesale (2)
2015-04-09T14:50:02+00:00 DEBUG (7): Starting Order Import process for store: Admin (0)
2015-04-09T14:50:02+00:00 DEBUG (7): Starting Order Import process for store: International (3)
2015-04-09T14:50:02+00:00 DEBUG (7): Starting Order Import process for store: Retail (1)
2015-04-09T14:50:02+00:00 DEBUG (7): Starting Order Import process for store: Wholesale (2)
2015-04-09T15:00:02+00:00 DEBUG (7): Starting Order Import process for store: Admin (0)
2015-04-09T15:00:02+00:00 DEBUG (7): Starting Order Import process for store: International (3)
2015-04-09T15:00:02+00:00 DEBUG (7): Starting Order Import process for store: Retail (1)
2015-04-09T15:00:02+00:00 DEBUG (7): Starting Order Import process for store: Wholesale (2)
2015-04-09T15:15:02+00:00 DEBUG (7): Starting Order Import process for store: Admin (0)
2015-04-09T15:15:02+00:00 DEBUG (7): Starting Order Import process for store: International (3)
2015-04-09T15:15:02+00:00 DEBUG (7): Starting Order Import process for store: Retail (1)
2015-04-09T15:15:02+00:00 DEBUG (7): Starting Order Import process for store: Wholesale (2)
2015-04-09T15:15:02+00:00 DEBUG (7):  Importing: New, Pending Payment, Processing, Complete, Payment Review
2015-04-09T15:15:02+00:00 DEBUG (7):   Deleting: Closed, Canceled, On Hold
2015-04-09T15:15:02+00:00 DEBUG (7):   Processing Order ID: 41223 	 #250007449
2015-04-09T15:15:02+00:00 DEBUG (7):   Processing Order ID: 41224 	 #250007450
2015-04-09T15:15:04+00:00 DEBUG (7):   Successfully deleted order...
2015-04-09T15:15:04+00:00 DEBUG (7):   Processing Order ID: 41221 	 #250007447
2015-04-09T15:15:04+00:00 DEBUG (7):   Processing Order ID: 41222 	 #250007448
2015-04-09T15:15:04+00:00 DEBUG (7):   Processing Order ID: 41220 	 #250007446
2015-04-09T15:15:08+00:00 DEBUG (7):   Flush resulted in 4 orders processed
2015-04-09T15:15:08+00:00 DEBUG (7):   Success: 5
2015-04-09T15:15:08+00:00 DEBUG (7):   Error:   0
2015-04-09T15:15:08+00:00 DEBUG (7):   Total:   5
2015-04-09T15:30:02+00:00 DEBUG (7): Starting Order Import process for store: Admin (0)
2015-04-09T15:30:02+00:00 DEBUG (7): Starting Order Import process for store: International (3)
2015-04-09T15:30:02+00:00 DEBUG (7): Starting Order Import process for store: Retail (1)
2015-04-09T15:30:02+00:00 DEBUG (7):  Importing: New, Pending Payment, Processing, Complete, Payment Review
2015-04-09T15:30:02+00:00 DEBUG (7):   Deleting: Closed, Canceled, On Hold
2015-04-09T15:30:02+00:00 DEBUG (7):   Processing Order ID: 41217 	 #200034118
2015-04-09T15:30:03+00:00 DEBUG (7):   Processing Order ID: 41212 	 #200034114
2015-04-09T15:30:03+00:00 DEBUG (7):   Processing Order ID: 41219 	 #200034119
2015-04-09T15:30:03+00:00 DEBUG (7):   Processing Order ID: 41216 	 #200034117
2015-04-09T15:30:03+00:00 DEBUG (7):   Processing Order ID: 41215 	 #200034115
2015-04-09T15:30:03+00:00 DEBUG (7):   Processing Order ID: 41214 	 #200034116
2015-04-09T15:30:09+00:00 DEBUG (7):   Flush resulted in 6 orders processed
2015-04-09T15:30:09+00:00 DEBUG (7):   Success: 6
2015-04-09T15:30:09+00:00 DEBUG (7):   Error:   0
2015-04-09T15:30:09+00:00 DEBUG (7):   Total:   6
2015-04-09T15:30:09+00:00 DEBUG (7): Starting Order Import process for store: Wholesale (2)
2015-04-09T15:30:09+00:00 DEBUG (7):  Importing: New, Pending Payment, Processing, Complete, Payment Review
2015-04-09T15:30:09+00:00 DEBUG (7):   Deleting: Closed, Canceled, On Hold
2015-04-09T15:30:09+00:00 DEBUG (7):   Processing Order ID: 41223 	 #250007449
2015-04-09T15:30:09+00:00 DEBUG (7):   Processing Order ID: 41224 	 #250007450
2015-04-09T15:30:09+00:00 DEBUG (7):   Processing Order ID: 41221 	 #250007447
2015-04-09T15:30:09+00:00 DEBUG (7):   Processing Order ID: 41222 	 #250007448
2015-04-09T15:30:09+00:00 DEBUG (7):   Processing Order ID: 41220 	 #250007446
2015-04-09T15:30:17+00:00 DEBUG (7):   Flush resulted in 5 orders processed
2015-04-09T15:30:17+00:00 DEBUG (7):   Success: 5
2015-04-09T15:30:17+00:00 DEBUG (7):   Error:   0
2015-04-09T15:30:17+00:00 DEBUG (7):   Total:   5
2015-04-09T15:45:03+00:00 DEBUG (7): Starting Order Import process for store: Admin (0)
2015-04-09T15:45:03+00:00 DEBUG (7): Starting Order Import process for store: International (3)
2015-04-09T15:45:03+00:00 DEBUG (7): Starting Order Import process for store: Retail (1)
2015-04-09T15:45:03+00:00 DEBUG (7): Starting Order Import process for store: Wholesale (2)
2015-04-09T16:00:06+00:00 DEBUG (7): Starting Order Import process for store: Admin (0)
2015-04-09T16:00:06+00:00 DEBUG (7): Starting Order Import process for store: International (3)
2015-04-09T16:00:06+00:00 DEBUG (7): Starting Order Import process for store: Retail (1)
2015-04-09T16:00:06+00:00 DEBUG (7): Starting Order Import process for store: Wholesale (2)
2015-04-09T16:15:02+00:00 DEBUG (7): Starting Order Import process for store: Admin (0)
2015-04-09T16:15:02+00:00 DEBUG (7): Starting Order Import process for store: International (3)
2015-04-09T16:15:02+00:00 DEBUG (7): Starting Order Import process for store: Retail (1)
2015-04-09T16:15:02+00:00 DEBUG (7): Starting Order Import process for store: Wholesale (2)
2015-04-09T16:30:02+00:00 DEBUG (7): Starting Order Import process for store: Admin (0)
2015-04-09T16:30:02+00:00 DEBUG (7): Starting Order Import process for store: International (3)
2015-04-09T16:30:02+00:00 DEBUG (7): Starting Order Import process for store: Retail (1)
2015-04-09T16:30:02+00:00 DEBUG (7): Starting Order Import process for store: Wholesale (2)
2015-04-09T16:30:02+00:00 DEBUG (7):  Importing: New, Pending Payment, Processing, Complete, Payment Review
2015-04-09T16:30:02+00:00 DEBUG (7):   Deleting: Closed, Canceled, On Hold
2015-04-09T16:30:02+00:00 DEBUG (7):   Processing Order ID: 40978 	 #250007332
2015-04-09T16:30:02+00:00 DEBUG (7):   Processing Order ID: 40977 	 #250007331
2015-04-09T16:30:02+00:00 DEBUG (7):   Processing Order ID: 40976 	 #250007330
2015-04-09T16:30:02+00:00 DEBUG (7):   Processing Order ID: 40975 	 #250007329
2015-04-09T16:30:02+00:00 DEBUG (7):   Processing Order ID: 40982 	 #250007336
2015-04-09T16:30:02+00:00 DEBUG (7):   Processing Order ID: 40981 	 #250007335
2015-04-09T16:30:02+00:00 DEBUG (7):   Processing Order ID: 40980 	 #250007334
2015-04-09T16:30:02+00:00 DEBUG (7):   Processing Order ID: 40979 	 #250007333
2015-04-09T16:30:02+00:00 DEBUG (7):   Processing Order ID: 40985 	 #250007339
2015-04-09T16:30:02+00:00 DEBUG (7):   Processing Order ID: 40984 	 #250007338
2015-04-09T16:30:02+00:00 DEBUG (7):   Processing Order ID: 40983 	 #250007337
2015-04-09T16:30:02+00:00 DEBUG (7):   Processing Order ID: 40988 	 #250007342
2015-04-09T16:30:03+00:00 DEBUG (7):   Processing Order ID: 40987 	 #250007341
2015-04-09T16:30:03+00:00 DEBUG (7):   Processing Order ID: 40986 	 #250007340
2015-04-09T16:30:03+00:00 DEBUG (7):   Processing Order ID: 40991 	 #250007345
2015-04-09T16:30:03+00:00 DEBUG (7):   Processing Order ID: 40990 	 #250007344
2015-04-09T16:30:03+00:00 DEBUG (7):   Processing Order ID: 40989 	 #250007343
2015-04-09T16:30:03+00:00 DEBUG (7):   Processing Order ID: 40994 	 #250007348
2015-04-09T16:30:03+00:00 DEBUG (7):   Processing Order ID: 40992 	 #250007346
2015-04-09T16:30:03+00:00 DEBUG (7):   Processing Order ID: 40993 	 #250007347
2015-04-09T16:30:03+00:00 DEBUG (7):   Processing Order ID: 40997 	 #250007351
2015-04-09T16:30:03+00:00 DEBUG (7):   Processing Order ID: 40996 	 #250007350
2015-04-09T16:30:03+00:00 DEBUG (7):   Processing Order ID: 40995 	 #250007349
2015-04-09T16:30:03+00:00 DEBUG (7):   Processing Order ID: 41000 	 #250007354
2015-04-09T16:30:03+00:00 DEBUG (7):   Processing Order ID: 40999 	 #250007353
2015-04-09T16:30:03+00:00 DEBUG (7):   Processing Order ID: 40998 	 #250007352
2015-04-09T16:30:03+00:00 DEBUG (7):   Processing Order ID: 41002 	 #250007356
2015-04-09T16:30:03+00:00 DEBUG (7):   Processing Order ID: 41001 	 #250007355
2015-04-09T16:30:03+00:00 DEBUG (7):   Processing Order ID: 41084 	 #250007390
2015-04-09T16:30:03+00:00 DEBUG (7):   Processing Order ID: 41116 	 #250007395
2015-04-09T16:30:03+00:00 DEBUG (7):   Processing Order ID: 41118 	 #250007397
2015-04-09T16:30:03+00:00 DEBUG (7):   Processing Order ID: 41117 	 #250007396
2015-04-09T16:30:03+00:00 DEBUG (7):   Processing Order ID: 41121 	 #250007400
2015-04-09T16:30:03+00:00 DEBUG (7):   Processing Order ID: 41120 	 #250007399
2015-04-09T16:30:03+00:00 DEBUG (7):   Processing Order ID: 41119 	 #250007398
2015-04-09T16:30:03+00:00 DEBUG (7):   Processing Order ID: 41122 	 #250007401
2015-04-09T16:30:03+00:00 DEBUG (7):   Processing Order ID: 41126 	 #250007405
2015-04-09T16:30:03+00:00 DEBUG (7):   Processing Order ID: 41125 	 #250007404
2015-04-09T16:30:03+00:00 DEBUG (7):   Processing Order ID: 41127 	 #250007406
2015-04-09T16:30:03+00:00 DEBUG (7):   Processing Order ID: 41144 	 #250007409
2015-04-09T16:30:03+00:00 DEBUG (7):   Processing Order ID: 41145 	 #250007410
2015-04-09T16:30:03+00:00 DEBUG (7):   Processing Order ID: 41146 	 #250007411
2015-04-09T16:30:03+00:00 DEBUG (7):   Processing Order ID: 41198 	 #250007443
2015-04-09T16:30:03+00:00 DEBUG (7):   Processing Order ID: 41197 	 #250007442
2015-04-09T16:30:03+00:00 DEBUG (7):   Processing Order ID: 41199 	 #250007444
2015-04-09T16:30:04+00:00 DEBUG (7):   Processing Order ID: 41223 	 #250007449
2015-04-09T16:30:04+00:00 DEBUG (7):   Processing Order ID: 41224 	 #250007450
2015-04-09T16:30:04+00:00 DEBUG (7):   Processing Order ID: 41221 	 #250007447
2015-04-09T16:30:04+00:00 DEBUG (7):   Processing Order ID: 41222 	 #250007448
2015-04-09T16:30:04+00:00 DEBUG (7):   Processing Order ID: 41220 	 #250007446
2015-04-09T16:30:39+00:00 DEBUG (7):   Flush resulted in 50 orders processed
2015-04-09T16:30:39+00:00 DEBUG (7):   Success: 50
2015-04-09T16:30:39+00:00 DEBUG (7):   Error:   0
2015-04-09T16:30:39+00:00 DEBUG (7):   Total:   50
2015-04-09T16:50:02+00:00 DEBUG (7): Starting Order Import process for store: Admin (0)
2015-04-09T16:50:02+00:00 DEBUG (7): Starting Order Import process for store: International (3)
2015-04-09T16:50:02+00:00 DEBUG (7): Starting Order Import process for store: Retail (1)
2015-04-09T16:50:02+00:00 DEBUG (7): Starting Order Import process for store: Wholesale (2)
2015-04-09T16:50:02+00:00 DEBUG (7):  Importing: New, Pending Payment, Processing, Complete, Payment Review
2015-04-09T16:50:02+00:00 DEBUG (7):   Deleting: Closed, Canceled, On Hold
2015-04-09T16:50:02+00:00 DEBUG (7):   Processing Order ID: 41234 	 #250007460
2015-04-09T16:50:03+00:00 DEBUG (7):   Successfully deleted order...
2015-04-09T16:50:03+00:00 DEBUG (7):   Processing Order ID: 41232 	 #250007458
2015-04-09T16:50:03+00:00 DEBUG (7):   Successfully deleted order...
2015-04-09T16:50:03+00:00 DEBUG (7):   Processing Order ID: 41233 	 #250007459
2015-04-09T16:50:04+00:00 DEBUG (7):   Successfully deleted order...
2015-04-09T16:50:04+00:00 DEBUG (7):   Processing Order ID: 41230 	 #250007456
2015-04-09T16:50:04+00:00 DEBUG (7):   Successfully deleted order...
2015-04-09T16:50:04+00:00 DEBUG (7):   Processing Order ID: 41231 	 #250007457
2015-04-09T16:50:04+00:00 DEBUG (7):   Successfully deleted order...
2015-04-09T16:50:04+00:00 DEBUG (7):   Processing Order ID: 41229 	 #250007455
2015-04-09T16:50:04+00:00 DEBUG (7):   Successfully deleted order...
2015-04-09T16:50:04+00:00 DEBUG (7):   Processing Order ID: 41228 	 #250007454
2015-04-09T16:50:04+00:00 DEBUG (7):   Successfully deleted order...
2015-04-09T16:50:04+00:00 DEBUG (7):   Processing Order ID: 41227 	 #250007453
2015-04-09T16:50:04+00:00 DEBUG (7):   Successfully deleted order...
2015-04-09T16:50:04+00:00 DEBUG (7):   Processing Order ID: 41226 	 #250007452
2015-04-09T16:50:04+00:00 DEBUG (7):   Successfully deleted order...
2015-04-09T16:50:04+00:00 DEBUG (7):   Processing Order ID: 41225 	 #250007451
2015-04-09T16:50:05+00:00 DEBUG (7):   Successfully deleted order...
2015-04-09T16:50:05+00:00 DEBUG (7):   Success: 10
2015-04-09T16:50:05+00:00 DEBUG (7):   Error:   0
2015-04-09T16:50:05+00:00 DEBUG (7):   Total:   10
2015-04-09T17:00:02+00:00 DEBUG (7): Starting Order Import process for store: Admin (0)
2015-04-09T17:00:02+00:00 DEBUG (7): Starting Order Import process for store: International (3)
2015-04-09T17:00:02+00:00 DEBUG (7): Starting Order Import process for store: Retail (1)
2015-04-09T17:00:02+00:00 DEBUG (7): Starting Order Import process for store: Wholesale (2)
2015-04-09T17:15:02+00:00 DEBUG (7): Starting Order Import process for store: Admin (0)
2015-04-09T17:15:02+00:00 DEBUG (7): Starting Order Import process for store: International (3)
2015-04-09T17:15:02+00:00 DEBUG (7): Starting Order Import process for store: Retail (1)
2015-04-09T17:15:02+00:00 DEBUG (7): Starting Order Import process for store: Wholesale (2)
2015-04-09T17:30:02+00:00 DEBUG (7): Starting Order Import process for store: Admin (0)
2015-04-09T17:30:02+00:00 DEBUG (7): Starting Order Import process for store: International (3)
2015-04-09T17:30:02+00:00 DEBUG (7): Starting Order Import process for store: Retail (1)
2015-04-09T17:30:02+00:00 DEBUG (7): Starting Order Import process for store: Wholesale (2)
2015-04-09T17:45:02+00:00 DEBUG (7): Starting Order Import process for store: Admin (0)
2015-04-09T17:45:02+00:00 DEBUG (7): Starting Order Import process for store: International (3)
2015-04-09T17:45:02+00:00 DEBUG (7): Starting Order Import process for store: Retail (1)
2015-04-09T17:45:02+00:00 DEBUG (7): Starting Order Import process for store: Wholesale (2)
2015-04-09T17:45:02+00:00 DEBUG (7):  Importing: New, Pending Payment, Processing, Complete, Payment Review
2015-04-09T17:45:02+00:00 DEBUG (7):   Deleting: Closed, Canceled, On Hold
2015-04-09T17:45:02+00:00 DEBUG (7):   Processing Order ID: 41235 	 #250007461
2015-04-09T17:45:04+00:00 DEBUG (7):   Flush resulted in 1 orders processed
2015-04-09T17:45:04+00:00 DEBUG (7):   Success: 1
2015-04-09T17:45:04+00:00 DEBUG (7):   Error:   0
2015-04-09T17:45:04+00:00 DEBUG (7):   Total:   1
2015-04-09T18:00:02+00:00 DEBUG (7): Starting Order Import process for store: Admin (0)
2015-04-09T18:00:02+00:00 DEBUG (7): Starting Order Import process for store: International (3)
2015-04-09T18:00:02+00:00 DEBUG (7): Starting Order Import process for store: Retail (1)
2015-04-09T18:00:02+00:00 DEBUG (7): Starting Order Import process for store: Wholesale (2)
2015-04-09T18:15:02+00:00 DEBUG (7): Starting Order Import process for store: Admin (0)
2015-04-09T18:15:02+00:00 DEBUG (7): Starting Order Import process for store: International (3)
2015-04-09T18:15:02+00:00 DEBUG (7): Starting Order Import process for store: Retail (1)
2015-04-09T18:15:02+00:00 DEBUG (7): Starting Order Import process for store: Wholesale (2)
2015-04-09T18:30:02+00:00 DEBUG (7): Starting Order Import process for store: Admin (0)
2015-04-09T18:30:02+00:00 DEBUG (7): Starting Order Import process for store: International (3)
2015-04-09T18:30:02+00:00 DEBUG (7): Starting Order Import process for store: Retail (1)
2015-04-09T18:30:02+00:00 DEBUG (7): Starting Order Import process for store: Wholesale (2)
2015-04-09T18:30:02+00:00 DEBUG (7):  Importing: New, Pending Payment, Processing, Complete, Payment Review
2015-04-09T18:30:02+00:00 DEBUG (7):   Deleting: Closed, Canceled, On Hold
2015-04-09T18:30:02+00:00 DEBUG (7):   Processing Order ID: 41235 	 #250007461
2015-04-09T18:30:04+00:00 DEBUG (7):   Flush resulted in 1 orders processed
2015-04-09T18:30:04+00:00 DEBUG (7):   Success: 1
2015-04-09T18:30:04+00:00 DEBUG (7):   Error:   0
2015-04-09T18:30:04+00:00 DEBUG (7):   Total:   1
2015-04-09T18:50:02+00:00 DEBUG (7): Starting Order Import process for store: Admin (0)
2015-04-09T18:50:02+00:00 DEBUG (7): Starting Order Import process for store: International (3)
2015-04-09T18:50:02+00:00 DEBUG (7): Starting Order Import process for store: Retail (1)
2015-04-09T18:50:02+00:00 DEBUG (7): Starting Order Import process for store: Wholesale (2)
2015-04-09T19:00:02+00:00 DEBUG (7): Starting Order Import process for store: Admin (0)
2015-04-09T19:00:02+00:00 DEBUG (7): Starting Order Import process for store: International (3)
2015-04-09T19:00:02+00:00 DEBUG (7): Starting Order Import process for store: Retail (1)
2015-04-09T19:00:02+00:00 DEBUG (7):  Importing: New, Pending Payment, Processing, Complete, Payment Review
2015-04-09T19:00:02+00:00 DEBUG (7):   Deleting: Closed, Canceled, On Hold
2015-04-09T19:00:02+00:00 DEBUG (7):   Processing Order ID: 41236 	 #200034120
2015-04-09T19:00:03+00:00 DEBUG (7):   Flush resulted in 1 orders processed
2015-04-09T19:00:03+00:00 DEBUG (7):   Success: 1
2015-04-09T19:00:03+00:00 DEBUG (7):   Error:   0
2015-04-09T19:00:03+00:00 DEBUG (7):   Total:   1
2015-04-09T19:00:03+00:00 DEBUG (7): Starting Order Import process for store: Wholesale (2)
2015-04-09T19:15:02+00:00 DEBUG (7): Starting Order Import process for store: Admin (0)
2015-04-09T19:15:02+00:00 DEBUG (7): Starting Order Import process for store: International (3)
2015-04-09T19:15:02+00:00 DEBUG (7): Starting Order Import process for store: Retail (1)
2015-04-09T19:15:02+00:00 DEBUG (7): Starting Order Import process for store: Wholesale (2)
2015-04-09T19:30:03+00:00 DEBUG (7): Starting Order Import process for store: Admin (0)
2015-04-09T19:30:03+00:00 DEBUG (7): Starting Order Import process for store: International (3)
2015-04-09T19:30:03+00:00 DEBUG (7): Starting Order Import process for store: Retail (1)
2015-04-09T19:30:03+00:00 DEBUG (7): Starting Order Import process for store: Wholesale (2)
2015-04-09T19:45:02+00:00 DEBUG (7): Starting Order Import process for store: Admin (0)
2015-04-09T19:45:02+00:00 DEBUG (7): Starting Order Import process for store: International (3)
2015-04-09T19:45:02+00:00 DEBUG (7): Starting Order Import process for store: Retail (1)
2015-04-09T19:45:02+00:00 DEBUG (7): Starting Order Import process for store: Wholesale (2)
2015-04-09T20:05:02+00:00 DEBUG (7): Starting Order Import process for store: Admin (0)
2015-04-09T20:05:02+00:00 DEBUG (7): Starting Order Import process for store: International (3)
2015-04-09T20:05:02+00:00 DEBUG (7): Starting Order Import process for store: Retail (1)
2015-04-09T20:05:03+00:00 DEBUG (7):  Importing: New, Pending Payment, Processing, Complete, Payment Review
2015-04-09T20:05:03+00:00 DEBUG (7):   Deleting: Closed, Canceled, On Hold
2015-04-09T20:05:03+00:00 DEBUG (7):   Processing Order ID: 41236 	 #200034120
2015-04-09T20:05:04+00:00 DEBUG (7):   Flush resulted in 1 orders processed
2015-04-09T20:05:04+00:00 DEBUG (7):   Success: 1
2015-04-09T20:05:04+00:00 DEBUG (7):   Error:   0
2015-04-09T20:05:04+00:00 DEBUG (7):   Total:   1
2015-04-09T20:05:04+00:00 DEBUG (7): Starting Order Import process for store: Wholesale (2)
2015-04-09T20:15:02+00:00 DEBUG (7): Starting Order Import process for store: Admin (0)
2015-04-09T20:15:02+00:00 DEBUG (7): Starting Order Import process for store: International (3)
2015-04-09T20:15:02+00:00 DEBUG (7): Starting Order Import process for store: Retail (1)
2015-04-09T20:15:02+00:00 DEBUG (7): Starting Order Import process for store: Wholesale (2)
2015-04-09T20:30:02+00:00 DEBUG (7): Starting Order Import process for store: Admin (0)
2015-04-09T20:30:02+00:00 DEBUG (7): Starting Order Import process for store: International (3)
2015-04-09T20:30:02+00:00 DEBUG (7): Starting Order Import process for store: Retail (1)
2015-04-09T20:30:02+00:00 DEBUG (7): Starting Order Import process for store: Wholesale (2)
2015-04-09T20:30:02+00:00 DEBUG (7):  Importing: New, Pending Payment, Processing, Complete, Payment Review
2015-04-09T20:30:02+00:00 DEBUG (7):   Deleting: Closed, Canceled, On Hold
2015-04-09T20:30:02+00:00 DEBUG (7):   Processing Order ID: 41155 	 #250007414
2015-04-09T20:30:02+00:00 DEBUG (7):   Processing Order ID: 41154 	 #250007413
2015-04-09T20:30:04+00:00 DEBUG (7):   Flush resulted in 2 orders processed
2015-04-09T20:30:04+00:00 DEBUG (7):   Success: 2
2015-04-09T20:30:04+00:00 DEBUG (7):   Error:   0
2015-04-09T20:30:04+00:00 DEBUG (7):   Total:   2
2015-04-09T20:45:02+00:00 DEBUG (7): Starting Order Import process for store: Admin (0)
2015-04-09T20:45:02+00:00 DEBUG (7): Starting Order Import process for store: International (3)
2015-04-09T20:45:02+00:00 DEBUG (7): Starting Order Import process for store: Retail (1)
2015-04-09T20:45:02+00:00 DEBUG (7): Starting Order Import process for store: Wholesale (2)
2015-04-09T21:00:06+00:00 DEBUG (7): Starting Order Import process for store: Admin (0)
2015-04-09T21:00:06+00:00 DEBUG (7): Starting Order Import process for store: International (3)
2015-04-09T21:00:06+00:00 DEBUG (7): Starting Order Import process for store: Retail (1)
2015-04-09T21:00:06+00:00 DEBUG (7): Starting Order Import process for store: Wholesale (2)
2015-04-09T21:15:04+00:00 DEBUG (7): Starting Order Import process for store: Admin (0)
2015-04-09T21:15:04+00:00 DEBUG (7): Starting Order Import process for store: International (3)
2015-04-09T21:15:04+00:00 DEBUG (7): Starting Order Import process for store: Retail (1)
2015-04-09T21:15:04+00:00 DEBUG (7): Starting Order Import process for store: Wholesale (2)
2015-04-09T21:30:02+00:00 DEBUG (7): Starting Order Import process for store: Admin (0)
2015-04-09T21:30:02+00:00 DEBUG (7): Starting Order Import process for store: International (3)
2015-04-09T21:30:02+00:00 DEBUG (7): Starting Order Import process for store: Retail (1)
2015-04-09T21:30:02+00:00 DEBUG (7):  Importing: New, Pending Payment, Processing, Complete, Payment Review
2015-04-09T21:30:02+00:00 DEBUG (7):   Deleting: Closed, Canceled, On Hold
2015-04-09T21:30:02+00:00 DEBUG (7):   Processing Order ID: 41238 	 #200034121
2015-04-09T21:30:03+00:00 DEBUG (7):   Processing Order ID: 41237 	 #200034122
2015-04-09T21:30:05+00:00 DEBUG (7):   Flush resulted in 2 orders processed
2015-04-09T21:30:05+00:00 DEBUG (7):   Success: 2
2015-04-09T21:30:05+00:00 DEBUG (7):   Error:   0
2015-04-09T21:30:05+00:00 DEBUG (7):   Total:   2
2015-04-09T21:30:05+00:00 DEBUG (7): Starting Order Import process for store: Wholesale (2)
2015-04-09T21:45:02+00:00 DEBUG (7): Starting Order Import process for store: Admin (0)
2015-04-09T21:45:02+00:00 DEBUG (7): Starting Order Import process for store: International (3)
2015-04-09T21:45:02+00:00 DEBUG (7): Starting Order Import process for store: Retail (1)
2015-04-09T21:45:02+00:00 DEBUG (7): Starting Order Import process for store: Wholesale (2)
2015-04-09T22:00:02+00:00 DEBUG (7): Starting Order Import process for store: Admin (0)
2015-04-09T22:00:02+00:00 DEBUG (7): Starting Order Import process for store: International (3)
2015-04-09T22:00:02+00:00 DEBUG (7): Starting Order Import process for store: Retail (1)
2015-04-09T22:00:02+00:00 DEBUG (7): Starting Order Import process for store: Wholesale (2)
2015-04-09T22:20:02+00:00 DEBUG (7): Starting Order Import process for store: Admin (0)
2015-04-09T22:20:02+00:00 DEBUG (7): Starting Order Import process for store: International (3)
2015-04-09T22:20:02+00:00 DEBUG (7): Starting Order Import process for store: Retail (1)
2015-04-09T22:20:02+00:00 DEBUG (7): Starting Order Import process for store: Wholesale (2)
2015-04-09T22:30:03+00:00 DEBUG (7): Starting Order Import process for store: Admin (0)
2015-04-09T22:30:03+00:00 DEBUG (7): Starting Order Import process for store: International (3)
2015-04-09T22:30:03+00:00 DEBUG (7): Starting Order Import process for store: Retail (1)
2015-04-09T22:30:03+00:00 DEBUG (7): Starting Order Import process for store: Wholesale (2)
2015-04-09T22:45:02+00:00 DEBUG (7): Starting Order Import process for store: Admin (0)
2015-04-09T22:45:02+00:00 DEBUG (7): Starting Order Import process for store: International (3)
2015-04-09T22:45:02+00:00 DEBUG (7): Starting Order Import process for store: Retail (1)
2015-04-09T22:45:02+00:00 DEBUG (7):  Importing: New, Pending Payment, Processing, Complete, Payment Review
2015-04-09T22:45:02+00:00 DEBUG (7):   Deleting: Closed, Canceled, On Hold
2015-04-09T22:45:02+00:00 DEBUG (7):   Processing Order ID: 41239 	 #200034123
2015-04-09T22:45:05+00:00 DEBUG (7):   Flush resulted in 1 orders processed
2015-04-09T22:45:05+00:00 DEBUG (7):   Success: 1
2015-04-09T22:45:05+00:00 DEBUG (7):   Error:   0
2015-04-09T22:45:05+00:00 DEBUG (7):   Total:   1
2015-04-09T22:45:05+00:00 DEBUG (7): Starting Order Import process for store: Wholesale (2)
2015-04-09T23:00:03+00:00 DEBUG (7): Starting Order Import process for store: Admin (0)
2015-04-09T23:00:03+00:00 DEBUG (7): Starting Order Import process for store: International (3)
2015-04-09T23:00:03+00:00 DEBUG (7): Starting Order Import process for store: Retail (1)
2015-04-09T23:00:03+00:00 DEBUG (7): Starting Order Import process for store: Wholesale (2)
2015-04-09T23:15:02+00:00 DEBUG (7): Starting Order Import process for store: Admin (0)
2015-04-09T23:15:02+00:00 DEBUG (7): Starting Order Import process for store: International (3)
2015-04-09T23:15:02+00:00 DEBUG (7): Starting Order Import process for store: Retail (1)
2015-04-09T23:15:02+00:00 DEBUG (7): Starting Order Import process for store: Wholesale (2)
2015-04-09T23:30:02+00:00 DEBUG (7): Starting Order Import process for store: Admin (0)
2015-04-09T23:30:02+00:00 DEBUG (7): Starting Order Import process for store: International (3)
2015-04-09T23:30:02+00:00 DEBUG (7): Starting Order Import process for store: Retail (1)
2015-04-09T23:30:02+00:00 DEBUG (7): Starting Order Import process for store: Wholesale (2)
2015-04-09T23:45:02+00:00 DEBUG (7): Starting Order Import process for store: Admin (0)
2015-04-09T23:45:02+00:00 DEBUG (7): Starting Order Import process for store: International (3)
2015-04-09T23:45:02+00:00 DEBUG (7): Starting Order Import process for store: Retail (1)
2015-04-09T23:45:02+00:00 DEBUG (7): Starting Order Import process for store: Wholesale (2)
