2015-04-08T00:00:02+00:00 DEBUG (7): Starting Order Import process for store: Admin (0)
2015-04-08T00:00:02+00:00 DEBUG (7): Starting Order Import process for store: International (3)
2015-04-08T00:00:02+00:00 DEBUG (7): Starting Order Import process for store: Retail (1)
2015-04-08T00:00:02+00:00 DEBUG (7): Starting Order Import process for store: Wholesale (2)
2015-04-08T00:20:02+00:00 DEBUG (7): Starting Order Import process for store: Admin (0)
2015-04-08T00:20:02+00:00 DEBUG (7): Starting Order Import process for store: International (3)
2015-04-08T00:20:02+00:00 DEBUG (7): Starting Order Import process for store: Retail (1)
2015-04-08T00:20:02+00:00 DEBUG (7):  Importing: New, Pending Payment, Processing, Complete, Payment Review
2015-04-08T00:20:02+00:00 DEBUG (7):   Deleting: Closed, Canceled, On Hold
2015-04-08T00:20:02+00:00 DEBUG (7):   Processing Order ID: 41187 	 #200034093
2015-04-08T00:20:03+00:00 DEBUG (7):   Flush resulted in 1 orders processed
2015-04-08T00:20:03+00:00 DEBUG (7):   Success: 1
2015-04-08T00:20:03+00:00 DEBUG (7):   Error:   0
2015-04-08T00:20:03+00:00 DEBUG (7):   Total:   1
2015-04-08T00:20:03+00:00 DEBUG (7): Starting Order Import process for store: Wholesale (2)
2015-04-08T00:30:02+00:00 DEBUG (7): Starting Order Import process for store: Admin (0)
2015-04-08T00:30:02+00:00 DEBUG (7): Starting Order Import process for store: International (3)
2015-04-08T00:30:02+00:00 DEBUG (7): Starting Order Import process for store: Retail (1)
2015-04-08T00:30:02+00:00 DEBUG (7): Starting Order Import process for store: Wholesale (2)
2015-04-08T00:45:02+00:00 DEBUG (7): Starting Order Import process for store: Admin (0)
2015-04-08T00:45:02+00:00 DEBUG (7): Starting Order Import process for store: International (3)
2015-04-08T00:45:02+00:00 DEBUG (7): Starting Order Import process for store: Retail (1)
2015-04-08T00:45:02+00:00 DEBUG (7): Starting Order Import process for store: Wholesale (2)
2015-04-08T01:00:02+00:00 DEBUG (7): Starting Order Import process for store: Admin (0)
2015-04-08T01:00:02+00:00 DEBUG (7): Starting Order Import process for store: International (3)
2015-04-08T01:00:02+00:00 DEBUG (7): Starting Order Import process for store: Retail (1)
2015-04-08T01:00:02+00:00 DEBUG (7):  Importing: New, Pending Payment, Processing, Complete, Payment Review
2015-04-08T01:00:02+00:00 DEBUG (7):   Deleting: Closed, Canceled, On Hold
2015-04-08T01:00:02+00:00 DEBUG (7):   Processing Order ID: 41189 	 #200034095
2015-04-08T01:00:05+00:00 DEBUG (7):   Flush resulted in 1 orders processed
2015-04-08T01:00:05+00:00 DEBUG (7):   Success: 1
2015-04-08T01:00:05+00:00 DEBUG (7):   Error:   0
2015-04-08T01:00:05+00:00 DEBUG (7):   Total:   1
2015-04-08T01:00:05+00:00 DEBUG (7): Starting Order Import process for store: Wholesale (2)
2015-04-08T01:15:02+00:00 DEBUG (7): Starting Order Import process for store: Admin (0)
2015-04-08T01:15:02+00:00 DEBUG (7): Starting Order Import process for store: International (3)
2015-04-08T01:15:02+00:00 DEBUG (7): Starting Order Import process for store: Retail (1)
2015-04-08T01:15:02+00:00 DEBUG (7): Starting Order Import process for store: Wholesale (2)
2015-04-08T01:35:02+00:00 DEBUG (7): Starting Order Import process for store: Admin (0)
2015-04-08T01:35:02+00:00 DEBUG (7): Starting Order Import process for store: International (3)
2015-04-08T01:35:02+00:00 DEBUG (7): Starting Order Import process for store: Retail (1)
2015-04-08T01:35:02+00:00 DEBUG (7): Starting Order Import process for store: Wholesale (2)
2015-04-08T01:45:02+00:00 DEBUG (7): Starting Order Import process for store: Admin (0)
2015-04-08T01:45:02+00:00 DEBUG (7): Starting Order Import process for store: International (3)
2015-04-08T01:45:02+00:00 DEBUG (7): Starting Order Import process for store: Retail (1)
2015-04-08T01:45:02+00:00 DEBUG (7): Starting Order Import process for store: Wholesale (2)
2015-04-08T02:00:02+00:00 DEBUG (7): Starting Order Import process for store: Admin (0)
2015-04-08T02:00:02+00:00 DEBUG (7): Starting Order Import process for store: International (3)
2015-04-08T02:00:02+00:00 DEBUG (7): Starting Order Import process for store: Retail (1)
2015-04-08T02:00:02+00:00 DEBUG (7): Starting Order Import process for store: Wholesale (2)
2015-04-08T02:15:02+00:00 DEBUG (7): Starting Order Import process for store: Admin (0)
2015-04-08T02:15:02+00:00 DEBUG (7): Starting Order Import process for store: International (3)
2015-04-08T02:15:02+00:00 DEBUG (7): Starting Order Import process for store: Retail (1)
2015-04-08T02:15:02+00:00 DEBUG (7):  Importing: New, Pending Payment, Processing, Complete, Payment Review
2015-04-08T02:15:02+00:00 DEBUG (7):   Deleting: Closed, Canceled, On Hold
2015-04-08T02:15:02+00:00 DEBUG (7):   Processing Order ID: 41191 	 #200034097
2015-04-08T02:15:03+00:00 DEBUG (7):   Processing Order ID: 41190 	 #200034096
2015-04-08T02:15:07+00:00 DEBUG (7):   Flush resulted in 2 orders processed
2015-04-08T02:15:07+00:00 DEBUG (7):   Success: 2
2015-04-08T02:15:07+00:00 DEBUG (7):   Error:   0
2015-04-08T02:15:07+00:00 DEBUG (7):   Total:   2
2015-04-08T02:15:07+00:00 DEBUG (7): Starting Order Import process for store: Wholesale (2)
2015-04-08T02:30:02+00:00 DEBUG (7): Starting Order Import process for store: Admin (0)
2015-04-08T02:30:02+00:00 DEBUG (7): Starting Order Import process for store: International (3)
2015-04-08T02:30:02+00:00 DEBUG (7): Starting Order Import process for store: Retail (1)
2015-04-08T02:30:02+00:00 DEBUG (7): Starting Order Import process for store: Wholesale (2)
2015-04-08T02:45:02+00:00 DEBUG (7): Starting Order Import process for store: Admin (0)
2015-04-08T02:45:02+00:00 DEBUG (7): Starting Order Import process for store: International (3)
2015-04-08T02:45:02+00:00 DEBUG (7): Starting Order Import process for store: Retail (1)
2015-04-08T02:45:02+00:00 DEBUG (7): Starting Order Import process for store: Wholesale (2)
2015-04-08T03:00:02+00:00 DEBUG (7): Starting Order Import process for store: Admin (0)
2015-04-08T03:00:02+00:00 DEBUG (7): Starting Order Import process for store: International (3)
2015-04-08T03:00:02+00:00 DEBUG (7): Starting Order Import process for store: Retail (1)
2015-04-08T03:00:02+00:00 DEBUG (7): Starting Order Import process for store: Wholesale (2)
2015-04-08T03:15:02+00:00 DEBUG (7): Starting Order Import process for store: Admin (0)
2015-04-08T03:15:02+00:00 DEBUG (7): Starting Order Import process for store: International (3)
2015-04-08T03:15:02+00:00 DEBUG (7): Starting Order Import process for store: Retail (1)
2015-04-08T03:15:02+00:00 DEBUG (7): Starting Order Import process for store: Wholesale (2)
2015-04-08T03:30:03+00:00 DEBUG (7): Starting Order Import process for store: Admin (0)
2015-04-08T03:30:03+00:00 DEBUG (7): Starting Order Import process for store: International (3)
2015-04-08T03:30:03+00:00 DEBUG (7): Starting Order Import process for store: Retail (1)
2015-04-08T03:30:03+00:00 DEBUG (7): Starting Order Import process for store: Wholesale (2)
2015-04-08T03:45:02+00:00 DEBUG (7): Starting Order Import process for store: Admin (0)
2015-04-08T03:45:02+00:00 DEBUG (7): Starting Order Import process for store: International (3)
2015-04-08T03:45:02+00:00 DEBUG (7): Starting Order Import process for store: Retail (1)
2015-04-08T03:45:02+00:00 DEBUG (7): Starting Order Import process for store: Wholesale (2)
2015-04-08T04:00:02+00:00 DEBUG (7): Starting Order Import process for store: Admin (0)
2015-04-08T04:00:02+00:00 DEBUG (7): Starting Order Import process for store: International (3)
2015-04-08T04:00:02+00:00 DEBUG (7): Starting Order Import process for store: Retail (1)
2015-04-08T04:00:02+00:00 DEBUG (7): Starting Order Import process for store: Wholesale (2)
2015-04-08T04:15:03+00:00 DEBUG (7): Starting Order Import process for store: Admin (0)
2015-04-08T04:15:03+00:00 DEBUG (7): Starting Order Import process for store: International (3)
2015-04-08T04:15:03+00:00 DEBUG (7): Starting Order Import process for store: Retail (1)
2015-04-08T04:15:03+00:00 DEBUG (7):  Importing: New, Pending Payment, Processing, Complete, Payment Review
2015-04-08T04:15:03+00:00 DEBUG (7):   Deleting: Closed, Canceled, On Hold
2015-04-08T04:15:03+00:00 DEBUG (7):   Processing Order ID: 41193 	 #200034099
2015-04-08T04:15:06+00:00 DEBUG (7):   Flush resulted in 1 orders processed
2015-04-08T04:15:06+00:00 DEBUG (7):   Success: 1
2015-04-08T04:15:06+00:00 DEBUG (7):   Error:   0
2015-04-08T04:15:06+00:00 DEBUG (7):   Total:   1
2015-04-08T04:15:06+00:00 DEBUG (7): Starting Order Import process for store: Wholesale (2)
2015-04-08T04:30:02+00:00 DEBUG (7): Starting Order Import process for store: Admin (0)
2015-04-08T04:30:02+00:00 DEBUG (7): Starting Order Import process for store: International (3)
2015-04-08T04:30:02+00:00 DEBUG (7): Starting Order Import process for store: Retail (1)
2015-04-08T04:30:02+00:00 DEBUG (7): Starting Order Import process for store: Wholesale (2)
2015-04-08T04:45:02+00:00 DEBUG (7): Starting Order Import process for store: Admin (0)
2015-04-08T04:45:02+00:00 DEBUG (7): Starting Order Import process for store: International (3)
2015-04-08T04:45:02+00:00 DEBUG (7): Starting Order Import process for store: Retail (1)
2015-04-08T04:45:02+00:00 DEBUG (7): Starting Order Import process for store: Wholesale (2)
2015-04-08T05:05:03+00:00 DEBUG (7): Starting Order Import process for store: Admin (0)
2015-04-08T05:05:03+00:00 DEBUG (7): Starting Order Import process for store: International (3)
2015-04-08T05:05:03+00:00 DEBUG (7): Starting Order Import process for store: Retail (1)
2015-04-08T05:05:03+00:00 DEBUG (7): Starting Order Import process for store: Wholesale (2)
2015-04-08T05:15:02+00:00 DEBUG (7): Starting Order Import process for store: Admin (0)
2015-04-08T05:15:02+00:00 DEBUG (7): Starting Order Import process for store: International (3)
2015-04-08T05:15:02+00:00 DEBUG (7): Starting Order Import process for store: Retail (1)
2015-04-08T05:15:02+00:00 DEBUG (7): Starting Order Import process for store: Wholesale (2)
2015-04-08T05:30:02+00:00 DEBUG (7): Starting Order Import process for store: Admin (0)
2015-04-08T05:30:02+00:00 DEBUG (7): Starting Order Import process for store: International (3)
2015-04-08T05:30:02+00:00 DEBUG (7): Starting Order Import process for store: Retail (1)
2015-04-08T05:30:02+00:00 DEBUG (7): Starting Order Import process for store: Wholesale (2)
2015-04-08T05:45:02+00:00 DEBUG (7): Starting Order Import process for store: Admin (0)
2015-04-08T05:45:02+00:00 DEBUG (7): Starting Order Import process for store: International (3)
2015-04-08T05:45:02+00:00 DEBUG (7): Starting Order Import process for store: Retail (1)
2015-04-08T05:45:02+00:00 DEBUG (7): Starting Order Import process for store: Wholesale (2)
2015-04-08T06:00:02+00:00 DEBUG (7): Starting Order Import process for store: Admin (0)
2015-04-08T06:00:02+00:00 DEBUG (7): Starting Order Import process for store: International (3)
2015-04-08T06:00:02+00:00 DEBUG (7): Starting Order Import process for store: Retail (1)
2015-04-08T06:00:02+00:00 DEBUG (7): Starting Order Import process for store: Wholesale (2)
2015-04-08T06:15:02+00:00 DEBUG (7): Starting Order Import process for store: Admin (0)
2015-04-08T06:15:02+00:00 DEBUG (7): Starting Order Import process for store: International (3)
2015-04-08T06:15:02+00:00 DEBUG (7): Starting Order Import process for store: Retail (1)
2015-04-08T06:15:02+00:00 DEBUG (7): Starting Order Import process for store: Wholesale (2)
2015-04-08T06:30:02+00:00 DEBUG (7): Starting Order Import process for store: Admin (0)
2015-04-08T06:30:02+00:00 DEBUG (7): Starting Order Import process for store: International (3)
2015-04-08T06:30:02+00:00 DEBUG (7): Starting Order Import process for store: Retail (1)
2015-04-08T06:30:02+00:00 DEBUG (7): Starting Order Import process for store: Wholesale (2)
2015-04-08T06:50:02+00:00 DEBUG (7): Starting Order Import process for store: Admin (0)
2015-04-08T06:50:02+00:00 DEBUG (7): Starting Order Import process for store: International (3)
2015-04-08T06:50:02+00:00 DEBUG (7): Starting Order Import process for store: Retail (1)
2015-04-08T06:50:02+00:00 DEBUG (7): Starting Order Import process for store: Wholesale (2)
2015-04-08T07:05:11+00:00 DEBUG (7): Starting Order Import process for store: Admin (0)
2015-04-08T07:05:11+00:00 DEBUG (7): Starting Order Import process for store: International (3)
2015-04-08T07:05:11+00:00 DEBUG (7): Starting Order Import process for store: Retail (1)
2015-04-08T07:05:11+00:00 DEBUG (7):  Importing: New, Pending Payment, Processing, Complete, Payment Review
2015-04-08T07:05:11+00:00 DEBUG (7):   Deleting: Closed, Canceled, On Hold
2015-04-08T07:05:11+00:00 DEBUG (7):   Processing Order ID: 41194 	 #200034100
2015-04-08T07:05:12+00:00 DEBUG (7):   Flush resulted in 1 orders processed
2015-04-08T07:05:12+00:00 DEBUG (7):   Success: 1
2015-04-08T07:05:12+00:00 DEBUG (7):   Error:   0
2015-04-08T07:05:12+00:00 DEBUG (7):   Total:   1
2015-04-08T07:05:12+00:00 DEBUG (7): Starting Order Import process for store: Wholesale (2)
2015-04-08T07:15:02+00:00 DEBUG (7): Starting Order Import process for store: Admin (0)
2015-04-08T07:15:02+00:00 DEBUG (7): Starting Order Import process for store: International (3)
2015-04-08T07:15:02+00:00 DEBUG (7): Starting Order Import process for store: Retail (1)
2015-04-08T07:15:02+00:00 DEBUG (7): Starting Order Import process for store: Wholesale (2)
2015-04-08T07:30:03+00:00 DEBUG (7): Starting Order Import process for store: Admin (0)
2015-04-08T07:30:03+00:00 DEBUG (7): Starting Order Import process for store: International (3)
2015-04-08T07:30:03+00:00 DEBUG (7): Starting Order Import process for store: Retail (1)
2015-04-08T07:30:03+00:00 DEBUG (7): Starting Order Import process for store: Wholesale (2)
2015-04-08T07:45:02+00:00 DEBUG (7): Starting Order Import process for store: Admin (0)
2015-04-08T07:45:02+00:00 DEBUG (7): Starting Order Import process for store: International (3)
2015-04-08T07:45:02+00:00 DEBUG (7): Starting Order Import process for store: Retail (1)
2015-04-08T07:45:02+00:00 DEBUG (7): Starting Order Import process for store: Wholesale (2)
2015-04-08T08:00:29+00:00 DEBUG (7): Starting Order Import process for store: Admin (0)
2015-04-08T08:00:29+00:00 DEBUG (7): Starting Order Import process for store: International (3)
2015-04-08T08:00:29+00:00 DEBUG (7): Starting Order Import process for store: Retail (1)
2015-04-08T08:00:29+00:00 DEBUG (7): Starting Order Import process for store: Wholesale (2)
2015-04-08T08:20:02+00:00 DEBUG (7): Starting Order Import process for store: Admin (0)
2015-04-08T08:20:02+00:00 DEBUG (7): Starting Order Import process for store: International (3)
2015-04-08T08:20:02+00:00 DEBUG (7): Starting Order Import process for store: Retail (1)
2015-04-08T08:20:02+00:00 DEBUG (7): Starting Order Import process for store: Wholesale (2)
2015-04-08T08:30:02+00:00 DEBUG (7): Starting Order Import process for store: Admin (0)
2015-04-08T08:30:02+00:00 DEBUG (7): Starting Order Import process for store: International (3)
2015-04-08T08:30:02+00:00 DEBUG (7): Starting Order Import process for store: Retail (1)
2015-04-08T08:30:02+00:00 DEBUG (7): Starting Order Import process for store: Wholesale (2)
2015-04-08T08:45:02+00:00 DEBUG (7): Starting Order Import process for store: Admin (0)
2015-04-08T08:45:02+00:00 DEBUG (7): Starting Order Import process for store: International (3)
2015-04-08T08:45:02+00:00 DEBUG (7): Starting Order Import process for store: Retail (1)
2015-04-08T08:45:02+00:00 DEBUG (7): Starting Order Import process for store: Wholesale (2)
2015-04-08T09:00:07+00:00 DEBUG (7): Starting Order Import process for store: Admin (0)
2015-04-08T09:00:07+00:00 DEBUG (7): Starting Order Import process for store: International (3)
2015-04-08T09:00:07+00:00 DEBUG (7): Starting Order Import process for store: Retail (1)
2015-04-08T09:00:07+00:00 DEBUG (7): Starting Order Import process for store: Wholesale (2)
2015-04-08T09:15:02+00:00 DEBUG (7): Starting Order Import process for store: Admin (0)
2015-04-08T09:15:02+00:00 DEBUG (7): Starting Order Import process for store: International (3)
2015-04-08T09:15:02+00:00 DEBUG (7): Starting Order Import process for store: Retail (1)
2015-04-08T09:15:02+00:00 DEBUG (7): Starting Order Import process for store: Wholesale (2)
2015-04-08T09:30:02+00:00 DEBUG (7): Starting Order Import process for store: Admin (0)
2015-04-08T09:30:02+00:00 DEBUG (7): Starting Order Import process for store: International (3)
2015-04-08T09:30:02+00:00 DEBUG (7): Starting Order Import process for store: Retail (1)
2015-04-08T09:30:02+00:00 DEBUG (7): Starting Order Import process for store: Wholesale (2)
2015-04-08T09:45:02+00:00 DEBUG (7): Starting Order Import process for store: Admin (0)
2015-04-08T09:45:02+00:00 DEBUG (7): Starting Order Import process for store: International (3)
2015-04-08T09:45:02+00:00 DEBUG (7): Starting Order Import process for store: Retail (1)
2015-04-08T09:45:02+00:00 DEBUG (7): Starting Order Import process for store: Wholesale (2)
2015-04-08T10:05:02+00:00 DEBUG (7): Starting Order Import process for store: Admin (0)
2015-04-08T10:05:02+00:00 DEBUG (7): Starting Order Import process for store: International (3)
2015-04-08T10:05:02+00:00 DEBUG (7): Starting Order Import process for store: Retail (1)
2015-04-08T10:05:02+00:00 DEBUG (7): Starting Order Import process for store: Wholesale (2)
2015-04-08T10:15:02+00:00 DEBUG (7): Starting Order Import process for store: Admin (0)
2015-04-08T10:15:02+00:00 DEBUG (7): Starting Order Import process for store: International (3)
2015-04-08T10:15:02+00:00 DEBUG (7): Starting Order Import process for store: Retail (1)
2015-04-08T10:15:02+00:00 DEBUG (7): Starting Order Import process for store: Wholesale (2)
2015-04-08T10:30:02+00:00 DEBUG (7): Starting Order Import process for store: Admin (0)
2015-04-08T10:30:02+00:00 DEBUG (7): Starting Order Import process for store: International (3)
2015-04-08T10:30:02+00:00 DEBUG (7): Starting Order Import process for store: Retail (1)
2015-04-08T10:30:02+00:00 DEBUG (7): Starting Order Import process for store: Wholesale (2)
2015-04-08T10:45:02+00:00 DEBUG (7): Starting Order Import process for store: Admin (0)
2015-04-08T10:45:02+00:00 DEBUG (7): Starting Order Import process for store: International (3)
2015-04-08T10:45:02+00:00 DEBUG (7): Starting Order Import process for store: Retail (1)
2015-04-08T10:45:02+00:00 DEBUG (7): Starting Order Import process for store: Wholesale (2)
2015-04-08T11:00:02+00:00 DEBUG (7): Starting Order Import process for store: Admin (0)
2015-04-08T11:00:02+00:00 DEBUG (7): Starting Order Import process for store: International (3)
2015-04-08T11:00:02+00:00 DEBUG (7): Starting Order Import process for store: Retail (1)
2015-04-08T11:00:02+00:00 DEBUG (7): Starting Order Import process for store: Wholesale (2)
2015-04-08T11:15:02+00:00 DEBUG (7): Starting Order Import process for store: Admin (0)
2015-04-08T11:15:02+00:00 DEBUG (7): Starting Order Import process for store: International (3)
2015-04-08T11:15:02+00:00 DEBUG (7): Starting Order Import process for store: Retail (1)
2015-04-08T11:15:02+00:00 DEBUG (7): Starting Order Import process for store: Wholesale (2)
2015-04-08T11:30:02+00:00 DEBUG (7): Starting Order Import process for store: Admin (0)
2015-04-08T11:30:02+00:00 DEBUG (7): Starting Order Import process for store: International (3)
2015-04-08T11:30:02+00:00 DEBUG (7): Starting Order Import process for store: Retail (1)
2015-04-08T11:30:02+00:00 DEBUG (7): Starting Order Import process for store: Wholesale (2)
2015-04-08T11:45:02+00:00 DEBUG (7): Starting Order Import process for store: Admin (0)
2015-04-08T11:45:02+00:00 DEBUG (7): Starting Order Import process for store: International (3)
2015-04-08T11:45:02+00:00 DEBUG (7): Starting Order Import process for store: Retail (1)
2015-04-08T11:45:02+00:00 DEBUG (7): Starting Order Import process for store: Wholesale (2)
2015-04-08T12:05:04+00:00 DEBUG (7): Starting Order Import process for store: Admin (0)
2015-04-08T12:05:04+00:00 DEBUG (7): Starting Order Import process for store: International (3)
2015-04-08T12:05:04+00:00 DEBUG (7): Starting Order Import process for store: Retail (1)
2015-04-08T12:05:04+00:00 DEBUG (7): Starting Order Import process for store: Wholesale (2)
2015-04-08T12:15:02+00:00 DEBUG (7): Starting Order Import process for store: Admin (0)
2015-04-08T12:15:02+00:00 DEBUG (7): Starting Order Import process for store: International (3)
2015-04-08T12:15:02+00:00 DEBUG (7): Starting Order Import process for store: Retail (1)
2015-04-08T12:15:02+00:00 DEBUG (7): Starting Order Import process for store: Wholesale (2)
2015-04-08T12:30:02+00:00 DEBUG (7): Starting Order Import process for store: Admin (0)
2015-04-08T12:30:02+00:00 DEBUG (7): Starting Order Import process for store: International (3)
2015-04-08T12:30:02+00:00 DEBUG (7): Starting Order Import process for store: Retail (1)
2015-04-08T12:30:02+00:00 DEBUG (7): Starting Order Import process for store: Wholesale (2)
2015-04-08T12:45:02+00:00 DEBUG (7): Starting Order Import process for store: Admin (0)
2015-04-08T12:45:02+00:00 DEBUG (7): Starting Order Import process for store: International (3)
2015-04-08T12:45:02+00:00 DEBUG (7): Starting Order Import process for store: Retail (1)
2015-04-08T12:45:02+00:00 DEBUG (7): Starting Order Import process for store: Wholesale (2)
2015-04-08T13:00:02+00:00 DEBUG (7): Starting Order Import process for store: Admin (0)
2015-04-08T13:00:02+00:00 DEBUG (7): Starting Order Import process for store: International (3)
2015-04-08T13:00:02+00:00 DEBUG (7): Starting Order Import process for store: Retail (1)
2015-04-08T13:00:02+00:00 DEBUG (7): Starting Order Import process for store: Wholesale (2)
2015-04-08T13:15:02+00:00 DEBUG (7): Starting Order Import process for store: Admin (0)
2015-04-08T13:15:02+00:00 DEBUG (7): Starting Order Import process for store: International (3)
2015-04-08T13:15:02+00:00 DEBUG (7): Starting Order Import process for store: Retail (1)
2015-04-08T13:15:02+00:00 DEBUG (7): Starting Order Import process for store: Wholesale (2)
2015-04-08T13:30:02+00:00 DEBUG (7): Starting Order Import process for store: Admin (0)
2015-04-08T13:30:02+00:00 DEBUG (7): Starting Order Import process for store: International (3)
2015-04-08T13:30:02+00:00 DEBUG (7): Starting Order Import process for store: Retail (1)
2015-04-08T13:30:02+00:00 DEBUG (7):  Importing: New, Pending Payment, Processing, Complete, Payment Review
2015-04-08T13:30:02+00:00 DEBUG (7):   Deleting: Closed, Canceled, On Hold
2015-04-08T13:30:02+00:00 DEBUG (7):   Processing Order ID: 41195 	 #200034101
2015-04-08T13:30:04+00:00 DEBUG (7):   Flush resulted in 1 orders processed
2015-04-08T13:30:04+00:00 DEBUG (7):   Success: 1
2015-04-08T13:30:04+00:00 DEBUG (7):   Error:   0
2015-04-08T13:30:04+00:00 DEBUG (7):   Total:   1
2015-04-08T13:30:04+00:00 DEBUG (7): Starting Order Import process for store: Wholesale (2)
2015-04-08T13:45:02+00:00 DEBUG (7): Starting Order Import process for store: Admin (0)
2015-04-08T13:45:02+00:00 DEBUG (7): Starting Order Import process for store: International (3)
2015-04-08T13:45:02+00:00 DEBUG (7): Starting Order Import process for store: Retail (1)
2015-04-08T13:45:02+00:00 DEBUG (7): Starting Order Import process for store: Wholesale (2)
2015-04-08T14:00:02+00:00 DEBUG (7): Starting Order Import process for store: Admin (0)
2015-04-08T14:00:02+00:00 DEBUG (7): Starting Order Import process for store: International (3)
2015-04-08T14:00:02+00:00 DEBUG (7): Starting Order Import process for store: Retail (1)
2015-04-08T14:00:02+00:00 DEBUG (7):  Importing: New, Pending Payment, Processing, Complete, Payment Review
2015-04-08T14:00:02+00:00 DEBUG (7):   Deleting: Closed, Canceled, On Hold
2015-04-08T14:00:02+00:00 DEBUG (7):   Processing Order ID: 41196 	 #200034102
2015-04-08T14:00:04+00:00 DEBUG (7):   Flush resulted in 1 orders processed
2015-04-08T14:00:04+00:00 DEBUG (7):   Success: 1
2015-04-08T14:00:04+00:00 DEBUG (7):   Error:   0
2015-04-08T14:00:04+00:00 DEBUG (7):   Total:   1
2015-04-08T14:00:04+00:00 DEBUG (7): Starting Order Import process for store: Wholesale (2)
2015-04-08T14:15:02+00:00 DEBUG (7): Starting Order Import process for store: Admin (0)
2015-04-08T14:15:02+00:00 DEBUG (7): Starting Order Import process for store: International (3)
2015-04-08T14:15:02+00:00 DEBUG (7): Starting Order Import process for store: Retail (1)
2015-04-08T14:15:02+00:00 DEBUG (7): Starting Order Import process for store: Wholesale (2)
2015-04-08T14:30:02+00:00 DEBUG (7): Starting Order Import process for store: Admin (0)
2015-04-08T14:30:02+00:00 DEBUG (7): Starting Order Import process for store: International (3)
2015-04-08T14:30:02+00:00 DEBUG (7): Starting Order Import process for store: Retail (1)
2015-04-08T14:30:02+00:00 DEBUG (7): Starting Order Import process for store: Wholesale (2)
2015-04-08T14:45:02+00:00 DEBUG (7): Starting Order Import process for store: Admin (0)
2015-04-08T14:45:02+00:00 DEBUG (7): Starting Order Import process for store: International (3)
2015-04-08T14:45:02+00:00 DEBUG (7): Starting Order Import process for store: Retail (1)
2015-04-08T14:45:02+00:00 DEBUG (7): Starting Order Import process for store: Wholesale (2)
2015-04-08T15:00:02+00:00 DEBUG (7): Starting Order Import process for store: Admin (0)
2015-04-08T15:00:02+00:00 DEBUG (7): Starting Order Import process for store: International (3)
2015-04-08T15:00:02+00:00 DEBUG (7): Starting Order Import process for store: Retail (1)
2015-04-08T15:00:02+00:00 DEBUG (7): Starting Order Import process for store: Wholesale (2)
2015-04-08T15:15:02+00:00 DEBUG (7): Starting Order Import process for store: Admin (0)
2015-04-08T15:15:02+00:00 DEBUG (7): Starting Order Import process for store: International (3)
2015-04-08T15:15:02+00:00 DEBUG (7): Starting Order Import process for store: Retail (1)
2015-04-08T15:15:02+00:00 DEBUG (7): Starting Order Import process for store: Wholesale (2)
2015-04-08T15:15:02+00:00 DEBUG (7):  Importing: New, Pending Payment, Processing, Complete, Payment Review
2015-04-08T15:15:02+00:00 DEBUG (7):   Deleting: Closed, Canceled, On Hold
2015-04-08T15:15:02+00:00 DEBUG (7):   Processing Order ID: 41199 	 #250007444
2015-04-08T15:15:02+00:00 DEBUG (7):   Processing Order ID: 41197 	 #250007442
2015-04-08T15:15:03+00:00 DEBUG (7):   Processing Order ID: 41198 	 #250007443
2015-04-08T15:15:06+00:00 DEBUG (7):   Flush resulted in 3 orders processed
2015-04-08T15:15:06+00:00 DEBUG (7):   Success: 3
2015-04-08T15:15:06+00:00 DEBUG (7):   Error:   0
2015-04-08T15:15:06+00:00 DEBUG (7):   Total:   3
2015-04-08T15:30:02+00:00 DEBUG (7): Starting Order Import process for store: Admin (0)
2015-04-08T15:30:02+00:00 DEBUG (7): Starting Order Import process for store: International (3)
2015-04-08T15:30:02+00:00 DEBUG (7): Starting Order Import process for store: Retail (1)
2015-04-08T15:30:02+00:00 DEBUG (7):  Importing: New, Pending Payment, Processing, Complete, Payment Review
2015-04-08T15:30:02+00:00 DEBUG (7):   Deleting: Closed, Canceled, On Hold
2015-04-08T15:30:02+00:00 DEBUG (7):   Processing Order ID: 41195 	 #200034101
2015-04-08T15:30:02+00:00 DEBUG (7):   Processing Order ID: 41191 	 #200034097
2015-04-08T15:30:02+00:00 DEBUG (7):   Processing Order ID: 41190 	 #200034096
2015-04-08T15:30:03+00:00 DEBUG (7):   Processing Order ID: 41189 	 #200034095
2015-04-08T15:30:03+00:00 DEBUG (7):   Processing Order ID: 41196 	 #200034102
2015-04-08T15:30:03+00:00 DEBUG (7):   Processing Order ID: 41193 	 #200034099
2015-04-08T15:30:03+00:00 DEBUG (7):   Processing Order ID: 41187 	 #200034093
2015-04-08T15:30:07+00:00 DEBUG (7):   Flush resulted in 7 orders processed
2015-04-08T15:30:07+00:00 DEBUG (7):   Success: 7
2015-04-08T15:30:07+00:00 DEBUG (7):   Error:   0
2015-04-08T15:30:07+00:00 DEBUG (7):   Total:   7
2015-04-08T15:30:07+00:00 DEBUG (7): Starting Order Import process for store: Wholesale (2)
2015-04-08T15:50:02+00:00 DEBUG (7): Starting Order Import process for store: Admin (0)
2015-04-08T15:50:02+00:00 DEBUG (7): Starting Order Import process for store: International (3)
2015-04-08T15:50:02+00:00 DEBUG (7): Starting Order Import process for store: Retail (1)
2015-04-08T15:50:02+00:00 DEBUG (7):  Importing: New, Pending Payment, Processing, Complete, Payment Review
2015-04-08T15:50:02+00:00 DEBUG (7):   Deleting: Closed, Canceled, On Hold
2015-04-08T15:50:02+00:00 DEBUG (7):   Processing Order ID: 41194 	 #200034100
2015-04-08T15:50:04+00:00 DEBUG (7):   Flush resulted in 1 orders processed
2015-04-08T15:50:04+00:00 DEBUG (7):   Success: 1
2015-04-08T15:50:04+00:00 DEBUG (7):   Error:   0
2015-04-08T15:50:04+00:00 DEBUG (7):   Total:   1
2015-04-08T15:50:04+00:00 DEBUG (7): Starting Order Import process for store: Wholesale (2)
2015-04-08T15:50:04+00:00 DEBUG (7):  Importing: New, Pending Payment, Processing, Complete, Payment Review
2015-04-08T15:50:04+00:00 DEBUG (7):   Deleting: Closed, Canceled, On Hold
2015-04-08T15:50:04+00:00 DEBUG (7):   Processing Order ID: 41084 	 #250007390
2015-04-08T15:50:04+00:00 DEBUG (7):   Processing Order ID: 41197 	 #250007442
2015-04-08T15:50:04+00:00 DEBUG (7):   Processing Order ID: 41199 	 #250007444
2015-04-08T15:50:04+00:00 DEBUG (7):   Processing Order ID: 41198 	 #250007443
2015-04-08T15:50:06+00:00 DEBUG (7):   Flush resulted in 4 orders processed
2015-04-08T15:50:06+00:00 DEBUG (7):   Success: 4
2015-04-08T15:50:06+00:00 DEBUG (7):   Error:   0
2015-04-08T15:50:06+00:00 DEBUG (7):   Total:   4
2015-04-08T16:00:02+00:00 DEBUG (7): Starting Order Import process for store: Admin (0)
2015-04-08T16:00:02+00:00 DEBUG (7): Starting Order Import process for store: International (3)
2015-04-08T16:00:02+00:00 DEBUG (7): Starting Order Import process for store: Retail (1)
2015-04-08T16:00:02+00:00 DEBUG (7): Starting Order Import process for store: Wholesale (2)
2015-04-08T16:15:04+00:00 DEBUG (7): Starting Order Import process for store: Admin (0)
2015-04-08T16:15:04+00:00 DEBUG (7): Starting Order Import process for store: International (3)
2015-04-08T16:15:04+00:00 DEBUG (7): Starting Order Import process for store: Retail (1)
2015-04-08T16:15:04+00:00 DEBUG (7):  Importing: New, Pending Payment, Processing, Complete, Payment Review
2015-04-08T16:15:04+00:00 DEBUG (7):   Deleting: Closed, Canceled, On Hold
2015-04-08T16:15:04+00:00 DEBUG (7):   Processing Order ID: 41200 	 #200034103
2015-04-08T16:15:05+00:00 DEBUG (7):   Flush resulted in 1 orders processed
2015-04-08T16:15:05+00:00 DEBUG (7):   Success: 1
2015-04-08T16:15:05+00:00 DEBUG (7):   Error:   0
2015-04-08T16:15:05+00:00 DEBUG (7):   Total:   1
2015-04-08T16:15:05+00:00 DEBUG (7): Starting Order Import process for store: Wholesale (2)
2015-04-08T16:30:03+00:00 DEBUG (7): Starting Order Import process for store: Admin (0)
2015-04-08T16:30:03+00:00 DEBUG (7): Starting Order Import process for store: International (3)
2015-04-08T16:30:03+00:00 DEBUG (7): Starting Order Import process for store: Retail (1)
2015-04-08T16:30:03+00:00 DEBUG (7): Starting Order Import process for store: Wholesale (2)
2015-04-08T16:30:03+00:00 DEBUG (7):  Importing: New, Pending Payment, Processing, Complete, Payment Review
2015-04-08T16:30:03+00:00 DEBUG (7):   Deleting: Closed, Canceled, On Hold
2015-04-08T16:30:03+00:00 DEBUG (7):   Processing Order ID: 41199 	 #250007444
2015-04-08T16:30:03+00:00 DEBUG (7):   Processing Order ID: 41197 	 #250007442
2015-04-08T16:30:04+00:00 DEBUG (7):   Processing Order ID: 41198 	 #250007443
2015-04-08T16:30:06+00:00 DEBUG (7):   Flush resulted in 3 orders processed
2015-04-08T16:30:06+00:00 DEBUG (7):   Success: 3
2015-04-08T16:30:06+00:00 DEBUG (7):   Error:   0
2015-04-08T16:30:06+00:00 DEBUG (7):   Total:   3
2015-04-08T16:45:02+00:00 DEBUG (7): Starting Order Import process for store: Admin (0)
2015-04-08T16:45:02+00:00 DEBUG (7): Starting Order Import process for store: International (3)
2015-04-08T16:45:02+00:00 DEBUG (7): Starting Order Import process for store: Retail (1)
2015-04-08T16:45:02+00:00 DEBUG (7):  Importing: New, Pending Payment, Processing, Complete, Payment Review
2015-04-08T16:45:02+00:00 DEBUG (7):   Deleting: Closed, Canceled, On Hold
2015-04-08T16:45:03+00:00 DEBUG (7):   Processing Order ID: 41200 	 #200034103
2015-04-08T16:45:06+00:00 DEBUG (7):   Flush resulted in 1 orders processed
2015-04-08T16:45:06+00:00 DEBUG (7):   Success: 1
2015-04-08T16:45:06+00:00 DEBUG (7):   Error:   0
2015-04-08T16:45:06+00:00 DEBUG (7):   Total:   1
2015-04-08T16:45:06+00:00 DEBUG (7): Starting Order Import process for store: Wholesale (2)
2015-04-08T16:45:06+00:00 DEBUG (7):  Importing: New, Pending Payment, Processing, Complete, Payment Review
2015-04-08T16:45:06+00:00 DEBUG (7):   Deleting: Closed, Canceled, On Hold
2015-04-08T16:45:06+00:00 DEBUG (7):   Processing Order ID: 41084 	 #250007390
2015-04-08T16:45:07+00:00 DEBUG (7):   Flush resulted in 1 orders processed
2015-04-08T16:45:07+00:00 DEBUG (7):   Success: 1
2015-04-08T16:45:07+00:00 DEBUG (7):   Error:   0
2015-04-08T16:45:07+00:00 DEBUG (7):   Total:   1
2015-04-08T17:00:03+00:00 DEBUG (7): Starting Order Import process for store: Admin (0)
2015-04-08T17:00:03+00:00 DEBUG (7): Starting Order Import process for store: International (3)
2015-04-08T17:00:03+00:00 DEBUG (7):  Importing: New, Pending Payment, Processing, Complete, Payment Review
2015-04-08T17:00:03+00:00 DEBUG (7):   Deleting: Closed, Canceled, On Hold
2015-04-08T17:00:03+00:00 DEBUG (7):   Processing Order ID: 41151 	 #300000269
2015-04-08T17:00:05+00:00 DEBUG (7):   Flush resulted in 1 orders processed
2015-04-08T17:00:05+00:00 DEBUG (7):   Success: 1
2015-04-08T17:00:05+00:00 DEBUG (7):   Error:   0
2015-04-08T17:00:05+00:00 DEBUG (7):   Total:   1
2015-04-08T17:00:05+00:00 DEBUG (7): Starting Order Import process for store: Retail (1)
2015-04-08T17:00:05+00:00 DEBUG (7):  Importing: New, Pending Payment, Processing, Complete, Payment Review
2015-04-08T17:00:05+00:00 DEBUG (7):   Deleting: Closed, Canceled, On Hold
2015-04-08T17:00:05+00:00 DEBUG (7):   Processing Order ID: 41201 	 #200034104
2015-04-08T17:00:06+00:00 DEBUG (7):   Flush resulted in 1 orders processed
2015-04-08T17:00:06+00:00 DEBUG (7):   Success: 1
2015-04-08T17:00:06+00:00 DEBUG (7):   Error:   0
2015-04-08T17:00:06+00:00 DEBUG (7):   Total:   1
2015-04-08T17:00:06+00:00 DEBUG (7): Starting Order Import process for store: Wholesale (2)
2015-04-08T17:15:02+00:00 DEBUG (7): Starting Order Import process for store: Admin (0)
2015-04-08T17:15:02+00:00 DEBUG (7): Starting Order Import process for store: International (3)
2015-04-08T17:15:02+00:00 DEBUG (7): Starting Order Import process for store: Retail (1)
2015-04-08T17:15:02+00:00 DEBUG (7): Starting Order Import process for store: Wholesale (2)
2015-04-08T17:30:02+00:00 DEBUG (7): Starting Order Import process for store: Admin (0)
2015-04-08T17:30:02+00:00 DEBUG (7): Starting Order Import process for store: International (3)
2015-04-08T17:30:02+00:00 DEBUG (7): Starting Order Import process for store: Retail (1)
2015-04-08T17:30:02+00:00 DEBUG (7): Starting Order Import process for store: Wholesale (2)
2015-04-08T17:45:02+00:00 DEBUG (7): Starting Order Import process for store: Admin (0)
2015-04-08T17:45:02+00:00 DEBUG (7): Starting Order Import process for store: International (3)
2015-04-08T17:45:02+00:00 DEBUG (7): Starting Order Import process for store: Retail (1)
2015-04-08T17:45:02+00:00 DEBUG (7):  Importing: New, Pending Payment, Processing, Complete, Payment Review
2015-04-08T17:45:02+00:00 DEBUG (7):   Deleting: Closed, Canceled, On Hold
2015-04-08T17:45:02+00:00 DEBUG (7):   Processing Order ID: 41202 	 #200034105
2015-04-08T17:45:04+00:00 DEBUG (7):   Flush resulted in 1 orders processed
2015-04-08T17:45:04+00:00 DEBUG (7):   Success: 1
2015-04-08T17:45:04+00:00 DEBUG (7):   Error:   0
2015-04-08T17:45:04+00:00 DEBUG (7):   Total:   1
2015-04-08T17:45:04+00:00 DEBUG (7): Starting Order Import process for store: Wholesale (2)
2015-04-08T18:00:02+00:00 DEBUG (7): Starting Order Import process for store: Admin (0)
2015-04-08T18:00:02+00:00 DEBUG (7): Starting Order Import process for store: International (3)
2015-04-08T18:00:02+00:00 DEBUG (7): Starting Order Import process for store: Retail (1)
2015-04-08T18:00:03+00:00 DEBUG (7):  Importing: New, Pending Payment, Processing, Complete, Payment Review
2015-04-08T18:00:03+00:00 DEBUG (7):   Deleting: Closed, Canceled, On Hold
2015-04-08T18:00:03+00:00 DEBUG (7):   Processing Order ID: 41203 	 #200034107
2015-04-08T18:00:04+00:00 DEBUG (7):   Flush resulted in 1 orders processed
2015-04-08T18:00:04+00:00 ERR (3): [113] For `BloomingBath.com`:`Retail`: There was an error reading your query results. Please try your request again shortly. (Order #: 200034107)
2015-04-08T18:00:04+00:00 DEBUG (7):   Success: 0
2015-04-08T18:00:04+00:00 DEBUG (7):   Error:   1
2015-04-08T18:00:04+00:00 DEBUG (7):   Total:   1
2015-04-08T18:00:04+00:00 DEBUG (7): Starting Order Import process for store: Wholesale (2)
2015-04-08T18:15:03+00:00 DEBUG (7): Starting Order Import process for store: Admin (0)
2015-04-08T18:15:03+00:00 DEBUG (7): Starting Order Import process for store: International (3)
2015-04-08T18:15:03+00:00 DEBUG (7): Starting Order Import process for store: Retail (1)
2015-04-08T18:15:03+00:00 DEBUG (7):  Importing: New, Pending Payment, Processing, Complete, Payment Review
2015-04-08T18:15:03+00:00 DEBUG (7):   Deleting: Closed, Canceled, On Hold
2015-04-08T18:15:03+00:00 DEBUG (7):   Processing Order ID: 41204 	 #200034106
2015-04-08T18:15:05+00:00 DEBUG (7):   Flush resulted in 1 orders processed
2015-04-08T18:15:05+00:00 DEBUG (7):   Success: 1
2015-04-08T18:15:05+00:00 DEBUG (7):   Error:   0
2015-04-08T18:15:05+00:00 DEBUG (7):   Total:   1
2015-04-08T18:15:05+00:00 DEBUG (7): Starting Order Import process for store: Wholesale (2)
2015-04-08T18:30:02+00:00 DEBUG (7): Starting Order Import process for store: Admin (0)
2015-04-08T18:30:02+00:00 DEBUG (7): Starting Order Import process for store: International (3)
2015-04-08T18:30:02+00:00 DEBUG (7): Starting Order Import process for store: Retail (1)
2015-04-08T18:30:02+00:00 DEBUG (7): Starting Order Import process for store: Wholesale (2)
2015-04-08T18:45:02+00:00 DEBUG (7): Starting Order Import process for store: Admin (0)
2015-04-08T18:45:02+00:00 DEBUG (7): Starting Order Import process for store: International (3)
2015-04-08T18:45:02+00:00 DEBUG (7): Starting Order Import process for store: Retail (1)
2015-04-08T18:45:02+00:00 DEBUG (7): Starting Order Import process for store: Wholesale (2)
2015-04-08T19:00:02+00:00 DEBUG (7): Starting Order Import process for store: Admin (0)
2015-04-08T19:00:02+00:00 DEBUG (7): Starting Order Import process for store: International (3)
2015-04-08T19:00:02+00:00 DEBUG (7):  Importing: New, Pending Payment, Processing, Complete, Payment Review
2015-04-08T19:00:02+00:00 DEBUG (7):   Deleting: Closed, Canceled, On Hold
2015-04-08T19:00:02+00:00 DEBUG (7):   Processing Order ID: 41151 	 #300000269
2015-04-08T19:00:05+00:00 DEBUG (7):   Flush resulted in 1 orders processed
2015-04-08T19:00:05+00:00 DEBUG (7):   Success: 1
2015-04-08T19:00:05+00:00 DEBUG (7):   Error:   0
2015-04-08T19:00:05+00:00 DEBUG (7):   Total:   1
2015-04-08T19:00:05+00:00 DEBUG (7): Starting Order Import process for store: Retail (1)
2015-04-08T19:00:05+00:00 DEBUG (7):  Importing: New, Pending Payment, Processing, Complete, Payment Review
2015-04-08T19:00:05+00:00 DEBUG (7):   Deleting: Closed, Canceled, On Hold
2015-04-08T19:00:05+00:00 DEBUG (7):   Processing Order ID: 41206 	 #200034109
2015-04-08T19:00:05+00:00 DEBUG (7):   Processing Order ID: 41205 	 #200034108
2015-04-08T19:00:05+00:00 DEBUG (7):   Processing Order ID: 41204 	 #200034106
2015-04-08T19:00:05+00:00 DEBUG (7):   Processing Order ID: 41202 	 #200034105
2015-04-08T19:00:06+00:00 DEBUG (7):   Processing Order ID: 41201 	 #200034104
2015-04-08T19:00:06+00:00 DEBUG (7):   Processing Order ID: 41141 	 #200034083
2015-04-08T19:00:12+00:00 DEBUG (7):   Flush resulted in 6 orders processed
2015-04-08T19:00:12+00:00 DEBUG (7):   Success: 6
2015-04-08T19:00:12+00:00 DEBUG (7):   Error:   0
2015-04-08T19:00:12+00:00 DEBUG (7):   Total:   6
2015-04-08T19:00:12+00:00 DEBUG (7): Starting Order Import process for store: Wholesale (2)
2015-04-08T19:20:02+00:00 DEBUG (7): Starting Order Import process for store: Admin (0)
2015-04-08T19:20:02+00:00 DEBUG (7): Starting Order Import process for store: International (3)
2015-04-08T19:20:02+00:00 DEBUG (7): Starting Order Import process for store: Retail (1)
2015-04-08T19:20:02+00:00 DEBUG (7): Starting Order Import process for store: Wholesale (2)
2015-04-08T19:30:03+00:00 DEBUG (7): Starting Order Import process for store: Admin (0)
2015-04-08T19:30:03+00:00 DEBUG (7): Starting Order Import process for store: International (3)
2015-04-08T19:30:03+00:00 DEBUG (7): Starting Order Import process for store: Retail (1)
2015-04-08T19:30:03+00:00 DEBUG (7): Starting Order Import process for store: Wholesale (2)
2015-04-08T19:45:02+00:00 DEBUG (7): Starting Order Import process for store: Admin (0)
2015-04-08T19:45:02+00:00 DEBUG (7): Starting Order Import process for store: International (3)
2015-04-08T19:45:02+00:00 DEBUG (7): Starting Order Import process for store: Retail (1)
2015-04-08T19:45:02+00:00 DEBUG (7):  Importing: New, Pending Payment, Processing, Complete, Payment Review
2015-04-08T19:45:02+00:00 DEBUG (7):   Deleting: Closed, Canceled, On Hold
2015-04-08T19:45:02+00:00 DEBUG (7):   Processing Order ID: 41207 	 #200034110
2015-04-08T19:45:04+00:00 DEBUG (7):   Flush resulted in 1 orders processed
2015-04-08T19:45:04+00:00 DEBUG (7):   Success: 1
2015-04-08T19:45:04+00:00 DEBUG (7):   Error:   0
2015-04-08T19:45:04+00:00 DEBUG (7):   Total:   1
2015-04-08T19:45:04+00:00 DEBUG (7): Starting Order Import process for store: Wholesale (2)
2015-04-08T20:00:05+00:00 DEBUG (7): Starting Order Import process for store: Admin (0)
2015-04-08T20:00:05+00:00 DEBUG (7): Starting Order Import process for store: International (3)
2015-04-08T20:00:05+00:00 DEBUG (7): Starting Order Import process for store: Retail (1)
2015-04-08T20:00:05+00:00 DEBUG (7): Starting Order Import process for store: Wholesale (2)
2015-04-08T20:15:02+00:00 DEBUG (7): Starting Order Import process for store: Admin (0)
2015-04-08T20:15:02+00:00 DEBUG (7): Starting Order Import process for store: International (3)
2015-04-08T20:15:02+00:00 DEBUG (7): Starting Order Import process for store: Retail (1)
2015-04-08T20:15:02+00:00 DEBUG (7):  Importing: New, Pending Payment, Processing, Complete, Payment Review
2015-04-08T20:15:02+00:00 DEBUG (7):   Deleting: Closed, Canceled, On Hold
2015-04-08T20:15:02+00:00 DEBUG (7):   Processing Order ID: 41207 	 #200034110
2015-04-08T20:15:03+00:00 DEBUG (7):   Processing Order ID: 41208 	 #200034111
2015-04-08T20:15:03+00:00 DEBUG (7):   Processing Order ID: 41206 	 #200034109
2015-04-08T20:15:03+00:00 DEBUG (7):   Processing Order ID: 41205 	 #200034108
2015-04-08T20:15:05+00:00 DEBUG (7):   Flush resulted in 4 orders processed
2015-04-08T20:15:05+00:00 DEBUG (7):   Success: 4
2015-04-08T20:15:05+00:00 DEBUG (7):   Error:   0
2015-04-08T20:15:05+00:00 DEBUG (7):   Total:   4
2015-04-08T20:15:05+00:00 DEBUG (7): Starting Order Import process for store: Wholesale (2)
2015-04-08T20:30:06+00:00 DEBUG (7): Starting Order Import process for store: Admin (0)
2015-04-08T20:30:06+00:00 DEBUG (7): Starting Order Import process for store: International (3)
2015-04-08T20:30:06+00:00 DEBUG (7): Starting Order Import process for store: Retail (1)
2015-04-08T20:30:06+00:00 DEBUG (7):  Importing: New, Pending Payment, Processing, Complete, Payment Review
2015-04-08T20:30:06+00:00 DEBUG (7):   Deleting: Closed, Canceled, On Hold
2015-04-08T20:30:06+00:00 DEBUG (7):   Processing Order ID: 41208 	 #200034111
2015-04-08T20:30:07+00:00 DEBUG (7):   Flush resulted in 1 orders processed
2015-04-08T20:30:07+00:00 DEBUG (7):   Success: 1
2015-04-08T20:30:07+00:00 DEBUG (7):   Error:   0
2015-04-08T20:30:07+00:00 DEBUG (7):   Total:   1
2015-04-08T20:30:07+00:00 DEBUG (7): Starting Order Import process for store: Wholesale (2)
2015-04-08T20:45:02+00:00 DEBUG (7): Starting Order Import process for store: Admin (0)
2015-04-08T20:45:02+00:00 DEBUG (7): Starting Order Import process for store: International (3)
2015-04-08T20:45:02+00:00 DEBUG (7): Starting Order Import process for store: Retail (1)
2015-04-08T20:45:02+00:00 DEBUG (7): Starting Order Import process for store: Wholesale (2)
2015-04-08T21:00:03+00:00 DEBUG (7): Starting Order Import process for store: Admin (0)
2015-04-08T21:00:03+00:00 DEBUG (7): Starting Order Import process for store: International (3)
2015-04-08T21:00:03+00:00 DEBUG (7): Starting Order Import process for store: Retail (1)
2015-04-08T21:00:03+00:00 DEBUG (7):  Importing: New, Pending Payment, Processing, Complete, Payment Review
2015-04-08T21:00:03+00:00 DEBUG (7):   Deleting: Closed, Canceled, On Hold
2015-04-08T21:00:03+00:00 DEBUG (7):   Processing Order ID: 41210 	 #200034113
2015-04-08T21:00:03+00:00 DEBUG (7):   Processing Order ID: 41209 	 #200034112
2015-04-08T21:00:05+00:00 DEBUG (7):   Flush resulted in 2 orders processed
2015-04-08T21:00:05+00:00 DEBUG (7):   Success: 2
2015-04-08T21:00:05+00:00 DEBUG (7):   Error:   0
2015-04-08T21:00:05+00:00 DEBUG (7):   Total:   2
2015-04-08T21:00:05+00:00 DEBUG (7): Starting Order Import process for store: Wholesale (2)
2015-04-08T21:15:02+00:00 DEBUG (7): Starting Order Import process for store: Admin (0)
2015-04-08T21:15:02+00:00 DEBUG (7): Starting Order Import process for store: International (3)
2015-04-08T21:15:02+00:00 DEBUG (7): Starting Order Import process for store: Retail (1)
2015-04-08T21:15:02+00:00 DEBUG (7): Starting Order Import process for store: Wholesale (2)
2015-04-08T21:30:02+00:00 DEBUG (7): Starting Order Import process for store: Admin (0)
2015-04-08T21:30:02+00:00 DEBUG (7): Starting Order Import process for store: International (3)
2015-04-08T21:30:02+00:00 DEBUG (7): Starting Order Import process for store: Retail (1)
2015-04-08T21:30:02+00:00 DEBUG (7):  Importing: New, Pending Payment, Processing, Complete, Payment Review
2015-04-08T21:30:02+00:00 DEBUG (7):   Deleting: Closed, Canceled, On Hold
2015-04-08T21:30:02+00:00 DEBUG (7):   Processing Order ID: 41210 	 #200034113
2015-04-08T21:30:02+00:00 DEBUG (7):   Processing Order ID: 41209 	 #200034112
2015-04-08T21:30:05+00:00 DEBUG (7):   Flush resulted in 2 orders processed
2015-04-08T21:30:05+00:00 DEBUG (7):   Success: 2
2015-04-08T21:30:05+00:00 DEBUG (7):   Error:   0
2015-04-08T21:30:05+00:00 DEBUG (7):   Total:   2
2015-04-08T21:30:05+00:00 DEBUG (7): Starting Order Import process for store: Wholesale (2)
2015-04-08T21:30:05+00:00 DEBUG (7):  Importing: New, Pending Payment, Processing, Complete, Payment Review
2015-04-08T21:30:05+00:00 DEBUG (7):   Deleting: Closed, Canceled, On Hold
2015-04-08T21:30:05+00:00 DEBUG (7):   Processing Order ID: 41211 	 #250007445
2015-04-08T21:30:06+00:00 DEBUG (7):   Flush resulted in 1 orders processed
2015-04-08T21:30:06+00:00 DEBUG (7):   Success: 1
2015-04-08T21:30:06+00:00 DEBUG (7):   Error:   0
2015-04-08T21:30:06+00:00 DEBUG (7):   Total:   1
2015-04-08T21:45:02+00:00 DEBUG (7): Starting Order Import process for store: Admin (0)
2015-04-08T21:45:02+00:00 DEBUG (7): Starting Order Import process for store: International (3)
2015-04-08T21:45:02+00:00 DEBUG (7): Starting Order Import process for store: Retail (1)
2015-04-08T21:45:02+00:00 DEBUG (7): Starting Order Import process for store: Wholesale (2)
2015-04-08T22:00:03+00:00 DEBUG (7): Starting Order Import process for store: Admin (0)
2015-04-08T22:00:03+00:00 DEBUG (7): Starting Order Import process for store: International (3)
2015-04-08T22:00:03+00:00 DEBUG (7): Starting Order Import process for store: Retail (1)
2015-04-08T22:00:03+00:00 DEBUG (7): Starting Order Import process for store: Wholesale (2)
2015-04-08T22:15:03+00:00 DEBUG (7): Starting Order Import process for store: Admin (0)
2015-04-08T22:15:03+00:00 DEBUG (7): Starting Order Import process for store: International (3)
2015-04-08T22:15:03+00:00 DEBUG (7): Starting Order Import process for store: Retail (1)
2015-04-08T22:15:03+00:00 DEBUG (7): Starting Order Import process for store: Wholesale (2)
2015-04-08T22:30:02+00:00 DEBUG (7): Starting Order Import process for store: Admin (0)
2015-04-08T22:30:02+00:00 DEBUG (7): Starting Order Import process for store: International (3)
2015-04-08T22:30:02+00:00 DEBUG (7): Starting Order Import process for store: Retail (1)
2015-04-08T22:30:02+00:00 DEBUG (7): Starting Order Import process for store: Wholesale (2)
2015-04-08T22:45:02+00:00 DEBUG (7): Starting Order Import process for store: Admin (0)
2015-04-08T22:45:02+00:00 DEBUG (7): Starting Order Import process for store: International (3)
2015-04-08T22:45:02+00:00 DEBUG (7): Starting Order Import process for store: Retail (1)
2015-04-08T22:45:02+00:00 DEBUG (7): Starting Order Import process for store: Wholesale (2)
2015-04-08T23:00:02+00:00 DEBUG (7): Starting Order Import process for store: Admin (0)
2015-04-08T23:00:02+00:00 DEBUG (7): Starting Order Import process for store: International (3)
2015-04-08T23:00:02+00:00 DEBUG (7): Starting Order Import process for store: Retail (1)
2015-04-08T23:00:02+00:00 DEBUG (7): Starting Order Import process for store: Wholesale (2)
2015-04-08T23:15:02+00:00 DEBUG (7): Starting Order Import process for store: Admin (0)
2015-04-08T23:15:02+00:00 DEBUG (7): Starting Order Import process for store: International (3)
2015-04-08T23:15:02+00:00 DEBUG (7): Starting Order Import process for store: Retail (1)
2015-04-08T23:15:02+00:00 DEBUG (7): Starting Order Import process for store: Wholesale (2)
2015-04-08T23:35:02+00:00 DEBUG (7): Starting Order Import process for store: Admin (0)
2015-04-08T23:35:02+00:00 DEBUG (7): Starting Order Import process for store: International (3)
2015-04-08T23:35:02+00:00 DEBUG (7): Starting Order Import process for store: Retail (1)
2015-04-08T23:35:02+00:00 DEBUG (7): Starting Order Import process for store: Wholesale (2)
2015-04-08T23:45:02+00:00 DEBUG (7): Starting Order Import process for store: Admin (0)
2015-04-08T23:45:02+00:00 DEBUG (7): Starting Order Import process for store: International (3)
2015-04-08T23:45:02+00:00 DEBUG (7): Starting Order Import process for store: Retail (1)
2015-04-08T23:45:02+00:00 DEBUG (7): Starting Order Import process for store: Wholesale (2)
