2015-04-11T00:05:02+00:00 DEBUG (7): Starting Order Import process for store: Admin (0)
2015-04-11T00:05:02+00:00 DEBUG (7): Starting Order Import process for store: International (3)
2015-04-11T00:05:02+00:00 DEBUG (7): Starting Order Import process for store: Retail (1)
2015-04-11T00:05:02+00:00 DEBUG (7):  Importing: New, Pending Payment, Processing, Complete, Payment Review
2015-04-11T00:05:02+00:00 DEBUG (7):   Deleting: Closed, Canceled, On Hold
2015-04-11T00:05:02+00:00 DEBUG (7):   Processing Order ID: 41265 	 #200034140
2015-04-11T00:05:03+00:00 DEBUG (7):   Flush resulted in 1 orders processed
2015-04-11T00:05:03+00:00 DEBUG (7):   Success: 1
2015-04-11T00:05:03+00:00 DEBUG (7):   Error:   0
2015-04-11T00:05:03+00:00 DEBUG (7):   Total:   1
2015-04-11T00:05:03+00:00 DEBUG (7): Starting Order Import process for store: Wholesale (2)
2015-04-11T00:15:02+00:00 DEBUG (7): Starting Order Import process for store: Admin (0)
2015-04-11T00:15:02+00:00 DEBUG (7): Starting Order Import process for store: International (3)
2015-04-11T00:15:02+00:00 DEBUG (7): Starting Order Import process for store: Retail (1)
2015-04-11T00:15:02+00:00 DEBUG (7): Starting Order Import process for store: Wholesale (2)
2015-04-11T00:30:02+00:00 DEBUG (7): Starting Order Import process for store: Admin (0)
2015-04-11T00:30:02+00:00 DEBUG (7): Starting Order Import process for store: International (3)
2015-04-11T00:30:02+00:00 DEBUG (7): Starting Order Import process for store: Retail (1)
2015-04-11T00:30:02+00:00 DEBUG (7): Starting Order Import process for store: Wholesale (2)
2015-04-11T00:45:02+00:00 DEBUG (7): Starting Order Import process for store: Admin (0)
2015-04-11T00:45:02+00:00 DEBUG (7): Starting Order Import process for store: International (3)
2015-04-11T00:45:02+00:00 DEBUG (7): Starting Order Import process for store: Retail (1)
2015-04-11T00:45:02+00:00 DEBUG (7): Starting Order Import process for store: Wholesale (2)
2015-04-11T01:00:03+00:00 DEBUG (7): Starting Order Import process for store: Admin (0)
2015-04-11T01:00:03+00:00 DEBUG (7): Starting Order Import process for store: International (3)
2015-04-11T01:00:03+00:00 DEBUG (7): Starting Order Import process for store: Retail (1)
2015-04-11T01:00:03+00:00 DEBUG (7): Starting Order Import process for store: Wholesale (2)
2015-04-11T01:15:02+00:00 DEBUG (7): Starting Order Import process for store: Admin (0)
2015-04-11T01:15:02+00:00 DEBUG (7): Starting Order Import process for store: International (3)
2015-04-11T01:15:02+00:00 DEBUG (7): Starting Order Import process for store: Retail (1)
2015-04-11T01:15:02+00:00 DEBUG (7):  Importing: New, Pending Payment, Processing, Complete, Payment Review
2015-04-11T01:15:02+00:00 DEBUG (7):   Deleting: Closed, Canceled, On Hold
2015-04-11T01:15:02+00:00 DEBUG (7):   Processing Order ID: 41266 	 #200034142
2015-04-11T01:15:04+00:00 DEBUG (7):   Flush resulted in 1 orders processed
2015-04-11T01:15:04+00:00 DEBUG (7):   Success: 1
2015-04-11T01:15:04+00:00 DEBUG (7):   Error:   0
2015-04-11T01:15:04+00:00 DEBUG (7):   Total:   1
2015-04-11T01:15:04+00:00 DEBUG (7): Starting Order Import process for store: Wholesale (2)
2015-04-11T01:35:02+00:00 DEBUG (7): Starting Order Import process for store: Admin (0)
2015-04-11T01:35:02+00:00 DEBUG (7): Starting Order Import process for store: International (3)
2015-04-11T01:35:02+00:00 DEBUG (7): Starting Order Import process for store: Retail (1)
2015-04-11T01:35:02+00:00 DEBUG (7): Starting Order Import process for store: Wholesale (2)
2015-04-11T01:45:02+00:00 DEBUG (7): Starting Order Import process for store: Admin (0)
2015-04-11T01:45:02+00:00 DEBUG (7): Starting Order Import process for store: International (3)
2015-04-11T01:45:02+00:00 DEBUG (7): Starting Order Import process for store: Retail (1)
2015-04-11T01:45:02+00:00 DEBUG (7): Starting Order Import process for store: Wholesale (2)
2015-04-11T02:00:02+00:00 DEBUG (7): Starting Order Import process for store: Admin (0)
2015-04-11T02:00:02+00:00 DEBUG (7): Starting Order Import process for store: International (3)
2015-04-11T02:00:02+00:00 DEBUG (7): Starting Order Import process for store: Retail (1)
2015-04-11T02:00:02+00:00 DEBUG (7): Starting Order Import process for store: Wholesale (2)
2015-04-11T02:15:02+00:00 DEBUG (7): Starting Order Import process for store: Admin (0)
2015-04-11T02:15:02+00:00 DEBUG (7): Starting Order Import process for store: International (3)
2015-04-11T02:15:02+00:00 DEBUG (7): Starting Order Import process for store: Retail (1)
2015-04-11T02:15:02+00:00 DEBUG (7): Starting Order Import process for store: Wholesale (2)
2015-04-11T02:30:02+00:00 DEBUG (7): Starting Order Import process for store: Admin (0)
2015-04-11T02:30:02+00:00 DEBUG (7): Starting Order Import process for store: International (3)
2015-04-11T02:30:02+00:00 DEBUG (7): Starting Order Import process for store: Retail (1)
2015-04-11T02:30:02+00:00 DEBUG (7): Starting Order Import process for store: Wholesale (2)
2015-04-11T02:45:02+00:00 DEBUG (7): Starting Order Import process for store: Admin (0)
2015-04-11T02:45:02+00:00 DEBUG (7): Starting Order Import process for store: International (3)
2015-04-11T02:45:02+00:00 DEBUG (7): Starting Order Import process for store: Retail (1)
2015-04-11T02:45:02+00:00 DEBUG (7): Starting Order Import process for store: Wholesale (2)
2015-04-11T03:05:02+00:00 DEBUG (7): Starting Order Import process for store: Admin (0)
2015-04-11T03:05:02+00:00 DEBUG (7): Starting Order Import process for store: International (3)
2015-04-11T03:05:02+00:00 DEBUG (7): Starting Order Import process for store: Retail (1)
2015-04-11T03:05:02+00:00 DEBUG (7): Starting Order Import process for store: Wholesale (2)
2015-04-11T03:15:02+00:00 DEBUG (7): Starting Order Import process for store: Admin (0)
2015-04-11T03:15:02+00:00 DEBUG (7): Starting Order Import process for store: International (3)
2015-04-11T03:15:02+00:00 DEBUG (7): Starting Order Import process for store: Retail (1)
2015-04-11T03:15:02+00:00 DEBUG (7): Starting Order Import process for store: Wholesale (2)
2015-04-11T03:30:02+00:00 DEBUG (7): Starting Order Import process for store: Admin (0)
2015-04-11T03:30:02+00:00 DEBUG (7): Starting Order Import process for store: International (3)
2015-04-11T03:30:02+00:00 DEBUG (7): Starting Order Import process for store: Retail (1)
2015-04-11T03:30:02+00:00 DEBUG (7): Starting Order Import process for store: Wholesale (2)
2015-04-11T03:45:02+00:00 DEBUG (7): Starting Order Import process for store: Admin (0)
2015-04-11T03:45:02+00:00 DEBUG (7): Starting Order Import process for store: International (3)
2015-04-11T03:45:02+00:00 DEBUG (7): Starting Order Import process for store: Retail (1)
2015-04-11T03:45:02+00:00 DEBUG (7): Starting Order Import process for store: Wholesale (2)
2015-04-11T04:00:02+00:00 DEBUG (7): Starting Order Import process for store: Admin (0)
2015-04-11T04:00:02+00:00 DEBUG (7): Starting Order Import process for store: International (3)
2015-04-11T04:00:02+00:00 DEBUG (7): Starting Order Import process for store: Retail (1)
2015-04-11T04:00:02+00:00 DEBUG (7): Starting Order Import process for store: Wholesale (2)
2015-04-11T04:20:02+00:00 DEBUG (7): Starting Order Import process for store: Admin (0)
2015-04-11T04:20:02+00:00 DEBUG (7): Starting Order Import process for store: International (3)
2015-04-11T04:20:02+00:00 DEBUG (7): Starting Order Import process for store: Retail (1)
2015-04-11T04:20:02+00:00 DEBUG (7): Starting Order Import process for store: Wholesale (2)
2015-04-11T04:30:03+00:00 DEBUG (7): Starting Order Import process for store: Admin (0)
2015-04-11T04:30:03+00:00 DEBUG (7): Starting Order Import process for store: International (3)
2015-04-11T04:30:03+00:00 DEBUG (7): Starting Order Import process for store: Retail (1)
2015-04-11T04:30:03+00:00 DEBUG (7): Starting Order Import process for store: Wholesale (2)
2015-04-11T04:45:02+00:00 DEBUG (7): Starting Order Import process for store: Admin (0)
2015-04-11T04:45:02+00:00 DEBUG (7): Starting Order Import process for store: International (3)
2015-04-11T04:45:02+00:00 DEBUG (7): Starting Order Import process for store: Retail (1)
2015-04-11T04:45:02+00:00 DEBUG (7): Starting Order Import process for store: Wholesale (2)
2015-04-11T05:00:02+00:00 DEBUG (7): Starting Order Import process for store: Admin (0)
2015-04-11T05:00:02+00:00 DEBUG (7): Starting Order Import process for store: International (3)
2015-04-11T05:00:02+00:00 DEBUG (7): Starting Order Import process for store: Retail (1)
2015-04-11T05:00:02+00:00 DEBUG (7):  Importing: New, Pending Payment, Processing, Complete, Payment Review
2015-04-11T05:00:02+00:00 DEBUG (7):   Deleting: Closed, Canceled, On Hold
2015-04-11T05:00:02+00:00 DEBUG (7):   Processing Order ID: 41267 	 #200034143
2015-04-11T05:00:04+00:00 DEBUG (7):   Flush resulted in 1 orders processed
2015-04-11T05:00:04+00:00 DEBUG (7):   Success: 1
2015-04-11T05:00:04+00:00 DEBUG (7):   Error:   0
2015-04-11T05:00:04+00:00 DEBUG (7):   Total:   1
2015-04-11T05:00:04+00:00 DEBUG (7): Starting Order Import process for store: Wholesale (2)
2015-04-11T05:15:02+00:00 DEBUG (7): Starting Order Import process for store: Admin (0)
2015-04-11T05:15:02+00:00 DEBUG (7): Starting Order Import process for store: International (3)
2015-04-11T05:15:02+00:00 DEBUG (7): Starting Order Import process for store: Retail (1)
2015-04-11T05:15:02+00:00 DEBUG (7):  Importing: New, Pending Payment, Processing, Complete, Payment Review
2015-04-11T05:15:02+00:00 DEBUG (7):   Deleting: Closed, Canceled, On Hold
2015-04-11T05:15:02+00:00 DEBUG (7):   Processing Order ID: 41268 	 #200034144
2015-04-11T05:15:03+00:00 DEBUG (7):   Flush resulted in 1 orders processed
2015-04-11T05:15:03+00:00 DEBUG (7):   Success: 1
2015-04-11T05:15:03+00:00 DEBUG (7):   Error:   0
2015-04-11T05:15:03+00:00 DEBUG (7):   Total:   1
2015-04-11T05:15:03+00:00 DEBUG (7): Starting Order Import process for store: Wholesale (2)
2015-04-11T05:30:02+00:00 DEBUG (7): Starting Order Import process for store: Admin (0)
2015-04-11T05:30:02+00:00 DEBUG (7): Starting Order Import process for store: International (3)
2015-04-11T05:30:02+00:00 DEBUG (7): Starting Order Import process for store: Retail (1)
2015-04-11T05:30:02+00:00 DEBUG (7): Starting Order Import process for store: Wholesale (2)
2015-04-11T05:45:02+00:00 DEBUG (7): Starting Order Import process for store: Admin (0)
2015-04-11T05:45:02+00:00 DEBUG (7): Starting Order Import process for store: International (3)
2015-04-11T05:45:02+00:00 DEBUG (7): Starting Order Import process for store: Retail (1)
2015-04-11T05:45:02+00:00 DEBUG (7): Starting Order Import process for store: Wholesale (2)
2015-04-11T06:00:02+00:00 DEBUG (7): Starting Order Import process for store: Admin (0)
2015-04-11T06:00:02+00:00 DEBUG (7): Starting Order Import process for store: International (3)
2015-04-11T06:00:02+00:00 DEBUG (7): Starting Order Import process for store: Retail (1)
2015-04-11T06:00:02+00:00 DEBUG (7):  Importing: New, Pending Payment, Processing, Complete, Payment Review
2015-04-11T06:00:02+00:00 DEBUG (7):   Deleting: Closed, Canceled, On Hold
2015-04-11T06:00:02+00:00 DEBUG (7):   Processing Order ID: 41269 	 #200034145
2015-04-11T06:00:04+00:00 DEBUG (7):   Flush resulted in 1 orders processed
2015-04-11T06:00:04+00:00 DEBUG (7):   Success: 1
2015-04-11T06:00:04+00:00 DEBUG (7):   Error:   0
2015-04-11T06:00:04+00:00 DEBUG (7):   Total:   1
2015-04-11T06:00:04+00:00 DEBUG (7): Starting Order Import process for store: Wholesale (2)
2015-04-11T06:15:02+00:00 DEBUG (7): Starting Order Import process for store: Admin (0)
2015-04-11T06:15:02+00:00 DEBUG (7): Starting Order Import process for store: International (3)
2015-04-11T06:15:02+00:00 DEBUG (7): Starting Order Import process for store: Retail (1)
2015-04-11T06:15:02+00:00 DEBUG (7): Starting Order Import process for store: Wholesale (2)
2015-04-11T06:35:03+00:00 DEBUG (7): Starting Order Import process for store: Admin (0)
2015-04-11T06:35:03+00:00 DEBUG (7): Starting Order Import process for store: International (3)
2015-04-11T06:35:03+00:00 DEBUG (7): Starting Order Import process for store: Retail (1)
2015-04-11T06:35:03+00:00 DEBUG (7): Starting Order Import process for store: Wholesale (2)
2015-04-11T06:45:02+00:00 DEBUG (7): Starting Order Import process for store: Admin (0)
2015-04-11T06:45:03+00:00 DEBUG (7): Starting Order Import process for store: International (3)
2015-04-11T06:45:03+00:00 DEBUG (7): Starting Order Import process for store: Retail (1)
2015-04-11T06:45:03+00:00 DEBUG (7): Starting Order Import process for store: Wholesale (2)
2015-04-11T07:05:12+00:00 DEBUG (7): Starting Order Import process for store: Admin (0)
2015-04-11T07:05:12+00:00 DEBUG (7): Starting Order Import process for store: International (3)
2015-04-11T07:05:12+00:00 DEBUG (7): Starting Order Import process for store: Retail (1)
2015-04-11T07:05:12+00:00 DEBUG (7): Starting Order Import process for store: Wholesale (2)
2015-04-11T07:15:02+00:00 DEBUG (7): Starting Order Import process for store: Admin (0)
2015-04-11T07:15:02+00:00 DEBUG (7): Starting Order Import process for store: International (3)
2015-04-11T07:15:02+00:00 DEBUG (7): Starting Order Import process for store: Retail (1)
2015-04-11T07:15:02+00:00 DEBUG (7): Starting Order Import process for store: Wholesale (2)
2015-04-11T07:30:03+00:00 DEBUG (7): Starting Order Import process for store: Admin (0)
2015-04-11T07:30:03+00:00 DEBUG (7): Starting Order Import process for store: International (3)
2015-04-11T07:30:03+00:00 DEBUG (7): Starting Order Import process for store: Retail (1)
2015-04-11T07:30:03+00:00 DEBUG (7): Starting Order Import process for store: Wholesale (2)
2015-04-11T07:45:02+00:00 DEBUG (7): Starting Order Import process for store: Admin (0)
2015-04-11T07:45:02+00:00 DEBUG (7): Starting Order Import process for store: International (3)
2015-04-11T07:45:02+00:00 DEBUG (7): Starting Order Import process for store: Retail (1)
2015-04-11T07:45:02+00:00 DEBUG (7): Starting Order Import process for store: Wholesale (2)
2015-04-11T08:00:32+00:00 DEBUG (7): Starting Order Import process for store: Admin (0)
2015-04-11T08:00:32+00:00 DEBUG (7): Starting Order Import process for store: International (3)
2015-04-11T08:00:32+00:00 DEBUG (7): Starting Order Import process for store: Retail (1)
2015-04-11T08:00:32+00:00 DEBUG (7): Starting Order Import process for store: Wholesale (2)
2015-04-11T08:20:02+00:00 DEBUG (7): Starting Order Import process for store: Admin (0)
2015-04-11T08:20:02+00:00 DEBUG (7): Starting Order Import process for store: International (3)
2015-04-11T08:20:02+00:00 DEBUG (7): Starting Order Import process for store: Retail (1)
2015-04-11T08:20:02+00:00 DEBUG (7): Starting Order Import process for store: Wholesale (2)
2015-04-11T08:30:02+00:00 DEBUG (7): Starting Order Import process for store: Admin (0)
2015-04-11T08:30:02+00:00 DEBUG (7): Starting Order Import process for store: International (3)
2015-04-11T08:30:02+00:00 DEBUG (7): Starting Order Import process for store: Retail (1)
2015-04-11T08:30:02+00:00 DEBUG (7): Starting Order Import process for store: Wholesale (2)
2015-04-11T08:45:02+00:00 DEBUG (7): Starting Order Import process for store: Admin (0)
2015-04-11T08:45:02+00:00 DEBUG (7): Starting Order Import process for store: International (3)
2015-04-11T08:45:02+00:00 DEBUG (7): Starting Order Import process for store: Retail (1)
2015-04-11T08:45:02+00:00 DEBUG (7): Starting Order Import process for store: Wholesale (2)
2015-04-11T09:00:07+00:00 DEBUG (7): Starting Order Import process for store: Admin (0)
2015-04-11T09:00:07+00:00 DEBUG (7): Starting Order Import process for store: International (3)
2015-04-11T09:00:07+00:00 DEBUG (7): Starting Order Import process for store: Retail (1)
2015-04-11T09:00:07+00:00 DEBUG (7): Starting Order Import process for store: Wholesale (2)
2015-04-11T09:15:03+00:00 DEBUG (7): Starting Order Import process for store: Admin (0)
2015-04-11T09:15:03+00:00 DEBUG (7): Starting Order Import process for store: International (3)
2015-04-11T09:15:03+00:00 DEBUG (7): Starting Order Import process for store: Retail (1)
2015-04-11T09:15:03+00:00 DEBUG (7): Starting Order Import process for store: Wholesale (2)
2015-04-11T09:30:02+00:00 DEBUG (7): Starting Order Import process for store: Admin (0)
2015-04-11T09:30:02+00:00 DEBUG (7): Starting Order Import process for store: International (3)
2015-04-11T09:30:02+00:00 DEBUG (7): Starting Order Import process for store: Retail (1)
2015-04-11T09:30:02+00:00 DEBUG (7): Starting Order Import process for store: Wholesale (2)
2015-04-11T09:45:02+00:00 DEBUG (7): Starting Order Import process for store: Admin (0)
2015-04-11T09:45:02+00:00 DEBUG (7): Starting Order Import process for store: International (3)
2015-04-11T09:45:02+00:00 DEBUG (7): Starting Order Import process for store: Retail (1)
2015-04-11T09:45:02+00:00 DEBUG (7): Starting Order Import process for store: Wholesale (2)
2015-04-11T10:00:03+00:00 DEBUG (7): Starting Order Import process for store: Admin (0)
2015-04-11T10:00:03+00:00 DEBUG (7): Starting Order Import process for store: International (3)
2015-04-11T10:00:03+00:00 DEBUG (7): Starting Order Import process for store: Retail (1)
2015-04-11T10:00:03+00:00 DEBUG (7): Starting Order Import process for store: Wholesale (2)
2015-04-11T10:15:02+00:00 DEBUG (7): Starting Order Import process for store: Admin (0)
2015-04-11T10:15:02+00:00 DEBUG (7): Starting Order Import process for store: International (3)
2015-04-11T10:15:02+00:00 DEBUG (7): Starting Order Import process for store: Retail (1)
2015-04-11T10:15:02+00:00 DEBUG (7): Starting Order Import process for store: Wholesale (2)
2015-04-11T10:30:02+00:00 DEBUG (7): Starting Order Import process for store: Admin (0)
2015-04-11T10:30:02+00:00 DEBUG (7): Starting Order Import process for store: International (3)
2015-04-11T10:30:02+00:00 DEBUG (7): Starting Order Import process for store: Retail (1)
2015-04-11T10:30:02+00:00 DEBUG (7): Starting Order Import process for store: Wholesale (2)
2015-04-11T10:45:02+00:00 DEBUG (7): Starting Order Import process for store: Admin (0)
2015-04-11T10:45:02+00:00 DEBUG (7): Starting Order Import process for store: International (3)
2015-04-11T10:45:02+00:00 DEBUG (7): Starting Order Import process for store: Retail (1)
2015-04-11T10:45:02+00:00 DEBUG (7): Starting Order Import process for store: Wholesale (2)
2015-04-11T11:00:02+00:00 DEBUG (7): Starting Order Import process for store: Admin (0)
2015-04-11T11:00:02+00:00 DEBUG (7): Starting Order Import process for store: International (3)
2015-04-11T11:00:02+00:00 DEBUG (7): Starting Order Import process for store: Retail (1)
2015-04-11T11:00:02+00:00 DEBUG (7): Starting Order Import process for store: Wholesale (2)
2015-04-11T11:15:02+00:00 DEBUG (7): Starting Order Import process for store: Admin (0)
2015-04-11T11:15:02+00:00 DEBUG (7): Starting Order Import process for store: International (3)
2015-04-11T11:15:02+00:00 DEBUG (7): Starting Order Import process for store: Retail (1)
2015-04-11T11:15:02+00:00 DEBUG (7): Starting Order Import process for store: Wholesale (2)
2015-04-11T11:30:02+00:00 DEBUG (7): Starting Order Import process for store: Admin (0)
2015-04-11T11:30:02+00:00 DEBUG (7): Starting Order Import process for store: International (3)
2015-04-11T11:30:02+00:00 DEBUG (7): Starting Order Import process for store: Retail (1)
2015-04-11T11:30:02+00:00 DEBUG (7):  Importing: New, Pending Payment, Processing, Complete, Payment Review
2015-04-11T11:30:02+00:00 DEBUG (7):   Deleting: Closed, Canceled, On Hold
2015-04-11T11:30:02+00:00 DEBUG (7):   Processing Order ID: 41270 	 #200034146
2015-04-11T11:30:04+00:00 DEBUG (7):   Flush resulted in 1 orders processed
2015-04-11T11:30:04+00:00 DEBUG (7):   Success: 1
2015-04-11T11:30:04+00:00 DEBUG (7):   Error:   0
2015-04-11T11:30:04+00:00 DEBUG (7):   Total:   1
2015-04-11T11:30:04+00:00 DEBUG (7): Starting Order Import process for store: Wholesale (2)
2015-04-11T11:30:04+00:00 DEBUG (7):  Importing: New, Pending Payment, Processing, Complete, Payment Review
2015-04-11T11:30:04+00:00 DEBUG (7):   Deleting: Closed, Canceled, On Hold
2015-04-11T11:30:04+00:00 DEBUG (7):   Processing Order ID: 41271 	 #250007466
2015-04-11T11:30:05+00:00 DEBUG (7):   Flush resulted in 1 orders processed
2015-04-11T11:30:05+00:00 DEBUG (7):   Success: 1
2015-04-11T11:30:05+00:00 DEBUG (7):   Error:   0
2015-04-11T11:30:05+00:00 DEBUG (7):   Total:   1
2015-04-11T11:50:02+00:00 DEBUG (7): Starting Order Import process for store: Admin (0)
2015-04-11T11:50:02+00:00 DEBUG (7): Starting Order Import process for store: International (3)
2015-04-11T11:50:02+00:00 DEBUG (7): Starting Order Import process for store: Retail (1)
2015-04-11T11:50:02+00:00 DEBUG (7): Starting Order Import process for store: Wholesale (2)
2015-04-11T12:00:04+00:00 DEBUG (7): Starting Order Import process for store: Admin (0)
2015-04-11T12:00:04+00:00 DEBUG (7): Starting Order Import process for store: International (3)
2015-04-11T12:00:04+00:00 DEBUG (7): Starting Order Import process for store: Retail (1)
2015-04-11T12:00:04+00:00 DEBUG (7): Starting Order Import process for store: Wholesale (2)
2015-04-11T12:15:02+00:00 DEBUG (7): Starting Order Import process for store: Admin (0)
2015-04-11T12:15:02+00:00 DEBUG (7): Starting Order Import process for store: International (3)
2015-04-11T12:15:02+00:00 DEBUG (7): Starting Order Import process for store: Retail (1)
2015-04-11T12:15:02+00:00 DEBUG (7): Starting Order Import process for store: Wholesale (2)
2015-04-11T12:30:02+00:00 DEBUG (7): Starting Order Import process for store: Admin (0)
2015-04-11T12:30:02+00:00 DEBUG (7): Starting Order Import process for store: International (3)
2015-04-11T12:30:02+00:00 DEBUG (7): Starting Order Import process for store: Retail (1)
2015-04-11T12:30:02+00:00 DEBUG (7): Starting Order Import process for store: Wholesale (2)
2015-04-11T12:45:02+00:00 DEBUG (7): Starting Order Import process for store: Admin (0)
2015-04-11T12:45:02+00:00 DEBUG (7): Starting Order Import process for store: International (3)
2015-04-11T12:45:02+00:00 DEBUG (7): Starting Order Import process for store: Retail (1)
2015-04-11T12:45:02+00:00 DEBUG (7): Starting Order Import process for store: Wholesale (2)
2015-04-11T13:00:02+00:00 DEBUG (7): Starting Order Import process for store: Admin (0)
2015-04-11T13:00:02+00:00 DEBUG (7): Starting Order Import process for store: International (3)
2015-04-11T13:00:02+00:00 DEBUG (7): Starting Order Import process for store: Retail (1)
2015-04-11T13:00:02+00:00 DEBUG (7): Starting Order Import process for store: Wholesale (2)
2015-04-11T13:15:02+00:00 DEBUG (7): Starting Order Import process for store: Admin (0)
2015-04-11T13:15:02+00:00 DEBUG (7): Starting Order Import process for store: International (3)
2015-04-11T13:15:02+00:00 DEBUG (7): Starting Order Import process for store: Retail (1)
2015-04-11T13:15:02+00:00 DEBUG (7): Starting Order Import process for store: Wholesale (2)
2015-04-11T13:30:02+00:00 DEBUG (7): Starting Order Import process for store: Admin (0)
2015-04-11T13:30:02+00:00 DEBUG (7): Starting Order Import process for store: International (3)
2015-04-11T13:30:02+00:00 DEBUG (7): Starting Order Import process for store: Retail (1)
2015-04-11T13:30:02+00:00 DEBUG (7): Starting Order Import process for store: Wholesale (2)
2015-04-11T13:45:02+00:00 DEBUG (7): Starting Order Import process for store: Admin (0)
2015-04-11T13:45:02+00:00 DEBUG (7): Starting Order Import process for store: International (3)
2015-04-11T13:45:02+00:00 DEBUG (7): Starting Order Import process for store: Retail (1)
2015-04-11T13:45:02+00:00 DEBUG (7): Starting Order Import process for store: Wholesale (2)
2015-04-11T14:00:02+00:00 DEBUG (7): Starting Order Import process for store: Admin (0)
2015-04-11T14:00:02+00:00 DEBUG (7): Starting Order Import process for store: International (3)
2015-04-11T14:00:02+00:00 DEBUG (7): Starting Order Import process for store: Retail (1)
2015-04-11T14:00:02+00:00 DEBUG (7): Starting Order Import process for store: Wholesale (2)
2015-04-11T14:15:02+00:00 DEBUG (7): Starting Order Import process for store: Admin (0)
2015-04-11T14:15:02+00:00 DEBUG (7): Starting Order Import process for store: International (3)
2015-04-11T14:15:02+00:00 DEBUG (7): Starting Order Import process for store: Retail (1)
2015-04-11T14:15:02+00:00 DEBUG (7): Starting Order Import process for store: Wholesale (2)
2015-04-11T14:35:03+00:00 DEBUG (7): Starting Order Import process for store: Admin (0)
2015-04-11T14:35:03+00:00 DEBUG (7): Starting Order Import process for store: International (3)
2015-04-11T14:35:03+00:00 DEBUG (7): Starting Order Import process for store: Retail (1)
2015-04-11T14:35:03+00:00 DEBUG (7): Starting Order Import process for store: Wholesale (2)
2015-04-11T14:45:02+00:00 DEBUG (7): Starting Order Import process for store: Admin (0)
2015-04-11T14:45:02+00:00 DEBUG (7): Starting Order Import process for store: International (3)
2015-04-11T14:45:02+00:00 DEBUG (7): Starting Order Import process for store: Retail (1)
2015-04-11T14:45:02+00:00 DEBUG (7): Starting Order Import process for store: Wholesale (2)
2015-04-11T15:00:02+00:00 DEBUG (7): Starting Order Import process for store: Admin (0)
2015-04-11T15:00:02+00:00 DEBUG (7): Starting Order Import process for store: International (3)
2015-04-11T15:00:02+00:00 DEBUG (7): Starting Order Import process for store: Retail (1)
2015-04-11T15:00:02+00:00 DEBUG (7): Starting Order Import process for store: Wholesale (2)
2015-04-11T15:15:02+00:00 DEBUG (7): Starting Order Import process for store: Admin (0)
2015-04-11T15:15:02+00:00 DEBUG (7): Starting Order Import process for store: International (3)
2015-04-11T15:15:02+00:00 DEBUG (7): Starting Order Import process for store: Retail (1)
2015-04-11T15:15:02+00:00 DEBUG (7): Starting Order Import process for store: Wholesale (2)
2015-04-11T15:30:02+00:00 DEBUG (7): Starting Order Import process for store: Admin (0)
2015-04-11T15:30:02+00:00 DEBUG (7): Starting Order Import process for store: International (3)
2015-04-11T15:30:02+00:00 DEBUG (7): Starting Order Import process for store: Retail (1)
2015-04-11T15:30:02+00:00 DEBUG (7): Starting Order Import process for store: Wholesale (2)
2015-04-11T15:45:02+00:00 DEBUG (7): Starting Order Import process for store: Admin (0)
2015-04-11T15:45:02+00:00 DEBUG (7): Starting Order Import process for store: International (3)
2015-04-11T15:45:02+00:00 DEBUG (7): Starting Order Import process for store: Retail (1)
2015-04-11T15:45:02+00:00 DEBUG (7): Starting Order Import process for store: Wholesale (2)
2015-04-11T16:00:02+00:00 DEBUG (7): Starting Order Import process for store: Admin (0)
2015-04-11T16:00:02+00:00 DEBUG (7): Starting Order Import process for store: International (3)
2015-04-11T16:00:02+00:00 DEBUG (7): Starting Order Import process for store: Retail (1)
2015-04-11T16:00:02+00:00 DEBUG (7):  Importing: New, Pending Payment, Processing, Complete, Payment Review
2015-04-11T16:00:02+00:00 DEBUG (7):   Deleting: Closed, Canceled, On Hold
2015-04-11T16:00:02+00:00 DEBUG (7):   Processing Order ID: 41272 	 #200034147
2015-04-11T16:00:04+00:00 DEBUG (7):   Flush resulted in 1 orders processed
2015-04-11T16:00:04+00:00 DEBUG (7):   Success: 1
2015-04-11T16:00:04+00:00 DEBUG (7):   Error:   0
2015-04-11T16:00:04+00:00 DEBUG (7):   Total:   1
2015-04-11T16:00:04+00:00 DEBUG (7): Starting Order Import process for store: Wholesale (2)
2015-04-11T16:15:02+00:00 DEBUG (7): Starting Order Import process for store: Admin (0)
2015-04-11T16:15:02+00:00 DEBUG (7): Starting Order Import process for store: International (3)
2015-04-11T16:15:02+00:00 DEBUG (7): Starting Order Import process for store: Retail (1)
2015-04-11T16:15:02+00:00 DEBUG (7): Starting Order Import process for store: Wholesale (2)
2015-04-11T16:30:02+00:00 DEBUG (7): Starting Order Import process for store: Admin (0)
2015-04-11T16:30:02+00:00 DEBUG (7): Starting Order Import process for store: International (3)
2015-04-11T16:30:02+00:00 DEBUG (7): Starting Order Import process for store: Retail (1)
2015-04-11T16:30:02+00:00 DEBUG (7): Starting Order Import process for store: Wholesale (2)
2015-04-11T16:45:02+00:00 DEBUG (7): Starting Order Import process for store: Admin (0)
2015-04-11T16:45:02+00:00 DEBUG (7): Starting Order Import process for store: International (3)
2015-04-11T16:45:02+00:00 DEBUG (7): Starting Order Import process for store: Retail (1)
2015-04-11T16:45:03+00:00 DEBUG (7):  Importing: New, Pending Payment, Processing, Complete, Payment Review
2015-04-11T16:45:03+00:00 DEBUG (7):   Deleting: Closed, Canceled, On Hold
2015-04-11T16:45:03+00:00 DEBUG (7):   Processing Order ID: 41273 	 #200034148
2015-04-11T16:45:04+00:00 DEBUG (7):   Flush resulted in 1 orders processed
2015-04-11T16:45:04+00:00 DEBUG (7):   Success: 1
2015-04-11T16:45:04+00:00 DEBUG (7):   Error:   0
2015-04-11T16:45:04+00:00 DEBUG (7):   Total:   1
2015-04-11T16:45:04+00:00 DEBUG (7): Starting Order Import process for store: Wholesale (2)
2015-04-11T17:00:04+00:00 DEBUG (7): Starting Order Import process for store: Admin (0)
2015-04-11T17:00:04+00:00 DEBUG (7): Starting Order Import process for store: International (3)
2015-04-11T17:00:04+00:00 DEBUG (7): Starting Order Import process for store: Retail (1)
2015-04-11T17:00:04+00:00 DEBUG (7): Starting Order Import process for store: Wholesale (2)
2015-04-11T17:15:02+00:00 DEBUG (7): Starting Order Import process for store: Admin (0)
2015-04-11T17:15:02+00:00 DEBUG (7): Starting Order Import process for store: International (3)
2015-04-11T17:15:02+00:00 DEBUG (7): Starting Order Import process for store: Retail (1)
2015-04-11T17:15:02+00:00 DEBUG (7): Starting Order Import process for store: Wholesale (2)
2015-04-11T17:30:02+00:00 DEBUG (7): Starting Order Import process for store: Admin (0)
2015-04-11T17:30:02+00:00 DEBUG (7): Starting Order Import process for store: International (3)
2015-04-11T17:30:02+00:00 DEBUG (7): Starting Order Import process for store: Retail (1)
2015-04-11T17:30:02+00:00 DEBUG (7): Starting Order Import process for store: Wholesale (2)
2015-04-11T17:50:02+00:00 DEBUG (7): Starting Order Import process for store: Admin (0)
2015-04-11T17:50:02+00:00 DEBUG (7): Starting Order Import process for store: International (3)
2015-04-11T17:50:02+00:00 DEBUG (7): Starting Order Import process for store: Retail (1)
2015-04-11T17:50:02+00:00 DEBUG (7): Starting Order Import process for store: Wholesale (2)
2015-04-11T18:00:03+00:00 DEBUG (7): Starting Order Import process for store: Admin (0)
2015-04-11T18:00:03+00:00 DEBUG (7): Starting Order Import process for store: International (3)
2015-04-11T18:00:03+00:00 DEBUG (7): Starting Order Import process for store: Retail (1)
2015-04-11T18:00:03+00:00 DEBUG (7): Starting Order Import process for store: Wholesale (2)
2015-04-11T18:15:03+00:00 DEBUG (7): Starting Order Import process for store: Admin (0)
2015-04-11T18:15:03+00:00 DEBUG (7): Starting Order Import process for store: International (3)
2015-04-11T18:15:03+00:00 DEBUG (7): Starting Order Import process for store: Retail (1)
2015-04-11T18:15:03+00:00 DEBUG (7):  Importing: New, Pending Payment, Processing, Complete, Payment Review
2015-04-11T18:15:03+00:00 DEBUG (7):   Deleting: Closed, Canceled, On Hold
2015-04-11T18:15:03+00:00 DEBUG (7):   Processing Order ID: 41274 	 #200034149
2015-04-11T18:15:05+00:00 DEBUG (7):   Flush resulted in 1 orders processed
2015-04-11T18:15:05+00:00 DEBUG (7):   Success: 1
2015-04-11T18:15:05+00:00 DEBUG (7):   Error:   0
2015-04-11T18:15:05+00:00 DEBUG (7):   Total:   1
2015-04-11T18:15:05+00:00 DEBUG (7): Starting Order Import process for store: Wholesale (2)
2015-04-11T18:30:02+00:00 DEBUG (7): Starting Order Import process for store: Admin (0)
2015-04-11T18:30:02+00:00 DEBUG (7): Starting Order Import process for store: International (3)
2015-04-11T18:30:02+00:00 DEBUG (7): Starting Order Import process for store: Retail (1)
2015-04-11T18:30:02+00:00 DEBUG (7):  Importing: New, Pending Payment, Processing, Complete, Payment Review
2015-04-11T18:30:02+00:00 DEBUG (7):   Deleting: Closed, Canceled, On Hold
2015-04-11T18:30:02+00:00 DEBUG (7):   Processing Order ID: 41274 	 #200034149
2015-04-11T18:30:04+00:00 DEBUG (7):   Flush resulted in 1 orders processed
2015-04-11T18:30:04+00:00 DEBUG (7):   Success: 1
2015-04-11T18:30:04+00:00 DEBUG (7):   Error:   0
2015-04-11T18:30:04+00:00 DEBUG (7):   Total:   1
2015-04-11T18:30:04+00:00 DEBUG (7): Starting Order Import process for store: Wholesale (2)
2015-04-11T18:45:02+00:00 DEBUG (7): Starting Order Import process for store: Admin (0)
2015-04-11T18:45:02+00:00 DEBUG (7): Starting Order Import process for store: International (3)
2015-04-11T18:45:02+00:00 DEBUG (7): Starting Order Import process for store: Retail (1)
2015-04-11T18:45:02+00:00 DEBUG (7): Starting Order Import process for store: Wholesale (2)
2015-04-11T19:00:02+00:00 DEBUG (7): Starting Order Import process for store: Admin (0)
2015-04-11T19:00:02+00:00 DEBUG (7): Starting Order Import process for store: International (3)
2015-04-11T19:00:02+00:00 DEBUG (7): Starting Order Import process for store: Retail (1)
2015-04-11T19:00:02+00:00 DEBUG (7): Starting Order Import process for store: Wholesale (2)
2015-04-11T19:15:02+00:00 DEBUG (7): Starting Order Import process for store: Admin (0)
2015-04-11T19:15:02+00:00 DEBUG (7): Starting Order Import process for store: International (3)
2015-04-11T19:15:02+00:00 DEBUG (7): Starting Order Import process for store: Retail (1)
2015-04-11T19:15:02+00:00 DEBUG (7):  Importing: New, Pending Payment, Processing, Complete, Payment Review
2015-04-11T19:15:02+00:00 DEBUG (7):   Deleting: Closed, Canceled, On Hold
2015-04-11T19:15:02+00:00 DEBUG (7):   Processing Order ID: 41275 	 #200034151
2015-04-11T19:15:04+00:00 DEBUG (7):   Flush resulted in 1 orders processed
2015-04-11T19:15:04+00:00 DEBUG (7):   Success: 1
2015-04-11T19:15:04+00:00 DEBUG (7):   Error:   0
2015-04-11T19:15:04+00:00 DEBUG (7):   Total:   1
2015-04-11T19:15:04+00:00 DEBUG (7): Starting Order Import process for store: Wholesale (2)
2015-04-11T19:35:02+00:00 DEBUG (7): Starting Order Import process for store: Admin (0)
2015-04-11T19:35:02+00:00 DEBUG (7): Starting Order Import process for store: International (3)
2015-04-11T19:35:02+00:00 DEBUG (7): Starting Order Import process for store: Retail (1)
2015-04-11T19:35:02+00:00 DEBUG (7): Starting Order Import process for store: Wholesale (2)
2015-04-11T19:45:02+00:00 DEBUG (7): Starting Order Import process for store: Admin (0)
2015-04-11T19:45:02+00:00 DEBUG (7): Starting Order Import process for store: International (3)
2015-04-11T19:45:02+00:00 DEBUG (7): Starting Order Import process for store: Retail (1)
2015-04-11T19:45:02+00:00 DEBUG (7): Starting Order Import process for store: Wholesale (2)
2015-04-11T20:00:02+00:00 DEBUG (7): Starting Order Import process for store: Admin (0)
2015-04-11T20:00:02+00:00 DEBUG (7): Starting Order Import process for store: International (3)
2015-04-11T20:00:02+00:00 DEBUG (7): Starting Order Import process for store: Retail (1)
2015-04-11T20:00:02+00:00 DEBUG (7): Starting Order Import process for store: Wholesale (2)
2015-04-11T20:15:02+00:00 DEBUG (7): Starting Order Import process for store: Admin (0)
2015-04-11T20:15:02+00:00 DEBUG (7): Starting Order Import process for store: International (3)
2015-04-11T20:15:02+00:00 DEBUG (7): Starting Order Import process for store: Retail (1)
2015-04-11T20:15:02+00:00 DEBUG (7): Starting Order Import process for store: Wholesale (2)
2015-04-11T20:30:03+00:00 DEBUG (7): Starting Order Import process for store: Admin (0)
2015-04-11T20:30:03+00:00 DEBUG (7): Starting Order Import process for store: International (3)
2015-04-11T20:30:03+00:00 DEBUG (7): Starting Order Import process for store: Retail (1)
2015-04-11T20:30:03+00:00 DEBUG (7): Starting Order Import process for store: Wholesale (2)
2015-04-11T20:45:02+00:00 DEBUG (7): Starting Order Import process for store: Admin (0)
2015-04-11T20:45:02+00:00 DEBUG (7): Starting Order Import process for store: International (3)
2015-04-11T20:45:02+00:00 DEBUG (7): Starting Order Import process for store: Retail (1)
2015-04-11T20:45:02+00:00 DEBUG (7): Starting Order Import process for store: Wholesale (2)
2015-04-11T21:00:03+00:00 DEBUG (7): Starting Order Import process for store: Admin (0)
2015-04-11T21:00:03+00:00 DEBUG (7): Starting Order Import process for store: International (3)
2015-04-11T21:00:03+00:00 DEBUG (7): Starting Order Import process for store: Retail (1)
2015-04-11T21:00:03+00:00 DEBUG (7): Starting Order Import process for store: Wholesale (2)
2015-04-11T21:15:02+00:00 DEBUG (7): Starting Order Import process for store: Admin (0)
2015-04-11T21:15:02+00:00 DEBUG (7): Starting Order Import process for store: International (3)
2015-04-11T21:15:02+00:00 DEBUG (7): Starting Order Import process for store: Retail (1)
2015-04-11T21:15:02+00:00 DEBUG (7): Starting Order Import process for store: Wholesale (2)
2015-04-11T21:30:03+00:00 DEBUG (7): Starting Order Import process for store: Admin (0)
2015-04-11T21:30:03+00:00 DEBUG (7): Starting Order Import process for store: International (3)
2015-04-11T21:30:03+00:00 DEBUG (7): Starting Order Import process for store: Retail (1)
2015-04-11T21:30:03+00:00 DEBUG (7): Starting Order Import process for store: Wholesale (2)
2015-04-11T21:45:02+00:00 DEBUG (7): Starting Order Import process for store: Admin (0)
2015-04-11T21:45:02+00:00 DEBUG (7): Starting Order Import process for store: International (3)
2015-04-11T21:45:02+00:00 DEBUG (7): Starting Order Import process for store: Retail (1)
2015-04-11T21:45:02+00:00 DEBUG (7): Starting Order Import process for store: Wholesale (2)
2015-04-11T22:00:02+00:00 DEBUG (7): Starting Order Import process for store: Admin (0)
2015-04-11T22:00:02+00:00 DEBUG (7): Starting Order Import process for store: International (3)
2015-04-11T22:00:02+00:00 DEBUG (7): Starting Order Import process for store: Retail (1)
2015-04-11T22:00:02+00:00 DEBUG (7):  Importing: New, Pending Payment, Processing, Complete, Payment Review
2015-04-11T22:00:02+00:00 DEBUG (7):   Deleting: Closed, Canceled, On Hold
2015-04-11T22:00:02+00:00 DEBUG (7):   Processing Order ID: 41276 	 #200034153
2015-04-11T22:00:04+00:00 DEBUG (7):   Flush resulted in 1 orders processed
2015-04-11T22:00:04+00:00 DEBUG (7):   Success: 1
2015-04-11T22:00:04+00:00 DEBUG (7):   Error:   0
2015-04-11T22:00:04+00:00 DEBUG (7):   Total:   1
2015-04-11T22:00:04+00:00 DEBUG (7): Starting Order Import process for store: Wholesale (2)
2015-04-11T22:15:02+00:00 DEBUG (7): Starting Order Import process for store: Admin (0)
2015-04-11T22:15:02+00:00 DEBUG (7): Starting Order Import process for store: International (3)
2015-04-11T22:15:02+00:00 DEBUG (7): Starting Order Import process for store: Retail (1)
2015-04-11T22:15:02+00:00 DEBUG (7): Starting Order Import process for store: Wholesale (2)
2015-04-11T22:30:02+00:00 DEBUG (7): Starting Order Import process for store: Admin (0)
2015-04-11T22:30:02+00:00 DEBUG (7): Starting Order Import process for store: International (3)
2015-04-11T22:30:02+00:00 DEBUG (7): Starting Order Import process for store: Retail (1)
2015-04-11T22:30:02+00:00 DEBUG (7): Starting Order Import process for store: Wholesale (2)
2015-04-11T22:50:02+00:00 DEBUG (7): Starting Order Import process for store: Admin (0)
2015-04-11T22:50:02+00:00 DEBUG (7): Starting Order Import process for store: International (3)
2015-04-11T22:50:02+00:00 DEBUG (7): Starting Order Import process for store: Retail (1)
2015-04-11T22:50:02+00:00 DEBUG (7): Starting Order Import process for store: Wholesale (2)
2015-04-11T23:00:02+00:00 DEBUG (7): Starting Order Import process for store: Admin (0)
2015-04-11T23:00:02+00:00 DEBUG (7): Starting Order Import process for store: International (3)
2015-04-11T23:00:02+00:00 DEBUG (7): Starting Order Import process for store: Retail (1)
2015-04-11T23:00:02+00:00 DEBUG (7): Starting Order Import process for store: Wholesale (2)
2015-04-11T23:15:02+00:00 DEBUG (7): Starting Order Import process for store: Admin (0)
2015-04-11T23:15:02+00:00 DEBUG (7): Starting Order Import process for store: International (3)
2015-04-11T23:15:02+00:00 DEBUG (7): Starting Order Import process for store: Retail (1)
2015-04-11T23:15:02+00:00 DEBUG (7): Starting Order Import process for store: Wholesale (2)
2015-04-11T23:30:02+00:00 DEBUG (7): Starting Order Import process for store: Admin (0)
2015-04-11T23:30:02+00:00 DEBUG (7): Starting Order Import process for store: International (3)
2015-04-11T23:30:02+00:00 DEBUG (7): Starting Order Import process for store: Retail (1)
2015-04-11T23:30:02+00:00 DEBUG (7): Starting Order Import process for store: Wholesale (2)
2015-04-11T23:45:02+00:00 DEBUG (7): Starting Order Import process for store: Admin (0)
2015-04-11T23:45:02+00:00 DEBUG (7): Starting Order Import process for store: International (3)
2015-04-11T23:45:02+00:00 DEBUG (7): Starting Order Import process for store: Retail (1)
2015-04-11T23:45:02+00:00 DEBUG (7):  Importing: New, Pending Payment, Processing, Complete, Payment Review
2015-04-11T23:45:02+00:00 DEBUG (7):   Deleting: Closed, Canceled, On Hold
2015-04-11T23:45:02+00:00 DEBUG (7):   Processing Order ID: 41277 	 #200034154
2015-04-11T23:45:03+00:00 DEBUG (7):   Flush resulted in 1 orders processed
2015-04-11T23:45:03+00:00 DEBUG (7):   Success: 1
2015-04-11T23:45:03+00:00 DEBUG (7):   Error:   0
2015-04-11T23:45:03+00:00 DEBUG (7):   Total:   1
2015-04-11T23:45:03+00:00 DEBUG (7): Starting Order Import process for store: Wholesale (2)
