2014-03-06T18:21:26+00:00 DEBUG (7): Array
(
    [request] => <?xml version="1.0" encoding="UTF-8"?>
<checkout-shopping-cart xmlns="http://checkout.google.com/schema/2">
    <shopping-cart>
        <items>
            <item>
                <merchant-item-id><![CDATA[BLOOMINGBATH-KIT]]></merchant-item-id>
                <item-name><![CDATA[Blooming Bath Bathing Kit]]></item-name>
                <item-description><![CDATA[]]></item-description>
                <unit-price currency="USD">69.99</unit-price>
                <quantity>2</quantity>
                <item-weight unit="LB" value="3.65" />
                <tax-table-selector>2</tax-table-selector>
                
                            <merchant-private-item-data>
                <quote-item-id>160302</quote-item-id>
            </merchant-private-item-data>
            </item>
            <item>
                <merchant-item-id><![CDATA[BLOOMINGBATH-YELLOW]]></merchant-item-id>
                <item-name><![CDATA[Blooming Bath Baby Bath]]></item-name>
                <item-description><![CDATA[]]></item-description>
                <unit-price currency="USD">39.99</unit-price>
                <quantity>2</quantity>
                <item-weight unit="LB" value="2" />
                <tax-table-selector>2</tax-table-selector>
                
                            <merchant-private-item-data>
                <quote-item-id>160309</quote-item-id>
            </merchant-private-item-data>
            </item>
            <item>
                <merchant-item-id><![CDATA[BLOOMINGBATH-PINK]]></merchant-item-id>
                <item-name><![CDATA[Blooming Bath Baby Bath]]></item-name>
                <item-description><![CDATA[]]></item-description>
                <unit-price currency="USD">39.99</unit-price>
                <quantity>4</quantity>
                <item-weight unit="LB" value="2" />
                <tax-table-selector>2</tax-table-selector>
                
                            <merchant-private-item-data>
                <quote-item-id>160311</quote-item-id>
            </merchant-private-item-data>
            </item>
            <item>
                <merchant-item-id><![CDATA[BLOOMINGBATH-KIT]]></merchant-item-id>
                <item-name><![CDATA[Blooming Bath Bathing Kit]]></item-name>
                <item-description><![CDATA[]]></item-description>
                <unit-price currency="USD">69.99</unit-price>
                <quantity>1</quantity>
                <item-weight unit="LB" value="3.65" />
                <tax-table-selector>2</tax-table-selector>
                
                            <merchant-private-item-data>
                <quote-item-id>160313</quote-item-id>
            </merchant-private-item-data>
            </item>
        </items>
            <merchant-private-data>
                <quote-id><![CDATA[68259]]></quote-id>
                <store-id><![CDATA[1]]></store-id>
            </merchant-private-data>

    </shopping-cart>
    <checkout-flow-support>
        <merchant-checkout-flow-support>
            <edit-cart-url><![CDATA[http://10.0.0.30/googlecheckout/redirect/cart/]]></edit-cart-url>
            <continue-shopping-url><![CDATA[http://10.0.0.30/googlecheckout/redirect/continue/]]></continue-shopping-url>
                        <request-buyer-phone-number>false</request-buyer-phone-number>
                        <merchant-calculations>
                <merchant-calculations-url><![CDATA[http://10.0.0.30/googlecheckout/api/]]></merchant-calculations-url>
            </merchant-calculations>
                        <shipping-methods>
                
                
                                        <merchant-calculated-shipping name="Shipping Method - Standard Shipping (4 to 9 days)">
                            <address-filters>
                                <allowed-areas>
                                    <world-area />
                                </allowed-areas>
                            </address-filters>
                            <price currency="USD">0</price>
                        </merchant-calculated-shipping>                        <merchant-calculated-shipping name="Shipping Method - USPS Priority (3 Day)">
                            <address-filters>
                                <allowed-areas>
                                    <world-area />
                                </allowed-areas>
                            </address-filters>
                            <price currency="USD">0</price>
                        </merchant-calculated-shipping>                        <merchant-calculated-shipping name="Shipping Method - FedEx 2 Day Air">
                            <address-filters>
                                <allowed-areas>
                                    <world-area />
                                </allowed-areas>
                            </address-filters>
                            <price currency="USD">0</price>
                        </merchant-calculated-shipping>                        <merchant-calculated-shipping name="Shipping Method - FedEx Standard Overnight">
                            <address-filters>
                                <allowed-areas>
                                    <world-area />
                                </allowed-areas>
                            </address-filters>
                            <price currency="USD">0</price>
                        </merchant-calculated-shipping>                        <merchant-calculated-shipping name="Shipping Method - FedEx International Economy">
                            <address-filters>
                                <allowed-areas>
                                    <world-area />
                                </allowed-areas>
                            </address-filters>
                            <price currency="USD">0</price>
                        </merchant-calculated-shipping>                        <merchant-calculated-shipping name="Shipping Method - US Postal Service">
                            <address-filters>
                                <allowed-areas>
                                    <world-area />
                                </allowed-areas>
                            </address-filters>
                            <price currency="USD">0</price>
                        </merchant-calculated-shipping>
                
            </shipping-methods>
                        <tax-tables merchant-calculated="true">
                

                <!-- default-tax-table>
                    <tax-rules>
                        <default-tax-rule>
                        </default-tax-rule>
                    </tax-rules>
                </default-tax-table -->

                <alternate-tax-tables>
                    <alternate-tax-table name="none" standalone="true">
                        <alternate-tax-rules>
                            <alternate-tax-rule>
                                <tax-area>
                                    <world-area/>
                                </tax-area>
                                <rate>0</rate>
                            </alternate-tax-rule>
                        </alternate-tax-rules>
                    </alternate-tax-table>
                                            <alternate-tax-table name="2" standalone="true">
                            <alternate-tax-rules>                                    <alternate-tax-rule>
                                        <tax-areas>
                                            <us-state-area>
                                                <state>CA</state>
                                            </us-state-area>
                                        </tax-areas>
                                        <rate>0.085</rate></alternate-tax-rule>                            </alternate-tax-rules>
                        </alternate-tax-table>
                </alternate-tax-tables>
            </tax-tables>
            
                        <platform-id>473325629220583</platform-id>
                        <analytics-data><![CDATA[X191YWNjdD1VQS0yMTg2ODA3OC0xO19fdXNlcnY9MTtfX3V3dj01LjQuODtfX3Vmc2M9MTtfX3V0aXRsZT0xO19fdWZsYXNoPTE7X191bWN2YWw9X191dG1hJTNEMjIwNjM1OTI4LjE2MzU5NzMzNy4xMzkzMjYzMjMwLjEzOTQwNTI5OTMuMTM5NDEyNjA5NS4xNCUzQl9fdXRtYiUzRDIyMDYzNTkyOC4yMC4xMC4xMzk0MTI2MDk1JTNCX191dG1jJTNEMjIwNjM1OTI4JTNCX191dG16JTNEMjIwNjM1OTI4LjEzOTM4ODMxNDguOC4yLnV0bWNzciUzRGxvY2FsaG9zdCU3Q3V0bWNjbiUzRCUyOHJlZmVycmFsJTI5JTdDdXRtY21kJTNEcmVmZXJyYWwlN0N1dG1jY3QlM0QvJTNCX191dG12JTNEJTNCX191dG14JTNEJTNCX191dG14eCUzRCUzQjs=]]></analytics-data>
        </merchant-checkout-flow-support>
    </checkout-flow-support>
    <order-processing-support>
        <request-initial-auth-details>true</request-initial-auth-details>
    </order-processing-support>
</checkout-shopping-cart>
    [dir] => out
    [result] => <!DOCTYPE html>
<html lang=en>
  <meta charset=utf-8>
  <meta name=viewport content="initial-scale=1, minimum-scale=1, width=device-width">
  <title>Error 404 (Not Found)!!1</title>
  <style>
    *{margin:0;padding:0}html,code{font:15px/22px arial,sans-serif}html{background:#fff;color:#222;padding:15px}body{margin:7% auto 0;max-width:390px;min-height:180px;padding:30px 0 15px}* > body{background:url(//www.google.com/images/errors/robot.png) 100% 5px no-repeat;padding-right:205px}p{margin:11px 0 22px;overflow:hidden}ins{color:#777;text-decoration:none}a img{border:0}@media screen and (max-width:772px){body{background:none;margin-top:0;max-width:none;padding-right:0}}#logo{background:url(//www.google.com/images/errors/logo_sm_2.png) no-repeat}@media only screen and (min-resolution:192dpi){#logo{background:url(//www.google.com/images/errors/logo_sm_2_hr.png) no-repeat 0% 0%/100% 100%;-moz-border-image:url(//www.google.com/images/errors/logo_sm_2_hr.png) 0}}@media only screen and (-webkit-min-device-pixel-ratio:2){#logo{background:url(//www.google.com/images/errors/logo_sm_2_hr.png) no-repeat;-webkit-background-size:100% 100%}}#logo{display:inline-block;height:55px;width:150px}
  </style>
  <a href=//www.google.com/><span id=logo aria-label=Google></span></a>
  <p><b>404.</b> <ins>That’s an error.</ins>
  <p>The requested URL <code>/checkout/api/checkout/v2/merchantCheckout/Merchant/938125563872635</code> was not found on this server.  <ins>That’s all we know.</ins>
    [__pid] => 2093
)

